[2024-05-18T04:44:01.765+0000] {processor.py:161} INFO - Started process (PID=12254) to work on /home/ubuntu/chch-fuel-recommendator/airflow/af_env/lib/python3.12/site-packages/airflow/example_dags/example_xcomargs.py
[2024-05-18T04:44:01.766+0000] {processor.py:830} INFO - Processing file /home/ubuntu/chch-fuel-recommendator/airflow/af_env/lib/python3.12/site-packages/airflow/example_dags/example_xcomargs.py for tasks to queue
[2024-05-18T04:44:01.772+0000] {logging_mixin.py:188} INFO - [2024-05-18T04:44:01.771+0000] {dagbag.py:545} INFO - Filling up the DagBag from /home/ubuntu/chch-fuel-recommendator/airflow/af_env/lib/python3.12/site-packages/airflow/example_dags/example_xcomargs.py
[2024-05-18T04:44:01.799+0000] {processor.py:840} INFO - DAG(s) 'example_xcom_args_with_operators', 'example_xcom_args' retrieved from /home/ubuntu/chch-fuel-recommendator/airflow/af_env/lib/python3.12/site-packages/airflow/example_dags/example_xcomargs.py
[2024-05-18T04:44:02.229+0000] {logging_mixin.py:188} INFO - [2024-05-18T04:44:02.229+0000] {override.py:1829} INFO - Created Permission View: can edit on DAG:example_xcom_args_with_operators
[2024-05-18T04:44:02.288+0000] {logging_mixin.py:188} INFO - [2024-05-18T04:44:02.287+0000] {override.py:1829} INFO - Created Permission View: can read on DAG:example_xcom_args_with_operators
[2024-05-18T04:44:02.301+0000] {logging_mixin.py:188} INFO - [2024-05-18T04:44:02.301+0000] {override.py:1829} INFO - Created Permission View: can delete on DAG:example_xcom_args_with_operators
[2024-05-18T04:44:02.347+0000] {logging_mixin.py:188} INFO - [2024-05-18T04:44:02.347+0000] {override.py:1829} INFO - Created Permission View: can edit on DAG:example_xcom_args
[2024-05-18T04:44:02.371+0000] {logging_mixin.py:188} INFO - [2024-05-18T04:44:02.370+0000] {override.py:1829} INFO - Created Permission View: can read on DAG:example_xcom_args
[2024-05-18T04:44:02.411+0000] {logging_mixin.py:188} INFO - [2024-05-18T04:44:02.410+0000] {override.py:1829} INFO - Created Permission View: can delete on DAG:example_xcom_args
[2024-05-18T04:44:02.411+0000] {logging_mixin.py:188} INFO - [2024-05-18T04:44:02.411+0000] {dag.py:3096} INFO - Sync 2 DAGs
[2024-05-18T04:44:02.433+0000] {logging_mixin.py:188} INFO - [2024-05-18T04:44:02.432+0000] {dag.py:3118} INFO - Creating ORM DAG for example_xcom_args
[2024-05-18T04:44:02.434+0000] {logging_mixin.py:188} INFO - [2024-05-18T04:44:02.433+0000] {dag.py:3118} INFO - Creating ORM DAG for example_xcom_args_with_operators
[2024-05-18T04:44:02.435+0000] {logging_mixin.py:188} INFO - [2024-05-18T04:44:02.434+0000] {dag.py:3954} INFO - Setting next_dagrun for example_xcom_args to None, run_after=None
[2024-05-18T04:44:02.436+0000] {logging_mixin.py:188} INFO - [2024-05-18T04:44:02.436+0000] {dag.py:3954} INFO - Setting next_dagrun for example_xcom_args_with_operators to None, run_after=None
[2024-05-18T04:44:02.527+0000] {processor.py:183} INFO - Processing /home/ubuntu/chch-fuel-recommendator/airflow/af_env/lib/python3.12/site-packages/airflow/example_dags/example_xcomargs.py took 0.789 seconds
[2024-05-18T04:45:03.190+0000] {processor.py:161} INFO - Started process (PID=12308) to work on /home/ubuntu/chch-fuel-recommendator/airflow/af_env/lib/python3.12/site-packages/airflow/example_dags/example_xcomargs.py
[2024-05-18T04:45:03.192+0000] {processor.py:830} INFO - Processing file /home/ubuntu/chch-fuel-recommendator/airflow/af_env/lib/python3.12/site-packages/airflow/example_dags/example_xcomargs.py for tasks to queue
[2024-05-18T04:45:03.194+0000] {logging_mixin.py:188} INFO - [2024-05-18T04:45:03.193+0000] {dagbag.py:545} INFO - Filling up the DagBag from /home/ubuntu/chch-fuel-recommendator/airflow/af_env/lib/python3.12/site-packages/airflow/example_dags/example_xcomargs.py
[2024-05-18T04:45:03.209+0000] {processor.py:840} INFO - DAG(s) 'example_xcom_args', 'example_xcom_args_with_operators' retrieved from /home/ubuntu/chch-fuel-recommendator/airflow/af_env/lib/python3.12/site-packages/airflow/example_dags/example_xcomargs.py
[2024-05-18T04:45:03.237+0000] {logging_mixin.py:188} INFO - [2024-05-18T04:45:03.237+0000] {dag.py:3096} INFO - Sync 2 DAGs
[2024-05-18T04:45:03.257+0000] {logging_mixin.py:188} INFO - [2024-05-18T04:45:03.256+0000] {dag.py:3954} INFO - Setting next_dagrun for example_xcom_args to None, run_after=None
[2024-05-18T04:45:03.264+0000] {logging_mixin.py:188} INFO - [2024-05-18T04:45:03.263+0000] {dag.py:3954} INFO - Setting next_dagrun for example_xcom_args_with_operators to None, run_after=None
[2024-05-18T04:45:03.300+0000] {processor.py:183} INFO - Processing /home/ubuntu/chch-fuel-recommendator/airflow/af_env/lib/python3.12/site-packages/airflow/example_dags/example_xcomargs.py took 0.116 seconds
[2024-05-18T04:46:00.555+0000] {processor.py:161} INFO - Started process (PID=12364) to work on /home/ubuntu/chch-fuel-recommendator/airflow/af_env/lib/python3.12/site-packages/airflow/example_dags/example_xcomargs.py
[2024-05-18T04:46:00.557+0000] {processor.py:830} INFO - Processing file /home/ubuntu/chch-fuel-recommendator/airflow/af_env/lib/python3.12/site-packages/airflow/example_dags/example_xcomargs.py for tasks to queue
[2024-05-18T04:46:00.558+0000] {logging_mixin.py:188} INFO - [2024-05-18T04:46:00.558+0000] {dagbag.py:545} INFO - Filling up the DagBag from /home/ubuntu/chch-fuel-recommendator/airflow/af_env/lib/python3.12/site-packages/airflow/example_dags/example_xcomargs.py
[2024-05-18T04:46:00.567+0000] {processor.py:840} INFO - DAG(s) 'example_xcom_args', 'example_xcom_args_with_operators' retrieved from /home/ubuntu/chch-fuel-recommendator/airflow/af_env/lib/python3.12/site-packages/airflow/example_dags/example_xcomargs.py
[2024-05-18T04:46:00.587+0000] {logging_mixin.py:188} INFO - [2024-05-18T04:46:00.587+0000] {dag.py:3096} INFO - Sync 2 DAGs
[2024-05-18T04:46:00.605+0000] {logging_mixin.py:188} INFO - [2024-05-18T04:46:00.604+0000] {dag.py:3954} INFO - Setting next_dagrun for example_xcom_args to None, run_after=None
[2024-05-18T04:46:00.609+0000] {logging_mixin.py:188} INFO - [2024-05-18T04:46:00.608+0000] {dag.py:3954} INFO - Setting next_dagrun for example_xcom_args_with_operators to None, run_after=None
[2024-05-18T04:46:00.632+0000] {processor.py:183} INFO - Processing /home/ubuntu/chch-fuel-recommendator/airflow/af_env/lib/python3.12/site-packages/airflow/example_dags/example_xcomargs.py took 0.083 seconds
[2024-05-18T04:46:52.582+0000] {processor.py:161} INFO - Started process (PID=12415) to work on /home/ubuntu/chch-fuel-recommendator/airflow/af_env/lib/python3.12/site-packages/airflow/example_dags/example_xcomargs.py
[2024-05-18T04:46:52.584+0000] {processor.py:830} INFO - Processing file /home/ubuntu/chch-fuel-recommendator/airflow/af_env/lib/python3.12/site-packages/airflow/example_dags/example_xcomargs.py for tasks to queue
[2024-05-18T04:46:52.585+0000] {logging_mixin.py:188} INFO - [2024-05-18T04:46:52.585+0000] {dagbag.py:545} INFO - Filling up the DagBag from /home/ubuntu/chch-fuel-recommendator/airflow/af_env/lib/python3.12/site-packages/airflow/example_dags/example_xcomargs.py
[2024-05-18T04:46:52.615+0000] {processor.py:840} INFO - DAG(s) 'example_xcom_args_with_operators', 'example_xcom_args' retrieved from /home/ubuntu/chch-fuel-recommendator/airflow/af_env/lib/python3.12/site-packages/airflow/example_dags/example_xcomargs.py
[2024-05-18T04:46:52.656+0000] {logging_mixin.py:188} INFO - [2024-05-18T04:46:52.655+0000] {dag.py:3096} INFO - Sync 2 DAGs
[2024-05-18T04:46:52.678+0000] {logging_mixin.py:188} INFO - [2024-05-18T04:46:52.678+0000] {dag.py:3954} INFO - Setting next_dagrun for example_xcom_args to None, run_after=None
[2024-05-18T04:46:52.683+0000] {logging_mixin.py:188} INFO - [2024-05-18T04:46:52.683+0000] {dag.py:3954} INFO - Setting next_dagrun for example_xcom_args_with_operators to None, run_after=None
[2024-05-18T04:46:52.706+0000] {processor.py:183} INFO - Processing /home/ubuntu/chch-fuel-recommendator/airflow/af_env/lib/python3.12/site-packages/airflow/example_dags/example_xcomargs.py took 0.133 seconds
[2024-05-18T04:47:36.094+0000] {processor.py:161} INFO - Started process (PID=12458) to work on /home/ubuntu/chch-fuel-recommendator/airflow/af_env/lib/python3.12/site-packages/airflow/example_dags/example_xcomargs.py
[2024-05-18T04:47:36.098+0000] {processor.py:830} INFO - Processing file /home/ubuntu/chch-fuel-recommendator/airflow/af_env/lib/python3.12/site-packages/airflow/example_dags/example_xcomargs.py for tasks to queue
[2024-05-18T04:47:36.100+0000] {logging_mixin.py:188} INFO - [2024-05-18T04:47:36.100+0000] {dagbag.py:545} INFO - Filling up the DagBag from /home/ubuntu/chch-fuel-recommendator/airflow/af_env/lib/python3.12/site-packages/airflow/example_dags/example_xcomargs.py
[2024-05-18T04:47:36.113+0000] {processor.py:840} INFO - DAG(s) 'example_xcom_args_with_operators', 'example_xcom_args' retrieved from /home/ubuntu/chch-fuel-recommendator/airflow/af_env/lib/python3.12/site-packages/airflow/example_dags/example_xcomargs.py
[2024-05-18T04:47:36.142+0000] {logging_mixin.py:188} INFO - [2024-05-18T04:47:36.142+0000] {dag.py:3096} INFO - Sync 2 DAGs
[2024-05-18T04:47:36.164+0000] {logging_mixin.py:188} INFO - [2024-05-18T04:47:36.164+0000] {dag.py:3954} INFO - Setting next_dagrun for example_xcom_args to None, run_after=None
[2024-05-18T04:47:36.169+0000] {logging_mixin.py:188} INFO - [2024-05-18T04:47:36.169+0000] {dag.py:3954} INFO - Setting next_dagrun for example_xcom_args_with_operators to None, run_after=None
[2024-05-18T04:47:36.197+0000] {processor.py:183} INFO - Processing /home/ubuntu/chch-fuel-recommendator/airflow/af_env/lib/python3.12/site-packages/airflow/example_dags/example_xcomargs.py took 0.114 seconds
[2024-05-18T04:48:20.397+0000] {processor.py:161} INFO - Started process (PID=12502) to work on /home/ubuntu/chch-fuel-recommendator/airflow/af_env/lib/python3.12/site-packages/airflow/example_dags/example_xcomargs.py
[2024-05-18T04:48:20.400+0000] {processor.py:830} INFO - Processing file /home/ubuntu/chch-fuel-recommendator/airflow/af_env/lib/python3.12/site-packages/airflow/example_dags/example_xcomargs.py for tasks to queue
[2024-05-18T04:48:20.402+0000] {logging_mixin.py:188} INFO - [2024-05-18T04:48:20.402+0000] {dagbag.py:545} INFO - Filling up the DagBag from /home/ubuntu/chch-fuel-recommendator/airflow/af_env/lib/python3.12/site-packages/airflow/example_dags/example_xcomargs.py
[2024-05-18T04:48:20.418+0000] {processor.py:840} INFO - DAG(s) 'example_xcom_args_with_operators', 'example_xcom_args' retrieved from /home/ubuntu/chch-fuel-recommendator/airflow/af_env/lib/python3.12/site-packages/airflow/example_dags/example_xcomargs.py
[2024-05-18T04:48:20.442+0000] {logging_mixin.py:188} INFO - [2024-05-18T04:48:20.441+0000] {dag.py:3096} INFO - Sync 2 DAGs
[2024-05-18T04:48:20.459+0000] {logging_mixin.py:188} INFO - [2024-05-18T04:48:20.459+0000] {dag.py:3954} INFO - Setting next_dagrun for example_xcom_args to None, run_after=None
[2024-05-18T04:48:20.470+0000] {logging_mixin.py:188} INFO - [2024-05-18T04:48:20.470+0000] {dag.py:3954} INFO - Setting next_dagrun for example_xcom_args_with_operators to None, run_after=None
[2024-05-18T04:48:20.501+0000] {processor.py:183} INFO - Processing /home/ubuntu/chch-fuel-recommendator/airflow/af_env/lib/python3.12/site-packages/airflow/example_dags/example_xcomargs.py took 0.121 seconds
[2024-05-18T04:49:02.705+0000] {processor.py:161} INFO - Started process (PID=12545) to work on /home/ubuntu/chch-fuel-recommendator/airflow/af_env/lib/python3.12/site-packages/airflow/example_dags/example_xcomargs.py
[2024-05-18T04:49:02.707+0000] {processor.py:830} INFO - Processing file /home/ubuntu/chch-fuel-recommendator/airflow/af_env/lib/python3.12/site-packages/airflow/example_dags/example_xcomargs.py for tasks to queue
[2024-05-18T04:49:02.714+0000] {logging_mixin.py:188} INFO - [2024-05-18T04:49:02.711+0000] {dagbag.py:545} INFO - Filling up the DagBag from /home/ubuntu/chch-fuel-recommendator/airflow/af_env/lib/python3.12/site-packages/airflow/example_dags/example_xcomargs.py
[2024-05-18T04:49:02.726+0000] {processor.py:840} INFO - DAG(s) 'example_xcom_args_with_operators', 'example_xcom_args' retrieved from /home/ubuntu/chch-fuel-recommendator/airflow/af_env/lib/python3.12/site-packages/airflow/example_dags/example_xcomargs.py
[2024-05-18T04:49:02.772+0000] {logging_mixin.py:188} INFO - [2024-05-18T04:49:02.772+0000] {dag.py:3096} INFO - Sync 2 DAGs
[2024-05-18T04:49:02.801+0000] {logging_mixin.py:188} INFO - [2024-05-18T04:49:02.801+0000] {dag.py:3954} INFO - Setting next_dagrun for example_xcom_args to None, run_after=None
[2024-05-18T04:49:02.805+0000] {logging_mixin.py:188} INFO - [2024-05-18T04:49:02.805+0000] {dag.py:3954} INFO - Setting next_dagrun for example_xcom_args_with_operators to None, run_after=None
[2024-05-18T04:49:02.828+0000] {processor.py:183} INFO - Processing /home/ubuntu/chch-fuel-recommendator/airflow/af_env/lib/python3.12/site-packages/airflow/example_dags/example_xcomargs.py took 0.137 seconds
[2024-05-18T04:49:46.811+0000] {processor.py:161} INFO - Started process (PID=12587) to work on /home/ubuntu/chch-fuel-recommendator/airflow/af_env/lib/python3.12/site-packages/airflow/example_dags/example_xcomargs.py
[2024-05-18T04:49:46.813+0000] {processor.py:830} INFO - Processing file /home/ubuntu/chch-fuel-recommendator/airflow/af_env/lib/python3.12/site-packages/airflow/example_dags/example_xcomargs.py for tasks to queue
[2024-05-18T04:49:46.814+0000] {logging_mixin.py:188} INFO - [2024-05-18T04:49:46.814+0000] {dagbag.py:545} INFO - Filling up the DagBag from /home/ubuntu/chch-fuel-recommendator/airflow/af_env/lib/python3.12/site-packages/airflow/example_dags/example_xcomargs.py
[2024-05-18T04:49:46.825+0000] {processor.py:840} INFO - DAG(s) 'example_xcom_args', 'example_xcom_args_with_operators' retrieved from /home/ubuntu/chch-fuel-recommendator/airflow/af_env/lib/python3.12/site-packages/airflow/example_dags/example_xcomargs.py
[2024-05-18T04:49:46.846+0000] {logging_mixin.py:188} INFO - [2024-05-18T04:49:46.846+0000] {dag.py:3096} INFO - Sync 2 DAGs
[2024-05-18T04:49:46.859+0000] {logging_mixin.py:188} INFO - [2024-05-18T04:49:46.859+0000] {dag.py:3954} INFO - Setting next_dagrun for example_xcom_args to None, run_after=None
[2024-05-18T04:49:46.864+0000] {logging_mixin.py:188} INFO - [2024-05-18T04:49:46.864+0000] {dag.py:3954} INFO - Setting next_dagrun for example_xcom_args_with_operators to None, run_after=None
[2024-05-18T04:49:46.888+0000] {processor.py:183} INFO - Processing /home/ubuntu/chch-fuel-recommendator/airflow/af_env/lib/python3.12/site-packages/airflow/example_dags/example_xcomargs.py took 0.083 seconds
[2024-05-18T04:50:31.331+0000] {processor.py:161} INFO - Started process (PID=12635) to work on /home/ubuntu/chch-fuel-recommendator/airflow/af_env/lib/python3.12/site-packages/airflow/example_dags/example_xcomargs.py
[2024-05-18T04:50:31.332+0000] {processor.py:830} INFO - Processing file /home/ubuntu/chch-fuel-recommendator/airflow/af_env/lib/python3.12/site-packages/airflow/example_dags/example_xcomargs.py for tasks to queue
[2024-05-18T04:50:31.335+0000] {logging_mixin.py:188} INFO - [2024-05-18T04:50:31.334+0000] {dagbag.py:545} INFO - Filling up the DagBag from /home/ubuntu/chch-fuel-recommendator/airflow/af_env/lib/python3.12/site-packages/airflow/example_dags/example_xcomargs.py
[2024-05-18T04:50:31.346+0000] {processor.py:840} INFO - DAG(s) 'example_xcom_args', 'example_xcom_args_with_operators' retrieved from /home/ubuntu/chch-fuel-recommendator/airflow/af_env/lib/python3.12/site-packages/airflow/example_dags/example_xcomargs.py
[2024-05-18T04:50:31.398+0000] {logging_mixin.py:188} INFO - [2024-05-18T04:50:31.398+0000] {dag.py:3096} INFO - Sync 2 DAGs
[2024-05-18T04:50:31.424+0000] {logging_mixin.py:188} INFO - [2024-05-18T04:50:31.421+0000] {dag.py:3954} INFO - Setting next_dagrun for example_xcom_args to None, run_after=None
[2024-05-18T04:50:31.430+0000] {logging_mixin.py:188} INFO - [2024-05-18T04:50:31.430+0000] {dag.py:3954} INFO - Setting next_dagrun for example_xcom_args_with_operators to None, run_after=None
[2024-05-18T04:50:31.458+0000] {processor.py:183} INFO - Processing /home/ubuntu/chch-fuel-recommendator/airflow/af_env/lib/python3.12/site-packages/airflow/example_dags/example_xcomargs.py took 0.135 seconds
[2024-05-18T04:51:14.818+0000] {processor.py:161} INFO - Started process (PID=12680) to work on /home/ubuntu/chch-fuel-recommendator/airflow/af_env/lib/python3.12/site-packages/airflow/example_dags/example_xcomargs.py
[2024-05-18T04:51:14.819+0000] {processor.py:830} INFO - Processing file /home/ubuntu/chch-fuel-recommendator/airflow/af_env/lib/python3.12/site-packages/airflow/example_dags/example_xcomargs.py for tasks to queue
[2024-05-18T04:51:14.821+0000] {logging_mixin.py:188} INFO - [2024-05-18T04:51:14.820+0000] {dagbag.py:545} INFO - Filling up the DagBag from /home/ubuntu/chch-fuel-recommendator/airflow/af_env/lib/python3.12/site-packages/airflow/example_dags/example_xcomargs.py
[2024-05-18T04:51:14.833+0000] {processor.py:840} INFO - DAG(s) 'example_xcom_args', 'example_xcom_args_with_operators' retrieved from /home/ubuntu/chch-fuel-recommendator/airflow/af_env/lib/python3.12/site-packages/airflow/example_dags/example_xcomargs.py
[2024-05-18T04:51:14.858+0000] {logging_mixin.py:188} INFO - [2024-05-18T04:51:14.858+0000] {dag.py:3096} INFO - Sync 2 DAGs
[2024-05-18T04:51:14.873+0000] {logging_mixin.py:188} INFO - [2024-05-18T04:51:14.873+0000] {dag.py:3954} INFO - Setting next_dagrun for example_xcom_args to None, run_after=None
[2024-05-18T04:51:14.878+0000] {logging_mixin.py:188} INFO - [2024-05-18T04:51:14.878+0000] {dag.py:3954} INFO - Setting next_dagrun for example_xcom_args_with_operators to None, run_after=None
[2024-05-18T04:51:14.906+0000] {processor.py:183} INFO - Processing /home/ubuntu/chch-fuel-recommendator/airflow/af_env/lib/python3.12/site-packages/airflow/example_dags/example_xcomargs.py took 0.096 seconds
[2024-05-18T04:51:58.625+0000] {processor.py:161} INFO - Started process (PID=12723) to work on /home/ubuntu/chch-fuel-recommendator/airflow/af_env/lib/python3.12/site-packages/airflow/example_dags/example_xcomargs.py
[2024-05-18T04:51:58.626+0000] {processor.py:830} INFO - Processing file /home/ubuntu/chch-fuel-recommendator/airflow/af_env/lib/python3.12/site-packages/airflow/example_dags/example_xcomargs.py for tasks to queue
[2024-05-18T04:51:58.629+0000] {logging_mixin.py:188} INFO - [2024-05-18T04:51:58.628+0000] {dagbag.py:545} INFO - Filling up the DagBag from /home/ubuntu/chch-fuel-recommendator/airflow/af_env/lib/python3.12/site-packages/airflow/example_dags/example_xcomargs.py
[2024-05-18T04:51:58.638+0000] {processor.py:840} INFO - DAG(s) 'example_xcom_args_with_operators', 'example_xcom_args' retrieved from /home/ubuntu/chch-fuel-recommendator/airflow/af_env/lib/python3.12/site-packages/airflow/example_dags/example_xcomargs.py
[2024-05-18T04:51:58.657+0000] {logging_mixin.py:188} INFO - [2024-05-18T04:51:58.657+0000] {dag.py:3096} INFO - Sync 2 DAGs
[2024-05-18T04:51:58.669+0000] {logging_mixin.py:188} INFO - [2024-05-18T04:51:58.669+0000] {dag.py:3954} INFO - Setting next_dagrun for example_xcom_args to None, run_after=None
[2024-05-18T04:51:58.673+0000] {logging_mixin.py:188} INFO - [2024-05-18T04:51:58.673+0000] {dag.py:3954} INFO - Setting next_dagrun for example_xcom_args_with_operators to None, run_after=None
[2024-05-18T04:51:58.700+0000] {processor.py:183} INFO - Processing /home/ubuntu/chch-fuel-recommendator/airflow/af_env/lib/python3.12/site-packages/airflow/example_dags/example_xcomargs.py took 0.082 seconds
[2024-05-18T04:52:45.523+0000] {processor.py:161} INFO - Started process (PID=12768) to work on /home/ubuntu/chch-fuel-recommendator/airflow/af_env/lib/python3.12/site-packages/airflow/example_dags/example_xcomargs.py
[2024-05-18T04:52:45.525+0000] {processor.py:830} INFO - Processing file /home/ubuntu/chch-fuel-recommendator/airflow/af_env/lib/python3.12/site-packages/airflow/example_dags/example_xcomargs.py for tasks to queue
[2024-05-18T04:52:45.527+0000] {logging_mixin.py:188} INFO - [2024-05-18T04:52:45.527+0000] {dagbag.py:545} INFO - Filling up the DagBag from /home/ubuntu/chch-fuel-recommendator/airflow/af_env/lib/python3.12/site-packages/airflow/example_dags/example_xcomargs.py
[2024-05-18T04:52:45.545+0000] {processor.py:840} INFO - DAG(s) 'example_xcom_args_with_operators', 'example_xcom_args' retrieved from /home/ubuntu/chch-fuel-recommendator/airflow/af_env/lib/python3.12/site-packages/airflow/example_dags/example_xcomargs.py
[2024-05-18T04:52:45.574+0000] {logging_mixin.py:188} INFO - [2024-05-18T04:52:45.573+0000] {dag.py:3096} INFO - Sync 2 DAGs
[2024-05-18T04:52:45.588+0000] {logging_mixin.py:188} INFO - [2024-05-18T04:52:45.588+0000] {dag.py:3954} INFO - Setting next_dagrun for example_xcom_args to None, run_after=None
[2024-05-18T04:52:45.592+0000] {logging_mixin.py:188} INFO - [2024-05-18T04:52:45.592+0000] {dag.py:3954} INFO - Setting next_dagrun for example_xcom_args_with_operators to None, run_after=None
[2024-05-18T04:52:45.632+0000] {processor.py:183} INFO - Processing /home/ubuntu/chch-fuel-recommendator/airflow/af_env/lib/python3.12/site-packages/airflow/example_dags/example_xcomargs.py took 0.115 seconds
[2024-05-18T04:53:31.252+0000] {processor.py:161} INFO - Started process (PID=12814) to work on /home/ubuntu/chch-fuel-recommendator/airflow/af_env/lib/python3.12/site-packages/airflow/example_dags/example_xcomargs.py
[2024-05-18T04:53:31.254+0000] {processor.py:830} INFO - Processing file /home/ubuntu/chch-fuel-recommendator/airflow/af_env/lib/python3.12/site-packages/airflow/example_dags/example_xcomargs.py for tasks to queue
[2024-05-18T04:53:31.255+0000] {logging_mixin.py:188} INFO - [2024-05-18T04:53:31.255+0000] {dagbag.py:545} INFO - Filling up the DagBag from /home/ubuntu/chch-fuel-recommendator/airflow/af_env/lib/python3.12/site-packages/airflow/example_dags/example_xcomargs.py
[2024-05-18T04:53:31.265+0000] {processor.py:840} INFO - DAG(s) 'example_xcom_args', 'example_xcom_args_with_operators' retrieved from /home/ubuntu/chch-fuel-recommendator/airflow/af_env/lib/python3.12/site-packages/airflow/example_dags/example_xcomargs.py
[2024-05-18T04:53:31.289+0000] {logging_mixin.py:188} INFO - [2024-05-18T04:53:31.288+0000] {dag.py:3096} INFO - Sync 2 DAGs
[2024-05-18T04:53:31.301+0000] {logging_mixin.py:188} INFO - [2024-05-18T04:53:31.301+0000] {dag.py:3954} INFO - Setting next_dagrun for example_xcom_args to None, run_after=None
[2024-05-18T04:53:31.304+0000] {logging_mixin.py:188} INFO - [2024-05-18T04:53:31.304+0000] {dag.py:3954} INFO - Setting next_dagrun for example_xcom_args_with_operators to None, run_after=None
[2024-05-18T04:53:31.328+0000] {processor.py:183} INFO - Processing /home/ubuntu/chch-fuel-recommendator/airflow/af_env/lib/python3.12/site-packages/airflow/example_dags/example_xcomargs.py took 0.081 seconds
[2024-05-18T05:32:13.503+0000] {processor.py:161} INFO - Started process (PID=15068) to work on /home/ubuntu/airflow/airflow_env/lib/python3.12/site-packages/airflow/example_dags/example_xcomargs.py
[2024-05-18T05:32:13.506+0000] {processor.py:830} INFO - Processing file /home/ubuntu/airflow/airflow_env/lib/python3.12/site-packages/airflow/example_dags/example_xcomargs.py for tasks to queue
[2024-05-18T05:32:13.513+0000] {logging_mixin.py:188} INFO - [2024-05-18T05:32:13.512+0000] {dagbag.py:545} INFO - Filling up the DagBag from /home/ubuntu/airflow/airflow_env/lib/python3.12/site-packages/airflow/example_dags/example_xcomargs.py
[2024-05-18T05:32:13.527+0000] {processor.py:840} INFO - DAG(s) 'example_xcom_args_with_operators', 'example_xcom_args' retrieved from /home/ubuntu/airflow/airflow_env/lib/python3.12/site-packages/airflow/example_dags/example_xcomargs.py
[2024-05-18T05:32:13.776+0000] {logging_mixin.py:188} INFO - [2024-05-18T05:32:13.774+0000] {dag.py:3096} INFO - Sync 2 DAGs
[2024-05-18T05:32:13.791+0000] {logging_mixin.py:188} INFO - [2024-05-18T05:32:13.791+0000] {dag.py:3954} INFO - Setting next_dagrun for example_xcom_args to None, run_after=None
[2024-05-18T05:32:13.796+0000] {logging_mixin.py:188} INFO - [2024-05-18T05:32:13.796+0000] {dag.py:3954} INFO - Setting next_dagrun for example_xcom_args_with_operators to None, run_after=None
[2024-05-18T05:32:13.823+0000] {processor.py:183} INFO - Processing /home/ubuntu/airflow/airflow_env/lib/python3.12/site-packages/airflow/example_dags/example_xcomargs.py took 0.331 seconds
[2024-05-18T05:32:44.529+0000] {processor.py:161} INFO - Started process (PID=15122) to work on /home/ubuntu/airflow/airflow_env/lib/python3.12/site-packages/airflow/example_dags/example_xcomargs.py
[2024-05-18T05:32:44.531+0000] {processor.py:830} INFO - Processing file /home/ubuntu/airflow/airflow_env/lib/python3.12/site-packages/airflow/example_dags/example_xcomargs.py for tasks to queue
[2024-05-18T05:32:44.535+0000] {logging_mixin.py:188} INFO - [2024-05-18T05:32:44.533+0000] {dagbag.py:545} INFO - Filling up the DagBag from /home/ubuntu/airflow/airflow_env/lib/python3.12/site-packages/airflow/example_dags/example_xcomargs.py
[2024-05-18T05:32:44.558+0000] {processor.py:840} INFO - DAG(s) 'example_xcom_args_with_operators', 'example_xcom_args' retrieved from /home/ubuntu/airflow/airflow_env/lib/python3.12/site-packages/airflow/example_dags/example_xcomargs.py
[2024-05-18T05:32:44.651+0000] {logging_mixin.py:188} INFO - [2024-05-18T05:32:44.650+0000] {dag.py:3096} INFO - Sync 2 DAGs
[2024-05-18T05:32:44.673+0000] {logging_mixin.py:188} INFO - [2024-05-18T05:32:44.672+0000] {dag.py:3954} INFO - Setting next_dagrun for example_xcom_args to None, run_after=None
[2024-05-18T05:32:44.680+0000] {logging_mixin.py:188} INFO - [2024-05-18T05:32:44.680+0000] {dag.py:3954} INFO - Setting next_dagrun for example_xcom_args_with_operators to None, run_after=None
[2024-05-18T05:32:44.711+0000] {processor.py:183} INFO - Processing /home/ubuntu/airflow/airflow_env/lib/python3.12/site-packages/airflow/example_dags/example_xcomargs.py took 0.196 seconds
[2024-05-18T05:33:15.055+0000] {processor.py:161} INFO - Started process (PID=15176) to work on /home/ubuntu/airflow/airflow_env/lib/python3.12/site-packages/airflow/example_dags/example_xcomargs.py
[2024-05-18T05:33:15.057+0000] {processor.py:830} INFO - Processing file /home/ubuntu/airflow/airflow_env/lib/python3.12/site-packages/airflow/example_dags/example_xcomargs.py for tasks to queue
[2024-05-18T05:33:15.060+0000] {logging_mixin.py:188} INFO - [2024-05-18T05:33:15.059+0000] {dagbag.py:545} INFO - Filling up the DagBag from /home/ubuntu/airflow/airflow_env/lib/python3.12/site-packages/airflow/example_dags/example_xcomargs.py
[2024-05-18T05:33:15.072+0000] {processor.py:840} INFO - DAG(s) 'example_xcom_args', 'example_xcom_args_with_operators' retrieved from /home/ubuntu/airflow/airflow_env/lib/python3.12/site-packages/airflow/example_dags/example_xcomargs.py
[2024-05-18T05:33:15.146+0000] {logging_mixin.py:188} INFO - [2024-05-18T05:33:15.145+0000] {dag.py:3096} INFO - Sync 2 DAGs
[2024-05-18T05:33:15.166+0000] {logging_mixin.py:188} INFO - [2024-05-18T05:33:15.165+0000] {dag.py:3954} INFO - Setting next_dagrun for example_xcom_args to None, run_after=None
[2024-05-18T05:33:15.171+0000] {logging_mixin.py:188} INFO - [2024-05-18T05:33:15.171+0000] {dag.py:3954} INFO - Setting next_dagrun for example_xcom_args_with_operators to None, run_after=None
[2024-05-18T05:33:15.211+0000] {processor.py:183} INFO - Processing /home/ubuntu/airflow/airflow_env/lib/python3.12/site-packages/airflow/example_dags/example_xcomargs.py took 0.167 seconds
[2024-05-18T05:33:45.440+0000] {processor.py:161} INFO - Started process (PID=15227) to work on /home/ubuntu/airflow/airflow_env/lib/python3.12/site-packages/airflow/example_dags/example_xcomargs.py
[2024-05-18T05:33:45.441+0000] {processor.py:830} INFO - Processing file /home/ubuntu/airflow/airflow_env/lib/python3.12/site-packages/airflow/example_dags/example_xcomargs.py for tasks to queue
[2024-05-18T05:33:45.443+0000] {logging_mixin.py:188} INFO - [2024-05-18T05:33:45.443+0000] {dagbag.py:545} INFO - Filling up the DagBag from /home/ubuntu/airflow/airflow_env/lib/python3.12/site-packages/airflow/example_dags/example_xcomargs.py
[2024-05-18T05:33:45.461+0000] {processor.py:840} INFO - DAG(s) 'example_xcom_args', 'example_xcom_args_with_operators' retrieved from /home/ubuntu/airflow/airflow_env/lib/python3.12/site-packages/airflow/example_dags/example_xcomargs.py
[2024-05-18T05:33:45.530+0000] {logging_mixin.py:188} INFO - [2024-05-18T05:33:45.529+0000] {dag.py:3096} INFO - Sync 2 DAGs
[2024-05-18T05:33:45.562+0000] {logging_mixin.py:188} INFO - [2024-05-18T05:33:45.561+0000] {dag.py:3954} INFO - Setting next_dagrun for example_xcom_args to None, run_after=None
[2024-05-18T05:33:45.567+0000] {logging_mixin.py:188} INFO - [2024-05-18T05:33:45.567+0000] {dag.py:3954} INFO - Setting next_dagrun for example_xcom_args_with_operators to None, run_after=None
[2024-05-18T05:33:45.613+0000] {processor.py:183} INFO - Processing /home/ubuntu/airflow/airflow_env/lib/python3.12/site-packages/airflow/example_dags/example_xcomargs.py took 0.183 seconds
[2024-05-18T05:34:16.565+0000] {processor.py:161} INFO - Started process (PID=15279) to work on /home/ubuntu/airflow/airflow_env/lib/python3.12/site-packages/airflow/example_dags/example_xcomargs.py
[2024-05-18T05:34:16.567+0000] {processor.py:830} INFO - Processing file /home/ubuntu/airflow/airflow_env/lib/python3.12/site-packages/airflow/example_dags/example_xcomargs.py for tasks to queue
[2024-05-18T05:34:16.570+0000] {logging_mixin.py:188} INFO - [2024-05-18T05:34:16.569+0000] {dagbag.py:545} INFO - Filling up the DagBag from /home/ubuntu/airflow/airflow_env/lib/python3.12/site-packages/airflow/example_dags/example_xcomargs.py
[2024-05-18T05:34:16.581+0000] {processor.py:840} INFO - DAG(s) 'example_xcom_args', 'example_xcom_args_with_operators' retrieved from /home/ubuntu/airflow/airflow_env/lib/python3.12/site-packages/airflow/example_dags/example_xcomargs.py
[2024-05-18T05:34:16.650+0000] {logging_mixin.py:188} INFO - [2024-05-18T05:34:16.649+0000] {dag.py:3096} INFO - Sync 2 DAGs
[2024-05-18T05:34:16.667+0000] {logging_mixin.py:188} INFO - [2024-05-18T05:34:16.667+0000] {dag.py:3954} INFO - Setting next_dagrun for example_xcom_args to None, run_after=None
[2024-05-18T05:34:16.672+0000] {logging_mixin.py:188} INFO - [2024-05-18T05:34:16.672+0000] {dag.py:3954} INFO - Setting next_dagrun for example_xcom_args_with_operators to None, run_after=None
[2024-05-18T05:34:16.694+0000] {processor.py:183} INFO - Processing /home/ubuntu/airflow/airflow_env/lib/python3.12/site-packages/airflow/example_dags/example_xcomargs.py took 0.138 seconds
[2024-05-18T05:34:47.505+0000] {processor.py:161} INFO - Started process (PID=15330) to work on /home/ubuntu/airflow/airflow_env/lib/python3.12/site-packages/airflow/example_dags/example_xcomargs.py
[2024-05-18T05:34:47.506+0000] {processor.py:830} INFO - Processing file /home/ubuntu/airflow/airflow_env/lib/python3.12/site-packages/airflow/example_dags/example_xcomargs.py for tasks to queue
[2024-05-18T05:34:47.509+0000] {logging_mixin.py:188} INFO - [2024-05-18T05:34:47.508+0000] {dagbag.py:545} INFO - Filling up the DagBag from /home/ubuntu/airflow/airflow_env/lib/python3.12/site-packages/airflow/example_dags/example_xcomargs.py
[2024-05-18T05:34:47.520+0000] {processor.py:840} INFO - DAG(s) 'example_xcom_args_with_operators', 'example_xcom_args' retrieved from /home/ubuntu/airflow/airflow_env/lib/python3.12/site-packages/airflow/example_dags/example_xcomargs.py
[2024-05-18T05:34:47.593+0000] {logging_mixin.py:188} INFO - [2024-05-18T05:34:47.592+0000] {dag.py:3096} INFO - Sync 2 DAGs
[2024-05-18T05:34:47.612+0000] {logging_mixin.py:188} INFO - [2024-05-18T05:34:47.612+0000] {dag.py:3954} INFO - Setting next_dagrun for example_xcom_args to None, run_after=None
[2024-05-18T05:34:47.619+0000] {logging_mixin.py:188} INFO - [2024-05-18T05:34:47.618+0000] {dag.py:3954} INFO - Setting next_dagrun for example_xcom_args_with_operators to None, run_after=None
[2024-05-18T05:34:47.649+0000] {processor.py:183} INFO - Processing /home/ubuntu/airflow/airflow_env/lib/python3.12/site-packages/airflow/example_dags/example_xcomargs.py took 0.154 seconds
[2024-05-18T05:35:17.934+0000] {processor.py:161} INFO - Started process (PID=15384) to work on /home/ubuntu/airflow/airflow_env/lib/python3.12/site-packages/airflow/example_dags/example_xcomargs.py
[2024-05-18T05:35:17.936+0000] {processor.py:830} INFO - Processing file /home/ubuntu/airflow/airflow_env/lib/python3.12/site-packages/airflow/example_dags/example_xcomargs.py for tasks to queue
[2024-05-18T05:35:17.940+0000] {logging_mixin.py:188} INFO - [2024-05-18T05:35:17.939+0000] {dagbag.py:545} INFO - Filling up the DagBag from /home/ubuntu/airflow/airflow_env/lib/python3.12/site-packages/airflow/example_dags/example_xcomargs.py
[2024-05-18T05:35:17.959+0000] {processor.py:840} INFO - DAG(s) 'example_xcom_args', 'example_xcom_args_with_operators' retrieved from /home/ubuntu/airflow/airflow_env/lib/python3.12/site-packages/airflow/example_dags/example_xcomargs.py
[2024-05-18T05:35:18.036+0000] {logging_mixin.py:188} INFO - [2024-05-18T05:35:18.036+0000] {dag.py:3096} INFO - Sync 2 DAGs
[2024-05-18T05:35:18.055+0000] {logging_mixin.py:188} INFO - [2024-05-18T05:35:18.055+0000] {dag.py:3954} INFO - Setting next_dagrun for example_xcom_args to None, run_after=None
[2024-05-18T05:35:18.061+0000] {logging_mixin.py:188} INFO - [2024-05-18T05:35:18.061+0000] {dag.py:3954} INFO - Setting next_dagrun for example_xcom_args_with_operators to None, run_after=None
[2024-05-18T05:35:18.088+0000] {processor.py:183} INFO - Processing /home/ubuntu/airflow/airflow_env/lib/python3.12/site-packages/airflow/example_dags/example_xcomargs.py took 0.166 seconds
[2024-05-18T05:35:48.195+0000] {processor.py:161} INFO - Started process (PID=15435) to work on /home/ubuntu/airflow/airflow_env/lib/python3.12/site-packages/airflow/example_dags/example_xcomargs.py
[2024-05-18T05:35:48.196+0000] {processor.py:830} INFO - Processing file /home/ubuntu/airflow/airflow_env/lib/python3.12/site-packages/airflow/example_dags/example_xcomargs.py for tasks to queue
[2024-05-18T05:35:48.198+0000] {logging_mixin.py:188} INFO - [2024-05-18T05:35:48.198+0000] {dagbag.py:545} INFO - Filling up the DagBag from /home/ubuntu/airflow/airflow_env/lib/python3.12/site-packages/airflow/example_dags/example_xcomargs.py
[2024-05-18T05:35:48.210+0000] {processor.py:840} INFO - DAG(s) 'example_xcom_args', 'example_xcom_args_with_operators' retrieved from /home/ubuntu/airflow/airflow_env/lib/python3.12/site-packages/airflow/example_dags/example_xcomargs.py
[2024-05-18T05:35:48.259+0000] {logging_mixin.py:188} INFO - [2024-05-18T05:35:48.259+0000] {dag.py:3096} INFO - Sync 2 DAGs
[2024-05-18T05:35:48.273+0000] {logging_mixin.py:188} INFO - [2024-05-18T05:35:48.273+0000] {dag.py:3954} INFO - Setting next_dagrun for example_xcom_args to None, run_after=None
[2024-05-18T05:35:48.278+0000] {logging_mixin.py:188} INFO - [2024-05-18T05:35:48.277+0000] {dag.py:3954} INFO - Setting next_dagrun for example_xcom_args_with_operators to None, run_after=None
[2024-05-18T05:35:48.297+0000] {processor.py:183} INFO - Processing /home/ubuntu/airflow/airflow_env/lib/python3.12/site-packages/airflow/example_dags/example_xcomargs.py took 0.110 seconds
[2024-05-18T05:36:18.383+0000] {processor.py:161} INFO - Started process (PID=15486) to work on /home/ubuntu/airflow/airflow_env/lib/python3.12/site-packages/airflow/example_dags/example_xcomargs.py
[2024-05-18T05:36:18.386+0000] {processor.py:830} INFO - Processing file /home/ubuntu/airflow/airflow_env/lib/python3.12/site-packages/airflow/example_dags/example_xcomargs.py for tasks to queue
[2024-05-18T05:36:18.397+0000] {logging_mixin.py:188} INFO - [2024-05-18T05:36:18.396+0000] {dagbag.py:545} INFO - Filling up the DagBag from /home/ubuntu/airflow/airflow_env/lib/python3.12/site-packages/airflow/example_dags/example_xcomargs.py
[2024-05-18T05:36:18.407+0000] {processor.py:840} INFO - DAG(s) 'example_xcom_args_with_operators', 'example_xcom_args' retrieved from /home/ubuntu/airflow/airflow_env/lib/python3.12/site-packages/airflow/example_dags/example_xcomargs.py
[2024-05-18T05:36:18.468+0000] {logging_mixin.py:188} INFO - [2024-05-18T05:36:18.468+0000] {dag.py:3096} INFO - Sync 2 DAGs
[2024-05-18T05:36:18.486+0000] {logging_mixin.py:188} INFO - [2024-05-18T05:36:18.485+0000] {dag.py:3954} INFO - Setting next_dagrun for example_xcom_args to None, run_after=None
[2024-05-18T05:36:18.491+0000] {logging_mixin.py:188} INFO - [2024-05-18T05:36:18.491+0000] {dag.py:3954} INFO - Setting next_dagrun for example_xcom_args_with_operators to None, run_after=None
[2024-05-18T05:36:18.514+0000] {processor.py:183} INFO - Processing /home/ubuntu/airflow/airflow_env/lib/python3.12/site-packages/airflow/example_dags/example_xcomargs.py took 0.147 seconds
[2024-05-18T05:36:49.360+0000] {processor.py:161} INFO - Started process (PID=15537) to work on /home/ubuntu/airflow/airflow_env/lib/python3.12/site-packages/airflow/example_dags/example_xcomargs.py
[2024-05-18T05:36:49.363+0000] {processor.py:830} INFO - Processing file /home/ubuntu/airflow/airflow_env/lib/python3.12/site-packages/airflow/example_dags/example_xcomargs.py for tasks to queue
[2024-05-18T05:36:49.369+0000] {logging_mixin.py:188} INFO - [2024-05-18T05:36:49.366+0000] {dagbag.py:545} INFO - Filling up the DagBag from /home/ubuntu/airflow/airflow_env/lib/python3.12/site-packages/airflow/example_dags/example_xcomargs.py
[2024-05-18T05:36:49.388+0000] {processor.py:840} INFO - DAG(s) 'example_xcom_args', 'example_xcom_args_with_operators' retrieved from /home/ubuntu/airflow/airflow_env/lib/python3.12/site-packages/airflow/example_dags/example_xcomargs.py
[2024-05-18T05:36:49.452+0000] {logging_mixin.py:188} INFO - [2024-05-18T05:36:49.451+0000] {dag.py:3096} INFO - Sync 2 DAGs
[2024-05-18T05:36:49.477+0000] {logging_mixin.py:188} INFO - [2024-05-18T05:36:49.477+0000] {dag.py:3954} INFO - Setting next_dagrun for example_xcom_args to None, run_after=None
[2024-05-18T05:36:49.492+0000] {logging_mixin.py:188} INFO - [2024-05-18T05:36:49.491+0000] {dag.py:3954} INFO - Setting next_dagrun for example_xcom_args_with_operators to None, run_after=None
[2024-05-18T05:36:49.536+0000] {processor.py:183} INFO - Processing /home/ubuntu/airflow/airflow_env/lib/python3.12/site-packages/airflow/example_dags/example_xcomargs.py took 0.193 seconds
[2024-05-18T05:37:20.367+0000] {processor.py:161} INFO - Started process (PID=15588) to work on /home/ubuntu/airflow/airflow_env/lib/python3.12/site-packages/airflow/example_dags/example_xcomargs.py
[2024-05-18T05:37:20.372+0000] {processor.py:830} INFO - Processing file /home/ubuntu/airflow/airflow_env/lib/python3.12/site-packages/airflow/example_dags/example_xcomargs.py for tasks to queue
[2024-05-18T05:37:20.374+0000] {logging_mixin.py:188} INFO - [2024-05-18T05:37:20.374+0000] {dagbag.py:545} INFO - Filling up the DagBag from /home/ubuntu/airflow/airflow_env/lib/python3.12/site-packages/airflow/example_dags/example_xcomargs.py
[2024-05-18T05:37:20.387+0000] {processor.py:840} INFO - DAG(s) 'example_xcom_args_with_operators', 'example_xcom_args' retrieved from /home/ubuntu/airflow/airflow_env/lib/python3.12/site-packages/airflow/example_dags/example_xcomargs.py
[2024-05-18T05:37:20.477+0000] {logging_mixin.py:188} INFO - [2024-05-18T05:37:20.477+0000] {dag.py:3096} INFO - Sync 2 DAGs
[2024-05-18T05:37:20.495+0000] {logging_mixin.py:188} INFO - [2024-05-18T05:37:20.494+0000] {dag.py:3954} INFO - Setting next_dagrun for example_xcom_args to None, run_after=None
[2024-05-18T05:37:20.500+0000] {logging_mixin.py:188} INFO - [2024-05-18T05:37:20.500+0000] {dag.py:3954} INFO - Setting next_dagrun for example_xcom_args_with_operators to None, run_after=None
[2024-05-18T05:37:20.525+0000] {processor.py:183} INFO - Processing /home/ubuntu/airflow/airflow_env/lib/python3.12/site-packages/airflow/example_dags/example_xcomargs.py took 0.170 seconds
[2024-05-18T05:37:50.593+0000] {processor.py:161} INFO - Started process (PID=15640) to work on /home/ubuntu/airflow/airflow_env/lib/python3.12/site-packages/airflow/example_dags/example_xcomargs.py
[2024-05-18T05:37:50.594+0000] {processor.py:830} INFO - Processing file /home/ubuntu/airflow/airflow_env/lib/python3.12/site-packages/airflow/example_dags/example_xcomargs.py for tasks to queue
[2024-05-18T05:37:50.599+0000] {logging_mixin.py:188} INFO - [2024-05-18T05:37:50.599+0000] {dagbag.py:545} INFO - Filling up the DagBag from /home/ubuntu/airflow/airflow_env/lib/python3.12/site-packages/airflow/example_dags/example_xcomargs.py
[2024-05-18T05:37:50.621+0000] {processor.py:840} INFO - DAG(s) 'example_xcom_args', 'example_xcom_args_with_operators' retrieved from /home/ubuntu/airflow/airflow_env/lib/python3.12/site-packages/airflow/example_dags/example_xcomargs.py
[2024-05-18T05:37:50.697+0000] {logging_mixin.py:188} INFO - [2024-05-18T05:37:50.697+0000] {dag.py:3096} INFO - Sync 2 DAGs
[2024-05-18T05:37:50.725+0000] {logging_mixin.py:188} INFO - [2024-05-18T05:37:50.725+0000] {dag.py:3954} INFO - Setting next_dagrun for example_xcom_args to None, run_after=None
[2024-05-18T05:37:50.731+0000] {logging_mixin.py:188} INFO - [2024-05-18T05:37:50.731+0000] {dag.py:3954} INFO - Setting next_dagrun for example_xcom_args_with_operators to None, run_after=None
[2024-05-18T05:37:50.762+0000] {processor.py:183} INFO - Processing /home/ubuntu/airflow/airflow_env/lib/python3.12/site-packages/airflow/example_dags/example_xcomargs.py took 0.187 seconds
[2024-05-18T05:38:20.863+0000] {processor.py:161} INFO - Started process (PID=15691) to work on /home/ubuntu/airflow/airflow_env/lib/python3.12/site-packages/airflow/example_dags/example_xcomargs.py
[2024-05-18T05:38:20.865+0000] {processor.py:830} INFO - Processing file /home/ubuntu/airflow/airflow_env/lib/python3.12/site-packages/airflow/example_dags/example_xcomargs.py for tasks to queue
[2024-05-18T05:38:20.868+0000] {logging_mixin.py:188} INFO - [2024-05-18T05:38:20.867+0000] {dagbag.py:545} INFO - Filling up the DagBag from /home/ubuntu/airflow/airflow_env/lib/python3.12/site-packages/airflow/example_dags/example_xcomargs.py
[2024-05-18T05:38:20.887+0000] {processor.py:840} INFO - DAG(s) 'example_xcom_args_with_operators', 'example_xcom_args' retrieved from /home/ubuntu/airflow/airflow_env/lib/python3.12/site-packages/airflow/example_dags/example_xcomargs.py
[2024-05-18T05:38:20.974+0000] {logging_mixin.py:188} INFO - [2024-05-18T05:38:20.974+0000] {dag.py:3096} INFO - Sync 2 DAGs
[2024-05-18T05:38:21.002+0000] {logging_mixin.py:188} INFO - [2024-05-18T05:38:21.001+0000] {dag.py:3954} INFO - Setting next_dagrun for example_xcom_args to None, run_after=None
[2024-05-18T05:38:21.007+0000] {logging_mixin.py:188} INFO - [2024-05-18T05:38:21.007+0000] {dag.py:3954} INFO - Setting next_dagrun for example_xcom_args_with_operators to None, run_after=None
[2024-05-18T05:38:21.035+0000] {processor.py:183} INFO - Processing /home/ubuntu/airflow/airflow_env/lib/python3.12/site-packages/airflow/example_dags/example_xcomargs.py took 0.180 seconds
[2024-05-18T05:38:51.116+0000] {processor.py:161} INFO - Started process (PID=15742) to work on /home/ubuntu/airflow/airflow_env/lib/python3.12/site-packages/airflow/example_dags/example_xcomargs.py
[2024-05-18T05:38:51.117+0000] {processor.py:830} INFO - Processing file /home/ubuntu/airflow/airflow_env/lib/python3.12/site-packages/airflow/example_dags/example_xcomargs.py for tasks to queue
[2024-05-18T05:38:51.119+0000] {logging_mixin.py:188} INFO - [2024-05-18T05:38:51.119+0000] {dagbag.py:545} INFO - Filling up the DagBag from /home/ubuntu/airflow/airflow_env/lib/python3.12/site-packages/airflow/example_dags/example_xcomargs.py
[2024-05-18T05:38:51.130+0000] {processor.py:840} INFO - DAG(s) 'example_xcom_args', 'example_xcom_args_with_operators' retrieved from /home/ubuntu/airflow/airflow_env/lib/python3.12/site-packages/airflow/example_dags/example_xcomargs.py
[2024-05-18T05:38:51.192+0000] {logging_mixin.py:188} INFO - [2024-05-18T05:38:51.192+0000] {dag.py:3096} INFO - Sync 2 DAGs
[2024-05-18T05:38:51.212+0000] {logging_mixin.py:188} INFO - [2024-05-18T05:38:51.212+0000] {dag.py:3954} INFO - Setting next_dagrun for example_xcom_args to None, run_after=None
[2024-05-18T05:38:51.218+0000] {logging_mixin.py:188} INFO - [2024-05-18T05:38:51.218+0000] {dag.py:3954} INFO - Setting next_dagrun for example_xcom_args_with_operators to None, run_after=None
[2024-05-18T05:38:51.240+0000] {processor.py:183} INFO - Processing /home/ubuntu/airflow/airflow_env/lib/python3.12/site-packages/airflow/example_dags/example_xcomargs.py took 0.134 seconds
[2024-05-18T05:39:22.126+0000] {processor.py:161} INFO - Started process (PID=15794) to work on /home/ubuntu/airflow/airflow_env/lib/python3.12/site-packages/airflow/example_dags/example_xcomargs.py
[2024-05-18T05:39:22.128+0000] {processor.py:830} INFO - Processing file /home/ubuntu/airflow/airflow_env/lib/python3.12/site-packages/airflow/example_dags/example_xcomargs.py for tasks to queue
[2024-05-18T05:39:22.131+0000] {logging_mixin.py:188} INFO - [2024-05-18T05:39:22.131+0000] {dagbag.py:545} INFO - Filling up the DagBag from /home/ubuntu/airflow/airflow_env/lib/python3.12/site-packages/airflow/example_dags/example_xcomargs.py
[2024-05-18T05:39:22.142+0000] {processor.py:840} INFO - DAG(s) 'example_xcom_args_with_operators', 'example_xcom_args' retrieved from /home/ubuntu/airflow/airflow_env/lib/python3.12/site-packages/airflow/example_dags/example_xcomargs.py
[2024-05-18T05:39:22.203+0000] {logging_mixin.py:188} INFO - [2024-05-18T05:39:22.203+0000] {dag.py:3096} INFO - Sync 2 DAGs
[2024-05-18T05:39:22.225+0000] {logging_mixin.py:188} INFO - [2024-05-18T05:39:22.225+0000] {dag.py:3954} INFO - Setting next_dagrun for example_xcom_args to None, run_after=None
[2024-05-18T05:39:22.230+0000] {logging_mixin.py:188} INFO - [2024-05-18T05:39:22.230+0000] {dag.py:3954} INFO - Setting next_dagrun for example_xcom_args_with_operators to None, run_after=None
[2024-05-18T05:39:22.255+0000] {processor.py:183} INFO - Processing /home/ubuntu/airflow/airflow_env/lib/python3.12/site-packages/airflow/example_dags/example_xcomargs.py took 0.137 seconds
[2024-05-18T05:39:52.355+0000] {processor.py:161} INFO - Started process (PID=15845) to work on /home/ubuntu/airflow/airflow_env/lib/python3.12/site-packages/airflow/example_dags/example_xcomargs.py
[2024-05-18T05:39:52.356+0000] {processor.py:830} INFO - Processing file /home/ubuntu/airflow/airflow_env/lib/python3.12/site-packages/airflow/example_dags/example_xcomargs.py for tasks to queue
[2024-05-18T05:39:52.360+0000] {logging_mixin.py:188} INFO - [2024-05-18T05:39:52.359+0000] {dagbag.py:545} INFO - Filling up the DagBag from /home/ubuntu/airflow/airflow_env/lib/python3.12/site-packages/airflow/example_dags/example_xcomargs.py
[2024-05-18T05:39:52.381+0000] {processor.py:840} INFO - DAG(s) 'example_xcom_args', 'example_xcom_args_with_operators' retrieved from /home/ubuntu/airflow/airflow_env/lib/python3.12/site-packages/airflow/example_dags/example_xcomargs.py
[2024-05-18T05:39:52.488+0000] {logging_mixin.py:188} INFO - [2024-05-18T05:39:52.487+0000] {dag.py:3096} INFO - Sync 2 DAGs
[2024-05-18T05:39:52.517+0000] {logging_mixin.py:188} INFO - [2024-05-18T05:39:52.517+0000] {dag.py:3954} INFO - Setting next_dagrun for example_xcom_args to None, run_after=None
[2024-05-18T05:39:52.524+0000] {logging_mixin.py:188} INFO - [2024-05-18T05:39:52.523+0000] {dag.py:3954} INFO - Setting next_dagrun for example_xcom_args_with_operators to None, run_after=None
[2024-05-18T05:39:52.555+0000] {processor.py:183} INFO - Processing /home/ubuntu/airflow/airflow_env/lib/python3.12/site-packages/airflow/example_dags/example_xcomargs.py took 0.215 seconds
[2024-05-18T05:40:22.746+0000] {processor.py:161} INFO - Started process (PID=16178) to work on /home/ubuntu/airflow/airflow_env/lib/python3.12/site-packages/airflow/example_dags/example_xcomargs.py
[2024-05-18T05:40:22.749+0000] {processor.py:830} INFO - Processing file /home/ubuntu/airflow/airflow_env/lib/python3.12/site-packages/airflow/example_dags/example_xcomargs.py for tasks to queue
[2024-05-18T05:40:22.751+0000] {logging_mixin.py:188} INFO - [2024-05-18T05:40:22.751+0000] {dagbag.py:545} INFO - Filling up the DagBag from /home/ubuntu/airflow/airflow_env/lib/python3.12/site-packages/airflow/example_dags/example_xcomargs.py
[2024-05-18T05:40:22.767+0000] {processor.py:840} INFO - DAG(s) 'example_xcom_args_with_operators', 'example_xcom_args' retrieved from /home/ubuntu/airflow/airflow_env/lib/python3.12/site-packages/airflow/example_dags/example_xcomargs.py
[2024-05-18T05:40:22.823+0000] {logging_mixin.py:188} INFO - [2024-05-18T05:40:22.823+0000] {dag.py:3096} INFO - Sync 2 DAGs
[2024-05-18T05:40:22.847+0000] {logging_mixin.py:188} INFO - [2024-05-18T05:40:22.847+0000] {dag.py:3954} INFO - Setting next_dagrun for example_xcom_args to None, run_after=None
[2024-05-18T05:40:22.853+0000] {logging_mixin.py:188} INFO - [2024-05-18T05:40:22.853+0000] {dag.py:3954} INFO - Setting next_dagrun for example_xcom_args_with_operators to None, run_after=None
[2024-05-18T05:40:22.877+0000] {processor.py:183} INFO - Processing /home/ubuntu/airflow/airflow_env/lib/python3.12/site-packages/airflow/example_dags/example_xcomargs.py took 0.143 seconds
[2024-05-18T05:40:53.128+0000] {processor.py:161} INFO - Started process (PID=16233) to work on /home/ubuntu/airflow/airflow_env/lib/python3.12/site-packages/airflow/example_dags/example_xcomargs.py
[2024-05-18T05:40:53.129+0000] {processor.py:830} INFO - Processing file /home/ubuntu/airflow/airflow_env/lib/python3.12/site-packages/airflow/example_dags/example_xcomargs.py for tasks to queue
[2024-05-18T05:40:53.132+0000] {logging_mixin.py:188} INFO - [2024-05-18T05:40:53.131+0000] {dagbag.py:545} INFO - Filling up the DagBag from /home/ubuntu/airflow/airflow_env/lib/python3.12/site-packages/airflow/example_dags/example_xcomargs.py
[2024-05-18T05:40:53.149+0000] {processor.py:840} INFO - DAG(s) 'example_xcom_args', 'example_xcom_args_with_operators' retrieved from /home/ubuntu/airflow/airflow_env/lib/python3.12/site-packages/airflow/example_dags/example_xcomargs.py
[2024-05-18T05:40:53.223+0000] {logging_mixin.py:188} INFO - [2024-05-18T05:40:53.222+0000] {dag.py:3096} INFO - Sync 2 DAGs
[2024-05-18T05:40:53.243+0000] {logging_mixin.py:188} INFO - [2024-05-18T05:40:53.243+0000] {dag.py:3954} INFO - Setting next_dagrun for example_xcom_args to None, run_after=None
[2024-05-18T05:40:53.249+0000] {logging_mixin.py:188} INFO - [2024-05-18T05:40:53.249+0000] {dag.py:3954} INFO - Setting next_dagrun for example_xcom_args_with_operators to None, run_after=None
[2024-05-18T05:40:53.279+0000] {processor.py:183} INFO - Processing /home/ubuntu/airflow/airflow_env/lib/python3.12/site-packages/airflow/example_dags/example_xcomargs.py took 0.162 seconds
[2024-05-18T05:41:23.684+0000] {processor.py:161} INFO - Started process (PID=16284) to work on /home/ubuntu/airflow/airflow_env/lib/python3.12/site-packages/airflow/example_dags/example_xcomargs.py
[2024-05-18T05:41:23.685+0000] {processor.py:830} INFO - Processing file /home/ubuntu/airflow/airflow_env/lib/python3.12/site-packages/airflow/example_dags/example_xcomargs.py for tasks to queue
[2024-05-18T05:41:23.688+0000] {logging_mixin.py:188} INFO - [2024-05-18T05:41:23.687+0000] {dagbag.py:545} INFO - Filling up the DagBag from /home/ubuntu/airflow/airflow_env/lib/python3.12/site-packages/airflow/example_dags/example_xcomargs.py
[2024-05-18T05:41:23.699+0000] {processor.py:840} INFO - DAG(s) 'example_xcom_args_with_operators', 'example_xcom_args' retrieved from /home/ubuntu/airflow/airflow_env/lib/python3.12/site-packages/airflow/example_dags/example_xcomargs.py
[2024-05-18T05:41:23.750+0000] {logging_mixin.py:188} INFO - [2024-05-18T05:41:23.750+0000] {dag.py:3096} INFO - Sync 2 DAGs
[2024-05-18T05:41:23.774+0000] {logging_mixin.py:188} INFO - [2024-05-18T05:41:23.774+0000] {dag.py:3954} INFO - Setting next_dagrun for example_xcom_args to None, run_after=None
[2024-05-18T05:41:23.779+0000] {logging_mixin.py:188} INFO - [2024-05-18T05:41:23.779+0000] {dag.py:3954} INFO - Setting next_dagrun for example_xcom_args_with_operators to None, run_after=None
[2024-05-18T05:41:23.817+0000] {processor.py:183} INFO - Processing /home/ubuntu/airflow/airflow_env/lib/python3.12/site-packages/airflow/example_dags/example_xcomargs.py took 0.143 seconds
[2024-05-18T05:41:54.354+0000] {processor.py:161} INFO - Started process (PID=16337) to work on /home/ubuntu/airflow/airflow_env/lib/python3.12/site-packages/airflow/example_dags/example_xcomargs.py
[2024-05-18T05:41:54.355+0000] {processor.py:830} INFO - Processing file /home/ubuntu/airflow/airflow_env/lib/python3.12/site-packages/airflow/example_dags/example_xcomargs.py for tasks to queue
[2024-05-18T05:41:54.357+0000] {logging_mixin.py:188} INFO - [2024-05-18T05:41:54.357+0000] {dagbag.py:545} INFO - Filling up the DagBag from /home/ubuntu/airflow/airflow_env/lib/python3.12/site-packages/airflow/example_dags/example_xcomargs.py
[2024-05-18T05:41:54.376+0000] {processor.py:840} INFO - DAG(s) 'example_xcom_args_with_operators', 'example_xcom_args' retrieved from /home/ubuntu/airflow/airflow_env/lib/python3.12/site-packages/airflow/example_dags/example_xcomargs.py
[2024-05-18T05:41:54.455+0000] {logging_mixin.py:188} INFO - [2024-05-18T05:41:54.454+0000] {dag.py:3096} INFO - Sync 2 DAGs
[2024-05-18T05:41:54.480+0000] {logging_mixin.py:188} INFO - [2024-05-18T05:41:54.479+0000] {dag.py:3954} INFO - Setting next_dagrun for example_xcom_args to None, run_after=None
[2024-05-18T05:41:54.490+0000] {logging_mixin.py:188} INFO - [2024-05-18T05:41:54.490+0000] {dag.py:3954} INFO - Setting next_dagrun for example_xcom_args_with_operators to None, run_after=None
[2024-05-18T05:41:54.522+0000] {processor.py:183} INFO - Processing /home/ubuntu/airflow/airflow_env/lib/python3.12/site-packages/airflow/example_dags/example_xcomargs.py took 0.179 seconds
[2024-05-18T05:42:25.403+0000] {processor.py:161} INFO - Started process (PID=16388) to work on /home/ubuntu/airflow/airflow_env/lib/python3.12/site-packages/airflow/example_dags/example_xcomargs.py
[2024-05-18T05:42:25.405+0000] {processor.py:830} INFO - Processing file /home/ubuntu/airflow/airflow_env/lib/python3.12/site-packages/airflow/example_dags/example_xcomargs.py for tasks to queue
[2024-05-18T05:42:25.407+0000] {logging_mixin.py:188} INFO - [2024-05-18T05:42:25.406+0000] {dagbag.py:545} INFO - Filling up the DagBag from /home/ubuntu/airflow/airflow_env/lib/python3.12/site-packages/airflow/example_dags/example_xcomargs.py
[2024-05-18T05:42:25.420+0000] {processor.py:840} INFO - DAG(s) 'example_xcom_args_with_operators', 'example_xcom_args' retrieved from /home/ubuntu/airflow/airflow_env/lib/python3.12/site-packages/airflow/example_dags/example_xcomargs.py
[2024-05-18T05:42:25.488+0000] {logging_mixin.py:188} INFO - [2024-05-18T05:42:25.487+0000] {dag.py:3096} INFO - Sync 2 DAGs
[2024-05-18T05:42:25.521+0000] {logging_mixin.py:188} INFO - [2024-05-18T05:42:25.521+0000] {dag.py:3954} INFO - Setting next_dagrun for example_xcom_args to None, run_after=None
[2024-05-18T05:42:25.528+0000] {logging_mixin.py:188} INFO - [2024-05-18T05:42:25.527+0000] {dag.py:3954} INFO - Setting next_dagrun for example_xcom_args_with_operators to None, run_after=None
[2024-05-18T05:42:25.562+0000] {processor.py:183} INFO - Processing /home/ubuntu/airflow/airflow_env/lib/python3.12/site-packages/airflow/example_dags/example_xcomargs.py took 0.169 seconds
[2024-05-18T05:42:55.634+0000] {processor.py:161} INFO - Started process (PID=16439) to work on /home/ubuntu/airflow/airflow_env/lib/python3.12/site-packages/airflow/example_dags/example_xcomargs.py
[2024-05-18T05:42:55.636+0000] {processor.py:830} INFO - Processing file /home/ubuntu/airflow/airflow_env/lib/python3.12/site-packages/airflow/example_dags/example_xcomargs.py for tasks to queue
[2024-05-18T05:42:55.639+0000] {logging_mixin.py:188} INFO - [2024-05-18T05:42:55.639+0000] {dagbag.py:545} INFO - Filling up the DagBag from /home/ubuntu/airflow/airflow_env/lib/python3.12/site-packages/airflow/example_dags/example_xcomargs.py
[2024-05-18T05:42:55.655+0000] {processor.py:840} INFO - DAG(s) 'example_xcom_args', 'example_xcom_args_with_operators' retrieved from /home/ubuntu/airflow/airflow_env/lib/python3.12/site-packages/airflow/example_dags/example_xcomargs.py
[2024-05-18T05:42:55.731+0000] {logging_mixin.py:188} INFO - [2024-05-18T05:42:55.731+0000] {dag.py:3096} INFO - Sync 2 DAGs
[2024-05-18T05:42:55.761+0000] {logging_mixin.py:188} INFO - [2024-05-18T05:42:55.761+0000] {dag.py:3954} INFO - Setting next_dagrun for example_xcom_args to None, run_after=None
[2024-05-18T05:42:55.768+0000] {logging_mixin.py:188} INFO - [2024-05-18T05:42:55.768+0000] {dag.py:3954} INFO - Setting next_dagrun for example_xcom_args_with_operators to None, run_after=None
[2024-05-18T05:42:55.801+0000] {processor.py:183} INFO - Processing /home/ubuntu/airflow/airflow_env/lib/python3.12/site-packages/airflow/example_dags/example_xcomargs.py took 0.186 seconds
[2024-05-18T05:43:25.908+0000] {processor.py:161} INFO - Started process (PID=16524) to work on /home/ubuntu/airflow/airflow_env/lib/python3.12/site-packages/airflow/example_dags/example_xcomargs.py
[2024-05-18T05:43:25.909+0000] {processor.py:830} INFO - Processing file /home/ubuntu/airflow/airflow_env/lib/python3.12/site-packages/airflow/example_dags/example_xcomargs.py for tasks to queue
[2024-05-18T05:43:25.919+0000] {logging_mixin.py:188} INFO - [2024-05-18T05:43:25.918+0000] {dagbag.py:545} INFO - Filling up the DagBag from /home/ubuntu/airflow/airflow_env/lib/python3.12/site-packages/airflow/example_dags/example_xcomargs.py
[2024-05-18T05:43:25.946+0000] {processor.py:840} INFO - DAG(s) 'example_xcom_args_with_operators', 'example_xcom_args' retrieved from /home/ubuntu/airflow/airflow_env/lib/python3.12/site-packages/airflow/example_dags/example_xcomargs.py
[2024-05-18T05:43:26.022+0000] {logging_mixin.py:188} INFO - [2024-05-18T05:43:26.021+0000] {dag.py:3096} INFO - Sync 2 DAGs
[2024-05-18T05:43:26.044+0000] {logging_mixin.py:188} INFO - [2024-05-18T05:43:26.044+0000] {dag.py:3954} INFO - Setting next_dagrun for example_xcom_args to None, run_after=None
[2024-05-18T05:43:26.059+0000] {logging_mixin.py:188} INFO - [2024-05-18T05:43:26.059+0000] {dag.py:3954} INFO - Setting next_dagrun for example_xcom_args_with_operators to None, run_after=None
[2024-05-18T05:43:26.109+0000] {processor.py:183} INFO - Processing /home/ubuntu/airflow/airflow_env/lib/python3.12/site-packages/airflow/example_dags/example_xcomargs.py took 0.219 seconds
[2024-05-18T05:43:56.619+0000] {processor.py:161} INFO - Started process (PID=16575) to work on /home/ubuntu/airflow/airflow_env/lib/python3.12/site-packages/airflow/example_dags/example_xcomargs.py
[2024-05-18T05:43:56.621+0000] {processor.py:830} INFO - Processing file /home/ubuntu/airflow/airflow_env/lib/python3.12/site-packages/airflow/example_dags/example_xcomargs.py for tasks to queue
[2024-05-18T05:43:56.624+0000] {logging_mixin.py:188} INFO - [2024-05-18T05:43:56.623+0000] {dagbag.py:545} INFO - Filling up the DagBag from /home/ubuntu/airflow/airflow_env/lib/python3.12/site-packages/airflow/example_dags/example_xcomargs.py
[2024-05-18T05:43:56.637+0000] {processor.py:840} INFO - DAG(s) 'example_xcom_args', 'example_xcom_args_with_operators' retrieved from /home/ubuntu/airflow/airflow_env/lib/python3.12/site-packages/airflow/example_dags/example_xcomargs.py
[2024-05-18T05:43:56.708+0000] {logging_mixin.py:188} INFO - [2024-05-18T05:43:56.708+0000] {dag.py:3096} INFO - Sync 2 DAGs
[2024-05-18T05:43:56.730+0000] {logging_mixin.py:188} INFO - [2024-05-18T05:43:56.730+0000] {dag.py:3954} INFO - Setting next_dagrun for example_xcom_args to None, run_after=None
[2024-05-18T05:43:56.736+0000] {logging_mixin.py:188} INFO - [2024-05-18T05:43:56.736+0000] {dag.py:3954} INFO - Setting next_dagrun for example_xcom_args_with_operators to None, run_after=None
[2024-05-18T05:43:56.773+0000] {processor.py:183} INFO - Processing /home/ubuntu/airflow/airflow_env/lib/python3.12/site-packages/airflow/example_dags/example_xcomargs.py took 0.164 seconds
