[2024-05-18T04:44:49.056+0000] {processor.py:161} INFO - Started process (PID=12292) to work on /home/ubuntu/chch-fuel-recommendator/airflow/af_env/lib/python3.12/site-packages/airflow/example_dags/example_branch_operator_decorator.py
[2024-05-18T04:44:49.057+0000] {processor.py:830} INFO - Processing file /home/ubuntu/chch-fuel-recommendator/airflow/af_env/lib/python3.12/site-packages/airflow/example_dags/example_branch_operator_decorator.py for tasks to queue
[2024-05-18T04:44:49.060+0000] {logging_mixin.py:188} INFO - [2024-05-18T04:44:49.058+0000] {dagbag.py:545} INFO - Filling up the DagBag from /home/ubuntu/chch-fuel-recommendator/airflow/af_env/lib/python3.12/site-packages/airflow/example_dags/example_branch_operator_decorator.py
[2024-05-18T04:44:49.063+0000] {processor.py:842} WARNING - No viable dags retrieved from /home/ubuntu/chch-fuel-recommendator/airflow/af_env/lib/python3.12/site-packages/airflow/example_dags/example_branch_operator_decorator.py
[2024-05-18T04:44:49.096+0000] {processor.py:183} INFO - Processing /home/ubuntu/chch-fuel-recommendator/airflow/af_env/lib/python3.12/site-packages/airflow/example_dags/example_branch_operator_decorator.py took 0.056 seconds
[2024-05-18T04:45:50.341+0000] {processor.py:161} INFO - Started process (PID=12353) to work on /home/ubuntu/chch-fuel-recommendator/airflow/af_env/lib/python3.12/site-packages/airflow/example_dags/example_branch_operator_decorator.py
[2024-05-18T04:45:50.344+0000] {processor.py:830} INFO - Processing file /home/ubuntu/chch-fuel-recommendator/airflow/af_env/lib/python3.12/site-packages/airflow/example_dags/example_branch_operator_decorator.py for tasks to queue
[2024-05-18T04:45:50.347+0000] {logging_mixin.py:188} INFO - [2024-05-18T04:45:50.346+0000] {dagbag.py:545} INFO - Filling up the DagBag from /home/ubuntu/chch-fuel-recommendator/airflow/af_env/lib/python3.12/site-packages/airflow/example_dags/example_branch_operator_decorator.py
[2024-05-18T04:45:50.351+0000] {processor.py:842} WARNING - No viable dags retrieved from /home/ubuntu/chch-fuel-recommendator/airflow/af_env/lib/python3.12/site-packages/airflow/example_dags/example_branch_operator_decorator.py
[2024-05-18T04:45:50.372+0000] {processor.py:183} INFO - Processing /home/ubuntu/chch-fuel-recommendator/airflow/af_env/lib/python3.12/site-packages/airflow/example_dags/example_branch_operator_decorator.py took 0.040 seconds
[2024-05-18T04:46:44.462+0000] {processor.py:161} INFO - Started process (PID=12406) to work on /home/ubuntu/chch-fuel-recommendator/airflow/af_env/lib/python3.12/site-packages/airflow/example_dags/example_branch_operator_decorator.py
[2024-05-18T04:46:44.463+0000] {processor.py:830} INFO - Processing file /home/ubuntu/chch-fuel-recommendator/airflow/af_env/lib/python3.12/site-packages/airflow/example_dags/example_branch_operator_decorator.py for tasks to queue
[2024-05-18T04:46:44.465+0000] {logging_mixin.py:188} INFO - [2024-05-18T04:46:44.464+0000] {dagbag.py:545} INFO - Filling up the DagBag from /home/ubuntu/chch-fuel-recommendator/airflow/af_env/lib/python3.12/site-packages/airflow/example_dags/example_branch_operator_decorator.py
[2024-05-18T04:46:44.468+0000] {processor.py:842} WARNING - No viable dags retrieved from /home/ubuntu/chch-fuel-recommendator/airflow/af_env/lib/python3.12/site-packages/airflow/example_dags/example_branch_operator_decorator.py
[2024-05-18T04:46:44.480+0000] {processor.py:183} INFO - Processing /home/ubuntu/chch-fuel-recommendator/airflow/af_env/lib/python3.12/site-packages/airflow/example_dags/example_branch_operator_decorator.py took 0.025 seconds
[2024-05-18T04:47:49.311+0000] {processor.py:161} INFO - Started process (PID=12471) to work on /home/ubuntu/chch-fuel-recommendator/airflow/af_env/lib/python3.12/site-packages/airflow/example_dags/example_branch_operator_decorator.py
[2024-05-18T04:47:49.312+0000] {processor.py:830} INFO - Processing file /home/ubuntu/chch-fuel-recommendator/airflow/af_env/lib/python3.12/site-packages/airflow/example_dags/example_branch_operator_decorator.py for tasks to queue
[2024-05-18T04:47:49.314+0000] {logging_mixin.py:188} INFO - [2024-05-18T04:47:49.314+0000] {dagbag.py:545} INFO - Filling up the DagBag from /home/ubuntu/chch-fuel-recommendator/airflow/af_env/lib/python3.12/site-packages/airflow/example_dags/example_branch_operator_decorator.py
[2024-05-18T04:47:49.316+0000] {processor.py:842} WARNING - No viable dags retrieved from /home/ubuntu/chch-fuel-recommendator/airflow/af_env/lib/python3.12/site-packages/airflow/example_dags/example_branch_operator_decorator.py
[2024-05-18T04:47:49.327+0000] {processor.py:183} INFO - Processing /home/ubuntu/chch-fuel-recommendator/airflow/af_env/lib/python3.12/site-packages/airflow/example_dags/example_branch_operator_decorator.py took 0.021 seconds
[2024-05-18T04:48:54.040+0000] {processor.py:161} INFO - Started process (PID=12536) to work on /home/ubuntu/chch-fuel-recommendator/airflow/af_env/lib/python3.12/site-packages/airflow/example_dags/example_branch_operator_decorator.py
[2024-05-18T04:48:54.048+0000] {processor.py:830} INFO - Processing file /home/ubuntu/chch-fuel-recommendator/airflow/af_env/lib/python3.12/site-packages/airflow/example_dags/example_branch_operator_decorator.py for tasks to queue
[2024-05-18T04:48:54.051+0000] {logging_mixin.py:188} INFO - [2024-05-18T04:48:54.050+0000] {dagbag.py:545} INFO - Filling up the DagBag from /home/ubuntu/chch-fuel-recommendator/airflow/af_env/lib/python3.12/site-packages/airflow/example_dags/example_branch_operator_decorator.py
[2024-05-18T04:48:54.056+0000] {processor.py:842} WARNING - No viable dags retrieved from /home/ubuntu/chch-fuel-recommendator/airflow/af_env/lib/python3.12/site-packages/airflow/example_dags/example_branch_operator_decorator.py
[2024-05-18T04:48:54.075+0000] {processor.py:183} INFO - Processing /home/ubuntu/chch-fuel-recommendator/airflow/af_env/lib/python3.12/site-packages/airflow/example_dags/example_branch_operator_decorator.py took 0.051 seconds
[2024-05-18T04:49:59.658+0000] {processor.py:161} INFO - Started process (PID=12601) to work on /home/ubuntu/chch-fuel-recommendator/airflow/af_env/lib/python3.12/site-packages/airflow/example_dags/example_branch_operator_decorator.py
[2024-05-18T04:49:59.662+0000] {processor.py:830} INFO - Processing file /home/ubuntu/chch-fuel-recommendator/airflow/af_env/lib/python3.12/site-packages/airflow/example_dags/example_branch_operator_decorator.py for tasks to queue
[2024-05-18T04:49:59.665+0000] {logging_mixin.py:188} INFO - [2024-05-18T04:49:59.664+0000] {dagbag.py:545} INFO - Filling up the DagBag from /home/ubuntu/chch-fuel-recommendator/airflow/af_env/lib/python3.12/site-packages/airflow/example_dags/example_branch_operator_decorator.py
[2024-05-18T04:49:59.672+0000] {processor.py:842} WARNING - No viable dags retrieved from /home/ubuntu/chch-fuel-recommendator/airflow/af_env/lib/python3.12/site-packages/airflow/example_dags/example_branch_operator_decorator.py
[2024-05-18T04:49:59.699+0000] {processor.py:183} INFO - Processing /home/ubuntu/chch-fuel-recommendator/airflow/af_env/lib/python3.12/site-packages/airflow/example_dags/example_branch_operator_decorator.py took 0.054 seconds
[2024-05-18T04:51:06.776+0000] {processor.py:161} INFO - Started process (PID=12671) to work on /home/ubuntu/chch-fuel-recommendator/airflow/af_env/lib/python3.12/site-packages/airflow/example_dags/example_branch_operator_decorator.py
[2024-05-18T04:51:06.777+0000] {processor.py:830} INFO - Processing file /home/ubuntu/chch-fuel-recommendator/airflow/af_env/lib/python3.12/site-packages/airflow/example_dags/example_branch_operator_decorator.py for tasks to queue
[2024-05-18T04:51:06.779+0000] {logging_mixin.py:188} INFO - [2024-05-18T04:51:06.779+0000] {dagbag.py:545} INFO - Filling up the DagBag from /home/ubuntu/chch-fuel-recommendator/airflow/af_env/lib/python3.12/site-packages/airflow/example_dags/example_branch_operator_decorator.py
[2024-05-18T04:51:06.783+0000] {processor.py:842} WARNING - No viable dags retrieved from /home/ubuntu/chch-fuel-recommendator/airflow/af_env/lib/python3.12/site-packages/airflow/example_dags/example_branch_operator_decorator.py
[2024-05-18T04:51:06.800+0000] {processor.py:183} INFO - Processing /home/ubuntu/chch-fuel-recommendator/airflow/af_env/lib/python3.12/site-packages/airflow/example_dags/example_branch_operator_decorator.py took 0.031 seconds
[2024-05-18T04:52:11.930+0000] {processor.py:161} INFO - Started process (PID=12736) to work on /home/ubuntu/chch-fuel-recommendator/airflow/af_env/lib/python3.12/site-packages/airflow/example_dags/example_branch_operator_decorator.py
[2024-05-18T04:52:11.932+0000] {processor.py:830} INFO - Processing file /home/ubuntu/chch-fuel-recommendator/airflow/af_env/lib/python3.12/site-packages/airflow/example_dags/example_branch_operator_decorator.py for tasks to queue
[2024-05-18T04:52:11.934+0000] {logging_mixin.py:188} INFO - [2024-05-18T04:52:11.933+0000] {dagbag.py:545} INFO - Filling up the DagBag from /home/ubuntu/chch-fuel-recommendator/airflow/af_env/lib/python3.12/site-packages/airflow/example_dags/example_branch_operator_decorator.py
[2024-05-18T04:52:11.937+0000] {processor.py:842} WARNING - No viable dags retrieved from /home/ubuntu/chch-fuel-recommendator/airflow/af_env/lib/python3.12/site-packages/airflow/example_dags/example_branch_operator_decorator.py
[2024-05-18T04:52:11.949+0000] {processor.py:183} INFO - Processing /home/ubuntu/chch-fuel-recommendator/airflow/af_env/lib/python3.12/site-packages/airflow/example_dags/example_branch_operator_decorator.py took 0.025 seconds
[2024-05-18T04:53:22.822+0000] {processor.py:161} INFO - Started process (PID=12805) to work on /home/ubuntu/chch-fuel-recommendator/airflow/af_env/lib/python3.12/site-packages/airflow/example_dags/example_branch_operator_decorator.py
[2024-05-18T04:53:22.823+0000] {processor.py:830} INFO - Processing file /home/ubuntu/chch-fuel-recommendator/airflow/af_env/lib/python3.12/site-packages/airflow/example_dags/example_branch_operator_decorator.py for tasks to queue
[2024-05-18T04:53:22.825+0000] {logging_mixin.py:188} INFO - [2024-05-18T04:53:22.825+0000] {dagbag.py:545} INFO - Filling up the DagBag from /home/ubuntu/chch-fuel-recommendator/airflow/af_env/lib/python3.12/site-packages/airflow/example_dags/example_branch_operator_decorator.py
[2024-05-18T04:53:22.828+0000] {processor.py:842} WARNING - No viable dags retrieved from /home/ubuntu/chch-fuel-recommendator/airflow/af_env/lib/python3.12/site-packages/airflow/example_dags/example_branch_operator_decorator.py
[2024-05-18T04:53:22.842+0000] {processor.py:183} INFO - Processing /home/ubuntu/chch-fuel-recommendator/airflow/af_env/lib/python3.12/site-packages/airflow/example_dags/example_branch_operator_decorator.py took 0.026 seconds
[2024-05-18T05:32:19.802+0000] {processor.py:161} INFO - Started process (PID=15103) to work on /home/ubuntu/airflow/airflow_env/lib/python3.12/site-packages/airflow/example_dags/example_branch_operator_decorator.py
[2024-05-18T05:32:19.804+0000] {processor.py:830} INFO - Processing file /home/ubuntu/airflow/airflow_env/lib/python3.12/site-packages/airflow/example_dags/example_branch_operator_decorator.py for tasks to queue
[2024-05-18T05:32:19.806+0000] {logging_mixin.py:188} INFO - [2024-05-18T05:32:19.806+0000] {dagbag.py:545} INFO - Filling up the DagBag from /home/ubuntu/airflow/airflow_env/lib/python3.12/site-packages/airflow/example_dags/example_branch_operator_decorator.py
[2024-05-18T05:32:19.809+0000] {processor.py:842} WARNING - No viable dags retrieved from /home/ubuntu/airflow/airflow_env/lib/python3.12/site-packages/airflow/example_dags/example_branch_operator_decorator.py
[2024-05-18T05:32:19.878+0000] {processor.py:183} INFO - Processing /home/ubuntu/airflow/airflow_env/lib/python3.12/site-packages/airflow/example_dags/example_branch_operator_decorator.py took 0.085 seconds
[2024-05-18T05:32:50.570+0000] {processor.py:161} INFO - Started process (PID=15157) to work on /home/ubuntu/airflow/airflow_env/lib/python3.12/site-packages/airflow/example_dags/example_branch_operator_decorator.py
[2024-05-18T05:32:50.571+0000] {processor.py:830} INFO - Processing file /home/ubuntu/airflow/airflow_env/lib/python3.12/site-packages/airflow/example_dags/example_branch_operator_decorator.py for tasks to queue
[2024-05-18T05:32:50.573+0000] {logging_mixin.py:188} INFO - [2024-05-18T05:32:50.572+0000] {dagbag.py:545} INFO - Filling up the DagBag from /home/ubuntu/airflow/airflow_env/lib/python3.12/site-packages/airflow/example_dags/example_branch_operator_decorator.py
[2024-05-18T05:32:50.577+0000] {processor.py:842} WARNING - No viable dags retrieved from /home/ubuntu/airflow/airflow_env/lib/python3.12/site-packages/airflow/example_dags/example_branch_operator_decorator.py
[2024-05-18T05:32:50.631+0000] {processor.py:183} INFO - Processing /home/ubuntu/airflow/airflow_env/lib/python3.12/site-packages/airflow/example_dags/example_branch_operator_decorator.py took 0.070 seconds
[2024-05-18T05:33:20.997+0000] {processor.py:161} INFO - Started process (PID=15211) to work on /home/ubuntu/airflow/airflow_env/lib/python3.12/site-packages/airflow/example_dags/example_branch_operator_decorator.py
[2024-05-18T05:33:20.999+0000] {processor.py:830} INFO - Processing file /home/ubuntu/airflow/airflow_env/lib/python3.12/site-packages/airflow/example_dags/example_branch_operator_decorator.py for tasks to queue
[2024-05-18T05:33:21.000+0000] {logging_mixin.py:188} INFO - [2024-05-18T05:33:21.000+0000] {dagbag.py:545} INFO - Filling up the DagBag from /home/ubuntu/airflow/airflow_env/lib/python3.12/site-packages/airflow/example_dags/example_branch_operator_decorator.py
[2024-05-18T05:33:21.003+0000] {processor.py:842} WARNING - No viable dags retrieved from /home/ubuntu/airflow/airflow_env/lib/python3.12/site-packages/airflow/example_dags/example_branch_operator_decorator.py
[2024-05-18T05:33:21.061+0000] {processor.py:183} INFO - Processing /home/ubuntu/airflow/airflow_env/lib/python3.12/site-packages/airflow/example_dags/example_branch_operator_decorator.py took 0.074 seconds
[2024-05-18T05:33:51.267+0000] {processor.py:161} INFO - Started process (PID=15262) to work on /home/ubuntu/airflow/airflow_env/lib/python3.12/site-packages/airflow/example_dags/example_branch_operator_decorator.py
[2024-05-18T05:33:51.268+0000] {processor.py:830} INFO - Processing file /home/ubuntu/airflow/airflow_env/lib/python3.12/site-packages/airflow/example_dags/example_branch_operator_decorator.py for tasks to queue
[2024-05-18T05:33:51.270+0000] {logging_mixin.py:188} INFO - [2024-05-18T05:33:51.270+0000] {dagbag.py:545} INFO - Filling up the DagBag from /home/ubuntu/airflow/airflow_env/lib/python3.12/site-packages/airflow/example_dags/example_branch_operator_decorator.py
[2024-05-18T05:33:51.273+0000] {processor.py:842} WARNING - No viable dags retrieved from /home/ubuntu/airflow/airflow_env/lib/python3.12/site-packages/airflow/example_dags/example_branch_operator_decorator.py
[2024-05-18T05:33:51.324+0000] {processor.py:183} INFO - Processing /home/ubuntu/airflow/airflow_env/lib/python3.12/site-packages/airflow/example_dags/example_branch_operator_decorator.py took 0.065 seconds
[2024-05-18T05:34:22.000+0000] {processor.py:161} INFO - Started process (PID=15313) to work on /home/ubuntu/airflow/airflow_env/lib/python3.12/site-packages/airflow/example_dags/example_branch_operator_decorator.py
[2024-05-18T05:34:22.002+0000] {processor.py:830} INFO - Processing file /home/ubuntu/airflow/airflow_env/lib/python3.12/site-packages/airflow/example_dags/example_branch_operator_decorator.py for tasks to queue
[2024-05-18T05:34:22.004+0000] {logging_mixin.py:188} INFO - [2024-05-18T05:34:22.004+0000] {dagbag.py:545} INFO - Filling up the DagBag from /home/ubuntu/airflow/airflow_env/lib/python3.12/site-packages/airflow/example_dags/example_branch_operator_decorator.py
[2024-05-18T05:34:22.008+0000] {processor.py:842} WARNING - No viable dags retrieved from /home/ubuntu/airflow/airflow_env/lib/python3.12/site-packages/airflow/example_dags/example_branch_operator_decorator.py
[2024-05-18T05:34:22.062+0000] {processor.py:183} INFO - Processing /home/ubuntu/airflow/airflow_env/lib/python3.12/site-packages/airflow/example_dags/example_branch_operator_decorator.py took 0.070 seconds
[2024-05-18T05:34:52.414+0000] {processor.py:161} INFO - Started process (PID=15364) to work on /home/ubuntu/airflow/airflow_env/lib/python3.12/site-packages/airflow/example_dags/example_branch_operator_decorator.py
[2024-05-18T05:34:52.416+0000] {processor.py:830} INFO - Processing file /home/ubuntu/airflow/airflow_env/lib/python3.12/site-packages/airflow/example_dags/example_branch_operator_decorator.py for tasks to queue
[2024-05-18T05:34:52.418+0000] {logging_mixin.py:188} INFO - [2024-05-18T05:34:52.417+0000] {dagbag.py:545} INFO - Filling up the DagBag from /home/ubuntu/airflow/airflow_env/lib/python3.12/site-packages/airflow/example_dags/example_branch_operator_decorator.py
[2024-05-18T05:34:52.421+0000] {processor.py:842} WARNING - No viable dags retrieved from /home/ubuntu/airflow/airflow_env/lib/python3.12/site-packages/airflow/example_dags/example_branch_operator_decorator.py
[2024-05-18T05:34:52.484+0000] {processor.py:183} INFO - Processing /home/ubuntu/airflow/airflow_env/lib/python3.12/site-packages/airflow/example_dags/example_branch_operator_decorator.py took 0.078 seconds
[2024-05-18T05:35:22.754+0000] {processor.py:161} INFO - Started process (PID=15418) to work on /home/ubuntu/airflow/airflow_env/lib/python3.12/site-packages/airflow/example_dags/example_branch_operator_decorator.py
[2024-05-18T05:35:22.755+0000] {processor.py:830} INFO - Processing file /home/ubuntu/airflow/airflow_env/lib/python3.12/site-packages/airflow/example_dags/example_branch_operator_decorator.py for tasks to queue
[2024-05-18T05:35:22.757+0000] {logging_mixin.py:188} INFO - [2024-05-18T05:35:22.756+0000] {dagbag.py:545} INFO - Filling up the DagBag from /home/ubuntu/airflow/airflow_env/lib/python3.12/site-packages/airflow/example_dags/example_branch_operator_decorator.py
[2024-05-18T05:35:22.760+0000] {processor.py:842} WARNING - No viable dags retrieved from /home/ubuntu/airflow/airflow_env/lib/python3.12/site-packages/airflow/example_dags/example_branch_operator_decorator.py
[2024-05-18T05:35:22.806+0000] {processor.py:183} INFO - Processing /home/ubuntu/airflow/airflow_env/lib/python3.12/site-packages/airflow/example_dags/example_branch_operator_decorator.py took 0.061 seconds
[2024-05-18T05:35:53.407+0000] {processor.py:161} INFO - Started process (PID=15470) to work on /home/ubuntu/airflow/airflow_env/lib/python3.12/site-packages/airflow/example_dags/example_branch_operator_decorator.py
[2024-05-18T05:35:53.408+0000] {processor.py:830} INFO - Processing file /home/ubuntu/airflow/airflow_env/lib/python3.12/site-packages/airflow/example_dags/example_branch_operator_decorator.py for tasks to queue
[2024-05-18T05:35:53.411+0000] {logging_mixin.py:188} INFO - [2024-05-18T05:35:53.411+0000] {dagbag.py:545} INFO - Filling up the DagBag from /home/ubuntu/airflow/airflow_env/lib/python3.12/site-packages/airflow/example_dags/example_branch_operator_decorator.py
[2024-05-18T05:35:53.415+0000] {processor.py:842} WARNING - No viable dags retrieved from /home/ubuntu/airflow/airflow_env/lib/python3.12/site-packages/airflow/example_dags/example_branch_operator_decorator.py
[2024-05-18T05:35:53.465+0000] {processor.py:183} INFO - Processing /home/ubuntu/airflow/airflow_env/lib/python3.12/site-packages/airflow/example_dags/example_branch_operator_decorator.py took 0.070 seconds
[2024-05-18T05:36:24.165+0000] {processor.py:161} INFO - Started process (PID=15521) to work on /home/ubuntu/airflow/airflow_env/lib/python3.12/site-packages/airflow/example_dags/example_branch_operator_decorator.py
[2024-05-18T05:36:24.166+0000] {processor.py:830} INFO - Processing file /home/ubuntu/airflow/airflow_env/lib/python3.12/site-packages/airflow/example_dags/example_branch_operator_decorator.py for tasks to queue
[2024-05-18T05:36:24.169+0000] {logging_mixin.py:188} INFO - [2024-05-18T05:36:24.168+0000] {dagbag.py:545} INFO - Filling up the DagBag from /home/ubuntu/airflow/airflow_env/lib/python3.12/site-packages/airflow/example_dags/example_branch_operator_decorator.py
[2024-05-18T05:36:24.172+0000] {processor.py:842} WARNING - No viable dags retrieved from /home/ubuntu/airflow/airflow_env/lib/python3.12/site-packages/airflow/example_dags/example_branch_operator_decorator.py
[2024-05-18T05:36:24.224+0000] {processor.py:183} INFO - Processing /home/ubuntu/airflow/airflow_env/lib/python3.12/site-packages/airflow/example_dags/example_branch_operator_decorator.py took 0.070 seconds
[2024-05-18T05:36:55.068+0000] {processor.py:161} INFO - Started process (PID=15572) to work on /home/ubuntu/airflow/airflow_env/lib/python3.12/site-packages/airflow/example_dags/example_branch_operator_decorator.py
[2024-05-18T05:36:55.071+0000] {processor.py:830} INFO - Processing file /home/ubuntu/airflow/airflow_env/lib/python3.12/site-packages/airflow/example_dags/example_branch_operator_decorator.py for tasks to queue
[2024-05-18T05:36:55.075+0000] {logging_mixin.py:188} INFO - [2024-05-18T05:36:55.075+0000] {dagbag.py:545} INFO - Filling up the DagBag from /home/ubuntu/airflow/airflow_env/lib/python3.12/site-packages/airflow/example_dags/example_branch_operator_decorator.py
[2024-05-18T05:36:55.079+0000] {processor.py:842} WARNING - No viable dags retrieved from /home/ubuntu/airflow/airflow_env/lib/python3.12/site-packages/airflow/example_dags/example_branch_operator_decorator.py
[2024-05-18T05:36:55.141+0000] {processor.py:183} INFO - Processing /home/ubuntu/airflow/airflow_env/lib/python3.12/site-packages/airflow/example_dags/example_branch_operator_decorator.py took 0.085 seconds
[2024-05-18T05:37:26.230+0000] {processor.py:161} INFO - Started process (PID=15623) to work on /home/ubuntu/airflow/airflow_env/lib/python3.12/site-packages/airflow/example_dags/example_branch_operator_decorator.py
[2024-05-18T05:37:26.232+0000] {processor.py:830} INFO - Processing file /home/ubuntu/airflow/airflow_env/lib/python3.12/site-packages/airflow/example_dags/example_branch_operator_decorator.py for tasks to queue
[2024-05-18T05:37:26.235+0000] {logging_mixin.py:188} INFO - [2024-05-18T05:37:26.235+0000] {dagbag.py:545} INFO - Filling up the DagBag from /home/ubuntu/airflow/airflow_env/lib/python3.12/site-packages/airflow/example_dags/example_branch_operator_decorator.py
[2024-05-18T05:37:26.239+0000] {processor.py:842} WARNING - No viable dags retrieved from /home/ubuntu/airflow/airflow_env/lib/python3.12/site-packages/airflow/example_dags/example_branch_operator_decorator.py
[2024-05-18T05:37:26.294+0000] {processor.py:183} INFO - Processing /home/ubuntu/airflow/airflow_env/lib/python3.12/site-packages/airflow/example_dags/example_branch_operator_decorator.py took 0.073 seconds
[2024-05-18T05:37:57.507+0000] {processor.py:161} INFO - Started process (PID=15675) to work on /home/ubuntu/airflow/airflow_env/lib/python3.12/site-packages/airflow/example_dags/example_branch_operator_decorator.py
[2024-05-18T05:37:57.508+0000] {processor.py:830} INFO - Processing file /home/ubuntu/airflow/airflow_env/lib/python3.12/site-packages/airflow/example_dags/example_branch_operator_decorator.py for tasks to queue
[2024-05-18T05:37:57.511+0000] {logging_mixin.py:188} INFO - [2024-05-18T05:37:57.510+0000] {dagbag.py:545} INFO - Filling up the DagBag from /home/ubuntu/airflow/airflow_env/lib/python3.12/site-packages/airflow/example_dags/example_branch_operator_decorator.py
[2024-05-18T05:37:57.515+0000] {processor.py:842} WARNING - No viable dags retrieved from /home/ubuntu/airflow/airflow_env/lib/python3.12/site-packages/airflow/example_dags/example_branch_operator_decorator.py
[2024-05-18T05:37:57.566+0000] {processor.py:183} INFO - Processing /home/ubuntu/airflow/airflow_env/lib/python3.12/site-packages/airflow/example_dags/example_branch_operator_decorator.py took 0.068 seconds
[2024-05-18T05:38:28.569+0000] {processor.py:161} INFO - Started process (PID=15726) to work on /home/ubuntu/airflow/airflow_env/lib/python3.12/site-packages/airflow/example_dags/example_branch_operator_decorator.py
[2024-05-18T05:38:28.571+0000] {processor.py:830} INFO - Processing file /home/ubuntu/airflow/airflow_env/lib/python3.12/site-packages/airflow/example_dags/example_branch_operator_decorator.py for tasks to queue
[2024-05-18T05:38:28.573+0000] {logging_mixin.py:188} INFO - [2024-05-18T05:38:28.573+0000] {dagbag.py:545} INFO - Filling up the DagBag from /home/ubuntu/airflow/airflow_env/lib/python3.12/site-packages/airflow/example_dags/example_branch_operator_decorator.py
[2024-05-18T05:38:28.577+0000] {processor.py:842} WARNING - No viable dags retrieved from /home/ubuntu/airflow/airflow_env/lib/python3.12/site-packages/airflow/example_dags/example_branch_operator_decorator.py
[2024-05-18T05:38:28.643+0000] {processor.py:183} INFO - Processing /home/ubuntu/airflow/airflow_env/lib/python3.12/site-packages/airflow/example_dags/example_branch_operator_decorator.py took 0.082 seconds
[2024-05-18T05:38:58.699+0000] {processor.py:161} INFO - Started process (PID=15776) to work on /home/ubuntu/airflow/airflow_env/lib/python3.12/site-packages/airflow/example_dags/example_branch_operator_decorator.py
[2024-05-18T05:38:58.699+0000] {processor.py:830} INFO - Processing file /home/ubuntu/airflow/airflow_env/lib/python3.12/site-packages/airflow/example_dags/example_branch_operator_decorator.py for tasks to queue
[2024-05-18T05:38:58.701+0000] {logging_mixin.py:188} INFO - [2024-05-18T05:38:58.701+0000] {dagbag.py:545} INFO - Filling up the DagBag from /home/ubuntu/airflow/airflow_env/lib/python3.12/site-packages/airflow/example_dags/example_branch_operator_decorator.py
[2024-05-18T05:38:58.705+0000] {processor.py:842} WARNING - No viable dags retrieved from /home/ubuntu/airflow/airflow_env/lib/python3.12/site-packages/airflow/example_dags/example_branch_operator_decorator.py
[2024-05-18T05:38:58.747+0000] {processor.py:183} INFO - Processing /home/ubuntu/airflow/airflow_env/lib/python3.12/site-packages/airflow/example_dags/example_branch_operator_decorator.py took 0.056 seconds
[2024-05-18T05:39:29.772+0000] {processor.py:161} INFO - Started process (PID=15828) to work on /home/ubuntu/airflow/airflow_env/lib/python3.12/site-packages/airflow/example_dags/example_branch_operator_decorator.py
[2024-05-18T05:39:29.774+0000] {processor.py:830} INFO - Processing file /home/ubuntu/airflow/airflow_env/lib/python3.12/site-packages/airflow/example_dags/example_branch_operator_decorator.py for tasks to queue
[2024-05-18T05:39:29.776+0000] {logging_mixin.py:188} INFO - [2024-05-18T05:39:29.776+0000] {dagbag.py:545} INFO - Filling up the DagBag from /home/ubuntu/airflow/airflow_env/lib/python3.12/site-packages/airflow/example_dags/example_branch_operator_decorator.py
[2024-05-18T05:39:29.780+0000] {processor.py:842} WARNING - No viable dags retrieved from /home/ubuntu/airflow/airflow_env/lib/python3.12/site-packages/airflow/example_dags/example_branch_operator_decorator.py
[2024-05-18T05:39:29.826+0000] {processor.py:183} INFO - Processing /home/ubuntu/airflow/airflow_env/lib/python3.12/site-packages/airflow/example_dags/example_branch_operator_decorator.py took 0.066 seconds
[2024-05-18T05:40:00.527+0000] {processor.py:161} INFO - Started process (PID=15879) to work on /home/ubuntu/airflow/airflow_env/lib/python3.12/site-packages/airflow/example_dags/example_branch_operator_decorator.py
[2024-05-18T05:40:00.528+0000] {processor.py:830} INFO - Processing file /home/ubuntu/airflow/airflow_env/lib/python3.12/site-packages/airflow/example_dags/example_branch_operator_decorator.py for tasks to queue
[2024-05-18T05:40:00.532+0000] {logging_mixin.py:188} INFO - [2024-05-18T05:40:00.530+0000] {dagbag.py:545} INFO - Filling up the DagBag from /home/ubuntu/airflow/airflow_env/lib/python3.12/site-packages/airflow/example_dags/example_branch_operator_decorator.py
[2024-05-18T05:40:00.542+0000] {processor.py:842} WARNING - No viable dags retrieved from /home/ubuntu/airflow/airflow_env/lib/python3.12/site-packages/airflow/example_dags/example_branch_operator_decorator.py
[2024-05-18T05:40:00.594+0000] {processor.py:183} INFO - Processing /home/ubuntu/airflow/airflow_env/lib/python3.12/site-packages/airflow/example_dags/example_branch_operator_decorator.py took 0.079 seconds
[2024-05-18T05:40:30.845+0000] {processor.py:161} INFO - Started process (PID=16214) to work on /home/ubuntu/airflow/airflow_env/lib/python3.12/site-packages/airflow/example_dags/example_branch_operator_decorator.py
[2024-05-18T05:40:30.846+0000] {processor.py:830} INFO - Processing file /home/ubuntu/airflow/airflow_env/lib/python3.12/site-packages/airflow/example_dags/example_branch_operator_decorator.py for tasks to queue
[2024-05-18T05:40:30.848+0000] {logging_mixin.py:188} INFO - [2024-05-18T05:40:30.848+0000] {dagbag.py:545} INFO - Filling up the DagBag from /home/ubuntu/airflow/airflow_env/lib/python3.12/site-packages/airflow/example_dags/example_branch_operator_decorator.py
[2024-05-18T05:40:30.852+0000] {processor.py:842} WARNING - No viable dags retrieved from /home/ubuntu/airflow/airflow_env/lib/python3.12/site-packages/airflow/example_dags/example_branch_operator_decorator.py
[2024-05-18T05:40:30.896+0000] {processor.py:183} INFO - Processing /home/ubuntu/airflow/airflow_env/lib/python3.12/site-packages/airflow/example_dags/example_branch_operator_decorator.py took 0.060 seconds
[2024-05-18T05:41:02.039+0000] {processor.py:161} INFO - Started process (PID=16267) to work on /home/ubuntu/airflow/airflow_env/lib/python3.12/site-packages/airflow/example_dags/example_branch_operator_decorator.py
[2024-05-18T05:41:02.040+0000] {processor.py:830} INFO - Processing file /home/ubuntu/airflow/airflow_env/lib/python3.12/site-packages/airflow/example_dags/example_branch_operator_decorator.py for tasks to queue
[2024-05-18T05:41:02.042+0000] {logging_mixin.py:188} INFO - [2024-05-18T05:41:02.042+0000] {dagbag.py:545} INFO - Filling up the DagBag from /home/ubuntu/airflow/airflow_env/lib/python3.12/site-packages/airflow/example_dags/example_branch_operator_decorator.py
[2024-05-18T05:41:02.044+0000] {processor.py:842} WARNING - No viable dags retrieved from /home/ubuntu/airflow/airflow_env/lib/python3.12/site-packages/airflow/example_dags/example_branch_operator_decorator.py
[2024-05-18T05:41:02.134+0000] {processor.py:183} INFO - Processing /home/ubuntu/airflow/airflow_env/lib/python3.12/site-packages/airflow/example_dags/example_branch_operator_decorator.py took 0.101 seconds
[2024-05-18T05:41:32.903+0000] {processor.py:161} INFO - Started process (PID=16319) to work on /home/ubuntu/airflow/airflow_env/lib/python3.12/site-packages/airflow/example_dags/example_branch_operator_decorator.py
[2024-05-18T05:41:32.905+0000] {processor.py:830} INFO - Processing file /home/ubuntu/airflow/airflow_env/lib/python3.12/site-packages/airflow/example_dags/example_branch_operator_decorator.py for tasks to queue
[2024-05-18T05:41:32.907+0000] {logging_mixin.py:188} INFO - [2024-05-18T05:41:32.907+0000] {dagbag.py:545} INFO - Filling up the DagBag from /home/ubuntu/airflow/airflow_env/lib/python3.12/site-packages/airflow/example_dags/example_branch_operator_decorator.py
[2024-05-18T05:41:32.910+0000] {processor.py:842} WARNING - No viable dags retrieved from /home/ubuntu/airflow/airflow_env/lib/python3.12/site-packages/airflow/example_dags/example_branch_operator_decorator.py
[2024-05-18T05:41:32.959+0000] {processor.py:183} INFO - Processing /home/ubuntu/airflow/airflow_env/lib/python3.12/site-packages/airflow/example_dags/example_branch_operator_decorator.py took 0.067 seconds
[2024-05-18T05:42:03.357+0000] {processor.py:161} INFO - Started process (PID=16371) to work on /home/ubuntu/airflow/airflow_env/lib/python3.12/site-packages/airflow/example_dags/example_branch_operator_decorator.py
[2024-05-18T05:42:03.358+0000] {processor.py:830} INFO - Processing file /home/ubuntu/airflow/airflow_env/lib/python3.12/site-packages/airflow/example_dags/example_branch_operator_decorator.py for tasks to queue
[2024-05-18T05:42:03.360+0000] {logging_mixin.py:188} INFO - [2024-05-18T05:42:03.360+0000] {dagbag.py:545} INFO - Filling up the DagBag from /home/ubuntu/airflow/airflow_env/lib/python3.12/site-packages/airflow/example_dags/example_branch_operator_decorator.py
[2024-05-18T05:42:03.363+0000] {processor.py:842} WARNING - No viable dags retrieved from /home/ubuntu/airflow/airflow_env/lib/python3.12/site-packages/airflow/example_dags/example_branch_operator_decorator.py
[2024-05-18T05:42:03.410+0000] {processor.py:183} INFO - Processing /home/ubuntu/airflow/airflow_env/lib/python3.12/site-packages/airflow/example_dags/example_branch_operator_decorator.py took 0.060 seconds
[2024-05-18T05:42:34.349+0000] {processor.py:161} INFO - Started process (PID=16422) to work on /home/ubuntu/airflow/airflow_env/lib/python3.12/site-packages/airflow/example_dags/example_branch_operator_decorator.py
[2024-05-18T05:42:34.350+0000] {processor.py:830} INFO - Processing file /home/ubuntu/airflow/airflow_env/lib/python3.12/site-packages/airflow/example_dags/example_branch_operator_decorator.py for tasks to queue
[2024-05-18T05:42:34.352+0000] {logging_mixin.py:188} INFO - [2024-05-18T05:42:34.352+0000] {dagbag.py:545} INFO - Filling up the DagBag from /home/ubuntu/airflow/airflow_env/lib/python3.12/site-packages/airflow/example_dags/example_branch_operator_decorator.py
[2024-05-18T05:42:34.356+0000] {processor.py:842} WARNING - No viable dags retrieved from /home/ubuntu/airflow/airflow_env/lib/python3.12/site-packages/airflow/example_dags/example_branch_operator_decorator.py
[2024-05-18T05:42:34.394+0000] {processor.py:183} INFO - Processing /home/ubuntu/airflow/airflow_env/lib/python3.12/site-packages/airflow/example_dags/example_branch_operator_decorator.py took 0.057 seconds
[2024-05-18T05:43:05.426+0000] {processor.py:161} INFO - Started process (PID=16502) to work on /home/ubuntu/airflow/airflow_env/lib/python3.12/site-packages/airflow/example_dags/example_branch_operator_decorator.py
[2024-05-18T05:43:05.427+0000] {processor.py:830} INFO - Processing file /home/ubuntu/airflow/airflow_env/lib/python3.12/site-packages/airflow/example_dags/example_branch_operator_decorator.py for tasks to queue
[2024-05-18T05:43:05.434+0000] {logging_mixin.py:188} INFO - [2024-05-18T05:43:05.433+0000] {dagbag.py:545} INFO - Filling up the DagBag from /home/ubuntu/airflow/airflow_env/lib/python3.12/site-packages/airflow/example_dags/example_branch_operator_decorator.py
[2024-05-18T05:43:05.440+0000] {processor.py:842} WARNING - No viable dags retrieved from /home/ubuntu/airflow/airflow_env/lib/python3.12/site-packages/airflow/example_dags/example_branch_operator_decorator.py
[2024-05-18T05:43:05.506+0000] {processor.py:183} INFO - Processing /home/ubuntu/airflow/airflow_env/lib/python3.12/site-packages/airflow/example_dags/example_branch_operator_decorator.py took 0.113 seconds
[2024-05-18T05:43:36.191+0000] {processor.py:161} INFO - Started process (PID=16558) to work on /home/ubuntu/airflow/airflow_env/lib/python3.12/site-packages/airflow/example_dags/example_branch_operator_decorator.py
[2024-05-18T05:43:36.193+0000] {processor.py:830} INFO - Processing file /home/ubuntu/airflow/airflow_env/lib/python3.12/site-packages/airflow/example_dags/example_branch_operator_decorator.py for tasks to queue
[2024-05-18T05:43:36.196+0000] {logging_mixin.py:188} INFO - [2024-05-18T05:43:36.196+0000] {dagbag.py:545} INFO - Filling up the DagBag from /home/ubuntu/airflow/airflow_env/lib/python3.12/site-packages/airflow/example_dags/example_branch_operator_decorator.py
[2024-05-18T05:43:36.199+0000] {processor.py:842} WARNING - No viable dags retrieved from /home/ubuntu/airflow/airflow_env/lib/python3.12/site-packages/airflow/example_dags/example_branch_operator_decorator.py
[2024-05-18T05:43:36.257+0000] {processor.py:183} INFO - Processing /home/ubuntu/airflow/airflow_env/lib/python3.12/site-packages/airflow/example_dags/example_branch_operator_decorator.py took 0.076 seconds
