[2024-05-18T04:44:18.770+0000] {processor.py:161} INFO - Started process (PID=12268) to work on /home/ubuntu/chch-fuel-recommendator/airflow/af_env/lib/python3.12/site-packages/airflow/example_dags/example_skip_dag.py
[2024-05-18T04:44:18.771+0000] {processor.py:830} INFO - Processing file /home/ubuntu/chch-fuel-recommendator/airflow/af_env/lib/python3.12/site-packages/airflow/example_dags/example_skip_dag.py for tasks to queue
[2024-05-18T04:44:18.775+0000] {logging_mixin.py:188} INFO - [2024-05-18T04:44:18.775+0000] {dagbag.py:545} INFO - Filling up the DagBag from /home/ubuntu/chch-fuel-recommendator/airflow/af_env/lib/python3.12/site-packages/airflow/example_dags/example_skip_dag.py
[2024-05-18T04:44:18.783+0000] {processor.py:840} INFO - DAG(s) 'example_skip_dag' retrieved from /home/ubuntu/chch-fuel-recommendator/airflow/af_env/lib/python3.12/site-packages/airflow/example_dags/example_skip_dag.py
[2024-05-18T04:44:18.898+0000] {logging_mixin.py:188} INFO - [2024-05-18T04:44:18.897+0000] {override.py:1829} INFO - Created Permission View: can edit on DAG:example_skip_dag
[2024-05-18T04:44:18.915+0000] {logging_mixin.py:188} INFO - [2024-05-18T04:44:18.915+0000] {override.py:1829} INFO - Created Permission View: can read on DAG:example_skip_dag
[2024-05-18T04:44:18.927+0000] {logging_mixin.py:188} INFO - [2024-05-18T04:44:18.927+0000] {override.py:1829} INFO - Created Permission View: can delete on DAG:example_skip_dag
[2024-05-18T04:44:18.928+0000] {logging_mixin.py:188} INFO - [2024-05-18T04:44:18.927+0000] {dag.py:3096} INFO - Sync 1 DAGs
[2024-05-18T04:44:18.940+0000] {logging_mixin.py:188} INFO - [2024-05-18T04:44:18.940+0000] {dag.py:3118} INFO - Creating ORM DAG for example_skip_dag
[2024-05-18T04:44:18.956+0000] {logging_mixin.py:188} INFO - [2024-05-18T04:44:18.956+0000] {dag.py:3954} INFO - Setting next_dagrun for example_skip_dag to 2024-05-17 00:00:00+00:00, run_after=2024-05-18 00:00:00+00:00
[2024-05-18T04:44:18.990+0000] {processor.py:183} INFO - Processing /home/ubuntu/chch-fuel-recommendator/airflow/af_env/lib/python3.12/site-packages/airflow/example_dags/example_skip_dag.py took 0.226 seconds
[2024-05-18T04:45:17.714+0000] {processor.py:161} INFO - Started process (PID=12322) to work on /home/ubuntu/chch-fuel-recommendator/airflow/af_env/lib/python3.12/site-packages/airflow/example_dags/example_skip_dag.py
[2024-05-18T04:45:17.718+0000] {processor.py:830} INFO - Processing file /home/ubuntu/chch-fuel-recommendator/airflow/af_env/lib/python3.12/site-packages/airflow/example_dags/example_skip_dag.py for tasks to queue
[2024-05-18T04:45:17.722+0000] {logging_mixin.py:188} INFO - [2024-05-18T04:45:17.721+0000] {dagbag.py:545} INFO - Filling up the DagBag from /home/ubuntu/chch-fuel-recommendator/airflow/af_env/lib/python3.12/site-packages/airflow/example_dags/example_skip_dag.py
[2024-05-18T04:45:17.732+0000] {processor.py:840} INFO - DAG(s) 'example_skip_dag' retrieved from /home/ubuntu/chch-fuel-recommendator/airflow/af_env/lib/python3.12/site-packages/airflow/example_dags/example_skip_dag.py
[2024-05-18T04:45:17.764+0000] {logging_mixin.py:188} INFO - [2024-05-18T04:45:17.763+0000] {dag.py:3096} INFO - Sync 1 DAGs
[2024-05-18T04:45:17.806+0000] {logging_mixin.py:188} INFO - [2024-05-18T04:45:17.806+0000] {dag.py:3954} INFO - Setting next_dagrun for example_skip_dag to 2024-05-17 00:00:00+00:00, run_after=2024-05-18 00:00:00+00:00
[2024-05-18T04:45:17.833+0000] {processor.py:183} INFO - Processing /home/ubuntu/chch-fuel-recommendator/airflow/af_env/lib/python3.12/site-packages/airflow/example_dags/example_skip_dag.py took 0.126 seconds
[2024-05-18T04:46:15.094+0000] {processor.py:161} INFO - Started process (PID=12378) to work on /home/ubuntu/chch-fuel-recommendator/airflow/af_env/lib/python3.12/site-packages/airflow/example_dags/example_skip_dag.py
[2024-05-18T04:46:15.095+0000] {processor.py:830} INFO - Processing file /home/ubuntu/chch-fuel-recommendator/airflow/af_env/lib/python3.12/site-packages/airflow/example_dags/example_skip_dag.py for tasks to queue
[2024-05-18T04:46:15.098+0000] {logging_mixin.py:188} INFO - [2024-05-18T04:46:15.097+0000] {dagbag.py:545} INFO - Filling up the DagBag from /home/ubuntu/chch-fuel-recommendator/airflow/af_env/lib/python3.12/site-packages/airflow/example_dags/example_skip_dag.py
[2024-05-18T04:46:15.105+0000] {processor.py:840} INFO - DAG(s) 'example_skip_dag' retrieved from /home/ubuntu/chch-fuel-recommendator/airflow/af_env/lib/python3.12/site-packages/airflow/example_dags/example_skip_dag.py
[2024-05-18T04:46:15.127+0000] {logging_mixin.py:188} INFO - [2024-05-18T04:46:15.127+0000] {dag.py:3096} INFO - Sync 1 DAGs
[2024-05-18T04:46:15.151+0000] {logging_mixin.py:188} INFO - [2024-05-18T04:46:15.151+0000] {dag.py:3954} INFO - Setting next_dagrun for example_skip_dag to 2024-05-17 00:00:00+00:00, run_after=2024-05-18 00:00:00+00:00
[2024-05-18T04:46:15.179+0000] {processor.py:183} INFO - Processing /home/ubuntu/chch-fuel-recommendator/airflow/af_env/lib/python3.12/site-packages/airflow/example_dags/example_skip_dag.py took 0.098 seconds
[2024-05-18T04:47:05.858+0000] {processor.py:161} INFO - Started process (PID=12429) to work on /home/ubuntu/chch-fuel-recommendator/airflow/af_env/lib/python3.12/site-packages/airflow/example_dags/example_skip_dag.py
[2024-05-18T04:47:05.859+0000] {processor.py:830} INFO - Processing file /home/ubuntu/chch-fuel-recommendator/airflow/af_env/lib/python3.12/site-packages/airflow/example_dags/example_skip_dag.py for tasks to queue
[2024-05-18T04:47:05.861+0000] {logging_mixin.py:188} INFO - [2024-05-18T04:47:05.861+0000] {dagbag.py:545} INFO - Filling up the DagBag from /home/ubuntu/chch-fuel-recommendator/airflow/af_env/lib/python3.12/site-packages/airflow/example_dags/example_skip_dag.py
[2024-05-18T04:47:05.868+0000] {processor.py:840} INFO - DAG(s) 'example_skip_dag' retrieved from /home/ubuntu/chch-fuel-recommendator/airflow/af_env/lib/python3.12/site-packages/airflow/example_dags/example_skip_dag.py
[2024-05-18T04:47:05.886+0000] {logging_mixin.py:188} INFO - [2024-05-18T04:47:05.886+0000] {dag.py:3096} INFO - Sync 1 DAGs
[2024-05-18T04:47:05.908+0000] {logging_mixin.py:188} INFO - [2024-05-18T04:47:05.908+0000] {dag.py:3954} INFO - Setting next_dagrun for example_skip_dag to 2024-05-17 00:00:00+00:00, run_after=2024-05-18 00:00:00+00:00
[2024-05-18T04:47:05.934+0000] {processor.py:183} INFO - Processing /home/ubuntu/chch-fuel-recommendator/airflow/af_env/lib/python3.12/site-packages/airflow/example_dags/example_skip_dag.py took 0.082 seconds
[2024-05-18T04:47:59.703+0000] {processor.py:161} INFO - Started process (PID=12482) to work on /home/ubuntu/chch-fuel-recommendator/airflow/af_env/lib/python3.12/site-packages/airflow/example_dags/example_skip_dag.py
[2024-05-18T04:47:59.705+0000] {processor.py:830} INFO - Processing file /home/ubuntu/chch-fuel-recommendator/airflow/af_env/lib/python3.12/site-packages/airflow/example_dags/example_skip_dag.py for tasks to queue
[2024-05-18T04:47:59.707+0000] {logging_mixin.py:188} INFO - [2024-05-18T04:47:59.707+0000] {dagbag.py:545} INFO - Filling up the DagBag from /home/ubuntu/chch-fuel-recommendator/airflow/af_env/lib/python3.12/site-packages/airflow/example_dags/example_skip_dag.py
[2024-05-18T04:47:59.719+0000] {processor.py:840} INFO - DAG(s) 'example_skip_dag' retrieved from /home/ubuntu/chch-fuel-recommendator/airflow/af_env/lib/python3.12/site-packages/airflow/example_dags/example_skip_dag.py
[2024-05-18T04:47:59.741+0000] {logging_mixin.py:188} INFO - [2024-05-18T04:47:59.741+0000] {dag.py:3096} INFO - Sync 1 DAGs
[2024-05-18T04:47:59.764+0000] {logging_mixin.py:188} INFO - [2024-05-18T04:47:59.764+0000] {dag.py:3954} INFO - Setting next_dagrun for example_skip_dag to 2024-05-17 00:00:00+00:00, run_after=2024-05-18 00:00:00+00:00
[2024-05-18T04:47:59.788+0000] {processor.py:183} INFO - Processing /home/ubuntu/chch-fuel-recommendator/airflow/af_env/lib/python3.12/site-packages/airflow/example_dags/example_skip_dag.py took 0.091 seconds
[2024-05-18T04:48:43.812+0000] {processor.py:161} INFO - Started process (PID=12525) to work on /home/ubuntu/chch-fuel-recommendator/airflow/af_env/lib/python3.12/site-packages/airflow/example_dags/example_skip_dag.py
[2024-05-18T04:48:43.814+0000] {processor.py:830} INFO - Processing file /home/ubuntu/chch-fuel-recommendator/airflow/af_env/lib/python3.12/site-packages/airflow/example_dags/example_skip_dag.py for tasks to queue
[2024-05-18T04:48:43.816+0000] {logging_mixin.py:188} INFO - [2024-05-18T04:48:43.816+0000] {dagbag.py:545} INFO - Filling up the DagBag from /home/ubuntu/chch-fuel-recommendator/airflow/af_env/lib/python3.12/site-packages/airflow/example_dags/example_skip_dag.py
[2024-05-18T04:48:43.823+0000] {processor.py:840} INFO - DAG(s) 'example_skip_dag' retrieved from /home/ubuntu/chch-fuel-recommendator/airflow/af_env/lib/python3.12/site-packages/airflow/example_dags/example_skip_dag.py
[2024-05-18T04:48:43.843+0000] {logging_mixin.py:188} INFO - [2024-05-18T04:48:43.843+0000] {dag.py:3096} INFO - Sync 1 DAGs
[2024-05-18T04:48:43.866+0000] {logging_mixin.py:188} INFO - [2024-05-18T04:48:43.865+0000] {dag.py:3954} INFO - Setting next_dagrun for example_skip_dag to 2024-05-17 00:00:00+00:00, run_after=2024-05-18 00:00:00+00:00
[2024-05-18T04:48:43.895+0000] {processor.py:183} INFO - Processing /home/ubuntu/chch-fuel-recommendator/airflow/af_env/lib/python3.12/site-packages/airflow/example_dags/example_skip_dag.py took 0.089 seconds
[2024-05-18T04:49:28.092+0000] {processor.py:161} INFO - Started process (PID=12569) to work on /home/ubuntu/chch-fuel-recommendator/airflow/af_env/lib/python3.12/site-packages/airflow/example_dags/example_skip_dag.py
[2024-05-18T04:49:28.094+0000] {processor.py:830} INFO - Processing file /home/ubuntu/chch-fuel-recommendator/airflow/af_env/lib/python3.12/site-packages/airflow/example_dags/example_skip_dag.py for tasks to queue
[2024-05-18T04:49:28.097+0000] {logging_mixin.py:188} INFO - [2024-05-18T04:49:28.096+0000] {dagbag.py:545} INFO - Filling up the DagBag from /home/ubuntu/chch-fuel-recommendator/airflow/af_env/lib/python3.12/site-packages/airflow/example_dags/example_skip_dag.py
[2024-05-18T04:49:28.107+0000] {processor.py:840} INFO - DAG(s) 'example_skip_dag' retrieved from /home/ubuntu/chch-fuel-recommendator/airflow/af_env/lib/python3.12/site-packages/airflow/example_dags/example_skip_dag.py
[2024-05-18T04:49:28.134+0000] {logging_mixin.py:188} INFO - [2024-05-18T04:49:28.133+0000] {dag.py:3096} INFO - Sync 1 DAGs
[2024-05-18T04:49:28.159+0000] {logging_mixin.py:188} INFO - [2024-05-18T04:49:28.159+0000] {dag.py:3954} INFO - Setting next_dagrun for example_skip_dag to 2024-05-17 00:00:00+00:00, run_after=2024-05-18 00:00:00+00:00
[2024-05-18T04:49:28.192+0000] {processor.py:183} INFO - Processing /home/ubuntu/chch-fuel-recommendator/airflow/af_env/lib/python3.12/site-packages/airflow/example_dags/example_skip_dag.py took 0.107 seconds
[2024-05-18T04:50:12.589+0000] {processor.py:161} INFO - Started process (PID=12617) to work on /home/ubuntu/chch-fuel-recommendator/airflow/af_env/lib/python3.12/site-packages/airflow/example_dags/example_skip_dag.py
[2024-05-18T04:50:12.591+0000] {processor.py:830} INFO - Processing file /home/ubuntu/chch-fuel-recommendator/airflow/af_env/lib/python3.12/site-packages/airflow/example_dags/example_skip_dag.py for tasks to queue
[2024-05-18T04:50:12.593+0000] {logging_mixin.py:188} INFO - [2024-05-18T04:50:12.592+0000] {dagbag.py:545} INFO - Filling up the DagBag from /home/ubuntu/chch-fuel-recommendator/airflow/af_env/lib/python3.12/site-packages/airflow/example_dags/example_skip_dag.py
[2024-05-18T04:50:12.601+0000] {processor.py:840} INFO - DAG(s) 'example_skip_dag' retrieved from /home/ubuntu/chch-fuel-recommendator/airflow/af_env/lib/python3.12/site-packages/airflow/example_dags/example_skip_dag.py
[2024-05-18T04:50:12.621+0000] {logging_mixin.py:188} INFO - [2024-05-18T04:50:12.621+0000] {dag.py:3096} INFO - Sync 1 DAGs
[2024-05-18T04:50:12.648+0000] {logging_mixin.py:188} INFO - [2024-05-18T04:50:12.647+0000] {dag.py:3954} INFO - Setting next_dagrun for example_skip_dag to 2024-05-17 00:00:00+00:00, run_after=2024-05-18 00:00:00+00:00
[2024-05-18T04:50:12.674+0000] {processor.py:183} INFO - Processing /home/ubuntu/chch-fuel-recommendator/airflow/af_env/lib/python3.12/site-packages/airflow/example_dags/example_skip_dag.py took 0.093 seconds
[2024-05-18T04:50:55.692+0000] {processor.py:161} INFO - Started process (PID=12661) to work on /home/ubuntu/chch-fuel-recommendator/airflow/af_env/lib/python3.12/site-packages/airflow/example_dags/example_skip_dag.py
[2024-05-18T04:50:55.693+0000] {processor.py:830} INFO - Processing file /home/ubuntu/chch-fuel-recommendator/airflow/af_env/lib/python3.12/site-packages/airflow/example_dags/example_skip_dag.py for tasks to queue
[2024-05-18T04:50:55.695+0000] {logging_mixin.py:188} INFO - [2024-05-18T04:50:55.694+0000] {dagbag.py:545} INFO - Filling up the DagBag from /home/ubuntu/chch-fuel-recommendator/airflow/af_env/lib/python3.12/site-packages/airflow/example_dags/example_skip_dag.py
[2024-05-18T04:50:55.701+0000] {processor.py:840} INFO - DAG(s) 'example_skip_dag' retrieved from /home/ubuntu/chch-fuel-recommendator/airflow/af_env/lib/python3.12/site-packages/airflow/example_dags/example_skip_dag.py
[2024-05-18T04:50:55.724+0000] {logging_mixin.py:188} INFO - [2024-05-18T04:50:55.723+0000] {dag.py:3096} INFO - Sync 1 DAGs
[2024-05-18T04:50:55.755+0000] {logging_mixin.py:188} INFO - [2024-05-18T04:50:55.754+0000] {dag.py:3954} INFO - Setting next_dagrun for example_skip_dag to 2024-05-17 00:00:00+00:00, run_after=2024-05-18 00:00:00+00:00
[2024-05-18T04:50:55.781+0000] {processor.py:183} INFO - Processing /home/ubuntu/chch-fuel-recommendator/airflow/af_env/lib/python3.12/site-packages/airflow/example_dags/example_skip_dag.py took 0.096 seconds
[2024-05-18T04:51:40.753+0000] {processor.py:161} INFO - Started process (PID=12705) to work on /home/ubuntu/chch-fuel-recommendator/airflow/af_env/lib/python3.12/site-packages/airflow/example_dags/example_skip_dag.py
[2024-05-18T04:51:40.754+0000] {processor.py:830} INFO - Processing file /home/ubuntu/chch-fuel-recommendator/airflow/af_env/lib/python3.12/site-packages/airflow/example_dags/example_skip_dag.py for tasks to queue
[2024-05-18T04:51:40.756+0000] {logging_mixin.py:188} INFO - [2024-05-18T04:51:40.756+0000] {dagbag.py:545} INFO - Filling up the DagBag from /home/ubuntu/chch-fuel-recommendator/airflow/af_env/lib/python3.12/site-packages/airflow/example_dags/example_skip_dag.py
[2024-05-18T04:51:40.763+0000] {processor.py:840} INFO - DAG(s) 'example_skip_dag' retrieved from /home/ubuntu/chch-fuel-recommendator/airflow/af_env/lib/python3.12/site-packages/airflow/example_dags/example_skip_dag.py
[2024-05-18T04:51:40.783+0000] {logging_mixin.py:188} INFO - [2024-05-18T04:51:40.783+0000] {dag.py:3096} INFO - Sync 1 DAGs
[2024-05-18T04:51:40.804+0000] {logging_mixin.py:188} INFO - [2024-05-18T04:51:40.804+0000] {dag.py:3954} INFO - Setting next_dagrun for example_skip_dag to 2024-05-17 00:00:00+00:00, run_after=2024-05-18 00:00:00+00:00
[2024-05-18T04:51:40.831+0000] {processor.py:183} INFO - Processing /home/ubuntu/chch-fuel-recommendator/airflow/af_env/lib/python3.12/site-packages/airflow/example_dags/example_skip_dag.py took 0.084 seconds
[2024-05-18T04:52:23.615+0000] {processor.py:161} INFO - Started process (PID=12748) to work on /home/ubuntu/chch-fuel-recommendator/airflow/af_env/lib/python3.12/site-packages/airflow/example_dags/example_skip_dag.py
[2024-05-18T04:52:23.616+0000] {processor.py:830} INFO - Processing file /home/ubuntu/chch-fuel-recommendator/airflow/af_env/lib/python3.12/site-packages/airflow/example_dags/example_skip_dag.py for tasks to queue
[2024-05-18T04:52:23.619+0000] {logging_mixin.py:188} INFO - [2024-05-18T04:52:23.618+0000] {dagbag.py:545} INFO - Filling up the DagBag from /home/ubuntu/chch-fuel-recommendator/airflow/af_env/lib/python3.12/site-packages/airflow/example_dags/example_skip_dag.py
[2024-05-18T04:52:23.626+0000] {processor.py:840} INFO - DAG(s) 'example_skip_dag' retrieved from /home/ubuntu/chch-fuel-recommendator/airflow/af_env/lib/python3.12/site-packages/airflow/example_dags/example_skip_dag.py
[2024-05-18T04:52:23.645+0000] {logging_mixin.py:188} INFO - [2024-05-18T04:52:23.645+0000] {dag.py:3096} INFO - Sync 1 DAGs
[2024-05-18T04:52:23.668+0000] {logging_mixin.py:188} INFO - [2024-05-18T04:52:23.667+0000] {dag.py:3954} INFO - Setting next_dagrun for example_skip_dag to 2024-05-17 00:00:00+00:00, run_after=2024-05-18 00:00:00+00:00
[2024-05-18T04:52:23.695+0000] {processor.py:183} INFO - Processing /home/ubuntu/chch-fuel-recommendator/airflow/af_env/lib/python3.12/site-packages/airflow/example_dags/example_skip_dag.py took 0.086 seconds
[2024-05-18T04:53:11.484+0000] {processor.py:161} INFO - Started process (PID=12794) to work on /home/ubuntu/chch-fuel-recommendator/airflow/af_env/lib/python3.12/site-packages/airflow/example_dags/example_skip_dag.py
[2024-05-18T04:53:11.486+0000] {processor.py:830} INFO - Processing file /home/ubuntu/chch-fuel-recommendator/airflow/af_env/lib/python3.12/site-packages/airflow/example_dags/example_skip_dag.py for tasks to queue
[2024-05-18T04:53:11.487+0000] {logging_mixin.py:188} INFO - [2024-05-18T04:53:11.487+0000] {dagbag.py:545} INFO - Filling up the DagBag from /home/ubuntu/chch-fuel-recommendator/airflow/af_env/lib/python3.12/site-packages/airflow/example_dags/example_skip_dag.py
[2024-05-18T04:53:11.494+0000] {processor.py:840} INFO - DAG(s) 'example_skip_dag' retrieved from /home/ubuntu/chch-fuel-recommendator/airflow/af_env/lib/python3.12/site-packages/airflow/example_dags/example_skip_dag.py
[2024-05-18T04:53:11.513+0000] {logging_mixin.py:188} INFO - [2024-05-18T04:53:11.512+0000] {dag.py:3096} INFO - Sync 1 DAGs
[2024-05-18T04:53:11.536+0000] {logging_mixin.py:188} INFO - [2024-05-18T04:53:11.535+0000] {dag.py:3954} INFO - Setting next_dagrun for example_skip_dag to 2024-05-17 00:00:00+00:00, run_after=2024-05-18 00:00:00+00:00
[2024-05-18T04:53:11.586+0000] {processor.py:183} INFO - Processing /home/ubuntu/chch-fuel-recommendator/airflow/af_env/lib/python3.12/site-packages/airflow/example_dags/example_skip_dag.py took 0.107 seconds
[2024-05-18T05:32:16.080+0000] {processor.py:161} INFO - Started process (PID=15080) to work on /home/ubuntu/airflow/airflow_env/lib/python3.12/site-packages/airflow/example_dags/example_skip_dag.py
[2024-05-18T05:32:16.082+0000] {processor.py:830} INFO - Processing file /home/ubuntu/airflow/airflow_env/lib/python3.12/site-packages/airflow/example_dags/example_skip_dag.py for tasks to queue
[2024-05-18T05:32:16.084+0000] {logging_mixin.py:188} INFO - [2024-05-18T05:32:16.083+0000] {dagbag.py:545} INFO - Filling up the DagBag from /home/ubuntu/airflow/airflow_env/lib/python3.12/site-packages/airflow/example_dags/example_skip_dag.py
[2024-05-18T05:32:16.094+0000] {processor.py:840} INFO - DAG(s) 'example_skip_dag' retrieved from /home/ubuntu/airflow/airflow_env/lib/python3.12/site-packages/airflow/example_dags/example_skip_dag.py
[2024-05-18T05:32:16.274+0000] {logging_mixin.py:188} INFO - [2024-05-18T05:32:16.274+0000] {dag.py:3096} INFO - Sync 1 DAGs
[2024-05-18T05:32:16.300+0000] {logging_mixin.py:188} INFO - [2024-05-18T05:32:16.300+0000] {dag.py:3954} INFO - Setting next_dagrun for example_skip_dag to 2024-05-17 00:00:00+00:00, run_after=2024-05-18 00:00:00+00:00
[2024-05-18T05:32:16.339+0000] {processor.py:183} INFO - Processing /home/ubuntu/airflow/airflow_env/lib/python3.12/site-packages/airflow/example_dags/example_skip_dag.py took 0.268 seconds
[2024-05-18T05:32:47.075+0000] {processor.py:161} INFO - Started process (PID=15134) to work on /home/ubuntu/airflow/airflow_env/lib/python3.12/site-packages/airflow/example_dags/example_skip_dag.py
[2024-05-18T05:32:47.075+0000] {processor.py:830} INFO - Processing file /home/ubuntu/airflow/airflow_env/lib/python3.12/site-packages/airflow/example_dags/example_skip_dag.py for tasks to queue
[2024-05-18T05:32:47.078+0000] {logging_mixin.py:188} INFO - [2024-05-18T05:32:47.077+0000] {dagbag.py:545} INFO - Filling up the DagBag from /home/ubuntu/airflow/airflow_env/lib/python3.12/site-packages/airflow/example_dags/example_skip_dag.py
[2024-05-18T05:32:47.088+0000] {processor.py:840} INFO - DAG(s) 'example_skip_dag' retrieved from /home/ubuntu/airflow/airflow_env/lib/python3.12/site-packages/airflow/example_dags/example_skip_dag.py
[2024-05-18T05:32:47.162+0000] {logging_mixin.py:188} INFO - [2024-05-18T05:32:47.161+0000] {dag.py:3096} INFO - Sync 1 DAGs
[2024-05-18T05:32:47.198+0000] {logging_mixin.py:188} INFO - [2024-05-18T05:32:47.198+0000] {dag.py:3954} INFO - Setting next_dagrun for example_skip_dag to 2024-05-17 00:00:00+00:00, run_after=2024-05-18 00:00:00+00:00
[2024-05-18T05:32:47.243+0000] {processor.py:183} INFO - Processing /home/ubuntu/airflow/airflow_env/lib/python3.12/site-packages/airflow/example_dags/example_skip_dag.py took 0.186 seconds
[2024-05-18T05:33:17.396+0000] {processor.py:161} INFO - Started process (PID=15188) to work on /home/ubuntu/airflow/airflow_env/lib/python3.12/site-packages/airflow/example_dags/example_skip_dag.py
[2024-05-18T05:33:17.398+0000] {processor.py:830} INFO - Processing file /home/ubuntu/airflow/airflow_env/lib/python3.12/site-packages/airflow/example_dags/example_skip_dag.py for tasks to queue
[2024-05-18T05:33:17.400+0000] {logging_mixin.py:188} INFO - [2024-05-18T05:33:17.400+0000] {dagbag.py:545} INFO - Filling up the DagBag from /home/ubuntu/airflow/airflow_env/lib/python3.12/site-packages/airflow/example_dags/example_skip_dag.py
[2024-05-18T05:33:17.411+0000] {processor.py:840} INFO - DAG(s) 'example_skip_dag' retrieved from /home/ubuntu/airflow/airflow_env/lib/python3.12/site-packages/airflow/example_dags/example_skip_dag.py
[2024-05-18T05:33:17.487+0000] {logging_mixin.py:188} INFO - [2024-05-18T05:33:17.486+0000] {dag.py:3096} INFO - Sync 1 DAGs
[2024-05-18T05:33:17.527+0000] {logging_mixin.py:188} INFO - [2024-05-18T05:33:17.527+0000] {dag.py:3954} INFO - Setting next_dagrun for example_skip_dag to 2024-05-17 00:00:00+00:00, run_after=2024-05-18 00:00:00+00:00
[2024-05-18T05:33:17.563+0000] {processor.py:183} INFO - Processing /home/ubuntu/airflow/airflow_env/lib/python3.12/site-packages/airflow/example_dags/example_skip_dag.py took 0.176 seconds
[2024-05-18T05:33:47.709+0000] {processor.py:161} INFO - Started process (PID=15240) to work on /home/ubuntu/airflow/airflow_env/lib/python3.12/site-packages/airflow/example_dags/example_skip_dag.py
[2024-05-18T05:33:47.711+0000] {processor.py:830} INFO - Processing file /home/ubuntu/airflow/airflow_env/lib/python3.12/site-packages/airflow/example_dags/example_skip_dag.py for tasks to queue
[2024-05-18T05:33:47.715+0000] {logging_mixin.py:188} INFO - [2024-05-18T05:33:47.714+0000] {dagbag.py:545} INFO - Filling up the DagBag from /home/ubuntu/airflow/airflow_env/lib/python3.12/site-packages/airflow/example_dags/example_skip_dag.py
[2024-05-18T05:33:47.728+0000] {processor.py:840} INFO - DAG(s) 'example_skip_dag' retrieved from /home/ubuntu/airflow/airflow_env/lib/python3.12/site-packages/airflow/example_dags/example_skip_dag.py
[2024-05-18T05:33:47.800+0000] {logging_mixin.py:188} INFO - [2024-05-18T05:33:47.797+0000] {dag.py:3096} INFO - Sync 1 DAGs
[2024-05-18T05:33:47.833+0000] {logging_mixin.py:188} INFO - [2024-05-18T05:33:47.832+0000] {dag.py:3954} INFO - Setting next_dagrun for example_skip_dag to 2024-05-17 00:00:00+00:00, run_after=2024-05-18 00:00:00+00:00
[2024-05-18T05:33:47.865+0000] {processor.py:183} INFO - Processing /home/ubuntu/airflow/airflow_env/lib/python3.12/site-packages/airflow/example_dags/example_skip_dag.py took 0.164 seconds
[2024-05-18T05:34:18.717+0000] {processor.py:161} INFO - Started process (PID=15291) to work on /home/ubuntu/airflow/airflow_env/lib/python3.12/site-packages/airflow/example_dags/example_skip_dag.py
[2024-05-18T05:34:18.719+0000] {processor.py:830} INFO - Processing file /home/ubuntu/airflow/airflow_env/lib/python3.12/site-packages/airflow/example_dags/example_skip_dag.py for tasks to queue
[2024-05-18T05:34:18.721+0000] {logging_mixin.py:188} INFO - [2024-05-18T05:34:18.721+0000] {dagbag.py:545} INFO - Filling up the DagBag from /home/ubuntu/airflow/airflow_env/lib/python3.12/site-packages/airflow/example_dags/example_skip_dag.py
[2024-05-18T05:34:18.729+0000] {processor.py:840} INFO - DAG(s) 'example_skip_dag' retrieved from /home/ubuntu/airflow/airflow_env/lib/python3.12/site-packages/airflow/example_dags/example_skip_dag.py
[2024-05-18T05:34:18.785+0000] {logging_mixin.py:188} INFO - [2024-05-18T05:34:18.785+0000] {dag.py:3096} INFO - Sync 1 DAGs
[2024-05-18T05:34:18.813+0000] {logging_mixin.py:188} INFO - [2024-05-18T05:34:18.812+0000] {dag.py:3954} INFO - Setting next_dagrun for example_skip_dag to 2024-05-17 00:00:00+00:00, run_after=2024-05-18 00:00:00+00:00
[2024-05-18T05:34:18.839+0000] {processor.py:183} INFO - Processing /home/ubuntu/airflow/airflow_env/lib/python3.12/site-packages/airflow/example_dags/example_skip_dag.py took 0.130 seconds
[2024-05-18T05:34:49.736+0000] {processor.py:161} INFO - Started process (PID=15342) to work on /home/ubuntu/airflow/airflow_env/lib/python3.12/site-packages/airflow/example_dags/example_skip_dag.py
[2024-05-18T05:34:49.739+0000] {processor.py:830} INFO - Processing file /home/ubuntu/airflow/airflow_env/lib/python3.12/site-packages/airflow/example_dags/example_skip_dag.py for tasks to queue
[2024-05-18T05:34:49.742+0000] {logging_mixin.py:188} INFO - [2024-05-18T05:34:49.741+0000] {dagbag.py:545} INFO - Filling up the DagBag from /home/ubuntu/airflow/airflow_env/lib/python3.12/site-packages/airflow/example_dags/example_skip_dag.py
[2024-05-18T05:34:49.758+0000] {processor.py:840} INFO - DAG(s) 'example_skip_dag' retrieved from /home/ubuntu/airflow/airflow_env/lib/python3.12/site-packages/airflow/example_dags/example_skip_dag.py
[2024-05-18T05:34:49.816+0000] {logging_mixin.py:188} INFO - [2024-05-18T05:34:49.815+0000] {dag.py:3096} INFO - Sync 1 DAGs
[2024-05-18T05:34:49.868+0000] {logging_mixin.py:188} INFO - [2024-05-18T05:34:49.867+0000] {dag.py:3954} INFO - Setting next_dagrun for example_skip_dag to 2024-05-17 00:00:00+00:00, run_after=2024-05-18 00:00:00+00:00
[2024-05-18T05:34:49.893+0000] {processor.py:183} INFO - Processing /home/ubuntu/airflow/airflow_env/lib/python3.12/site-packages/airflow/example_dags/example_skip_dag.py took 0.172 seconds
[2024-05-18T05:35:20.301+0000] {processor.py:161} INFO - Started process (PID=15396) to work on /home/ubuntu/airflow/airflow_env/lib/python3.12/site-packages/airflow/example_dags/example_skip_dag.py
[2024-05-18T05:35:20.303+0000] {processor.py:830} INFO - Processing file /home/ubuntu/airflow/airflow_env/lib/python3.12/site-packages/airflow/example_dags/example_skip_dag.py for tasks to queue
[2024-05-18T05:35:20.305+0000] {logging_mixin.py:188} INFO - [2024-05-18T05:35:20.305+0000] {dagbag.py:545} INFO - Filling up the DagBag from /home/ubuntu/airflow/airflow_env/lib/python3.12/site-packages/airflow/example_dags/example_skip_dag.py
[2024-05-18T05:35:20.315+0000] {processor.py:840} INFO - DAG(s) 'example_skip_dag' retrieved from /home/ubuntu/airflow/airflow_env/lib/python3.12/site-packages/airflow/example_dags/example_skip_dag.py
[2024-05-18T05:35:20.385+0000] {logging_mixin.py:188} INFO - [2024-05-18T05:35:20.384+0000] {dag.py:3096} INFO - Sync 1 DAGs
[2024-05-18T05:35:20.417+0000] {logging_mixin.py:188} INFO - [2024-05-18T05:35:20.417+0000] {dag.py:3954} INFO - Setting next_dagrun for example_skip_dag to 2024-05-17 00:00:00+00:00, run_after=2024-05-18 00:00:00+00:00
[2024-05-18T05:35:20.455+0000] {processor.py:183} INFO - Processing /home/ubuntu/airflow/airflow_env/lib/python3.12/site-packages/airflow/example_dags/example_skip_dag.py took 0.165 seconds
[2024-05-18T05:35:50.642+0000] {processor.py:161} INFO - Started process (PID=15447) to work on /home/ubuntu/airflow/airflow_env/lib/python3.12/site-packages/airflow/example_dags/example_skip_dag.py
[2024-05-18T05:35:50.644+0000] {processor.py:830} INFO - Processing file /home/ubuntu/airflow/airflow_env/lib/python3.12/site-packages/airflow/example_dags/example_skip_dag.py for tasks to queue
[2024-05-18T05:35:50.647+0000] {logging_mixin.py:188} INFO - [2024-05-18T05:35:50.647+0000] {dagbag.py:545} INFO - Filling up the DagBag from /home/ubuntu/airflow/airflow_env/lib/python3.12/site-packages/airflow/example_dags/example_skip_dag.py
[2024-05-18T05:35:50.664+0000] {processor.py:840} INFO - DAG(s) 'example_skip_dag' retrieved from /home/ubuntu/airflow/airflow_env/lib/python3.12/site-packages/airflow/example_dags/example_skip_dag.py
[2024-05-18T05:35:50.737+0000] {logging_mixin.py:188} INFO - [2024-05-18T05:35:50.737+0000] {dag.py:3096} INFO - Sync 1 DAGs
[2024-05-18T05:35:50.773+0000] {logging_mixin.py:188} INFO - [2024-05-18T05:35:50.772+0000] {dag.py:3954} INFO - Setting next_dagrun for example_skip_dag to 2024-05-17 00:00:00+00:00, run_after=2024-05-18 00:00:00+00:00
[2024-05-18T05:35:50.806+0000] {processor.py:183} INFO - Processing /home/ubuntu/airflow/airflow_env/lib/python3.12/site-packages/airflow/example_dags/example_skip_dag.py took 0.174 seconds
[2024-05-18T05:36:21.537+0000] {processor.py:161} INFO - Started process (PID=15498) to work on /home/ubuntu/airflow/airflow_env/lib/python3.12/site-packages/airflow/example_dags/example_skip_dag.py
[2024-05-18T05:36:21.539+0000] {processor.py:830} INFO - Processing file /home/ubuntu/airflow/airflow_env/lib/python3.12/site-packages/airflow/example_dags/example_skip_dag.py for tasks to queue
[2024-05-18T05:36:21.542+0000] {logging_mixin.py:188} INFO - [2024-05-18T05:36:21.542+0000] {dagbag.py:545} INFO - Filling up the DagBag from /home/ubuntu/airflow/airflow_env/lib/python3.12/site-packages/airflow/example_dags/example_skip_dag.py
[2024-05-18T05:36:21.554+0000] {processor.py:840} INFO - DAG(s) 'example_skip_dag' retrieved from /home/ubuntu/airflow/airflow_env/lib/python3.12/site-packages/airflow/example_dags/example_skip_dag.py
[2024-05-18T05:36:21.629+0000] {logging_mixin.py:188} INFO - [2024-05-18T05:36:21.629+0000] {dag.py:3096} INFO - Sync 1 DAGs
[2024-05-18T05:36:21.669+0000] {logging_mixin.py:188} INFO - [2024-05-18T05:36:21.668+0000] {dag.py:3954} INFO - Setting next_dagrun for example_skip_dag to 2024-05-17 00:00:00+00:00, run_after=2024-05-18 00:00:00+00:00
[2024-05-18T05:36:21.707+0000] {processor.py:183} INFO - Processing /home/ubuntu/airflow/airflow_env/lib/python3.12/site-packages/airflow/example_dags/example_skip_dag.py took 0.182 seconds
[2024-05-18T05:36:52.483+0000] {processor.py:161} INFO - Started process (PID=15549) to work on /home/ubuntu/airflow/airflow_env/lib/python3.12/site-packages/airflow/example_dags/example_skip_dag.py
[2024-05-18T05:36:52.485+0000] {processor.py:830} INFO - Processing file /home/ubuntu/airflow/airflow_env/lib/python3.12/site-packages/airflow/example_dags/example_skip_dag.py for tasks to queue
[2024-05-18T05:36:52.489+0000] {logging_mixin.py:188} INFO - [2024-05-18T05:36:52.488+0000] {dagbag.py:545} INFO - Filling up the DagBag from /home/ubuntu/airflow/airflow_env/lib/python3.12/site-packages/airflow/example_dags/example_skip_dag.py
[2024-05-18T05:36:52.504+0000] {processor.py:840} INFO - DAG(s) 'example_skip_dag' retrieved from /home/ubuntu/airflow/airflow_env/lib/python3.12/site-packages/airflow/example_dags/example_skip_dag.py
[2024-05-18T05:36:52.591+0000] {logging_mixin.py:188} INFO - [2024-05-18T05:36:52.591+0000] {dag.py:3096} INFO - Sync 1 DAGs
[2024-05-18T05:36:52.642+0000] {logging_mixin.py:188} INFO - [2024-05-18T05:36:52.642+0000] {dag.py:3954} INFO - Setting next_dagrun for example_skip_dag to 2024-05-17 00:00:00+00:00, run_after=2024-05-18 00:00:00+00:00
[2024-05-18T05:36:52.681+0000] {processor.py:183} INFO - Processing /home/ubuntu/airflow/airflow_env/lib/python3.12/site-packages/airflow/example_dags/example_skip_dag.py took 0.211 seconds
[2024-05-18T05:37:23.498+0000] {processor.py:161} INFO - Started process (PID=15600) to work on /home/ubuntu/airflow/airflow_env/lib/python3.12/site-packages/airflow/example_dags/example_skip_dag.py
[2024-05-18T05:37:23.499+0000] {processor.py:830} INFO - Processing file /home/ubuntu/airflow/airflow_env/lib/python3.12/site-packages/airflow/example_dags/example_skip_dag.py for tasks to queue
[2024-05-18T05:37:23.502+0000] {logging_mixin.py:188} INFO - [2024-05-18T05:37:23.502+0000] {dagbag.py:545} INFO - Filling up the DagBag from /home/ubuntu/airflow/airflow_env/lib/python3.12/site-packages/airflow/example_dags/example_skip_dag.py
[2024-05-18T05:37:23.515+0000] {processor.py:840} INFO - DAG(s) 'example_skip_dag' retrieved from /home/ubuntu/airflow/airflow_env/lib/python3.12/site-packages/airflow/example_dags/example_skip_dag.py
[2024-05-18T05:37:23.606+0000] {logging_mixin.py:188} INFO - [2024-05-18T05:37:23.605+0000] {dag.py:3096} INFO - Sync 1 DAGs
[2024-05-18T05:37:23.658+0000] {logging_mixin.py:188} INFO - [2024-05-18T05:37:23.658+0000] {dag.py:3954} INFO - Setting next_dagrun for example_skip_dag to 2024-05-17 00:00:00+00:00, run_after=2024-05-18 00:00:00+00:00
[2024-05-18T05:37:23.696+0000] {processor.py:183} INFO - Processing /home/ubuntu/airflow/airflow_env/lib/python3.12/site-packages/airflow/example_dags/example_skip_dag.py took 0.210 seconds
[2024-05-18T05:37:53.977+0000] {processor.py:161} INFO - Started process (PID=15652) to work on /home/ubuntu/airflow/airflow_env/lib/python3.12/site-packages/airflow/example_dags/example_skip_dag.py
[2024-05-18T05:37:53.978+0000] {processor.py:830} INFO - Processing file /home/ubuntu/airflow/airflow_env/lib/python3.12/site-packages/airflow/example_dags/example_skip_dag.py for tasks to queue
[2024-05-18T05:37:53.981+0000] {logging_mixin.py:188} INFO - [2024-05-18T05:37:53.980+0000] {dagbag.py:545} INFO - Filling up the DagBag from /home/ubuntu/airflow/airflow_env/lib/python3.12/site-packages/airflow/example_dags/example_skip_dag.py
[2024-05-18T05:37:53.990+0000] {processor.py:840} INFO - DAG(s) 'example_skip_dag' retrieved from /home/ubuntu/airflow/airflow_env/lib/python3.12/site-packages/airflow/example_dags/example_skip_dag.py
[2024-05-18T05:37:54.074+0000] {logging_mixin.py:188} INFO - [2024-05-18T05:37:54.074+0000] {dag.py:3096} INFO - Sync 1 DAGs
[2024-05-18T05:37:54.108+0000] {logging_mixin.py:188} INFO - [2024-05-18T05:37:54.108+0000] {dag.py:3954} INFO - Setting next_dagrun for example_skip_dag to 2024-05-17 00:00:00+00:00, run_after=2024-05-18 00:00:00+00:00
[2024-05-18T05:37:54.146+0000] {processor.py:183} INFO - Processing /home/ubuntu/airflow/airflow_env/lib/python3.12/site-packages/airflow/example_dags/example_skip_dag.py took 0.178 seconds
[2024-05-18T05:38:24.990+0000] {processor.py:161} INFO - Started process (PID=15703) to work on /home/ubuntu/airflow/airflow_env/lib/python3.12/site-packages/airflow/example_dags/example_skip_dag.py
[2024-05-18T05:38:24.992+0000] {processor.py:830} INFO - Processing file /home/ubuntu/airflow/airflow_env/lib/python3.12/site-packages/airflow/example_dags/example_skip_dag.py for tasks to queue
[2024-05-18T05:38:25.001+0000] {logging_mixin.py:188} INFO - [2024-05-18T05:38:25.000+0000] {dagbag.py:545} INFO - Filling up the DagBag from /home/ubuntu/airflow/airflow_env/lib/python3.12/site-packages/airflow/example_dags/example_skip_dag.py
[2024-05-18T05:38:25.022+0000] {processor.py:840} INFO - DAG(s) 'example_skip_dag' retrieved from /home/ubuntu/airflow/airflow_env/lib/python3.12/site-packages/airflow/example_dags/example_skip_dag.py
[2024-05-18T05:38:25.097+0000] {logging_mixin.py:188} INFO - [2024-05-18T05:38:25.096+0000] {dag.py:3096} INFO - Sync 1 DAGs
[2024-05-18T05:38:25.130+0000] {logging_mixin.py:188} INFO - [2024-05-18T05:38:25.130+0000] {dag.py:3954} INFO - Setting next_dagrun for example_skip_dag to 2024-05-17 00:00:00+00:00, run_after=2024-05-18 00:00:00+00:00
[2024-05-18T05:38:25.154+0000] {processor.py:183} INFO - Processing /home/ubuntu/airflow/airflow_env/lib/python3.12/site-packages/airflow/example_dags/example_skip_dag.py took 0.177 seconds
[2024-05-18T05:38:55.309+0000] {processor.py:161} INFO - Started process (PID=15754) to work on /home/ubuntu/airflow/airflow_env/lib/python3.12/site-packages/airflow/example_dags/example_skip_dag.py
[2024-05-18T05:38:55.311+0000] {processor.py:830} INFO - Processing file /home/ubuntu/airflow/airflow_env/lib/python3.12/site-packages/airflow/example_dags/example_skip_dag.py for tasks to queue
[2024-05-18T05:38:55.313+0000] {logging_mixin.py:188} INFO - [2024-05-18T05:38:55.313+0000] {dagbag.py:545} INFO - Filling up the DagBag from /home/ubuntu/airflow/airflow_env/lib/python3.12/site-packages/airflow/example_dags/example_skip_dag.py
[2024-05-18T05:38:55.323+0000] {processor.py:840} INFO - DAG(s) 'example_skip_dag' retrieved from /home/ubuntu/airflow/airflow_env/lib/python3.12/site-packages/airflow/example_dags/example_skip_dag.py
[2024-05-18T05:38:55.397+0000] {logging_mixin.py:188} INFO - [2024-05-18T05:38:55.397+0000] {dag.py:3096} INFO - Sync 1 DAGs
[2024-05-18T05:38:55.447+0000] {logging_mixin.py:188} INFO - [2024-05-18T05:38:55.447+0000] {dag.py:3954} INFO - Setting next_dagrun for example_skip_dag to 2024-05-17 00:00:00+00:00, run_after=2024-05-18 00:00:00+00:00
[2024-05-18T05:38:55.481+0000] {processor.py:183} INFO - Processing /home/ubuntu/airflow/airflow_env/lib/python3.12/site-packages/airflow/example_dags/example_skip_dag.py took 0.180 seconds
[2024-05-18T05:39:26.321+0000] {processor.py:161} INFO - Started process (PID=15806) to work on /home/ubuntu/airflow/airflow_env/lib/python3.12/site-packages/airflow/example_dags/example_skip_dag.py
[2024-05-18T05:39:26.323+0000] {processor.py:830} INFO - Processing file /home/ubuntu/airflow/airflow_env/lib/python3.12/site-packages/airflow/example_dags/example_skip_dag.py for tasks to queue
[2024-05-18T05:39:26.326+0000] {logging_mixin.py:188} INFO - [2024-05-18T05:39:26.325+0000] {dagbag.py:545} INFO - Filling up the DagBag from /home/ubuntu/airflow/airflow_env/lib/python3.12/site-packages/airflow/example_dags/example_skip_dag.py
[2024-05-18T05:39:26.352+0000] {processor.py:840} INFO - DAG(s) 'example_skip_dag' retrieved from /home/ubuntu/airflow/airflow_env/lib/python3.12/site-packages/airflow/example_dags/example_skip_dag.py
[2024-05-18T05:39:26.426+0000] {logging_mixin.py:188} INFO - [2024-05-18T05:39:26.426+0000] {dag.py:3096} INFO - Sync 1 DAGs
[2024-05-18T05:39:26.461+0000] {logging_mixin.py:188} INFO - [2024-05-18T05:39:26.460+0000] {dag.py:3954} INFO - Setting next_dagrun for example_skip_dag to 2024-05-17 00:00:00+00:00, run_after=2024-05-18 00:00:00+00:00
[2024-05-18T05:39:26.498+0000] {processor.py:183} INFO - Processing /home/ubuntu/airflow/airflow_env/lib/python3.12/site-packages/airflow/example_dags/example_skip_dag.py took 0.187 seconds
[2024-05-18T05:39:56.554+0000] {processor.py:161} INFO - Started process (PID=15857) to work on /home/ubuntu/airflow/airflow_env/lib/python3.12/site-packages/airflow/example_dags/example_skip_dag.py
[2024-05-18T05:39:56.555+0000] {processor.py:830} INFO - Processing file /home/ubuntu/airflow/airflow_env/lib/python3.12/site-packages/airflow/example_dags/example_skip_dag.py for tasks to queue
[2024-05-18T05:39:56.557+0000] {logging_mixin.py:188} INFO - [2024-05-18T05:39:56.557+0000] {dagbag.py:545} INFO - Filling up the DagBag from /home/ubuntu/airflow/airflow_env/lib/python3.12/site-packages/airflow/example_dags/example_skip_dag.py
[2024-05-18T05:39:56.566+0000] {processor.py:840} INFO - DAG(s) 'example_skip_dag' retrieved from /home/ubuntu/airflow/airflow_env/lib/python3.12/site-packages/airflow/example_dags/example_skip_dag.py
[2024-05-18T05:39:56.635+0000] {logging_mixin.py:188} INFO - [2024-05-18T05:39:56.635+0000] {dag.py:3096} INFO - Sync 1 DAGs
[2024-05-18T05:39:56.669+0000] {logging_mixin.py:188} INFO - [2024-05-18T05:39:56.669+0000] {dag.py:3954} INFO - Setting next_dagrun for example_skip_dag to 2024-05-17 00:00:00+00:00, run_after=2024-05-18 00:00:00+00:00
[2024-05-18T05:39:56.694+0000] {processor.py:183} INFO - Processing /home/ubuntu/airflow/airflow_env/lib/python3.12/site-packages/airflow/example_dags/example_skip_dag.py took 0.147 seconds
[2024-05-18T05:40:26.827+0000] {processor.py:161} INFO - Started process (PID=16192) to work on /home/ubuntu/airflow/airflow_env/lib/python3.12/site-packages/airflow/example_dags/example_skip_dag.py
[2024-05-18T05:40:26.828+0000] {processor.py:830} INFO - Processing file /home/ubuntu/airflow/airflow_env/lib/python3.12/site-packages/airflow/example_dags/example_skip_dag.py for tasks to queue
[2024-05-18T05:40:26.831+0000] {logging_mixin.py:188} INFO - [2024-05-18T05:40:26.830+0000] {dagbag.py:545} INFO - Filling up the DagBag from /home/ubuntu/airflow/airflow_env/lib/python3.12/site-packages/airflow/example_dags/example_skip_dag.py
[2024-05-18T05:40:26.842+0000] {processor.py:840} INFO - DAG(s) 'example_skip_dag' retrieved from /home/ubuntu/airflow/airflow_env/lib/python3.12/site-packages/airflow/example_dags/example_skip_dag.py
[2024-05-18T05:40:26.908+0000] {logging_mixin.py:188} INFO - [2024-05-18T05:40:26.907+0000] {dag.py:3096} INFO - Sync 1 DAGs
[2024-05-18T05:40:26.948+0000] {logging_mixin.py:188} INFO - [2024-05-18T05:40:26.947+0000] {dag.py:3954} INFO - Setting next_dagrun for example_skip_dag to 2024-05-17 00:00:00+00:00, run_after=2024-05-18 00:00:00+00:00
[2024-05-18T05:40:26.982+0000] {processor.py:183} INFO - Processing /home/ubuntu/airflow/airflow_env/lib/python3.12/site-packages/airflow/example_dags/example_skip_dag.py took 0.166 seconds
[2024-05-18T05:40:57.684+0000] {processor.py:161} INFO - Started process (PID=16245) to work on /home/ubuntu/airflow/airflow_env/lib/python3.12/site-packages/airflow/example_dags/example_skip_dag.py
[2024-05-18T05:40:57.686+0000] {processor.py:830} INFO - Processing file /home/ubuntu/airflow/airflow_env/lib/python3.12/site-packages/airflow/example_dags/example_skip_dag.py for tasks to queue
[2024-05-18T05:40:57.688+0000] {logging_mixin.py:188} INFO - [2024-05-18T05:40:57.688+0000] {dagbag.py:545} INFO - Filling up the DagBag from /home/ubuntu/airflow/airflow_env/lib/python3.12/site-packages/airflow/example_dags/example_skip_dag.py
[2024-05-18T05:40:57.698+0000] {processor.py:840} INFO - DAG(s) 'example_skip_dag' retrieved from /home/ubuntu/airflow/airflow_env/lib/python3.12/site-packages/airflow/example_dags/example_skip_dag.py
[2024-05-18T05:40:57.766+0000] {logging_mixin.py:188} INFO - [2024-05-18T05:40:57.766+0000] {dag.py:3096} INFO - Sync 1 DAGs
[2024-05-18T05:40:57.808+0000] {logging_mixin.py:188} INFO - [2024-05-18T05:40:57.808+0000] {dag.py:3954} INFO - Setting next_dagrun for example_skip_dag to 2024-05-17 00:00:00+00:00, run_after=2024-05-18 00:00:00+00:00
[2024-05-18T05:40:57.835+0000] {processor.py:183} INFO - Processing /home/ubuntu/airflow/airflow_env/lib/python3.12/site-packages/airflow/example_dags/example_skip_dag.py took 0.162 seconds
[2024-05-18T05:41:27.993+0000] {processor.py:161} INFO - Started process (PID=16296) to work on /home/ubuntu/airflow/airflow_env/lib/python3.12/site-packages/airflow/example_dags/example_skip_dag.py
[2024-05-18T05:41:27.997+0000] {processor.py:830} INFO - Processing file /home/ubuntu/airflow/airflow_env/lib/python3.12/site-packages/airflow/example_dags/example_skip_dag.py for tasks to queue
[2024-05-18T05:41:27.999+0000] {logging_mixin.py:188} INFO - [2024-05-18T05:41:27.999+0000] {dagbag.py:545} INFO - Filling up the DagBag from /home/ubuntu/airflow/airflow_env/lib/python3.12/site-packages/airflow/example_dags/example_skip_dag.py
[2024-05-18T05:41:28.007+0000] {processor.py:840} INFO - DAG(s) 'example_skip_dag' retrieved from /home/ubuntu/airflow/airflow_env/lib/python3.12/site-packages/airflow/example_dags/example_skip_dag.py
[2024-05-18T05:41:28.118+0000] {logging_mixin.py:188} INFO - [2024-05-18T05:41:28.118+0000] {dag.py:3096} INFO - Sync 1 DAGs
[2024-05-18T05:41:28.185+0000] {logging_mixin.py:188} INFO - [2024-05-18T05:41:28.185+0000] {dag.py:3954} INFO - Setting next_dagrun for example_skip_dag to 2024-05-17 00:00:00+00:00, run_after=2024-05-18 00:00:00+00:00
[2024-05-18T05:41:28.254+0000] {processor.py:183} INFO - Processing /home/ubuntu/airflow/airflow_env/lib/python3.12/site-packages/airflow/example_dags/example_skip_dag.py took 0.276 seconds
[2024-05-18T05:41:58.688+0000] {processor.py:161} INFO - Started process (PID=16349) to work on /home/ubuntu/airflow/airflow_env/lib/python3.12/site-packages/airflow/example_dags/example_skip_dag.py
[2024-05-18T05:41:58.689+0000] {processor.py:830} INFO - Processing file /home/ubuntu/airflow/airflow_env/lib/python3.12/site-packages/airflow/example_dags/example_skip_dag.py for tasks to queue
[2024-05-18T05:41:58.692+0000] {logging_mixin.py:188} INFO - [2024-05-18T05:41:58.691+0000] {dagbag.py:545} INFO - Filling up the DagBag from /home/ubuntu/airflow/airflow_env/lib/python3.12/site-packages/airflow/example_dags/example_skip_dag.py
[2024-05-18T05:41:58.715+0000] {processor.py:840} INFO - DAG(s) 'example_skip_dag' retrieved from /home/ubuntu/airflow/airflow_env/lib/python3.12/site-packages/airflow/example_dags/example_skip_dag.py
[2024-05-18T05:41:58.805+0000] {logging_mixin.py:188} INFO - [2024-05-18T05:41:58.804+0000] {dag.py:3096} INFO - Sync 1 DAGs
[2024-05-18T05:41:58.843+0000] {logging_mixin.py:188} INFO - [2024-05-18T05:41:58.843+0000] {dag.py:3954} INFO - Setting next_dagrun for example_skip_dag to 2024-05-17 00:00:00+00:00, run_after=2024-05-18 00:00:00+00:00
[2024-05-18T05:41:58.881+0000] {processor.py:183} INFO - Processing /home/ubuntu/airflow/airflow_env/lib/python3.12/site-packages/airflow/example_dags/example_skip_dag.py took 0.203 seconds
[2024-05-18T05:42:29.033+0000] {processor.py:161} INFO - Started process (PID=16400) to work on /home/ubuntu/airflow/airflow_env/lib/python3.12/site-packages/airflow/example_dags/example_skip_dag.py
[2024-05-18T05:42:29.037+0000] {processor.py:830} INFO - Processing file /home/ubuntu/airflow/airflow_env/lib/python3.12/site-packages/airflow/example_dags/example_skip_dag.py for tasks to queue
[2024-05-18T05:42:29.042+0000] {logging_mixin.py:188} INFO - [2024-05-18T05:42:29.041+0000] {dagbag.py:545} INFO - Filling up the DagBag from /home/ubuntu/airflow/airflow_env/lib/python3.12/site-packages/airflow/example_dags/example_skip_dag.py
[2024-05-18T05:42:29.051+0000] {processor.py:840} INFO - DAG(s) 'example_skip_dag' retrieved from /home/ubuntu/airflow/airflow_env/lib/python3.12/site-packages/airflow/example_dags/example_skip_dag.py
[2024-05-18T05:42:29.109+0000] {logging_mixin.py:188} INFO - [2024-05-18T05:42:29.109+0000] {dag.py:3096} INFO - Sync 1 DAGs
[2024-05-18T05:42:29.141+0000] {logging_mixin.py:188} INFO - [2024-05-18T05:42:29.141+0000] {dag.py:3954} INFO - Setting next_dagrun for example_skip_dag to 2024-05-17 00:00:00+00:00, run_after=2024-05-18 00:00:00+00:00
[2024-05-18T05:42:29.169+0000] {processor.py:183} INFO - Processing /home/ubuntu/airflow/airflow_env/lib/python3.12/site-packages/airflow/example_dags/example_skip_dag.py took 0.158 seconds
[2024-05-18T05:43:00.052+0000] {processor.py:161} INFO - Started process (PID=16452) to work on /home/ubuntu/airflow/airflow_env/lib/python3.12/site-packages/airflow/example_dags/example_skip_dag.py
[2024-05-18T05:43:00.055+0000] {processor.py:830} INFO - Processing file /home/ubuntu/airflow/airflow_env/lib/python3.12/site-packages/airflow/example_dags/example_skip_dag.py for tasks to queue
[2024-05-18T05:43:00.058+0000] {logging_mixin.py:188} INFO - [2024-05-18T05:43:00.058+0000] {dagbag.py:545} INFO - Filling up the DagBag from /home/ubuntu/airflow/airflow_env/lib/python3.12/site-packages/airflow/example_dags/example_skip_dag.py
[2024-05-18T05:43:00.070+0000] {processor.py:840} INFO - DAG(s) 'example_skip_dag' retrieved from /home/ubuntu/airflow/airflow_env/lib/python3.12/site-packages/airflow/example_dags/example_skip_dag.py
[2024-05-18T05:43:00.180+0000] {logging_mixin.py:188} INFO - [2024-05-18T05:43:00.179+0000] {dag.py:3096} INFO - Sync 1 DAGs
[2024-05-18T05:43:00.220+0000] {logging_mixin.py:188} INFO - [2024-05-18T05:43:00.220+0000] {dag.py:3954} INFO - Setting next_dagrun for example_skip_dag to 2024-05-17 00:00:00+00:00, run_after=2024-05-18 00:00:00+00:00
[2024-05-18T05:43:00.250+0000] {processor.py:183} INFO - Processing /home/ubuntu/airflow/airflow_env/lib/python3.12/site-packages/airflow/example_dags/example_skip_dag.py took 0.209 seconds
[2024-05-18T05:43:30.657+0000] {processor.py:161} INFO - Started process (PID=16536) to work on /home/ubuntu/airflow/airflow_env/lib/python3.12/site-packages/airflow/example_dags/example_skip_dag.py
[2024-05-18T05:43:30.658+0000] {processor.py:830} INFO - Processing file /home/ubuntu/airflow/airflow_env/lib/python3.12/site-packages/airflow/example_dags/example_skip_dag.py for tasks to queue
[2024-05-18T05:43:30.663+0000] {logging_mixin.py:188} INFO - [2024-05-18T05:43:30.661+0000] {dagbag.py:545} INFO - Filling up the DagBag from /home/ubuntu/airflow/airflow_env/lib/python3.12/site-packages/airflow/example_dags/example_skip_dag.py
[2024-05-18T05:43:30.675+0000] {processor.py:840} INFO - DAG(s) 'example_skip_dag' retrieved from /home/ubuntu/airflow/airflow_env/lib/python3.12/site-packages/airflow/example_dags/example_skip_dag.py
[2024-05-18T05:43:30.738+0000] {logging_mixin.py:188} INFO - [2024-05-18T05:43:30.737+0000] {dag.py:3096} INFO - Sync 1 DAGs
[2024-05-18T05:43:30.771+0000] {logging_mixin.py:188} INFO - [2024-05-18T05:43:30.771+0000] {dag.py:3954} INFO - Setting next_dagrun for example_skip_dag to 2024-05-17 00:00:00+00:00, run_after=2024-05-18 00:00:00+00:00
[2024-05-18T05:43:31.005+0000] {processor.py:183} INFO - Processing /home/ubuntu/airflow/airflow_env/lib/python3.12/site-packages/airflow/example_dags/example_skip_dag.py took 0.357 seconds
[2024-05-18T05:44:01.674+0000] {processor.py:161} INFO - Started process (PID=16587) to work on /home/ubuntu/airflow/airflow_env/lib/python3.12/site-packages/airflow/example_dags/example_skip_dag.py
[2024-05-18T05:44:01.679+0000] {processor.py:830} INFO - Processing file /home/ubuntu/airflow/airflow_env/lib/python3.12/site-packages/airflow/example_dags/example_skip_dag.py for tasks to queue
[2024-05-18T05:44:01.690+0000] {logging_mixin.py:188} INFO - [2024-05-18T05:44:01.688+0000] {dagbag.py:545} INFO - Filling up the DagBag from /home/ubuntu/airflow/airflow_env/lib/python3.12/site-packages/airflow/example_dags/example_skip_dag.py
[2024-05-18T05:44:01.760+0000] {processor.py:840} INFO - DAG(s) 'example_skip_dag' retrieved from /home/ubuntu/airflow/airflow_env/lib/python3.12/site-packages/airflow/example_dags/example_skip_dag.py
[2024-05-18T05:44:02.216+0000] {logging_mixin.py:188} INFO - [2024-05-18T05:44:02.215+0000] {dag.py:3096} INFO - Sync 1 DAGs
[2024-05-18T05:44:02.299+0000] {logging_mixin.py:188} INFO - [2024-05-18T05:44:02.299+0000] {dag.py:3954} INFO - Setting next_dagrun for example_skip_dag to 2024-05-17 00:00:00+00:00, run_after=2024-05-18 00:00:00+00:00
[2024-05-18T05:44:02.331+0000] {processor.py:183} INFO - Processing /home/ubuntu/airflow/airflow_env/lib/python3.12/site-packages/airflow/example_dags/example_skip_dag.py took 0.698 seconds
