[2024-05-18T04:44:51.562+0000] {processor.py:161} INFO - Started process (PID=12294) to work on /home/ubuntu/chch-fuel-recommendator/airflow/af_env/lib/python3.12/site-packages/airflow/example_dags/example_bash_decorator.py
[2024-05-18T04:44:51.563+0000] {processor.py:830} INFO - Processing file /home/ubuntu/chch-fuel-recommendator/airflow/af_env/lib/python3.12/site-packages/airflow/example_dags/example_bash_decorator.py for tasks to queue
[2024-05-18T04:44:51.565+0000] {logging_mixin.py:188} INFO - [2024-05-18T04:44:51.564+0000] {dagbag.py:545} INFO - Filling up the DagBag from /home/ubuntu/chch-fuel-recommendator/airflow/af_env/lib/python3.12/site-packages/airflow/example_dags/example_bash_decorator.py
[2024-05-18T04:44:51.579+0000] {processor.py:840} INFO - DAG(s) 'example_bash_decorator' retrieved from /home/ubuntu/chch-fuel-recommendator/airflow/af_env/lib/python3.12/site-packages/airflow/example_dags/example_bash_decorator.py
[2024-05-18T04:44:51.704+0000] {logging_mixin.py:188} INFO - [2024-05-18T04:44:51.703+0000] {override.py:1829} INFO - Created Permission View: can edit on DAG:example_bash_decorator
[2024-05-18T04:44:51.718+0000] {logging_mixin.py:188} INFO - [2024-05-18T04:44:51.717+0000] {override.py:1829} INFO - Created Permission View: can read on DAG:example_bash_decorator
[2024-05-18T04:44:51.728+0000] {logging_mixin.py:188} INFO - [2024-05-18T04:44:51.728+0000] {override.py:1829} INFO - Created Permission View: can delete on DAG:example_bash_decorator
[2024-05-18T04:44:51.728+0000] {logging_mixin.py:188} INFO - [2024-05-18T04:44:51.728+0000] {dag.py:3096} INFO - Sync 1 DAGs
[2024-05-18T04:44:51.740+0000] {logging_mixin.py:188} INFO - [2024-05-18T04:44:51.740+0000] {dag.py:3118} INFO - Creating ORM DAG for example_bash_decorator
[2024-05-18T04:44:51.740+0000] {logging_mixin.py:188} INFO - [2024-05-18T04:44:51.740+0000] {dag.py:3954} INFO - Setting next_dagrun for example_bash_decorator to None, run_after=None
[2024-05-18T04:44:51.768+0000] {processor.py:183} INFO - Processing /home/ubuntu/chch-fuel-recommendator/airflow/af_env/lib/python3.12/site-packages/airflow/example_dags/example_bash_decorator.py took 0.212 seconds
[2024-05-18T04:45:52.733+0000] {processor.py:161} INFO - Started process (PID=12355) to work on /home/ubuntu/chch-fuel-recommendator/airflow/af_env/lib/python3.12/site-packages/airflow/example_dags/example_bash_decorator.py
[2024-05-18T04:45:52.735+0000] {processor.py:830} INFO - Processing file /home/ubuntu/chch-fuel-recommendator/airflow/af_env/lib/python3.12/site-packages/airflow/example_dags/example_bash_decorator.py for tasks to queue
[2024-05-18T04:45:52.737+0000] {logging_mixin.py:188} INFO - [2024-05-18T04:45:52.736+0000] {dagbag.py:545} INFO - Filling up the DagBag from /home/ubuntu/chch-fuel-recommendator/airflow/af_env/lib/python3.12/site-packages/airflow/example_dags/example_bash_decorator.py
[2024-05-18T04:45:52.754+0000] {processor.py:840} INFO - DAG(s) 'example_bash_decorator' retrieved from /home/ubuntu/chch-fuel-recommendator/airflow/af_env/lib/python3.12/site-packages/airflow/example_dags/example_bash_decorator.py
[2024-05-18T04:45:52.778+0000] {logging_mixin.py:188} INFO - [2024-05-18T04:45:52.778+0000] {dag.py:3096} INFO - Sync 1 DAGs
[2024-05-18T04:45:52.800+0000] {logging_mixin.py:188} INFO - [2024-05-18T04:45:52.800+0000] {dag.py:3954} INFO - Setting next_dagrun for example_bash_decorator to None, run_after=None
[2024-05-18T04:45:52.840+0000] {processor.py:183} INFO - Processing /home/ubuntu/chch-fuel-recommendator/airflow/af_env/lib/python3.12/site-packages/airflow/example_dags/example_bash_decorator.py took 0.113 seconds
[2024-05-18T04:46:46.310+0000] {processor.py:161} INFO - Started process (PID=12408) to work on /home/ubuntu/chch-fuel-recommendator/airflow/af_env/lib/python3.12/site-packages/airflow/example_dags/example_bash_decorator.py
[2024-05-18T04:46:46.311+0000] {processor.py:830} INFO - Processing file /home/ubuntu/chch-fuel-recommendator/airflow/af_env/lib/python3.12/site-packages/airflow/example_dags/example_bash_decorator.py for tasks to queue
[2024-05-18T04:46:46.313+0000] {logging_mixin.py:188} INFO - [2024-05-18T04:46:46.312+0000] {dagbag.py:545} INFO - Filling up the DagBag from /home/ubuntu/chch-fuel-recommendator/airflow/af_env/lib/python3.12/site-packages/airflow/example_dags/example_bash_decorator.py
[2024-05-18T04:46:46.326+0000] {processor.py:840} INFO - DAG(s) 'example_bash_decorator' retrieved from /home/ubuntu/chch-fuel-recommendator/airflow/af_env/lib/python3.12/site-packages/airflow/example_dags/example_bash_decorator.py
[2024-05-18T04:46:46.356+0000] {logging_mixin.py:188} INFO - [2024-05-18T04:46:46.356+0000] {dag.py:3096} INFO - Sync 1 DAGs
[2024-05-18T04:46:46.367+0000] {logging_mixin.py:188} INFO - [2024-05-18T04:46:46.367+0000] {dag.py:3954} INFO - Setting next_dagrun for example_bash_decorator to None, run_after=None
[2024-05-18T04:46:46.392+0000] {processor.py:183} INFO - Processing /home/ubuntu/chch-fuel-recommendator/airflow/af_env/lib/python3.12/site-packages/airflow/example_dags/example_bash_decorator.py took 0.087 seconds
[2024-05-18T04:47:50.997+0000] {processor.py:161} INFO - Started process (PID=12473) to work on /home/ubuntu/chch-fuel-recommendator/airflow/af_env/lib/python3.12/site-packages/airflow/example_dags/example_bash_decorator.py
[2024-05-18T04:47:50.999+0000] {processor.py:830} INFO - Processing file /home/ubuntu/chch-fuel-recommendator/airflow/af_env/lib/python3.12/site-packages/airflow/example_dags/example_bash_decorator.py for tasks to queue
[2024-05-18T04:47:51.001+0000] {logging_mixin.py:188} INFO - [2024-05-18T04:47:51.000+0000] {dagbag.py:545} INFO - Filling up the DagBag from /home/ubuntu/chch-fuel-recommendator/airflow/af_env/lib/python3.12/site-packages/airflow/example_dags/example_bash_decorator.py
[2024-05-18T04:47:51.016+0000] {processor.py:840} INFO - DAG(s) 'example_bash_decorator' retrieved from /home/ubuntu/chch-fuel-recommendator/airflow/af_env/lib/python3.12/site-packages/airflow/example_dags/example_bash_decorator.py
[2024-05-18T04:47:51.038+0000] {logging_mixin.py:188} INFO - [2024-05-18T04:47:51.038+0000] {dag.py:3096} INFO - Sync 1 DAGs
[2024-05-18T04:47:51.052+0000] {logging_mixin.py:188} INFO - [2024-05-18T04:47:51.051+0000] {dag.py:3954} INFO - Setting next_dagrun for example_bash_decorator to None, run_after=None
[2024-05-18T04:47:51.076+0000] {processor.py:183} INFO - Processing /home/ubuntu/chch-fuel-recommendator/airflow/af_env/lib/python3.12/site-packages/airflow/example_dags/example_bash_decorator.py took 0.086 seconds
[2024-05-18T04:48:55.844+0000] {processor.py:161} INFO - Started process (PID=12538) to work on /home/ubuntu/chch-fuel-recommendator/airflow/af_env/lib/python3.12/site-packages/airflow/example_dags/example_bash_decorator.py
[2024-05-18T04:48:55.846+0000] {processor.py:830} INFO - Processing file /home/ubuntu/chch-fuel-recommendator/airflow/af_env/lib/python3.12/site-packages/airflow/example_dags/example_bash_decorator.py for tasks to queue
[2024-05-18T04:48:55.848+0000] {logging_mixin.py:188} INFO - [2024-05-18T04:48:55.848+0000] {dagbag.py:545} INFO - Filling up the DagBag from /home/ubuntu/chch-fuel-recommendator/airflow/af_env/lib/python3.12/site-packages/airflow/example_dags/example_bash_decorator.py
[2024-05-18T04:48:55.868+0000] {processor.py:840} INFO - DAG(s) 'example_bash_decorator' retrieved from /home/ubuntu/chch-fuel-recommendator/airflow/af_env/lib/python3.12/site-packages/airflow/example_dags/example_bash_decorator.py
[2024-05-18T04:48:55.922+0000] {logging_mixin.py:188} INFO - [2024-05-18T04:48:55.920+0000] {dag.py:3096} INFO - Sync 1 DAGs
[2024-05-18T04:48:55.953+0000] {logging_mixin.py:188} INFO - [2024-05-18T04:48:55.952+0000] {dag.py:3954} INFO - Setting next_dagrun for example_bash_decorator to None, run_after=None
[2024-05-18T04:48:55.999+0000] {processor.py:183} INFO - Processing /home/ubuntu/chch-fuel-recommendator/airflow/af_env/lib/python3.12/site-packages/airflow/example_dags/example_bash_decorator.py took 0.163 seconds
[2024-05-18T04:50:01.991+0000] {processor.py:161} INFO - Started process (PID=12603) to work on /home/ubuntu/chch-fuel-recommendator/airflow/af_env/lib/python3.12/site-packages/airflow/example_dags/example_bash_decorator.py
[2024-05-18T04:50:01.998+0000] {processor.py:830} INFO - Processing file /home/ubuntu/chch-fuel-recommendator/airflow/af_env/lib/python3.12/site-packages/airflow/example_dags/example_bash_decorator.py for tasks to queue
[2024-05-18T04:50:02.007+0000] {logging_mixin.py:188} INFO - [2024-05-18T04:50:02.006+0000] {dagbag.py:545} INFO - Filling up the DagBag from /home/ubuntu/chch-fuel-recommendator/airflow/af_env/lib/python3.12/site-packages/airflow/example_dags/example_bash_decorator.py
[2024-05-18T04:50:02.046+0000] {processor.py:840} INFO - DAG(s) 'example_bash_decorator' retrieved from /home/ubuntu/chch-fuel-recommendator/airflow/af_env/lib/python3.12/site-packages/airflow/example_dags/example_bash_decorator.py
[2024-05-18T04:50:02.124+0000] {logging_mixin.py:188} INFO - [2024-05-18T04:50:02.124+0000] {dag.py:3096} INFO - Sync 1 DAGs
[2024-05-18T04:50:02.155+0000] {logging_mixin.py:188} INFO - [2024-05-18T04:50:02.152+0000] {dag.py:3954} INFO - Setting next_dagrun for example_bash_decorator to None, run_after=None
[2024-05-18T04:50:02.212+0000] {processor.py:183} INFO - Processing /home/ubuntu/chch-fuel-recommendator/airflow/af_env/lib/python3.12/site-packages/airflow/example_dags/example_bash_decorator.py took 0.249 seconds
[2024-05-18T04:51:09.172+0000] {processor.py:161} INFO - Started process (PID=12673) to work on /home/ubuntu/chch-fuel-recommendator/airflow/af_env/lib/python3.12/site-packages/airflow/example_dags/example_bash_decorator.py
[2024-05-18T04:51:09.174+0000] {processor.py:830} INFO - Processing file /home/ubuntu/chch-fuel-recommendator/airflow/af_env/lib/python3.12/site-packages/airflow/example_dags/example_bash_decorator.py for tasks to queue
[2024-05-18T04:51:09.175+0000] {logging_mixin.py:188} INFO - [2024-05-18T04:51:09.175+0000] {dagbag.py:545} INFO - Filling up the DagBag from /home/ubuntu/chch-fuel-recommendator/airflow/af_env/lib/python3.12/site-packages/airflow/example_dags/example_bash_decorator.py
[2024-05-18T04:51:09.194+0000] {processor.py:840} INFO - DAG(s) 'example_bash_decorator' retrieved from /home/ubuntu/chch-fuel-recommendator/airflow/af_env/lib/python3.12/site-packages/airflow/example_dags/example_bash_decorator.py
[2024-05-18T04:51:09.216+0000] {logging_mixin.py:188} INFO - [2024-05-18T04:51:09.216+0000] {dag.py:3096} INFO - Sync 1 DAGs
[2024-05-18T04:51:09.232+0000] {logging_mixin.py:188} INFO - [2024-05-18T04:51:09.232+0000] {dag.py:3954} INFO - Setting next_dagrun for example_bash_decorator to None, run_after=None
[2024-05-18T04:51:09.260+0000] {processor.py:183} INFO - Processing /home/ubuntu/chch-fuel-recommendator/airflow/af_env/lib/python3.12/site-packages/airflow/example_dags/example_bash_decorator.py took 0.096 seconds
[2024-05-18T04:52:14.252+0000] {processor.py:161} INFO - Started process (PID=12738) to work on /home/ubuntu/chch-fuel-recommendator/airflow/af_env/lib/python3.12/site-packages/airflow/example_dags/example_bash_decorator.py
[2024-05-18T04:52:14.254+0000] {processor.py:830} INFO - Processing file /home/ubuntu/chch-fuel-recommendator/airflow/af_env/lib/python3.12/site-packages/airflow/example_dags/example_bash_decorator.py for tasks to queue
[2024-05-18T04:52:14.256+0000] {logging_mixin.py:188} INFO - [2024-05-18T04:52:14.256+0000] {dagbag.py:545} INFO - Filling up the DagBag from /home/ubuntu/chch-fuel-recommendator/airflow/af_env/lib/python3.12/site-packages/airflow/example_dags/example_bash_decorator.py
[2024-05-18T04:52:14.304+0000] {processor.py:840} INFO - DAG(s) 'example_bash_decorator' retrieved from /home/ubuntu/chch-fuel-recommendator/airflow/af_env/lib/python3.12/site-packages/airflow/example_dags/example_bash_decorator.py
[2024-05-18T04:52:14.353+0000] {logging_mixin.py:188} INFO - [2024-05-18T04:52:14.352+0000] {dag.py:3096} INFO - Sync 1 DAGs
[2024-05-18T04:52:14.364+0000] {logging_mixin.py:188} INFO - [2024-05-18T04:52:14.363+0000] {dag.py:3954} INFO - Setting next_dagrun for example_bash_decorator to None, run_after=None
[2024-05-18T04:52:14.401+0000] {processor.py:183} INFO - Processing /home/ubuntu/chch-fuel-recommendator/airflow/af_env/lib/python3.12/site-packages/airflow/example_dags/example_bash_decorator.py took 0.160 seconds
[2024-05-18T04:53:24.431+0000] {processor.py:161} INFO - Started process (PID=12807) to work on /home/ubuntu/chch-fuel-recommendator/airflow/af_env/lib/python3.12/site-packages/airflow/example_dags/example_bash_decorator.py
[2024-05-18T04:53:24.433+0000] {processor.py:830} INFO - Processing file /home/ubuntu/chch-fuel-recommendator/airflow/af_env/lib/python3.12/site-packages/airflow/example_dags/example_bash_decorator.py for tasks to queue
[2024-05-18T04:53:24.436+0000] {logging_mixin.py:188} INFO - [2024-05-18T04:53:24.435+0000] {dagbag.py:545} INFO - Filling up the DagBag from /home/ubuntu/chch-fuel-recommendator/airflow/af_env/lib/python3.12/site-packages/airflow/example_dags/example_bash_decorator.py
[2024-05-18T04:53:24.455+0000] {processor.py:840} INFO - DAG(s) 'example_bash_decorator' retrieved from /home/ubuntu/chch-fuel-recommendator/airflow/af_env/lib/python3.12/site-packages/airflow/example_dags/example_bash_decorator.py
[2024-05-18T04:53:24.479+0000] {logging_mixin.py:188} INFO - [2024-05-18T04:53:24.479+0000] {dag.py:3096} INFO - Sync 1 DAGs
[2024-05-18T04:53:24.492+0000] {logging_mixin.py:188} INFO - [2024-05-18T04:53:24.492+0000] {dag.py:3954} INFO - Setting next_dagrun for example_bash_decorator to None, run_after=None
[2024-05-18T04:53:24.519+0000] {processor.py:183} INFO - Processing /home/ubuntu/chch-fuel-recommendator/airflow/af_env/lib/python3.12/site-packages/airflow/example_dags/example_bash_decorator.py took 0.095 seconds
[2024-05-18T05:32:19.828+0000] {processor.py:161} INFO - Started process (PID=15104) to work on /home/ubuntu/airflow/airflow_env/lib/python3.12/site-packages/airflow/example_dags/example_bash_decorator.py
[2024-05-18T05:32:19.829+0000] {processor.py:830} INFO - Processing file /home/ubuntu/airflow/airflow_env/lib/python3.12/site-packages/airflow/example_dags/example_bash_decorator.py for tasks to queue
[2024-05-18T05:32:19.831+0000] {logging_mixin.py:188} INFO - [2024-05-18T05:32:19.831+0000] {dagbag.py:545} INFO - Filling up the DagBag from /home/ubuntu/airflow/airflow_env/lib/python3.12/site-packages/airflow/example_dags/example_bash_decorator.py
[2024-05-18T05:32:19.847+0000] {processor.py:840} INFO - DAG(s) 'example_bash_decorator' retrieved from /home/ubuntu/airflow/airflow_env/lib/python3.12/site-packages/airflow/example_dags/example_bash_decorator.py
[2024-05-18T05:32:20.046+0000] {logging_mixin.py:188} INFO - [2024-05-18T05:32:20.046+0000] {dag.py:3096} INFO - Sync 1 DAGs
[2024-05-18T05:32:20.067+0000] {logging_mixin.py:188} INFO - [2024-05-18T05:32:20.066+0000] {dag.py:3954} INFO - Setting next_dagrun for example_bash_decorator to None, run_after=None
[2024-05-18T05:32:20.116+0000] {processor.py:183} INFO - Processing /home/ubuntu/airflow/airflow_env/lib/python3.12/site-packages/airflow/example_dags/example_bash_decorator.py took 0.294 seconds
[2024-05-18T05:32:50.641+0000] {processor.py:161} INFO - Started process (PID=15158) to work on /home/ubuntu/airflow/airflow_env/lib/python3.12/site-packages/airflow/example_dags/example_bash_decorator.py
[2024-05-18T05:32:50.642+0000] {processor.py:830} INFO - Processing file /home/ubuntu/airflow/airflow_env/lib/python3.12/site-packages/airflow/example_dags/example_bash_decorator.py for tasks to queue
[2024-05-18T05:32:50.645+0000] {logging_mixin.py:188} INFO - [2024-05-18T05:32:50.644+0000] {dagbag.py:545} INFO - Filling up the DagBag from /home/ubuntu/airflow/airflow_env/lib/python3.12/site-packages/airflow/example_dags/example_bash_decorator.py
[2024-05-18T05:32:50.663+0000] {processor.py:840} INFO - DAG(s) 'example_bash_decorator' retrieved from /home/ubuntu/airflow/airflow_env/lib/python3.12/site-packages/airflow/example_dags/example_bash_decorator.py
[2024-05-18T05:32:50.719+0000] {logging_mixin.py:188} INFO - [2024-05-18T05:32:50.719+0000] {dag.py:3096} INFO - Sync 1 DAGs
[2024-05-18T05:32:50.737+0000] {logging_mixin.py:188} INFO - [2024-05-18T05:32:50.736+0000] {dag.py:3954} INFO - Setting next_dagrun for example_bash_decorator to None, run_after=None
[2024-05-18T05:32:50.763+0000] {processor.py:183} INFO - Processing /home/ubuntu/airflow/airflow_env/lib/python3.12/site-packages/airflow/example_dags/example_bash_decorator.py took 0.129 seconds
[2024-05-18T05:33:21.105+0000] {processor.py:161} INFO - Started process (PID=15212) to work on /home/ubuntu/airflow/airflow_env/lib/python3.12/site-packages/airflow/example_dags/example_bash_decorator.py
[2024-05-18T05:33:21.107+0000] {processor.py:830} INFO - Processing file /home/ubuntu/airflow/airflow_env/lib/python3.12/site-packages/airflow/example_dags/example_bash_decorator.py for tasks to queue
[2024-05-18T05:33:21.111+0000] {logging_mixin.py:188} INFO - [2024-05-18T05:33:21.111+0000] {dagbag.py:545} INFO - Filling up the DagBag from /home/ubuntu/airflow/airflow_env/lib/python3.12/site-packages/airflow/example_dags/example_bash_decorator.py
[2024-05-18T05:33:21.130+0000] {processor.py:840} INFO - DAG(s) 'example_bash_decorator' retrieved from /home/ubuntu/airflow/airflow_env/lib/python3.12/site-packages/airflow/example_dags/example_bash_decorator.py
[2024-05-18T05:33:21.225+0000] {logging_mixin.py:188} INFO - [2024-05-18T05:33:21.224+0000] {dag.py:3096} INFO - Sync 1 DAGs
[2024-05-18T05:33:21.250+0000] {logging_mixin.py:188} INFO - [2024-05-18T05:33:21.250+0000] {dag.py:3954} INFO - Setting next_dagrun for example_bash_decorator to None, run_after=None
[2024-05-18T05:33:21.290+0000] {processor.py:183} INFO - Processing /home/ubuntu/airflow/airflow_env/lib/python3.12/site-packages/airflow/example_dags/example_bash_decorator.py took 0.196 seconds
[2024-05-18T05:33:51.356+0000] {processor.py:161} INFO - Started process (PID=15264) to work on /home/ubuntu/airflow/airflow_env/lib/python3.12/site-packages/airflow/example_dags/example_bash_decorator.py
[2024-05-18T05:33:51.358+0000] {processor.py:830} INFO - Processing file /home/ubuntu/airflow/airflow_env/lib/python3.12/site-packages/airflow/example_dags/example_bash_decorator.py for tasks to queue
[2024-05-18T05:33:51.360+0000] {logging_mixin.py:188} INFO - [2024-05-18T05:33:51.359+0000] {dagbag.py:545} INFO - Filling up the DagBag from /home/ubuntu/airflow/airflow_env/lib/python3.12/site-packages/airflow/example_dags/example_bash_decorator.py
[2024-05-18T05:33:51.401+0000] {processor.py:840} INFO - DAG(s) 'example_bash_decorator' retrieved from /home/ubuntu/airflow/airflow_env/lib/python3.12/site-packages/airflow/example_dags/example_bash_decorator.py
[2024-05-18T05:33:51.476+0000] {logging_mixin.py:188} INFO - [2024-05-18T05:33:51.476+0000] {dag.py:3096} INFO - Sync 1 DAGs
[2024-05-18T05:33:51.493+0000] {logging_mixin.py:188} INFO - [2024-05-18T05:33:51.493+0000] {dag.py:3954} INFO - Setting next_dagrun for example_bash_decorator to None, run_after=None
[2024-05-18T05:33:51.522+0000] {processor.py:183} INFO - Processing /home/ubuntu/airflow/airflow_env/lib/python3.12/site-packages/airflow/example_dags/example_bash_decorator.py took 0.174 seconds
[2024-05-18T05:34:22.115+0000] {processor.py:161} INFO - Started process (PID=15315) to work on /home/ubuntu/airflow/airflow_env/lib/python3.12/site-packages/airflow/example_dags/example_bash_decorator.py
[2024-05-18T05:34:22.117+0000] {processor.py:830} INFO - Processing file /home/ubuntu/airflow/airflow_env/lib/python3.12/site-packages/airflow/example_dags/example_bash_decorator.py for tasks to queue
[2024-05-18T05:34:22.120+0000] {logging_mixin.py:188} INFO - [2024-05-18T05:34:22.119+0000] {dagbag.py:545} INFO - Filling up the DagBag from /home/ubuntu/airflow/airflow_env/lib/python3.12/site-packages/airflow/example_dags/example_bash_decorator.py
[2024-05-18T05:34:22.144+0000] {processor.py:840} INFO - DAG(s) 'example_bash_decorator' retrieved from /home/ubuntu/airflow/airflow_env/lib/python3.12/site-packages/airflow/example_dags/example_bash_decorator.py
[2024-05-18T05:34:22.235+0000] {logging_mixin.py:188} INFO - [2024-05-18T05:34:22.235+0000] {dag.py:3096} INFO - Sync 1 DAGs
[2024-05-18T05:34:22.262+0000] {logging_mixin.py:188} INFO - [2024-05-18T05:34:22.262+0000] {dag.py:3954} INFO - Setting next_dagrun for example_bash_decorator to None, run_after=None
[2024-05-18T05:34:22.299+0000] {processor.py:183} INFO - Processing /home/ubuntu/airflow/airflow_env/lib/python3.12/site-packages/airflow/example_dags/example_bash_decorator.py took 0.197 seconds
[2024-05-18T05:34:52.693+0000] {processor.py:161} INFO - Started process (PID=15366) to work on /home/ubuntu/airflow/airflow_env/lib/python3.12/site-packages/airflow/example_dags/example_bash_decorator.py
[2024-05-18T05:34:52.695+0000] {processor.py:830} INFO - Processing file /home/ubuntu/airflow/airflow_env/lib/python3.12/site-packages/airflow/example_dags/example_bash_decorator.py for tasks to queue
[2024-05-18T05:34:52.696+0000] {logging_mixin.py:188} INFO - [2024-05-18T05:34:52.696+0000] {dagbag.py:545} INFO - Filling up the DagBag from /home/ubuntu/airflow/airflow_env/lib/python3.12/site-packages/airflow/example_dags/example_bash_decorator.py
[2024-05-18T05:34:52.714+0000] {processor.py:840} INFO - DAG(s) 'example_bash_decorator' retrieved from /home/ubuntu/airflow/airflow_env/lib/python3.12/site-packages/airflow/example_dags/example_bash_decorator.py
[2024-05-18T05:34:52.775+0000] {logging_mixin.py:188} INFO - [2024-05-18T05:34:52.774+0000] {dag.py:3096} INFO - Sync 1 DAGs
[2024-05-18T05:34:52.793+0000] {logging_mixin.py:188} INFO - [2024-05-18T05:34:52.793+0000] {dag.py:3954} INFO - Setting next_dagrun for example_bash_decorator to None, run_after=None
[2024-05-18T05:34:52.818+0000] {processor.py:183} INFO - Processing /home/ubuntu/airflow/airflow_env/lib/python3.12/site-packages/airflow/example_dags/example_bash_decorator.py took 0.132 seconds
[2024-05-18T05:35:22.966+0000] {processor.py:161} INFO - Started process (PID=15420) to work on /home/ubuntu/airflow/airflow_env/lib/python3.12/site-packages/airflow/example_dags/example_bash_decorator.py
[2024-05-18T05:35:22.967+0000] {processor.py:830} INFO - Processing file /home/ubuntu/airflow/airflow_env/lib/python3.12/site-packages/airflow/example_dags/example_bash_decorator.py for tasks to queue
[2024-05-18T05:35:22.969+0000] {logging_mixin.py:188} INFO - [2024-05-18T05:35:22.968+0000] {dagbag.py:545} INFO - Filling up the DagBag from /home/ubuntu/airflow/airflow_env/lib/python3.12/site-packages/airflow/example_dags/example_bash_decorator.py
[2024-05-18T05:35:22.983+0000] {processor.py:840} INFO - DAG(s) 'example_bash_decorator' retrieved from /home/ubuntu/airflow/airflow_env/lib/python3.12/site-packages/airflow/example_dags/example_bash_decorator.py
[2024-05-18T05:35:23.026+0000] {logging_mixin.py:188} INFO - [2024-05-18T05:35:23.025+0000] {dag.py:3096} INFO - Sync 1 DAGs
[2024-05-18T05:35:23.040+0000] {logging_mixin.py:188} INFO - [2024-05-18T05:35:23.040+0000] {dag.py:3954} INFO - Setting next_dagrun for example_bash_decorator to None, run_after=None
[2024-05-18T05:35:23.089+0000] {processor.py:183} INFO - Processing /home/ubuntu/airflow/airflow_env/lib/python3.12/site-packages/airflow/example_dags/example_bash_decorator.py took 0.129 seconds
[2024-05-18T05:35:53.457+0000] {processor.py:161} INFO - Started process (PID=15471) to work on /home/ubuntu/airflow/airflow_env/lib/python3.12/site-packages/airflow/example_dags/example_bash_decorator.py
[2024-05-18T05:35:53.460+0000] {processor.py:830} INFO - Processing file /home/ubuntu/airflow/airflow_env/lib/python3.12/site-packages/airflow/example_dags/example_bash_decorator.py for tasks to queue
[2024-05-18T05:35:53.463+0000] {logging_mixin.py:188} INFO - [2024-05-18T05:35:53.463+0000] {dagbag.py:545} INFO - Filling up the DagBag from /home/ubuntu/airflow/airflow_env/lib/python3.12/site-packages/airflow/example_dags/example_bash_decorator.py
[2024-05-18T05:35:53.486+0000] {processor.py:840} INFO - DAG(s) 'example_bash_decorator' retrieved from /home/ubuntu/airflow/airflow_env/lib/python3.12/site-packages/airflow/example_dags/example_bash_decorator.py
[2024-05-18T05:35:53.557+0000] {logging_mixin.py:188} INFO - [2024-05-18T05:35:53.556+0000] {dag.py:3096} INFO - Sync 1 DAGs
[2024-05-18T05:35:53.573+0000] {logging_mixin.py:188} INFO - [2024-05-18T05:35:53.573+0000] {dag.py:3954} INFO - Setting next_dagrun for example_bash_decorator to None, run_after=None
[2024-05-18T05:35:53.610+0000] {processor.py:183} INFO - Processing /home/ubuntu/airflow/airflow_env/lib/python3.12/site-packages/airflow/example_dags/example_bash_decorator.py took 0.160 seconds
[2024-05-18T05:36:24.224+0000] {processor.py:161} INFO - Started process (PID=15522) to work on /home/ubuntu/airflow/airflow_env/lib/python3.12/site-packages/airflow/example_dags/example_bash_decorator.py
[2024-05-18T05:36:24.225+0000] {processor.py:830} INFO - Processing file /home/ubuntu/airflow/airflow_env/lib/python3.12/site-packages/airflow/example_dags/example_bash_decorator.py for tasks to queue
[2024-05-18T05:36:24.227+0000] {logging_mixin.py:188} INFO - [2024-05-18T05:36:24.227+0000] {dagbag.py:545} INFO - Filling up the DagBag from /home/ubuntu/airflow/airflow_env/lib/python3.12/site-packages/airflow/example_dags/example_bash_decorator.py
[2024-05-18T05:36:24.247+0000] {processor.py:840} INFO - DAG(s) 'example_bash_decorator' retrieved from /home/ubuntu/airflow/airflow_env/lib/python3.12/site-packages/airflow/example_dags/example_bash_decorator.py
[2024-05-18T05:36:24.311+0000] {logging_mixin.py:188} INFO - [2024-05-18T05:36:24.311+0000] {dag.py:3096} INFO - Sync 1 DAGs
[2024-05-18T05:36:24.333+0000] {logging_mixin.py:188} INFO - [2024-05-18T05:36:24.333+0000] {dag.py:3954} INFO - Setting next_dagrun for example_bash_decorator to None, run_after=None
[2024-05-18T05:36:24.366+0000] {processor.py:183} INFO - Processing /home/ubuntu/airflow/airflow_env/lib/python3.12/site-packages/airflow/example_dags/example_bash_decorator.py took 0.150 seconds
[2024-05-18T05:36:55.093+0000] {processor.py:161} INFO - Started process (PID=15573) to work on /home/ubuntu/airflow/airflow_env/lib/python3.12/site-packages/airflow/example_dags/example_bash_decorator.py
[2024-05-18T05:36:55.094+0000] {processor.py:830} INFO - Processing file /home/ubuntu/airflow/airflow_env/lib/python3.12/site-packages/airflow/example_dags/example_bash_decorator.py for tasks to queue
[2024-05-18T05:36:55.096+0000] {logging_mixin.py:188} INFO - [2024-05-18T05:36:55.095+0000] {dagbag.py:545} INFO - Filling up the DagBag from /home/ubuntu/airflow/airflow_env/lib/python3.12/site-packages/airflow/example_dags/example_bash_decorator.py
[2024-05-18T05:36:55.116+0000] {processor.py:840} INFO - DAG(s) 'example_bash_decorator' retrieved from /home/ubuntu/airflow/airflow_env/lib/python3.12/site-packages/airflow/example_dags/example_bash_decorator.py
[2024-05-18T05:36:55.182+0000] {logging_mixin.py:188} INFO - [2024-05-18T05:36:55.182+0000] {dag.py:3096} INFO - Sync 1 DAGs
[2024-05-18T05:36:55.207+0000] {logging_mixin.py:188} INFO - [2024-05-18T05:36:55.207+0000] {dag.py:3954} INFO - Setting next_dagrun for example_bash_decorator to None, run_after=None
[2024-05-18T05:36:55.240+0000] {processor.py:183} INFO - Processing /home/ubuntu/airflow/airflow_env/lib/python3.12/site-packages/airflow/example_dags/example_bash_decorator.py took 0.159 seconds
[2024-05-18T05:37:26.280+0000] {processor.py:161} INFO - Started process (PID=15624) to work on /home/ubuntu/airflow/airflow_env/lib/python3.12/site-packages/airflow/example_dags/example_bash_decorator.py
[2024-05-18T05:37:26.282+0000] {processor.py:830} INFO - Processing file /home/ubuntu/airflow/airflow_env/lib/python3.12/site-packages/airflow/example_dags/example_bash_decorator.py for tasks to queue
[2024-05-18T05:37:26.285+0000] {logging_mixin.py:188} INFO - [2024-05-18T05:37:26.284+0000] {dagbag.py:545} INFO - Filling up the DagBag from /home/ubuntu/airflow/airflow_env/lib/python3.12/site-packages/airflow/example_dags/example_bash_decorator.py
[2024-05-18T05:37:26.306+0000] {processor.py:840} INFO - DAG(s) 'example_bash_decorator' retrieved from /home/ubuntu/airflow/airflow_env/lib/python3.12/site-packages/airflow/example_dags/example_bash_decorator.py
[2024-05-18T05:37:26.376+0000] {logging_mixin.py:188} INFO - [2024-05-18T05:37:26.376+0000] {dag.py:3096} INFO - Sync 1 DAGs
[2024-05-18T05:37:26.393+0000] {logging_mixin.py:188} INFO - [2024-05-18T05:37:26.393+0000] {dag.py:3954} INFO - Setting next_dagrun for example_bash_decorator to None, run_after=None
[2024-05-18T05:37:26.417+0000] {processor.py:183} INFO - Processing /home/ubuntu/airflow/airflow_env/lib/python3.12/site-packages/airflow/example_dags/example_bash_decorator.py took 0.149 seconds
[2024-05-18T05:37:57.585+0000] {processor.py:161} INFO - Started process (PID=15676) to work on /home/ubuntu/airflow/airflow_env/lib/python3.12/site-packages/airflow/example_dags/example_bash_decorator.py
[2024-05-18T05:37:57.586+0000] {processor.py:830} INFO - Processing file /home/ubuntu/airflow/airflow_env/lib/python3.12/site-packages/airflow/example_dags/example_bash_decorator.py for tasks to queue
[2024-05-18T05:37:57.589+0000] {logging_mixin.py:188} INFO - [2024-05-18T05:37:57.589+0000] {dagbag.py:545} INFO - Filling up the DagBag from /home/ubuntu/airflow/airflow_env/lib/python3.12/site-packages/airflow/example_dags/example_bash_decorator.py
[2024-05-18T05:37:57.613+0000] {processor.py:840} INFO - DAG(s) 'example_bash_decorator' retrieved from /home/ubuntu/airflow/airflow_env/lib/python3.12/site-packages/airflow/example_dags/example_bash_decorator.py
[2024-05-18T05:37:57.689+0000] {logging_mixin.py:188} INFO - [2024-05-18T05:37:57.689+0000] {dag.py:3096} INFO - Sync 1 DAGs
[2024-05-18T05:37:57.707+0000] {logging_mixin.py:188} INFO - [2024-05-18T05:37:57.707+0000] {dag.py:3954} INFO - Setting next_dagrun for example_bash_decorator to None, run_after=None
[2024-05-18T05:37:57.736+0000] {processor.py:183} INFO - Processing /home/ubuntu/airflow/airflow_env/lib/python3.12/site-packages/airflow/example_dags/example_bash_decorator.py took 0.158 seconds
[2024-05-18T05:38:28.674+0000] {processor.py:161} INFO - Started process (PID=15727) to work on /home/ubuntu/airflow/airflow_env/lib/python3.12/site-packages/airflow/example_dags/example_bash_decorator.py
[2024-05-18T05:38:28.676+0000] {processor.py:830} INFO - Processing file /home/ubuntu/airflow/airflow_env/lib/python3.12/site-packages/airflow/example_dags/example_bash_decorator.py for tasks to queue
[2024-05-18T05:38:28.678+0000] {logging_mixin.py:188} INFO - [2024-05-18T05:38:28.677+0000] {dagbag.py:545} INFO - Filling up the DagBag from /home/ubuntu/airflow/airflow_env/lib/python3.12/site-packages/airflow/example_dags/example_bash_decorator.py
[2024-05-18T05:38:28.696+0000] {processor.py:840} INFO - DAG(s) 'example_bash_decorator' retrieved from /home/ubuntu/airflow/airflow_env/lib/python3.12/site-packages/airflow/example_dags/example_bash_decorator.py
[2024-05-18T05:38:28.781+0000] {logging_mixin.py:188} INFO - [2024-05-18T05:38:28.780+0000] {dag.py:3096} INFO - Sync 1 DAGs
[2024-05-18T05:38:28.809+0000] {logging_mixin.py:188} INFO - [2024-05-18T05:38:28.809+0000] {dag.py:3954} INFO - Setting next_dagrun for example_bash_decorator to None, run_after=None
[2024-05-18T05:38:28.839+0000] {processor.py:183} INFO - Processing /home/ubuntu/airflow/airflow_env/lib/python3.12/site-packages/airflow/example_dags/example_bash_decorator.py took 0.172 seconds
[2024-05-18T05:38:59.761+0000] {processor.py:161} INFO - Started process (PID=15778) to work on /home/ubuntu/airflow/airflow_env/lib/python3.12/site-packages/airflow/example_dags/example_bash_decorator.py
[2024-05-18T05:38:59.764+0000] {processor.py:830} INFO - Processing file /home/ubuntu/airflow/airflow_env/lib/python3.12/site-packages/airflow/example_dags/example_bash_decorator.py for tasks to queue
[2024-05-18T05:38:59.767+0000] {logging_mixin.py:188} INFO - [2024-05-18T05:38:59.767+0000] {dagbag.py:545} INFO - Filling up the DagBag from /home/ubuntu/airflow/airflow_env/lib/python3.12/site-packages/airflow/example_dags/example_bash_decorator.py
[2024-05-18T05:38:59.789+0000] {processor.py:840} INFO - DAG(s) 'example_bash_decorator' retrieved from /home/ubuntu/airflow/airflow_env/lib/python3.12/site-packages/airflow/example_dags/example_bash_decorator.py
[2024-05-18T05:38:59.851+0000] {logging_mixin.py:188} INFO - [2024-05-18T05:38:59.851+0000] {dag.py:3096} INFO - Sync 1 DAGs
[2024-05-18T05:38:59.870+0000] {logging_mixin.py:188} INFO - [2024-05-18T05:38:59.870+0000] {dag.py:3954} INFO - Setting next_dagrun for example_bash_decorator to None, run_after=None
[2024-05-18T05:38:59.897+0000] {processor.py:183} INFO - Processing /home/ubuntu/airflow/airflow_env/lib/python3.12/site-packages/airflow/example_dags/example_bash_decorator.py took 0.159 seconds
[2024-05-18T05:39:30.877+0000] {processor.py:161} INFO - Started process (PID=15830) to work on /home/ubuntu/airflow/airflow_env/lib/python3.12/site-packages/airflow/example_dags/example_bash_decorator.py
[2024-05-18T05:39:30.879+0000] {processor.py:830} INFO - Processing file /home/ubuntu/airflow/airflow_env/lib/python3.12/site-packages/airflow/example_dags/example_bash_decorator.py for tasks to queue
[2024-05-18T05:39:30.881+0000] {logging_mixin.py:188} INFO - [2024-05-18T05:39:30.881+0000] {dagbag.py:545} INFO - Filling up the DagBag from /home/ubuntu/airflow/airflow_env/lib/python3.12/site-packages/airflow/example_dags/example_bash_decorator.py
[2024-05-18T05:39:30.912+0000] {processor.py:840} INFO - DAG(s) 'example_bash_decorator' retrieved from /home/ubuntu/airflow/airflow_env/lib/python3.12/site-packages/airflow/example_dags/example_bash_decorator.py
[2024-05-18T05:39:30.992+0000] {logging_mixin.py:188} INFO - [2024-05-18T05:39:30.992+0000] {dag.py:3096} INFO - Sync 1 DAGs
[2024-05-18T05:39:31.016+0000] {logging_mixin.py:188} INFO - [2024-05-18T05:39:31.015+0000] {dag.py:3954} INFO - Setting next_dagrun for example_bash_decorator to None, run_after=None
[2024-05-18T05:39:31.055+0000] {processor.py:183} INFO - Processing /home/ubuntu/airflow/airflow_env/lib/python3.12/site-packages/airflow/example_dags/example_bash_decorator.py took 0.188 seconds
[2024-05-18T05:40:01.691+0000] {processor.py:161} INFO - Started process (PID=15881) to work on /home/ubuntu/airflow/airflow_env/lib/python3.12/site-packages/airflow/example_dags/example_bash_decorator.py
[2024-05-18T05:40:01.692+0000] {processor.py:830} INFO - Processing file /home/ubuntu/airflow/airflow_env/lib/python3.12/site-packages/airflow/example_dags/example_bash_decorator.py for tasks to queue
[2024-05-18T05:40:01.697+0000] {logging_mixin.py:188} INFO - [2024-05-18T05:40:01.697+0000] {dagbag.py:545} INFO - Filling up the DagBag from /home/ubuntu/airflow/airflow_env/lib/python3.12/site-packages/airflow/example_dags/example_bash_decorator.py
[2024-05-18T05:40:01.741+0000] {processor.py:840} INFO - DAG(s) 'example_bash_decorator' retrieved from /home/ubuntu/airflow/airflow_env/lib/python3.12/site-packages/airflow/example_dags/example_bash_decorator.py
[2024-05-18T05:40:02.581+0000] {logging_mixin.py:188} INFO - [2024-05-18T05:40:02.581+0000] {dag.py:3096} INFO - Sync 1 DAGs
[2024-05-18T05:40:02.600+0000] {logging_mixin.py:188} INFO - [2024-05-18T05:40:02.600+0000] {dag.py:3954} INFO - Setting next_dagrun for example_bash_decorator to None, run_after=None
[2024-05-18T05:40:02.645+0000] {processor.py:183} INFO - Processing /home/ubuntu/airflow/airflow_env/lib/python3.12/site-packages/airflow/example_dags/example_bash_decorator.py took 0.976 seconds
[2024-05-18T05:40:32.953+0000] {processor.py:161} INFO - Started process (PID=16216) to work on /home/ubuntu/airflow/airflow_env/lib/python3.12/site-packages/airflow/example_dags/example_bash_decorator.py
[2024-05-18T05:40:32.955+0000] {processor.py:830} INFO - Processing file /home/ubuntu/airflow/airflow_env/lib/python3.12/site-packages/airflow/example_dags/example_bash_decorator.py for tasks to queue
[2024-05-18T05:40:32.961+0000] {logging_mixin.py:188} INFO - [2024-05-18T05:40:32.960+0000] {dagbag.py:545} INFO - Filling up the DagBag from /home/ubuntu/airflow/airflow_env/lib/python3.12/site-packages/airflow/example_dags/example_bash_decorator.py
[2024-05-18T05:40:32.992+0000] {processor.py:840} INFO - DAG(s) 'example_bash_decorator' retrieved from /home/ubuntu/airflow/airflow_env/lib/python3.12/site-packages/airflow/example_dags/example_bash_decorator.py
[2024-05-18T05:40:33.137+0000] {logging_mixin.py:188} INFO - [2024-05-18T05:40:33.137+0000] {dag.py:3096} INFO - Sync 1 DAGs
[2024-05-18T05:40:33.187+0000] {logging_mixin.py:188} INFO - [2024-05-18T05:40:33.186+0000] {dag.py:3954} INFO - Setting next_dagrun for example_bash_decorator to None, run_after=None
[2024-05-18T05:40:33.262+0000] {processor.py:183} INFO - Processing /home/ubuntu/airflow/airflow_env/lib/python3.12/site-packages/airflow/example_dags/example_bash_decorator.py took 0.331 seconds
[2024-05-18T05:41:04.062+0000] {processor.py:161} INFO - Started process (PID=16268) to work on /home/ubuntu/airflow/airflow_env/lib/python3.12/site-packages/airflow/example_dags/example_bash_decorator.py
[2024-05-18T05:41:04.063+0000] {processor.py:830} INFO - Processing file /home/ubuntu/airflow/airflow_env/lib/python3.12/site-packages/airflow/example_dags/example_bash_decorator.py for tasks to queue
[2024-05-18T05:41:04.066+0000] {logging_mixin.py:188} INFO - [2024-05-18T05:41:04.066+0000] {dagbag.py:545} INFO - Filling up the DagBag from /home/ubuntu/airflow/airflow_env/lib/python3.12/site-packages/airflow/example_dags/example_bash_decorator.py
[2024-05-18T05:41:04.092+0000] {processor.py:840} INFO - DAG(s) 'example_bash_decorator' retrieved from /home/ubuntu/airflow/airflow_env/lib/python3.12/site-packages/airflow/example_dags/example_bash_decorator.py
[2024-05-18T05:41:04.175+0000] {logging_mixin.py:188} INFO - [2024-05-18T05:41:04.175+0000] {dag.py:3096} INFO - Sync 1 DAGs
[2024-05-18T05:41:04.197+0000] {logging_mixin.py:188} INFO - [2024-05-18T05:41:04.197+0000] {dag.py:3954} INFO - Setting next_dagrun for example_bash_decorator to None, run_after=None
[2024-05-18T05:41:04.241+0000] {processor.py:183} INFO - Processing /home/ubuntu/airflow/airflow_env/lib/python3.12/site-packages/airflow/example_dags/example_bash_decorator.py took 0.191 seconds
[2024-05-18T05:41:35.009+0000] {processor.py:161} INFO - Started process (PID=16320) to work on /home/ubuntu/airflow/airflow_env/lib/python3.12/site-packages/airflow/example_dags/example_bash_decorator.py
[2024-05-18T05:41:35.012+0000] {processor.py:830} INFO - Processing file /home/ubuntu/airflow/airflow_env/lib/python3.12/site-packages/airflow/example_dags/example_bash_decorator.py for tasks to queue
[2024-05-18T05:41:35.016+0000] {logging_mixin.py:188} INFO - [2024-05-18T05:41:35.015+0000] {dagbag.py:545} INFO - Filling up the DagBag from /home/ubuntu/airflow/airflow_env/lib/python3.12/site-packages/airflow/example_dags/example_bash_decorator.py
[2024-05-18T05:41:35.050+0000] {processor.py:840} INFO - DAG(s) 'example_bash_decorator' retrieved from /home/ubuntu/airflow/airflow_env/lib/python3.12/site-packages/airflow/example_dags/example_bash_decorator.py
[2024-05-18T05:41:35.133+0000] {logging_mixin.py:188} INFO - [2024-05-18T05:41:35.132+0000] {dag.py:3096} INFO - Sync 1 DAGs
[2024-05-18T05:41:35.152+0000] {logging_mixin.py:188} INFO - [2024-05-18T05:41:35.151+0000] {dag.py:3954} INFO - Setting next_dagrun for example_bash_decorator to None, run_after=None
[2024-05-18T05:41:35.177+0000] {processor.py:183} INFO - Processing /home/ubuntu/airflow/airflow_env/lib/python3.12/site-packages/airflow/example_dags/example_bash_decorator.py took 0.186 seconds
[2024-05-18T05:42:05.409+0000] {processor.py:161} INFO - Started process (PID=16372) to work on /home/ubuntu/airflow/airflow_env/lib/python3.12/site-packages/airflow/example_dags/example_bash_decorator.py
[2024-05-18T05:42:05.410+0000] {processor.py:830} INFO - Processing file /home/ubuntu/airflow/airflow_env/lib/python3.12/site-packages/airflow/example_dags/example_bash_decorator.py for tasks to queue
[2024-05-18T05:42:05.412+0000] {logging_mixin.py:188} INFO - [2024-05-18T05:42:05.412+0000] {dagbag.py:545} INFO - Filling up the DagBag from /home/ubuntu/airflow/airflow_env/lib/python3.12/site-packages/airflow/example_dags/example_bash_decorator.py
[2024-05-18T05:42:05.431+0000] {processor.py:840} INFO - DAG(s) 'example_bash_decorator' retrieved from /home/ubuntu/airflow/airflow_env/lib/python3.12/site-packages/airflow/example_dags/example_bash_decorator.py
[2024-05-18T05:42:05.507+0000] {logging_mixin.py:188} INFO - [2024-05-18T05:42:05.507+0000] {dag.py:3096} INFO - Sync 1 DAGs
[2024-05-18T05:42:05.530+0000] {logging_mixin.py:188} INFO - [2024-05-18T05:42:05.529+0000] {dag.py:3954} INFO - Setting next_dagrun for example_bash_decorator to None, run_after=None
[2024-05-18T05:42:05.582+0000] {processor.py:183} INFO - Processing /home/ubuntu/airflow/airflow_env/lib/python3.12/site-packages/airflow/example_dags/example_bash_decorator.py took 0.183 seconds
[2024-05-18T05:42:36.389+0000] {processor.py:161} INFO - Started process (PID=16423) to work on /home/ubuntu/airflow/airflow_env/lib/python3.12/site-packages/airflow/example_dags/example_bash_decorator.py
[2024-05-18T05:42:36.395+0000] {processor.py:830} INFO - Processing file /home/ubuntu/airflow/airflow_env/lib/python3.12/site-packages/airflow/example_dags/example_bash_decorator.py for tasks to queue
[2024-05-18T05:42:36.409+0000] {logging_mixin.py:188} INFO - [2024-05-18T05:42:36.408+0000] {dagbag.py:545} INFO - Filling up the DagBag from /home/ubuntu/airflow/airflow_env/lib/python3.12/site-packages/airflow/example_dags/example_bash_decorator.py
[2024-05-18T05:42:36.450+0000] {processor.py:840} INFO - DAG(s) 'example_bash_decorator' retrieved from /home/ubuntu/airflow/airflow_env/lib/python3.12/site-packages/airflow/example_dags/example_bash_decorator.py
[2024-05-18T05:42:36.513+0000] {logging_mixin.py:188} INFO - [2024-05-18T05:42:36.513+0000] {dag.py:3096} INFO - Sync 1 DAGs
[2024-05-18T05:42:36.532+0000] {logging_mixin.py:188} INFO - [2024-05-18T05:42:36.532+0000] {dag.py:3954} INFO - Setting next_dagrun for example_bash_decorator to None, run_after=None
[2024-05-18T05:42:36.562+0000] {processor.py:183} INFO - Processing /home/ubuntu/airflow/airflow_env/lib/python3.12/site-packages/airflow/example_dags/example_bash_decorator.py took 0.184 seconds
[2024-05-18T05:43:07.499+0000] {processor.py:161} INFO - Started process (PID=16509) to work on /home/ubuntu/airflow/airflow_env/lib/python3.12/site-packages/airflow/example_dags/example_bash_decorator.py
[2024-05-18T05:43:07.500+0000] {processor.py:830} INFO - Processing file /home/ubuntu/airflow/airflow_env/lib/python3.12/site-packages/airflow/example_dags/example_bash_decorator.py for tasks to queue
[2024-05-18T05:43:07.503+0000] {logging_mixin.py:188} INFO - [2024-05-18T05:43:07.502+0000] {dagbag.py:545} INFO - Filling up the DagBag from /home/ubuntu/airflow/airflow_env/lib/python3.12/site-packages/airflow/example_dags/example_bash_decorator.py
[2024-05-18T05:43:07.524+0000] {processor.py:840} INFO - DAG(s) 'example_bash_decorator' retrieved from /home/ubuntu/airflow/airflow_env/lib/python3.12/site-packages/airflow/example_dags/example_bash_decorator.py
[2024-05-18T05:43:07.607+0000] {logging_mixin.py:188} INFO - [2024-05-18T05:43:07.607+0000] {dag.py:3096} INFO - Sync 1 DAGs
[2024-05-18T05:43:07.634+0000] {logging_mixin.py:188} INFO - [2024-05-18T05:43:07.633+0000] {dag.py:3954} INFO - Setting next_dagrun for example_bash_decorator to None, run_after=None
[2024-05-18T05:43:07.672+0000] {processor.py:183} INFO - Processing /home/ubuntu/airflow/airflow_env/lib/python3.12/site-packages/airflow/example_dags/example_bash_decorator.py took 0.182 seconds
[2024-05-18T05:43:38.277+0000] {processor.py:161} INFO - Started process (PID=16560) to work on /home/ubuntu/airflow/airflow_env/lib/python3.12/site-packages/airflow/example_dags/example_bash_decorator.py
[2024-05-18T05:43:38.281+0000] {processor.py:830} INFO - Processing file /home/ubuntu/airflow/airflow_env/lib/python3.12/site-packages/airflow/example_dags/example_bash_decorator.py for tasks to queue
[2024-05-18T05:43:38.290+0000] {logging_mixin.py:188} INFO - [2024-05-18T05:43:38.286+0000] {dagbag.py:545} INFO - Filling up the DagBag from /home/ubuntu/airflow/airflow_env/lib/python3.12/site-packages/airflow/example_dags/example_bash_decorator.py
[2024-05-18T05:43:38.322+0000] {processor.py:840} INFO - DAG(s) 'example_bash_decorator' retrieved from /home/ubuntu/airflow/airflow_env/lib/python3.12/site-packages/airflow/example_dags/example_bash_decorator.py
[2024-05-18T05:43:38.400+0000] {logging_mixin.py:188} INFO - [2024-05-18T05:43:38.400+0000] {dag.py:3096} INFO - Sync 1 DAGs
[2024-05-18T05:43:38.436+0000] {logging_mixin.py:188} INFO - [2024-05-18T05:43:38.435+0000] {dag.py:3954} INFO - Setting next_dagrun for example_bash_decorator to None, run_after=None
[2024-05-18T05:43:38.473+0000] {processor.py:183} INFO - Processing /home/ubuntu/airflow/airflow_env/lib/python3.12/site-packages/airflow/example_dags/example_bash_decorator.py took 0.213 seconds
