[2024-05-18T04:44:12.402+0000] {processor.py:161} INFO - Started process (PID=12263) to work on /home/ubuntu/chch-fuel-recommendator/airflow/af_env/lib/python3.12/site-packages/airflow/example_dags/example_trigger_controller_dag.py
[2024-05-18T04:44:12.403+0000] {processor.py:830} INFO - Processing file /home/ubuntu/chch-fuel-recommendator/airflow/af_env/lib/python3.12/site-packages/airflow/example_dags/example_trigger_controller_dag.py for tasks to queue
[2024-05-18T04:44:12.405+0000] {logging_mixin.py:188} INFO - [2024-05-18T04:44:12.404+0000] {dagbag.py:545} INFO - Filling up the DagBag from /home/ubuntu/chch-fuel-recommendator/airflow/af_env/lib/python3.12/site-packages/airflow/example_dags/example_trigger_controller_dag.py
[2024-05-18T04:44:12.410+0000] {processor.py:840} INFO - DAG(s) 'example_trigger_controller_dag' retrieved from /home/ubuntu/chch-fuel-recommendator/airflow/af_env/lib/python3.12/site-packages/airflow/example_dags/example_trigger_controller_dag.py
[2024-05-18T04:44:12.549+0000] {logging_mixin.py:188} INFO - [2024-05-18T04:44:12.548+0000] {override.py:1829} INFO - Created Permission View: can edit on DAG:example_trigger_controller_dag
[2024-05-18T04:44:12.564+0000] {logging_mixin.py:188} INFO - [2024-05-18T04:44:12.564+0000] {override.py:1829} INFO - Created Permission View: can read on DAG:example_trigger_controller_dag
[2024-05-18T04:44:12.575+0000] {logging_mixin.py:188} INFO - [2024-05-18T04:44:12.574+0000] {override.py:1829} INFO - Created Permission View: can delete on DAG:example_trigger_controller_dag
[2024-05-18T04:44:12.575+0000] {logging_mixin.py:188} INFO - [2024-05-18T04:44:12.575+0000] {dag.py:3096} INFO - Sync 1 DAGs
[2024-05-18T04:44:12.589+0000] {logging_mixin.py:188} INFO - [2024-05-18T04:44:12.588+0000] {dag.py:3118} INFO - Creating ORM DAG for example_trigger_controller_dag
[2024-05-18T04:44:12.599+0000] {logging_mixin.py:188} INFO - [2024-05-18T04:44:12.599+0000] {dag.py:3954} INFO - Setting next_dagrun for example_trigger_controller_dag to 2021-01-01 00:00:00+00:00, run_after=2021-01-01 00:00:00+00:00
[2024-05-18T04:44:12.633+0000] {processor.py:183} INFO - Processing /home/ubuntu/chch-fuel-recommendator/airflow/af_env/lib/python3.12/site-packages/airflow/example_dags/example_trigger_controller_dag.py took 0.240 seconds
[2024-05-18T04:45:12.450+0000] {processor.py:161} INFO - Started process (PID=12317) to work on /home/ubuntu/chch-fuel-recommendator/airflow/af_env/lib/python3.12/site-packages/airflow/example_dags/example_trigger_controller_dag.py
[2024-05-18T04:45:12.453+0000] {processor.py:830} INFO - Processing file /home/ubuntu/chch-fuel-recommendator/airflow/af_env/lib/python3.12/site-packages/airflow/example_dags/example_trigger_controller_dag.py for tasks to queue
[2024-05-18T04:45:12.455+0000] {logging_mixin.py:188} INFO - [2024-05-18T04:45:12.454+0000] {dagbag.py:545} INFO - Filling up the DagBag from /home/ubuntu/chch-fuel-recommendator/airflow/af_env/lib/python3.12/site-packages/airflow/example_dags/example_trigger_controller_dag.py
[2024-05-18T04:45:12.461+0000] {processor.py:840} INFO - DAG(s) 'example_trigger_controller_dag' retrieved from /home/ubuntu/chch-fuel-recommendator/airflow/af_env/lib/python3.12/site-packages/airflow/example_dags/example_trigger_controller_dag.py
[2024-05-18T04:45:12.487+0000] {logging_mixin.py:188} INFO - [2024-05-18T04:45:12.486+0000] {dag.py:3096} INFO - Sync 1 DAGs
[2024-05-18T04:45:12.517+0000] {logging_mixin.py:188} INFO - [2024-05-18T04:45:12.516+0000] {dag.py:3954} INFO - Setting next_dagrun for example_trigger_controller_dag to 2021-01-01 00:00:00+00:00, run_after=2021-01-01 00:00:00+00:00
[2024-05-18T04:45:12.555+0000] {processor.py:183} INFO - Processing /home/ubuntu/chch-fuel-recommendator/airflow/af_env/lib/python3.12/site-packages/airflow/example_dags/example_trigger_controller_dag.py took 0.114 seconds
[2024-05-18T04:46:09.818+0000] {processor.py:161} INFO - Started process (PID=12373) to work on /home/ubuntu/chch-fuel-recommendator/airflow/af_env/lib/python3.12/site-packages/airflow/example_dags/example_trigger_controller_dag.py
[2024-05-18T04:46:09.819+0000] {processor.py:830} INFO - Processing file /home/ubuntu/chch-fuel-recommendator/airflow/af_env/lib/python3.12/site-packages/airflow/example_dags/example_trigger_controller_dag.py for tasks to queue
[2024-05-18T04:46:09.821+0000] {logging_mixin.py:188} INFO - [2024-05-18T04:46:09.821+0000] {dagbag.py:545} INFO - Filling up the DagBag from /home/ubuntu/chch-fuel-recommendator/airflow/af_env/lib/python3.12/site-packages/airflow/example_dags/example_trigger_controller_dag.py
[2024-05-18T04:46:09.828+0000] {processor.py:840} INFO - DAG(s) 'example_trigger_controller_dag' retrieved from /home/ubuntu/chch-fuel-recommendator/airflow/af_env/lib/python3.12/site-packages/airflow/example_dags/example_trigger_controller_dag.py
[2024-05-18T04:46:09.854+0000] {logging_mixin.py:188} INFO - [2024-05-18T04:46:09.854+0000] {dag.py:3096} INFO - Sync 1 DAGs
[2024-05-18T04:46:09.880+0000] {logging_mixin.py:188} INFO - [2024-05-18T04:46:09.879+0000] {dag.py:3954} INFO - Setting next_dagrun for example_trigger_controller_dag to 2021-01-01 00:00:00+00:00, run_after=2021-01-01 00:00:00+00:00
[2024-05-18T04:46:09.909+0000] {processor.py:183} INFO - Processing /home/ubuntu/chch-fuel-recommendator/airflow/af_env/lib/python3.12/site-packages/airflow/example_dags/example_trigger_controller_dag.py took 0.101 seconds
[2024-05-18T04:47:00.711+0000] {processor.py:161} INFO - Started process (PID=12424) to work on /home/ubuntu/chch-fuel-recommendator/airflow/af_env/lib/python3.12/site-packages/airflow/example_dags/example_trigger_controller_dag.py
[2024-05-18T04:47:00.713+0000] {processor.py:830} INFO - Processing file /home/ubuntu/chch-fuel-recommendator/airflow/af_env/lib/python3.12/site-packages/airflow/example_dags/example_trigger_controller_dag.py for tasks to queue
[2024-05-18T04:47:00.714+0000] {logging_mixin.py:188} INFO - [2024-05-18T04:47:00.714+0000] {dagbag.py:545} INFO - Filling up the DagBag from /home/ubuntu/chch-fuel-recommendator/airflow/af_env/lib/python3.12/site-packages/airflow/example_dags/example_trigger_controller_dag.py
[2024-05-18T04:47:00.720+0000] {processor.py:840} INFO - DAG(s) 'example_trigger_controller_dag' retrieved from /home/ubuntu/chch-fuel-recommendator/airflow/af_env/lib/python3.12/site-packages/airflow/example_dags/example_trigger_controller_dag.py
[2024-05-18T04:47:00.735+0000] {logging_mixin.py:188} INFO - [2024-05-18T04:47:00.735+0000] {dag.py:3096} INFO - Sync 1 DAGs
[2024-05-18T04:47:00.758+0000] {logging_mixin.py:188} INFO - [2024-05-18T04:47:00.758+0000] {dag.py:3954} INFO - Setting next_dagrun for example_trigger_controller_dag to 2021-01-01 00:00:00+00:00, run_after=2021-01-01 00:00:00+00:00
[2024-05-18T04:47:00.781+0000] {processor.py:183} INFO - Processing /home/ubuntu/chch-fuel-recommendator/airflow/af_env/lib/python3.12/site-packages/airflow/example_dags/example_trigger_controller_dag.py took 0.076 seconds
[2024-05-18T04:47:55.093+0000] {processor.py:161} INFO - Started process (PID=12477) to work on /home/ubuntu/chch-fuel-recommendator/airflow/af_env/lib/python3.12/site-packages/airflow/example_dags/example_trigger_controller_dag.py
[2024-05-18T04:47:55.094+0000] {processor.py:830} INFO - Processing file /home/ubuntu/chch-fuel-recommendator/airflow/af_env/lib/python3.12/site-packages/airflow/example_dags/example_trigger_controller_dag.py for tasks to queue
[2024-05-18T04:47:55.096+0000] {logging_mixin.py:188} INFO - [2024-05-18T04:47:55.095+0000] {dagbag.py:545} INFO - Filling up the DagBag from /home/ubuntu/chch-fuel-recommendator/airflow/af_env/lib/python3.12/site-packages/airflow/example_dags/example_trigger_controller_dag.py
[2024-05-18T04:47:55.106+0000] {processor.py:840} INFO - DAG(s) 'example_trigger_controller_dag' retrieved from /home/ubuntu/chch-fuel-recommendator/airflow/af_env/lib/python3.12/site-packages/airflow/example_dags/example_trigger_controller_dag.py
[2024-05-18T04:47:55.129+0000] {logging_mixin.py:188} INFO - [2024-05-18T04:47:55.129+0000] {dag.py:3096} INFO - Sync 1 DAGs
[2024-05-18T04:47:55.147+0000] {logging_mixin.py:188} INFO - [2024-05-18T04:47:55.147+0000] {dag.py:3954} INFO - Setting next_dagrun for example_trigger_controller_dag to 2021-01-01 00:00:00+00:00, run_after=2021-01-01 00:00:00+00:00
[2024-05-18T04:47:55.174+0000] {processor.py:183} INFO - Processing /home/ubuntu/chch-fuel-recommendator/airflow/af_env/lib/python3.12/site-packages/airflow/example_dags/example_trigger_controller_dag.py took 0.094 seconds
[2024-05-18T04:48:38.813+0000] {processor.py:161} INFO - Started process (PID=12520) to work on /home/ubuntu/chch-fuel-recommendator/airflow/af_env/lib/python3.12/site-packages/airflow/example_dags/example_trigger_controller_dag.py
[2024-05-18T04:48:38.815+0000] {processor.py:830} INFO - Processing file /home/ubuntu/chch-fuel-recommendator/airflow/af_env/lib/python3.12/site-packages/airflow/example_dags/example_trigger_controller_dag.py for tasks to queue
[2024-05-18T04:48:38.817+0000] {logging_mixin.py:188} INFO - [2024-05-18T04:48:38.816+0000] {dagbag.py:545} INFO - Filling up the DagBag from /home/ubuntu/chch-fuel-recommendator/airflow/af_env/lib/python3.12/site-packages/airflow/example_dags/example_trigger_controller_dag.py
[2024-05-18T04:48:38.823+0000] {processor.py:840} INFO - DAG(s) 'example_trigger_controller_dag' retrieved from /home/ubuntu/chch-fuel-recommendator/airflow/af_env/lib/python3.12/site-packages/airflow/example_dags/example_trigger_controller_dag.py
[2024-05-18T04:48:38.845+0000] {logging_mixin.py:188} INFO - [2024-05-18T04:48:38.844+0000] {dag.py:3096} INFO - Sync 1 DAGs
[2024-05-18T04:48:38.876+0000] {logging_mixin.py:188} INFO - [2024-05-18T04:48:38.875+0000] {dag.py:3954} INFO - Setting next_dagrun for example_trigger_controller_dag to 2021-01-01 00:00:00+00:00, run_after=2021-01-01 00:00:00+00:00
[2024-05-18T04:48:38.904+0000] {processor.py:183} INFO - Processing /home/ubuntu/chch-fuel-recommendator/airflow/af_env/lib/python3.12/site-packages/airflow/example_dags/example_trigger_controller_dag.py took 0.105 seconds
[2024-05-18T04:49:23.097+0000] {processor.py:161} INFO - Started process (PID=12564) to work on /home/ubuntu/chch-fuel-recommendator/airflow/af_env/lib/python3.12/site-packages/airflow/example_dags/example_trigger_controller_dag.py
[2024-05-18T04:49:23.100+0000] {processor.py:830} INFO - Processing file /home/ubuntu/chch-fuel-recommendator/airflow/af_env/lib/python3.12/site-packages/airflow/example_dags/example_trigger_controller_dag.py for tasks to queue
[2024-05-18T04:49:23.103+0000] {logging_mixin.py:188} INFO - [2024-05-18T04:49:23.102+0000] {dagbag.py:545} INFO - Filling up the DagBag from /home/ubuntu/chch-fuel-recommendator/airflow/af_env/lib/python3.12/site-packages/airflow/example_dags/example_trigger_controller_dag.py
[2024-05-18T04:49:23.115+0000] {processor.py:840} INFO - DAG(s) 'example_trigger_controller_dag' retrieved from /home/ubuntu/chch-fuel-recommendator/airflow/af_env/lib/python3.12/site-packages/airflow/example_dags/example_trigger_controller_dag.py
[2024-05-18T04:49:23.145+0000] {logging_mixin.py:188} INFO - [2024-05-18T04:49:23.145+0000] {dag.py:3096} INFO - Sync 1 DAGs
[2024-05-18T04:49:23.174+0000] {logging_mixin.py:188} INFO - [2024-05-18T04:49:23.174+0000] {dag.py:3954} INFO - Setting next_dagrun for example_trigger_controller_dag to 2021-01-01 00:00:00+00:00, run_after=2021-01-01 00:00:00+00:00
[2024-05-18T04:49:23.198+0000] {processor.py:183} INFO - Processing /home/ubuntu/chch-fuel-recommendator/airflow/af_env/lib/python3.12/site-packages/airflow/example_dags/example_trigger_controller_dag.py took 0.108 seconds
[2024-05-18T04:50:07.340+0000] {processor.py:161} INFO - Started process (PID=12608) to work on /home/ubuntu/chch-fuel-recommendator/airflow/af_env/lib/python3.12/site-packages/airflow/example_dags/example_trigger_controller_dag.py
[2024-05-18T04:50:07.345+0000] {processor.py:830} INFO - Processing file /home/ubuntu/chch-fuel-recommendator/airflow/af_env/lib/python3.12/site-packages/airflow/example_dags/example_trigger_controller_dag.py for tasks to queue
[2024-05-18T04:50:07.347+0000] {logging_mixin.py:188} INFO - [2024-05-18T04:50:07.347+0000] {dagbag.py:545} INFO - Filling up the DagBag from /home/ubuntu/chch-fuel-recommendator/airflow/af_env/lib/python3.12/site-packages/airflow/example_dags/example_trigger_controller_dag.py
[2024-05-18T04:50:07.354+0000] {processor.py:840} INFO - DAG(s) 'example_trigger_controller_dag' retrieved from /home/ubuntu/chch-fuel-recommendator/airflow/af_env/lib/python3.12/site-packages/airflow/example_dags/example_trigger_controller_dag.py
[2024-05-18T04:50:07.375+0000] {logging_mixin.py:188} INFO - [2024-05-18T04:50:07.375+0000] {dag.py:3096} INFO - Sync 1 DAGs
[2024-05-18T04:50:07.401+0000] {logging_mixin.py:188} INFO - [2024-05-18T04:50:07.400+0000] {dag.py:3954} INFO - Setting next_dagrun for example_trigger_controller_dag to 2021-01-01 00:00:00+00:00, run_after=2021-01-01 00:00:00+00:00
[2024-05-18T04:50:07.428+0000] {processor.py:183} INFO - Processing /home/ubuntu/chch-fuel-recommendator/airflow/af_env/lib/python3.12/site-packages/airflow/example_dags/example_trigger_controller_dag.py took 0.095 seconds
[2024-05-18T04:50:51.296+0000] {processor.py:161} INFO - Started process (PID=12655) to work on /home/ubuntu/chch-fuel-recommendator/airflow/af_env/lib/python3.12/site-packages/airflow/example_dags/example_trigger_controller_dag.py
[2024-05-18T04:50:51.297+0000] {processor.py:830} INFO - Processing file /home/ubuntu/chch-fuel-recommendator/airflow/af_env/lib/python3.12/site-packages/airflow/example_dags/example_trigger_controller_dag.py for tasks to queue
[2024-05-18T04:50:51.299+0000] {logging_mixin.py:188} INFO - [2024-05-18T04:50:51.299+0000] {dagbag.py:545} INFO - Filling up the DagBag from /home/ubuntu/chch-fuel-recommendator/airflow/af_env/lib/python3.12/site-packages/airflow/example_dags/example_trigger_controller_dag.py
[2024-05-18T04:50:51.304+0000] {processor.py:840} INFO - DAG(s) 'example_trigger_controller_dag' retrieved from /home/ubuntu/chch-fuel-recommendator/airflow/af_env/lib/python3.12/site-packages/airflow/example_dags/example_trigger_controller_dag.py
[2024-05-18T04:50:51.320+0000] {logging_mixin.py:188} INFO - [2024-05-18T04:50:51.319+0000] {dag.py:3096} INFO - Sync 1 DAGs
[2024-05-18T04:50:51.337+0000] {logging_mixin.py:188} INFO - [2024-05-18T04:50:51.337+0000] {dag.py:3954} INFO - Setting next_dagrun for example_trigger_controller_dag to 2021-01-01 00:00:00+00:00, run_after=2021-01-01 00:00:00+00:00
[2024-05-18T04:50:51.374+0000] {processor.py:183} INFO - Processing /home/ubuntu/chch-fuel-recommendator/airflow/af_env/lib/python3.12/site-packages/airflow/example_dags/example_trigger_controller_dag.py took 0.084 seconds
[2024-05-18T04:51:35.597+0000] {processor.py:161} INFO - Started process (PID=12700) to work on /home/ubuntu/chch-fuel-recommendator/airflow/af_env/lib/python3.12/site-packages/airflow/example_dags/example_trigger_controller_dag.py
[2024-05-18T04:51:35.599+0000] {processor.py:830} INFO - Processing file /home/ubuntu/chch-fuel-recommendator/airflow/af_env/lib/python3.12/site-packages/airflow/example_dags/example_trigger_controller_dag.py for tasks to queue
[2024-05-18T04:51:35.600+0000] {logging_mixin.py:188} INFO - [2024-05-18T04:51:35.600+0000] {dagbag.py:545} INFO - Filling up the DagBag from /home/ubuntu/chch-fuel-recommendator/airflow/af_env/lib/python3.12/site-packages/airflow/example_dags/example_trigger_controller_dag.py
[2024-05-18T04:51:35.606+0000] {processor.py:840} INFO - DAG(s) 'example_trigger_controller_dag' retrieved from /home/ubuntu/chch-fuel-recommendator/airflow/af_env/lib/python3.12/site-packages/airflow/example_dags/example_trigger_controller_dag.py
[2024-05-18T04:51:35.624+0000] {logging_mixin.py:188} INFO - [2024-05-18T04:51:35.623+0000] {dag.py:3096} INFO - Sync 1 DAGs
[2024-05-18T04:51:35.645+0000] {logging_mixin.py:188} INFO - [2024-05-18T04:51:35.645+0000] {dag.py:3954} INFO - Setting next_dagrun for example_trigger_controller_dag to 2021-01-01 00:00:00+00:00, run_after=2021-01-01 00:00:00+00:00
[2024-05-18T04:51:35.670+0000] {processor.py:183} INFO - Processing /home/ubuntu/chch-fuel-recommendator/airflow/af_env/lib/python3.12/site-packages/airflow/example_dags/example_trigger_controller_dag.py took 0.079 seconds
[2024-05-18T04:52:18.366+0000] {processor.py:161} INFO - Started process (PID=12743) to work on /home/ubuntu/chch-fuel-recommendator/airflow/af_env/lib/python3.12/site-packages/airflow/example_dags/example_trigger_controller_dag.py
[2024-05-18T04:52:18.368+0000] {processor.py:830} INFO - Processing file /home/ubuntu/chch-fuel-recommendator/airflow/af_env/lib/python3.12/site-packages/airflow/example_dags/example_trigger_controller_dag.py for tasks to queue
[2024-05-18T04:52:18.370+0000] {logging_mixin.py:188} INFO - [2024-05-18T04:52:18.369+0000] {dagbag.py:545} INFO - Filling up the DagBag from /home/ubuntu/chch-fuel-recommendator/airflow/af_env/lib/python3.12/site-packages/airflow/example_dags/example_trigger_controller_dag.py
[2024-05-18T04:52:18.376+0000] {processor.py:840} INFO - DAG(s) 'example_trigger_controller_dag' retrieved from /home/ubuntu/chch-fuel-recommendator/airflow/af_env/lib/python3.12/site-packages/airflow/example_dags/example_trigger_controller_dag.py
[2024-05-18T04:52:18.399+0000] {logging_mixin.py:188} INFO - [2024-05-18T04:52:18.398+0000] {dag.py:3096} INFO - Sync 1 DAGs
[2024-05-18T04:52:18.421+0000] {logging_mixin.py:188} INFO - [2024-05-18T04:52:18.421+0000] {dag.py:3954} INFO - Setting next_dagrun for example_trigger_controller_dag to 2021-01-01 00:00:00+00:00, run_after=2021-01-01 00:00:00+00:00
[2024-05-18T04:52:18.447+0000] {processor.py:183} INFO - Processing /home/ubuntu/chch-fuel-recommendator/airflow/af_env/lib/python3.12/site-packages/airflow/example_dags/example_trigger_controller_dag.py took 0.088 seconds
[2024-05-18T04:53:06.013+0000] {processor.py:161} INFO - Started process (PID=12789) to work on /home/ubuntu/chch-fuel-recommendator/airflow/af_env/lib/python3.12/site-packages/airflow/example_dags/example_trigger_controller_dag.py
[2024-05-18T04:53:06.016+0000] {processor.py:830} INFO - Processing file /home/ubuntu/chch-fuel-recommendator/airflow/af_env/lib/python3.12/site-packages/airflow/example_dags/example_trigger_controller_dag.py for tasks to queue
[2024-05-18T04:53:06.018+0000] {logging_mixin.py:188} INFO - [2024-05-18T04:53:06.017+0000] {dagbag.py:545} INFO - Filling up the DagBag from /home/ubuntu/chch-fuel-recommendator/airflow/af_env/lib/python3.12/site-packages/airflow/example_dags/example_trigger_controller_dag.py
[2024-05-18T04:53:06.023+0000] {processor.py:840} INFO - DAG(s) 'example_trigger_controller_dag' retrieved from /home/ubuntu/chch-fuel-recommendator/airflow/af_env/lib/python3.12/site-packages/airflow/example_dags/example_trigger_controller_dag.py
[2024-05-18T04:53:06.043+0000] {logging_mixin.py:188} INFO - [2024-05-18T04:53:06.043+0000] {dag.py:3096} INFO - Sync 1 DAGs
[2024-05-18T04:53:06.075+0000] {logging_mixin.py:188} INFO - [2024-05-18T04:53:06.074+0000] {dag.py:3954} INFO - Setting next_dagrun for example_trigger_controller_dag to 2021-01-01 00:00:00+00:00, run_after=2021-01-01 00:00:00+00:00
[2024-05-18T04:53:06.112+0000] {processor.py:183} INFO - Processing /home/ubuntu/chch-fuel-recommendator/airflow/af_env/lib/python3.12/site-packages/airflow/example_dags/example_trigger_controller_dag.py took 0.105 seconds
[2024-05-18T04:53:52.597+0000] {processor.py:161} INFO - Started process (PID=12834) to work on /home/ubuntu/chch-fuel-recommendator/airflow/af_env/lib/python3.12/site-packages/airflow/example_dags/example_trigger_controller_dag.py
[2024-05-18T04:53:52.602+0000] {processor.py:830} INFO - Processing file /home/ubuntu/chch-fuel-recommendator/airflow/af_env/lib/python3.12/site-packages/airflow/example_dags/example_trigger_controller_dag.py for tasks to queue
[2024-05-18T04:53:52.608+0000] {logging_mixin.py:188} INFO - [2024-05-18T04:53:52.606+0000] {dagbag.py:545} INFO - Filling up the DagBag from /home/ubuntu/chch-fuel-recommendator/airflow/af_env/lib/python3.12/site-packages/airflow/example_dags/example_trigger_controller_dag.py
[2024-05-18T04:53:52.617+0000] {processor.py:840} INFO - DAG(s) 'example_trigger_controller_dag' retrieved from /home/ubuntu/chch-fuel-recommendator/airflow/af_env/lib/python3.12/site-packages/airflow/example_dags/example_trigger_controller_dag.py
[2024-05-18T04:53:52.642+0000] {logging_mixin.py:188} INFO - [2024-05-18T04:53:52.639+0000] {dag.py:3096} INFO - Sync 1 DAGs
[2024-05-18T04:53:52.668+0000] {logging_mixin.py:188} INFO - [2024-05-18T04:53:52.668+0000] {dag.py:3954} INFO - Setting next_dagrun for example_trigger_controller_dag to 2021-01-01 00:00:00+00:00, run_after=2021-01-01 00:00:00+00:00
[2024-05-18T04:53:52.706+0000] {processor.py:183} INFO - Processing /home/ubuntu/chch-fuel-recommendator/airflow/af_env/lib/python3.12/site-packages/airflow/example_dags/example_trigger_controller_dag.py took 0.117 seconds
[2024-05-18T05:32:14.912+0000] {processor.py:161} INFO - Started process (PID=15075) to work on /home/ubuntu/airflow/airflow_env/lib/python3.12/site-packages/airflow/example_dags/example_trigger_controller_dag.py
[2024-05-18T05:32:14.914+0000] {processor.py:830} INFO - Processing file /home/ubuntu/airflow/airflow_env/lib/python3.12/site-packages/airflow/example_dags/example_trigger_controller_dag.py for tasks to queue
[2024-05-18T05:32:14.915+0000] {logging_mixin.py:188} INFO - [2024-05-18T05:32:14.915+0000] {dagbag.py:545} INFO - Filling up the DagBag from /home/ubuntu/airflow/airflow_env/lib/python3.12/site-packages/airflow/example_dags/example_trigger_controller_dag.py
[2024-05-18T05:32:14.921+0000] {processor.py:840} INFO - DAG(s) 'example_trigger_controller_dag' retrieved from /home/ubuntu/airflow/airflow_env/lib/python3.12/site-packages/airflow/example_dags/example_trigger_controller_dag.py
[2024-05-18T05:32:15.182+0000] {logging_mixin.py:188} INFO - [2024-05-18T05:32:15.182+0000] {dag.py:3096} INFO - Sync 1 DAGs
[2024-05-18T05:32:15.218+0000] {logging_mixin.py:188} INFO - [2024-05-18T05:32:15.217+0000] {dag.py:3954} INFO - Setting next_dagrun for example_trigger_controller_dag to 2021-01-01 00:00:00+00:00, run_after=2021-01-01 00:00:00+00:00
[2024-05-18T05:32:15.249+0000] {processor.py:183} INFO - Processing /home/ubuntu/airflow/airflow_env/lib/python3.12/site-packages/airflow/example_dags/example_trigger_controller_dag.py took 0.350 seconds
[2024-05-18T05:32:45.491+0000] {processor.py:161} INFO - Started process (PID=15129) to work on /home/ubuntu/airflow/airflow_env/lib/python3.12/site-packages/airflow/example_dags/example_trigger_controller_dag.py
[2024-05-18T05:32:45.494+0000] {processor.py:830} INFO - Processing file /home/ubuntu/airflow/airflow_env/lib/python3.12/site-packages/airflow/example_dags/example_trigger_controller_dag.py for tasks to queue
[2024-05-18T05:32:45.497+0000] {logging_mixin.py:188} INFO - [2024-05-18T05:32:45.496+0000] {dagbag.py:545} INFO - Filling up the DagBag from /home/ubuntu/airflow/airflow_env/lib/python3.12/site-packages/airflow/example_dags/example_trigger_controller_dag.py
[2024-05-18T05:32:45.503+0000] {processor.py:840} INFO - DAG(s) 'example_trigger_controller_dag' retrieved from /home/ubuntu/airflow/airflow_env/lib/python3.12/site-packages/airflow/example_dags/example_trigger_controller_dag.py
[2024-05-18T05:32:45.579+0000] {logging_mixin.py:188} INFO - [2024-05-18T05:32:45.579+0000] {dag.py:3096} INFO - Sync 1 DAGs
[2024-05-18T05:32:45.619+0000] {logging_mixin.py:188} INFO - [2024-05-18T05:32:45.618+0000] {dag.py:3954} INFO - Setting next_dagrun for example_trigger_controller_dag to 2021-01-01 00:00:00+00:00, run_after=2021-01-01 00:00:00+00:00
[2024-05-18T05:32:45.657+0000] {processor.py:183} INFO - Processing /home/ubuntu/airflow/airflow_env/lib/python3.12/site-packages/airflow/example_dags/example_trigger_controller_dag.py took 0.175 seconds
[2024-05-18T05:33:15.945+0000] {processor.py:161} INFO - Started process (PID=15183) to work on /home/ubuntu/airflow/airflow_env/lib/python3.12/site-packages/airflow/example_dags/example_trigger_controller_dag.py
[2024-05-18T05:33:15.946+0000] {processor.py:830} INFO - Processing file /home/ubuntu/airflow/airflow_env/lib/python3.12/site-packages/airflow/example_dags/example_trigger_controller_dag.py for tasks to queue
[2024-05-18T05:33:15.948+0000] {logging_mixin.py:188} INFO - [2024-05-18T05:33:15.947+0000] {dagbag.py:545} INFO - Filling up the DagBag from /home/ubuntu/airflow/airflow_env/lib/python3.12/site-packages/airflow/example_dags/example_trigger_controller_dag.py
[2024-05-18T05:33:15.953+0000] {processor.py:840} INFO - DAG(s) 'example_trigger_controller_dag' retrieved from /home/ubuntu/airflow/airflow_env/lib/python3.12/site-packages/airflow/example_dags/example_trigger_controller_dag.py
[2024-05-18T05:33:15.999+0000] {logging_mixin.py:188} INFO - [2024-05-18T05:33:15.998+0000] {dag.py:3096} INFO - Sync 1 DAGs
[2024-05-18T05:33:16.022+0000] {logging_mixin.py:188} INFO - [2024-05-18T05:33:16.022+0000] {dag.py:3954} INFO - Setting next_dagrun for example_trigger_controller_dag to 2021-01-01 00:00:00+00:00, run_after=2021-01-01 00:00:00+00:00
[2024-05-18T05:33:16.042+0000] {processor.py:183} INFO - Processing /home/ubuntu/airflow/airflow_env/lib/python3.12/site-packages/airflow/example_dags/example_trigger_controller_dag.py took 0.103 seconds
[2024-05-18T05:33:46.269+0000] {processor.py:161} INFO - Started process (PID=15234) to work on /home/ubuntu/airflow/airflow_env/lib/python3.12/site-packages/airflow/example_dags/example_trigger_controller_dag.py
[2024-05-18T05:33:46.270+0000] {processor.py:830} INFO - Processing file /home/ubuntu/airflow/airflow_env/lib/python3.12/site-packages/airflow/example_dags/example_trigger_controller_dag.py for tasks to queue
[2024-05-18T05:33:46.273+0000] {logging_mixin.py:188} INFO - [2024-05-18T05:33:46.272+0000] {dagbag.py:545} INFO - Filling up the DagBag from /home/ubuntu/airflow/airflow_env/lib/python3.12/site-packages/airflow/example_dags/example_trigger_controller_dag.py
[2024-05-18T05:33:46.284+0000] {processor.py:840} INFO - DAG(s) 'example_trigger_controller_dag' retrieved from /home/ubuntu/airflow/airflow_env/lib/python3.12/site-packages/airflow/example_dags/example_trigger_controller_dag.py
[2024-05-18T05:33:46.352+0000] {logging_mixin.py:188} INFO - [2024-05-18T05:33:46.351+0000] {dag.py:3096} INFO - Sync 1 DAGs
[2024-05-18T05:33:46.392+0000] {logging_mixin.py:188} INFO - [2024-05-18T05:33:46.392+0000] {dag.py:3954} INFO - Setting next_dagrun for example_trigger_controller_dag to 2021-01-01 00:00:00+00:00, run_after=2021-01-01 00:00:00+00:00
[2024-05-18T05:33:46.432+0000] {processor.py:183} INFO - Processing /home/ubuntu/airflow/airflow_env/lib/python3.12/site-packages/airflow/example_dags/example_trigger_controller_dag.py took 0.173 seconds
[2024-05-18T05:34:17.263+0000] {processor.py:161} INFO - Started process (PID=15286) to work on /home/ubuntu/airflow/airflow_env/lib/python3.12/site-packages/airflow/example_dags/example_trigger_controller_dag.py
[2024-05-18T05:34:17.264+0000] {processor.py:830} INFO - Processing file /home/ubuntu/airflow/airflow_env/lib/python3.12/site-packages/airflow/example_dags/example_trigger_controller_dag.py for tasks to queue
[2024-05-18T05:34:17.267+0000] {logging_mixin.py:188} INFO - [2024-05-18T05:34:17.267+0000] {dagbag.py:545} INFO - Filling up the DagBag from /home/ubuntu/airflow/airflow_env/lib/python3.12/site-packages/airflow/example_dags/example_trigger_controller_dag.py
[2024-05-18T05:34:17.276+0000] {processor.py:840} INFO - DAG(s) 'example_trigger_controller_dag' retrieved from /home/ubuntu/airflow/airflow_env/lib/python3.12/site-packages/airflow/example_dags/example_trigger_controller_dag.py
[2024-05-18T05:34:17.351+0000] {logging_mixin.py:188} INFO - [2024-05-18T05:34:17.350+0000] {dag.py:3096} INFO - Sync 1 DAGs
[2024-05-18T05:34:17.396+0000] {logging_mixin.py:188} INFO - [2024-05-18T05:34:17.396+0000] {dag.py:3954} INFO - Setting next_dagrun for example_trigger_controller_dag to 2021-01-01 00:00:00+00:00, run_after=2021-01-01 00:00:00+00:00
[2024-05-18T05:34:17.431+0000] {processor.py:183} INFO - Processing /home/ubuntu/airflow/airflow_env/lib/python3.12/site-packages/airflow/example_dags/example_trigger_controller_dag.py took 0.182 seconds
[2024-05-18T05:34:48.281+0000] {processor.py:161} INFO - Started process (PID=15337) to work on /home/ubuntu/airflow/airflow_env/lib/python3.12/site-packages/airflow/example_dags/example_trigger_controller_dag.py
[2024-05-18T05:34:48.282+0000] {processor.py:830} INFO - Processing file /home/ubuntu/airflow/airflow_env/lib/python3.12/site-packages/airflow/example_dags/example_trigger_controller_dag.py for tasks to queue
[2024-05-18T05:34:48.285+0000] {logging_mixin.py:188} INFO - [2024-05-18T05:34:48.284+0000] {dagbag.py:545} INFO - Filling up the DagBag from /home/ubuntu/airflow/airflow_env/lib/python3.12/site-packages/airflow/example_dags/example_trigger_controller_dag.py
[2024-05-18T05:34:48.295+0000] {processor.py:840} INFO - DAG(s) 'example_trigger_controller_dag' retrieved from /home/ubuntu/airflow/airflow_env/lib/python3.12/site-packages/airflow/example_dags/example_trigger_controller_dag.py
[2024-05-18T05:34:48.361+0000] {logging_mixin.py:188} INFO - [2024-05-18T05:34:48.360+0000] {dag.py:3096} INFO - Sync 1 DAGs
[2024-05-18T05:34:48.398+0000] {logging_mixin.py:188} INFO - [2024-05-18T05:34:48.398+0000] {dag.py:3954} INFO - Setting next_dagrun for example_trigger_controller_dag to 2021-01-01 00:00:00+00:00, run_after=2021-01-01 00:00:00+00:00
[2024-05-18T05:34:48.438+0000] {processor.py:183} INFO - Processing /home/ubuntu/airflow/airflow_env/lib/python3.12/site-packages/airflow/example_dags/example_trigger_controller_dag.py took 0.171 seconds
[2024-05-18T05:35:18.896+0000] {processor.py:161} INFO - Started process (PID=15391) to work on /home/ubuntu/airflow/airflow_env/lib/python3.12/site-packages/airflow/example_dags/example_trigger_controller_dag.py
[2024-05-18T05:35:18.897+0000] {processor.py:830} INFO - Processing file /home/ubuntu/airflow/airflow_env/lib/python3.12/site-packages/airflow/example_dags/example_trigger_controller_dag.py for tasks to queue
[2024-05-18T05:35:18.901+0000] {logging_mixin.py:188} INFO - [2024-05-18T05:35:18.900+0000] {dagbag.py:545} INFO - Filling up the DagBag from /home/ubuntu/airflow/airflow_env/lib/python3.12/site-packages/airflow/example_dags/example_trigger_controller_dag.py
[2024-05-18T05:35:18.908+0000] {processor.py:840} INFO - DAG(s) 'example_trigger_controller_dag' retrieved from /home/ubuntu/airflow/airflow_env/lib/python3.12/site-packages/airflow/example_dags/example_trigger_controller_dag.py
[2024-05-18T05:35:18.968+0000] {logging_mixin.py:188} INFO - [2024-05-18T05:35:18.967+0000] {dag.py:3096} INFO - Sync 1 DAGs
[2024-05-18T05:35:19.002+0000] {logging_mixin.py:188} INFO - [2024-05-18T05:35:19.002+0000] {dag.py:3954} INFO - Setting next_dagrun for example_trigger_controller_dag to 2021-01-01 00:00:00+00:00, run_after=2021-01-01 00:00:00+00:00
[2024-05-18T05:35:19.047+0000] {processor.py:183} INFO - Processing /home/ubuntu/airflow/airflow_env/lib/python3.12/site-packages/airflow/example_dags/example_trigger_controller_dag.py took 0.159 seconds
[2024-05-18T05:35:49.102+0000] {processor.py:161} INFO - Started process (PID=15442) to work on /home/ubuntu/airflow/airflow_env/lib/python3.12/site-packages/airflow/example_dags/example_trigger_controller_dag.py
[2024-05-18T05:35:49.103+0000] {processor.py:830} INFO - Processing file /home/ubuntu/airflow/airflow_env/lib/python3.12/site-packages/airflow/example_dags/example_trigger_controller_dag.py for tasks to queue
[2024-05-18T05:35:49.105+0000] {logging_mixin.py:188} INFO - [2024-05-18T05:35:49.104+0000] {dagbag.py:545} INFO - Filling up the DagBag from /home/ubuntu/airflow/airflow_env/lib/python3.12/site-packages/airflow/example_dags/example_trigger_controller_dag.py
[2024-05-18T05:35:49.110+0000] {processor.py:840} INFO - DAG(s) 'example_trigger_controller_dag' retrieved from /home/ubuntu/airflow/airflow_env/lib/python3.12/site-packages/airflow/example_dags/example_trigger_controller_dag.py
[2024-05-18T05:35:49.157+0000] {logging_mixin.py:188} INFO - [2024-05-18T05:35:49.156+0000] {dag.py:3096} INFO - Sync 1 DAGs
[2024-05-18T05:35:49.184+0000] {logging_mixin.py:188} INFO - [2024-05-18T05:35:49.183+0000] {dag.py:3954} INFO - Setting next_dagrun for example_trigger_controller_dag to 2021-01-01 00:00:00+00:00, run_after=2021-01-01 00:00:00+00:00
[2024-05-18T05:35:49.212+0000] {processor.py:183} INFO - Processing /home/ubuntu/airflow/airflow_env/lib/python3.12/site-packages/airflow/example_dags/example_trigger_controller_dag.py took 0.117 seconds
[2024-05-18T05:36:20.109+0000] {processor.py:161} INFO - Started process (PID=15493) to work on /home/ubuntu/airflow/airflow_env/lib/python3.12/site-packages/airflow/example_dags/example_trigger_controller_dag.py
[2024-05-18T05:36:20.111+0000] {processor.py:830} INFO - Processing file /home/ubuntu/airflow/airflow_env/lib/python3.12/site-packages/airflow/example_dags/example_trigger_controller_dag.py for tasks to queue
[2024-05-18T05:36:20.113+0000] {logging_mixin.py:188} INFO - [2024-05-18T05:36:20.112+0000] {dagbag.py:545} INFO - Filling up the DagBag from /home/ubuntu/airflow/airflow_env/lib/python3.12/site-packages/airflow/example_dags/example_trigger_controller_dag.py
[2024-05-18T05:36:20.121+0000] {processor.py:840} INFO - DAG(s) 'example_trigger_controller_dag' retrieved from /home/ubuntu/airflow/airflow_env/lib/python3.12/site-packages/airflow/example_dags/example_trigger_controller_dag.py
[2024-05-18T05:36:20.167+0000] {logging_mixin.py:188} INFO - [2024-05-18T05:36:20.166+0000] {dag.py:3096} INFO - Sync 1 DAGs
[2024-05-18T05:36:20.198+0000] {logging_mixin.py:188} INFO - [2024-05-18T05:36:20.198+0000] {dag.py:3954} INFO - Setting next_dagrun for example_trigger_controller_dag to 2021-01-01 00:00:00+00:00, run_after=2021-01-01 00:00:00+00:00
[2024-05-18T05:36:20.230+0000] {processor.py:183} INFO - Processing /home/ubuntu/airflow/airflow_env/lib/python3.12/site-packages/airflow/example_dags/example_trigger_controller_dag.py took 0.127 seconds
[2024-05-18T05:36:51.131+0000] {processor.py:161} INFO - Started process (PID=15544) to work on /home/ubuntu/airflow/airflow_env/lib/python3.12/site-packages/airflow/example_dags/example_trigger_controller_dag.py
[2024-05-18T05:36:51.132+0000] {processor.py:830} INFO - Processing file /home/ubuntu/airflow/airflow_env/lib/python3.12/site-packages/airflow/example_dags/example_trigger_controller_dag.py for tasks to queue
[2024-05-18T05:36:51.134+0000] {logging_mixin.py:188} INFO - [2024-05-18T05:36:51.134+0000] {dagbag.py:545} INFO - Filling up the DagBag from /home/ubuntu/airflow/airflow_env/lib/python3.12/site-packages/airflow/example_dags/example_trigger_controller_dag.py
[2024-05-18T05:36:51.141+0000] {processor.py:840} INFO - DAG(s) 'example_trigger_controller_dag' retrieved from /home/ubuntu/airflow/airflow_env/lib/python3.12/site-packages/airflow/example_dags/example_trigger_controller_dag.py
[2024-05-18T05:36:51.191+0000] {logging_mixin.py:188} INFO - [2024-05-18T05:36:51.190+0000] {dag.py:3096} INFO - Sync 1 DAGs
[2024-05-18T05:36:51.222+0000] {logging_mixin.py:188} INFO - [2024-05-18T05:36:51.221+0000] {dag.py:3954} INFO - Setting next_dagrun for example_trigger_controller_dag to 2021-01-01 00:00:00+00:00, run_after=2021-01-01 00:00:00+00:00
[2024-05-18T05:36:51.247+0000] {processor.py:183} INFO - Processing /home/ubuntu/airflow/airflow_env/lib/python3.12/site-packages/airflow/example_dags/example_trigger_controller_dag.py took 0.124 seconds
[2024-05-18T05:37:22.111+0000] {processor.py:161} INFO - Started process (PID=15595) to work on /home/ubuntu/airflow/airflow_env/lib/python3.12/site-packages/airflow/example_dags/example_trigger_controller_dag.py
[2024-05-18T05:37:22.112+0000] {processor.py:830} INFO - Processing file /home/ubuntu/airflow/airflow_env/lib/python3.12/site-packages/airflow/example_dags/example_trigger_controller_dag.py for tasks to queue
[2024-05-18T05:37:22.114+0000] {logging_mixin.py:188} INFO - [2024-05-18T05:37:22.114+0000] {dagbag.py:545} INFO - Filling up the DagBag from /home/ubuntu/airflow/airflow_env/lib/python3.12/site-packages/airflow/example_dags/example_trigger_controller_dag.py
[2024-05-18T05:37:22.121+0000] {processor.py:840} INFO - DAG(s) 'example_trigger_controller_dag' retrieved from /home/ubuntu/airflow/airflow_env/lib/python3.12/site-packages/airflow/example_dags/example_trigger_controller_dag.py
[2024-05-18T05:37:22.170+0000] {logging_mixin.py:188} INFO - [2024-05-18T05:37:22.170+0000] {dag.py:3096} INFO - Sync 1 DAGs
[2024-05-18T05:37:22.198+0000] {logging_mixin.py:188} INFO - [2024-05-18T05:37:22.197+0000] {dag.py:3954} INFO - Setting next_dagrun for example_trigger_controller_dag to 2021-01-01 00:00:00+00:00, run_after=2021-01-01 00:00:00+00:00
[2024-05-18T05:37:22.221+0000] {processor.py:183} INFO - Processing /home/ubuntu/airflow/airflow_env/lib/python3.12/site-packages/airflow/example_dags/example_trigger_controller_dag.py took 0.117 seconds
[2024-05-18T05:37:52.443+0000] {processor.py:161} INFO - Started process (PID=15647) to work on /home/ubuntu/airflow/airflow_env/lib/python3.12/site-packages/airflow/example_dags/example_trigger_controller_dag.py
[2024-05-18T05:37:52.444+0000] {processor.py:830} INFO - Processing file /home/ubuntu/airflow/airflow_env/lib/python3.12/site-packages/airflow/example_dags/example_trigger_controller_dag.py for tasks to queue
[2024-05-18T05:37:52.447+0000] {logging_mixin.py:188} INFO - [2024-05-18T05:37:52.447+0000] {dagbag.py:545} INFO - Filling up the DagBag from /home/ubuntu/airflow/airflow_env/lib/python3.12/site-packages/airflow/example_dags/example_trigger_controller_dag.py
[2024-05-18T05:37:52.455+0000] {processor.py:840} INFO - DAG(s) 'example_trigger_controller_dag' retrieved from /home/ubuntu/airflow/airflow_env/lib/python3.12/site-packages/airflow/example_dags/example_trigger_controller_dag.py
[2024-05-18T05:37:52.518+0000] {logging_mixin.py:188} INFO - [2024-05-18T05:37:52.517+0000] {dag.py:3096} INFO - Sync 1 DAGs
[2024-05-18T05:37:52.552+0000] {logging_mixin.py:188} INFO - [2024-05-18T05:37:52.552+0000] {dag.py:3954} INFO - Setting next_dagrun for example_trigger_controller_dag to 2021-01-01 00:00:00+00:00, run_after=2021-01-01 00:00:00+00:00
[2024-05-18T05:37:52.585+0000] {processor.py:183} INFO - Processing /home/ubuntu/airflow/airflow_env/lib/python3.12/site-packages/airflow/example_dags/example_trigger_controller_dag.py took 0.149 seconds
[2024-05-18T05:38:22.638+0000] {processor.py:161} INFO - Started process (PID=15698) to work on /home/ubuntu/airflow/airflow_env/lib/python3.12/site-packages/airflow/example_dags/example_trigger_controller_dag.py
[2024-05-18T05:38:22.639+0000] {processor.py:830} INFO - Processing file /home/ubuntu/airflow/airflow_env/lib/python3.12/site-packages/airflow/example_dags/example_trigger_controller_dag.py for tasks to queue
[2024-05-18T05:38:22.643+0000] {logging_mixin.py:188} INFO - [2024-05-18T05:38:22.642+0000] {dagbag.py:545} INFO - Filling up the DagBag from /home/ubuntu/airflow/airflow_env/lib/python3.12/site-packages/airflow/example_dags/example_trigger_controller_dag.py
[2024-05-18T05:38:22.648+0000] {processor.py:840} INFO - DAG(s) 'example_trigger_controller_dag' retrieved from /home/ubuntu/airflow/airflow_env/lib/python3.12/site-packages/airflow/example_dags/example_trigger_controller_dag.py
[2024-05-18T05:38:22.706+0000] {logging_mixin.py:188} INFO - [2024-05-18T05:38:22.706+0000] {dag.py:3096} INFO - Sync 1 DAGs
[2024-05-18T05:38:22.743+0000] {logging_mixin.py:188} INFO - [2024-05-18T05:38:22.742+0000] {dag.py:3954} INFO - Setting next_dagrun for example_trigger_controller_dag to 2021-01-01 00:00:00+00:00, run_after=2021-01-01 00:00:00+00:00
[2024-05-18T05:38:22.772+0000] {processor.py:183} INFO - Processing /home/ubuntu/airflow/airflow_env/lib/python3.12/site-packages/airflow/example_dags/example_trigger_controller_dag.py took 0.144 seconds
[2024-05-18T05:38:52.952+0000] {processor.py:161} INFO - Started process (PID=15749) to work on /home/ubuntu/airflow/airflow_env/lib/python3.12/site-packages/airflow/example_dags/example_trigger_controller_dag.py
[2024-05-18T05:38:52.953+0000] {processor.py:830} INFO - Processing file /home/ubuntu/airflow/airflow_env/lib/python3.12/site-packages/airflow/example_dags/example_trigger_controller_dag.py for tasks to queue
[2024-05-18T05:38:52.957+0000] {logging_mixin.py:188} INFO - [2024-05-18T05:38:52.956+0000] {dagbag.py:545} INFO - Filling up the DagBag from /home/ubuntu/airflow/airflow_env/lib/python3.12/site-packages/airflow/example_dags/example_trigger_controller_dag.py
[2024-05-18T05:38:52.962+0000] {processor.py:840} INFO - DAG(s) 'example_trigger_controller_dag' retrieved from /home/ubuntu/airflow/airflow_env/lib/python3.12/site-packages/airflow/example_dags/example_trigger_controller_dag.py
[2024-05-18T05:38:53.012+0000] {logging_mixin.py:188} INFO - [2024-05-18T05:38:53.012+0000] {dag.py:3096} INFO - Sync 1 DAGs
[2024-05-18T05:38:53.043+0000] {logging_mixin.py:188} INFO - [2024-05-18T05:38:53.043+0000] {dag.py:3954} INFO - Setting next_dagrun for example_trigger_controller_dag to 2021-01-01 00:00:00+00:00, run_after=2021-01-01 00:00:00+00:00
[2024-05-18T05:38:53.080+0000] {processor.py:183} INFO - Processing /home/ubuntu/airflow/airflow_env/lib/python3.12/site-packages/airflow/example_dags/example_trigger_controller_dag.py took 0.136 seconds
[2024-05-18T05:39:23.839+0000] {processor.py:161} INFO - Started process (PID=15801) to work on /home/ubuntu/airflow/airflow_env/lib/python3.12/site-packages/airflow/example_dags/example_trigger_controller_dag.py
[2024-05-18T05:39:23.841+0000] {processor.py:830} INFO - Processing file /home/ubuntu/airflow/airflow_env/lib/python3.12/site-packages/airflow/example_dags/example_trigger_controller_dag.py for tasks to queue
[2024-05-18T05:39:23.844+0000] {logging_mixin.py:188} INFO - [2024-05-18T05:39:23.843+0000] {dagbag.py:545} INFO - Filling up the DagBag from /home/ubuntu/airflow/airflow_env/lib/python3.12/site-packages/airflow/example_dags/example_trigger_controller_dag.py
[2024-05-18T05:39:23.851+0000] {processor.py:840} INFO - DAG(s) 'example_trigger_controller_dag' retrieved from /home/ubuntu/airflow/airflow_env/lib/python3.12/site-packages/airflow/example_dags/example_trigger_controller_dag.py
[2024-05-18T05:39:23.927+0000] {logging_mixin.py:188} INFO - [2024-05-18T05:39:23.927+0000] {dag.py:3096} INFO - Sync 1 DAGs
[2024-05-18T05:39:23.960+0000] {logging_mixin.py:188} INFO - [2024-05-18T05:39:23.959+0000] {dag.py:3954} INFO - Setting next_dagrun for example_trigger_controller_dag to 2021-01-01 00:00:00+00:00, run_after=2021-01-01 00:00:00+00:00
[2024-05-18T05:39:24.007+0000] {processor.py:183} INFO - Processing /home/ubuntu/airflow/airflow_env/lib/python3.12/site-packages/airflow/example_dags/example_trigger_controller_dag.py took 0.181 seconds
[2024-05-18T05:39:54.137+0000] {processor.py:161} INFO - Started process (PID=15852) to work on /home/ubuntu/airflow/airflow_env/lib/python3.12/site-packages/airflow/example_dags/example_trigger_controller_dag.py
[2024-05-18T05:39:54.138+0000] {processor.py:830} INFO - Processing file /home/ubuntu/airflow/airflow_env/lib/python3.12/site-packages/airflow/example_dags/example_trigger_controller_dag.py for tasks to queue
[2024-05-18T05:39:54.141+0000] {logging_mixin.py:188} INFO - [2024-05-18T05:39:54.140+0000] {dagbag.py:545} INFO - Filling up the DagBag from /home/ubuntu/airflow/airflow_env/lib/python3.12/site-packages/airflow/example_dags/example_trigger_controller_dag.py
[2024-05-18T05:39:54.147+0000] {processor.py:840} INFO - DAG(s) 'example_trigger_controller_dag' retrieved from /home/ubuntu/airflow/airflow_env/lib/python3.12/site-packages/airflow/example_dags/example_trigger_controller_dag.py
[2024-05-18T05:39:54.202+0000] {logging_mixin.py:188} INFO - [2024-05-18T05:39:54.202+0000] {dag.py:3096} INFO - Sync 1 DAGs
[2024-05-18T05:39:54.240+0000] {logging_mixin.py:188} INFO - [2024-05-18T05:39:54.240+0000] {dag.py:3954} INFO - Setting next_dagrun for example_trigger_controller_dag to 2021-01-01 00:00:00+00:00, run_after=2021-01-01 00:00:00+00:00
[2024-05-18T05:39:54.269+0000] {processor.py:183} INFO - Processing /home/ubuntu/airflow/airflow_env/lib/python3.12/site-packages/airflow/example_dags/example_trigger_controller_dag.py took 0.141 seconds
[2024-05-18T05:40:24.459+0000] {processor.py:161} INFO - Started process (PID=16185) to work on /home/ubuntu/airflow/airflow_env/lib/python3.12/site-packages/airflow/example_dags/example_trigger_controller_dag.py
[2024-05-18T05:40:24.461+0000] {processor.py:830} INFO - Processing file /home/ubuntu/airflow/airflow_env/lib/python3.12/site-packages/airflow/example_dags/example_trigger_controller_dag.py for tasks to queue
[2024-05-18T05:40:24.463+0000] {logging_mixin.py:188} INFO - [2024-05-18T05:40:24.463+0000] {dagbag.py:545} INFO - Filling up the DagBag from /home/ubuntu/airflow/airflow_env/lib/python3.12/site-packages/airflow/example_dags/example_trigger_controller_dag.py
[2024-05-18T05:40:24.467+0000] {processor.py:840} INFO - DAG(s) 'example_trigger_controller_dag' retrieved from /home/ubuntu/airflow/airflow_env/lib/python3.12/site-packages/airflow/example_dags/example_trigger_controller_dag.py
[2024-05-18T05:40:24.511+0000] {logging_mixin.py:188} INFO - [2024-05-18T05:40:24.511+0000] {dag.py:3096} INFO - Sync 1 DAGs
[2024-05-18T05:40:24.537+0000] {logging_mixin.py:188} INFO - [2024-05-18T05:40:24.537+0000] {dag.py:3954} INFO - Setting next_dagrun for example_trigger_controller_dag to 2021-01-01 00:00:00+00:00, run_after=2021-01-01 00:00:00+00:00
[2024-05-18T05:40:24.560+0000] {processor.py:183} INFO - Processing /home/ubuntu/airflow/airflow_env/lib/python3.12/site-packages/airflow/example_dags/example_trigger_controller_dag.py took 0.110 seconds
[2024-05-18T05:40:55.171+0000] {processor.py:161} INFO - Started process (PID=16240) to work on /home/ubuntu/airflow/airflow_env/lib/python3.12/site-packages/airflow/example_dags/example_trigger_controller_dag.py
[2024-05-18T05:40:55.173+0000] {processor.py:830} INFO - Processing file /home/ubuntu/airflow/airflow_env/lib/python3.12/site-packages/airflow/example_dags/example_trigger_controller_dag.py for tasks to queue
[2024-05-18T05:40:55.192+0000] {logging_mixin.py:188} INFO - [2024-05-18T05:40:55.192+0000] {dagbag.py:545} INFO - Filling up the DagBag from /home/ubuntu/airflow/airflow_env/lib/python3.12/site-packages/airflow/example_dags/example_trigger_controller_dag.py
[2024-05-18T05:40:55.218+0000] {processor.py:840} INFO - DAG(s) 'example_trigger_controller_dag' retrieved from /home/ubuntu/airflow/airflow_env/lib/python3.12/site-packages/airflow/example_dags/example_trigger_controller_dag.py
[2024-05-18T05:40:55.364+0000] {logging_mixin.py:188} INFO - [2024-05-18T05:40:55.364+0000] {dag.py:3096} INFO - Sync 1 DAGs
[2024-05-18T05:40:55.419+0000] {logging_mixin.py:188} INFO - [2024-05-18T05:40:55.419+0000] {dag.py:3954} INFO - Setting next_dagrun for example_trigger_controller_dag to 2021-01-01 00:00:00+00:00, run_after=2021-01-01 00:00:00+00:00
[2024-05-18T05:40:55.461+0000] {processor.py:183} INFO - Processing /home/ubuntu/airflow/airflow_env/lib/python3.12/site-packages/airflow/example_dags/example_trigger_controller_dag.py took 0.310 seconds
[2024-05-18T05:41:25.630+0000] {processor.py:161} INFO - Started process (PID=16291) to work on /home/ubuntu/airflow/airflow_env/lib/python3.12/site-packages/airflow/example_dags/example_trigger_controller_dag.py
[2024-05-18T05:41:25.636+0000] {processor.py:830} INFO - Processing file /home/ubuntu/airflow/airflow_env/lib/python3.12/site-packages/airflow/example_dags/example_trigger_controller_dag.py for tasks to queue
[2024-05-18T05:41:25.639+0000] {logging_mixin.py:188} INFO - [2024-05-18T05:41:25.639+0000] {dagbag.py:545} INFO - Filling up the DagBag from /home/ubuntu/airflow/airflow_env/lib/python3.12/site-packages/airflow/example_dags/example_trigger_controller_dag.py
[2024-05-18T05:41:25.646+0000] {processor.py:840} INFO - DAG(s) 'example_trigger_controller_dag' retrieved from /home/ubuntu/airflow/airflow_env/lib/python3.12/site-packages/airflow/example_dags/example_trigger_controller_dag.py
[2024-05-18T05:41:25.703+0000] {logging_mixin.py:188} INFO - [2024-05-18T05:41:25.703+0000] {dag.py:3096} INFO - Sync 1 DAGs
[2024-05-18T05:41:25.736+0000] {logging_mixin.py:188} INFO - [2024-05-18T05:41:25.735+0000] {dag.py:3954} INFO - Setting next_dagrun for example_trigger_controller_dag to 2021-01-01 00:00:00+00:00, run_after=2021-01-01 00:00:00+00:00
[2024-05-18T05:41:25.765+0000] {processor.py:183} INFO - Processing /home/ubuntu/airflow/airflow_env/lib/python3.12/site-packages/airflow/example_dags/example_trigger_controller_dag.py took 0.145 seconds
[2024-05-18T05:41:56.334+0000] {processor.py:161} INFO - Started process (PID=16344) to work on /home/ubuntu/airflow/airflow_env/lib/python3.12/site-packages/airflow/example_dags/example_trigger_controller_dag.py
[2024-05-18T05:41:56.336+0000] {processor.py:830} INFO - Processing file /home/ubuntu/airflow/airflow_env/lib/python3.12/site-packages/airflow/example_dags/example_trigger_controller_dag.py for tasks to queue
[2024-05-18T05:41:56.339+0000] {logging_mixin.py:188} INFO - [2024-05-18T05:41:56.339+0000] {dagbag.py:545} INFO - Filling up the DagBag from /home/ubuntu/airflow/airflow_env/lib/python3.12/site-packages/airflow/example_dags/example_trigger_controller_dag.py
[2024-05-18T05:41:56.345+0000] {processor.py:840} INFO - DAG(s) 'example_trigger_controller_dag' retrieved from /home/ubuntu/airflow/airflow_env/lib/python3.12/site-packages/airflow/example_dags/example_trigger_controller_dag.py
[2024-05-18T05:41:56.397+0000] {logging_mixin.py:188} INFO - [2024-05-18T05:41:56.397+0000] {dag.py:3096} INFO - Sync 1 DAGs
[2024-05-18T05:41:56.427+0000] {logging_mixin.py:188} INFO - [2024-05-18T05:41:56.427+0000] {dag.py:3954} INFO - Setting next_dagrun for example_trigger_controller_dag to 2021-01-01 00:00:00+00:00, run_after=2021-01-01 00:00:00+00:00
[2024-05-18T05:41:56.458+0000] {processor.py:183} INFO - Processing /home/ubuntu/airflow/airflow_env/lib/python3.12/site-packages/airflow/example_dags/example_trigger_controller_dag.py took 0.132 seconds
[2024-05-18T05:42:27.215+0000] {processor.py:161} INFO - Started process (PID=16395) to work on /home/ubuntu/airflow/airflow_env/lib/python3.12/site-packages/airflow/example_dags/example_trigger_controller_dag.py
[2024-05-18T05:42:27.217+0000] {processor.py:830} INFO - Processing file /home/ubuntu/airflow/airflow_env/lib/python3.12/site-packages/airflow/example_dags/example_trigger_controller_dag.py for tasks to queue
[2024-05-18T05:42:27.219+0000] {logging_mixin.py:188} INFO - [2024-05-18T05:42:27.219+0000] {dagbag.py:545} INFO - Filling up the DagBag from /home/ubuntu/airflow/airflow_env/lib/python3.12/site-packages/airflow/example_dags/example_trigger_controller_dag.py
[2024-05-18T05:42:27.228+0000] {processor.py:840} INFO - DAG(s) 'example_trigger_controller_dag' retrieved from /home/ubuntu/airflow/airflow_env/lib/python3.12/site-packages/airflow/example_dags/example_trigger_controller_dag.py
[2024-05-18T05:42:27.332+0000] {logging_mixin.py:188} INFO - [2024-05-18T05:42:27.332+0000] {dag.py:3096} INFO - Sync 1 DAGs
[2024-05-18T05:42:27.374+0000] {logging_mixin.py:188} INFO - [2024-05-18T05:42:27.373+0000] {dag.py:3954} INFO - Setting next_dagrun for example_trigger_controller_dag to 2021-01-01 00:00:00+00:00, run_after=2021-01-01 00:00:00+00:00
[2024-05-18T05:42:27.402+0000] {processor.py:183} INFO - Processing /home/ubuntu/airflow/airflow_env/lib/python3.12/site-packages/airflow/example_dags/example_trigger_controller_dag.py took 0.197 seconds
[2024-05-18T05:42:57.492+0000] {processor.py:161} INFO - Started process (PID=16445) to work on /home/ubuntu/airflow/airflow_env/lib/python3.12/site-packages/airflow/example_dags/example_trigger_controller_dag.py
[2024-05-18T05:42:57.493+0000] {processor.py:830} INFO - Processing file /home/ubuntu/airflow/airflow_env/lib/python3.12/site-packages/airflow/example_dags/example_trigger_controller_dag.py for tasks to queue
[2024-05-18T05:42:57.496+0000] {logging_mixin.py:188} INFO - [2024-05-18T05:42:57.495+0000] {dagbag.py:545} INFO - Filling up the DagBag from /home/ubuntu/airflow/airflow_env/lib/python3.12/site-packages/airflow/example_dags/example_trigger_controller_dag.py
[2024-05-18T05:42:57.503+0000] {processor.py:840} INFO - DAG(s) 'example_trigger_controller_dag' retrieved from /home/ubuntu/airflow/airflow_env/lib/python3.12/site-packages/airflow/example_dags/example_trigger_controller_dag.py
[2024-05-18T05:42:57.570+0000] {logging_mixin.py:188} INFO - [2024-05-18T05:42:57.570+0000] {dag.py:3096} INFO - Sync 1 DAGs
[2024-05-18T05:42:57.607+0000] {logging_mixin.py:188} INFO - [2024-05-18T05:42:57.606+0000] {dag.py:3954} INFO - Setting next_dagrun for example_trigger_controller_dag to 2021-01-01 00:00:00+00:00, run_after=2021-01-01 00:00:00+00:00
[2024-05-18T05:42:57.633+0000] {processor.py:183} INFO - Processing /home/ubuntu/airflow/airflow_env/lib/python3.12/site-packages/airflow/example_dags/example_trigger_controller_dag.py took 0.159 seconds
[2024-05-18T05:43:28.873+0000] {processor.py:161} INFO - Started process (PID=16531) to work on /home/ubuntu/airflow/airflow_env/lib/python3.12/site-packages/airflow/example_dags/example_trigger_controller_dag.py
[2024-05-18T05:43:28.875+0000] {processor.py:830} INFO - Processing file /home/ubuntu/airflow/airflow_env/lib/python3.12/site-packages/airflow/example_dags/example_trigger_controller_dag.py for tasks to queue
[2024-05-18T05:43:28.878+0000] {logging_mixin.py:188} INFO - [2024-05-18T05:43:28.877+0000] {dagbag.py:545} INFO - Filling up the DagBag from /home/ubuntu/airflow/airflow_env/lib/python3.12/site-packages/airflow/example_dags/example_trigger_controller_dag.py
[2024-05-18T05:43:28.887+0000] {processor.py:840} INFO - DAG(s) 'example_trigger_controller_dag' retrieved from /home/ubuntu/airflow/airflow_env/lib/python3.12/site-packages/airflow/example_dags/example_trigger_controller_dag.py
[2024-05-18T05:43:28.956+0000] {logging_mixin.py:188} INFO - [2024-05-18T05:43:28.955+0000] {dag.py:3096} INFO - Sync 1 DAGs
[2024-05-18T05:43:28.995+0000] {logging_mixin.py:188} INFO - [2024-05-18T05:43:28.995+0000] {dag.py:3954} INFO - Setting next_dagrun for example_trigger_controller_dag to 2021-01-01 00:00:00+00:00, run_after=2021-01-01 00:00:00+00:00
[2024-05-18T05:43:29.027+0000] {processor.py:183} INFO - Processing /home/ubuntu/airflow/airflow_env/lib/python3.12/site-packages/airflow/example_dags/example_trigger_controller_dag.py took 0.167 seconds
[2024-05-18T05:43:59.179+0000] {processor.py:161} INFO - Started process (PID=16581) to work on /home/ubuntu/airflow/airflow_env/lib/python3.12/site-packages/airflow/example_dags/example_trigger_controller_dag.py
[2024-05-18T05:43:59.180+0000] {processor.py:830} INFO - Processing file /home/ubuntu/airflow/airflow_env/lib/python3.12/site-packages/airflow/example_dags/example_trigger_controller_dag.py for tasks to queue
[2024-05-18T05:43:59.183+0000] {logging_mixin.py:188} INFO - [2024-05-18T05:43:59.182+0000] {dagbag.py:545} INFO - Filling up the DagBag from /home/ubuntu/airflow/airflow_env/lib/python3.12/site-packages/airflow/example_dags/example_trigger_controller_dag.py
[2024-05-18T05:43:59.188+0000] {processor.py:840} INFO - DAG(s) 'example_trigger_controller_dag' retrieved from /home/ubuntu/airflow/airflow_env/lib/python3.12/site-packages/airflow/example_dags/example_trigger_controller_dag.py
[2024-05-18T05:43:59.241+0000] {logging_mixin.py:188} INFO - [2024-05-18T05:43:59.240+0000] {dag.py:3096} INFO - Sync 1 DAGs
[2024-05-18T05:43:59.271+0000] {logging_mixin.py:188} INFO - [2024-05-18T05:43:59.271+0000] {dag.py:3954} INFO - Setting next_dagrun for example_trigger_controller_dag to 2021-01-01 00:00:00+00:00, run_after=2021-01-01 00:00:00+00:00
[2024-05-18T05:43:59.295+0000] {processor.py:183} INFO - Processing /home/ubuntu/airflow/airflow_env/lib/python3.12/site-packages/airflow/example_dags/example_trigger_controller_dag.py took 0.126 seconds
