[2024-05-18T04:44:27.817+0000] {processor.py:161} INFO - Started process (PID=12275) to work on /home/ubuntu/chch-fuel-recommendator/airflow/af_env/lib/python3.12/site-packages/airflow/example_dags/example_nested_branch_dag.py
[2024-05-18T04:44:27.820+0000] {processor.py:830} INFO - Processing file /home/ubuntu/chch-fuel-recommendator/airflow/af_env/lib/python3.12/site-packages/airflow/example_dags/example_nested_branch_dag.py for tasks to queue
[2024-05-18T04:44:27.823+0000] {logging_mixin.py:188} INFO - [2024-05-18T04:44:27.822+0000] {dagbag.py:545} INFO - Filling up the DagBag from /home/ubuntu/chch-fuel-recommendator/airflow/af_env/lib/python3.12/site-packages/airflow/example_dags/example_nested_branch_dag.py
[2024-05-18T04:44:27.850+0000] {processor.py:840} INFO - DAG(s) 'example_nested_branch_dag' retrieved from /home/ubuntu/chch-fuel-recommendator/airflow/af_env/lib/python3.12/site-packages/airflow/example_dags/example_nested_branch_dag.py
[2024-05-18T04:44:28.042+0000] {logging_mixin.py:188} INFO - [2024-05-18T04:44:28.041+0000] {override.py:1829} INFO - Created Permission View: can edit on DAG:example_nested_branch_dag
[2024-05-18T04:44:28.067+0000] {logging_mixin.py:188} INFO - [2024-05-18T04:44:28.067+0000] {override.py:1829} INFO - Created Permission View: can read on DAG:example_nested_branch_dag
[2024-05-18T04:44:28.085+0000] {logging_mixin.py:188} INFO - [2024-05-18T04:44:28.083+0000] {override.py:1829} INFO - Created Permission View: can delete on DAG:example_nested_branch_dag
[2024-05-18T04:44:28.086+0000] {logging_mixin.py:188} INFO - [2024-05-18T04:44:28.086+0000] {dag.py:3096} INFO - Sync 1 DAGs
[2024-05-18T04:44:28.106+0000] {logging_mixin.py:188} INFO - [2024-05-18T04:44:28.105+0000] {dag.py:3118} INFO - Creating ORM DAG for example_nested_branch_dag
[2024-05-18T04:44:28.124+0000] {logging_mixin.py:188} INFO - [2024-05-18T04:44:28.123+0000] {dag.py:3954} INFO - Setting next_dagrun for example_nested_branch_dag to 2024-05-17 00:00:00+00:00, run_after=2024-05-18 00:00:00+00:00
[2024-05-18T04:44:28.165+0000] {processor.py:183} INFO - Processing /home/ubuntu/chch-fuel-recommendator/airflow/af_env/lib/python3.12/site-packages/airflow/example_dags/example_nested_branch_dag.py took 0.362 seconds
[2024-05-18T04:45:24.891+0000] {processor.py:161} INFO - Started process (PID=12329) to work on /home/ubuntu/chch-fuel-recommendator/airflow/af_env/lib/python3.12/site-packages/airflow/example_dags/example_nested_branch_dag.py
[2024-05-18T04:45:24.893+0000] {processor.py:830} INFO - Processing file /home/ubuntu/chch-fuel-recommendator/airflow/af_env/lib/python3.12/site-packages/airflow/example_dags/example_nested_branch_dag.py for tasks to queue
[2024-05-18T04:45:24.897+0000] {logging_mixin.py:188} INFO - [2024-05-18T04:45:24.897+0000] {dagbag.py:545} INFO - Filling up the DagBag from /home/ubuntu/chch-fuel-recommendator/airflow/af_env/lib/python3.12/site-packages/airflow/example_dags/example_nested_branch_dag.py
[2024-05-18T04:45:24.936+0000] {processor.py:840} INFO - DAG(s) 'example_nested_branch_dag' retrieved from /home/ubuntu/chch-fuel-recommendator/airflow/af_env/lib/python3.12/site-packages/airflow/example_dags/example_nested_branch_dag.py
[2024-05-18T04:45:24.963+0000] {logging_mixin.py:188} INFO - [2024-05-18T04:45:24.962+0000] {dag.py:3096} INFO - Sync 1 DAGs
[2024-05-18T04:45:24.992+0000] {logging_mixin.py:188} INFO - [2024-05-18T04:45:24.992+0000] {dag.py:3954} INFO - Setting next_dagrun for example_nested_branch_dag to 2024-05-17 00:00:00+00:00, run_after=2024-05-18 00:00:00+00:00
[2024-05-18T04:45:25.020+0000] {processor.py:183} INFO - Processing /home/ubuntu/chch-fuel-recommendator/airflow/af_env/lib/python3.12/site-packages/airflow/example_dags/example_nested_branch_dag.py took 0.140 seconds
[2024-05-18T04:46:25.813+0000] {processor.py:161} INFO - Started process (PID=12389) to work on /home/ubuntu/chch-fuel-recommendator/airflow/af_env/lib/python3.12/site-packages/airflow/example_dags/example_nested_branch_dag.py
[2024-05-18T04:46:25.815+0000] {processor.py:830} INFO - Processing file /home/ubuntu/chch-fuel-recommendator/airflow/af_env/lib/python3.12/site-packages/airflow/example_dags/example_nested_branch_dag.py for tasks to queue
[2024-05-18T04:46:25.817+0000] {logging_mixin.py:188} INFO - [2024-05-18T04:46:25.816+0000] {dagbag.py:545} INFO - Filling up the DagBag from /home/ubuntu/chch-fuel-recommendator/airflow/af_env/lib/python3.12/site-packages/airflow/example_dags/example_nested_branch_dag.py
[2024-05-18T04:46:25.829+0000] {processor.py:840} INFO - DAG(s) 'example_nested_branch_dag' retrieved from /home/ubuntu/chch-fuel-recommendator/airflow/af_env/lib/python3.12/site-packages/airflow/example_dags/example_nested_branch_dag.py
[2024-05-18T04:46:25.851+0000] {logging_mixin.py:188} INFO - [2024-05-18T04:46:25.851+0000] {dag.py:3096} INFO - Sync 1 DAGs
[2024-05-18T04:46:25.880+0000] {logging_mixin.py:188} INFO - [2024-05-18T04:46:25.880+0000] {dag.py:3954} INFO - Setting next_dagrun for example_nested_branch_dag to 2024-05-17 00:00:00+00:00, run_after=2024-05-18 00:00:00+00:00
[2024-05-18T04:46:25.912+0000] {processor.py:183} INFO - Processing /home/ubuntu/chch-fuel-recommendator/airflow/af_env/lib/python3.12/site-packages/airflow/example_dags/example_nested_branch_dag.py took 0.106 seconds
[2024-05-18T04:47:15.085+0000] {processor.py:161} INFO - Started process (PID=12438) to work on /home/ubuntu/chch-fuel-recommendator/airflow/af_env/lib/python3.12/site-packages/airflow/example_dags/example_nested_branch_dag.py
[2024-05-18T04:47:15.087+0000] {processor.py:830} INFO - Processing file /home/ubuntu/chch-fuel-recommendator/airflow/af_env/lib/python3.12/site-packages/airflow/example_dags/example_nested_branch_dag.py for tasks to queue
[2024-05-18T04:47:15.090+0000] {logging_mixin.py:188} INFO - [2024-05-18T04:47:15.089+0000] {dagbag.py:545} INFO - Filling up the DagBag from /home/ubuntu/chch-fuel-recommendator/airflow/af_env/lib/python3.12/site-packages/airflow/example_dags/example_nested_branch_dag.py
[2024-05-18T04:47:15.106+0000] {processor.py:840} INFO - DAG(s) 'example_nested_branch_dag' retrieved from /home/ubuntu/chch-fuel-recommendator/airflow/af_env/lib/python3.12/site-packages/airflow/example_dags/example_nested_branch_dag.py
[2024-05-18T04:47:15.137+0000] {logging_mixin.py:188} INFO - [2024-05-18T04:47:15.136+0000] {dag.py:3096} INFO - Sync 1 DAGs
[2024-05-18T04:47:15.166+0000] {logging_mixin.py:188} INFO - [2024-05-18T04:47:15.166+0000] {dag.py:3954} INFO - Setting next_dagrun for example_nested_branch_dag to 2024-05-17 00:00:00+00:00, run_after=2024-05-18 00:00:00+00:00
[2024-05-18T04:47:15.201+0000] {processor.py:183} INFO - Processing /home/ubuntu/chch-fuel-recommendator/airflow/af_env/lib/python3.12/site-packages/airflow/example_dags/example_nested_branch_dag.py took 0.129 seconds
[2024-05-18T04:48:07.488+0000] {processor.py:161} INFO - Started process (PID=12489) to work on /home/ubuntu/chch-fuel-recommendator/airflow/af_env/lib/python3.12/site-packages/airflow/example_dags/example_nested_branch_dag.py
[2024-05-18T04:48:07.490+0000] {processor.py:830} INFO - Processing file /home/ubuntu/chch-fuel-recommendator/airflow/af_env/lib/python3.12/site-packages/airflow/example_dags/example_nested_branch_dag.py for tasks to queue
[2024-05-18T04:48:07.491+0000] {logging_mixin.py:188} INFO - [2024-05-18T04:48:07.491+0000] {dagbag.py:545} INFO - Filling up the DagBag from /home/ubuntu/chch-fuel-recommendator/airflow/af_env/lib/python3.12/site-packages/airflow/example_dags/example_nested_branch_dag.py
[2024-05-18T04:48:07.502+0000] {processor.py:840} INFO - DAG(s) 'example_nested_branch_dag' retrieved from /home/ubuntu/chch-fuel-recommendator/airflow/af_env/lib/python3.12/site-packages/airflow/example_dags/example_nested_branch_dag.py
[2024-05-18T04:48:07.523+0000] {logging_mixin.py:188} INFO - [2024-05-18T04:48:07.523+0000] {dag.py:3096} INFO - Sync 1 DAGs
[2024-05-18T04:48:07.544+0000] {logging_mixin.py:188} INFO - [2024-05-18T04:48:07.543+0000] {dag.py:3954} INFO - Setting next_dagrun for example_nested_branch_dag to 2024-05-17 00:00:00+00:00, run_after=2024-05-18 00:00:00+00:00
[2024-05-18T04:48:07.567+0000] {processor.py:183} INFO - Processing /home/ubuntu/chch-fuel-recommendator/airflow/af_env/lib/python3.12/site-packages/airflow/example_dags/example_nested_branch_dag.py took 0.085 seconds
[2024-05-18T04:49:11.392+0000] {processor.py:161} INFO - Started process (PID=12553) to work on /home/ubuntu/chch-fuel-recommendator/airflow/af_env/lib/python3.12/site-packages/airflow/example_dags/example_nested_branch_dag.py
[2024-05-18T04:49:11.394+0000] {processor.py:830} INFO - Processing file /home/ubuntu/chch-fuel-recommendator/airflow/af_env/lib/python3.12/site-packages/airflow/example_dags/example_nested_branch_dag.py for tasks to queue
[2024-05-18T04:49:11.395+0000] {logging_mixin.py:188} INFO - [2024-05-18T04:49:11.395+0000] {dagbag.py:545} INFO - Filling up the DagBag from /home/ubuntu/chch-fuel-recommendator/airflow/af_env/lib/python3.12/site-packages/airflow/example_dags/example_nested_branch_dag.py
[2024-05-18T04:49:11.408+0000] {processor.py:840} INFO - DAG(s) 'example_nested_branch_dag' retrieved from /home/ubuntu/chch-fuel-recommendator/airflow/af_env/lib/python3.12/site-packages/airflow/example_dags/example_nested_branch_dag.py
[2024-05-18T04:49:11.427+0000] {logging_mixin.py:188} INFO - [2024-05-18T04:49:11.427+0000] {dag.py:3096} INFO - Sync 1 DAGs
[2024-05-18T04:49:11.449+0000] {logging_mixin.py:188} INFO - [2024-05-18T04:49:11.449+0000] {dag.py:3954} INFO - Setting next_dagrun for example_nested_branch_dag to 2024-05-17 00:00:00+00:00, run_after=2024-05-18 00:00:00+00:00
[2024-05-18T04:49:11.477+0000] {processor.py:183} INFO - Processing /home/ubuntu/chch-fuel-recommendator/airflow/af_env/lib/python3.12/site-packages/airflow/example_dags/example_nested_branch_dag.py took 0.090 seconds
[2024-05-18T04:50:17.295+0000] {processor.py:161} INFO - Started process (PID=12622) to work on /home/ubuntu/chch-fuel-recommendator/airflow/af_env/lib/python3.12/site-packages/airflow/example_dags/example_nested_branch_dag.py
[2024-05-18T04:50:17.299+0000] {processor.py:830} INFO - Processing file /home/ubuntu/chch-fuel-recommendator/airflow/af_env/lib/python3.12/site-packages/airflow/example_dags/example_nested_branch_dag.py for tasks to queue
[2024-05-18T04:50:17.304+0000] {logging_mixin.py:188} INFO - [2024-05-18T04:50:17.302+0000] {dagbag.py:545} INFO - Filling up the DagBag from /home/ubuntu/chch-fuel-recommendator/airflow/af_env/lib/python3.12/site-packages/airflow/example_dags/example_nested_branch_dag.py
[2024-05-18T04:50:17.330+0000] {processor.py:840} INFO - DAG(s) 'example_nested_branch_dag' retrieved from /home/ubuntu/chch-fuel-recommendator/airflow/af_env/lib/python3.12/site-packages/airflow/example_dags/example_nested_branch_dag.py
[2024-05-18T04:50:17.370+0000] {logging_mixin.py:188} INFO - [2024-05-18T04:50:17.370+0000] {dag.py:3096} INFO - Sync 1 DAGs
[2024-05-18T04:50:17.404+0000] {logging_mixin.py:188} INFO - [2024-05-18T04:50:17.404+0000] {dag.py:3954} INFO - Setting next_dagrun for example_nested_branch_dag to 2024-05-17 00:00:00+00:00, run_after=2024-05-18 00:00:00+00:00
[2024-05-18T04:50:17.461+0000] {processor.py:183} INFO - Processing /home/ubuntu/chch-fuel-recommendator/airflow/af_env/lib/python3.12/site-packages/airflow/example_dags/example_nested_branch_dag.py took 0.182 seconds
[2024-05-18T04:51:24.201+0000] {processor.py:161} INFO - Started process (PID=12689) to work on /home/ubuntu/chch-fuel-recommendator/airflow/af_env/lib/python3.12/site-packages/airflow/example_dags/example_nested_branch_dag.py
[2024-05-18T04:51:24.202+0000] {processor.py:830} INFO - Processing file /home/ubuntu/chch-fuel-recommendator/airflow/af_env/lib/python3.12/site-packages/airflow/example_dags/example_nested_branch_dag.py for tasks to queue
[2024-05-18T04:51:24.204+0000] {logging_mixin.py:188} INFO - [2024-05-18T04:51:24.204+0000] {dagbag.py:545} INFO - Filling up the DagBag from /home/ubuntu/chch-fuel-recommendator/airflow/af_env/lib/python3.12/site-packages/airflow/example_dags/example_nested_branch_dag.py
[2024-05-18T04:51:24.214+0000] {processor.py:840} INFO - DAG(s) 'example_nested_branch_dag' retrieved from /home/ubuntu/chch-fuel-recommendator/airflow/af_env/lib/python3.12/site-packages/airflow/example_dags/example_nested_branch_dag.py
[2024-05-18T04:51:24.232+0000] {logging_mixin.py:188} INFO - [2024-05-18T04:51:24.232+0000] {dag.py:3096} INFO - Sync 1 DAGs
[2024-05-18T04:51:24.252+0000] {logging_mixin.py:188} INFO - [2024-05-18T04:51:24.252+0000] {dag.py:3954} INFO - Setting next_dagrun for example_nested_branch_dag to 2024-05-17 00:00:00+00:00, run_after=2024-05-18 00:00:00+00:00
[2024-05-18T04:51:24.276+0000] {processor.py:183} INFO - Processing /home/ubuntu/chch-fuel-recommendator/airflow/af_env/lib/python3.12/site-packages/airflow/example_dags/example_nested_branch_dag.py took 0.080 seconds
[2024-05-18T04:52:30.283+0000] {processor.py:161} INFO - Started process (PID=12754) to work on /home/ubuntu/chch-fuel-recommendator/airflow/af_env/lib/python3.12/site-packages/airflow/example_dags/example_nested_branch_dag.py
[2024-05-18T04:52:30.285+0000] {processor.py:830} INFO - Processing file /home/ubuntu/chch-fuel-recommendator/airflow/af_env/lib/python3.12/site-packages/airflow/example_dags/example_nested_branch_dag.py for tasks to queue
[2024-05-18T04:52:30.288+0000] {logging_mixin.py:188} INFO - [2024-05-18T04:52:30.288+0000] {dagbag.py:545} INFO - Filling up the DagBag from /home/ubuntu/chch-fuel-recommendator/airflow/af_env/lib/python3.12/site-packages/airflow/example_dags/example_nested_branch_dag.py
[2024-05-18T04:52:30.312+0000] {processor.py:840} INFO - DAG(s) 'example_nested_branch_dag' retrieved from /home/ubuntu/chch-fuel-recommendator/airflow/af_env/lib/python3.12/site-packages/airflow/example_dags/example_nested_branch_dag.py
[2024-05-18T04:52:30.340+0000] {logging_mixin.py:188} INFO - [2024-05-18T04:52:30.340+0000] {dag.py:3096} INFO - Sync 1 DAGs
[2024-05-18T04:52:30.365+0000] {logging_mixin.py:188} INFO - [2024-05-18T04:52:30.365+0000] {dag.py:3954} INFO - Setting next_dagrun for example_nested_branch_dag to 2024-05-17 00:00:00+00:00, run_after=2024-05-18 00:00:00+00:00
[2024-05-18T04:52:30.400+0000] {processor.py:183} INFO - Processing /home/ubuntu/chch-fuel-recommendator/airflow/af_env/lib/python3.12/site-packages/airflow/example_dags/example_nested_branch_dag.py took 0.127 seconds
[2024-05-18T04:53:17.509+0000] {processor.py:161} INFO - Started process (PID=12800) to work on /home/ubuntu/chch-fuel-recommendator/airflow/af_env/lib/python3.12/site-packages/airflow/example_dags/example_nested_branch_dag.py
[2024-05-18T04:53:17.511+0000] {processor.py:830} INFO - Processing file /home/ubuntu/chch-fuel-recommendator/airflow/af_env/lib/python3.12/site-packages/airflow/example_dags/example_nested_branch_dag.py for tasks to queue
[2024-05-18T04:53:17.513+0000] {logging_mixin.py:188} INFO - [2024-05-18T04:53:17.512+0000] {dagbag.py:545} INFO - Filling up the DagBag from /home/ubuntu/chch-fuel-recommendator/airflow/af_env/lib/python3.12/site-packages/airflow/example_dags/example_nested_branch_dag.py
[2024-05-18T04:53:17.524+0000] {processor.py:840} INFO - DAG(s) 'example_nested_branch_dag' retrieved from /home/ubuntu/chch-fuel-recommendator/airflow/af_env/lib/python3.12/site-packages/airflow/example_dags/example_nested_branch_dag.py
[2024-05-18T04:53:17.547+0000] {logging_mixin.py:188} INFO - [2024-05-18T04:53:17.547+0000] {dag.py:3096} INFO - Sync 1 DAGs
[2024-05-18T04:53:17.573+0000] {logging_mixin.py:188} INFO - [2024-05-18T04:53:17.572+0000] {dag.py:3954} INFO - Setting next_dagrun for example_nested_branch_dag to 2024-05-17 00:00:00+00:00, run_after=2024-05-18 00:00:00+00:00
[2024-05-18T04:53:17.600+0000] {processor.py:183} INFO - Processing /home/ubuntu/chch-fuel-recommendator/airflow/af_env/lib/python3.12/site-packages/airflow/example_dags/example_nested_branch_dag.py took 0.099 seconds
[2024-05-18T05:32:16.705+0000] {processor.py:161} INFO - Started process (PID=15084) to work on /home/ubuntu/airflow/airflow_env/lib/python3.12/site-packages/airflow/example_dags/example_nested_branch_dag.py
[2024-05-18T05:32:16.707+0000] {processor.py:830} INFO - Processing file /home/ubuntu/airflow/airflow_env/lib/python3.12/site-packages/airflow/example_dags/example_nested_branch_dag.py for tasks to queue
[2024-05-18T05:32:16.710+0000] {logging_mixin.py:188} INFO - [2024-05-18T05:32:16.709+0000] {dagbag.py:545} INFO - Filling up the DagBag from /home/ubuntu/airflow/airflow_env/lib/python3.12/site-packages/airflow/example_dags/example_nested_branch_dag.py
[2024-05-18T05:32:16.725+0000] {processor.py:840} INFO - DAG(s) 'example_nested_branch_dag' retrieved from /home/ubuntu/airflow/airflow_env/lib/python3.12/site-packages/airflow/example_dags/example_nested_branch_dag.py
[2024-05-18T05:32:16.953+0000] {logging_mixin.py:188} INFO - [2024-05-18T05:32:16.953+0000] {dag.py:3096} INFO - Sync 1 DAGs
[2024-05-18T05:32:16.991+0000] {logging_mixin.py:188} INFO - [2024-05-18T05:32:16.991+0000] {dag.py:3954} INFO - Setting next_dagrun for example_nested_branch_dag to 2024-05-17 00:00:00+00:00, run_after=2024-05-18 00:00:00+00:00
[2024-05-18T05:32:17.027+0000] {processor.py:183} INFO - Processing /home/ubuntu/airflow/airflow_env/lib/python3.12/site-packages/airflow/example_dags/example_nested_branch_dag.py took 0.329 seconds
[2024-05-18T05:32:47.604+0000] {processor.py:161} INFO - Started process (PID=15138) to work on /home/ubuntu/airflow/airflow_env/lib/python3.12/site-packages/airflow/example_dags/example_nested_branch_dag.py
[2024-05-18T05:32:47.605+0000] {processor.py:830} INFO - Processing file /home/ubuntu/airflow/airflow_env/lib/python3.12/site-packages/airflow/example_dags/example_nested_branch_dag.py for tasks to queue
[2024-05-18T05:32:47.607+0000] {logging_mixin.py:188} INFO - [2024-05-18T05:32:47.606+0000] {dagbag.py:545} INFO - Filling up the DagBag from /home/ubuntu/airflow/airflow_env/lib/python3.12/site-packages/airflow/example_dags/example_nested_branch_dag.py
[2024-05-18T05:32:47.622+0000] {processor.py:840} INFO - DAG(s) 'example_nested_branch_dag' retrieved from /home/ubuntu/airflow/airflow_env/lib/python3.12/site-packages/airflow/example_dags/example_nested_branch_dag.py
[2024-05-18T05:32:47.690+0000] {logging_mixin.py:188} INFO - [2024-05-18T05:32:47.690+0000] {dag.py:3096} INFO - Sync 1 DAGs
[2024-05-18T05:32:47.726+0000] {logging_mixin.py:188} INFO - [2024-05-18T05:32:47.726+0000] {dag.py:3954} INFO - Setting next_dagrun for example_nested_branch_dag to 2024-05-17 00:00:00+00:00, run_after=2024-05-18 00:00:00+00:00
[2024-05-18T05:32:47.756+0000] {processor.py:183} INFO - Processing /home/ubuntu/airflow/airflow_env/lib/python3.12/site-packages/airflow/example_dags/example_nested_branch_dag.py took 0.161 seconds
[2024-05-18T05:33:17.945+0000] {processor.py:161} INFO - Started process (PID=15192) to work on /home/ubuntu/airflow/airflow_env/lib/python3.12/site-packages/airflow/example_dags/example_nested_branch_dag.py
[2024-05-18T05:33:17.946+0000] {processor.py:830} INFO - Processing file /home/ubuntu/airflow/airflow_env/lib/python3.12/site-packages/airflow/example_dags/example_nested_branch_dag.py for tasks to queue
[2024-05-18T05:33:17.949+0000] {logging_mixin.py:188} INFO - [2024-05-18T05:33:17.948+0000] {dagbag.py:545} INFO - Filling up the DagBag from /home/ubuntu/airflow/airflow_env/lib/python3.12/site-packages/airflow/example_dags/example_nested_branch_dag.py
[2024-05-18T05:33:17.962+0000] {processor.py:840} INFO - DAG(s) 'example_nested_branch_dag' retrieved from /home/ubuntu/airflow/airflow_env/lib/python3.12/site-packages/airflow/example_dags/example_nested_branch_dag.py
[2024-05-18T05:33:18.019+0000] {logging_mixin.py:188} INFO - [2024-05-18T05:33:18.018+0000] {dag.py:3096} INFO - Sync 1 DAGs
[2024-05-18T05:33:18.054+0000] {logging_mixin.py:188} INFO - [2024-05-18T05:33:18.054+0000] {dag.py:3954} INFO - Setting next_dagrun for example_nested_branch_dag to 2024-05-17 00:00:00+00:00, run_after=2024-05-18 00:00:00+00:00
[2024-05-18T05:33:18.082+0000] {processor.py:183} INFO - Processing /home/ubuntu/airflow/airflow_env/lib/python3.12/site-packages/airflow/example_dags/example_nested_branch_dag.py took 0.144 seconds
[2024-05-18T05:33:48.217+0000] {processor.py:161} INFO - Started process (PID=15244) to work on /home/ubuntu/airflow/airflow_env/lib/python3.12/site-packages/airflow/example_dags/example_nested_branch_dag.py
[2024-05-18T05:33:48.218+0000] {processor.py:830} INFO - Processing file /home/ubuntu/airflow/airflow_env/lib/python3.12/site-packages/airflow/example_dags/example_nested_branch_dag.py for tasks to queue
[2024-05-18T05:33:48.220+0000] {logging_mixin.py:188} INFO - [2024-05-18T05:33:48.219+0000] {dagbag.py:545} INFO - Filling up the DagBag from /home/ubuntu/airflow/airflow_env/lib/python3.12/site-packages/airflow/example_dags/example_nested_branch_dag.py
[2024-05-18T05:33:48.233+0000] {processor.py:840} INFO - DAG(s) 'example_nested_branch_dag' retrieved from /home/ubuntu/airflow/airflow_env/lib/python3.12/site-packages/airflow/example_dags/example_nested_branch_dag.py
[2024-05-18T05:33:48.296+0000] {logging_mixin.py:188} INFO - [2024-05-18T05:33:48.295+0000] {dag.py:3096} INFO - Sync 1 DAGs
[2024-05-18T05:33:48.336+0000] {logging_mixin.py:188} INFO - [2024-05-18T05:33:48.335+0000] {dag.py:3954} INFO - Setting next_dagrun for example_nested_branch_dag to 2024-05-17 00:00:00+00:00, run_after=2024-05-18 00:00:00+00:00
[2024-05-18T05:33:48.371+0000] {processor.py:183} INFO - Processing /home/ubuntu/airflow/airflow_env/lib/python3.12/site-packages/airflow/example_dags/example_nested_branch_dag.py took 0.161 seconds
[2024-05-18T05:34:19.221+0000] {processor.py:161} INFO - Started process (PID=15295) to work on /home/ubuntu/airflow/airflow_env/lib/python3.12/site-packages/airflow/example_dags/example_nested_branch_dag.py
[2024-05-18T05:34:19.222+0000] {processor.py:830} INFO - Processing file /home/ubuntu/airflow/airflow_env/lib/python3.12/site-packages/airflow/example_dags/example_nested_branch_dag.py for tasks to queue
[2024-05-18T05:34:19.225+0000] {logging_mixin.py:188} INFO - [2024-05-18T05:34:19.224+0000] {dagbag.py:545} INFO - Filling up the DagBag from /home/ubuntu/airflow/airflow_env/lib/python3.12/site-packages/airflow/example_dags/example_nested_branch_dag.py
[2024-05-18T05:34:19.239+0000] {processor.py:840} INFO - DAG(s) 'example_nested_branch_dag' retrieved from /home/ubuntu/airflow/airflow_env/lib/python3.12/site-packages/airflow/example_dags/example_nested_branch_dag.py
[2024-05-18T05:34:19.292+0000] {logging_mixin.py:188} INFO - [2024-05-18T05:34:19.291+0000] {dag.py:3096} INFO - Sync 1 DAGs
[2024-05-18T05:34:19.333+0000] {logging_mixin.py:188} INFO - [2024-05-18T05:34:19.332+0000] {dag.py:3954} INFO - Setting next_dagrun for example_nested_branch_dag to 2024-05-17 00:00:00+00:00, run_after=2024-05-18 00:00:00+00:00
[2024-05-18T05:34:19.367+0000] {processor.py:183} INFO - Processing /home/ubuntu/airflow/airflow_env/lib/python3.12/site-packages/airflow/example_dags/example_nested_branch_dag.py took 0.156 seconds
[2024-05-18T05:34:50.260+0000] {processor.py:161} INFO - Started process (PID=15346) to work on /home/ubuntu/airflow/airflow_env/lib/python3.12/site-packages/airflow/example_dags/example_nested_branch_dag.py
[2024-05-18T05:34:50.261+0000] {processor.py:830} INFO - Processing file /home/ubuntu/airflow/airflow_env/lib/python3.12/site-packages/airflow/example_dags/example_nested_branch_dag.py for tasks to queue
[2024-05-18T05:34:50.265+0000] {logging_mixin.py:188} INFO - [2024-05-18T05:34:50.264+0000] {dagbag.py:545} INFO - Filling up the DagBag from /home/ubuntu/airflow/airflow_env/lib/python3.12/site-packages/airflow/example_dags/example_nested_branch_dag.py
[2024-05-18T05:34:50.281+0000] {processor.py:840} INFO - DAG(s) 'example_nested_branch_dag' retrieved from /home/ubuntu/airflow/airflow_env/lib/python3.12/site-packages/airflow/example_dags/example_nested_branch_dag.py
[2024-05-18T05:34:50.357+0000] {logging_mixin.py:188} INFO - [2024-05-18T05:34:50.356+0000] {dag.py:3096} INFO - Sync 1 DAGs
[2024-05-18T05:34:50.396+0000] {logging_mixin.py:188} INFO - [2024-05-18T05:34:50.396+0000] {dag.py:3954} INFO - Setting next_dagrun for example_nested_branch_dag to 2024-05-17 00:00:00+00:00, run_after=2024-05-18 00:00:00+00:00
[2024-05-18T05:34:50.455+0000] {processor.py:183} INFO - Processing /home/ubuntu/airflow/airflow_env/lib/python3.12/site-packages/airflow/example_dags/example_nested_branch_dag.py took 0.203 seconds
[2024-05-18T05:35:20.845+0000] {processor.py:161} INFO - Started process (PID=15400) to work on /home/ubuntu/airflow/airflow_env/lib/python3.12/site-packages/airflow/example_dags/example_nested_branch_dag.py
[2024-05-18T05:35:20.846+0000] {processor.py:830} INFO - Processing file /home/ubuntu/airflow/airflow_env/lib/python3.12/site-packages/airflow/example_dags/example_nested_branch_dag.py for tasks to queue
[2024-05-18T05:35:20.848+0000] {logging_mixin.py:188} INFO - [2024-05-18T05:35:20.848+0000] {dagbag.py:545} INFO - Filling up the DagBag from /home/ubuntu/airflow/airflow_env/lib/python3.12/site-packages/airflow/example_dags/example_nested_branch_dag.py
[2024-05-18T05:35:20.863+0000] {processor.py:840} INFO - DAG(s) 'example_nested_branch_dag' retrieved from /home/ubuntu/airflow/airflow_env/lib/python3.12/site-packages/airflow/example_dags/example_nested_branch_dag.py
[2024-05-18T05:35:20.921+0000] {logging_mixin.py:188} INFO - [2024-05-18T05:35:20.921+0000] {dag.py:3096} INFO - Sync 1 DAGs
[2024-05-18T05:35:20.958+0000] {logging_mixin.py:188} INFO - [2024-05-18T05:35:20.958+0000] {dag.py:3954} INFO - Setting next_dagrun for example_nested_branch_dag to 2024-05-17 00:00:00+00:00, run_after=2024-05-18 00:00:00+00:00
[2024-05-18T05:35:21.009+0000] {processor.py:183} INFO - Processing /home/ubuntu/airflow/airflow_env/lib/python3.12/site-packages/airflow/example_dags/example_nested_branch_dag.py took 0.174 seconds
[2024-05-18T05:35:51.115+0000] {processor.py:161} INFO - Started process (PID=15451) to work on /home/ubuntu/airflow/airflow_env/lib/python3.12/site-packages/airflow/example_dags/example_nested_branch_dag.py
[2024-05-18T05:35:51.117+0000] {processor.py:830} INFO - Processing file /home/ubuntu/airflow/airflow_env/lib/python3.12/site-packages/airflow/example_dags/example_nested_branch_dag.py for tasks to queue
[2024-05-18T05:35:51.119+0000] {logging_mixin.py:188} INFO - [2024-05-18T05:35:51.119+0000] {dagbag.py:545} INFO - Filling up the DagBag from /home/ubuntu/airflow/airflow_env/lib/python3.12/site-packages/airflow/example_dags/example_nested_branch_dag.py
[2024-05-18T05:35:51.134+0000] {processor.py:840} INFO - DAG(s) 'example_nested_branch_dag' retrieved from /home/ubuntu/airflow/airflow_env/lib/python3.12/site-packages/airflow/example_dags/example_nested_branch_dag.py
[2024-05-18T05:35:51.206+0000] {logging_mixin.py:188} INFO - [2024-05-18T05:35:51.205+0000] {dag.py:3096} INFO - Sync 1 DAGs
[2024-05-18T05:35:51.247+0000] {logging_mixin.py:188} INFO - [2024-05-18T05:35:51.247+0000] {dag.py:3954} INFO - Setting next_dagrun for example_nested_branch_dag to 2024-05-17 00:00:00+00:00, run_after=2024-05-18 00:00:00+00:00
[2024-05-18T05:35:51.279+0000] {processor.py:183} INFO - Processing /home/ubuntu/airflow/airflow_env/lib/python3.12/site-packages/airflow/example_dags/example_nested_branch_dag.py took 0.173 seconds
[2024-05-18T05:36:22.149+0000] {processor.py:161} INFO - Started process (PID=15502) to work on /home/ubuntu/airflow/airflow_env/lib/python3.12/site-packages/airflow/example_dags/example_nested_branch_dag.py
[2024-05-18T05:36:22.150+0000] {processor.py:830} INFO - Processing file /home/ubuntu/airflow/airflow_env/lib/python3.12/site-packages/airflow/example_dags/example_nested_branch_dag.py for tasks to queue
[2024-05-18T05:36:22.152+0000] {logging_mixin.py:188} INFO - [2024-05-18T05:36:22.152+0000] {dagbag.py:545} INFO - Filling up the DagBag from /home/ubuntu/airflow/airflow_env/lib/python3.12/site-packages/airflow/example_dags/example_nested_branch_dag.py
[2024-05-18T05:36:22.166+0000] {processor.py:840} INFO - DAG(s) 'example_nested_branch_dag' retrieved from /home/ubuntu/airflow/airflow_env/lib/python3.12/site-packages/airflow/example_dags/example_nested_branch_dag.py
[2024-05-18T05:36:22.222+0000] {logging_mixin.py:188} INFO - [2024-05-18T05:36:22.222+0000] {dag.py:3096} INFO - Sync 1 DAGs
[2024-05-18T05:36:22.262+0000] {logging_mixin.py:188} INFO - [2024-05-18T05:36:22.262+0000] {dag.py:3954} INFO - Setting next_dagrun for example_nested_branch_dag to 2024-05-17 00:00:00+00:00, run_after=2024-05-18 00:00:00+00:00
[2024-05-18T05:36:22.297+0000] {processor.py:183} INFO - Processing /home/ubuntu/airflow/airflow_env/lib/python3.12/site-packages/airflow/example_dags/example_nested_branch_dag.py took 0.156 seconds
[2024-05-18T05:36:52.889+0000] {processor.py:161} INFO - Started process (PID=15553) to work on /home/ubuntu/airflow/airflow_env/lib/python3.12/site-packages/airflow/example_dags/example_nested_branch_dag.py
[2024-05-18T05:36:52.890+0000] {processor.py:830} INFO - Processing file /home/ubuntu/airflow/airflow_env/lib/python3.12/site-packages/airflow/example_dags/example_nested_branch_dag.py for tasks to queue
[2024-05-18T05:36:52.893+0000] {logging_mixin.py:188} INFO - [2024-05-18T05:36:52.892+0000] {dagbag.py:545} INFO - Filling up the DagBag from /home/ubuntu/airflow/airflow_env/lib/python3.12/site-packages/airflow/example_dags/example_nested_branch_dag.py
[2024-05-18T05:36:52.906+0000] {processor.py:840} INFO - DAG(s) 'example_nested_branch_dag' retrieved from /home/ubuntu/airflow/airflow_env/lib/python3.12/site-packages/airflow/example_dags/example_nested_branch_dag.py
[2024-05-18T05:36:52.966+0000] {logging_mixin.py:188} INFO - [2024-05-18T05:36:52.966+0000] {dag.py:3096} INFO - Sync 1 DAGs
[2024-05-18T05:36:53.016+0000] {logging_mixin.py:188} INFO - [2024-05-18T05:36:53.016+0000] {dag.py:3954} INFO - Setting next_dagrun for example_nested_branch_dag to 2024-05-17 00:00:00+00:00, run_after=2024-05-18 00:00:00+00:00
[2024-05-18T05:36:53.048+0000] {processor.py:183} INFO - Processing /home/ubuntu/airflow/airflow_env/lib/python3.12/site-packages/airflow/example_dags/example_nested_branch_dag.py took 0.168 seconds
[2024-05-18T05:37:24.112+0000] {processor.py:161} INFO - Started process (PID=15604) to work on /home/ubuntu/airflow/airflow_env/lib/python3.12/site-packages/airflow/example_dags/example_nested_branch_dag.py
[2024-05-18T05:37:24.114+0000] {processor.py:830} INFO - Processing file /home/ubuntu/airflow/airflow_env/lib/python3.12/site-packages/airflow/example_dags/example_nested_branch_dag.py for tasks to queue
[2024-05-18T05:37:24.116+0000] {logging_mixin.py:188} INFO - [2024-05-18T05:37:24.116+0000] {dagbag.py:545} INFO - Filling up the DagBag from /home/ubuntu/airflow/airflow_env/lib/python3.12/site-packages/airflow/example_dags/example_nested_branch_dag.py
[2024-05-18T05:37:24.137+0000] {processor.py:840} INFO - DAG(s) 'example_nested_branch_dag' retrieved from /home/ubuntu/airflow/airflow_env/lib/python3.12/site-packages/airflow/example_dags/example_nested_branch_dag.py
[2024-05-18T05:37:24.229+0000] {logging_mixin.py:188} INFO - [2024-05-18T05:37:24.229+0000] {dag.py:3096} INFO - Sync 1 DAGs
[2024-05-18T05:37:24.274+0000] {logging_mixin.py:188} INFO - [2024-05-18T05:37:24.274+0000] {dag.py:3954} INFO - Setting next_dagrun for example_nested_branch_dag to 2024-05-17 00:00:00+00:00, run_after=2024-05-18 00:00:00+00:00
[2024-05-18T05:37:24.303+0000] {processor.py:183} INFO - Processing /home/ubuntu/airflow/airflow_env/lib/python3.12/site-packages/airflow/example_dags/example_nested_branch_dag.py took 0.205 seconds
[2024-05-18T05:37:54.483+0000] {processor.py:161} INFO - Started process (PID=15656) to work on /home/ubuntu/airflow/airflow_env/lib/python3.12/site-packages/airflow/example_dags/example_nested_branch_dag.py
[2024-05-18T05:37:54.484+0000] {processor.py:830} INFO - Processing file /home/ubuntu/airflow/airflow_env/lib/python3.12/site-packages/airflow/example_dags/example_nested_branch_dag.py for tasks to queue
[2024-05-18T05:37:54.486+0000] {logging_mixin.py:188} INFO - [2024-05-18T05:37:54.485+0000] {dagbag.py:545} INFO - Filling up the DagBag from /home/ubuntu/airflow/airflow_env/lib/python3.12/site-packages/airflow/example_dags/example_nested_branch_dag.py
[2024-05-18T05:37:54.500+0000] {processor.py:840} INFO - DAG(s) 'example_nested_branch_dag' retrieved from /home/ubuntu/airflow/airflow_env/lib/python3.12/site-packages/airflow/example_dags/example_nested_branch_dag.py
[2024-05-18T05:37:54.557+0000] {logging_mixin.py:188} INFO - [2024-05-18T05:37:54.557+0000] {dag.py:3096} INFO - Sync 1 DAGs
[2024-05-18T05:37:54.597+0000] {logging_mixin.py:188} INFO - [2024-05-18T05:37:54.597+0000] {dag.py:3954} INFO - Setting next_dagrun for example_nested_branch_dag to 2024-05-17 00:00:00+00:00, run_after=2024-05-18 00:00:00+00:00
[2024-05-18T05:37:54.626+0000] {processor.py:183} INFO - Processing /home/ubuntu/airflow/airflow_env/lib/python3.12/site-packages/airflow/example_dags/example_nested_branch_dag.py took 0.151 seconds
[2024-05-18T05:38:25.366+0000] {processor.py:161} INFO - Started process (PID=15707) to work on /home/ubuntu/airflow/airflow_env/lib/python3.12/site-packages/airflow/example_dags/example_nested_branch_dag.py
[2024-05-18T05:38:25.367+0000] {processor.py:830} INFO - Processing file /home/ubuntu/airflow/airflow_env/lib/python3.12/site-packages/airflow/example_dags/example_nested_branch_dag.py for tasks to queue
[2024-05-18T05:38:25.370+0000] {logging_mixin.py:188} INFO - [2024-05-18T05:38:25.369+0000] {dagbag.py:545} INFO - Filling up the DagBag from /home/ubuntu/airflow/airflow_env/lib/python3.12/site-packages/airflow/example_dags/example_nested_branch_dag.py
[2024-05-18T05:38:25.387+0000] {processor.py:840} INFO - DAG(s) 'example_nested_branch_dag' retrieved from /home/ubuntu/airflow/airflow_env/lib/python3.12/site-packages/airflow/example_dags/example_nested_branch_dag.py
[2024-05-18T05:38:25.462+0000] {logging_mixin.py:188} INFO - [2024-05-18T05:38:25.462+0000] {dag.py:3096} INFO - Sync 1 DAGs
[2024-05-18T05:38:25.504+0000] {logging_mixin.py:188} INFO - [2024-05-18T05:38:25.503+0000] {dag.py:3954} INFO - Setting next_dagrun for example_nested_branch_dag to 2024-05-17 00:00:00+00:00, run_after=2024-05-18 00:00:00+00:00
[2024-05-18T05:38:25.540+0000] {processor.py:183} INFO - Processing /home/ubuntu/airflow/airflow_env/lib/python3.12/site-packages/airflow/example_dags/example_nested_branch_dag.py took 0.183 seconds
[2024-05-18T05:38:55.807+0000] {processor.py:161} INFO - Started process (PID=15758) to work on /home/ubuntu/airflow/airflow_env/lib/python3.12/site-packages/airflow/example_dags/example_nested_branch_dag.py
[2024-05-18T05:38:55.808+0000] {processor.py:830} INFO - Processing file /home/ubuntu/airflow/airflow_env/lib/python3.12/site-packages/airflow/example_dags/example_nested_branch_dag.py for tasks to queue
[2024-05-18T05:38:55.810+0000] {logging_mixin.py:188} INFO - [2024-05-18T05:38:55.810+0000] {dagbag.py:545} INFO - Filling up the DagBag from /home/ubuntu/airflow/airflow_env/lib/python3.12/site-packages/airflow/example_dags/example_nested_branch_dag.py
[2024-05-18T05:38:55.828+0000] {processor.py:840} INFO - DAG(s) 'example_nested_branch_dag' retrieved from /home/ubuntu/airflow/airflow_env/lib/python3.12/site-packages/airflow/example_dags/example_nested_branch_dag.py
[2024-05-18T05:38:55.904+0000] {logging_mixin.py:188} INFO - [2024-05-18T05:38:55.904+0000] {dag.py:3096} INFO - Sync 1 DAGs
[2024-05-18T05:38:55.939+0000] {logging_mixin.py:188} INFO - [2024-05-18T05:38:55.939+0000] {dag.py:3954} INFO - Setting next_dagrun for example_nested_branch_dag to 2024-05-17 00:00:00+00:00, run_after=2024-05-18 00:00:00+00:00
[2024-05-18T05:38:55.977+0000] {processor.py:183} INFO - Processing /home/ubuntu/airflow/airflow_env/lib/python3.12/site-packages/airflow/example_dags/example_nested_branch_dag.py took 0.182 seconds
[2024-05-18T05:39:26.905+0000] {processor.py:161} INFO - Started process (PID=15810) to work on /home/ubuntu/airflow/airflow_env/lib/python3.12/site-packages/airflow/example_dags/example_nested_branch_dag.py
[2024-05-18T05:39:26.908+0000] {processor.py:830} INFO - Processing file /home/ubuntu/airflow/airflow_env/lib/python3.12/site-packages/airflow/example_dags/example_nested_branch_dag.py for tasks to queue
[2024-05-18T05:39:26.912+0000] {logging_mixin.py:188} INFO - [2024-05-18T05:39:26.911+0000] {dagbag.py:545} INFO - Filling up the DagBag from /home/ubuntu/airflow/airflow_env/lib/python3.12/site-packages/airflow/example_dags/example_nested_branch_dag.py
[2024-05-18T05:39:26.930+0000] {processor.py:840} INFO - DAG(s) 'example_nested_branch_dag' retrieved from /home/ubuntu/airflow/airflow_env/lib/python3.12/site-packages/airflow/example_dags/example_nested_branch_dag.py
[2024-05-18T05:39:27.009+0000] {logging_mixin.py:188} INFO - [2024-05-18T05:39:27.009+0000] {dag.py:3096} INFO - Sync 1 DAGs
[2024-05-18T05:39:27.053+0000] {logging_mixin.py:188} INFO - [2024-05-18T05:39:27.052+0000] {dag.py:3954} INFO - Setting next_dagrun for example_nested_branch_dag to 2024-05-17 00:00:00+00:00, run_after=2024-05-18 00:00:00+00:00
[2024-05-18T05:39:27.112+0000] {processor.py:183} INFO - Processing /home/ubuntu/airflow/airflow_env/lib/python3.12/site-packages/airflow/example_dags/example_nested_branch_dag.py took 0.219 seconds
[2024-05-18T05:39:57.900+0000] {processor.py:161} INFO - Started process (PID=15861) to work on /home/ubuntu/airflow/airflow_env/lib/python3.12/site-packages/airflow/example_dags/example_nested_branch_dag.py
[2024-05-18T05:39:57.901+0000] {processor.py:830} INFO - Processing file /home/ubuntu/airflow/airflow_env/lib/python3.12/site-packages/airflow/example_dags/example_nested_branch_dag.py for tasks to queue
[2024-05-18T05:39:57.905+0000] {logging_mixin.py:188} INFO - [2024-05-18T05:39:57.904+0000] {dagbag.py:545} INFO - Filling up the DagBag from /home/ubuntu/airflow/airflow_env/lib/python3.12/site-packages/airflow/example_dags/example_nested_branch_dag.py
[2024-05-18T05:39:57.918+0000] {processor.py:840} INFO - DAG(s) 'example_nested_branch_dag' retrieved from /home/ubuntu/airflow/airflow_env/lib/python3.12/site-packages/airflow/example_dags/example_nested_branch_dag.py
[2024-05-18T05:39:57.971+0000] {logging_mixin.py:188} INFO - [2024-05-18T05:39:57.970+0000] {dag.py:3096} INFO - Sync 1 DAGs
[2024-05-18T05:39:57.999+0000] {logging_mixin.py:188} INFO - [2024-05-18T05:39:57.999+0000] {dag.py:3954} INFO - Setting next_dagrun for example_nested_branch_dag to 2024-05-17 00:00:00+00:00, run_after=2024-05-18 00:00:00+00:00
[2024-05-18T05:39:58.030+0000] {processor.py:183} INFO - Processing /home/ubuntu/airflow/airflow_env/lib/python3.12/site-packages/airflow/example_dags/example_nested_branch_dag.py took 0.138 seconds
[2024-05-18T05:40:28.210+0000] {processor.py:161} INFO - Started process (PID=16196) to work on /home/ubuntu/airflow/airflow_env/lib/python3.12/site-packages/airflow/example_dags/example_nested_branch_dag.py
[2024-05-18T05:40:28.214+0000] {processor.py:830} INFO - Processing file /home/ubuntu/airflow/airflow_env/lib/python3.12/site-packages/airflow/example_dags/example_nested_branch_dag.py for tasks to queue
[2024-05-18T05:40:28.216+0000] {logging_mixin.py:188} INFO - [2024-05-18T05:40:28.215+0000] {dagbag.py:545} INFO - Filling up the DagBag from /home/ubuntu/airflow/airflow_env/lib/python3.12/site-packages/airflow/example_dags/example_nested_branch_dag.py
[2024-05-18T05:40:28.235+0000] {processor.py:840} INFO - DAG(s) 'example_nested_branch_dag' retrieved from /home/ubuntu/airflow/airflow_env/lib/python3.12/site-packages/airflow/example_dags/example_nested_branch_dag.py
[2024-05-18T05:40:28.312+0000] {logging_mixin.py:188} INFO - [2024-05-18T05:40:28.312+0000] {dag.py:3096} INFO - Sync 1 DAGs
[2024-05-18T05:40:28.343+0000] {logging_mixin.py:188} INFO - [2024-05-18T05:40:28.343+0000] {dag.py:3954} INFO - Setting next_dagrun for example_nested_branch_dag to 2024-05-17 00:00:00+00:00, run_after=2024-05-18 00:00:00+00:00
[2024-05-18T05:40:28.369+0000] {processor.py:183} INFO - Processing /home/ubuntu/airflow/airflow_env/lib/python3.12/site-packages/airflow/example_dags/example_nested_branch_dag.py took 0.173 seconds
[2024-05-18T05:40:59.071+0000] {processor.py:161} INFO - Started process (PID=16249) to work on /home/ubuntu/airflow/airflow_env/lib/python3.12/site-packages/airflow/example_dags/example_nested_branch_dag.py
[2024-05-18T05:40:59.072+0000] {processor.py:830} INFO - Processing file /home/ubuntu/airflow/airflow_env/lib/python3.12/site-packages/airflow/example_dags/example_nested_branch_dag.py for tasks to queue
[2024-05-18T05:40:59.074+0000] {logging_mixin.py:188} INFO - [2024-05-18T05:40:59.073+0000] {dagbag.py:545} INFO - Filling up the DagBag from /home/ubuntu/airflow/airflow_env/lib/python3.12/site-packages/airflow/example_dags/example_nested_branch_dag.py
[2024-05-18T05:40:59.088+0000] {processor.py:840} INFO - DAG(s) 'example_nested_branch_dag' retrieved from /home/ubuntu/airflow/airflow_env/lib/python3.12/site-packages/airflow/example_dags/example_nested_branch_dag.py
[2024-05-18T05:40:59.148+0000] {logging_mixin.py:188} INFO - [2024-05-18T05:40:59.147+0000] {dag.py:3096} INFO - Sync 1 DAGs
[2024-05-18T05:40:59.180+0000] {logging_mixin.py:188} INFO - [2024-05-18T05:40:59.180+0000] {dag.py:3954} INFO - Setting next_dagrun for example_nested_branch_dag to 2024-05-17 00:00:00+00:00, run_after=2024-05-18 00:00:00+00:00
[2024-05-18T05:40:59.213+0000] {processor.py:183} INFO - Processing /home/ubuntu/airflow/airflow_env/lib/python3.12/site-packages/airflow/example_dags/example_nested_branch_dag.py took 0.150 seconds
[2024-05-18T05:41:29.596+0000] {processor.py:161} INFO - Started process (PID=16301) to work on /home/ubuntu/airflow/airflow_env/lib/python3.12/site-packages/airflow/example_dags/example_nested_branch_dag.py
[2024-05-18T05:41:29.598+0000] {processor.py:830} INFO - Processing file /home/ubuntu/airflow/airflow_env/lib/python3.12/site-packages/airflow/example_dags/example_nested_branch_dag.py for tasks to queue
[2024-05-18T05:41:29.601+0000] {logging_mixin.py:188} INFO - [2024-05-18T05:41:29.601+0000] {dagbag.py:545} INFO - Filling up the DagBag from /home/ubuntu/airflow/airflow_env/lib/python3.12/site-packages/airflow/example_dags/example_nested_branch_dag.py
[2024-05-18T05:41:29.622+0000] {processor.py:840} INFO - DAG(s) 'example_nested_branch_dag' retrieved from /home/ubuntu/airflow/airflow_env/lib/python3.12/site-packages/airflow/example_dags/example_nested_branch_dag.py
[2024-05-18T05:41:29.727+0000] {logging_mixin.py:188} INFO - [2024-05-18T05:41:29.727+0000] {dag.py:3096} INFO - Sync 1 DAGs
[2024-05-18T05:41:29.801+0000] {logging_mixin.py:188} INFO - [2024-05-18T05:41:29.801+0000] {dag.py:3954} INFO - Setting next_dagrun for example_nested_branch_dag to 2024-05-17 00:00:00+00:00, run_after=2024-05-18 00:00:00+00:00
[2024-05-18T05:41:29.861+0000] {processor.py:183} INFO - Processing /home/ubuntu/airflow/airflow_env/lib/python3.12/site-packages/airflow/example_dags/example_nested_branch_dag.py took 0.276 seconds
[2024-05-18T05:42:00.303+0000] {processor.py:161} INFO - Started process (PID=16353) to work on /home/ubuntu/airflow/airflow_env/lib/python3.12/site-packages/airflow/example_dags/example_nested_branch_dag.py
[2024-05-18T05:42:00.305+0000] {processor.py:830} INFO - Processing file /home/ubuntu/airflow/airflow_env/lib/python3.12/site-packages/airflow/example_dags/example_nested_branch_dag.py for tasks to queue
[2024-05-18T05:42:00.309+0000] {logging_mixin.py:188} INFO - [2024-05-18T05:42:00.308+0000] {dagbag.py:545} INFO - Filling up the DagBag from /home/ubuntu/airflow/airflow_env/lib/python3.12/site-packages/airflow/example_dags/example_nested_branch_dag.py
[2024-05-18T05:42:00.331+0000] {processor.py:840} INFO - DAG(s) 'example_nested_branch_dag' retrieved from /home/ubuntu/airflow/airflow_env/lib/python3.12/site-packages/airflow/example_dags/example_nested_branch_dag.py
[2024-05-18T05:42:00.404+0000] {logging_mixin.py:188} INFO - [2024-05-18T05:42:00.404+0000] {dag.py:3096} INFO - Sync 1 DAGs
[2024-05-18T05:42:00.443+0000] {logging_mixin.py:188} INFO - [2024-05-18T05:42:00.443+0000] {dag.py:3954} INFO - Setting next_dagrun for example_nested_branch_dag to 2024-05-17 00:00:00+00:00, run_after=2024-05-18 00:00:00+00:00
[2024-05-18T05:42:00.487+0000] {processor.py:183} INFO - Processing /home/ubuntu/airflow/airflow_env/lib/python3.12/site-packages/airflow/example_dags/example_nested_branch_dag.py took 0.196 seconds
[2024-05-18T05:42:30.555+0000] {processor.py:161} INFO - Started process (PID=16404) to work on /home/ubuntu/airflow/airflow_env/lib/python3.12/site-packages/airflow/example_dags/example_nested_branch_dag.py
[2024-05-18T05:42:30.557+0000] {processor.py:830} INFO - Processing file /home/ubuntu/airflow/airflow_env/lib/python3.12/site-packages/airflow/example_dags/example_nested_branch_dag.py for tasks to queue
[2024-05-18T05:42:30.560+0000] {logging_mixin.py:188} INFO - [2024-05-18T05:42:30.559+0000] {dagbag.py:545} INFO - Filling up the DagBag from /home/ubuntu/airflow/airflow_env/lib/python3.12/site-packages/airflow/example_dags/example_nested_branch_dag.py
[2024-05-18T05:42:30.582+0000] {processor.py:840} INFO - DAG(s) 'example_nested_branch_dag' retrieved from /home/ubuntu/airflow/airflow_env/lib/python3.12/site-packages/airflow/example_dags/example_nested_branch_dag.py
[2024-05-18T05:42:30.650+0000] {logging_mixin.py:188} INFO - [2024-05-18T05:42:30.649+0000] {dag.py:3096} INFO - Sync 1 DAGs
[2024-05-18T05:42:30.684+0000] {logging_mixin.py:188} INFO - [2024-05-18T05:42:30.684+0000] {dag.py:3954} INFO - Setting next_dagrun for example_nested_branch_dag to 2024-05-17 00:00:00+00:00, run_after=2024-05-18 00:00:00+00:00
[2024-05-18T05:42:30.709+0000] {processor.py:183} INFO - Processing /home/ubuntu/airflow/airflow_env/lib/python3.12/site-packages/airflow/example_dags/example_nested_branch_dag.py took 0.165 seconds
[2024-05-18T05:43:01.523+0000] {processor.py:161} INFO - Started process (PID=16456) to work on /home/ubuntu/airflow/airflow_env/lib/python3.12/site-packages/airflow/example_dags/example_nested_branch_dag.py
[2024-05-18T05:43:01.525+0000] {processor.py:830} INFO - Processing file /home/ubuntu/airflow/airflow_env/lib/python3.12/site-packages/airflow/example_dags/example_nested_branch_dag.py for tasks to queue
[2024-05-18T05:43:01.530+0000] {logging_mixin.py:188} INFO - [2024-05-18T05:43:01.530+0000] {dagbag.py:545} INFO - Filling up the DagBag from /home/ubuntu/airflow/airflow_env/lib/python3.12/site-packages/airflow/example_dags/example_nested_branch_dag.py
[2024-05-18T05:43:01.552+0000] {processor.py:840} INFO - DAG(s) 'example_nested_branch_dag' retrieved from /home/ubuntu/airflow/airflow_env/lib/python3.12/site-packages/airflow/example_dags/example_nested_branch_dag.py
[2024-05-18T05:43:01.705+0000] {logging_mixin.py:188} INFO - [2024-05-18T05:43:01.704+0000] {dag.py:3096} INFO - Sync 1 DAGs
[2024-05-18T05:43:01.749+0000] {logging_mixin.py:188} INFO - [2024-05-18T05:43:01.748+0000] {dag.py:3954} INFO - Setting next_dagrun for example_nested_branch_dag to 2024-05-17 00:00:00+00:00, run_after=2024-05-18 00:00:00+00:00
[2024-05-18T05:43:01.818+0000] {processor.py:183} INFO - Processing /home/ubuntu/airflow/airflow_env/lib/python3.12/site-packages/airflow/example_dags/example_nested_branch_dag.py took 0.308 seconds
[2024-05-18T05:43:32.212+0000] {processor.py:161} INFO - Started process (PID=16540) to work on /home/ubuntu/airflow/airflow_env/lib/python3.12/site-packages/airflow/example_dags/example_nested_branch_dag.py
[2024-05-18T05:43:32.214+0000] {processor.py:830} INFO - Processing file /home/ubuntu/airflow/airflow_env/lib/python3.12/site-packages/airflow/example_dags/example_nested_branch_dag.py for tasks to queue
[2024-05-18T05:43:32.218+0000] {logging_mixin.py:188} INFO - [2024-05-18T05:43:32.218+0000] {dagbag.py:545} INFO - Filling up the DagBag from /home/ubuntu/airflow/airflow_env/lib/python3.12/site-packages/airflow/example_dags/example_nested_branch_dag.py
[2024-05-18T05:43:32.251+0000] {processor.py:840} INFO - DAG(s) 'example_nested_branch_dag' retrieved from /home/ubuntu/airflow/airflow_env/lib/python3.12/site-packages/airflow/example_dags/example_nested_branch_dag.py
[2024-05-18T05:43:32.313+0000] {logging_mixin.py:188} INFO - [2024-05-18T05:43:32.312+0000] {dag.py:3096} INFO - Sync 1 DAGs
[2024-05-18T05:43:32.347+0000] {logging_mixin.py:188} INFO - [2024-05-18T05:43:32.347+0000] {dag.py:3954} INFO - Setting next_dagrun for example_nested_branch_dag to 2024-05-17 00:00:00+00:00, run_after=2024-05-18 00:00:00+00:00
[2024-05-18T05:43:32.552+0000] {processor.py:183} INFO - Processing /home/ubuntu/airflow/airflow_env/lib/python3.12/site-packages/airflow/example_dags/example_nested_branch_dag.py took 0.356 seconds
[2024-05-18T05:44:02.731+0000] {processor.py:161} INFO - Started process (PID=16591) to work on /home/ubuntu/airflow/airflow_env/lib/python3.12/site-packages/airflow/example_dags/example_nested_branch_dag.py
[2024-05-18T05:44:02.733+0000] {processor.py:830} INFO - Processing file /home/ubuntu/airflow/airflow_env/lib/python3.12/site-packages/airflow/example_dags/example_nested_branch_dag.py for tasks to queue
[2024-05-18T05:44:02.734+0000] {logging_mixin.py:188} INFO - [2024-05-18T05:44:02.734+0000] {dagbag.py:545} INFO - Filling up the DagBag from /home/ubuntu/airflow/airflow_env/lib/python3.12/site-packages/airflow/example_dags/example_nested_branch_dag.py
[2024-05-18T05:44:02.748+0000] {processor.py:840} INFO - DAG(s) 'example_nested_branch_dag' retrieved from /home/ubuntu/airflow/airflow_env/lib/python3.12/site-packages/airflow/example_dags/example_nested_branch_dag.py
[2024-05-18T05:44:02.826+0000] {logging_mixin.py:188} INFO - [2024-05-18T05:44:02.826+0000] {dag.py:3096} INFO - Sync 1 DAGs
[2024-05-18T05:44:02.866+0000] {logging_mixin.py:188} INFO - [2024-05-18T05:44:02.865+0000] {dag.py:3954} INFO - Setting next_dagrun for example_nested_branch_dag to 2024-05-17 00:00:00+00:00, run_after=2024-05-18 00:00:00+00:00
[2024-05-18T05:44:02.895+0000] {processor.py:183} INFO - Processing /home/ubuntu/airflow/airflow_env/lib/python3.12/site-packages/airflow/example_dags/example_nested_branch_dag.py took 0.174 seconds
