[2024-05-18T04:44:07.791+0000] {processor.py:161} INFO - Started process (PID=12259) to work on /home/ubuntu/chch-fuel-recommendator/airflow/af_env/lib/python3.12/site-packages/airflow/example_dags/example_time_delta_sensor_async.py
[2024-05-18T04:44:07.791+0000] {processor.py:830} INFO - Processing file /home/ubuntu/chch-fuel-recommendator/airflow/af_env/lib/python3.12/site-packages/airflow/example_dags/example_time_delta_sensor_async.py for tasks to queue
[2024-05-18T04:44:07.794+0000] {logging_mixin.py:188} INFO - [2024-05-18T04:44:07.794+0000] {dagbag.py:545} INFO - Filling up the DagBag from /home/ubuntu/chch-fuel-recommendator/airflow/af_env/lib/python3.12/site-packages/airflow/example_dags/example_time_delta_sensor_async.py
[2024-05-18T04:44:07.801+0000] {processor.py:840} INFO - DAG(s) 'example_time_delta_sensor_async' retrieved from /home/ubuntu/chch-fuel-recommendator/airflow/af_env/lib/python3.12/site-packages/airflow/example_dags/example_time_delta_sensor_async.py
[2024-05-18T04:44:07.930+0000] {logging_mixin.py:188} INFO - [2024-05-18T04:44:07.929+0000] {override.py:1829} INFO - Created Permission View: can edit on DAG:example_time_delta_sensor_async
[2024-05-18T04:44:07.945+0000] {logging_mixin.py:188} INFO - [2024-05-18T04:44:07.945+0000] {override.py:1829} INFO - Created Permission View: can read on DAG:example_time_delta_sensor_async
[2024-05-18T04:44:07.957+0000] {logging_mixin.py:188} INFO - [2024-05-18T04:44:07.956+0000] {override.py:1829} INFO - Created Permission View: can delete on DAG:example_time_delta_sensor_async
[2024-05-18T04:44:07.958+0000] {logging_mixin.py:188} INFO - [2024-05-18T04:44:07.957+0000] {dag.py:3096} INFO - Sync 1 DAGs
[2024-05-18T04:44:07.974+0000] {logging_mixin.py:188} INFO - [2024-05-18T04:44:07.974+0000] {dag.py:3118} INFO - Creating ORM DAG for example_time_delta_sensor_async
[2024-05-18T04:44:07.975+0000] {logging_mixin.py:188} INFO - [2024-05-18T04:44:07.975+0000] {dag.py:3954} INFO - Setting next_dagrun for example_time_delta_sensor_async to None, run_after=None
[2024-05-18T04:44:08.007+0000] {processor.py:183} INFO - Processing /home/ubuntu/chch-fuel-recommendator/airflow/af_env/lib/python3.12/site-packages/airflow/example_dags/example_time_delta_sensor_async.py took 0.223 seconds
[2024-05-18T04:45:08.379+0000] {processor.py:161} INFO - Started process (PID=12313) to work on /home/ubuntu/chch-fuel-recommendator/airflow/af_env/lib/python3.12/site-packages/airflow/example_dags/example_time_delta_sensor_async.py
[2024-05-18T04:45:08.381+0000] {processor.py:830} INFO - Processing file /home/ubuntu/chch-fuel-recommendator/airflow/af_env/lib/python3.12/site-packages/airflow/example_dags/example_time_delta_sensor_async.py for tasks to queue
[2024-05-18T04:45:08.383+0000] {logging_mixin.py:188} INFO - [2024-05-18T04:45:08.382+0000] {dagbag.py:545} INFO - Filling up the DagBag from /home/ubuntu/chch-fuel-recommendator/airflow/af_env/lib/python3.12/site-packages/airflow/example_dags/example_time_delta_sensor_async.py
[2024-05-18T04:45:08.391+0000] {processor.py:840} INFO - DAG(s) 'example_time_delta_sensor_async' retrieved from /home/ubuntu/chch-fuel-recommendator/airflow/af_env/lib/python3.12/site-packages/airflow/example_dags/example_time_delta_sensor_async.py
[2024-05-18T04:45:08.418+0000] {logging_mixin.py:188} INFO - [2024-05-18T04:45:08.418+0000] {dag.py:3096} INFO - Sync 1 DAGs
[2024-05-18T04:45:08.437+0000] {logging_mixin.py:188} INFO - [2024-05-18T04:45:08.437+0000] {dag.py:3954} INFO - Setting next_dagrun for example_time_delta_sensor_async to None, run_after=None
[2024-05-18T04:45:08.470+0000] {processor.py:183} INFO - Processing /home/ubuntu/chch-fuel-recommendator/airflow/af_env/lib/python3.12/site-packages/airflow/example_dags/example_time_delta_sensor_async.py took 0.098 seconds
[2024-05-18T04:46:05.812+0000] {processor.py:161} INFO - Started process (PID=12369) to work on /home/ubuntu/chch-fuel-recommendator/airflow/af_env/lib/python3.12/site-packages/airflow/example_dags/example_time_delta_sensor_async.py
[2024-05-18T04:46:05.815+0000] {processor.py:830} INFO - Processing file /home/ubuntu/chch-fuel-recommendator/airflow/af_env/lib/python3.12/site-packages/airflow/example_dags/example_time_delta_sensor_async.py for tasks to queue
[2024-05-18T04:46:05.817+0000] {logging_mixin.py:188} INFO - [2024-05-18T04:46:05.816+0000] {dagbag.py:545} INFO - Filling up the DagBag from /home/ubuntu/chch-fuel-recommendator/airflow/af_env/lib/python3.12/site-packages/airflow/example_dags/example_time_delta_sensor_async.py
[2024-05-18T04:46:05.823+0000] {processor.py:840} INFO - DAG(s) 'example_time_delta_sensor_async' retrieved from /home/ubuntu/chch-fuel-recommendator/airflow/af_env/lib/python3.12/site-packages/airflow/example_dags/example_time_delta_sensor_async.py
[2024-05-18T04:46:05.853+0000] {logging_mixin.py:188} INFO - [2024-05-18T04:46:05.851+0000] {dag.py:3096} INFO - Sync 1 DAGs
[2024-05-18T04:46:05.890+0000] {logging_mixin.py:188} INFO - [2024-05-18T04:46:05.887+0000] {dag.py:3954} INFO - Setting next_dagrun for example_time_delta_sensor_async to None, run_after=None
[2024-05-18T04:46:05.935+0000] {processor.py:183} INFO - Processing /home/ubuntu/chch-fuel-recommendator/airflow/af_env/lib/python3.12/site-packages/airflow/example_dags/example_time_delta_sensor_async.py took 0.135 seconds
[2024-05-18T04:46:57.344+0000] {processor.py:161} INFO - Started process (PID=12420) to work on /home/ubuntu/chch-fuel-recommendator/airflow/af_env/lib/python3.12/site-packages/airflow/example_dags/example_time_delta_sensor_async.py
[2024-05-18T04:46:57.346+0000] {processor.py:830} INFO - Processing file /home/ubuntu/chch-fuel-recommendator/airflow/af_env/lib/python3.12/site-packages/airflow/example_dags/example_time_delta_sensor_async.py for tasks to queue
[2024-05-18T04:46:57.349+0000] {logging_mixin.py:188} INFO - [2024-05-18T04:46:57.349+0000] {dagbag.py:545} INFO - Filling up the DagBag from /home/ubuntu/chch-fuel-recommendator/airflow/af_env/lib/python3.12/site-packages/airflow/example_dags/example_time_delta_sensor_async.py
[2024-05-18T04:46:57.358+0000] {processor.py:840} INFO - DAG(s) 'example_time_delta_sensor_async' retrieved from /home/ubuntu/chch-fuel-recommendator/airflow/af_env/lib/python3.12/site-packages/airflow/example_dags/example_time_delta_sensor_async.py
[2024-05-18T04:46:57.389+0000] {logging_mixin.py:188} INFO - [2024-05-18T04:46:57.389+0000] {dag.py:3096} INFO - Sync 1 DAGs
[2024-05-18T04:46:57.410+0000] {logging_mixin.py:188} INFO - [2024-05-18T04:46:57.409+0000] {dag.py:3954} INFO - Setting next_dagrun for example_time_delta_sensor_async to None, run_after=None
[2024-05-18T04:46:57.446+0000] {processor.py:183} INFO - Processing /home/ubuntu/chch-fuel-recommendator/airflow/af_env/lib/python3.12/site-packages/airflow/example_dags/example_time_delta_sensor_async.py took 0.113 seconds
[2024-05-18T04:47:40.862+0000] {processor.py:161} INFO - Started process (PID=12463) to work on /home/ubuntu/chch-fuel-recommendator/airflow/af_env/lib/python3.12/site-packages/airflow/example_dags/example_time_delta_sensor_async.py
[2024-05-18T04:47:40.863+0000] {processor.py:830} INFO - Processing file /home/ubuntu/chch-fuel-recommendator/airflow/af_env/lib/python3.12/site-packages/airflow/example_dags/example_time_delta_sensor_async.py for tasks to queue
[2024-05-18T04:47:40.865+0000] {logging_mixin.py:188} INFO - [2024-05-18T04:47:40.865+0000] {dagbag.py:545} INFO - Filling up the DagBag from /home/ubuntu/chch-fuel-recommendator/airflow/af_env/lib/python3.12/site-packages/airflow/example_dags/example_time_delta_sensor_async.py
[2024-05-18T04:47:40.872+0000] {processor.py:840} INFO - DAG(s) 'example_time_delta_sensor_async' retrieved from /home/ubuntu/chch-fuel-recommendator/airflow/af_env/lib/python3.12/site-packages/airflow/example_dags/example_time_delta_sensor_async.py
[2024-05-18T04:47:40.900+0000] {logging_mixin.py:188} INFO - [2024-05-18T04:47:40.900+0000] {dag.py:3096} INFO - Sync 1 DAGs
[2024-05-18T04:47:40.914+0000] {logging_mixin.py:188} INFO - [2024-05-18T04:47:40.914+0000] {dag.py:3954} INFO - Setting next_dagrun for example_time_delta_sensor_async to None, run_after=None
[2024-05-18T04:47:40.941+0000] {processor.py:183} INFO - Processing /home/ubuntu/chch-fuel-recommendator/airflow/af_env/lib/python3.12/site-packages/airflow/example_dags/example_time_delta_sensor_async.py took 0.087 seconds
[2024-05-18T04:48:25.612+0000] {processor.py:161} INFO - Started process (PID=12507) to work on /home/ubuntu/chch-fuel-recommendator/airflow/af_env/lib/python3.12/site-packages/airflow/example_dags/example_time_delta_sensor_async.py
[2024-05-18T04:48:25.613+0000] {processor.py:830} INFO - Processing file /home/ubuntu/chch-fuel-recommendator/airflow/af_env/lib/python3.12/site-packages/airflow/example_dags/example_time_delta_sensor_async.py for tasks to queue
[2024-05-18T04:48:25.615+0000] {logging_mixin.py:188} INFO - [2024-05-18T04:48:25.614+0000] {dagbag.py:545} INFO - Filling up the DagBag from /home/ubuntu/chch-fuel-recommendator/airflow/af_env/lib/python3.12/site-packages/airflow/example_dags/example_time_delta_sensor_async.py
[2024-05-18T04:48:25.620+0000] {processor.py:840} INFO - DAG(s) 'example_time_delta_sensor_async' retrieved from /home/ubuntu/chch-fuel-recommendator/airflow/af_env/lib/python3.12/site-packages/airflow/example_dags/example_time_delta_sensor_async.py
[2024-05-18T04:48:25.639+0000] {logging_mixin.py:188} INFO - [2024-05-18T04:48:25.639+0000] {dag.py:3096} INFO - Sync 1 DAGs
[2024-05-18T04:48:25.652+0000] {logging_mixin.py:188} INFO - [2024-05-18T04:48:25.652+0000] {dag.py:3954} INFO - Setting next_dagrun for example_time_delta_sensor_async to None, run_after=None
[2024-05-18T04:48:25.680+0000] {processor.py:183} INFO - Processing /home/ubuntu/chch-fuel-recommendator/airflow/af_env/lib/python3.12/site-packages/airflow/example_dags/example_time_delta_sensor_async.py took 0.075 seconds
[2024-05-18T04:49:08.522+0000] {processor.py:161} INFO - Started process (PID=12550) to work on /home/ubuntu/chch-fuel-recommendator/airflow/af_env/lib/python3.12/site-packages/airflow/example_dags/example_time_delta_sensor_async.py
[2024-05-18T04:49:08.523+0000] {processor.py:830} INFO - Processing file /home/ubuntu/chch-fuel-recommendator/airflow/af_env/lib/python3.12/site-packages/airflow/example_dags/example_time_delta_sensor_async.py for tasks to queue
[2024-05-18T04:49:08.525+0000] {logging_mixin.py:188} INFO - [2024-05-18T04:49:08.525+0000] {dagbag.py:545} INFO - Filling up the DagBag from /home/ubuntu/chch-fuel-recommendator/airflow/af_env/lib/python3.12/site-packages/airflow/example_dags/example_time_delta_sensor_async.py
[2024-05-18T04:49:08.530+0000] {processor.py:840} INFO - DAG(s) 'example_time_delta_sensor_async' retrieved from /home/ubuntu/chch-fuel-recommendator/airflow/af_env/lib/python3.12/site-packages/airflow/example_dags/example_time_delta_sensor_async.py
[2024-05-18T04:49:08.547+0000] {logging_mixin.py:188} INFO - [2024-05-18T04:49:08.547+0000] {dag.py:3096} INFO - Sync 1 DAGs
[2024-05-18T04:49:08.559+0000] {logging_mixin.py:188} INFO - [2024-05-18T04:49:08.559+0000] {dag.py:3954} INFO - Setting next_dagrun for example_time_delta_sensor_async to None, run_after=None
[2024-05-18T04:49:08.583+0000] {processor.py:183} INFO - Processing /home/ubuntu/chch-fuel-recommendator/airflow/af_env/lib/python3.12/site-packages/airflow/example_dags/example_time_delta_sensor_async.py took 0.067 seconds
[2024-05-18T04:49:51.957+0000] {processor.py:161} INFO - Started process (PID=12592) to work on /home/ubuntu/chch-fuel-recommendator/airflow/af_env/lib/python3.12/site-packages/airflow/example_dags/example_time_delta_sensor_async.py
[2024-05-18T04:49:51.959+0000] {processor.py:830} INFO - Processing file /home/ubuntu/chch-fuel-recommendator/airflow/af_env/lib/python3.12/site-packages/airflow/example_dags/example_time_delta_sensor_async.py for tasks to queue
[2024-05-18T04:49:51.960+0000] {logging_mixin.py:188} INFO - [2024-05-18T04:49:51.960+0000] {dagbag.py:545} INFO - Filling up the DagBag from /home/ubuntu/chch-fuel-recommendator/airflow/af_env/lib/python3.12/site-packages/airflow/example_dags/example_time_delta_sensor_async.py
[2024-05-18T04:49:51.965+0000] {processor.py:840} INFO - DAG(s) 'example_time_delta_sensor_async' retrieved from /home/ubuntu/chch-fuel-recommendator/airflow/af_env/lib/python3.12/site-packages/airflow/example_dags/example_time_delta_sensor_async.py
[2024-05-18T04:49:51.990+0000] {logging_mixin.py:188} INFO - [2024-05-18T04:49:51.989+0000] {dag.py:3096} INFO - Sync 1 DAGs
[2024-05-18T04:49:52.001+0000] {logging_mixin.py:188} INFO - [2024-05-18T04:49:52.001+0000] {dag.py:3954} INFO - Setting next_dagrun for example_time_delta_sensor_async to None, run_after=None
[2024-05-18T04:49:52.025+0000] {processor.py:183} INFO - Processing /home/ubuntu/chch-fuel-recommendator/airflow/af_env/lib/python3.12/site-packages/airflow/example_dags/example_time_delta_sensor_async.py took 0.074 seconds
[2024-05-18T04:50:35.515+0000] {processor.py:161} INFO - Started process (PID=12640) to work on /home/ubuntu/chch-fuel-recommendator/airflow/af_env/lib/python3.12/site-packages/airflow/example_dags/example_time_delta_sensor_async.py
[2024-05-18T04:50:35.517+0000] {processor.py:830} INFO - Processing file /home/ubuntu/chch-fuel-recommendator/airflow/af_env/lib/python3.12/site-packages/airflow/example_dags/example_time_delta_sensor_async.py for tasks to queue
[2024-05-18T04:50:35.519+0000] {logging_mixin.py:188} INFO - [2024-05-18T04:50:35.519+0000] {dagbag.py:545} INFO - Filling up the DagBag from /home/ubuntu/chch-fuel-recommendator/airflow/af_env/lib/python3.12/site-packages/airflow/example_dags/example_time_delta_sensor_async.py
[2024-05-18T04:50:35.529+0000] {processor.py:840} INFO - DAG(s) 'example_time_delta_sensor_async' retrieved from /home/ubuntu/chch-fuel-recommendator/airflow/af_env/lib/python3.12/site-packages/airflow/example_dags/example_time_delta_sensor_async.py
[2024-05-18T04:50:35.553+0000] {logging_mixin.py:188} INFO - [2024-05-18T04:50:35.553+0000] {dag.py:3096} INFO - Sync 1 DAGs
[2024-05-18T04:50:35.573+0000] {logging_mixin.py:188} INFO - [2024-05-18T04:50:35.572+0000] {dag.py:3954} INFO - Setting next_dagrun for example_time_delta_sensor_async to None, run_after=None
[2024-05-18T04:50:35.607+0000] {processor.py:183} INFO - Processing /home/ubuntu/chch-fuel-recommendator/airflow/af_env/lib/python3.12/site-packages/airflow/example_dags/example_time_delta_sensor_async.py took 0.102 seconds
[2024-05-18T04:51:19.981+0000] {processor.py:161} INFO - Started process (PID=12685) to work on /home/ubuntu/chch-fuel-recommendator/airflow/af_env/lib/python3.12/site-packages/airflow/example_dags/example_time_delta_sensor_async.py
[2024-05-18T04:51:19.982+0000] {processor.py:830} INFO - Processing file /home/ubuntu/chch-fuel-recommendator/airflow/af_env/lib/python3.12/site-packages/airflow/example_dags/example_time_delta_sensor_async.py for tasks to queue
[2024-05-18T04:51:19.984+0000] {logging_mixin.py:188} INFO - [2024-05-18T04:51:19.983+0000] {dagbag.py:545} INFO - Filling up the DagBag from /home/ubuntu/chch-fuel-recommendator/airflow/af_env/lib/python3.12/site-packages/airflow/example_dags/example_time_delta_sensor_async.py
[2024-05-18T04:51:19.989+0000] {processor.py:840} INFO - DAG(s) 'example_time_delta_sensor_async' retrieved from /home/ubuntu/chch-fuel-recommendator/airflow/af_env/lib/python3.12/site-packages/airflow/example_dags/example_time_delta_sensor_async.py
[2024-05-18T04:51:20.014+0000] {logging_mixin.py:188} INFO - [2024-05-18T04:51:20.013+0000] {dag.py:3096} INFO - Sync 1 DAGs
[2024-05-18T04:51:20.027+0000] {logging_mixin.py:188} INFO - [2024-05-18T04:51:20.027+0000] {dag.py:3954} INFO - Setting next_dagrun for example_time_delta_sensor_async to None, run_after=None
[2024-05-18T04:51:20.071+0000] {processor.py:183} INFO - Processing /home/ubuntu/chch-fuel-recommendator/airflow/af_env/lib/python3.12/site-packages/airflow/example_dags/example_time_delta_sensor_async.py took 0.098 seconds
[2024-05-18T04:52:04.036+0000] {processor.py:161} INFO - Started process (PID=12728) to work on /home/ubuntu/chch-fuel-recommendator/airflow/af_env/lib/python3.12/site-packages/airflow/example_dags/example_time_delta_sensor_async.py
[2024-05-18T04:52:04.038+0000] {processor.py:830} INFO - Processing file /home/ubuntu/chch-fuel-recommendator/airflow/af_env/lib/python3.12/site-packages/airflow/example_dags/example_time_delta_sensor_async.py for tasks to queue
[2024-05-18T04:52:04.040+0000] {logging_mixin.py:188} INFO - [2024-05-18T04:52:04.040+0000] {dagbag.py:545} INFO - Filling up the DagBag from /home/ubuntu/chch-fuel-recommendator/airflow/af_env/lib/python3.12/site-packages/airflow/example_dags/example_time_delta_sensor_async.py
[2024-05-18T04:52:04.048+0000] {processor.py:840} INFO - DAG(s) 'example_time_delta_sensor_async' retrieved from /home/ubuntu/chch-fuel-recommendator/airflow/af_env/lib/python3.12/site-packages/airflow/example_dags/example_time_delta_sensor_async.py
[2024-05-18T04:52:04.072+0000] {logging_mixin.py:188} INFO - [2024-05-18T04:52:04.072+0000] {dag.py:3096} INFO - Sync 1 DAGs
[2024-05-18T04:52:04.087+0000] {logging_mixin.py:188} INFO - [2024-05-18T04:52:04.086+0000] {dag.py:3954} INFO - Setting next_dagrun for example_time_delta_sensor_async to None, run_after=None
[2024-05-18T04:52:04.113+0000] {processor.py:183} INFO - Processing /home/ubuntu/chch-fuel-recommendator/airflow/af_env/lib/python3.12/site-packages/airflow/example_dags/example_time_delta_sensor_async.py took 0.083 seconds
[2024-05-18T04:52:50.672+0000] {processor.py:161} INFO - Started process (PID=12773) to work on /home/ubuntu/chch-fuel-recommendator/airflow/af_env/lib/python3.12/site-packages/airflow/example_dags/example_time_delta_sensor_async.py
[2024-05-18T04:52:50.673+0000] {processor.py:830} INFO - Processing file /home/ubuntu/chch-fuel-recommendator/airflow/af_env/lib/python3.12/site-packages/airflow/example_dags/example_time_delta_sensor_async.py for tasks to queue
[2024-05-18T04:52:50.675+0000] {logging_mixin.py:188} INFO - [2024-05-18T04:52:50.675+0000] {dagbag.py:545} INFO - Filling up the DagBag from /home/ubuntu/chch-fuel-recommendator/airflow/af_env/lib/python3.12/site-packages/airflow/example_dags/example_time_delta_sensor_async.py
[2024-05-18T04:52:50.686+0000] {processor.py:840} INFO - DAG(s) 'example_time_delta_sensor_async' retrieved from /home/ubuntu/chch-fuel-recommendator/airflow/af_env/lib/python3.12/site-packages/airflow/example_dags/example_time_delta_sensor_async.py
[2024-05-18T04:52:50.715+0000] {logging_mixin.py:188} INFO - [2024-05-18T04:52:50.714+0000] {dag.py:3096} INFO - Sync 1 DAGs
[2024-05-18T04:52:50.730+0000] {logging_mixin.py:188} INFO - [2024-05-18T04:52:50.730+0000] {dag.py:3954} INFO - Setting next_dagrun for example_time_delta_sensor_async to None, run_after=None
[2024-05-18T04:52:50.760+0000] {processor.py:183} INFO - Processing /home/ubuntu/chch-fuel-recommendator/airflow/af_env/lib/python3.12/site-packages/airflow/example_dags/example_time_delta_sensor_async.py took 0.100 seconds
[2024-05-18T04:53:36.673+0000] {processor.py:161} INFO - Started process (PID=12819) to work on /home/ubuntu/chch-fuel-recommendator/airflow/af_env/lib/python3.12/site-packages/airflow/example_dags/example_time_delta_sensor_async.py
[2024-05-18T04:53:36.674+0000] {processor.py:830} INFO - Processing file /home/ubuntu/chch-fuel-recommendator/airflow/af_env/lib/python3.12/site-packages/airflow/example_dags/example_time_delta_sensor_async.py for tasks to queue
[2024-05-18T04:53:36.676+0000] {logging_mixin.py:188} INFO - [2024-05-18T04:53:36.676+0000] {dagbag.py:545} INFO - Filling up the DagBag from /home/ubuntu/chch-fuel-recommendator/airflow/af_env/lib/python3.12/site-packages/airflow/example_dags/example_time_delta_sensor_async.py
[2024-05-18T04:53:36.682+0000] {processor.py:840} INFO - DAG(s) 'example_time_delta_sensor_async' retrieved from /home/ubuntu/chch-fuel-recommendator/airflow/af_env/lib/python3.12/site-packages/airflow/example_dags/example_time_delta_sensor_async.py
[2024-05-18T04:53:36.703+0000] {logging_mixin.py:188} INFO - [2024-05-18T04:53:36.703+0000] {dag.py:3096} INFO - Sync 1 DAGs
[2024-05-18T04:53:36.715+0000] {logging_mixin.py:188} INFO - [2024-05-18T04:53:36.715+0000] {dag.py:3954} INFO - Setting next_dagrun for example_time_delta_sensor_async to None, run_after=None
[2024-05-18T04:53:36.743+0000] {processor.py:183} INFO - Processing /home/ubuntu/chch-fuel-recommendator/airflow/af_env/lib/python3.12/site-packages/airflow/example_dags/example_time_delta_sensor_async.py took 0.086 seconds
[2024-05-18T05:32:13.867+0000] {processor.py:161} INFO - Started process (PID=15070) to work on /home/ubuntu/airflow/airflow_env/lib/python3.12/site-packages/airflow/example_dags/example_time_delta_sensor_async.py
[2024-05-18T05:32:13.868+0000] {processor.py:830} INFO - Processing file /home/ubuntu/airflow/airflow_env/lib/python3.12/site-packages/airflow/example_dags/example_time_delta_sensor_async.py for tasks to queue
[2024-05-18T05:32:13.871+0000] {logging_mixin.py:188} INFO - [2024-05-18T05:32:13.870+0000] {dagbag.py:545} INFO - Filling up the DagBag from /home/ubuntu/airflow/airflow_env/lib/python3.12/site-packages/airflow/example_dags/example_time_delta_sensor_async.py
[2024-05-18T05:32:13.891+0000] {processor.py:840} INFO - DAG(s) 'example_time_delta_sensor_async' retrieved from /home/ubuntu/airflow/airflow_env/lib/python3.12/site-packages/airflow/example_dags/example_time_delta_sensor_async.py
[2024-05-18T05:32:14.158+0000] {logging_mixin.py:188} INFO - [2024-05-18T05:32:14.158+0000] {dag.py:3096} INFO - Sync 1 DAGs
[2024-05-18T05:32:14.177+0000] {logging_mixin.py:188} INFO - [2024-05-18T05:32:14.177+0000] {dag.py:3954} INFO - Setting next_dagrun for example_time_delta_sensor_async to None, run_after=None
[2024-05-18T05:32:14.212+0000] {processor.py:183} INFO - Processing /home/ubuntu/airflow/airflow_env/lib/python3.12/site-packages/airflow/example_dags/example_time_delta_sensor_async.py took 0.352 seconds
[2024-05-18T05:32:44.756+0000] {processor.py:161} INFO - Started process (PID=15124) to work on /home/ubuntu/airflow/airflow_env/lib/python3.12/site-packages/airflow/example_dags/example_time_delta_sensor_async.py
[2024-05-18T05:32:44.757+0000] {processor.py:830} INFO - Processing file /home/ubuntu/airflow/airflow_env/lib/python3.12/site-packages/airflow/example_dags/example_time_delta_sensor_async.py for tasks to queue
[2024-05-18T05:32:44.760+0000] {logging_mixin.py:188} INFO - [2024-05-18T05:32:44.759+0000] {dagbag.py:545} INFO - Filling up the DagBag from /home/ubuntu/airflow/airflow_env/lib/python3.12/site-packages/airflow/example_dags/example_time_delta_sensor_async.py
[2024-05-18T05:32:44.766+0000] {processor.py:840} INFO - DAG(s) 'example_time_delta_sensor_async' retrieved from /home/ubuntu/airflow/airflow_env/lib/python3.12/site-packages/airflow/example_dags/example_time_delta_sensor_async.py
[2024-05-18T05:32:44.842+0000] {logging_mixin.py:188} INFO - [2024-05-18T05:32:44.842+0000] {dag.py:3096} INFO - Sync 1 DAGs
[2024-05-18T05:32:44.886+0000] {logging_mixin.py:188} INFO - [2024-05-18T05:32:44.886+0000] {dag.py:3954} INFO - Setting next_dagrun for example_time_delta_sensor_async to None, run_after=None
[2024-05-18T05:32:44.940+0000] {processor.py:183} INFO - Processing /home/ubuntu/airflow/airflow_env/lib/python3.12/site-packages/airflow/example_dags/example_time_delta_sensor_async.py took 0.194 seconds
[2024-05-18T05:33:15.266+0000] {processor.py:161} INFO - Started process (PID=15178) to work on /home/ubuntu/airflow/airflow_env/lib/python3.12/site-packages/airflow/example_dags/example_time_delta_sensor_async.py
[2024-05-18T05:33:15.268+0000] {processor.py:830} INFO - Processing file /home/ubuntu/airflow/airflow_env/lib/python3.12/site-packages/airflow/example_dags/example_time_delta_sensor_async.py for tasks to queue
[2024-05-18T05:33:15.271+0000] {logging_mixin.py:188} INFO - [2024-05-18T05:33:15.271+0000] {dagbag.py:545} INFO - Filling up the DagBag from /home/ubuntu/airflow/airflow_env/lib/python3.12/site-packages/airflow/example_dags/example_time_delta_sensor_async.py
[2024-05-18T05:33:15.280+0000] {processor.py:840} INFO - DAG(s) 'example_time_delta_sensor_async' retrieved from /home/ubuntu/airflow/airflow_env/lib/python3.12/site-packages/airflow/example_dags/example_time_delta_sensor_async.py
[2024-05-18T05:33:15.352+0000] {logging_mixin.py:188} INFO - [2024-05-18T05:33:15.352+0000] {dag.py:3096} INFO - Sync 1 DAGs
[2024-05-18T05:33:15.371+0000] {logging_mixin.py:188} INFO - [2024-05-18T05:33:15.371+0000] {dag.py:3954} INFO - Setting next_dagrun for example_time_delta_sensor_async to None, run_after=None
[2024-05-18T05:33:15.402+0000] {processor.py:183} INFO - Processing /home/ubuntu/airflow/airflow_env/lib/python3.12/site-packages/airflow/example_dags/example_time_delta_sensor_async.py took 0.149 seconds
[2024-05-18T05:33:45.613+0000] {processor.py:161} INFO - Started process (PID=15228) to work on /home/ubuntu/airflow/airflow_env/lib/python3.12/site-packages/airflow/example_dags/example_time_delta_sensor_async.py
[2024-05-18T05:33:45.614+0000] {processor.py:830} INFO - Processing file /home/ubuntu/airflow/airflow_env/lib/python3.12/site-packages/airflow/example_dags/example_time_delta_sensor_async.py for tasks to queue
[2024-05-18T05:33:45.616+0000] {logging_mixin.py:188} INFO - [2024-05-18T05:33:45.616+0000] {dagbag.py:545} INFO - Filling up the DagBag from /home/ubuntu/airflow/airflow_env/lib/python3.12/site-packages/airflow/example_dags/example_time_delta_sensor_async.py
[2024-05-18T05:33:45.623+0000] {processor.py:840} INFO - DAG(s) 'example_time_delta_sensor_async' retrieved from /home/ubuntu/airflow/airflow_env/lib/python3.12/site-packages/airflow/example_dags/example_time_delta_sensor_async.py
[2024-05-18T05:33:45.702+0000] {logging_mixin.py:188} INFO - [2024-05-18T05:33:45.701+0000] {dag.py:3096} INFO - Sync 1 DAGs
[2024-05-18T05:33:45.719+0000] {logging_mixin.py:188} INFO - [2024-05-18T05:33:45.719+0000] {dag.py:3954} INFO - Setting next_dagrun for example_time_delta_sensor_async to None, run_after=None
[2024-05-18T05:33:45.751+0000] {processor.py:183} INFO - Processing /home/ubuntu/airflow/airflow_env/lib/python3.12/site-packages/airflow/example_dags/example_time_delta_sensor_async.py took 0.147 seconds
[2024-05-18T05:34:16.733+0000] {processor.py:161} INFO - Started process (PID=15281) to work on /home/ubuntu/airflow/airflow_env/lib/python3.12/site-packages/airflow/example_dags/example_time_delta_sensor_async.py
[2024-05-18T05:34:16.734+0000] {processor.py:830} INFO - Processing file /home/ubuntu/airflow/airflow_env/lib/python3.12/site-packages/airflow/example_dags/example_time_delta_sensor_async.py for tasks to queue
[2024-05-18T05:34:16.736+0000] {logging_mixin.py:188} INFO - [2024-05-18T05:34:16.735+0000] {dagbag.py:545} INFO - Filling up the DagBag from /home/ubuntu/airflow/airflow_env/lib/python3.12/site-packages/airflow/example_dags/example_time_delta_sensor_async.py
[2024-05-18T05:34:16.741+0000] {processor.py:840} INFO - DAG(s) 'example_time_delta_sensor_async' retrieved from /home/ubuntu/airflow/airflow_env/lib/python3.12/site-packages/airflow/example_dags/example_time_delta_sensor_async.py
[2024-05-18T05:34:16.795+0000] {logging_mixin.py:188} INFO - [2024-05-18T05:34:16.795+0000] {dag.py:3096} INFO - Sync 1 DAGs
[2024-05-18T05:34:16.812+0000] {logging_mixin.py:188} INFO - [2024-05-18T05:34:16.812+0000] {dag.py:3954} INFO - Setting next_dagrun for example_time_delta_sensor_async to None, run_after=None
[2024-05-18T05:34:16.837+0000] {processor.py:183} INFO - Processing /home/ubuntu/airflow/airflow_env/lib/python3.12/site-packages/airflow/example_dags/example_time_delta_sensor_async.py took 0.112 seconds
[2024-05-18T05:34:47.687+0000] {processor.py:161} INFO - Started process (PID=15332) to work on /home/ubuntu/airflow/airflow_env/lib/python3.12/site-packages/airflow/example_dags/example_time_delta_sensor_async.py
[2024-05-18T05:34:47.689+0000] {processor.py:830} INFO - Processing file /home/ubuntu/airflow/airflow_env/lib/python3.12/site-packages/airflow/example_dags/example_time_delta_sensor_async.py for tasks to queue
[2024-05-18T05:34:47.692+0000] {logging_mixin.py:188} INFO - [2024-05-18T05:34:47.691+0000] {dagbag.py:545} INFO - Filling up the DagBag from /home/ubuntu/airflow/airflow_env/lib/python3.12/site-packages/airflow/example_dags/example_time_delta_sensor_async.py
[2024-05-18T05:34:47.700+0000] {processor.py:840} INFO - DAG(s) 'example_time_delta_sensor_async' retrieved from /home/ubuntu/airflow/airflow_env/lib/python3.12/site-packages/airflow/example_dags/example_time_delta_sensor_async.py
[2024-05-18T05:34:47.758+0000] {logging_mixin.py:188} INFO - [2024-05-18T05:34:47.757+0000] {dag.py:3096} INFO - Sync 1 DAGs
[2024-05-18T05:34:47.779+0000] {logging_mixin.py:188} INFO - [2024-05-18T05:34:47.778+0000] {dag.py:3954} INFO - Setting next_dagrun for example_time_delta_sensor_async to None, run_after=None
[2024-05-18T05:34:47.818+0000] {processor.py:183} INFO - Processing /home/ubuntu/airflow/airflow_env/lib/python3.12/site-packages/airflow/example_dags/example_time_delta_sensor_async.py took 0.139 seconds
[2024-05-18T05:35:18.129+0000] {processor.py:161} INFO - Started process (PID=15386) to work on /home/ubuntu/airflow/airflow_env/lib/python3.12/site-packages/airflow/example_dags/example_time_delta_sensor_async.py
[2024-05-18T05:35:18.131+0000] {processor.py:830} INFO - Processing file /home/ubuntu/airflow/airflow_env/lib/python3.12/site-packages/airflow/example_dags/example_time_delta_sensor_async.py for tasks to queue
[2024-05-18T05:35:18.133+0000] {logging_mixin.py:188} INFO - [2024-05-18T05:35:18.133+0000] {dagbag.py:545} INFO - Filling up the DagBag from /home/ubuntu/airflow/airflow_env/lib/python3.12/site-packages/airflow/example_dags/example_time_delta_sensor_async.py
[2024-05-18T05:35:18.140+0000] {processor.py:840} INFO - DAG(s) 'example_time_delta_sensor_async' retrieved from /home/ubuntu/airflow/airflow_env/lib/python3.12/site-packages/airflow/example_dags/example_time_delta_sensor_async.py
[2024-05-18T05:35:18.221+0000] {logging_mixin.py:188} INFO - [2024-05-18T05:35:18.221+0000] {dag.py:3096} INFO - Sync 1 DAGs
[2024-05-18T05:35:18.242+0000] {logging_mixin.py:188} INFO - [2024-05-18T05:35:18.242+0000] {dag.py:3954} INFO - Setting next_dagrun for example_time_delta_sensor_async to None, run_after=None
[2024-05-18T05:35:18.274+0000] {processor.py:183} INFO - Processing /home/ubuntu/airflow/airflow_env/lib/python3.12/site-packages/airflow/example_dags/example_time_delta_sensor_async.py took 0.153 seconds
[2024-05-18T05:35:48.334+0000] {processor.py:161} INFO - Started process (PID=15437) to work on /home/ubuntu/airflow/airflow_env/lib/python3.12/site-packages/airflow/example_dags/example_time_delta_sensor_async.py
[2024-05-18T05:35:48.335+0000] {processor.py:830} INFO - Processing file /home/ubuntu/airflow/airflow_env/lib/python3.12/site-packages/airflow/example_dags/example_time_delta_sensor_async.py for tasks to queue
[2024-05-18T05:35:48.337+0000] {logging_mixin.py:188} INFO - [2024-05-18T05:35:48.337+0000] {dagbag.py:545} INFO - Filling up the DagBag from /home/ubuntu/airflow/airflow_env/lib/python3.12/site-packages/airflow/example_dags/example_time_delta_sensor_async.py
[2024-05-18T05:35:48.344+0000] {processor.py:840} INFO - DAG(s) 'example_time_delta_sensor_async' retrieved from /home/ubuntu/airflow/airflow_env/lib/python3.12/site-packages/airflow/example_dags/example_time_delta_sensor_async.py
[2024-05-18T05:35:48.402+0000] {logging_mixin.py:188} INFO - [2024-05-18T05:35:48.401+0000] {dag.py:3096} INFO - Sync 1 DAGs
[2024-05-18T05:35:48.424+0000] {logging_mixin.py:188} INFO - [2024-05-18T05:35:48.423+0000] {dag.py:3954} INFO - Setting next_dagrun for example_time_delta_sensor_async to None, run_after=None
[2024-05-18T05:35:48.454+0000] {processor.py:183} INFO - Processing /home/ubuntu/airflow/airflow_env/lib/python3.12/site-packages/airflow/example_dags/example_time_delta_sensor_async.py took 0.128 seconds
[2024-05-18T05:36:18.550+0000] {processor.py:161} INFO - Started process (PID=15488) to work on /home/ubuntu/airflow/airflow_env/lib/python3.12/site-packages/airflow/example_dags/example_time_delta_sensor_async.py
[2024-05-18T05:36:18.551+0000] {processor.py:830} INFO - Processing file /home/ubuntu/airflow/airflow_env/lib/python3.12/site-packages/airflow/example_dags/example_time_delta_sensor_async.py for tasks to queue
[2024-05-18T05:36:18.554+0000] {logging_mixin.py:188} INFO - [2024-05-18T05:36:18.553+0000] {dagbag.py:545} INFO - Filling up the DagBag from /home/ubuntu/airflow/airflow_env/lib/python3.12/site-packages/airflow/example_dags/example_time_delta_sensor_async.py
[2024-05-18T05:36:18.560+0000] {processor.py:840} INFO - DAG(s) 'example_time_delta_sensor_async' retrieved from /home/ubuntu/airflow/airflow_env/lib/python3.12/site-packages/airflow/example_dags/example_time_delta_sensor_async.py
[2024-05-18T05:36:18.613+0000] {logging_mixin.py:188} INFO - [2024-05-18T05:36:18.612+0000] {dag.py:3096} INFO - Sync 1 DAGs
[2024-05-18T05:36:18.631+0000] {logging_mixin.py:188} INFO - [2024-05-18T05:36:18.631+0000] {dag.py:3954} INFO - Setting next_dagrun for example_time_delta_sensor_async to None, run_after=None
[2024-05-18T05:36:18.655+0000] {processor.py:183} INFO - Processing /home/ubuntu/airflow/airflow_env/lib/python3.12/site-packages/airflow/example_dags/example_time_delta_sensor_async.py took 0.113 seconds
[2024-05-18T05:36:49.573+0000] {processor.py:161} INFO - Started process (PID=15539) to work on /home/ubuntu/airflow/airflow_env/lib/python3.12/site-packages/airflow/example_dags/example_time_delta_sensor_async.py
[2024-05-18T05:36:49.574+0000] {processor.py:830} INFO - Processing file /home/ubuntu/airflow/airflow_env/lib/python3.12/site-packages/airflow/example_dags/example_time_delta_sensor_async.py for tasks to queue
[2024-05-18T05:36:49.577+0000] {logging_mixin.py:188} INFO - [2024-05-18T05:36:49.576+0000] {dagbag.py:545} INFO - Filling up the DagBag from /home/ubuntu/airflow/airflow_env/lib/python3.12/site-packages/airflow/example_dags/example_time_delta_sensor_async.py
[2024-05-18T05:36:49.584+0000] {processor.py:840} INFO - DAG(s) 'example_time_delta_sensor_async' retrieved from /home/ubuntu/airflow/airflow_env/lib/python3.12/site-packages/airflow/example_dags/example_time_delta_sensor_async.py
[2024-05-18T05:36:49.651+0000] {logging_mixin.py:188} INFO - [2024-05-18T05:36:49.651+0000] {dag.py:3096} INFO - Sync 1 DAGs
[2024-05-18T05:36:49.673+0000] {logging_mixin.py:188} INFO - [2024-05-18T05:36:49.673+0000] {dag.py:3954} INFO - Setting next_dagrun for example_time_delta_sensor_async to None, run_after=None
[2024-05-18T05:36:49.703+0000] {processor.py:183} INFO - Processing /home/ubuntu/airflow/airflow_env/lib/python3.12/site-packages/airflow/example_dags/example_time_delta_sensor_async.py took 0.138 seconds
[2024-05-18T05:37:20.558+0000] {processor.py:161} INFO - Started process (PID=15590) to work on /home/ubuntu/airflow/airflow_env/lib/python3.12/site-packages/airflow/example_dags/example_time_delta_sensor_async.py
[2024-05-18T05:37:20.560+0000] {processor.py:830} INFO - Processing file /home/ubuntu/airflow/airflow_env/lib/python3.12/site-packages/airflow/example_dags/example_time_delta_sensor_async.py for tasks to queue
[2024-05-18T05:37:20.562+0000] {logging_mixin.py:188} INFO - [2024-05-18T05:37:20.562+0000] {dagbag.py:545} INFO - Filling up the DagBag from /home/ubuntu/airflow/airflow_env/lib/python3.12/site-packages/airflow/example_dags/example_time_delta_sensor_async.py
[2024-05-18T05:37:20.570+0000] {processor.py:840} INFO - DAG(s) 'example_time_delta_sensor_async' retrieved from /home/ubuntu/airflow/airflow_env/lib/python3.12/site-packages/airflow/example_dags/example_time_delta_sensor_async.py
[2024-05-18T05:37:20.623+0000] {logging_mixin.py:188} INFO - [2024-05-18T05:37:20.622+0000] {dag.py:3096} INFO - Sync 1 DAGs
[2024-05-18T05:37:20.640+0000] {logging_mixin.py:188} INFO - [2024-05-18T05:37:20.640+0000] {dag.py:3954} INFO - Setting next_dagrun for example_time_delta_sensor_async to None, run_after=None
[2024-05-18T05:37:20.673+0000] {processor.py:183} INFO - Processing /home/ubuntu/airflow/airflow_env/lib/python3.12/site-packages/airflow/example_dags/example_time_delta_sensor_async.py took 0.123 seconds
[2024-05-18T05:37:50.819+0000] {processor.py:161} INFO - Started process (PID=15642) to work on /home/ubuntu/airflow/airflow_env/lib/python3.12/site-packages/airflow/example_dags/example_time_delta_sensor_async.py
[2024-05-18T05:37:50.820+0000] {processor.py:830} INFO - Processing file /home/ubuntu/airflow/airflow_env/lib/python3.12/site-packages/airflow/example_dags/example_time_delta_sensor_async.py for tasks to queue
[2024-05-18T05:37:50.822+0000] {logging_mixin.py:188} INFO - [2024-05-18T05:37:50.822+0000] {dagbag.py:545} INFO - Filling up the DagBag from /home/ubuntu/airflow/airflow_env/lib/python3.12/site-packages/airflow/example_dags/example_time_delta_sensor_async.py
[2024-05-18T05:37:50.828+0000] {processor.py:840} INFO - DAG(s) 'example_time_delta_sensor_async' retrieved from /home/ubuntu/airflow/airflow_env/lib/python3.12/site-packages/airflow/example_dags/example_time_delta_sensor_async.py
[2024-05-18T05:37:50.902+0000] {logging_mixin.py:188} INFO - [2024-05-18T05:37:50.901+0000] {dag.py:3096} INFO - Sync 1 DAGs
[2024-05-18T05:37:50.925+0000] {logging_mixin.py:188} INFO - [2024-05-18T05:37:50.925+0000] {dag.py:3954} INFO - Setting next_dagrun for example_time_delta_sensor_async to None, run_after=None
[2024-05-18T05:37:50.956+0000] {processor.py:183} INFO - Processing /home/ubuntu/airflow/airflow_env/lib/python3.12/site-packages/airflow/example_dags/example_time_delta_sensor_async.py took 0.147 seconds
[2024-05-18T05:38:21.084+0000] {processor.py:161} INFO - Started process (PID=15693) to work on /home/ubuntu/airflow/airflow_env/lib/python3.12/site-packages/airflow/example_dags/example_time_delta_sensor_async.py
[2024-05-18T05:38:21.086+0000] {processor.py:830} INFO - Processing file /home/ubuntu/airflow/airflow_env/lib/python3.12/site-packages/airflow/example_dags/example_time_delta_sensor_async.py for tasks to queue
[2024-05-18T05:38:21.088+0000] {logging_mixin.py:188} INFO - [2024-05-18T05:38:21.088+0000] {dagbag.py:545} INFO - Filling up the DagBag from /home/ubuntu/airflow/airflow_env/lib/python3.12/site-packages/airflow/example_dags/example_time_delta_sensor_async.py
[2024-05-18T05:38:21.098+0000] {processor.py:840} INFO - DAG(s) 'example_time_delta_sensor_async' retrieved from /home/ubuntu/airflow/airflow_env/lib/python3.12/site-packages/airflow/example_dags/example_time_delta_sensor_async.py
[2024-05-18T05:38:21.172+0000] {logging_mixin.py:188} INFO - [2024-05-18T05:38:21.171+0000] {dag.py:3096} INFO - Sync 1 DAGs
[2024-05-18T05:38:21.196+0000] {logging_mixin.py:188} INFO - [2024-05-18T05:38:21.196+0000] {dag.py:3954} INFO - Setting next_dagrun for example_time_delta_sensor_async to None, run_after=None
[2024-05-18T05:38:21.241+0000] {processor.py:183} INFO - Processing /home/ubuntu/airflow/airflow_env/lib/python3.12/site-packages/airflow/example_dags/example_time_delta_sensor_async.py took 0.167 seconds
[2024-05-18T05:38:51.404+0000] {processor.py:161} INFO - Started process (PID=15744) to work on /home/ubuntu/airflow/airflow_env/lib/python3.12/site-packages/airflow/example_dags/example_time_delta_sensor_async.py
[2024-05-18T05:38:51.408+0000] {processor.py:830} INFO - Processing file /home/ubuntu/airflow/airflow_env/lib/python3.12/site-packages/airflow/example_dags/example_time_delta_sensor_async.py for tasks to queue
[2024-05-18T05:38:51.410+0000] {logging_mixin.py:188} INFO - [2024-05-18T05:38:51.410+0000] {dagbag.py:545} INFO - Filling up the DagBag from /home/ubuntu/airflow/airflow_env/lib/python3.12/site-packages/airflow/example_dags/example_time_delta_sensor_async.py
[2024-05-18T05:38:51.417+0000] {processor.py:840} INFO - DAG(s) 'example_time_delta_sensor_async' retrieved from /home/ubuntu/airflow/airflow_env/lib/python3.12/site-packages/airflow/example_dags/example_time_delta_sensor_async.py
[2024-05-18T05:38:51.459+0000] {logging_mixin.py:188} INFO - [2024-05-18T05:38:51.458+0000] {dag.py:3096} INFO - Sync 1 DAGs
[2024-05-18T05:38:51.473+0000] {logging_mixin.py:188} INFO - [2024-05-18T05:38:51.473+0000] {dag.py:3954} INFO - Setting next_dagrun for example_time_delta_sensor_async to None, run_after=None
[2024-05-18T05:38:51.496+0000] {processor.py:183} INFO - Processing /home/ubuntu/airflow/airflow_env/lib/python3.12/site-packages/airflow/example_dags/example_time_delta_sensor_async.py took 0.099 seconds
[2024-05-18T05:39:22.314+0000] {processor.py:161} INFO - Started process (PID=15796) to work on /home/ubuntu/airflow/airflow_env/lib/python3.12/site-packages/airflow/example_dags/example_time_delta_sensor_async.py
[2024-05-18T05:39:22.316+0000] {processor.py:830} INFO - Processing file /home/ubuntu/airflow/airflow_env/lib/python3.12/site-packages/airflow/example_dags/example_time_delta_sensor_async.py for tasks to queue
[2024-05-18T05:39:22.319+0000] {logging_mixin.py:188} INFO - [2024-05-18T05:39:22.319+0000] {dagbag.py:545} INFO - Filling up the DagBag from /home/ubuntu/airflow/airflow_env/lib/python3.12/site-packages/airflow/example_dags/example_time_delta_sensor_async.py
[2024-05-18T05:39:22.327+0000] {processor.py:840} INFO - DAG(s) 'example_time_delta_sensor_async' retrieved from /home/ubuntu/airflow/airflow_env/lib/python3.12/site-packages/airflow/example_dags/example_time_delta_sensor_async.py
[2024-05-18T05:39:22.392+0000] {logging_mixin.py:188} INFO - [2024-05-18T05:39:22.392+0000] {dag.py:3096} INFO - Sync 1 DAGs
[2024-05-18T05:39:22.411+0000] {logging_mixin.py:188} INFO - [2024-05-18T05:39:22.411+0000] {dag.py:3954} INFO - Setting next_dagrun for example_time_delta_sensor_async to None, run_after=None
[2024-05-18T05:39:22.439+0000] {processor.py:183} INFO - Processing /home/ubuntu/airflow/airflow_env/lib/python3.12/site-packages/airflow/example_dags/example_time_delta_sensor_async.py took 0.140 seconds
[2024-05-18T05:39:52.608+0000] {processor.py:161} INFO - Started process (PID=15847) to work on /home/ubuntu/airflow/airflow_env/lib/python3.12/site-packages/airflow/example_dags/example_time_delta_sensor_async.py
[2024-05-18T05:39:52.609+0000] {processor.py:830} INFO - Processing file /home/ubuntu/airflow/airflow_env/lib/python3.12/site-packages/airflow/example_dags/example_time_delta_sensor_async.py for tasks to queue
[2024-05-18T05:39:52.611+0000] {logging_mixin.py:188} INFO - [2024-05-18T05:39:52.611+0000] {dagbag.py:545} INFO - Filling up the DagBag from /home/ubuntu/airflow/airflow_env/lib/python3.12/site-packages/airflow/example_dags/example_time_delta_sensor_async.py
[2024-05-18T05:39:52.618+0000] {processor.py:840} INFO - DAG(s) 'example_time_delta_sensor_async' retrieved from /home/ubuntu/airflow/airflow_env/lib/python3.12/site-packages/airflow/example_dags/example_time_delta_sensor_async.py
[2024-05-18T05:39:52.707+0000] {logging_mixin.py:188} INFO - [2024-05-18T05:39:52.706+0000] {dag.py:3096} INFO - Sync 1 DAGs
[2024-05-18T05:39:52.729+0000] {logging_mixin.py:188} INFO - [2024-05-18T05:39:52.729+0000] {dag.py:3954} INFO - Setting next_dagrun for example_time_delta_sensor_async to None, run_after=None
[2024-05-18T05:39:52.766+0000] {processor.py:183} INFO - Processing /home/ubuntu/airflow/airflow_env/lib/python3.12/site-packages/airflow/example_dags/example_time_delta_sensor_async.py took 0.173 seconds
[2024-05-18T05:40:22.914+0000] {processor.py:161} INFO - Started process (PID=16180) to work on /home/ubuntu/airflow/airflow_env/lib/python3.12/site-packages/airflow/example_dags/example_time_delta_sensor_async.py
[2024-05-18T05:40:22.915+0000] {processor.py:830} INFO - Processing file /home/ubuntu/airflow/airflow_env/lib/python3.12/site-packages/airflow/example_dags/example_time_delta_sensor_async.py for tasks to queue
[2024-05-18T05:40:22.918+0000] {logging_mixin.py:188} INFO - [2024-05-18T05:40:22.917+0000] {dagbag.py:545} INFO - Filling up the DagBag from /home/ubuntu/airflow/airflow_env/lib/python3.12/site-packages/airflow/example_dags/example_time_delta_sensor_async.py
[2024-05-18T05:40:22.924+0000] {processor.py:840} INFO - DAG(s) 'example_time_delta_sensor_async' retrieved from /home/ubuntu/airflow/airflow_env/lib/python3.12/site-packages/airflow/example_dags/example_time_delta_sensor_async.py
[2024-05-18T05:40:22.982+0000] {logging_mixin.py:188} INFO - [2024-05-18T05:40:22.982+0000] {dag.py:3096} INFO - Sync 1 DAGs
[2024-05-18T05:40:23.006+0000] {logging_mixin.py:188} INFO - [2024-05-18T05:40:23.005+0000] {dag.py:3954} INFO - Setting next_dagrun for example_time_delta_sensor_async to None, run_after=None
[2024-05-18T05:40:23.038+0000] {processor.py:183} INFO - Processing /home/ubuntu/airflow/airflow_env/lib/python3.12/site-packages/airflow/example_dags/example_time_delta_sensor_async.py took 0.133 seconds
[2024-05-18T05:40:53.323+0000] {processor.py:161} INFO - Started process (PID=16235) to work on /home/ubuntu/airflow/airflow_env/lib/python3.12/site-packages/airflow/example_dags/example_time_delta_sensor_async.py
[2024-05-18T05:40:53.325+0000] {processor.py:830} INFO - Processing file /home/ubuntu/airflow/airflow_env/lib/python3.12/site-packages/airflow/example_dags/example_time_delta_sensor_async.py for tasks to queue
[2024-05-18T05:40:53.327+0000] {logging_mixin.py:188} INFO - [2024-05-18T05:40:53.327+0000] {dagbag.py:545} INFO - Filling up the DagBag from /home/ubuntu/airflow/airflow_env/lib/python3.12/site-packages/airflow/example_dags/example_time_delta_sensor_async.py
[2024-05-18T05:40:53.335+0000] {processor.py:840} INFO - DAG(s) 'example_time_delta_sensor_async' retrieved from /home/ubuntu/airflow/airflow_env/lib/python3.12/site-packages/airflow/example_dags/example_time_delta_sensor_async.py
[2024-05-18T05:40:53.396+0000] {logging_mixin.py:188} INFO - [2024-05-18T05:40:53.395+0000] {dag.py:3096} INFO - Sync 1 DAGs
[2024-05-18T05:40:53.425+0000] {logging_mixin.py:188} INFO - [2024-05-18T05:40:53.425+0000] {dag.py:3954} INFO - Setting next_dagrun for example_time_delta_sensor_async to None, run_after=None
[2024-05-18T05:40:53.462+0000] {processor.py:183} INFO - Processing /home/ubuntu/airflow/airflow_env/lib/python3.12/site-packages/airflow/example_dags/example_time_delta_sensor_async.py took 0.151 seconds
[2024-05-18T05:41:23.861+0000] {processor.py:161} INFO - Started process (PID=16286) to work on /home/ubuntu/airflow/airflow_env/lib/python3.12/site-packages/airflow/example_dags/example_time_delta_sensor_async.py
[2024-05-18T05:41:23.862+0000] {processor.py:830} INFO - Processing file /home/ubuntu/airflow/airflow_env/lib/python3.12/site-packages/airflow/example_dags/example_time_delta_sensor_async.py for tasks to queue
[2024-05-18T05:41:23.864+0000] {logging_mixin.py:188} INFO - [2024-05-18T05:41:23.864+0000] {dagbag.py:545} INFO - Filling up the DagBag from /home/ubuntu/airflow/airflow_env/lib/python3.12/site-packages/airflow/example_dags/example_time_delta_sensor_async.py
[2024-05-18T05:41:23.871+0000] {processor.py:840} INFO - DAG(s) 'example_time_delta_sensor_async' retrieved from /home/ubuntu/airflow/airflow_env/lib/python3.12/site-packages/airflow/example_dags/example_time_delta_sensor_async.py
[2024-05-18T05:41:23.931+0000] {logging_mixin.py:188} INFO - [2024-05-18T05:41:23.930+0000] {dag.py:3096} INFO - Sync 1 DAGs
[2024-05-18T05:41:23.951+0000] {logging_mixin.py:188} INFO - [2024-05-18T05:41:23.951+0000] {dag.py:3954} INFO - Setting next_dagrun for example_time_delta_sensor_async to None, run_after=None
[2024-05-18T05:41:23.981+0000] {processor.py:183} INFO - Processing /home/ubuntu/airflow/airflow_env/lib/python3.12/site-packages/airflow/example_dags/example_time_delta_sensor_async.py took 0.128 seconds
[2024-05-18T05:41:54.566+0000] {processor.py:161} INFO - Started process (PID=16339) to work on /home/ubuntu/airflow/airflow_env/lib/python3.12/site-packages/airflow/example_dags/example_time_delta_sensor_async.py
[2024-05-18T05:41:54.568+0000] {processor.py:830} INFO - Processing file /home/ubuntu/airflow/airflow_env/lib/python3.12/site-packages/airflow/example_dags/example_time_delta_sensor_async.py for tasks to queue
[2024-05-18T05:41:54.577+0000] {logging_mixin.py:188} INFO - [2024-05-18T05:41:54.576+0000] {dagbag.py:545} INFO - Filling up the DagBag from /home/ubuntu/airflow/airflow_env/lib/python3.12/site-packages/airflow/example_dags/example_time_delta_sensor_async.py
[2024-05-18T05:41:54.586+0000] {processor.py:840} INFO - DAG(s) 'example_time_delta_sensor_async' retrieved from /home/ubuntu/airflow/airflow_env/lib/python3.12/site-packages/airflow/example_dags/example_time_delta_sensor_async.py
[2024-05-18T05:41:54.660+0000] {logging_mixin.py:188} INFO - [2024-05-18T05:41:54.659+0000] {dag.py:3096} INFO - Sync 1 DAGs
[2024-05-18T05:41:54.683+0000] {logging_mixin.py:188} INFO - [2024-05-18T05:41:54.683+0000] {dag.py:3954} INFO - Setting next_dagrun for example_time_delta_sensor_async to None, run_after=None
[2024-05-18T05:41:54.723+0000] {processor.py:183} INFO - Processing /home/ubuntu/airflow/airflow_env/lib/python3.12/site-packages/airflow/example_dags/example_time_delta_sensor_async.py took 0.169 seconds
[2024-05-18T05:42:25.751+0000] {processor.py:161} INFO - Started process (PID=16390) to work on /home/ubuntu/airflow/airflow_env/lib/python3.12/site-packages/airflow/example_dags/example_time_delta_sensor_async.py
[2024-05-18T05:42:25.753+0000] {processor.py:830} INFO - Processing file /home/ubuntu/airflow/airflow_env/lib/python3.12/site-packages/airflow/example_dags/example_time_delta_sensor_async.py for tasks to queue
[2024-05-18T05:42:25.754+0000] {logging_mixin.py:188} INFO - [2024-05-18T05:42:25.754+0000] {dagbag.py:545} INFO - Filling up the DagBag from /home/ubuntu/airflow/airflow_env/lib/python3.12/site-packages/airflow/example_dags/example_time_delta_sensor_async.py
[2024-05-18T05:42:25.761+0000] {processor.py:840} INFO - DAG(s) 'example_time_delta_sensor_async' retrieved from /home/ubuntu/airflow/airflow_env/lib/python3.12/site-packages/airflow/example_dags/example_time_delta_sensor_async.py
[2024-05-18T05:42:25.805+0000] {logging_mixin.py:188} INFO - [2024-05-18T05:42:25.805+0000] {dag.py:3096} INFO - Sync 1 DAGs
[2024-05-18T05:42:25.822+0000] {logging_mixin.py:188} INFO - [2024-05-18T05:42:25.822+0000] {dag.py:3954} INFO - Setting next_dagrun for example_time_delta_sensor_async to None, run_after=None
[2024-05-18T05:42:25.851+0000] {processor.py:183} INFO - Processing /home/ubuntu/airflow/airflow_env/lib/python3.12/site-packages/airflow/example_dags/example_time_delta_sensor_async.py took 0.112 seconds
[2024-05-18T05:42:55.989+0000] {processor.py:161} INFO - Started process (PID=16441) to work on /home/ubuntu/airflow/airflow_env/lib/python3.12/site-packages/airflow/example_dags/example_time_delta_sensor_async.py
[2024-05-18T05:42:55.990+0000] {processor.py:830} INFO - Processing file /home/ubuntu/airflow/airflow_env/lib/python3.12/site-packages/airflow/example_dags/example_time_delta_sensor_async.py for tasks to queue
[2024-05-18T05:42:55.993+0000] {logging_mixin.py:188} INFO - [2024-05-18T05:42:55.992+0000] {dagbag.py:545} INFO - Filling up the DagBag from /home/ubuntu/airflow/airflow_env/lib/python3.12/site-packages/airflow/example_dags/example_time_delta_sensor_async.py
[2024-05-18T05:42:56.001+0000] {processor.py:840} INFO - DAG(s) 'example_time_delta_sensor_async' retrieved from /home/ubuntu/airflow/airflow_env/lib/python3.12/site-packages/airflow/example_dags/example_time_delta_sensor_async.py
[2024-05-18T05:42:56.046+0000] {logging_mixin.py:188} INFO - [2024-05-18T05:42:56.046+0000] {dag.py:3096} INFO - Sync 1 DAGs
[2024-05-18T05:42:56.061+0000] {logging_mixin.py:188} INFO - [2024-05-18T05:42:56.061+0000] {dag.py:3954} INFO - Setting next_dagrun for example_time_delta_sensor_async to None, run_after=None
[2024-05-18T05:42:56.084+0000] {processor.py:183} INFO - Processing /home/ubuntu/airflow/airflow_env/lib/python3.12/site-packages/airflow/example_dags/example_time_delta_sensor_async.py took 0.112 seconds
[2024-05-18T05:43:26.143+0000] {processor.py:161} INFO - Started process (PID=16526) to work on /home/ubuntu/airflow/airflow_env/lib/python3.12/site-packages/airflow/example_dags/example_time_delta_sensor_async.py
[2024-05-18T05:43:26.144+0000] {processor.py:830} INFO - Processing file /home/ubuntu/airflow/airflow_env/lib/python3.12/site-packages/airflow/example_dags/example_time_delta_sensor_async.py for tasks to queue
[2024-05-18T05:43:26.146+0000] {logging_mixin.py:188} INFO - [2024-05-18T05:43:26.145+0000] {dagbag.py:545} INFO - Filling up the DagBag from /home/ubuntu/airflow/airflow_env/lib/python3.12/site-packages/airflow/example_dags/example_time_delta_sensor_async.py
[2024-05-18T05:43:26.152+0000] {processor.py:840} INFO - DAG(s) 'example_time_delta_sensor_async' retrieved from /home/ubuntu/airflow/airflow_env/lib/python3.12/site-packages/airflow/example_dags/example_time_delta_sensor_async.py
[2024-05-18T05:43:26.203+0000] {logging_mixin.py:188} INFO - [2024-05-18T05:43:26.203+0000] {dag.py:3096} INFO - Sync 1 DAGs
[2024-05-18T05:43:26.220+0000] {logging_mixin.py:188} INFO - [2024-05-18T05:43:26.219+0000] {dag.py:3954} INFO - Setting next_dagrun for example_time_delta_sensor_async to None, run_after=None
[2024-05-18T05:43:26.245+0000] {processor.py:183} INFO - Processing /home/ubuntu/airflow/airflow_env/lib/python3.12/site-packages/airflow/example_dags/example_time_delta_sensor_async.py took 0.109 seconds
[2024-05-18T05:43:56.825+0000] {processor.py:161} INFO - Started process (PID=16577) to work on /home/ubuntu/airflow/airflow_env/lib/python3.12/site-packages/airflow/example_dags/example_time_delta_sensor_async.py
[2024-05-18T05:43:56.827+0000] {processor.py:830} INFO - Processing file /home/ubuntu/airflow/airflow_env/lib/python3.12/site-packages/airflow/example_dags/example_time_delta_sensor_async.py for tasks to queue
[2024-05-18T05:43:56.831+0000] {logging_mixin.py:188} INFO - [2024-05-18T05:43:56.830+0000] {dagbag.py:545} INFO - Filling up the DagBag from /home/ubuntu/airflow/airflow_env/lib/python3.12/site-packages/airflow/example_dags/example_time_delta_sensor_async.py
[2024-05-18T05:43:56.839+0000] {processor.py:840} INFO - DAG(s) 'example_time_delta_sensor_async' retrieved from /home/ubuntu/airflow/airflow_env/lib/python3.12/site-packages/airflow/example_dags/example_time_delta_sensor_async.py
[2024-05-18T05:43:56.896+0000] {logging_mixin.py:188} INFO - [2024-05-18T05:43:56.896+0000] {dag.py:3096} INFO - Sync 1 DAGs
[2024-05-18T05:43:56.921+0000] {logging_mixin.py:188} INFO - [2024-05-18T05:43:56.921+0000] {dag.py:3954} INFO - Setting next_dagrun for example_time_delta_sensor_async to None, run_after=None
[2024-05-18T05:43:56.965+0000] {processor.py:183} INFO - Processing /home/ubuntu/airflow/airflow_env/lib/python3.12/site-packages/airflow/example_dags/example_time_delta_sensor_async.py took 0.149 seconds
