[2024-05-18T04:44:42.623+0000] {processor.py:161} INFO - Started process (PID=12286) to work on /home/ubuntu/chch-fuel-recommendator/airflow/af_env/lib/python3.12/site-packages/airflow/example_dags/example_display_name.py
[2024-05-18T04:44:42.624+0000] {processor.py:830} INFO - Processing file /home/ubuntu/chch-fuel-recommendator/airflow/af_env/lib/python3.12/site-packages/airflow/example_dags/example_display_name.py for tasks to queue
[2024-05-18T04:44:42.626+0000] {logging_mixin.py:188} INFO - [2024-05-18T04:44:42.625+0000] {dagbag.py:545} INFO - Filling up the DagBag from /home/ubuntu/chch-fuel-recommendator/airflow/af_env/lib/python3.12/site-packages/airflow/example_dags/example_display_name.py
[2024-05-18T04:44:42.634+0000] {processor.py:840} INFO - DAG(s) 'example_display_name' retrieved from /home/ubuntu/chch-fuel-recommendator/airflow/af_env/lib/python3.12/site-packages/airflow/example_dags/example_display_name.py
[2024-05-18T04:44:42.767+0000] {logging_mixin.py:188} INFO - [2024-05-18T04:44:42.767+0000] {override.py:1829} INFO - Created Permission View: can edit on DAG:example_display_name
[2024-05-18T04:44:42.784+0000] {logging_mixin.py:188} INFO - [2024-05-18T04:44:42.783+0000] {override.py:1829} INFO - Created Permission View: can read on DAG:example_display_name
[2024-05-18T04:44:42.808+0000] {logging_mixin.py:188} INFO - [2024-05-18T04:44:42.807+0000] {override.py:1829} INFO - Created Permission View: can delete on DAG:example_display_name
[2024-05-18T04:44:42.809+0000] {logging_mixin.py:188} INFO - [2024-05-18T04:44:42.809+0000] {dag.py:3096} INFO - Sync 1 DAGs
[2024-05-18T04:44:42.834+0000] {logging_mixin.py:188} INFO - [2024-05-18T04:44:42.833+0000] {dag.py:3118} INFO - Creating ORM DAG for example_display_name
[2024-05-18T04:44:42.835+0000] {logging_mixin.py:188} INFO - [2024-05-18T04:44:42.835+0000] {dag.py:3954} INFO - Setting next_dagrun for example_display_name to None, run_after=None
[2024-05-18T04:44:42.884+0000] {processor.py:183} INFO - Processing /home/ubuntu/chch-fuel-recommendator/airflow/af_env/lib/python3.12/site-packages/airflow/example_dags/example_display_name.py took 0.268 seconds
[2024-05-18T04:45:35.612+0000] {processor.py:161} INFO - Started process (PID=12340) to work on /home/ubuntu/chch-fuel-recommendator/airflow/af_env/lib/python3.12/site-packages/airflow/example_dags/example_display_name.py
[2024-05-18T04:45:35.614+0000] {processor.py:830} INFO - Processing file /home/ubuntu/chch-fuel-recommendator/airflow/af_env/lib/python3.12/site-packages/airflow/example_dags/example_display_name.py for tasks to queue
[2024-05-18T04:45:35.617+0000] {logging_mixin.py:188} INFO - [2024-05-18T04:45:35.617+0000] {dagbag.py:545} INFO - Filling up the DagBag from /home/ubuntu/chch-fuel-recommendator/airflow/af_env/lib/python3.12/site-packages/airflow/example_dags/example_display_name.py
[2024-05-18T04:45:35.623+0000] {processor.py:840} INFO - DAG(s) 'example_display_name' retrieved from /home/ubuntu/chch-fuel-recommendator/airflow/af_env/lib/python3.12/site-packages/airflow/example_dags/example_display_name.py
[2024-05-18T04:45:35.644+0000] {logging_mixin.py:188} INFO - [2024-05-18T04:45:35.644+0000] {dag.py:3096} INFO - Sync 1 DAGs
[2024-05-18T04:45:35.662+0000] {logging_mixin.py:188} INFO - [2024-05-18T04:45:35.661+0000] {dag.py:3954} INFO - Setting next_dagrun for example_display_name to None, run_after=None
[2024-05-18T04:45:35.703+0000] {processor.py:183} INFO - Processing /home/ubuntu/chch-fuel-recommendator/airflow/af_env/lib/python3.12/site-packages/airflow/example_dags/example_display_name.py took 0.102 seconds
[2024-05-18T04:46:37.390+0000] {processor.py:161} INFO - Started process (PID=12400) to work on /home/ubuntu/chch-fuel-recommendator/airflow/af_env/lib/python3.12/site-packages/airflow/example_dags/example_display_name.py
[2024-05-18T04:46:37.393+0000] {processor.py:830} INFO - Processing file /home/ubuntu/chch-fuel-recommendator/airflow/af_env/lib/python3.12/site-packages/airflow/example_dags/example_display_name.py for tasks to queue
[2024-05-18T04:46:37.398+0000] {logging_mixin.py:188} INFO - [2024-05-18T04:46:37.396+0000] {dagbag.py:545} INFO - Filling up the DagBag from /home/ubuntu/chch-fuel-recommendator/airflow/af_env/lib/python3.12/site-packages/airflow/example_dags/example_display_name.py
[2024-05-18T04:46:37.412+0000] {processor.py:840} INFO - DAG(s) 'example_display_name' retrieved from /home/ubuntu/chch-fuel-recommendator/airflow/af_env/lib/python3.12/site-packages/airflow/example_dags/example_display_name.py
[2024-05-18T04:46:37.440+0000] {logging_mixin.py:188} INFO - [2024-05-18T04:46:37.440+0000] {dag.py:3096} INFO - Sync 1 DAGs
[2024-05-18T04:46:37.454+0000] {logging_mixin.py:188} INFO - [2024-05-18T04:46:37.453+0000] {dag.py:3954} INFO - Setting next_dagrun for example_display_name to None, run_after=None
[2024-05-18T04:46:37.482+0000] {processor.py:183} INFO - Processing /home/ubuntu/chch-fuel-recommendator/airflow/af_env/lib/python3.12/site-packages/airflow/example_dags/example_display_name.py took 0.106 seconds
[2024-05-18T04:47:26.585+0000] {processor.py:161} INFO - Started process (PID=12449) to work on /home/ubuntu/chch-fuel-recommendator/airflow/af_env/lib/python3.12/site-packages/airflow/example_dags/example_display_name.py
[2024-05-18T04:47:26.587+0000] {processor.py:830} INFO - Processing file /home/ubuntu/chch-fuel-recommendator/airflow/af_env/lib/python3.12/site-packages/airflow/example_dags/example_display_name.py for tasks to queue
[2024-05-18T04:47:26.589+0000] {logging_mixin.py:188} INFO - [2024-05-18T04:47:26.588+0000] {dagbag.py:545} INFO - Filling up the DagBag from /home/ubuntu/chch-fuel-recommendator/airflow/af_env/lib/python3.12/site-packages/airflow/example_dags/example_display_name.py
[2024-05-18T04:47:26.596+0000] {processor.py:840} INFO - DAG(s) 'example_display_name' retrieved from /home/ubuntu/chch-fuel-recommendator/airflow/af_env/lib/python3.12/site-packages/airflow/example_dags/example_display_name.py
[2024-05-18T04:47:26.615+0000] {logging_mixin.py:188} INFO - [2024-05-18T04:47:26.615+0000] {dag.py:3096} INFO - Sync 1 DAGs
[2024-05-18T04:47:26.635+0000] {logging_mixin.py:188} INFO - [2024-05-18T04:47:26.635+0000] {dag.py:3954} INFO - Setting next_dagrun for example_display_name to None, run_after=None
[2024-05-18T04:47:26.668+0000] {processor.py:183} INFO - Processing /home/ubuntu/chch-fuel-recommendator/airflow/af_env/lib/python3.12/site-packages/airflow/example_dags/example_display_name.py took 0.089 seconds
[2024-05-18T04:48:33.264+0000] {processor.py:161} INFO - Started process (PID=12514) to work on /home/ubuntu/chch-fuel-recommendator/airflow/af_env/lib/python3.12/site-packages/airflow/example_dags/example_display_name.py
[2024-05-18T04:48:33.266+0000] {processor.py:830} INFO - Processing file /home/ubuntu/chch-fuel-recommendator/airflow/af_env/lib/python3.12/site-packages/airflow/example_dags/example_display_name.py for tasks to queue
[2024-05-18T04:48:33.271+0000] {logging_mixin.py:188} INFO - [2024-05-18T04:48:33.271+0000] {dagbag.py:545} INFO - Filling up the DagBag from /home/ubuntu/chch-fuel-recommendator/airflow/af_env/lib/python3.12/site-packages/airflow/example_dags/example_display_name.py
[2024-05-18T04:48:33.282+0000] {processor.py:840} INFO - DAG(s) 'example_display_name' retrieved from /home/ubuntu/chch-fuel-recommendator/airflow/af_env/lib/python3.12/site-packages/airflow/example_dags/example_display_name.py
[2024-05-18T04:48:33.307+0000] {logging_mixin.py:188} INFO - [2024-05-18T04:48:33.307+0000] {dag.py:3096} INFO - Sync 1 DAGs
[2024-05-18T04:48:33.331+0000] {logging_mixin.py:188} INFO - [2024-05-18T04:48:33.324+0000] {dag.py:3954} INFO - Setting next_dagrun for example_display_name to None, run_after=None
[2024-05-18T04:48:33.381+0000] {processor.py:183} INFO - Processing /home/ubuntu/chch-fuel-recommendator/airflow/af_env/lib/python3.12/site-packages/airflow/example_dags/example_display_name.py took 0.125 seconds
[2024-05-18T04:49:37.769+0000] {processor.py:161} INFO - Started process (PID=12578) to work on /home/ubuntu/chch-fuel-recommendator/airflow/af_env/lib/python3.12/site-packages/airflow/example_dags/example_display_name.py
[2024-05-18T04:49:37.771+0000] {processor.py:830} INFO - Processing file /home/ubuntu/chch-fuel-recommendator/airflow/af_env/lib/python3.12/site-packages/airflow/example_dags/example_display_name.py for tasks to queue
[2024-05-18T04:49:37.773+0000] {logging_mixin.py:188} INFO - [2024-05-18T04:49:37.772+0000] {dagbag.py:545} INFO - Filling up the DagBag from /home/ubuntu/chch-fuel-recommendator/airflow/af_env/lib/python3.12/site-packages/airflow/example_dags/example_display_name.py
[2024-05-18T04:49:37.780+0000] {processor.py:840} INFO - DAG(s) 'example_display_name' retrieved from /home/ubuntu/chch-fuel-recommendator/airflow/af_env/lib/python3.12/site-packages/airflow/example_dags/example_display_name.py
[2024-05-18T04:49:37.799+0000] {logging_mixin.py:188} INFO - [2024-05-18T04:49:37.799+0000] {dag.py:3096} INFO - Sync 1 DAGs
[2024-05-18T04:49:37.814+0000] {logging_mixin.py:188} INFO - [2024-05-18T04:49:37.813+0000] {dag.py:3954} INFO - Setting next_dagrun for example_display_name to None, run_after=None
[2024-05-18T04:49:37.839+0000] {processor.py:183} INFO - Processing /home/ubuntu/chch-fuel-recommendator/airflow/af_env/lib/python3.12/site-packages/airflow/example_dags/example_display_name.py took 0.076 seconds
[2024-05-18T04:50:43.627+0000] {processor.py:161} INFO - Started process (PID=12648) to work on /home/ubuntu/chch-fuel-recommendator/airflow/af_env/lib/python3.12/site-packages/airflow/example_dags/example_display_name.py
[2024-05-18T04:50:43.629+0000] {processor.py:830} INFO - Processing file /home/ubuntu/chch-fuel-recommendator/airflow/af_env/lib/python3.12/site-packages/airflow/example_dags/example_display_name.py for tasks to queue
[2024-05-18T04:50:43.631+0000] {logging_mixin.py:188} INFO - [2024-05-18T04:50:43.630+0000] {dagbag.py:545} INFO - Filling up the DagBag from /home/ubuntu/chch-fuel-recommendator/airflow/af_env/lib/python3.12/site-packages/airflow/example_dags/example_display_name.py
[2024-05-18T04:50:43.639+0000] {processor.py:840} INFO - DAG(s) 'example_display_name' retrieved from /home/ubuntu/chch-fuel-recommendator/airflow/af_env/lib/python3.12/site-packages/airflow/example_dags/example_display_name.py
[2024-05-18T04:50:43.658+0000] {logging_mixin.py:188} INFO - [2024-05-18T04:50:43.658+0000] {dag.py:3096} INFO - Sync 1 DAGs
[2024-05-18T04:50:43.673+0000] {logging_mixin.py:188} INFO - [2024-05-18T04:50:43.673+0000] {dag.py:3954} INFO - Setting next_dagrun for example_display_name to None, run_after=None
[2024-05-18T04:50:43.700+0000] {processor.py:183} INFO - Processing /home/ubuntu/chch-fuel-recommendator/airflow/af_env/lib/python3.12/site-packages/airflow/example_dags/example_display_name.py took 0.081 seconds
[2024-05-18T04:51:49.867+0000] {processor.py:161} INFO - Started process (PID=12714) to work on /home/ubuntu/chch-fuel-recommendator/airflow/af_env/lib/python3.12/site-packages/airflow/example_dags/example_display_name.py
[2024-05-18T04:51:49.869+0000] {processor.py:830} INFO - Processing file /home/ubuntu/chch-fuel-recommendator/airflow/af_env/lib/python3.12/site-packages/airflow/example_dags/example_display_name.py for tasks to queue
[2024-05-18T04:51:49.871+0000] {logging_mixin.py:188} INFO - [2024-05-18T04:51:49.870+0000] {dagbag.py:545} INFO - Filling up the DagBag from /home/ubuntu/chch-fuel-recommendator/airflow/af_env/lib/python3.12/site-packages/airflow/example_dags/example_display_name.py
[2024-05-18T04:51:49.881+0000] {processor.py:840} INFO - DAG(s) 'example_display_name' retrieved from /home/ubuntu/chch-fuel-recommendator/airflow/af_env/lib/python3.12/site-packages/airflow/example_dags/example_display_name.py
[2024-05-18T04:51:49.906+0000] {logging_mixin.py:188} INFO - [2024-05-18T04:51:49.905+0000] {dag.py:3096} INFO - Sync 1 DAGs
[2024-05-18T04:51:49.927+0000] {logging_mixin.py:188} INFO - [2024-05-18T04:51:49.927+0000] {dag.py:3954} INFO - Setting next_dagrun for example_display_name to None, run_after=None
[2024-05-18T04:51:49.976+0000] {processor.py:183} INFO - Processing /home/ubuntu/chch-fuel-recommendator/airflow/af_env/lib/python3.12/site-packages/airflow/example_dags/example_display_name.py took 0.117 seconds
[2024-05-18T04:52:57.007+0000] {processor.py:161} INFO - Started process (PID=12779) to work on /home/ubuntu/chch-fuel-recommendator/airflow/af_env/lib/python3.12/site-packages/airflow/example_dags/example_display_name.py
[2024-05-18T04:52:57.008+0000] {processor.py:830} INFO - Processing file /home/ubuntu/chch-fuel-recommendator/airflow/af_env/lib/python3.12/site-packages/airflow/example_dags/example_display_name.py for tasks to queue
[2024-05-18T04:52:57.010+0000] {logging_mixin.py:188} INFO - [2024-05-18T04:52:57.009+0000] {dagbag.py:545} INFO - Filling up the DagBag from /home/ubuntu/chch-fuel-recommendator/airflow/af_env/lib/python3.12/site-packages/airflow/example_dags/example_display_name.py
[2024-05-18T04:52:57.015+0000] {processor.py:840} INFO - DAG(s) 'example_display_name' retrieved from /home/ubuntu/chch-fuel-recommendator/airflow/af_env/lib/python3.12/site-packages/airflow/example_dags/example_display_name.py
[2024-05-18T04:52:57.031+0000] {logging_mixin.py:188} INFO - [2024-05-18T04:52:57.031+0000] {dag.py:3096} INFO - Sync 1 DAGs
[2024-05-18T04:52:57.042+0000] {logging_mixin.py:188} INFO - [2024-05-18T04:52:57.041+0000] {dag.py:3954} INFO - Setting next_dagrun for example_display_name to None, run_after=None
[2024-05-18T04:52:57.067+0000] {processor.py:183} INFO - Processing /home/ubuntu/chch-fuel-recommendator/airflow/af_env/lib/python3.12/site-packages/airflow/example_dags/example_display_name.py took 0.066 seconds
[2024-05-18T05:32:18.803+0000] {processor.py:161} INFO - Started process (PID=15097) to work on /home/ubuntu/airflow/airflow_env/lib/python3.12/site-packages/airflow/example_dags/example_display_name.py
[2024-05-18T05:32:18.805+0000] {processor.py:830} INFO - Processing file /home/ubuntu/airflow/airflow_env/lib/python3.12/site-packages/airflow/example_dags/example_display_name.py for tasks to queue
[2024-05-18T05:32:18.807+0000] {logging_mixin.py:188} INFO - [2024-05-18T05:32:18.806+0000] {dagbag.py:545} INFO - Filling up the DagBag from /home/ubuntu/airflow/airflow_env/lib/python3.12/site-packages/airflow/example_dags/example_display_name.py
[2024-05-18T05:32:18.814+0000] {processor.py:840} INFO - DAG(s) 'example_display_name' retrieved from /home/ubuntu/airflow/airflow_env/lib/python3.12/site-packages/airflow/example_dags/example_display_name.py
[2024-05-18T05:32:19.008+0000] {logging_mixin.py:188} INFO - [2024-05-18T05:32:19.007+0000] {dag.py:3096} INFO - Sync 1 DAGs
[2024-05-18T05:32:19.026+0000] {logging_mixin.py:188} INFO - [2024-05-18T05:32:19.026+0000] {dag.py:3954} INFO - Setting next_dagrun for example_display_name to None, run_after=None
[2024-05-18T05:32:19.061+0000] {processor.py:183} INFO - Processing /home/ubuntu/airflow/airflow_env/lib/python3.12/site-packages/airflow/example_dags/example_display_name.py took 0.266 seconds
[2024-05-18T05:32:49.869+0000] {processor.py:161} INFO - Started process (PID=15151) to work on /home/ubuntu/airflow/airflow_env/lib/python3.12/site-packages/airflow/example_dags/example_display_name.py
[2024-05-18T05:32:49.870+0000] {processor.py:830} INFO - Processing file /home/ubuntu/airflow/airflow_env/lib/python3.12/site-packages/airflow/example_dags/example_display_name.py for tasks to queue
[2024-05-18T05:32:49.873+0000] {logging_mixin.py:188} INFO - [2024-05-18T05:32:49.873+0000] {dagbag.py:545} INFO - Filling up the DagBag from /home/ubuntu/airflow/airflow_env/lib/python3.12/site-packages/airflow/example_dags/example_display_name.py
[2024-05-18T05:32:49.883+0000] {processor.py:840} INFO - DAG(s) 'example_display_name' retrieved from /home/ubuntu/airflow/airflow_env/lib/python3.12/site-packages/airflow/example_dags/example_display_name.py
[2024-05-18T05:32:49.942+0000] {logging_mixin.py:188} INFO - [2024-05-18T05:32:49.942+0000] {dag.py:3096} INFO - Sync 1 DAGs
[2024-05-18T05:32:49.963+0000] {logging_mixin.py:188} INFO - [2024-05-18T05:32:49.962+0000] {dag.py:3954} INFO - Setting next_dagrun for example_display_name to None, run_after=None
[2024-05-18T05:32:50.005+0000] {processor.py:183} INFO - Processing /home/ubuntu/airflow/airflow_env/lib/python3.12/site-packages/airflow/example_dags/example_display_name.py took 0.146 seconds
[2024-05-18T05:33:20.286+0000] {processor.py:161} INFO - Started process (PID=15205) to work on /home/ubuntu/airflow/airflow_env/lib/python3.12/site-packages/airflow/example_dags/example_display_name.py
[2024-05-18T05:33:20.289+0000] {processor.py:830} INFO - Processing file /home/ubuntu/airflow/airflow_env/lib/python3.12/site-packages/airflow/example_dags/example_display_name.py for tasks to queue
[2024-05-18T05:33:20.293+0000] {logging_mixin.py:188} INFO - [2024-05-18T05:33:20.291+0000] {dagbag.py:545} INFO - Filling up the DagBag from /home/ubuntu/airflow/airflow_env/lib/python3.12/site-packages/airflow/example_dags/example_display_name.py
[2024-05-18T05:33:20.301+0000] {processor.py:840} INFO - DAG(s) 'example_display_name' retrieved from /home/ubuntu/airflow/airflow_env/lib/python3.12/site-packages/airflow/example_dags/example_display_name.py
[2024-05-18T05:33:20.376+0000] {logging_mixin.py:188} INFO - [2024-05-18T05:33:20.375+0000] {dag.py:3096} INFO - Sync 1 DAGs
[2024-05-18T05:33:20.395+0000] {logging_mixin.py:188} INFO - [2024-05-18T05:33:20.395+0000] {dag.py:3954} INFO - Setting next_dagrun for example_display_name to None, run_after=None
[2024-05-18T05:33:20.427+0000] {processor.py:183} INFO - Processing /home/ubuntu/airflow/airflow_env/lib/python3.12/site-packages/airflow/example_dags/example_display_name.py took 0.154 seconds
[2024-05-18T05:33:50.579+0000] {processor.py:161} INFO - Started process (PID=15256) to work on /home/ubuntu/airflow/airflow_env/lib/python3.12/site-packages/airflow/example_dags/example_display_name.py
[2024-05-18T05:33:50.580+0000] {processor.py:830} INFO - Processing file /home/ubuntu/airflow/airflow_env/lib/python3.12/site-packages/airflow/example_dags/example_display_name.py for tasks to queue
[2024-05-18T05:33:50.581+0000] {logging_mixin.py:188} INFO - [2024-05-18T05:33:50.581+0000] {dagbag.py:545} INFO - Filling up the DagBag from /home/ubuntu/airflow/airflow_env/lib/python3.12/site-packages/airflow/example_dags/example_display_name.py
[2024-05-18T05:33:50.587+0000] {processor.py:840} INFO - DAG(s) 'example_display_name' retrieved from /home/ubuntu/airflow/airflow_env/lib/python3.12/site-packages/airflow/example_dags/example_display_name.py
[2024-05-18T05:33:50.641+0000] {logging_mixin.py:188} INFO - [2024-05-18T05:33:50.640+0000] {dag.py:3096} INFO - Sync 1 DAGs
[2024-05-18T05:33:50.663+0000] {logging_mixin.py:188} INFO - [2024-05-18T05:33:50.662+0000] {dag.py:3954} INFO - Setting next_dagrun for example_display_name to None, run_after=None
[2024-05-18T05:33:50.694+0000] {processor.py:183} INFO - Processing /home/ubuntu/airflow/airflow_env/lib/python3.12/site-packages/airflow/example_dags/example_display_name.py took 0.122 seconds
[2024-05-18T05:34:21.291+0000] {processor.py:161} INFO - Started process (PID=15307) to work on /home/ubuntu/airflow/airflow_env/lib/python3.12/site-packages/airflow/example_dags/example_display_name.py
[2024-05-18T05:34:21.293+0000] {processor.py:830} INFO - Processing file /home/ubuntu/airflow/airflow_env/lib/python3.12/site-packages/airflow/example_dags/example_display_name.py for tasks to queue
[2024-05-18T05:34:21.295+0000] {logging_mixin.py:188} INFO - [2024-05-18T05:34:21.294+0000] {dagbag.py:545} INFO - Filling up the DagBag from /home/ubuntu/airflow/airflow_env/lib/python3.12/site-packages/airflow/example_dags/example_display_name.py
[2024-05-18T05:34:21.300+0000] {processor.py:840} INFO - DAG(s) 'example_display_name' retrieved from /home/ubuntu/airflow/airflow_env/lib/python3.12/site-packages/airflow/example_dags/example_display_name.py
[2024-05-18T05:34:21.367+0000] {logging_mixin.py:188} INFO - [2024-05-18T05:34:21.366+0000] {dag.py:3096} INFO - Sync 1 DAGs
[2024-05-18T05:34:21.387+0000] {logging_mixin.py:188} INFO - [2024-05-18T05:34:21.387+0000] {dag.py:3954} INFO - Setting next_dagrun for example_display_name to None, run_after=None
[2024-05-18T05:34:21.421+0000] {processor.py:183} INFO - Processing /home/ubuntu/airflow/airflow_env/lib/python3.12/site-packages/airflow/example_dags/example_display_name.py took 0.138 seconds
[2024-05-18T05:34:51.488+0000] {processor.py:161} INFO - Started process (PID=15358) to work on /home/ubuntu/airflow/airflow_env/lib/python3.12/site-packages/airflow/example_dags/example_display_name.py
[2024-05-18T05:34:51.490+0000] {processor.py:830} INFO - Processing file /home/ubuntu/airflow/airflow_env/lib/python3.12/site-packages/airflow/example_dags/example_display_name.py for tasks to queue
[2024-05-18T05:34:51.493+0000] {logging_mixin.py:188} INFO - [2024-05-18T05:34:51.492+0000] {dagbag.py:545} INFO - Filling up the DagBag from /home/ubuntu/airflow/airflow_env/lib/python3.12/site-packages/airflow/example_dags/example_display_name.py
[2024-05-18T05:34:51.501+0000] {processor.py:840} INFO - DAG(s) 'example_display_name' retrieved from /home/ubuntu/airflow/airflow_env/lib/python3.12/site-packages/airflow/example_dags/example_display_name.py
[2024-05-18T05:34:51.572+0000] {logging_mixin.py:188} INFO - [2024-05-18T05:34:51.572+0000] {dag.py:3096} INFO - Sync 1 DAGs
[2024-05-18T05:34:51.594+0000] {logging_mixin.py:188} INFO - [2024-05-18T05:34:51.594+0000] {dag.py:3954} INFO - Setting next_dagrun for example_display_name to None, run_after=None
[2024-05-18T05:34:51.627+0000] {processor.py:183} INFO - Processing /home/ubuntu/airflow/airflow_env/lib/python3.12/site-packages/airflow/example_dags/example_display_name.py took 0.153 seconds
[2024-05-18T05:35:21.988+0000] {processor.py:161} INFO - Started process (PID=15412) to work on /home/ubuntu/airflow/airflow_env/lib/python3.12/site-packages/airflow/example_dags/example_display_name.py
[2024-05-18T05:35:21.989+0000] {processor.py:830} INFO - Processing file /home/ubuntu/airflow/airflow_env/lib/python3.12/site-packages/airflow/example_dags/example_display_name.py for tasks to queue
[2024-05-18T05:35:21.991+0000] {logging_mixin.py:188} INFO - [2024-05-18T05:35:21.991+0000] {dagbag.py:545} INFO - Filling up the DagBag from /home/ubuntu/airflow/airflow_env/lib/python3.12/site-packages/airflow/example_dags/example_display_name.py
[2024-05-18T05:35:22.002+0000] {processor.py:840} INFO - DAG(s) 'example_display_name' retrieved from /home/ubuntu/airflow/airflow_env/lib/python3.12/site-packages/airflow/example_dags/example_display_name.py
[2024-05-18T05:35:22.072+0000] {logging_mixin.py:188} INFO - [2024-05-18T05:35:22.071+0000] {dag.py:3096} INFO - Sync 1 DAGs
[2024-05-18T05:35:22.088+0000] {logging_mixin.py:188} INFO - [2024-05-18T05:35:22.088+0000] {dag.py:3954} INFO - Setting next_dagrun for example_display_name to None, run_after=None
[2024-05-18T05:35:22.126+0000] {processor.py:183} INFO - Processing /home/ubuntu/airflow/airflow_env/lib/python3.12/site-packages/airflow/example_dags/example_display_name.py took 0.146 seconds
[2024-05-18T05:35:52.405+0000] {processor.py:161} INFO - Started process (PID=15463) to work on /home/ubuntu/airflow/airflow_env/lib/python3.12/site-packages/airflow/example_dags/example_display_name.py
[2024-05-18T05:35:52.407+0000] {processor.py:830} INFO - Processing file /home/ubuntu/airflow/airflow_env/lib/python3.12/site-packages/airflow/example_dags/example_display_name.py for tasks to queue
[2024-05-18T05:35:52.409+0000] {logging_mixin.py:188} INFO - [2024-05-18T05:35:52.408+0000] {dagbag.py:545} INFO - Filling up the DagBag from /home/ubuntu/airflow/airflow_env/lib/python3.12/site-packages/airflow/example_dags/example_display_name.py
[2024-05-18T05:35:52.425+0000] {processor.py:840} INFO - DAG(s) 'example_display_name' retrieved from /home/ubuntu/airflow/airflow_env/lib/python3.12/site-packages/airflow/example_dags/example_display_name.py
[2024-05-18T05:35:52.510+0000] {logging_mixin.py:188} INFO - [2024-05-18T05:35:52.510+0000] {dag.py:3096} INFO - Sync 1 DAGs
[2024-05-18T05:35:52.537+0000] {logging_mixin.py:188} INFO - [2024-05-18T05:35:52.536+0000] {dag.py:3954} INFO - Setting next_dagrun for example_display_name to None, run_after=None
[2024-05-18T05:35:52.582+0000] {processor.py:183} INFO - Processing /home/ubuntu/airflow/airflow_env/lib/python3.12/site-packages/airflow/example_dags/example_display_name.py took 0.185 seconds
[2024-05-18T05:36:23.340+0000] {processor.py:161} INFO - Started process (PID=15514) to work on /home/ubuntu/airflow/airflow_env/lib/python3.12/site-packages/airflow/example_dags/example_display_name.py
[2024-05-18T05:36:23.341+0000] {processor.py:830} INFO - Processing file /home/ubuntu/airflow/airflow_env/lib/python3.12/site-packages/airflow/example_dags/example_display_name.py for tasks to queue
[2024-05-18T05:36:23.343+0000] {logging_mixin.py:188} INFO - [2024-05-18T05:36:23.343+0000] {dagbag.py:545} INFO - Filling up the DagBag from /home/ubuntu/airflow/airflow_env/lib/python3.12/site-packages/airflow/example_dags/example_display_name.py
[2024-05-18T05:36:23.349+0000] {processor.py:840} INFO - DAG(s) 'example_display_name' retrieved from /home/ubuntu/airflow/airflow_env/lib/python3.12/site-packages/airflow/example_dags/example_display_name.py
[2024-05-18T05:36:23.417+0000] {logging_mixin.py:188} INFO - [2024-05-18T05:36:23.417+0000] {dag.py:3096} INFO - Sync 1 DAGs
[2024-05-18T05:36:23.436+0000] {logging_mixin.py:188} INFO - [2024-05-18T05:36:23.435+0000] {dag.py:3954} INFO - Setting next_dagrun for example_display_name to None, run_after=None
[2024-05-18T05:36:23.465+0000] {processor.py:183} INFO - Processing /home/ubuntu/airflow/airflow_env/lib/python3.12/site-packages/airflow/example_dags/example_display_name.py took 0.134 seconds
[2024-05-18T05:36:54.123+0000] {processor.py:161} INFO - Started process (PID=15565) to work on /home/ubuntu/airflow/airflow_env/lib/python3.12/site-packages/airflow/example_dags/example_display_name.py
[2024-05-18T05:36:54.125+0000] {processor.py:830} INFO - Processing file /home/ubuntu/airflow/airflow_env/lib/python3.12/site-packages/airflow/example_dags/example_display_name.py for tasks to queue
[2024-05-18T05:36:54.129+0000] {logging_mixin.py:188} INFO - [2024-05-18T05:36:54.128+0000] {dagbag.py:545} INFO - Filling up the DagBag from /home/ubuntu/airflow/airflow_env/lib/python3.12/site-packages/airflow/example_dags/example_display_name.py
[2024-05-18T05:36:54.141+0000] {processor.py:840} INFO - DAG(s) 'example_display_name' retrieved from /home/ubuntu/airflow/airflow_env/lib/python3.12/site-packages/airflow/example_dags/example_display_name.py
[2024-05-18T05:36:54.217+0000] {logging_mixin.py:188} INFO - [2024-05-18T05:36:54.217+0000] {dag.py:3096} INFO - Sync 1 DAGs
[2024-05-18T05:36:54.240+0000] {logging_mixin.py:188} INFO - [2024-05-18T05:36:54.240+0000] {dag.py:3954} INFO - Setting next_dagrun for example_display_name to None, run_after=None
[2024-05-18T05:36:54.276+0000] {processor.py:183} INFO - Processing /home/ubuntu/airflow/airflow_env/lib/python3.12/site-packages/airflow/example_dags/example_display_name.py took 0.170 seconds
[2024-05-18T05:37:25.281+0000] {processor.py:161} INFO - Started process (PID=15616) to work on /home/ubuntu/airflow/airflow_env/lib/python3.12/site-packages/airflow/example_dags/example_display_name.py
[2024-05-18T05:37:25.282+0000] {processor.py:830} INFO - Processing file /home/ubuntu/airflow/airflow_env/lib/python3.12/site-packages/airflow/example_dags/example_display_name.py for tasks to queue
[2024-05-18T05:37:25.284+0000] {logging_mixin.py:188} INFO - [2024-05-18T05:37:25.284+0000] {dagbag.py:545} INFO - Filling up the DagBag from /home/ubuntu/airflow/airflow_env/lib/python3.12/site-packages/airflow/example_dags/example_display_name.py
[2024-05-18T05:37:25.292+0000] {processor.py:840} INFO - DAG(s) 'example_display_name' retrieved from /home/ubuntu/airflow/airflow_env/lib/python3.12/site-packages/airflow/example_dags/example_display_name.py
[2024-05-18T05:37:25.353+0000] {logging_mixin.py:188} INFO - [2024-05-18T05:37:25.353+0000] {dag.py:3096} INFO - Sync 1 DAGs
[2024-05-18T05:37:25.374+0000] {logging_mixin.py:188} INFO - [2024-05-18T05:37:25.374+0000] {dag.py:3954} INFO - Setting next_dagrun for example_display_name to None, run_after=None
[2024-05-18T05:37:25.402+0000] {processor.py:183} INFO - Processing /home/ubuntu/airflow/airflow_env/lib/python3.12/site-packages/airflow/example_dags/example_display_name.py took 0.130 seconds
[2024-05-18T05:37:55.630+0000] {processor.py:161} INFO - Started process (PID=15668) to work on /home/ubuntu/airflow/airflow_env/lib/python3.12/site-packages/airflow/example_dags/example_display_name.py
[2024-05-18T05:37:55.631+0000] {processor.py:830} INFO - Processing file /home/ubuntu/airflow/airflow_env/lib/python3.12/site-packages/airflow/example_dags/example_display_name.py for tasks to queue
[2024-05-18T05:37:55.633+0000] {logging_mixin.py:188} INFO - [2024-05-18T05:37:55.633+0000] {dagbag.py:545} INFO - Filling up the DagBag from /home/ubuntu/airflow/airflow_env/lib/python3.12/site-packages/airflow/example_dags/example_display_name.py
[2024-05-18T05:37:55.640+0000] {processor.py:840} INFO - DAG(s) 'example_display_name' retrieved from /home/ubuntu/airflow/airflow_env/lib/python3.12/site-packages/airflow/example_dags/example_display_name.py
[2024-05-18T05:37:55.706+0000] {logging_mixin.py:188} INFO - [2024-05-18T05:37:55.705+0000] {dag.py:3096} INFO - Sync 1 DAGs
[2024-05-18T05:37:55.724+0000] {logging_mixin.py:188} INFO - [2024-05-18T05:37:55.724+0000] {dag.py:3954} INFO - Setting next_dagrun for example_display_name to None, run_after=None
[2024-05-18T05:37:55.778+0000] {processor.py:183} INFO - Processing /home/ubuntu/airflow/airflow_env/lib/python3.12/site-packages/airflow/example_dags/example_display_name.py took 0.156 seconds
[2024-05-18T05:38:26.808+0000] {processor.py:161} INFO - Started process (PID=15719) to work on /home/ubuntu/airflow/airflow_env/lib/python3.12/site-packages/airflow/example_dags/example_display_name.py
[2024-05-18T05:38:26.810+0000] {processor.py:830} INFO - Processing file /home/ubuntu/airflow/airflow_env/lib/python3.12/site-packages/airflow/example_dags/example_display_name.py for tasks to queue
[2024-05-18T05:38:26.812+0000] {logging_mixin.py:188} INFO - [2024-05-18T05:38:26.812+0000] {dagbag.py:545} INFO - Filling up the DagBag from /home/ubuntu/airflow/airflow_env/lib/python3.12/site-packages/airflow/example_dags/example_display_name.py
[2024-05-18T05:38:26.821+0000] {processor.py:840} INFO - DAG(s) 'example_display_name' retrieved from /home/ubuntu/airflow/airflow_env/lib/python3.12/site-packages/airflow/example_dags/example_display_name.py
[2024-05-18T05:38:26.884+0000] {logging_mixin.py:188} INFO - [2024-05-18T05:38:26.884+0000] {dag.py:3096} INFO - Sync 1 DAGs
[2024-05-18T05:38:26.912+0000] {logging_mixin.py:188} INFO - [2024-05-18T05:38:26.912+0000] {dag.py:3954} INFO - Setting next_dagrun for example_display_name to None, run_after=None
[2024-05-18T05:38:26.970+0000] {processor.py:183} INFO - Processing /home/ubuntu/airflow/airflow_env/lib/python3.12/site-packages/airflow/example_dags/example_display_name.py took 0.172 seconds
[2024-05-18T05:38:57.197+0000] {processor.py:161} INFO - Started process (PID=15770) to work on /home/ubuntu/airflow/airflow_env/lib/python3.12/site-packages/airflow/example_dags/example_display_name.py
[2024-05-18T05:38:57.198+0000] {processor.py:830} INFO - Processing file /home/ubuntu/airflow/airflow_env/lib/python3.12/site-packages/airflow/example_dags/example_display_name.py for tasks to queue
[2024-05-18T05:38:57.200+0000] {logging_mixin.py:188} INFO - [2024-05-18T05:38:57.200+0000] {dagbag.py:545} INFO - Filling up the DagBag from /home/ubuntu/airflow/airflow_env/lib/python3.12/site-packages/airflow/example_dags/example_display_name.py
[2024-05-18T05:38:57.212+0000] {processor.py:840} INFO - DAG(s) 'example_display_name' retrieved from /home/ubuntu/airflow/airflow_env/lib/python3.12/site-packages/airflow/example_dags/example_display_name.py
[2024-05-18T05:38:57.279+0000] {logging_mixin.py:188} INFO - [2024-05-18T05:38:57.278+0000] {dag.py:3096} INFO - Sync 1 DAGs
[2024-05-18T05:38:57.308+0000] {logging_mixin.py:188} INFO - [2024-05-18T05:38:57.308+0000] {dag.py:3954} INFO - Setting next_dagrun for example_display_name to None, run_after=None
[2024-05-18T05:38:57.337+0000] {processor.py:183} INFO - Processing /home/ubuntu/airflow/airflow_env/lib/python3.12/site-packages/airflow/example_dags/example_display_name.py took 0.154 seconds
[2024-05-18T05:39:28.274+0000] {processor.py:161} INFO - Started process (PID=15822) to work on /home/ubuntu/airflow/airflow_env/lib/python3.12/site-packages/airflow/example_dags/example_display_name.py
[2024-05-18T05:39:28.277+0000] {processor.py:830} INFO - Processing file /home/ubuntu/airflow/airflow_env/lib/python3.12/site-packages/airflow/example_dags/example_display_name.py for tasks to queue
[2024-05-18T05:39:28.280+0000] {logging_mixin.py:188} INFO - [2024-05-18T05:39:28.279+0000] {dagbag.py:545} INFO - Filling up the DagBag from /home/ubuntu/airflow/airflow_env/lib/python3.12/site-packages/airflow/example_dags/example_display_name.py
[2024-05-18T05:39:28.287+0000] {processor.py:840} INFO - DAG(s) 'example_display_name' retrieved from /home/ubuntu/airflow/airflow_env/lib/python3.12/site-packages/airflow/example_dags/example_display_name.py
[2024-05-18T05:39:28.342+0000] {logging_mixin.py:188} INFO - [2024-05-18T05:39:28.342+0000] {dag.py:3096} INFO - Sync 1 DAGs
[2024-05-18T05:39:28.361+0000] {logging_mixin.py:188} INFO - [2024-05-18T05:39:28.361+0000] {dag.py:3954} INFO - Setting next_dagrun for example_display_name to None, run_after=None
[2024-05-18T05:39:28.388+0000] {processor.py:183} INFO - Processing /home/ubuntu/airflow/airflow_env/lib/python3.12/site-packages/airflow/example_dags/example_display_name.py took 0.122 seconds
[2024-05-18T05:39:58.898+0000] {processor.py:161} INFO - Started process (PID=15873) to work on /home/ubuntu/airflow/airflow_env/lib/python3.12/site-packages/airflow/example_dags/example_display_name.py
[2024-05-18T05:39:58.899+0000] {processor.py:830} INFO - Processing file /home/ubuntu/airflow/airflow_env/lib/python3.12/site-packages/airflow/example_dags/example_display_name.py for tasks to queue
[2024-05-18T05:39:58.901+0000] {logging_mixin.py:188} INFO - [2024-05-18T05:39:58.901+0000] {dagbag.py:545} INFO - Filling up the DagBag from /home/ubuntu/airflow/airflow_env/lib/python3.12/site-packages/airflow/example_dags/example_display_name.py
[2024-05-18T05:39:58.908+0000] {processor.py:840} INFO - DAG(s) 'example_display_name' retrieved from /home/ubuntu/airflow/airflow_env/lib/python3.12/site-packages/airflow/example_dags/example_display_name.py
[2024-05-18T05:39:58.967+0000] {logging_mixin.py:188} INFO - [2024-05-18T05:39:58.966+0000] {dag.py:3096} INFO - Sync 1 DAGs
[2024-05-18T05:39:58.990+0000] {logging_mixin.py:188} INFO - [2024-05-18T05:39:58.990+0000] {dag.py:3954} INFO - Setting next_dagrun for example_display_name to None, run_after=None
[2024-05-18T05:39:59.033+0000] {processor.py:183} INFO - Processing /home/ubuntu/airflow/airflow_env/lib/python3.12/site-packages/airflow/example_dags/example_display_name.py took 0.145 seconds
[2024-05-18T05:40:29.361+0000] {processor.py:161} INFO - Started process (PID=16208) to work on /home/ubuntu/airflow/airflow_env/lib/python3.12/site-packages/airflow/example_dags/example_display_name.py
[2024-05-18T05:40:29.363+0000] {processor.py:830} INFO - Processing file /home/ubuntu/airflow/airflow_env/lib/python3.12/site-packages/airflow/example_dags/example_display_name.py for tasks to queue
[2024-05-18T05:40:29.365+0000] {logging_mixin.py:188} INFO - [2024-05-18T05:40:29.365+0000] {dagbag.py:545} INFO - Filling up the DagBag from /home/ubuntu/airflow/airflow_env/lib/python3.12/site-packages/airflow/example_dags/example_display_name.py
[2024-05-18T05:40:29.371+0000] {processor.py:840} INFO - DAG(s) 'example_display_name' retrieved from /home/ubuntu/airflow/airflow_env/lib/python3.12/site-packages/airflow/example_dags/example_display_name.py
[2024-05-18T05:40:29.435+0000] {logging_mixin.py:188} INFO - [2024-05-18T05:40:29.435+0000] {dag.py:3096} INFO - Sync 1 DAGs
[2024-05-18T05:40:29.457+0000] {logging_mixin.py:188} INFO - [2024-05-18T05:40:29.457+0000] {dag.py:3954} INFO - Setting next_dagrun for example_display_name to None, run_after=None
[2024-05-18T05:40:29.497+0000] {processor.py:183} INFO - Processing /home/ubuntu/airflow/airflow_env/lib/python3.12/site-packages/airflow/example_dags/example_display_name.py took 0.142 seconds
[2024-05-18T05:41:00.547+0000] {processor.py:161} INFO - Started process (PID=16261) to work on /home/ubuntu/airflow/airflow_env/lib/python3.12/site-packages/airflow/example_dags/example_display_name.py
[2024-05-18T05:41:00.548+0000] {processor.py:830} INFO - Processing file /home/ubuntu/airflow/airflow_env/lib/python3.12/site-packages/airflow/example_dags/example_display_name.py for tasks to queue
[2024-05-18T05:41:00.551+0000] {logging_mixin.py:188} INFO - [2024-05-18T05:41:00.550+0000] {dagbag.py:545} INFO - Filling up the DagBag from /home/ubuntu/airflow/airflow_env/lib/python3.12/site-packages/airflow/example_dags/example_display_name.py
[2024-05-18T05:41:00.559+0000] {processor.py:840} INFO - DAG(s) 'example_display_name' retrieved from /home/ubuntu/airflow/airflow_env/lib/python3.12/site-packages/airflow/example_dags/example_display_name.py
[2024-05-18T05:41:00.624+0000] {logging_mixin.py:188} INFO - [2024-05-18T05:41:00.622+0000] {dag.py:3096} INFO - Sync 1 DAGs
[2024-05-18T05:41:00.661+0000] {logging_mixin.py:188} INFO - [2024-05-18T05:41:00.661+0000] {dag.py:3954} INFO - Setting next_dagrun for example_display_name to None, run_after=None
[2024-05-18T05:41:00.741+0000] {processor.py:183} INFO - Processing /home/ubuntu/airflow/airflow_env/lib/python3.12/site-packages/airflow/example_dags/example_display_name.py took 0.204 seconds
[2024-05-18T05:41:31.372+0000] {processor.py:161} INFO - Started process (PID=16313) to work on /home/ubuntu/airflow/airflow_env/lib/python3.12/site-packages/airflow/example_dags/example_display_name.py
[2024-05-18T05:41:31.373+0000] {processor.py:830} INFO - Processing file /home/ubuntu/airflow/airflow_env/lib/python3.12/site-packages/airflow/example_dags/example_display_name.py for tasks to queue
[2024-05-18T05:41:31.375+0000] {logging_mixin.py:188} INFO - [2024-05-18T05:41:31.375+0000] {dagbag.py:545} INFO - Filling up the DagBag from /home/ubuntu/airflow/airflow_env/lib/python3.12/site-packages/airflow/example_dags/example_display_name.py
[2024-05-18T05:41:31.383+0000] {processor.py:840} INFO - DAG(s) 'example_display_name' retrieved from /home/ubuntu/airflow/airflow_env/lib/python3.12/site-packages/airflow/example_dags/example_display_name.py
[2024-05-18T05:41:31.440+0000] {logging_mixin.py:188} INFO - [2024-05-18T05:41:31.439+0000] {dag.py:3096} INFO - Sync 1 DAGs
[2024-05-18T05:41:31.463+0000] {logging_mixin.py:188} INFO - [2024-05-18T05:41:31.463+0000] {dag.py:3954} INFO - Setting next_dagrun for example_display_name to None, run_after=None
[2024-05-18T05:41:31.503+0000] {processor.py:183} INFO - Processing /home/ubuntu/airflow/airflow_env/lib/python3.12/site-packages/airflow/example_dags/example_display_name.py took 0.139 seconds
[2024-05-18T05:42:02.684+0000] {processor.py:161} INFO - Started process (PID=16365) to work on /home/ubuntu/airflow/airflow_env/lib/python3.12/site-packages/airflow/example_dags/example_display_name.py
[2024-05-18T05:42:02.686+0000] {processor.py:830} INFO - Processing file /home/ubuntu/airflow/airflow_env/lib/python3.12/site-packages/airflow/example_dags/example_display_name.py for tasks to queue
[2024-05-18T05:42:02.690+0000] {logging_mixin.py:188} INFO - [2024-05-18T05:42:02.690+0000] {dagbag.py:545} INFO - Filling up the DagBag from /home/ubuntu/airflow/airflow_env/lib/python3.12/site-packages/airflow/example_dags/example_display_name.py
[2024-05-18T05:42:02.713+0000] {processor.py:840} INFO - DAG(s) 'example_display_name' retrieved from /home/ubuntu/airflow/airflow_env/lib/python3.12/site-packages/airflow/example_dags/example_display_name.py
[2024-05-18T05:42:02.803+0000] {logging_mixin.py:188} INFO - [2024-05-18T05:42:02.802+0000] {dag.py:3096} INFO - Sync 1 DAGs
[2024-05-18T05:42:02.823+0000] {logging_mixin.py:188} INFO - [2024-05-18T05:42:02.823+0000] {dag.py:3954} INFO - Setting next_dagrun for example_display_name to None, run_after=None
[2024-05-18T05:42:02.857+0000] {processor.py:183} INFO - Processing /home/ubuntu/airflow/airflow_env/lib/python3.12/site-packages/airflow/example_dags/example_display_name.py took 0.187 seconds
[2024-05-18T05:42:33.755+0000] {processor.py:161} INFO - Started process (PID=16416) to work on /home/ubuntu/airflow/airflow_env/lib/python3.12/site-packages/airflow/example_dags/example_display_name.py
[2024-05-18T05:42:33.756+0000] {processor.py:830} INFO - Processing file /home/ubuntu/airflow/airflow_env/lib/python3.12/site-packages/airflow/example_dags/example_display_name.py for tasks to queue
[2024-05-18T05:42:33.758+0000] {logging_mixin.py:188} INFO - [2024-05-18T05:42:33.758+0000] {dagbag.py:545} INFO - Filling up the DagBag from /home/ubuntu/airflow/airflow_env/lib/python3.12/site-packages/airflow/example_dags/example_display_name.py
[2024-05-18T05:42:33.765+0000] {processor.py:840} INFO - DAG(s) 'example_display_name' retrieved from /home/ubuntu/airflow/airflow_env/lib/python3.12/site-packages/airflow/example_dags/example_display_name.py
[2024-05-18T05:42:33.825+0000] {logging_mixin.py:188} INFO - [2024-05-18T05:42:33.825+0000] {dag.py:3096} INFO - Sync 1 DAGs
[2024-05-18T05:42:33.844+0000] {logging_mixin.py:188} INFO - [2024-05-18T05:42:33.844+0000] {dag.py:3954} INFO - Setting next_dagrun for example_display_name to None, run_after=None
[2024-05-18T05:42:33.869+0000] {processor.py:183} INFO - Processing /home/ubuntu/airflow/airflow_env/lib/python3.12/site-packages/airflow/example_dags/example_display_name.py took 0.122 seconds
[2024-05-18T05:43:04.876+0000] {processor.py:161} INFO - Started process (PID=16496) to work on /home/ubuntu/airflow/airflow_env/lib/python3.12/site-packages/airflow/example_dags/example_display_name.py
[2024-05-18T05:43:04.877+0000] {processor.py:830} INFO - Processing file /home/ubuntu/airflow/airflow_env/lib/python3.12/site-packages/airflow/example_dags/example_display_name.py for tasks to queue
[2024-05-18T05:43:04.879+0000] {logging_mixin.py:188} INFO - [2024-05-18T05:43:04.878+0000] {dagbag.py:545} INFO - Filling up the DagBag from /home/ubuntu/airflow/airflow_env/lib/python3.12/site-packages/airflow/example_dags/example_display_name.py
[2024-05-18T05:43:04.886+0000] {processor.py:840} INFO - DAG(s) 'example_display_name' retrieved from /home/ubuntu/airflow/airflow_env/lib/python3.12/site-packages/airflow/example_dags/example_display_name.py
[2024-05-18T05:43:04.937+0000] {logging_mixin.py:188} INFO - [2024-05-18T05:43:04.937+0000] {dag.py:3096} INFO - Sync 1 DAGs
[2024-05-18T05:43:04.951+0000] {logging_mixin.py:188} INFO - [2024-05-18T05:43:04.950+0000] {dag.py:3954} INFO - Setting next_dagrun for example_display_name to None, run_after=None
[2024-05-18T05:43:04.984+0000] {processor.py:183} INFO - Processing /home/ubuntu/airflow/airflow_env/lib/python3.12/site-packages/airflow/example_dags/example_display_name.py took 0.116 seconds
[2024-05-18T05:43:35.524+0000] {processor.py:161} INFO - Started process (PID=16552) to work on /home/ubuntu/airflow/airflow_env/lib/python3.12/site-packages/airflow/example_dags/example_display_name.py
[2024-05-18T05:43:35.525+0000] {processor.py:830} INFO - Processing file /home/ubuntu/airflow/airflow_env/lib/python3.12/site-packages/airflow/example_dags/example_display_name.py for tasks to queue
[2024-05-18T05:43:35.527+0000] {logging_mixin.py:188} INFO - [2024-05-18T05:43:35.527+0000] {dagbag.py:545} INFO - Filling up the DagBag from /home/ubuntu/airflow/airflow_env/lib/python3.12/site-packages/airflow/example_dags/example_display_name.py
[2024-05-18T05:43:35.534+0000] {processor.py:840} INFO - DAG(s) 'example_display_name' retrieved from /home/ubuntu/airflow/airflow_env/lib/python3.12/site-packages/airflow/example_dags/example_display_name.py
[2024-05-18T05:43:35.596+0000] {logging_mixin.py:188} INFO - [2024-05-18T05:43:35.595+0000] {dag.py:3096} INFO - Sync 1 DAGs
[2024-05-18T05:43:35.617+0000] {logging_mixin.py:188} INFO - [2024-05-18T05:43:35.617+0000] {dag.py:3954} INFO - Setting next_dagrun for example_display_name to None, run_after=None
[2024-05-18T05:43:35.675+0000] {processor.py:183} INFO - Processing /home/ubuntu/airflow/airflow_env/lib/python3.12/site-packages/airflow/example_dags/example_display_name.py took 0.156 seconds
