[2024-05-18T04:44:31.638+0000] {processor.py:161} INFO - Started process (PID=12278) to work on /home/ubuntu/chch-fuel-recommendator/airflow/af_env/lib/python3.12/site-packages/airflow/example_dags/example_latest_only_with_trigger.py
[2024-05-18T04:44:31.638+0000] {processor.py:830} INFO - Processing file /home/ubuntu/chch-fuel-recommendator/airflow/af_env/lib/python3.12/site-packages/airflow/example_dags/example_latest_only_with_trigger.py for tasks to queue
[2024-05-18T04:44:31.640+0000] {logging_mixin.py:188} INFO - [2024-05-18T04:44:31.640+0000] {dagbag.py:545} INFO - Filling up the DagBag from /home/ubuntu/chch-fuel-recommendator/airflow/af_env/lib/python3.12/site-packages/airflow/example_dags/example_latest_only_with_trigger.py
[2024-05-18T04:44:31.646+0000] {processor.py:840} INFO - DAG(s) 'latest_only_with_trigger' retrieved from /home/ubuntu/chch-fuel-recommendator/airflow/af_env/lib/python3.12/site-packages/airflow/example_dags/example_latest_only_with_trigger.py
[2024-05-18T04:44:31.778+0000] {logging_mixin.py:188} INFO - [2024-05-18T04:44:31.777+0000] {override.py:1829} INFO - Created Permission View: can edit on DAG:latest_only_with_trigger
[2024-05-18T04:44:31.792+0000] {logging_mixin.py:188} INFO - [2024-05-18T04:44:31.792+0000] {override.py:1829} INFO - Created Permission View: can read on DAG:latest_only_with_trigger
[2024-05-18T04:44:31.805+0000] {logging_mixin.py:188} INFO - [2024-05-18T04:44:31.805+0000] {override.py:1829} INFO - Created Permission View: can delete on DAG:latest_only_with_trigger
[2024-05-18T04:44:31.806+0000] {logging_mixin.py:188} INFO - [2024-05-18T04:44:31.805+0000] {dag.py:3096} INFO - Sync 1 DAGs
[2024-05-18T04:44:31.818+0000] {logging_mixin.py:188} INFO - [2024-05-18T04:44:31.818+0000] {dag.py:3118} INFO - Creating ORM DAG for latest_only_with_trigger
[2024-05-18T04:44:31.828+0000] {logging_mixin.py:188} INFO - [2024-05-18T04:44:31.828+0000] {dag.py:3954} INFO - Setting next_dagrun for latest_only_with_trigger to 2024-05-18 00:00:00+00:00, run_after=2024-05-18 04:00:00+00:00
[2024-05-18T04:44:31.868+0000] {processor.py:183} INFO - Processing /home/ubuntu/chch-fuel-recommendator/airflow/af_env/lib/python3.12/site-packages/airflow/example_dags/example_latest_only_with_trigger.py took 0.242 seconds
[2024-05-18T04:45:26.872+0000] {processor.py:161} INFO - Started process (PID=12332) to work on /home/ubuntu/chch-fuel-recommendator/airflow/af_env/lib/python3.12/site-packages/airflow/example_dags/example_latest_only_with_trigger.py
[2024-05-18T04:45:26.874+0000] {processor.py:830} INFO - Processing file /home/ubuntu/chch-fuel-recommendator/airflow/af_env/lib/python3.12/site-packages/airflow/example_dags/example_latest_only_with_trigger.py for tasks to queue
[2024-05-18T04:45:26.877+0000] {logging_mixin.py:188} INFO - [2024-05-18T04:45:26.876+0000] {dagbag.py:545} INFO - Filling up the DagBag from /home/ubuntu/chch-fuel-recommendator/airflow/af_env/lib/python3.12/site-packages/airflow/example_dags/example_latest_only_with_trigger.py
[2024-05-18T04:45:26.886+0000] {processor.py:840} INFO - DAG(s) 'latest_only_with_trigger' retrieved from /home/ubuntu/chch-fuel-recommendator/airflow/af_env/lib/python3.12/site-packages/airflow/example_dags/example_latest_only_with_trigger.py
[2024-05-18T04:45:26.909+0000] {logging_mixin.py:188} INFO - [2024-05-18T04:45:26.909+0000] {dag.py:3096} INFO - Sync 1 DAGs
[2024-05-18T04:45:26.944+0000] {logging_mixin.py:188} INFO - [2024-05-18T04:45:26.943+0000] {dag.py:3954} INFO - Setting next_dagrun for latest_only_with_trigger to 2024-05-18 00:00:00+00:00, run_after=2024-05-18 04:00:00+00:00
[2024-05-18T04:45:26.977+0000] {processor.py:183} INFO - Processing /home/ubuntu/chch-fuel-recommendator/airflow/af_env/lib/python3.12/site-packages/airflow/example_dags/example_latest_only_with_trigger.py took 0.112 seconds
[2024-05-18T04:46:28.523+0000] {processor.py:161} INFO - Started process (PID=12392) to work on /home/ubuntu/chch-fuel-recommendator/airflow/af_env/lib/python3.12/site-packages/airflow/example_dags/example_latest_only_with_trigger.py
[2024-05-18T04:46:28.524+0000] {processor.py:830} INFO - Processing file /home/ubuntu/chch-fuel-recommendator/airflow/af_env/lib/python3.12/site-packages/airflow/example_dags/example_latest_only_with_trigger.py for tasks to queue
[2024-05-18T04:46:28.527+0000] {logging_mixin.py:188} INFO - [2024-05-18T04:46:28.527+0000] {dagbag.py:545} INFO - Filling up the DagBag from /home/ubuntu/chch-fuel-recommendator/airflow/af_env/lib/python3.12/site-packages/airflow/example_dags/example_latest_only_with_trigger.py
[2024-05-18T04:46:28.534+0000] {processor.py:840} INFO - DAG(s) 'latest_only_with_trigger' retrieved from /home/ubuntu/chch-fuel-recommendator/airflow/af_env/lib/python3.12/site-packages/airflow/example_dags/example_latest_only_with_trigger.py
[2024-05-18T04:46:28.555+0000] {logging_mixin.py:188} INFO - [2024-05-18T04:46:28.554+0000] {dag.py:3096} INFO - Sync 1 DAGs
[2024-05-18T04:46:28.579+0000] {logging_mixin.py:188} INFO - [2024-05-18T04:46:28.579+0000] {dag.py:3954} INFO - Setting next_dagrun for latest_only_with_trigger to 2024-05-18 00:00:00+00:00, run_after=2024-05-18 04:00:00+00:00
[2024-05-18T04:46:28.613+0000] {processor.py:183} INFO - Processing /home/ubuntu/chch-fuel-recommendator/airflow/af_env/lib/python3.12/site-packages/airflow/example_dags/example_latest_only_with_trigger.py took 0.099 seconds
[2024-05-18T04:47:18.548+0000] {processor.py:161} INFO - Started process (PID=12441) to work on /home/ubuntu/chch-fuel-recommendator/airflow/af_env/lib/python3.12/site-packages/airflow/example_dags/example_latest_only_with_trigger.py
[2024-05-18T04:47:18.549+0000] {processor.py:830} INFO - Processing file /home/ubuntu/chch-fuel-recommendator/airflow/af_env/lib/python3.12/site-packages/airflow/example_dags/example_latest_only_with_trigger.py for tasks to queue
[2024-05-18T04:47:18.551+0000] {logging_mixin.py:188} INFO - [2024-05-18T04:47:18.550+0000] {dagbag.py:545} INFO - Filling up the DagBag from /home/ubuntu/chch-fuel-recommendator/airflow/af_env/lib/python3.12/site-packages/airflow/example_dags/example_latest_only_with_trigger.py
[2024-05-18T04:47:18.556+0000] {processor.py:840} INFO - DAG(s) 'latest_only_with_trigger' retrieved from /home/ubuntu/chch-fuel-recommendator/airflow/af_env/lib/python3.12/site-packages/airflow/example_dags/example_latest_only_with_trigger.py
[2024-05-18T04:47:18.572+0000] {logging_mixin.py:188} INFO - [2024-05-18T04:47:18.571+0000] {dag.py:3096} INFO - Sync 1 DAGs
[2024-05-18T04:47:18.589+0000] {logging_mixin.py:188} INFO - [2024-05-18T04:47:18.589+0000] {dag.py:3954} INFO - Setting next_dagrun for latest_only_with_trigger to 2024-05-18 00:00:00+00:00, run_after=2024-05-18 04:00:00+00:00
[2024-05-18T04:47:18.618+0000] {processor.py:183} INFO - Processing /home/ubuntu/chch-fuel-recommendator/airflow/af_env/lib/python3.12/site-packages/airflow/example_dags/example_latest_only_with_trigger.py took 0.075 seconds
[2024-05-18T04:48:10.118+0000] {processor.py:161} INFO - Started process (PID=12492) to work on /home/ubuntu/chch-fuel-recommendator/airflow/af_env/lib/python3.12/site-packages/airflow/example_dags/example_latest_only_with_trigger.py
[2024-05-18T04:48:10.120+0000] {processor.py:830} INFO - Processing file /home/ubuntu/chch-fuel-recommendator/airflow/af_env/lib/python3.12/site-packages/airflow/example_dags/example_latest_only_with_trigger.py for tasks to queue
[2024-05-18T04:48:10.122+0000] {logging_mixin.py:188} INFO - [2024-05-18T04:48:10.121+0000] {dagbag.py:545} INFO - Filling up the DagBag from /home/ubuntu/chch-fuel-recommendator/airflow/af_env/lib/python3.12/site-packages/airflow/example_dags/example_latest_only_with_trigger.py
[2024-05-18T04:48:10.129+0000] {processor.py:840} INFO - DAG(s) 'latest_only_with_trigger' retrieved from /home/ubuntu/chch-fuel-recommendator/airflow/af_env/lib/python3.12/site-packages/airflow/example_dags/example_latest_only_with_trigger.py
[2024-05-18T04:48:10.156+0000] {logging_mixin.py:188} INFO - [2024-05-18T04:48:10.155+0000] {dag.py:3096} INFO - Sync 1 DAGs
[2024-05-18T04:48:10.179+0000] {logging_mixin.py:188} INFO - [2024-05-18T04:48:10.179+0000] {dag.py:3954} INFO - Setting next_dagrun for latest_only_with_trigger to 2024-05-18 00:00:00+00:00, run_after=2024-05-18 04:00:00+00:00
[2024-05-18T04:48:10.221+0000] {processor.py:183} INFO - Processing /home/ubuntu/chch-fuel-recommendator/airflow/af_env/lib/python3.12/site-packages/airflow/example_dags/example_latest_only_with_trigger.py took 0.109 seconds
[2024-05-18T04:49:14.090+0000] {processor.py:161} INFO - Started process (PID=12556) to work on /home/ubuntu/chch-fuel-recommendator/airflow/af_env/lib/python3.12/site-packages/airflow/example_dags/example_latest_only_with_trigger.py
[2024-05-18T04:49:14.091+0000] {processor.py:830} INFO - Processing file /home/ubuntu/chch-fuel-recommendator/airflow/af_env/lib/python3.12/site-packages/airflow/example_dags/example_latest_only_with_trigger.py for tasks to queue
[2024-05-18T04:49:14.093+0000] {logging_mixin.py:188} INFO - [2024-05-18T04:49:14.093+0000] {dagbag.py:545} INFO - Filling up the DagBag from /home/ubuntu/chch-fuel-recommendator/airflow/af_env/lib/python3.12/site-packages/airflow/example_dags/example_latest_only_with_trigger.py
[2024-05-18T04:49:14.101+0000] {processor.py:840} INFO - DAG(s) 'latest_only_with_trigger' retrieved from /home/ubuntu/chch-fuel-recommendator/airflow/af_env/lib/python3.12/site-packages/airflow/example_dags/example_latest_only_with_trigger.py
[2024-05-18T04:49:14.122+0000] {logging_mixin.py:188} INFO - [2024-05-18T04:49:14.122+0000] {dag.py:3096} INFO - Sync 1 DAGs
[2024-05-18T04:49:14.145+0000] {logging_mixin.py:188} INFO - [2024-05-18T04:49:14.145+0000] {dag.py:3954} INFO - Setting next_dagrun for latest_only_with_trigger to 2024-05-18 00:00:00+00:00, run_after=2024-05-18 04:00:00+00:00
[2024-05-18T04:49:14.173+0000] {processor.py:183} INFO - Processing /home/ubuntu/chch-fuel-recommendator/airflow/af_env/lib/python3.12/site-packages/airflow/example_dags/example_latest_only_with_trigger.py took 0.090 seconds
[2024-05-18T04:50:20.190+0000] {processor.py:161} INFO - Started process (PID=12625) to work on /home/ubuntu/chch-fuel-recommendator/airflow/af_env/lib/python3.12/site-packages/airflow/example_dags/example_latest_only_with_trigger.py
[2024-05-18T04:50:20.192+0000] {processor.py:830} INFO - Processing file /home/ubuntu/chch-fuel-recommendator/airflow/af_env/lib/python3.12/site-packages/airflow/example_dags/example_latest_only_with_trigger.py for tasks to queue
[2024-05-18T04:50:20.195+0000] {logging_mixin.py:188} INFO - [2024-05-18T04:50:20.195+0000] {dagbag.py:545} INFO - Filling up the DagBag from /home/ubuntu/chch-fuel-recommendator/airflow/af_env/lib/python3.12/site-packages/airflow/example_dags/example_latest_only_with_trigger.py
[2024-05-18T04:50:20.208+0000] {processor.py:840} INFO - DAG(s) 'latest_only_with_trigger' retrieved from /home/ubuntu/chch-fuel-recommendator/airflow/af_env/lib/python3.12/site-packages/airflow/example_dags/example_latest_only_with_trigger.py
[2024-05-18T04:50:20.244+0000] {logging_mixin.py:188} INFO - [2024-05-18T04:50:20.244+0000] {dag.py:3096} INFO - Sync 1 DAGs
[2024-05-18T04:50:20.268+0000] {logging_mixin.py:188} INFO - [2024-05-18T04:50:20.268+0000] {dag.py:3954} INFO - Setting next_dagrun for latest_only_with_trigger to 2024-05-18 00:00:00+00:00, run_after=2024-05-18 04:00:00+00:00
[2024-05-18T04:50:20.300+0000] {processor.py:183} INFO - Processing /home/ubuntu/chch-fuel-recommendator/airflow/af_env/lib/python3.12/site-packages/airflow/example_dags/example_latest_only_with_trigger.py took 0.122 seconds
[2024-05-18T04:51:27.623+0000] {processor.py:161} INFO - Started process (PID=12692) to work on /home/ubuntu/chch-fuel-recommendator/airflow/af_env/lib/python3.12/site-packages/airflow/example_dags/example_latest_only_with_trigger.py
[2024-05-18T04:51:27.625+0000] {processor.py:830} INFO - Processing file /home/ubuntu/chch-fuel-recommendator/airflow/af_env/lib/python3.12/site-packages/airflow/example_dags/example_latest_only_with_trigger.py for tasks to queue
[2024-05-18T04:51:27.627+0000] {logging_mixin.py:188} INFO - [2024-05-18T04:51:27.626+0000] {dagbag.py:545} INFO - Filling up the DagBag from /home/ubuntu/chch-fuel-recommendator/airflow/af_env/lib/python3.12/site-packages/airflow/example_dags/example_latest_only_with_trigger.py
[2024-05-18T04:51:27.632+0000] {processor.py:840} INFO - DAG(s) 'latest_only_with_trigger' retrieved from /home/ubuntu/chch-fuel-recommendator/airflow/af_env/lib/python3.12/site-packages/airflow/example_dags/example_latest_only_with_trigger.py
[2024-05-18T04:51:27.650+0000] {logging_mixin.py:188} INFO - [2024-05-18T04:51:27.650+0000] {dag.py:3096} INFO - Sync 1 DAGs
[2024-05-18T04:51:27.679+0000] {logging_mixin.py:188} INFO - [2024-05-18T04:51:27.678+0000] {dag.py:3954} INFO - Setting next_dagrun for latest_only_with_trigger to 2024-05-18 00:00:00+00:00, run_after=2024-05-18 04:00:00+00:00
[2024-05-18T04:51:27.706+0000] {processor.py:183} INFO - Processing /home/ubuntu/chch-fuel-recommendator/airflow/af_env/lib/python3.12/site-packages/airflow/example_dags/example_latest_only_with_trigger.py took 0.089 seconds
[2024-05-18T04:52:33.928+0000] {processor.py:161} INFO - Started process (PID=12757) to work on /home/ubuntu/chch-fuel-recommendator/airflow/af_env/lib/python3.12/site-packages/airflow/example_dags/example_latest_only_with_trigger.py
[2024-05-18T04:52:33.929+0000] {processor.py:830} INFO - Processing file /home/ubuntu/chch-fuel-recommendator/airflow/af_env/lib/python3.12/site-packages/airflow/example_dags/example_latest_only_with_trigger.py for tasks to queue
[2024-05-18T04:52:33.931+0000] {logging_mixin.py:188} INFO - [2024-05-18T04:52:33.931+0000] {dagbag.py:545} INFO - Filling up the DagBag from /home/ubuntu/chch-fuel-recommendator/airflow/af_env/lib/python3.12/site-packages/airflow/example_dags/example_latest_only_with_trigger.py
[2024-05-18T04:52:33.945+0000] {processor.py:840} INFO - DAG(s) 'latest_only_with_trigger' retrieved from /home/ubuntu/chch-fuel-recommendator/airflow/af_env/lib/python3.12/site-packages/airflow/example_dags/example_latest_only_with_trigger.py
[2024-05-18T04:52:33.975+0000] {logging_mixin.py:188} INFO - [2024-05-18T04:52:33.975+0000] {dag.py:3096} INFO - Sync 1 DAGs
[2024-05-18T04:52:34.004+0000] {logging_mixin.py:188} INFO - [2024-05-18T04:52:34.004+0000] {dag.py:3954} INFO - Setting next_dagrun for latest_only_with_trigger to 2024-05-18 00:00:00+00:00, run_after=2024-05-18 04:00:00+00:00
[2024-05-18T04:52:34.033+0000] {processor.py:183} INFO - Processing /home/ubuntu/chch-fuel-recommendator/airflow/af_env/lib/python3.12/site-packages/airflow/example_dags/example_latest_only_with_trigger.py took 0.112 seconds
[2024-05-18T04:53:41.195+0000] {processor.py:161} INFO - Started process (PID=12823) to work on /home/ubuntu/chch-fuel-recommendator/airflow/af_env/lib/python3.12/site-packages/airflow/example_dags/example_latest_only_with_trigger.py
[2024-05-18T04:53:41.197+0000] {processor.py:830} INFO - Processing file /home/ubuntu/chch-fuel-recommendator/airflow/af_env/lib/python3.12/site-packages/airflow/example_dags/example_latest_only_with_trigger.py for tasks to queue
[2024-05-18T04:53:41.199+0000] {logging_mixin.py:188} INFO - [2024-05-18T04:53:41.198+0000] {dagbag.py:545} INFO - Filling up the DagBag from /home/ubuntu/chch-fuel-recommendator/airflow/af_env/lib/python3.12/site-packages/airflow/example_dags/example_latest_only_with_trigger.py
[2024-05-18T04:53:41.206+0000] {processor.py:840} INFO - DAG(s) 'latest_only_with_trigger' retrieved from /home/ubuntu/chch-fuel-recommendator/airflow/af_env/lib/python3.12/site-packages/airflow/example_dags/example_latest_only_with_trigger.py
[2024-05-18T04:53:41.226+0000] {logging_mixin.py:188} INFO - [2024-05-18T04:53:41.226+0000] {dag.py:3096} INFO - Sync 1 DAGs
[2024-05-18T04:53:41.250+0000] {logging_mixin.py:188} INFO - [2024-05-18T04:53:41.250+0000] {dag.py:3954} INFO - Setting next_dagrun for latest_only_with_trigger to 2024-05-18 00:00:00+00:00, run_after=2024-05-18 04:00:00+00:00
[2024-05-18T04:53:41.278+0000] {processor.py:183} INFO - Processing /home/ubuntu/chch-fuel-recommendator/airflow/af_env/lib/python3.12/site-packages/airflow/example_dags/example_latest_only_with_trigger.py took 0.097 seconds
[2024-05-18T05:32:18.120+0000] {processor.py:161} INFO - Started process (PID=15092) to work on /home/ubuntu/airflow/airflow_env/lib/python3.12/site-packages/airflow/example_dags/example_latest_only_with_trigger.py
[2024-05-18T05:32:18.122+0000] {processor.py:830} INFO - Processing file /home/ubuntu/airflow/airflow_env/lib/python3.12/site-packages/airflow/example_dags/example_latest_only_with_trigger.py for tasks to queue
[2024-05-18T05:32:18.125+0000] {logging_mixin.py:188} INFO - [2024-05-18T05:32:18.124+0000] {dagbag.py:545} INFO - Filling up the DagBag from /home/ubuntu/airflow/airflow_env/lib/python3.12/site-packages/airflow/example_dags/example_latest_only_with_trigger.py
[2024-05-18T05:32:18.133+0000] {processor.py:840} INFO - DAG(s) 'latest_only_with_trigger' retrieved from /home/ubuntu/airflow/airflow_env/lib/python3.12/site-packages/airflow/example_dags/example_latest_only_with_trigger.py
[2024-05-18T05:32:18.317+0000] {logging_mixin.py:188} INFO - [2024-05-18T05:32:18.316+0000] {dag.py:3096} INFO - Sync 1 DAGs
[2024-05-18T05:32:18.345+0000] {logging_mixin.py:188} INFO - [2024-05-18T05:32:18.345+0000] {dag.py:3954} INFO - Setting next_dagrun for latest_only_with_trigger to 2024-05-18 00:00:00+00:00, run_after=2024-05-18 04:00:00+00:00
[2024-05-18T05:32:18.378+0000] {processor.py:183} INFO - Processing /home/ubuntu/airflow/airflow_env/lib/python3.12/site-packages/airflow/example_dags/example_latest_only_with_trigger.py took 0.267 seconds
[2024-05-18T05:32:48.426+0000] {processor.py:161} INFO - Started process (PID=15147) to work on /home/ubuntu/airflow/airflow_env/lib/python3.12/site-packages/airflow/example_dags/example_latest_only_with_trigger.py
[2024-05-18T05:32:48.428+0000] {processor.py:830} INFO - Processing file /home/ubuntu/airflow/airflow_env/lib/python3.12/site-packages/airflow/example_dags/example_latest_only_with_trigger.py for tasks to queue
[2024-05-18T05:32:48.429+0000] {logging_mixin.py:188} INFO - [2024-05-18T05:32:48.429+0000] {dagbag.py:545} INFO - Filling up the DagBag from /home/ubuntu/airflow/airflow_env/lib/python3.12/site-packages/airflow/example_dags/example_latest_only_with_trigger.py
[2024-05-18T05:32:48.436+0000] {processor.py:840} INFO - DAG(s) 'latest_only_with_trigger' retrieved from /home/ubuntu/airflow/airflow_env/lib/python3.12/site-packages/airflow/example_dags/example_latest_only_with_trigger.py
[2024-05-18T05:32:48.519+0000] {logging_mixin.py:188} INFO - [2024-05-18T05:32:48.519+0000] {dag.py:3096} INFO - Sync 1 DAGs
[2024-05-18T05:32:48.549+0000] {logging_mixin.py:188} INFO - [2024-05-18T05:32:48.549+0000] {dag.py:3954} INFO - Setting next_dagrun for latest_only_with_trigger to 2024-05-18 00:00:00+00:00, run_after=2024-05-18 04:00:00+00:00
[2024-05-18T05:32:48.571+0000] {processor.py:183} INFO - Processing /home/ubuntu/airflow/airflow_env/lib/python3.12/site-packages/airflow/example_dags/example_latest_only_with_trigger.py took 0.154 seconds
[2024-05-18T05:33:18.619+0000] {processor.py:161} INFO - Started process (PID=15201) to work on /home/ubuntu/airflow/airflow_env/lib/python3.12/site-packages/airflow/example_dags/example_latest_only_with_trigger.py
[2024-05-18T05:33:18.621+0000] {processor.py:830} INFO - Processing file /home/ubuntu/airflow/airflow_env/lib/python3.12/site-packages/airflow/example_dags/example_latest_only_with_trigger.py for tasks to queue
[2024-05-18T05:33:18.622+0000] {logging_mixin.py:188} INFO - [2024-05-18T05:33:18.622+0000] {dagbag.py:545} INFO - Filling up the DagBag from /home/ubuntu/airflow/airflow_env/lib/python3.12/site-packages/airflow/example_dags/example_latest_only_with_trigger.py
[2024-05-18T05:33:18.628+0000] {processor.py:840} INFO - DAG(s) 'latest_only_with_trigger' retrieved from /home/ubuntu/airflow/airflow_env/lib/python3.12/site-packages/airflow/example_dags/example_latest_only_with_trigger.py
[2024-05-18T05:33:18.679+0000] {logging_mixin.py:188} INFO - [2024-05-18T05:33:18.679+0000] {dag.py:3096} INFO - Sync 1 DAGs
[2024-05-18T05:33:18.704+0000] {logging_mixin.py:188} INFO - [2024-05-18T05:33:18.703+0000] {dag.py:3954} INFO - Setting next_dagrun for latest_only_with_trigger to 2024-05-18 00:00:00+00:00, run_after=2024-05-18 04:00:00+00:00
[2024-05-18T05:33:18.728+0000] {processor.py:183} INFO - Processing /home/ubuntu/airflow/airflow_env/lib/python3.12/site-packages/airflow/example_dags/example_latest_only_with_trigger.py took 0.114 seconds
[2024-05-18T05:33:48.868+0000] {processor.py:161} INFO - Started process (PID=15252) to work on /home/ubuntu/airflow/airflow_env/lib/python3.12/site-packages/airflow/example_dags/example_latest_only_with_trigger.py
[2024-05-18T05:33:48.870+0000] {processor.py:830} INFO - Processing file /home/ubuntu/airflow/airflow_env/lib/python3.12/site-packages/airflow/example_dags/example_latest_only_with_trigger.py for tasks to queue
[2024-05-18T05:33:48.872+0000] {logging_mixin.py:188} INFO - [2024-05-18T05:33:48.872+0000] {dagbag.py:545} INFO - Filling up the DagBag from /home/ubuntu/airflow/airflow_env/lib/python3.12/site-packages/airflow/example_dags/example_latest_only_with_trigger.py
[2024-05-18T05:33:48.882+0000] {processor.py:840} INFO - DAG(s) 'latest_only_with_trigger' retrieved from /home/ubuntu/airflow/airflow_env/lib/python3.12/site-packages/airflow/example_dags/example_latest_only_with_trigger.py
[2024-05-18T05:33:48.946+0000] {logging_mixin.py:188} INFO - [2024-05-18T05:33:48.946+0000] {dag.py:3096} INFO - Sync 1 DAGs
[2024-05-18T05:33:48.976+0000] {logging_mixin.py:188} INFO - [2024-05-18T05:33:48.976+0000] {dag.py:3954} INFO - Setting next_dagrun for latest_only_with_trigger to 2024-05-18 00:00:00+00:00, run_after=2024-05-18 04:00:00+00:00
[2024-05-18T05:33:49.000+0000] {processor.py:183} INFO - Processing /home/ubuntu/airflow/airflow_env/lib/python3.12/site-packages/airflow/example_dags/example_latest_only_with_trigger.py took 0.143 seconds
[2024-05-18T05:34:19.963+0000] {processor.py:161} INFO - Started process (PID=15303) to work on /home/ubuntu/airflow/airflow_env/lib/python3.12/site-packages/airflow/example_dags/example_latest_only_with_trigger.py
[2024-05-18T05:34:19.965+0000] {processor.py:830} INFO - Processing file /home/ubuntu/airflow/airflow_env/lib/python3.12/site-packages/airflow/example_dags/example_latest_only_with_trigger.py for tasks to queue
[2024-05-18T05:34:19.966+0000] {logging_mixin.py:188} INFO - [2024-05-18T05:34:19.966+0000] {dagbag.py:545} INFO - Filling up the DagBag from /home/ubuntu/airflow/airflow_env/lib/python3.12/site-packages/airflow/example_dags/example_latest_only_with_trigger.py
[2024-05-18T05:34:19.973+0000] {processor.py:840} INFO - DAG(s) 'latest_only_with_trigger' retrieved from /home/ubuntu/airflow/airflow_env/lib/python3.12/site-packages/airflow/example_dags/example_latest_only_with_trigger.py
[2024-05-18T05:34:20.027+0000] {logging_mixin.py:188} INFO - [2024-05-18T05:34:20.027+0000] {dag.py:3096} INFO - Sync 1 DAGs
[2024-05-18T05:34:20.065+0000] {logging_mixin.py:188} INFO - [2024-05-18T05:34:20.065+0000] {dag.py:3954} INFO - Setting next_dagrun for latest_only_with_trigger to 2024-05-18 00:00:00+00:00, run_after=2024-05-18 04:00:00+00:00
[2024-05-18T05:34:20.088+0000] {processor.py:183} INFO - Processing /home/ubuntu/airflow/airflow_env/lib/python3.12/site-packages/airflow/example_dags/example_latest_only_with_trigger.py took 0.134 seconds
[2024-05-18T05:34:51.118+0000] {processor.py:161} INFO - Started process (PID=15354) to work on /home/ubuntu/airflow/airflow_env/lib/python3.12/site-packages/airflow/example_dags/example_latest_only_with_trigger.py
[2024-05-18T05:34:51.121+0000] {processor.py:830} INFO - Processing file /home/ubuntu/airflow/airflow_env/lib/python3.12/site-packages/airflow/example_dags/example_latest_only_with_trigger.py for tasks to queue
[2024-05-18T05:34:51.124+0000] {logging_mixin.py:188} INFO - [2024-05-18T05:34:51.123+0000] {dagbag.py:545} INFO - Filling up the DagBag from /home/ubuntu/airflow/airflow_env/lib/python3.12/site-packages/airflow/example_dags/example_latest_only_with_trigger.py
[2024-05-18T05:34:51.134+0000] {processor.py:840} INFO - DAG(s) 'latest_only_with_trigger' retrieved from /home/ubuntu/airflow/airflow_env/lib/python3.12/site-packages/airflow/example_dags/example_latest_only_with_trigger.py
[2024-05-18T05:34:51.204+0000] {logging_mixin.py:188} INFO - [2024-05-18T05:34:51.204+0000] {dag.py:3096} INFO - Sync 1 DAGs
[2024-05-18T05:34:51.242+0000] {logging_mixin.py:188} INFO - [2024-05-18T05:34:51.242+0000] {dag.py:3954} INFO - Setting next_dagrun for latest_only_with_trigger to 2024-05-18 00:00:00+00:00, run_after=2024-05-18 04:00:00+00:00
[2024-05-18T05:34:51.266+0000] {processor.py:183} INFO - Processing /home/ubuntu/airflow/airflow_env/lib/python3.12/site-packages/airflow/example_dags/example_latest_only_with_trigger.py took 0.163 seconds
[2024-05-18T05:35:21.586+0000] {processor.py:161} INFO - Started process (PID=15408) to work on /home/ubuntu/airflow/airflow_env/lib/python3.12/site-packages/airflow/example_dags/example_latest_only_with_trigger.py
[2024-05-18T05:35:21.587+0000] {processor.py:830} INFO - Processing file /home/ubuntu/airflow/airflow_env/lib/python3.12/site-packages/airflow/example_dags/example_latest_only_with_trigger.py for tasks to queue
[2024-05-18T05:35:21.588+0000] {logging_mixin.py:188} INFO - [2024-05-18T05:35:21.588+0000] {dagbag.py:545} INFO - Filling up the DagBag from /home/ubuntu/airflow/airflow_env/lib/python3.12/site-packages/airflow/example_dags/example_latest_only_with_trigger.py
[2024-05-18T05:35:21.594+0000] {processor.py:840} INFO - DAG(s) 'latest_only_with_trigger' retrieved from /home/ubuntu/airflow/airflow_env/lib/python3.12/site-packages/airflow/example_dags/example_latest_only_with_trigger.py
[2024-05-18T05:35:21.639+0000] {logging_mixin.py:188} INFO - [2024-05-18T05:35:21.639+0000] {dag.py:3096} INFO - Sync 1 DAGs
[2024-05-18T05:35:21.666+0000] {logging_mixin.py:188} INFO - [2024-05-18T05:35:21.665+0000] {dag.py:3954} INFO - Setting next_dagrun for latest_only_with_trigger to 2024-05-18 00:00:00+00:00, run_after=2024-05-18 04:00:00+00:00
[2024-05-18T05:35:21.696+0000] {processor.py:183} INFO - Processing /home/ubuntu/airflow/airflow_env/lib/python3.12/site-packages/airflow/example_dags/example_latest_only_with_trigger.py took 0.118 seconds
[2024-05-18T05:35:51.992+0000] {processor.py:161} INFO - Started process (PID=15459) to work on /home/ubuntu/airflow/airflow_env/lib/python3.12/site-packages/airflow/example_dags/example_latest_only_with_trigger.py
[2024-05-18T05:35:51.993+0000] {processor.py:830} INFO - Processing file /home/ubuntu/airflow/airflow_env/lib/python3.12/site-packages/airflow/example_dags/example_latest_only_with_trigger.py for tasks to queue
[2024-05-18T05:35:51.996+0000] {logging_mixin.py:188} INFO - [2024-05-18T05:35:51.995+0000] {dagbag.py:545} INFO - Filling up the DagBag from /home/ubuntu/airflow/airflow_env/lib/python3.12/site-packages/airflow/example_dags/example_latest_only_with_trigger.py
[2024-05-18T05:35:52.003+0000] {processor.py:840} INFO - DAG(s) 'latest_only_with_trigger' retrieved from /home/ubuntu/airflow/airflow_env/lib/python3.12/site-packages/airflow/example_dags/example_latest_only_with_trigger.py
[2024-05-18T05:35:52.082+0000] {logging_mixin.py:188} INFO - [2024-05-18T05:35:52.082+0000] {dag.py:3096} INFO - Sync 1 DAGs
[2024-05-18T05:35:52.115+0000] {logging_mixin.py:188} INFO - [2024-05-18T05:35:52.115+0000] {dag.py:3954} INFO - Setting next_dagrun for latest_only_with_trigger to 2024-05-18 00:00:00+00:00, run_after=2024-05-18 04:00:00+00:00
[2024-05-18T05:35:52.146+0000] {processor.py:183} INFO - Processing /home/ubuntu/airflow/airflow_env/lib/python3.12/site-packages/airflow/example_dags/example_latest_only_with_trigger.py took 0.163 seconds
[2024-05-18T05:36:22.881+0000] {processor.py:161} INFO - Started process (PID=15510) to work on /home/ubuntu/airflow/airflow_env/lib/python3.12/site-packages/airflow/example_dags/example_latest_only_with_trigger.py
[2024-05-18T05:36:22.882+0000] {processor.py:830} INFO - Processing file /home/ubuntu/airflow/airflow_env/lib/python3.12/site-packages/airflow/example_dags/example_latest_only_with_trigger.py for tasks to queue
[2024-05-18T05:36:22.884+0000] {logging_mixin.py:188} INFO - [2024-05-18T05:36:22.883+0000] {dagbag.py:545} INFO - Filling up the DagBag from /home/ubuntu/airflow/airflow_env/lib/python3.12/site-packages/airflow/example_dags/example_latest_only_with_trigger.py
[2024-05-18T05:36:22.889+0000] {processor.py:840} INFO - DAG(s) 'latest_only_with_trigger' retrieved from /home/ubuntu/airflow/airflow_env/lib/python3.12/site-packages/airflow/example_dags/example_latest_only_with_trigger.py
[2024-05-18T05:36:22.950+0000] {logging_mixin.py:188} INFO - [2024-05-18T05:36:22.949+0000] {dag.py:3096} INFO - Sync 1 DAGs
[2024-05-18T05:36:22.976+0000] {logging_mixin.py:188} INFO - [2024-05-18T05:36:22.976+0000] {dag.py:3954} INFO - Setting next_dagrun for latest_only_with_trigger to 2024-05-18 00:00:00+00:00, run_after=2024-05-18 04:00:00+00:00
[2024-05-18T05:36:22.996+0000] {processor.py:183} INFO - Processing /home/ubuntu/airflow/airflow_env/lib/python3.12/site-packages/airflow/example_dags/example_latest_only_with_trigger.py took 0.122 seconds
[2024-05-18T05:36:53.673+0000] {processor.py:161} INFO - Started process (PID=15561) to work on /home/ubuntu/airflow/airflow_env/lib/python3.12/site-packages/airflow/example_dags/example_latest_only_with_trigger.py
[2024-05-18T05:36:53.674+0000] {processor.py:830} INFO - Processing file /home/ubuntu/airflow/airflow_env/lib/python3.12/site-packages/airflow/example_dags/example_latest_only_with_trigger.py for tasks to queue
[2024-05-18T05:36:53.676+0000] {logging_mixin.py:188} INFO - [2024-05-18T05:36:53.676+0000] {dagbag.py:545} INFO - Filling up the DagBag from /home/ubuntu/airflow/airflow_env/lib/python3.12/site-packages/airflow/example_dags/example_latest_only_with_trigger.py
[2024-05-18T05:36:53.683+0000] {processor.py:840} INFO - DAG(s) 'latest_only_with_trigger' retrieved from /home/ubuntu/airflow/airflow_env/lib/python3.12/site-packages/airflow/example_dags/example_latest_only_with_trigger.py
[2024-05-18T05:36:53.739+0000] {logging_mixin.py:188} INFO - [2024-05-18T05:36:53.739+0000] {dag.py:3096} INFO - Sync 1 DAGs
[2024-05-18T05:36:53.773+0000] {logging_mixin.py:188} INFO - [2024-05-18T05:36:53.773+0000] {dag.py:3954} INFO - Setting next_dagrun for latest_only_with_trigger to 2024-05-18 00:00:00+00:00, run_after=2024-05-18 04:00:00+00:00
[2024-05-18T05:36:53.804+0000] {processor.py:183} INFO - Processing /home/ubuntu/airflow/airflow_env/lib/python3.12/site-packages/airflow/example_dags/example_latest_only_with_trigger.py took 0.139 seconds
[2024-05-18T05:37:24.944+0000] {processor.py:161} INFO - Started process (PID=15612) to work on /home/ubuntu/airflow/airflow_env/lib/python3.12/site-packages/airflow/example_dags/example_latest_only_with_trigger.py
[2024-05-18T05:37:24.945+0000] {processor.py:830} INFO - Processing file /home/ubuntu/airflow/airflow_env/lib/python3.12/site-packages/airflow/example_dags/example_latest_only_with_trigger.py for tasks to queue
[2024-05-18T05:37:24.949+0000] {logging_mixin.py:188} INFO - [2024-05-18T05:37:24.948+0000] {dagbag.py:545} INFO - Filling up the DagBag from /home/ubuntu/airflow/airflow_env/lib/python3.12/site-packages/airflow/example_dags/example_latest_only_with_trigger.py
[2024-05-18T05:37:24.961+0000] {processor.py:840} INFO - DAG(s) 'latest_only_with_trigger' retrieved from /home/ubuntu/airflow/airflow_env/lib/python3.12/site-packages/airflow/example_dags/example_latest_only_with_trigger.py
[2024-05-18T05:37:25.021+0000] {logging_mixin.py:188} INFO - [2024-05-18T05:37:25.021+0000] {dag.py:3096} INFO - Sync 1 DAGs
[2024-05-18T05:37:25.051+0000] {logging_mixin.py:188} INFO - [2024-05-18T05:37:25.051+0000] {dag.py:3954} INFO - Setting next_dagrun for latest_only_with_trigger to 2024-05-18 00:00:00+00:00, run_after=2024-05-18 04:00:00+00:00
[2024-05-18T05:37:25.085+0000] {processor.py:183} INFO - Processing /home/ubuntu/airflow/airflow_env/lib/python3.12/site-packages/airflow/example_dags/example_latest_only_with_trigger.py took 0.161 seconds
[2024-05-18T05:37:55.210+0000] {processor.py:161} INFO - Started process (PID=15664) to work on /home/ubuntu/airflow/airflow_env/lib/python3.12/site-packages/airflow/example_dags/example_latest_only_with_trigger.py
[2024-05-18T05:37:55.212+0000] {processor.py:830} INFO - Processing file /home/ubuntu/airflow/airflow_env/lib/python3.12/site-packages/airflow/example_dags/example_latest_only_with_trigger.py for tasks to queue
[2024-05-18T05:37:55.215+0000] {logging_mixin.py:188} INFO - [2024-05-18T05:37:55.214+0000] {dagbag.py:545} INFO - Filling up the DagBag from /home/ubuntu/airflow/airflow_env/lib/python3.12/site-packages/airflow/example_dags/example_latest_only_with_trigger.py
[2024-05-18T05:37:55.224+0000] {processor.py:840} INFO - DAG(s) 'latest_only_with_trigger' retrieved from /home/ubuntu/airflow/airflow_env/lib/python3.12/site-packages/airflow/example_dags/example_latest_only_with_trigger.py
[2024-05-18T05:37:55.294+0000] {logging_mixin.py:188} INFO - [2024-05-18T05:37:55.294+0000] {dag.py:3096} INFO - Sync 1 DAGs
[2024-05-18T05:37:55.332+0000] {logging_mixin.py:188} INFO - [2024-05-18T05:37:55.331+0000] {dag.py:3954} INFO - Setting next_dagrun for latest_only_with_trigger to 2024-05-18 00:00:00+00:00, run_after=2024-05-18 04:00:00+00:00
[2024-05-18T05:37:55.391+0000] {processor.py:183} INFO - Processing /home/ubuntu/airflow/airflow_env/lib/python3.12/site-packages/airflow/example_dags/example_latest_only_with_trigger.py took 0.191 seconds
[2024-05-18T05:38:26.380+0000] {processor.py:161} INFO - Started process (PID=15715) to work on /home/ubuntu/airflow/airflow_env/lib/python3.12/site-packages/airflow/example_dags/example_latest_only_with_trigger.py
[2024-05-18T05:38:26.383+0000] {processor.py:830} INFO - Processing file /home/ubuntu/airflow/airflow_env/lib/python3.12/site-packages/airflow/example_dags/example_latest_only_with_trigger.py for tasks to queue
[2024-05-18T05:38:26.385+0000] {logging_mixin.py:188} INFO - [2024-05-18T05:38:26.385+0000] {dagbag.py:545} INFO - Filling up the DagBag from /home/ubuntu/airflow/airflow_env/lib/python3.12/site-packages/airflow/example_dags/example_latest_only_with_trigger.py
[2024-05-18T05:38:26.397+0000] {processor.py:840} INFO - DAG(s) 'latest_only_with_trigger' retrieved from /home/ubuntu/airflow/airflow_env/lib/python3.12/site-packages/airflow/example_dags/example_latest_only_with_trigger.py
[2024-05-18T05:38:26.483+0000] {logging_mixin.py:188} INFO - [2024-05-18T05:38:26.483+0000] {dag.py:3096} INFO - Sync 1 DAGs
[2024-05-18T05:38:26.531+0000] {logging_mixin.py:188} INFO - [2024-05-18T05:38:26.531+0000] {dag.py:3954} INFO - Setting next_dagrun for latest_only_with_trigger to 2024-05-18 00:00:00+00:00, run_after=2024-05-18 04:00:00+00:00
[2024-05-18T05:38:26.575+0000] {processor.py:183} INFO - Processing /home/ubuntu/airflow/airflow_env/lib/python3.12/site-packages/airflow/example_dags/example_latest_only_with_trigger.py took 0.208 seconds
[2024-05-18T05:38:56.770+0000] {processor.py:161} INFO - Started process (PID=15766) to work on /home/ubuntu/airflow/airflow_env/lib/python3.12/site-packages/airflow/example_dags/example_latest_only_with_trigger.py
[2024-05-18T05:38:56.771+0000] {processor.py:830} INFO - Processing file /home/ubuntu/airflow/airflow_env/lib/python3.12/site-packages/airflow/example_dags/example_latest_only_with_trigger.py for tasks to queue
[2024-05-18T05:38:56.773+0000] {logging_mixin.py:188} INFO - [2024-05-18T05:38:56.772+0000] {dagbag.py:545} INFO - Filling up the DagBag from /home/ubuntu/airflow/airflow_env/lib/python3.12/site-packages/airflow/example_dags/example_latest_only_with_trigger.py
[2024-05-18T05:38:56.780+0000] {processor.py:840} INFO - DAG(s) 'latest_only_with_trigger' retrieved from /home/ubuntu/airflow/airflow_env/lib/python3.12/site-packages/airflow/example_dags/example_latest_only_with_trigger.py
[2024-05-18T05:38:56.838+0000] {logging_mixin.py:188} INFO - [2024-05-18T05:38:56.837+0000] {dag.py:3096} INFO - Sync 1 DAGs
[2024-05-18T05:38:56.902+0000] {logging_mixin.py:188} INFO - [2024-05-18T05:38:56.901+0000] {dag.py:3954} INFO - Setting next_dagrun for latest_only_with_trigger to 2024-05-18 00:00:00+00:00, run_after=2024-05-18 04:00:00+00:00
[2024-05-18T05:38:56.945+0000] {processor.py:183} INFO - Processing /home/ubuntu/airflow/airflow_env/lib/python3.12/site-packages/airflow/example_dags/example_latest_only_with_trigger.py took 0.183 seconds
[2024-05-18T05:39:27.828+0000] {processor.py:161} INFO - Started process (PID=15818) to work on /home/ubuntu/airflow/airflow_env/lib/python3.12/site-packages/airflow/example_dags/example_latest_only_with_trigger.py
[2024-05-18T05:39:27.830+0000] {processor.py:830} INFO - Processing file /home/ubuntu/airflow/airflow_env/lib/python3.12/site-packages/airflow/example_dags/example_latest_only_with_trigger.py for tasks to queue
[2024-05-18T05:39:27.832+0000] {logging_mixin.py:188} INFO - [2024-05-18T05:39:27.832+0000] {dagbag.py:545} INFO - Filling up the DagBag from /home/ubuntu/airflow/airflow_env/lib/python3.12/site-packages/airflow/example_dags/example_latest_only_with_trigger.py
[2024-05-18T05:39:27.840+0000] {processor.py:840} INFO - DAG(s) 'latest_only_with_trigger' retrieved from /home/ubuntu/airflow/airflow_env/lib/python3.12/site-packages/airflow/example_dags/example_latest_only_with_trigger.py
[2024-05-18T05:39:27.909+0000] {logging_mixin.py:188} INFO - [2024-05-18T05:39:27.908+0000] {dag.py:3096} INFO - Sync 1 DAGs
[2024-05-18T05:39:27.961+0000] {logging_mixin.py:188} INFO - [2024-05-18T05:39:27.960+0000] {dag.py:3954} INFO - Setting next_dagrun for latest_only_with_trigger to 2024-05-18 00:00:00+00:00, run_after=2024-05-18 04:00:00+00:00
[2024-05-18T05:39:27.995+0000] {processor.py:183} INFO - Processing /home/ubuntu/airflow/airflow_env/lib/python3.12/site-packages/airflow/example_dags/example_latest_only_with_trigger.py took 0.182 seconds
[2024-05-18T05:39:58.564+0000] {processor.py:161} INFO - Started process (PID=15869) to work on /home/ubuntu/airflow/airflow_env/lib/python3.12/site-packages/airflow/example_dags/example_latest_only_with_trigger.py
[2024-05-18T05:39:58.566+0000] {processor.py:830} INFO - Processing file /home/ubuntu/airflow/airflow_env/lib/python3.12/site-packages/airflow/example_dags/example_latest_only_with_trigger.py for tasks to queue
[2024-05-18T05:39:58.568+0000] {logging_mixin.py:188} INFO - [2024-05-18T05:39:58.568+0000] {dagbag.py:545} INFO - Filling up the DagBag from /home/ubuntu/airflow/airflow_env/lib/python3.12/site-packages/airflow/example_dags/example_latest_only_with_trigger.py
[2024-05-18T05:39:58.577+0000] {processor.py:840} INFO - DAG(s) 'latest_only_with_trigger' retrieved from /home/ubuntu/airflow/airflow_env/lib/python3.12/site-packages/airflow/example_dags/example_latest_only_with_trigger.py
[2024-05-18T05:39:58.633+0000] {logging_mixin.py:188} INFO - [2024-05-18T05:39:58.633+0000] {dag.py:3096} INFO - Sync 1 DAGs
[2024-05-18T05:39:58.669+0000] {logging_mixin.py:188} INFO - [2024-05-18T05:39:58.668+0000] {dag.py:3954} INFO - Setting next_dagrun for latest_only_with_trigger to 2024-05-18 00:00:00+00:00, run_after=2024-05-18 04:00:00+00:00
[2024-05-18T05:39:58.706+0000] {processor.py:183} INFO - Processing /home/ubuntu/airflow/airflow_env/lib/python3.12/site-packages/airflow/example_dags/example_latest_only_with_trigger.py took 0.149 seconds
[2024-05-18T05:40:28.980+0000] {processor.py:161} INFO - Started process (PID=16205) to work on /home/ubuntu/airflow/airflow_env/lib/python3.12/site-packages/airflow/example_dags/example_latest_only_with_trigger.py
[2024-05-18T05:40:28.981+0000] {processor.py:830} INFO - Processing file /home/ubuntu/airflow/airflow_env/lib/python3.12/site-packages/airflow/example_dags/example_latest_only_with_trigger.py for tasks to queue
[2024-05-18T05:40:28.984+0000] {logging_mixin.py:188} INFO - [2024-05-18T05:40:28.983+0000] {dagbag.py:545} INFO - Filling up the DagBag from /home/ubuntu/airflow/airflow_env/lib/python3.12/site-packages/airflow/example_dags/example_latest_only_with_trigger.py
[2024-05-18T05:40:28.992+0000] {processor.py:840} INFO - DAG(s) 'latest_only_with_trigger' retrieved from /home/ubuntu/airflow/airflow_env/lib/python3.12/site-packages/airflow/example_dags/example_latest_only_with_trigger.py
[2024-05-18T05:40:29.058+0000] {logging_mixin.py:188} INFO - [2024-05-18T05:40:29.058+0000] {dag.py:3096} INFO - Sync 1 DAGs
[2024-05-18T05:40:29.089+0000] {logging_mixin.py:188} INFO - [2024-05-18T05:40:29.088+0000] {dag.py:3954} INFO - Setting next_dagrun for latest_only_with_trigger to 2024-05-18 00:00:00+00:00, run_after=2024-05-18 04:00:00+00:00
[2024-05-18T05:40:29.124+0000] {processor.py:183} INFO - Processing /home/ubuntu/airflow/airflow_env/lib/python3.12/site-packages/airflow/example_dags/example_latest_only_with_trigger.py took 0.153 seconds
[2024-05-18T05:40:59.907+0000] {processor.py:161} INFO - Started process (PID=16257) to work on /home/ubuntu/airflow/airflow_env/lib/python3.12/site-packages/airflow/example_dags/example_latest_only_with_trigger.py
[2024-05-18T05:40:59.908+0000] {processor.py:830} INFO - Processing file /home/ubuntu/airflow/airflow_env/lib/python3.12/site-packages/airflow/example_dags/example_latest_only_with_trigger.py for tasks to queue
[2024-05-18T05:40:59.910+0000] {logging_mixin.py:188} INFO - [2024-05-18T05:40:59.910+0000] {dagbag.py:545} INFO - Filling up the DagBag from /home/ubuntu/airflow/airflow_env/lib/python3.12/site-packages/airflow/example_dags/example_latest_only_with_trigger.py
[2024-05-18T05:40:59.918+0000] {processor.py:840} INFO - DAG(s) 'latest_only_with_trigger' retrieved from /home/ubuntu/airflow/airflow_env/lib/python3.12/site-packages/airflow/example_dags/example_latest_only_with_trigger.py
[2024-05-18T05:40:59.976+0000] {logging_mixin.py:188} INFO - [2024-05-18T05:40:59.976+0000] {dag.py:3096} INFO - Sync 1 DAGs
[2024-05-18T05:41:00.148+0000] {logging_mixin.py:188} INFO - [2024-05-18T05:41:00.148+0000] {dag.py:3954} INFO - Setting next_dagrun for latest_only_with_trigger to 2024-05-18 00:00:00+00:00, run_after=2024-05-18 04:00:00+00:00
[2024-05-18T05:41:00.205+0000] {processor.py:183} INFO - Processing /home/ubuntu/airflow/airflow_env/lib/python3.12/site-packages/airflow/example_dags/example_latest_only_with_trigger.py took 0.307 seconds
[2024-05-18T05:41:30.992+0000] {processor.py:161} INFO - Started process (PID=16309) to work on /home/ubuntu/airflow/airflow_env/lib/python3.12/site-packages/airflow/example_dags/example_latest_only_with_trigger.py
[2024-05-18T05:41:30.995+0000] {processor.py:830} INFO - Processing file /home/ubuntu/airflow/airflow_env/lib/python3.12/site-packages/airflow/example_dags/example_latest_only_with_trigger.py for tasks to queue
[2024-05-18T05:41:31.000+0000] {logging_mixin.py:188} INFO - [2024-05-18T05:41:30.999+0000] {dagbag.py:545} INFO - Filling up the DagBag from /home/ubuntu/airflow/airflow_env/lib/python3.12/site-packages/airflow/example_dags/example_latest_only_with_trigger.py
[2024-05-18T05:41:31.008+0000] {processor.py:840} INFO - DAG(s) 'latest_only_with_trigger' retrieved from /home/ubuntu/airflow/airflow_env/lib/python3.12/site-packages/airflow/example_dags/example_latest_only_with_trigger.py
[2024-05-18T05:41:31.099+0000] {logging_mixin.py:188} INFO - [2024-05-18T05:41:31.099+0000] {dag.py:3096} INFO - Sync 1 DAGs
[2024-05-18T05:41:31.134+0000] {logging_mixin.py:188} INFO - [2024-05-18T05:41:31.134+0000] {dag.py:3954} INFO - Setting next_dagrun for latest_only_with_trigger to 2024-05-18 00:00:00+00:00, run_after=2024-05-18 04:00:00+00:00
[2024-05-18T05:41:31.167+0000] {processor.py:183} INFO - Processing /home/ubuntu/airflow/airflow_env/lib/python3.12/site-packages/airflow/example_dags/example_latest_only_with_trigger.py took 0.191 seconds
[2024-05-18T05:42:01.379+0000] {processor.py:161} INFO - Started process (PID=16361) to work on /home/ubuntu/airflow/airflow_env/lib/python3.12/site-packages/airflow/example_dags/example_latest_only_with_trigger.py
[2024-05-18T05:42:01.381+0000] {processor.py:830} INFO - Processing file /home/ubuntu/airflow/airflow_env/lib/python3.12/site-packages/airflow/example_dags/example_latest_only_with_trigger.py for tasks to queue
[2024-05-18T05:42:01.383+0000] {logging_mixin.py:188} INFO - [2024-05-18T05:42:01.383+0000] {dagbag.py:545} INFO - Filling up the DagBag from /home/ubuntu/airflow/airflow_env/lib/python3.12/site-packages/airflow/example_dags/example_latest_only_with_trigger.py
[2024-05-18T05:42:01.392+0000] {processor.py:840} INFO - DAG(s) 'latest_only_with_trigger' retrieved from /home/ubuntu/airflow/airflow_env/lib/python3.12/site-packages/airflow/example_dags/example_latest_only_with_trigger.py
[2024-05-18T05:42:01.506+0000] {logging_mixin.py:188} INFO - [2024-05-18T05:42:01.505+0000] {dag.py:3096} INFO - Sync 1 DAGs
[2024-05-18T05:42:01.738+0000] {logging_mixin.py:188} INFO - [2024-05-18T05:42:01.737+0000] {dag.py:3954} INFO - Setting next_dagrun for latest_only_with_trigger to 2024-05-18 00:00:00+00:00, run_after=2024-05-18 04:00:00+00:00
[2024-05-18T05:42:02.227+0000] {processor.py:183} INFO - Processing /home/ubuntu/airflow/airflow_env/lib/python3.12/site-packages/airflow/example_dags/example_latest_only_with_trigger.py took 0.858 seconds
[2024-05-18T05:42:32.484+0000] {processor.py:161} INFO - Started process (PID=16413) to work on /home/ubuntu/airflow/airflow_env/lib/python3.12/site-packages/airflow/example_dags/example_latest_only_with_trigger.py
[2024-05-18T05:42:32.486+0000] {processor.py:830} INFO - Processing file /home/ubuntu/airflow/airflow_env/lib/python3.12/site-packages/airflow/example_dags/example_latest_only_with_trigger.py for tasks to queue
[2024-05-18T05:42:32.488+0000] {logging_mixin.py:188} INFO - [2024-05-18T05:42:32.488+0000] {dagbag.py:545} INFO - Filling up the DagBag from /home/ubuntu/airflow/airflow_env/lib/python3.12/site-packages/airflow/example_dags/example_latest_only_with_trigger.py
[2024-05-18T05:42:32.497+0000] {processor.py:840} INFO - DAG(s) 'latest_only_with_trigger' retrieved from /home/ubuntu/airflow/airflow_env/lib/python3.12/site-packages/airflow/example_dags/example_latest_only_with_trigger.py
[2024-05-18T05:42:32.556+0000] {logging_mixin.py:188} INFO - [2024-05-18T05:42:32.556+0000] {dag.py:3096} INFO - Sync 1 DAGs
[2024-05-18T05:42:32.589+0000] {logging_mixin.py:188} INFO - [2024-05-18T05:42:32.588+0000] {dag.py:3954} INFO - Setting next_dagrun for latest_only_with_trigger to 2024-05-18 00:00:00+00:00, run_after=2024-05-18 04:00:00+00:00
[2024-05-18T05:42:32.618+0000] {processor.py:183} INFO - Processing /home/ubuntu/airflow/airflow_env/lib/python3.12/site-packages/airflow/example_dags/example_latest_only_with_trigger.py took 0.143 seconds
[2024-05-18T05:43:03.501+0000] {processor.py:161} INFO - Started process (PID=16474) to work on /home/ubuntu/airflow/airflow_env/lib/python3.12/site-packages/airflow/example_dags/example_latest_only_with_trigger.py
[2024-05-18T05:43:03.502+0000] {processor.py:830} INFO - Processing file /home/ubuntu/airflow/airflow_env/lib/python3.12/site-packages/airflow/example_dags/example_latest_only_with_trigger.py for tasks to queue
[2024-05-18T05:43:03.504+0000] {logging_mixin.py:188} INFO - [2024-05-18T05:43:03.504+0000] {dagbag.py:545} INFO - Filling up the DagBag from /home/ubuntu/airflow/airflow_env/lib/python3.12/site-packages/airflow/example_dags/example_latest_only_with_trigger.py
[2024-05-18T05:43:03.511+0000] {processor.py:840} INFO - DAG(s) 'latest_only_with_trigger' retrieved from /home/ubuntu/airflow/airflow_env/lib/python3.12/site-packages/airflow/example_dags/example_latest_only_with_trigger.py
[2024-05-18T05:43:03.588+0000] {logging_mixin.py:188} INFO - [2024-05-18T05:43:03.588+0000] {dag.py:3096} INFO - Sync 1 DAGs
[2024-05-18T05:43:03.625+0000] {logging_mixin.py:188} INFO - [2024-05-18T05:43:03.625+0000] {dag.py:3954} INFO - Setting next_dagrun for latest_only_with_trigger to 2024-05-18 00:00:00+00:00, run_after=2024-05-18 04:00:00+00:00
[2024-05-18T05:43:03.657+0000] {processor.py:183} INFO - Processing /home/ubuntu/airflow/airflow_env/lib/python3.12/site-packages/airflow/example_dags/example_latest_only_with_trigger.py took 0.166 seconds
[2024-05-18T05:43:34.197+0000] {processor.py:161} INFO - Started process (PID=16548) to work on /home/ubuntu/airflow/airflow_env/lib/python3.12/site-packages/airflow/example_dags/example_latest_only_with_trigger.py
[2024-05-18T05:43:34.199+0000] {processor.py:830} INFO - Processing file /home/ubuntu/airflow/airflow_env/lib/python3.12/site-packages/airflow/example_dags/example_latest_only_with_trigger.py for tasks to queue
[2024-05-18T05:43:34.201+0000] {logging_mixin.py:188} INFO - [2024-05-18T05:43:34.201+0000] {dagbag.py:545} INFO - Filling up the DagBag from /home/ubuntu/airflow/airflow_env/lib/python3.12/site-packages/airflow/example_dags/example_latest_only_with_trigger.py
[2024-05-18T05:43:34.209+0000] {processor.py:840} INFO - DAG(s) 'latest_only_with_trigger' retrieved from /home/ubuntu/airflow/airflow_env/lib/python3.12/site-packages/airflow/example_dags/example_latest_only_with_trigger.py
[2024-05-18T05:43:34.286+0000] {logging_mixin.py:188} INFO - [2024-05-18T05:43:34.286+0000] {dag.py:3096} INFO - Sync 1 DAGs
[2024-05-18T05:43:34.327+0000] {logging_mixin.py:188} INFO - [2024-05-18T05:43:34.326+0000] {dag.py:3954} INFO - Setting next_dagrun for latest_only_with_trigger to 2024-05-18 00:00:00+00:00, run_after=2024-05-18 04:00:00+00:00
[2024-05-18T05:43:34.364+0000] {processor.py:183} INFO - Processing /home/ubuntu/airflow/airflow_env/lib/python3.12/site-packages/airflow/example_dags/example_latest_only_with_trigger.py took 0.175 seconds
