[2024-05-18T04:44:21.461+0000] {processor.py:161} INFO - Started process (PID=12270) to work on /home/ubuntu/chch-fuel-recommendator/airflow/af_env/lib/python3.12/site-packages/airflow/example_dags/example_setup_teardown.py
[2024-05-18T04:44:21.461+0000] {processor.py:830} INFO - Processing file /home/ubuntu/chch-fuel-recommendator/airflow/af_env/lib/python3.12/site-packages/airflow/example_dags/example_setup_teardown.py for tasks to queue
[2024-05-18T04:44:21.463+0000] {logging_mixin.py:188} INFO - [2024-05-18T04:44:21.463+0000] {dagbag.py:545} INFO - Filling up the DagBag from /home/ubuntu/chch-fuel-recommendator/airflow/af_env/lib/python3.12/site-packages/airflow/example_dags/example_setup_teardown.py
[2024-05-18T04:44:21.470+0000] {processor.py:840} INFO - DAG(s) 'example_setup_teardown' retrieved from /home/ubuntu/chch-fuel-recommendator/airflow/af_env/lib/python3.12/site-packages/airflow/example_dags/example_setup_teardown.py
[2024-05-18T04:44:21.597+0000] {logging_mixin.py:188} INFO - [2024-05-18T04:44:21.596+0000] {override.py:1829} INFO - Created Permission View: can edit on DAG:example_setup_teardown
[2024-05-18T04:44:21.613+0000] {logging_mixin.py:188} INFO - [2024-05-18T04:44:21.612+0000] {override.py:1829} INFO - Created Permission View: can read on DAG:example_setup_teardown
[2024-05-18T04:44:21.624+0000] {logging_mixin.py:188} INFO - [2024-05-18T04:44:21.624+0000] {override.py:1829} INFO - Created Permission View: can delete on DAG:example_setup_teardown
[2024-05-18T04:44:21.625+0000] {logging_mixin.py:188} INFO - [2024-05-18T04:44:21.625+0000] {dag.py:3096} INFO - Sync 1 DAGs
[2024-05-18T04:44:21.640+0000] {logging_mixin.py:188} INFO - [2024-05-18T04:44:21.640+0000] {dag.py:3118} INFO - Creating ORM DAG for example_setup_teardown
[2024-05-18T04:44:21.650+0000] {logging_mixin.py:188} INFO - [2024-05-18T04:44:21.650+0000] {dag.py:3954} INFO - Setting next_dagrun for example_setup_teardown to 2024-05-17 00:00:00+00:00, run_after=2024-05-18 00:00:00+00:00
[2024-05-18T04:44:21.675+0000] {processor.py:183} INFO - Processing /home/ubuntu/chch-fuel-recommendator/airflow/af_env/lib/python3.12/site-packages/airflow/example_dags/example_setup_teardown.py took 0.219 seconds
[2024-05-18T04:45:20.215+0000] {processor.py:161} INFO - Started process (PID=12324) to work on /home/ubuntu/chch-fuel-recommendator/airflow/af_env/lib/python3.12/site-packages/airflow/example_dags/example_setup_teardown.py
[2024-05-18T04:45:20.216+0000] {processor.py:830} INFO - Processing file /home/ubuntu/chch-fuel-recommendator/airflow/af_env/lib/python3.12/site-packages/airflow/example_dags/example_setup_teardown.py for tasks to queue
[2024-05-18T04:45:20.222+0000] {logging_mixin.py:188} INFO - [2024-05-18T04:45:20.221+0000] {dagbag.py:545} INFO - Filling up the DagBag from /home/ubuntu/chch-fuel-recommendator/airflow/af_env/lib/python3.12/site-packages/airflow/example_dags/example_setup_teardown.py
[2024-05-18T04:45:20.238+0000] {processor.py:840} INFO - DAG(s) 'example_setup_teardown' retrieved from /home/ubuntu/chch-fuel-recommendator/airflow/af_env/lib/python3.12/site-packages/airflow/example_dags/example_setup_teardown.py
[2024-05-18T04:45:20.261+0000] {logging_mixin.py:188} INFO - [2024-05-18T04:45:20.260+0000] {dag.py:3096} INFO - Sync 1 DAGs
[2024-05-18T04:45:20.292+0000] {logging_mixin.py:188} INFO - [2024-05-18T04:45:20.292+0000] {dag.py:3954} INFO - Setting next_dagrun for example_setup_teardown to 2024-05-17 00:00:00+00:00, run_after=2024-05-18 00:00:00+00:00
[2024-05-18T04:45:20.325+0000] {processor.py:183} INFO - Processing /home/ubuntu/chch-fuel-recommendator/airflow/af_env/lib/python3.12/site-packages/airflow/example_dags/example_setup_teardown.py took 0.123 seconds
[2024-05-18T04:46:17.573+0000] {processor.py:161} INFO - Started process (PID=12380) to work on /home/ubuntu/chch-fuel-recommendator/airflow/af_env/lib/python3.12/site-packages/airflow/example_dags/example_setup_teardown.py
[2024-05-18T04:46:17.574+0000] {processor.py:830} INFO - Processing file /home/ubuntu/chch-fuel-recommendator/airflow/af_env/lib/python3.12/site-packages/airflow/example_dags/example_setup_teardown.py for tasks to queue
[2024-05-18T04:46:17.575+0000] {logging_mixin.py:188} INFO - [2024-05-18T04:46:17.575+0000] {dagbag.py:545} INFO - Filling up the DagBag from /home/ubuntu/chch-fuel-recommendator/airflow/af_env/lib/python3.12/site-packages/airflow/example_dags/example_setup_teardown.py
[2024-05-18T04:46:17.582+0000] {processor.py:840} INFO - DAG(s) 'example_setup_teardown' retrieved from /home/ubuntu/chch-fuel-recommendator/airflow/af_env/lib/python3.12/site-packages/airflow/example_dags/example_setup_teardown.py
[2024-05-18T04:46:17.602+0000] {logging_mixin.py:188} INFO - [2024-05-18T04:46:17.602+0000] {dag.py:3096} INFO - Sync 1 DAGs
[2024-05-18T04:46:17.622+0000] {logging_mixin.py:188} INFO - [2024-05-18T04:46:17.621+0000] {dag.py:3954} INFO - Setting next_dagrun for example_setup_teardown to 2024-05-17 00:00:00+00:00, run_after=2024-05-18 00:00:00+00:00
[2024-05-18T04:46:17.648+0000] {processor.py:183} INFO - Processing /home/ubuntu/chch-fuel-recommendator/airflow/af_env/lib/python3.12/site-packages/airflow/example_dags/example_setup_teardown.py took 0.081 seconds
[2024-05-18T04:47:10.424+0000] {processor.py:161} INFO - Started process (PID=12433) to work on /home/ubuntu/chch-fuel-recommendator/airflow/af_env/lib/python3.12/site-packages/airflow/example_dags/example_setup_teardown.py
[2024-05-18T04:47:10.426+0000] {processor.py:830} INFO - Processing file /home/ubuntu/chch-fuel-recommendator/airflow/af_env/lib/python3.12/site-packages/airflow/example_dags/example_setup_teardown.py for tasks to queue
[2024-05-18T04:47:10.428+0000] {logging_mixin.py:188} INFO - [2024-05-18T04:47:10.427+0000] {dagbag.py:545} INFO - Filling up the DagBag from /home/ubuntu/chch-fuel-recommendator/airflow/af_env/lib/python3.12/site-packages/airflow/example_dags/example_setup_teardown.py
[2024-05-18T04:47:10.437+0000] {processor.py:840} INFO - DAG(s) 'example_setup_teardown' retrieved from /home/ubuntu/chch-fuel-recommendator/airflow/af_env/lib/python3.12/site-packages/airflow/example_dags/example_setup_teardown.py
[2024-05-18T04:47:10.457+0000] {logging_mixin.py:188} INFO - [2024-05-18T04:47:10.457+0000] {dag.py:3096} INFO - Sync 1 DAGs
[2024-05-18T04:47:10.482+0000] {logging_mixin.py:188} INFO - [2024-05-18T04:47:10.482+0000] {dag.py:3954} INFO - Setting next_dagrun for example_setup_teardown to 2024-05-17 00:00:00+00:00, run_after=2024-05-18 00:00:00+00:00
[2024-05-18T04:47:10.510+0000] {processor.py:183} INFO - Processing /home/ubuntu/chch-fuel-recommendator/airflow/af_env/lib/python3.12/site-packages/airflow/example_dags/example_setup_teardown.py took 0.092 seconds
[2024-05-18T04:48:01.272+0000] {processor.py:161} INFO - Started process (PID=12484) to work on /home/ubuntu/chch-fuel-recommendator/airflow/af_env/lib/python3.12/site-packages/airflow/example_dags/example_setup_teardown.py
[2024-05-18T04:48:01.274+0000] {processor.py:830} INFO - Processing file /home/ubuntu/chch-fuel-recommendator/airflow/af_env/lib/python3.12/site-packages/airflow/example_dags/example_setup_teardown.py for tasks to queue
[2024-05-18T04:48:01.282+0000] {logging_mixin.py:188} INFO - [2024-05-18T04:48:01.279+0000] {dagbag.py:545} INFO - Filling up the DagBag from /home/ubuntu/chch-fuel-recommendator/airflow/af_env/lib/python3.12/site-packages/airflow/example_dags/example_setup_teardown.py
[2024-05-18T04:48:01.300+0000] {processor.py:840} INFO - DAG(s) 'example_setup_teardown' retrieved from /home/ubuntu/chch-fuel-recommendator/airflow/af_env/lib/python3.12/site-packages/airflow/example_dags/example_setup_teardown.py
[2024-05-18T04:48:01.332+0000] {logging_mixin.py:188} INFO - [2024-05-18T04:48:01.331+0000] {dag.py:3096} INFO - Sync 1 DAGs
[2024-05-18T04:48:01.399+0000] {logging_mixin.py:188} INFO - [2024-05-18T04:48:01.399+0000] {dag.py:3954} INFO - Setting next_dagrun for example_setup_teardown to 2024-05-17 00:00:00+00:00, run_after=2024-05-18 00:00:00+00:00
[2024-05-18T04:48:01.454+0000] {processor.py:183} INFO - Processing /home/ubuntu/chch-fuel-recommendator/airflow/af_env/lib/python3.12/site-packages/airflow/example_dags/example_setup_teardown.py took 0.185 seconds
[2024-05-18T04:48:45.336+0000] {processor.py:161} INFO - Started process (PID=12527) to work on /home/ubuntu/chch-fuel-recommendator/airflow/af_env/lib/python3.12/site-packages/airflow/example_dags/example_setup_teardown.py
[2024-05-18T04:48:45.338+0000] {processor.py:830} INFO - Processing file /home/ubuntu/chch-fuel-recommendator/airflow/af_env/lib/python3.12/site-packages/airflow/example_dags/example_setup_teardown.py for tasks to queue
[2024-05-18T04:48:45.341+0000] {logging_mixin.py:188} INFO - [2024-05-18T04:48:45.340+0000] {dagbag.py:545} INFO - Filling up the DagBag from /home/ubuntu/chch-fuel-recommendator/airflow/af_env/lib/python3.12/site-packages/airflow/example_dags/example_setup_teardown.py
[2024-05-18T04:48:45.352+0000] {processor.py:840} INFO - DAG(s) 'example_setup_teardown' retrieved from /home/ubuntu/chch-fuel-recommendator/airflow/af_env/lib/python3.12/site-packages/airflow/example_dags/example_setup_teardown.py
[2024-05-18T04:48:45.401+0000] {logging_mixin.py:188} INFO - [2024-05-18T04:48:45.400+0000] {dag.py:3096} INFO - Sync 1 DAGs
[2024-05-18T04:48:45.453+0000] {logging_mixin.py:188} INFO - [2024-05-18T04:48:45.453+0000] {dag.py:3954} INFO - Setting next_dagrun for example_setup_teardown to 2024-05-17 00:00:00+00:00, run_after=2024-05-18 00:00:00+00:00
[2024-05-18T04:48:45.492+0000] {processor.py:183} INFO - Processing /home/ubuntu/chch-fuel-recommendator/airflow/af_env/lib/python3.12/site-packages/airflow/example_dags/example_setup_teardown.py took 0.169 seconds
[2024-05-18T04:49:30.615+0000] {processor.py:161} INFO - Started process (PID=12571) to work on /home/ubuntu/chch-fuel-recommendator/airflow/af_env/lib/python3.12/site-packages/airflow/example_dags/example_setup_teardown.py
[2024-05-18T04:49:30.617+0000] {processor.py:830} INFO - Processing file /home/ubuntu/chch-fuel-recommendator/airflow/af_env/lib/python3.12/site-packages/airflow/example_dags/example_setup_teardown.py for tasks to queue
[2024-05-18T04:49:30.619+0000] {logging_mixin.py:188} INFO - [2024-05-18T04:49:30.619+0000] {dagbag.py:545} INFO - Filling up the DagBag from /home/ubuntu/chch-fuel-recommendator/airflow/af_env/lib/python3.12/site-packages/airflow/example_dags/example_setup_teardown.py
[2024-05-18T04:49:30.629+0000] {processor.py:840} INFO - DAG(s) 'example_setup_teardown' retrieved from /home/ubuntu/chch-fuel-recommendator/airflow/af_env/lib/python3.12/site-packages/airflow/example_dags/example_setup_teardown.py
[2024-05-18T04:49:30.655+0000] {logging_mixin.py:188} INFO - [2024-05-18T04:49:30.654+0000] {dag.py:3096} INFO - Sync 1 DAGs
[2024-05-18T04:49:30.675+0000] {logging_mixin.py:188} INFO - [2024-05-18T04:49:30.674+0000] {dag.py:3954} INFO - Setting next_dagrun for example_setup_teardown to 2024-05-17 00:00:00+00:00, run_after=2024-05-18 00:00:00+00:00
[2024-05-18T04:49:30.702+0000] {processor.py:183} INFO - Processing /home/ubuntu/chch-fuel-recommendator/airflow/af_env/lib/python3.12/site-packages/airflow/example_dags/example_setup_teardown.py took 0.094 seconds
[2024-05-18T04:50:13.646+0000] {processor.py:161} INFO - Started process (PID=12619) to work on /home/ubuntu/chch-fuel-recommendator/airflow/af_env/lib/python3.12/site-packages/airflow/example_dags/example_setup_teardown.py
[2024-05-18T04:50:13.648+0000] {processor.py:830} INFO - Processing file /home/ubuntu/chch-fuel-recommendator/airflow/af_env/lib/python3.12/site-packages/airflow/example_dags/example_setup_teardown.py for tasks to queue
[2024-05-18T04:50:13.650+0000] {logging_mixin.py:188} INFO - [2024-05-18T04:50:13.649+0000] {dagbag.py:545} INFO - Filling up the DagBag from /home/ubuntu/chch-fuel-recommendator/airflow/af_env/lib/python3.12/site-packages/airflow/example_dags/example_setup_teardown.py
[2024-05-18T04:50:13.660+0000] {processor.py:840} INFO - DAG(s) 'example_setup_teardown' retrieved from /home/ubuntu/chch-fuel-recommendator/airflow/af_env/lib/python3.12/site-packages/airflow/example_dags/example_setup_teardown.py
[2024-05-18T04:50:13.688+0000] {logging_mixin.py:188} INFO - [2024-05-18T04:50:13.687+0000] {dag.py:3096} INFO - Sync 1 DAGs
[2024-05-18T04:50:13.721+0000] {logging_mixin.py:188} INFO - [2024-05-18T04:50:13.721+0000] {dag.py:3954} INFO - Setting next_dagrun for example_setup_teardown to 2024-05-17 00:00:00+00:00, run_after=2024-05-18 00:00:00+00:00
[2024-05-18T04:50:13.758+0000] {processor.py:183} INFO - Processing /home/ubuntu/chch-fuel-recommendator/airflow/af_env/lib/python3.12/site-packages/airflow/example_dags/example_setup_teardown.py took 0.121 seconds
[2024-05-18T04:50:57.986+0000] {processor.py:161} INFO - Started process (PID=12663) to work on /home/ubuntu/chch-fuel-recommendator/airflow/af_env/lib/python3.12/site-packages/airflow/example_dags/example_setup_teardown.py
[2024-05-18T04:50:57.988+0000] {processor.py:830} INFO - Processing file /home/ubuntu/chch-fuel-recommendator/airflow/af_env/lib/python3.12/site-packages/airflow/example_dags/example_setup_teardown.py for tasks to queue
[2024-05-18T04:50:57.994+0000] {logging_mixin.py:188} INFO - [2024-05-18T04:50:57.992+0000] {dagbag.py:545} INFO - Filling up the DagBag from /home/ubuntu/chch-fuel-recommendator/airflow/af_env/lib/python3.12/site-packages/airflow/example_dags/example_setup_teardown.py
[2024-05-18T04:50:58.001+0000] {processor.py:840} INFO - DAG(s) 'example_setup_teardown' retrieved from /home/ubuntu/chch-fuel-recommendator/airflow/af_env/lib/python3.12/site-packages/airflow/example_dags/example_setup_teardown.py
[2024-05-18T04:50:58.022+0000] {logging_mixin.py:188} INFO - [2024-05-18T04:50:58.022+0000] {dag.py:3096} INFO - Sync 1 DAGs
[2024-05-18T04:50:58.048+0000] {logging_mixin.py:188} INFO - [2024-05-18T04:50:58.048+0000] {dag.py:3954} INFO - Setting next_dagrun for example_setup_teardown to 2024-05-17 00:00:00+00:00, run_after=2024-05-18 00:00:00+00:00
[2024-05-18T04:50:58.085+0000] {processor.py:183} INFO - Processing /home/ubuntu/chch-fuel-recommendator/airflow/af_env/lib/python3.12/site-packages/airflow/example_dags/example_setup_teardown.py took 0.112 seconds
[2024-05-18T04:51:43.065+0000] {processor.py:161} INFO - Started process (PID=12707) to work on /home/ubuntu/chch-fuel-recommendator/airflow/af_env/lib/python3.12/site-packages/airflow/example_dags/example_setup_teardown.py
[2024-05-18T04:51:43.066+0000] {processor.py:830} INFO - Processing file /home/ubuntu/chch-fuel-recommendator/airflow/af_env/lib/python3.12/site-packages/airflow/example_dags/example_setup_teardown.py for tasks to queue
[2024-05-18T04:51:43.068+0000] {logging_mixin.py:188} INFO - [2024-05-18T04:51:43.068+0000] {dagbag.py:545} INFO - Filling up the DagBag from /home/ubuntu/chch-fuel-recommendator/airflow/af_env/lib/python3.12/site-packages/airflow/example_dags/example_setup_teardown.py
[2024-05-18T04:51:43.075+0000] {processor.py:840} INFO - DAG(s) 'example_setup_teardown' retrieved from /home/ubuntu/chch-fuel-recommendator/airflow/af_env/lib/python3.12/site-packages/airflow/example_dags/example_setup_teardown.py
[2024-05-18T04:51:43.099+0000] {logging_mixin.py:188} INFO - [2024-05-18T04:51:43.099+0000] {dag.py:3096} INFO - Sync 1 DAGs
[2024-05-18T04:51:43.120+0000] {logging_mixin.py:188} INFO - [2024-05-18T04:51:43.120+0000] {dag.py:3954} INFO - Setting next_dagrun for example_setup_teardown to 2024-05-17 00:00:00+00:00, run_after=2024-05-18 00:00:00+00:00
[2024-05-18T04:51:43.144+0000] {processor.py:183} INFO - Processing /home/ubuntu/chch-fuel-recommendator/airflow/af_env/lib/python3.12/site-packages/airflow/example_dags/example_setup_teardown.py took 0.085 seconds
[2024-05-18T04:52:25.291+0000] {processor.py:161} INFO - Started process (PID=12750) to work on /home/ubuntu/chch-fuel-recommendator/airflow/af_env/lib/python3.12/site-packages/airflow/example_dags/example_setup_teardown.py
[2024-05-18T04:52:25.293+0000] {processor.py:830} INFO - Processing file /home/ubuntu/chch-fuel-recommendator/airflow/af_env/lib/python3.12/site-packages/airflow/example_dags/example_setup_teardown.py for tasks to queue
[2024-05-18T04:52:25.295+0000] {logging_mixin.py:188} INFO - [2024-05-18T04:52:25.295+0000] {dagbag.py:545} INFO - Filling up the DagBag from /home/ubuntu/chch-fuel-recommendator/airflow/af_env/lib/python3.12/site-packages/airflow/example_dags/example_setup_teardown.py
[2024-05-18T04:52:25.304+0000] {processor.py:840} INFO - DAG(s) 'example_setup_teardown' retrieved from /home/ubuntu/chch-fuel-recommendator/airflow/af_env/lib/python3.12/site-packages/airflow/example_dags/example_setup_teardown.py
[2024-05-18T04:52:25.324+0000] {logging_mixin.py:188} INFO - [2024-05-18T04:52:25.324+0000] {dag.py:3096} INFO - Sync 1 DAGs
[2024-05-18T04:52:25.349+0000] {logging_mixin.py:188} INFO - [2024-05-18T04:52:25.349+0000] {dag.py:3954} INFO - Setting next_dagrun for example_setup_teardown to 2024-05-17 00:00:00+00:00, run_after=2024-05-18 00:00:00+00:00
[2024-05-18T04:52:25.405+0000] {processor.py:183} INFO - Processing /home/ubuntu/chch-fuel-recommendator/airflow/af_env/lib/python3.12/site-packages/airflow/example_dags/example_setup_teardown.py took 0.125 seconds
[2024-05-18T04:53:13.982+0000] {processor.py:161} INFO - Started process (PID=12796) to work on /home/ubuntu/chch-fuel-recommendator/airflow/af_env/lib/python3.12/site-packages/airflow/example_dags/example_setup_teardown.py
[2024-05-18T04:53:13.987+0000] {processor.py:830} INFO - Processing file /home/ubuntu/chch-fuel-recommendator/airflow/af_env/lib/python3.12/site-packages/airflow/example_dags/example_setup_teardown.py for tasks to queue
[2024-05-18T04:53:13.989+0000] {logging_mixin.py:188} INFO - [2024-05-18T04:53:13.989+0000] {dagbag.py:545} INFO - Filling up the DagBag from /home/ubuntu/chch-fuel-recommendator/airflow/af_env/lib/python3.12/site-packages/airflow/example_dags/example_setup_teardown.py
[2024-05-18T04:53:13.999+0000] {processor.py:840} INFO - DAG(s) 'example_setup_teardown' retrieved from /home/ubuntu/chch-fuel-recommendator/airflow/af_env/lib/python3.12/site-packages/airflow/example_dags/example_setup_teardown.py
[2024-05-18T04:53:14.027+0000] {logging_mixin.py:188} INFO - [2024-05-18T04:53:14.026+0000] {dag.py:3096} INFO - Sync 1 DAGs
[2024-05-18T04:53:14.080+0000] {logging_mixin.py:188} INFO - [2024-05-18T04:53:14.080+0000] {dag.py:3954} INFO - Setting next_dagrun for example_setup_teardown to 2024-05-17 00:00:00+00:00, run_after=2024-05-18 00:00:00+00:00
[2024-05-18T04:53:14.116+0000] {processor.py:183} INFO - Processing /home/ubuntu/chch-fuel-recommendator/airflow/af_env/lib/python3.12/site-packages/airflow/example_dags/example_setup_teardown.py took 0.140 seconds
[2024-05-18T05:32:16.090+0000] {processor.py:161} INFO - Started process (PID=15081) to work on /home/ubuntu/airflow/airflow_env/lib/python3.12/site-packages/airflow/example_dags/example_setup_teardown.py
[2024-05-18T05:32:16.092+0000] {processor.py:830} INFO - Processing file /home/ubuntu/airflow/airflow_env/lib/python3.12/site-packages/airflow/example_dags/example_setup_teardown.py for tasks to queue
[2024-05-18T05:32:16.094+0000] {logging_mixin.py:188} INFO - [2024-05-18T05:32:16.094+0000] {dagbag.py:545} INFO - Filling up the DagBag from /home/ubuntu/airflow/airflow_env/lib/python3.12/site-packages/airflow/example_dags/example_setup_teardown.py
[2024-05-18T05:32:16.103+0000] {processor.py:840} INFO - DAG(s) 'example_setup_teardown' retrieved from /home/ubuntu/airflow/airflow_env/lib/python3.12/site-packages/airflow/example_dags/example_setup_teardown.py
[2024-05-18T05:32:16.300+0000] {logging_mixin.py:188} INFO - [2024-05-18T05:32:16.300+0000] {dag.py:3096} INFO - Sync 1 DAGs
[2024-05-18T05:32:16.339+0000] {logging_mixin.py:188} INFO - [2024-05-18T05:32:16.339+0000] {dag.py:3954} INFO - Setting next_dagrun for example_setup_teardown to 2024-05-17 00:00:00+00:00, run_after=2024-05-18 00:00:00+00:00
[2024-05-18T05:32:16.369+0000] {processor.py:183} INFO - Processing /home/ubuntu/airflow/airflow_env/lib/python3.12/site-packages/airflow/example_dags/example_setup_teardown.py took 0.288 seconds
[2024-05-18T05:32:47.271+0000] {processor.py:161} INFO - Started process (PID=15135) to work on /home/ubuntu/airflow/airflow_env/lib/python3.12/site-packages/airflow/example_dags/example_setup_teardown.py
[2024-05-18T05:32:47.273+0000] {processor.py:830} INFO - Processing file /home/ubuntu/airflow/airflow_env/lib/python3.12/site-packages/airflow/example_dags/example_setup_teardown.py for tasks to queue
[2024-05-18T05:32:47.275+0000] {logging_mixin.py:188} INFO - [2024-05-18T05:32:47.274+0000] {dagbag.py:545} INFO - Filling up the DagBag from /home/ubuntu/airflow/airflow_env/lib/python3.12/site-packages/airflow/example_dags/example_setup_teardown.py
[2024-05-18T05:32:47.285+0000] {processor.py:840} INFO - DAG(s) 'example_setup_teardown' retrieved from /home/ubuntu/airflow/airflow_env/lib/python3.12/site-packages/airflow/example_dags/example_setup_teardown.py
[2024-05-18T05:32:47.344+0000] {logging_mixin.py:188} INFO - [2024-05-18T05:32:47.343+0000] {dag.py:3096} INFO - Sync 1 DAGs
[2024-05-18T05:32:47.371+0000] {logging_mixin.py:188} INFO - [2024-05-18T05:32:47.371+0000] {dag.py:3954} INFO - Setting next_dagrun for example_setup_teardown to 2024-05-17 00:00:00+00:00, run_after=2024-05-18 00:00:00+00:00
[2024-05-18T05:32:47.401+0000] {processor.py:183} INFO - Processing /home/ubuntu/airflow/airflow_env/lib/python3.12/site-packages/airflow/example_dags/example_setup_teardown.py took 0.137 seconds
[2024-05-18T05:33:17.586+0000] {processor.py:161} INFO - Started process (PID=15189) to work on /home/ubuntu/airflow/airflow_env/lib/python3.12/site-packages/airflow/example_dags/example_setup_teardown.py
[2024-05-18T05:33:17.588+0000] {processor.py:830} INFO - Processing file /home/ubuntu/airflow/airflow_env/lib/python3.12/site-packages/airflow/example_dags/example_setup_teardown.py for tasks to queue
[2024-05-18T05:33:17.590+0000] {logging_mixin.py:188} INFO - [2024-05-18T05:33:17.590+0000] {dagbag.py:545} INFO - Filling up the DagBag from /home/ubuntu/airflow/airflow_env/lib/python3.12/site-packages/airflow/example_dags/example_setup_teardown.py
[2024-05-18T05:33:17.601+0000] {processor.py:840} INFO - DAG(s) 'example_setup_teardown' retrieved from /home/ubuntu/airflow/airflow_env/lib/python3.12/site-packages/airflow/example_dags/example_setup_teardown.py
[2024-05-18T05:33:17.663+0000] {logging_mixin.py:188} INFO - [2024-05-18T05:33:17.662+0000] {dag.py:3096} INFO - Sync 1 DAGs
[2024-05-18T05:33:17.704+0000] {logging_mixin.py:188} INFO - [2024-05-18T05:33:17.703+0000] {dag.py:3954} INFO - Setting next_dagrun for example_setup_teardown to 2024-05-17 00:00:00+00:00, run_after=2024-05-18 00:00:00+00:00
[2024-05-18T05:33:17.738+0000] {processor.py:183} INFO - Processing /home/ubuntu/airflow/airflow_env/lib/python3.12/site-packages/airflow/example_dags/example_setup_teardown.py took 0.161 seconds
[2024-05-18T05:33:47.885+0000] {processor.py:161} INFO - Started process (PID=15241) to work on /home/ubuntu/airflow/airflow_env/lib/python3.12/site-packages/airflow/example_dags/example_setup_teardown.py
[2024-05-18T05:33:47.890+0000] {processor.py:830} INFO - Processing file /home/ubuntu/airflow/airflow_env/lib/python3.12/site-packages/airflow/example_dags/example_setup_teardown.py for tasks to queue
[2024-05-18T05:33:47.892+0000] {logging_mixin.py:188} INFO - [2024-05-18T05:33:47.891+0000] {dagbag.py:545} INFO - Filling up the DagBag from /home/ubuntu/airflow/airflow_env/lib/python3.12/site-packages/airflow/example_dags/example_setup_teardown.py
[2024-05-18T05:33:47.904+0000] {processor.py:840} INFO - DAG(s) 'example_setup_teardown' retrieved from /home/ubuntu/airflow/airflow_env/lib/python3.12/site-packages/airflow/example_dags/example_setup_teardown.py
[2024-05-18T05:33:47.953+0000] {logging_mixin.py:188} INFO - [2024-05-18T05:33:47.952+0000] {dag.py:3096} INFO - Sync 1 DAGs
[2024-05-18T05:33:47.982+0000] {logging_mixin.py:188} INFO - [2024-05-18T05:33:47.982+0000] {dag.py:3954} INFO - Setting next_dagrun for example_setup_teardown to 2024-05-17 00:00:00+00:00, run_after=2024-05-18 00:00:00+00:00
[2024-05-18T05:33:48.020+0000] {processor.py:183} INFO - Processing /home/ubuntu/airflow/airflow_env/lib/python3.12/site-packages/airflow/example_dags/example_setup_teardown.py took 0.141 seconds
[2024-05-18T05:34:18.870+0000] {processor.py:161} INFO - Started process (PID=15292) to work on /home/ubuntu/airflow/airflow_env/lib/python3.12/site-packages/airflow/example_dags/example_setup_teardown.py
[2024-05-18T05:34:18.871+0000] {processor.py:830} INFO - Processing file /home/ubuntu/airflow/airflow_env/lib/python3.12/site-packages/airflow/example_dags/example_setup_teardown.py for tasks to queue
[2024-05-18T05:34:18.874+0000] {logging_mixin.py:188} INFO - [2024-05-18T05:34:18.873+0000] {dagbag.py:545} INFO - Filling up the DagBag from /home/ubuntu/airflow/airflow_env/lib/python3.12/site-packages/airflow/example_dags/example_setup_teardown.py
[2024-05-18T05:34:18.882+0000] {processor.py:840} INFO - DAG(s) 'example_setup_teardown' retrieved from /home/ubuntu/airflow/airflow_env/lib/python3.12/site-packages/airflow/example_dags/example_setup_teardown.py
[2024-05-18T05:34:18.949+0000] {logging_mixin.py:188} INFO - [2024-05-18T05:34:18.949+0000] {dag.py:3096} INFO - Sync 1 DAGs
[2024-05-18T05:34:18.984+0000] {logging_mixin.py:188} INFO - [2024-05-18T05:34:18.984+0000] {dag.py:3954} INFO - Setting next_dagrun for example_setup_teardown to 2024-05-17 00:00:00+00:00, run_after=2024-05-18 00:00:00+00:00
[2024-05-18T05:34:19.016+0000] {processor.py:183} INFO - Processing /home/ubuntu/airflow/airflow_env/lib/python3.12/site-packages/airflow/example_dags/example_setup_teardown.py took 0.157 seconds
[2024-05-18T05:34:49.924+0000] {processor.py:161} INFO - Started process (PID=15343) to work on /home/ubuntu/airflow/airflow_env/lib/python3.12/site-packages/airflow/example_dags/example_setup_teardown.py
[2024-05-18T05:34:49.925+0000] {processor.py:830} INFO - Processing file /home/ubuntu/airflow/airflow_env/lib/python3.12/site-packages/airflow/example_dags/example_setup_teardown.py for tasks to queue
[2024-05-18T05:34:49.928+0000] {logging_mixin.py:188} INFO - [2024-05-18T05:34:49.928+0000] {dagbag.py:545} INFO - Filling up the DagBag from /home/ubuntu/airflow/airflow_env/lib/python3.12/site-packages/airflow/example_dags/example_setup_teardown.py
[2024-05-18T05:34:49.940+0000] {processor.py:840} INFO - DAG(s) 'example_setup_teardown' retrieved from /home/ubuntu/airflow/airflow_env/lib/python3.12/site-packages/airflow/example_dags/example_setup_teardown.py
[2024-05-18T05:34:49.988+0000] {logging_mixin.py:188} INFO - [2024-05-18T05:34:49.988+0000] {dag.py:3096} INFO - Sync 1 DAGs
[2024-05-18T05:34:50.021+0000] {logging_mixin.py:188} INFO - [2024-05-18T05:34:50.021+0000] {dag.py:3954} INFO - Setting next_dagrun for example_setup_teardown to 2024-05-17 00:00:00+00:00, run_after=2024-05-18 00:00:00+00:00
[2024-05-18T05:34:50.046+0000] {processor.py:183} INFO - Processing /home/ubuntu/airflow/airflow_env/lib/python3.12/site-packages/airflow/example_dags/example_setup_teardown.py took 0.131 seconds
[2024-05-18T05:35:20.477+0000] {processor.py:161} INFO - Started process (PID=15397) to work on /home/ubuntu/airflow/airflow_env/lib/python3.12/site-packages/airflow/example_dags/example_setup_teardown.py
[2024-05-18T05:35:20.478+0000] {processor.py:830} INFO - Processing file /home/ubuntu/airflow/airflow_env/lib/python3.12/site-packages/airflow/example_dags/example_setup_teardown.py for tasks to queue
[2024-05-18T05:35:20.480+0000] {logging_mixin.py:188} INFO - [2024-05-18T05:35:20.480+0000] {dagbag.py:545} INFO - Filling up the DagBag from /home/ubuntu/airflow/airflow_env/lib/python3.12/site-packages/airflow/example_dags/example_setup_teardown.py
[2024-05-18T05:35:20.491+0000] {processor.py:840} INFO - DAG(s) 'example_setup_teardown' retrieved from /home/ubuntu/airflow/airflow_env/lib/python3.12/site-packages/airflow/example_dags/example_setup_teardown.py
[2024-05-18T05:35:20.547+0000] {logging_mixin.py:188} INFO - [2024-05-18T05:35:20.546+0000] {dag.py:3096} INFO - Sync 1 DAGs
[2024-05-18T05:35:20.581+0000] {logging_mixin.py:188} INFO - [2024-05-18T05:35:20.581+0000] {dag.py:3954} INFO - Setting next_dagrun for example_setup_teardown to 2024-05-17 00:00:00+00:00, run_after=2024-05-18 00:00:00+00:00
[2024-05-18T05:35:20.631+0000] {processor.py:183} INFO - Processing /home/ubuntu/airflow/airflow_env/lib/python3.12/site-packages/airflow/example_dags/example_setup_teardown.py took 0.163 seconds
[2024-05-18T05:35:50.833+0000] {processor.py:161} INFO - Started process (PID=15448) to work on /home/ubuntu/airflow/airflow_env/lib/python3.12/site-packages/airflow/example_dags/example_setup_teardown.py
[2024-05-18T05:35:50.834+0000] {processor.py:830} INFO - Processing file /home/ubuntu/airflow/airflow_env/lib/python3.12/site-packages/airflow/example_dags/example_setup_teardown.py for tasks to queue
[2024-05-18T05:35:50.836+0000] {logging_mixin.py:188} INFO - [2024-05-18T05:35:50.836+0000] {dagbag.py:545} INFO - Filling up the DagBag from /home/ubuntu/airflow/airflow_env/lib/python3.12/site-packages/airflow/example_dags/example_setup_teardown.py
[2024-05-18T05:35:50.848+0000] {processor.py:840} INFO - DAG(s) 'example_setup_teardown' retrieved from /home/ubuntu/airflow/airflow_env/lib/python3.12/site-packages/airflow/example_dags/example_setup_teardown.py
[2024-05-18T05:35:50.892+0000] {logging_mixin.py:188} INFO - [2024-05-18T05:35:50.892+0000] {dag.py:3096} INFO - Sync 1 DAGs
[2024-05-18T05:35:50.919+0000] {logging_mixin.py:188} INFO - [2024-05-18T05:35:50.918+0000] {dag.py:3954} INFO - Setting next_dagrun for example_setup_teardown to 2024-05-17 00:00:00+00:00, run_after=2024-05-18 00:00:00+00:00
[2024-05-18T05:35:50.941+0000] {processor.py:183} INFO - Processing /home/ubuntu/airflow/airflow_env/lib/python3.12/site-packages/airflow/example_dags/example_setup_teardown.py took 0.119 seconds
[2024-05-18T05:36:21.744+0000] {processor.py:161} INFO - Started process (PID=15499) to work on /home/ubuntu/airflow/airflow_env/lib/python3.12/site-packages/airflow/example_dags/example_setup_teardown.py
[2024-05-18T05:36:21.746+0000] {processor.py:830} INFO - Processing file /home/ubuntu/airflow/airflow_env/lib/python3.12/site-packages/airflow/example_dags/example_setup_teardown.py for tasks to queue
[2024-05-18T05:36:21.749+0000] {logging_mixin.py:188} INFO - [2024-05-18T05:36:21.748+0000] {dagbag.py:545} INFO - Filling up the DagBag from /home/ubuntu/airflow/airflow_env/lib/python3.12/site-packages/airflow/example_dags/example_setup_teardown.py
[2024-05-18T05:36:21.760+0000] {processor.py:840} INFO - DAG(s) 'example_setup_teardown' retrieved from /home/ubuntu/airflow/airflow_env/lib/python3.12/site-packages/airflow/example_dags/example_setup_teardown.py
[2024-05-18T05:36:21.830+0000] {logging_mixin.py:188} INFO - [2024-05-18T05:36:21.830+0000] {dag.py:3096} INFO - Sync 1 DAGs
[2024-05-18T05:36:21.875+0000] {logging_mixin.py:188} INFO - [2024-05-18T05:36:21.875+0000] {dag.py:3954} INFO - Setting next_dagrun for example_setup_teardown to 2024-05-17 00:00:00+00:00, run_after=2024-05-18 00:00:00+00:00
[2024-05-18T05:36:21.910+0000] {processor.py:183} INFO - Processing /home/ubuntu/airflow/airflow_env/lib/python3.12/site-packages/airflow/example_dags/example_setup_teardown.py took 0.177 seconds
[2024-05-18T05:36:52.714+0000] {processor.py:161} INFO - Started process (PID=15550) to work on /home/ubuntu/airflow/airflow_env/lib/python3.12/site-packages/airflow/example_dags/example_setup_teardown.py
[2024-05-18T05:36:52.716+0000] {processor.py:830} INFO - Processing file /home/ubuntu/airflow/airflow_env/lib/python3.12/site-packages/airflow/example_dags/example_setup_teardown.py for tasks to queue
[2024-05-18T05:36:52.718+0000] {logging_mixin.py:188} INFO - [2024-05-18T05:36:52.718+0000] {dagbag.py:545} INFO - Filling up the DagBag from /home/ubuntu/airflow/airflow_env/lib/python3.12/site-packages/airflow/example_dags/example_setup_teardown.py
[2024-05-18T05:36:52.730+0000] {processor.py:840} INFO - DAG(s) 'example_setup_teardown' retrieved from /home/ubuntu/airflow/airflow_env/lib/python3.12/site-packages/airflow/example_dags/example_setup_teardown.py
[2024-05-18T05:36:52.782+0000] {logging_mixin.py:188} INFO - [2024-05-18T05:36:52.782+0000] {dag.py:3096} INFO - Sync 1 DAGs
[2024-05-18T05:36:52.817+0000] {logging_mixin.py:188} INFO - [2024-05-18T05:36:52.817+0000] {dag.py:3954} INFO - Setting next_dagrun for example_setup_teardown to 2024-05-17 00:00:00+00:00, run_after=2024-05-18 00:00:00+00:00
[2024-05-18T05:36:52.845+0000] {processor.py:183} INFO - Processing /home/ubuntu/airflow/airflow_env/lib/python3.12/site-packages/airflow/example_dags/example_setup_teardown.py took 0.143 seconds
[2024-05-18T05:37:23.725+0000] {processor.py:161} INFO - Started process (PID=15601) to work on /home/ubuntu/airflow/airflow_env/lib/python3.12/site-packages/airflow/example_dags/example_setup_teardown.py
[2024-05-18T05:37:23.727+0000] {processor.py:830} INFO - Processing file /home/ubuntu/airflow/airflow_env/lib/python3.12/site-packages/airflow/example_dags/example_setup_teardown.py for tasks to queue
[2024-05-18T05:37:23.729+0000] {logging_mixin.py:188} INFO - [2024-05-18T05:37:23.729+0000] {dagbag.py:545} INFO - Filling up the DagBag from /home/ubuntu/airflow/airflow_env/lib/python3.12/site-packages/airflow/example_dags/example_setup_teardown.py
[2024-05-18T05:37:23.736+0000] {processor.py:840} INFO - DAG(s) 'example_setup_teardown' retrieved from /home/ubuntu/airflow/airflow_env/lib/python3.12/site-packages/airflow/example_dags/example_setup_teardown.py
[2024-05-18T05:37:23.796+0000] {logging_mixin.py:188} INFO - [2024-05-18T05:37:23.795+0000] {dag.py:3096} INFO - Sync 1 DAGs
[2024-05-18T05:37:23.828+0000] {logging_mixin.py:188} INFO - [2024-05-18T05:37:23.828+0000] {dag.py:3954} INFO - Setting next_dagrun for example_setup_teardown to 2024-05-17 00:00:00+00:00, run_after=2024-05-18 00:00:00+00:00
[2024-05-18T05:37:23.859+0000] {processor.py:183} INFO - Processing /home/ubuntu/airflow/airflow_env/lib/python3.12/site-packages/airflow/example_dags/example_setup_teardown.py took 0.145 seconds
[2024-05-18T05:37:54.173+0000] {processor.py:161} INFO - Started process (PID=15653) to work on /home/ubuntu/airflow/airflow_env/lib/python3.12/site-packages/airflow/example_dags/example_setup_teardown.py
[2024-05-18T05:37:54.174+0000] {processor.py:830} INFO - Processing file /home/ubuntu/airflow/airflow_env/lib/python3.12/site-packages/airflow/example_dags/example_setup_teardown.py for tasks to queue
[2024-05-18T05:37:54.176+0000] {logging_mixin.py:188} INFO - [2024-05-18T05:37:54.176+0000] {dagbag.py:545} INFO - Filling up the DagBag from /home/ubuntu/airflow/airflow_env/lib/python3.12/site-packages/airflow/example_dags/example_setup_teardown.py
[2024-05-18T05:37:54.184+0000] {processor.py:840} INFO - DAG(s) 'example_setup_teardown' retrieved from /home/ubuntu/airflow/airflow_env/lib/python3.12/site-packages/airflow/example_dags/example_setup_teardown.py
[2024-05-18T05:37:54.242+0000] {logging_mixin.py:188} INFO - [2024-05-18T05:37:54.242+0000] {dag.py:3096} INFO - Sync 1 DAGs
[2024-05-18T05:37:54.267+0000] {logging_mixin.py:188} INFO - [2024-05-18T05:37:54.267+0000] {dag.py:3954} INFO - Setting next_dagrun for example_setup_teardown to 2024-05-17 00:00:00+00:00, run_after=2024-05-18 00:00:00+00:00
[2024-05-18T05:37:54.293+0000] {processor.py:183} INFO - Processing /home/ubuntu/airflow/airflow_env/lib/python3.12/site-packages/airflow/example_dags/example_setup_teardown.py took 0.126 seconds
[2024-05-18T05:38:25.176+0000] {processor.py:161} INFO - Started process (PID=15704) to work on /home/ubuntu/airflow/airflow_env/lib/python3.12/site-packages/airflow/example_dags/example_setup_teardown.py
[2024-05-18T05:38:25.180+0000] {processor.py:830} INFO - Processing file /home/ubuntu/airflow/airflow_env/lib/python3.12/site-packages/airflow/example_dags/example_setup_teardown.py for tasks to queue
[2024-05-18T05:38:25.182+0000] {logging_mixin.py:188} INFO - [2024-05-18T05:38:25.182+0000] {dagbag.py:545} INFO - Filling up the DagBag from /home/ubuntu/airflow/airflow_env/lib/python3.12/site-packages/airflow/example_dags/example_setup_teardown.py
[2024-05-18T05:38:25.196+0000] {processor.py:840} INFO - DAG(s) 'example_setup_teardown' retrieved from /home/ubuntu/airflow/airflow_env/lib/python3.12/site-packages/airflow/example_dags/example_setup_teardown.py
[2024-05-18T05:38:25.255+0000] {logging_mixin.py:188} INFO - [2024-05-18T05:38:25.255+0000] {dag.py:3096} INFO - Sync 1 DAGs
[2024-05-18T05:38:25.289+0000] {logging_mixin.py:188} INFO - [2024-05-18T05:38:25.289+0000] {dag.py:3954} INFO - Setting next_dagrun for example_setup_teardown to 2024-05-17 00:00:00+00:00, run_after=2024-05-18 00:00:00+00:00
[2024-05-18T05:38:25.316+0000] {processor.py:183} INFO - Processing /home/ubuntu/airflow/airflow_env/lib/python3.12/site-packages/airflow/example_dags/example_setup_teardown.py took 0.147 seconds
[2024-05-18T05:38:55.509+0000] {processor.py:161} INFO - Started process (PID=15755) to work on /home/ubuntu/airflow/airflow_env/lib/python3.12/site-packages/airflow/example_dags/example_setup_teardown.py
[2024-05-18T05:38:55.510+0000] {processor.py:830} INFO - Processing file /home/ubuntu/airflow/airflow_env/lib/python3.12/site-packages/airflow/example_dags/example_setup_teardown.py for tasks to queue
[2024-05-18T05:38:55.511+0000] {logging_mixin.py:188} INFO - [2024-05-18T05:38:55.511+0000] {dagbag.py:545} INFO - Filling up the DagBag from /home/ubuntu/airflow/airflow_env/lib/python3.12/site-packages/airflow/example_dags/example_setup_teardown.py
[2024-05-18T05:38:55.518+0000] {processor.py:840} INFO - DAG(s) 'example_setup_teardown' retrieved from /home/ubuntu/airflow/airflow_env/lib/python3.12/site-packages/airflow/example_dags/example_setup_teardown.py
[2024-05-18T05:38:55.561+0000] {logging_mixin.py:188} INFO - [2024-05-18T05:38:55.561+0000] {dag.py:3096} INFO - Sync 1 DAGs
[2024-05-18T05:38:55.586+0000] {logging_mixin.py:188} INFO - [2024-05-18T05:38:55.586+0000] {dag.py:3954} INFO - Setting next_dagrun for example_setup_teardown to 2024-05-17 00:00:00+00:00, run_after=2024-05-18 00:00:00+00:00
[2024-05-18T05:38:55.623+0000] {processor.py:183} INFO - Processing /home/ubuntu/airflow/airflow_env/lib/python3.12/site-packages/airflow/example_dags/example_setup_teardown.py took 0.121 seconds
[2024-05-18T05:39:26.535+0000] {processor.py:161} INFO - Started process (PID=15807) to work on /home/ubuntu/airflow/airflow_env/lib/python3.12/site-packages/airflow/example_dags/example_setup_teardown.py
[2024-05-18T05:39:26.536+0000] {processor.py:830} INFO - Processing file /home/ubuntu/airflow/airflow_env/lib/python3.12/site-packages/airflow/example_dags/example_setup_teardown.py for tasks to queue
[2024-05-18T05:39:26.538+0000] {logging_mixin.py:188} INFO - [2024-05-18T05:39:26.538+0000] {dagbag.py:545} INFO - Filling up the DagBag from /home/ubuntu/airflow/airflow_env/lib/python3.12/site-packages/airflow/example_dags/example_setup_teardown.py
[2024-05-18T05:39:26.549+0000] {processor.py:840} INFO - DAG(s) 'example_setup_teardown' retrieved from /home/ubuntu/airflow/airflow_env/lib/python3.12/site-packages/airflow/example_dags/example_setup_teardown.py
[2024-05-18T05:39:26.617+0000] {logging_mixin.py:188} INFO - [2024-05-18T05:39:26.616+0000] {dag.py:3096} INFO - Sync 1 DAGs
[2024-05-18T05:39:26.655+0000] {logging_mixin.py:188} INFO - [2024-05-18T05:39:26.655+0000] {dag.py:3954} INFO - Setting next_dagrun for example_setup_teardown to 2024-05-17 00:00:00+00:00, run_after=2024-05-18 00:00:00+00:00
[2024-05-18T05:39:26.690+0000] {processor.py:183} INFO - Processing /home/ubuntu/airflow/airflow_env/lib/python3.12/site-packages/airflow/example_dags/example_setup_teardown.py took 0.164 seconds
[2024-05-18T05:39:56.716+0000] {processor.py:161} INFO - Started process (PID=15858) to work on /home/ubuntu/airflow/airflow_env/lib/python3.12/site-packages/airflow/example_dags/example_setup_teardown.py
[2024-05-18T05:39:56.717+0000] {processor.py:830} INFO - Processing file /home/ubuntu/airflow/airflow_env/lib/python3.12/site-packages/airflow/example_dags/example_setup_teardown.py for tasks to queue
[2024-05-18T05:39:56.719+0000] {logging_mixin.py:188} INFO - [2024-05-18T05:39:56.719+0000] {dagbag.py:545} INFO - Filling up the DagBag from /home/ubuntu/airflow/airflow_env/lib/python3.12/site-packages/airflow/example_dags/example_setup_teardown.py
[2024-05-18T05:39:56.726+0000] {processor.py:840} INFO - DAG(s) 'example_setup_teardown' retrieved from /home/ubuntu/airflow/airflow_env/lib/python3.12/site-packages/airflow/example_dags/example_setup_teardown.py
[2024-05-18T05:39:56.769+0000] {logging_mixin.py:188} INFO - [2024-05-18T05:39:56.769+0000] {dag.py:3096} INFO - Sync 1 DAGs
[2024-05-18T05:39:56.795+0000] {logging_mixin.py:188} INFO - [2024-05-18T05:39:56.795+0000] {dag.py:3954} INFO - Setting next_dagrun for example_setup_teardown to 2024-05-17 00:00:00+00:00, run_after=2024-05-18 00:00:00+00:00
[2024-05-18T05:39:56.815+0000] {processor.py:183} INFO - Processing /home/ubuntu/airflow/airflow_env/lib/python3.12/site-packages/airflow/example_dags/example_setup_teardown.py took 0.106 seconds
[2024-05-18T05:40:27.003+0000] {processor.py:161} INFO - Started process (PID=16193) to work on /home/ubuntu/airflow/airflow_env/lib/python3.12/site-packages/airflow/example_dags/example_setup_teardown.py
[2024-05-18T05:40:27.004+0000] {processor.py:830} INFO - Processing file /home/ubuntu/airflow/airflow_env/lib/python3.12/site-packages/airflow/example_dags/example_setup_teardown.py for tasks to queue
[2024-05-18T05:40:27.006+0000] {logging_mixin.py:188} INFO - [2024-05-18T05:40:27.006+0000] {dagbag.py:545} INFO - Filling up the DagBag from /home/ubuntu/airflow/airflow_env/lib/python3.12/site-packages/airflow/example_dags/example_setup_teardown.py
[2024-05-18T05:40:27.012+0000] {processor.py:840} INFO - DAG(s) 'example_setup_teardown' retrieved from /home/ubuntu/airflow/airflow_env/lib/python3.12/site-packages/airflow/example_dags/example_setup_teardown.py
[2024-05-18T05:40:27.056+0000] {logging_mixin.py:188} INFO - [2024-05-18T05:40:27.056+0000] {dag.py:3096} INFO - Sync 1 DAGs
[2024-05-18T05:40:27.092+0000] {logging_mixin.py:188} INFO - [2024-05-18T05:40:27.092+0000] {dag.py:3954} INFO - Setting next_dagrun for example_setup_teardown to 2024-05-17 00:00:00+00:00, run_after=2024-05-18 00:00:00+00:00
[2024-05-18T05:40:27.138+0000] {processor.py:183} INFO - Processing /home/ubuntu/airflow/airflow_env/lib/python3.12/site-packages/airflow/example_dags/example_setup_teardown.py took 0.142 seconds
[2024-05-18T05:40:57.855+0000] {processor.py:161} INFO - Started process (PID=16246) to work on /home/ubuntu/airflow/airflow_env/lib/python3.12/site-packages/airflow/example_dags/example_setup_teardown.py
[2024-05-18T05:40:57.855+0000] {processor.py:830} INFO - Processing file /home/ubuntu/airflow/airflow_env/lib/python3.12/site-packages/airflow/example_dags/example_setup_teardown.py for tasks to queue
[2024-05-18T05:40:57.857+0000] {logging_mixin.py:188} INFO - [2024-05-18T05:40:57.857+0000] {dagbag.py:545} INFO - Filling up the DagBag from /home/ubuntu/airflow/airflow_env/lib/python3.12/site-packages/airflow/example_dags/example_setup_teardown.py
[2024-05-18T05:40:57.864+0000] {processor.py:840} INFO - DAG(s) 'example_setup_teardown' retrieved from /home/ubuntu/airflow/airflow_env/lib/python3.12/site-packages/airflow/example_dags/example_setup_teardown.py
[2024-05-18T05:40:57.919+0000] {logging_mixin.py:188} INFO - [2024-05-18T05:40:57.918+0000] {dag.py:3096} INFO - Sync 1 DAGs
[2024-05-18T05:40:57.943+0000] {logging_mixin.py:188} INFO - [2024-05-18T05:40:57.943+0000] {dag.py:3954} INFO - Setting next_dagrun for example_setup_teardown to 2024-05-17 00:00:00+00:00, run_after=2024-05-18 00:00:00+00:00
[2024-05-18T05:40:57.965+0000] {processor.py:183} INFO - Processing /home/ubuntu/airflow/airflow_env/lib/python3.12/site-packages/airflow/example_dags/example_setup_teardown.py took 0.117 seconds
[2024-05-18T05:41:28.285+0000] {processor.py:161} INFO - Started process (PID=16298) to work on /home/ubuntu/airflow/airflow_env/lib/python3.12/site-packages/airflow/example_dags/example_setup_teardown.py
[2024-05-18T05:41:28.287+0000] {processor.py:830} INFO - Processing file /home/ubuntu/airflow/airflow_env/lib/python3.12/site-packages/airflow/example_dags/example_setup_teardown.py for tasks to queue
[2024-05-18T05:41:28.289+0000] {logging_mixin.py:188} INFO - [2024-05-18T05:41:28.288+0000] {dagbag.py:545} INFO - Filling up the DagBag from /home/ubuntu/airflow/airflow_env/lib/python3.12/site-packages/airflow/example_dags/example_setup_teardown.py
[2024-05-18T05:41:28.297+0000] {processor.py:840} INFO - DAG(s) 'example_setup_teardown' retrieved from /home/ubuntu/airflow/airflow_env/lib/python3.12/site-packages/airflow/example_dags/example_setup_teardown.py
[2024-05-18T05:41:28.359+0000] {logging_mixin.py:188} INFO - [2024-05-18T05:41:28.358+0000] {dag.py:3096} INFO - Sync 1 DAGs
[2024-05-18T05:41:28.400+0000] {logging_mixin.py:188} INFO - [2024-05-18T05:41:28.399+0000] {dag.py:3954} INFO - Setting next_dagrun for example_setup_teardown to 2024-05-17 00:00:00+00:00, run_after=2024-05-18 00:00:00+00:00
[2024-05-18T05:41:28.428+0000] {processor.py:183} INFO - Processing /home/ubuntu/airflow/airflow_env/lib/python3.12/site-packages/airflow/example_dags/example_setup_teardown.py took 0.152 seconds
[2024-05-18T05:41:58.917+0000] {processor.py:161} INFO - Started process (PID=16350) to work on /home/ubuntu/airflow/airflow_env/lib/python3.12/site-packages/airflow/example_dags/example_setup_teardown.py
[2024-05-18T05:41:58.918+0000] {processor.py:830} INFO - Processing file /home/ubuntu/airflow/airflow_env/lib/python3.12/site-packages/airflow/example_dags/example_setup_teardown.py for tasks to queue
[2024-05-18T05:41:58.919+0000] {logging_mixin.py:188} INFO - [2024-05-18T05:41:58.919+0000] {dagbag.py:545} INFO - Filling up the DagBag from /home/ubuntu/airflow/airflow_env/lib/python3.12/site-packages/airflow/example_dags/example_setup_teardown.py
[2024-05-18T05:41:58.929+0000] {processor.py:840} INFO - DAG(s) 'example_setup_teardown' retrieved from /home/ubuntu/airflow/airflow_env/lib/python3.12/site-packages/airflow/example_dags/example_setup_teardown.py
[2024-05-18T05:41:58.989+0000] {logging_mixin.py:188} INFO - [2024-05-18T05:41:58.988+0000] {dag.py:3096} INFO - Sync 1 DAGs
[2024-05-18T05:41:59.049+0000] {logging_mixin.py:188} INFO - [2024-05-18T05:41:59.049+0000] {dag.py:3954} INFO - Setting next_dagrun for example_setup_teardown to 2024-05-17 00:00:00+00:00, run_after=2024-05-18 00:00:00+00:00
[2024-05-18T05:41:59.092+0000] {processor.py:183} INFO - Processing /home/ubuntu/airflow/airflow_env/lib/python3.12/site-packages/airflow/example_dags/example_setup_teardown.py took 0.183 seconds
[2024-05-18T05:42:29.198+0000] {processor.py:161} INFO - Started process (PID=16401) to work on /home/ubuntu/airflow/airflow_env/lib/python3.12/site-packages/airflow/example_dags/example_setup_teardown.py
[2024-05-18T05:42:29.200+0000] {processor.py:830} INFO - Processing file /home/ubuntu/airflow/airflow_env/lib/python3.12/site-packages/airflow/example_dags/example_setup_teardown.py for tasks to queue
[2024-05-18T05:42:29.202+0000] {logging_mixin.py:188} INFO - [2024-05-18T05:42:29.202+0000] {dagbag.py:545} INFO - Filling up the DagBag from /home/ubuntu/airflow/airflow_env/lib/python3.12/site-packages/airflow/example_dags/example_setup_teardown.py
[2024-05-18T05:42:29.211+0000] {processor.py:840} INFO - DAG(s) 'example_setup_teardown' retrieved from /home/ubuntu/airflow/airflow_env/lib/python3.12/site-packages/airflow/example_dags/example_setup_teardown.py
[2024-05-18T05:42:29.256+0000] {logging_mixin.py:188} INFO - [2024-05-18T05:42:29.256+0000] {dag.py:3096} INFO - Sync 1 DAGs
[2024-05-18T05:42:29.288+0000] {logging_mixin.py:188} INFO - [2024-05-18T05:42:29.288+0000] {dag.py:3954} INFO - Setting next_dagrun for example_setup_teardown to 2024-05-17 00:00:00+00:00, run_after=2024-05-18 00:00:00+00:00
[2024-05-18T05:42:29.320+0000] {processor.py:183} INFO - Processing /home/ubuntu/airflow/airflow_env/lib/python3.12/site-packages/airflow/example_dags/example_setup_teardown.py took 0.131 seconds
[2024-05-18T05:43:00.278+0000] {processor.py:161} INFO - Started process (PID=16453) to work on /home/ubuntu/airflow/airflow_env/lib/python3.12/site-packages/airflow/example_dags/example_setup_teardown.py
[2024-05-18T05:43:00.279+0000] {processor.py:830} INFO - Processing file /home/ubuntu/airflow/airflow_env/lib/python3.12/site-packages/airflow/example_dags/example_setup_teardown.py for tasks to queue
[2024-05-18T05:43:00.280+0000] {logging_mixin.py:188} INFO - [2024-05-18T05:43:00.280+0000] {dagbag.py:545} INFO - Filling up the DagBag from /home/ubuntu/airflow/airflow_env/lib/python3.12/site-packages/airflow/example_dags/example_setup_teardown.py
[2024-05-18T05:43:00.287+0000] {processor.py:840} INFO - DAG(s) 'example_setup_teardown' retrieved from /home/ubuntu/airflow/airflow_env/lib/python3.12/site-packages/airflow/example_dags/example_setup_teardown.py
[2024-05-18T05:43:00.335+0000] {logging_mixin.py:188} INFO - [2024-05-18T05:43:00.335+0000] {dag.py:3096} INFO - Sync 1 DAGs
[2024-05-18T05:43:00.361+0000] {logging_mixin.py:188} INFO - [2024-05-18T05:43:00.361+0000] {dag.py:3954} INFO - Setting next_dagrun for example_setup_teardown to 2024-05-17 00:00:00+00:00, run_after=2024-05-18 00:00:00+00:00
[2024-05-18T05:43:00.385+0000] {processor.py:183} INFO - Processing /home/ubuntu/airflow/airflow_env/lib/python3.12/site-packages/airflow/example_dags/example_setup_teardown.py took 0.115 seconds
[2024-05-18T05:43:31.041+0000] {processor.py:161} INFO - Started process (PID=16537) to work on /home/ubuntu/airflow/airflow_env/lib/python3.12/site-packages/airflow/example_dags/example_setup_teardown.py
[2024-05-18T05:43:31.043+0000] {processor.py:830} INFO - Processing file /home/ubuntu/airflow/airflow_env/lib/python3.12/site-packages/airflow/example_dags/example_setup_teardown.py for tasks to queue
[2024-05-18T05:43:31.045+0000] {logging_mixin.py:188} INFO - [2024-05-18T05:43:31.045+0000] {dagbag.py:545} INFO - Filling up the DagBag from /home/ubuntu/airflow/airflow_env/lib/python3.12/site-packages/airflow/example_dags/example_setup_teardown.py
[2024-05-18T05:43:31.058+0000] {processor.py:840} INFO - DAG(s) 'example_setup_teardown' retrieved from /home/ubuntu/airflow/airflow_env/lib/python3.12/site-packages/airflow/example_dags/example_setup_teardown.py
[2024-05-18T05:43:31.103+0000] {logging_mixin.py:188} INFO - [2024-05-18T05:43:31.103+0000] {dag.py:3096} INFO - Sync 1 DAGs
[2024-05-18T05:43:31.132+0000] {logging_mixin.py:188} INFO - [2024-05-18T05:43:31.131+0000] {dag.py:3954} INFO - Setting next_dagrun for example_setup_teardown to 2024-05-17 00:00:00+00:00, run_after=2024-05-18 00:00:00+00:00
[2024-05-18T05:43:31.280+0000] {processor.py:183} INFO - Processing /home/ubuntu/airflow/airflow_env/lib/python3.12/site-packages/airflow/example_dags/example_setup_teardown.py took 0.250 seconds
[2024-05-18T05:44:02.363+0000] {processor.py:161} INFO - Started process (PID=16588) to work on /home/ubuntu/airflow/airflow_env/lib/python3.12/site-packages/airflow/example_dags/example_setup_teardown.py
[2024-05-18T05:44:02.365+0000] {processor.py:830} INFO - Processing file /home/ubuntu/airflow/airflow_env/lib/python3.12/site-packages/airflow/example_dags/example_setup_teardown.py for tasks to queue
[2024-05-18T05:44:02.366+0000] {logging_mixin.py:188} INFO - [2024-05-18T05:44:02.366+0000] {dagbag.py:545} INFO - Filling up the DagBag from /home/ubuntu/airflow/airflow_env/lib/python3.12/site-packages/airflow/example_dags/example_setup_teardown.py
[2024-05-18T05:44:02.379+0000] {processor.py:840} INFO - DAG(s) 'example_setup_teardown' retrieved from /home/ubuntu/airflow/airflow_env/lib/python3.12/site-packages/airflow/example_dags/example_setup_teardown.py
[2024-05-18T05:44:02.459+0000] {logging_mixin.py:188} INFO - [2024-05-18T05:44:02.458+0000] {dag.py:3096} INFO - Sync 1 DAGs
[2024-05-18T05:44:02.486+0000] {logging_mixin.py:188} INFO - [2024-05-18T05:44:02.486+0000] {dag.py:3954} INFO - Setting next_dagrun for example_setup_teardown to 2024-05-17 00:00:00+00:00, run_after=2024-05-18 00:00:00+00:00
[2024-05-18T05:44:02.521+0000] {processor.py:183} INFO - Processing /home/ubuntu/airflow/airflow_env/lib/python3.12/site-packages/airflow/example_dags/example_setup_teardown.py took 0.164 seconds
