[2024-05-18T04:44:54.377+0000] {processor.py:161} INFO - Started process (PID=12296) to work on /home/ubuntu/chch-fuel-recommendator/airflow/af_env/lib/python3.12/site-packages/airflow/example_dags/example_bash_operator.py
[2024-05-18T04:44:54.378+0000] {processor.py:830} INFO - Processing file /home/ubuntu/chch-fuel-recommendator/airflow/af_env/lib/python3.12/site-packages/airflow/example_dags/example_bash_operator.py for tasks to queue
[2024-05-18T04:44:54.380+0000] {logging_mixin.py:188} INFO - [2024-05-18T04:44:54.379+0000] {dagbag.py:545} INFO - Filling up the DagBag from /home/ubuntu/chch-fuel-recommendator/airflow/af_env/lib/python3.12/site-packages/airflow/example_dags/example_bash_operator.py
[2024-05-18T04:44:54.391+0000] {processor.py:840} INFO - DAG(s) 'example_bash_operator' retrieved from /home/ubuntu/chch-fuel-recommendator/airflow/af_env/lib/python3.12/site-packages/airflow/example_dags/example_bash_operator.py
[2024-05-18T04:44:54.501+0000] {logging_mixin.py:188} INFO - [2024-05-18T04:44:54.500+0000] {override.py:1829} INFO - Created Permission View: can edit on DAG:example_bash_operator
[2024-05-18T04:44:54.514+0000] {logging_mixin.py:188} INFO - [2024-05-18T04:44:54.513+0000] {override.py:1829} INFO - Created Permission View: can read on DAG:example_bash_operator
[2024-05-18T04:44:54.525+0000] {logging_mixin.py:188} INFO - [2024-05-18T04:44:54.524+0000] {override.py:1829} INFO - Created Permission View: can delete on DAG:example_bash_operator
[2024-05-18T04:44:54.525+0000] {logging_mixin.py:188} INFO - [2024-05-18T04:44:54.525+0000] {dag.py:3096} INFO - Sync 1 DAGs
[2024-05-18T04:44:54.535+0000] {logging_mixin.py:188} INFO - [2024-05-18T04:44:54.535+0000] {dag.py:3118} INFO - Creating ORM DAG for example_bash_operator
[2024-05-18T04:44:54.547+0000] {logging_mixin.py:188} INFO - [2024-05-18T04:44:54.546+0000] {dag.py:3954} INFO - Setting next_dagrun for example_bash_operator to 2024-05-17 00:00:00+00:00, run_after=2024-05-18 00:00:00+00:00
[2024-05-18T04:44:54.581+0000] {processor.py:183} INFO - Processing /home/ubuntu/chch-fuel-recommendator/airflow/af_env/lib/python3.12/site-packages/airflow/example_dags/example_bash_operator.py took 0.209 seconds
[2024-05-18T04:46:22.617+0000] {processor.py:161} INFO - Started process (PID=12385) to work on /home/ubuntu/chch-fuel-recommendator/airflow/af_env/lib/python3.12/site-packages/airflow/example_dags/example_bash_operator.py
[2024-05-18T04:46:22.619+0000] {processor.py:830} INFO - Processing file /home/ubuntu/chch-fuel-recommendator/airflow/af_env/lib/python3.12/site-packages/airflow/example_dags/example_bash_operator.py for tasks to queue
[2024-05-18T04:46:22.620+0000] {logging_mixin.py:188} INFO - [2024-05-18T04:46:22.620+0000] {dagbag.py:545} INFO - Filling up the DagBag from /home/ubuntu/chch-fuel-recommendator/airflow/af_env/lib/python3.12/site-packages/airflow/example_dags/example_bash_operator.py
[2024-05-18T04:46:22.632+0000] {processor.py:840} INFO - DAG(s) 'example_bash_operator' retrieved from /home/ubuntu/chch-fuel-recommendator/airflow/af_env/lib/python3.12/site-packages/airflow/example_dags/example_bash_operator.py
[2024-05-18T04:46:22.656+0000] {logging_mixin.py:188} INFO - [2024-05-18T04:46:22.656+0000] {dag.py:3096} INFO - Sync 1 DAGs
[2024-05-18T04:46:22.676+0000] {logging_mixin.py:188} INFO - [2024-05-18T04:46:22.676+0000] {dag.py:3954} INFO - Setting next_dagrun for example_bash_operator to 2024-05-17 00:00:00+00:00, run_after=2024-05-18 00:00:00+00:00
[2024-05-18T04:46:22.702+0000] {processor.py:183} INFO - Processing /home/ubuntu/chch-fuel-recommendator/airflow/af_env/lib/python3.12/site-packages/airflow/example_dags/example_bash_operator.py took 0.090 seconds
[2024-05-18T04:47:28.979+0000] {processor.py:161} INFO - Started process (PID=12451) to work on /home/ubuntu/chch-fuel-recommendator/airflow/af_env/lib/python3.12/site-packages/airflow/example_dags/example_bash_operator.py
[2024-05-18T04:47:28.980+0000] {processor.py:830} INFO - Processing file /home/ubuntu/chch-fuel-recommendator/airflow/af_env/lib/python3.12/site-packages/airflow/example_dags/example_bash_operator.py for tasks to queue
[2024-05-18T04:47:28.982+0000] {logging_mixin.py:188} INFO - [2024-05-18T04:47:28.982+0000] {dagbag.py:545} INFO - Filling up the DagBag from /home/ubuntu/chch-fuel-recommendator/airflow/af_env/lib/python3.12/site-packages/airflow/example_dags/example_bash_operator.py
[2024-05-18T04:47:28.998+0000] {processor.py:840} INFO - DAG(s) 'example_bash_operator' retrieved from /home/ubuntu/chch-fuel-recommendator/airflow/af_env/lib/python3.12/site-packages/airflow/example_dags/example_bash_operator.py
[2024-05-18T04:47:29.040+0000] {logging_mixin.py:188} INFO - [2024-05-18T04:47:29.040+0000] {dag.py:3096} INFO - Sync 1 DAGs
[2024-05-18T04:47:29.069+0000] {logging_mixin.py:188} INFO - [2024-05-18T04:47:29.068+0000] {dag.py:3954} INFO - Setting next_dagrun for example_bash_operator to 2024-05-17 00:00:00+00:00, run_after=2024-05-18 00:00:00+00:00
[2024-05-18T04:47:29.109+0000] {processor.py:183} INFO - Processing /home/ubuntu/chch-fuel-recommendator/airflow/af_env/lib/python3.12/site-packages/airflow/example_dags/example_bash_operator.py took 0.138 seconds
[2024-05-18T04:48:34.792+0000] {processor.py:161} INFO - Started process (PID=12516) to work on /home/ubuntu/chch-fuel-recommendator/airflow/af_env/lib/python3.12/site-packages/airflow/example_dags/example_bash_operator.py
[2024-05-18T04:48:34.793+0000] {processor.py:830} INFO - Processing file /home/ubuntu/chch-fuel-recommendator/airflow/af_env/lib/python3.12/site-packages/airflow/example_dags/example_bash_operator.py for tasks to queue
[2024-05-18T04:48:34.795+0000] {logging_mixin.py:188} INFO - [2024-05-18T04:48:34.795+0000] {dagbag.py:545} INFO - Filling up the DagBag from /home/ubuntu/chch-fuel-recommendator/airflow/af_env/lib/python3.12/site-packages/airflow/example_dags/example_bash_operator.py
[2024-05-18T04:48:34.809+0000] {processor.py:840} INFO - DAG(s) 'example_bash_operator' retrieved from /home/ubuntu/chch-fuel-recommendator/airflow/af_env/lib/python3.12/site-packages/airflow/example_dags/example_bash_operator.py
[2024-05-18T04:48:34.840+0000] {logging_mixin.py:188} INFO - [2024-05-18T04:48:34.840+0000] {dag.py:3096} INFO - Sync 1 DAGs
[2024-05-18T04:48:34.867+0000] {logging_mixin.py:188} INFO - [2024-05-18T04:48:34.866+0000] {dag.py:3954} INFO - Setting next_dagrun for example_bash_operator to 2024-05-17 00:00:00+00:00, run_after=2024-05-18 00:00:00+00:00
[2024-05-18T04:48:34.902+0000] {processor.py:183} INFO - Processing /home/ubuntu/chch-fuel-recommendator/airflow/af_env/lib/python3.12/site-packages/airflow/example_dags/example_bash_operator.py took 0.117 seconds
[2024-05-18T04:49:40.174+0000] {processor.py:161} INFO - Started process (PID=12580) to work on /home/ubuntu/chch-fuel-recommendator/airflow/af_env/lib/python3.12/site-packages/airflow/example_dags/example_bash_operator.py
[2024-05-18T04:49:40.175+0000] {processor.py:830} INFO - Processing file /home/ubuntu/chch-fuel-recommendator/airflow/af_env/lib/python3.12/site-packages/airflow/example_dags/example_bash_operator.py for tasks to queue
[2024-05-18T04:49:40.178+0000] {logging_mixin.py:188} INFO - [2024-05-18T04:49:40.177+0000] {dagbag.py:545} INFO - Filling up the DagBag from /home/ubuntu/chch-fuel-recommendator/airflow/af_env/lib/python3.12/site-packages/airflow/example_dags/example_bash_operator.py
[2024-05-18T04:49:40.198+0000] {processor.py:840} INFO - DAG(s) 'example_bash_operator' retrieved from /home/ubuntu/chch-fuel-recommendator/airflow/af_env/lib/python3.12/site-packages/airflow/example_dags/example_bash_operator.py
[2024-05-18T04:49:40.240+0000] {logging_mixin.py:188} INFO - [2024-05-18T04:49:40.239+0000] {dag.py:3096} INFO - Sync 1 DAGs
[2024-05-18T04:49:40.260+0000] {logging_mixin.py:188} INFO - [2024-05-18T04:49:40.260+0000] {dag.py:3954} INFO - Setting next_dagrun for example_bash_operator to 2024-05-17 00:00:00+00:00, run_after=2024-05-18 00:00:00+00:00
[2024-05-18T04:49:40.285+0000] {processor.py:183} INFO - Processing /home/ubuntu/chch-fuel-recommendator/airflow/af_env/lib/python3.12/site-packages/airflow/example_dags/example_bash_operator.py took 0.121 seconds
[2024-05-18T04:50:45.289+0000] {processor.py:161} INFO - Started process (PID=12650) to work on /home/ubuntu/chch-fuel-recommendator/airflow/af_env/lib/python3.12/site-packages/airflow/example_dags/example_bash_operator.py
[2024-05-18T04:50:45.291+0000] {processor.py:830} INFO - Processing file /home/ubuntu/chch-fuel-recommendator/airflow/af_env/lib/python3.12/site-packages/airflow/example_dags/example_bash_operator.py for tasks to queue
[2024-05-18T04:50:45.293+0000] {logging_mixin.py:188} INFO - [2024-05-18T04:50:45.292+0000] {dagbag.py:545} INFO - Filling up the DagBag from /home/ubuntu/chch-fuel-recommendator/airflow/af_env/lib/python3.12/site-packages/airflow/example_dags/example_bash_operator.py
[2024-05-18T04:50:45.306+0000] {processor.py:840} INFO - DAG(s) 'example_bash_operator' retrieved from /home/ubuntu/chch-fuel-recommendator/airflow/af_env/lib/python3.12/site-packages/airflow/example_dags/example_bash_operator.py
[2024-05-18T04:50:45.338+0000] {logging_mixin.py:188} INFO - [2024-05-18T04:50:45.338+0000] {dag.py:3096} INFO - Sync 1 DAGs
[2024-05-18T04:50:45.373+0000] {logging_mixin.py:188} INFO - [2024-05-18T04:50:45.372+0000] {dag.py:3954} INFO - Setting next_dagrun for example_bash_operator to 2024-05-17 00:00:00+00:00, run_after=2024-05-18 00:00:00+00:00
[2024-05-18T04:50:45.398+0000] {processor.py:183} INFO - Processing /home/ubuntu/chch-fuel-recommendator/airflow/af_env/lib/python3.12/site-packages/airflow/example_dags/example_bash_operator.py took 0.118 seconds
[2024-05-18T04:51:52.329+0000] {processor.py:161} INFO - Started process (PID=12716) to work on /home/ubuntu/chch-fuel-recommendator/airflow/af_env/lib/python3.12/site-packages/airflow/example_dags/example_bash_operator.py
[2024-05-18T04:51:52.330+0000] {processor.py:830} INFO - Processing file /home/ubuntu/chch-fuel-recommendator/airflow/af_env/lib/python3.12/site-packages/airflow/example_dags/example_bash_operator.py for tasks to queue
[2024-05-18T04:51:52.332+0000] {logging_mixin.py:188} INFO - [2024-05-18T04:51:52.331+0000] {dagbag.py:545} INFO - Filling up the DagBag from /home/ubuntu/chch-fuel-recommendator/airflow/af_env/lib/python3.12/site-packages/airflow/example_dags/example_bash_operator.py
[2024-05-18T04:51:52.343+0000] {processor.py:840} INFO - DAG(s) 'example_bash_operator' retrieved from /home/ubuntu/chch-fuel-recommendator/airflow/af_env/lib/python3.12/site-packages/airflow/example_dags/example_bash_operator.py
[2024-05-18T04:51:52.374+0000] {logging_mixin.py:188} INFO - [2024-05-18T04:51:52.374+0000] {dag.py:3096} INFO - Sync 1 DAGs
[2024-05-18T04:51:52.401+0000] {logging_mixin.py:188} INFO - [2024-05-18T04:51:52.401+0000] {dag.py:3954} INFO - Setting next_dagrun for example_bash_operator to 2024-05-17 00:00:00+00:00, run_after=2024-05-18 00:00:00+00:00
[2024-05-18T04:51:52.428+0000] {processor.py:183} INFO - Processing /home/ubuntu/chch-fuel-recommendator/airflow/af_env/lib/python3.12/site-packages/airflow/example_dags/example_bash_operator.py took 0.107 seconds
[2024-05-18T04:53:00.762+0000] {processor.py:161} INFO - Started process (PID=12783) to work on /home/ubuntu/chch-fuel-recommendator/airflow/af_env/lib/python3.12/site-packages/airflow/example_dags/example_bash_operator.py
[2024-05-18T04:53:00.764+0000] {processor.py:830} INFO - Processing file /home/ubuntu/chch-fuel-recommendator/airflow/af_env/lib/python3.12/site-packages/airflow/example_dags/example_bash_operator.py for tasks to queue
[2024-05-18T04:53:00.766+0000] {logging_mixin.py:188} INFO - [2024-05-18T04:53:00.766+0000] {dagbag.py:545} INFO - Filling up the DagBag from /home/ubuntu/chch-fuel-recommendator/airflow/af_env/lib/python3.12/site-packages/airflow/example_dags/example_bash_operator.py
[2024-05-18T04:53:00.780+0000] {processor.py:840} INFO - DAG(s) 'example_bash_operator' retrieved from /home/ubuntu/chch-fuel-recommendator/airflow/af_env/lib/python3.12/site-packages/airflow/example_dags/example_bash_operator.py
[2024-05-18T04:53:00.805+0000] {logging_mixin.py:188} INFO - [2024-05-18T04:53:00.805+0000] {dag.py:3096} INFO - Sync 1 DAGs
[2024-05-18T04:53:00.829+0000] {logging_mixin.py:188} INFO - [2024-05-18T04:53:00.828+0000] {dag.py:3954} INFO - Setting next_dagrun for example_bash_operator to 2024-05-17 00:00:00+00:00, run_after=2024-05-18 00:00:00+00:00
[2024-05-18T04:53:00.856+0000] {processor.py:183} INFO - Processing /home/ubuntu/chch-fuel-recommendator/airflow/af_env/lib/python3.12/site-packages/airflow/example_dags/example_bash_operator.py took 0.101 seconds
[2024-05-18T05:32:20.336+0000] {processor.py:161} INFO - Started process (PID=15107) to work on /home/ubuntu/airflow/airflow_env/lib/python3.12/site-packages/airflow/example_dags/example_bash_operator.py
[2024-05-18T05:32:20.337+0000] {processor.py:830} INFO - Processing file /home/ubuntu/airflow/airflow_env/lib/python3.12/site-packages/airflow/example_dags/example_bash_operator.py for tasks to queue
[2024-05-18T05:32:20.341+0000] {logging_mixin.py:188} INFO - [2024-05-18T05:32:20.340+0000] {dagbag.py:545} INFO - Filling up the DagBag from /home/ubuntu/airflow/airflow_env/lib/python3.12/site-packages/airflow/example_dags/example_bash_operator.py
[2024-05-18T05:32:20.361+0000] {processor.py:840} INFO - DAG(s) 'example_bash_operator' retrieved from /home/ubuntu/airflow/airflow_env/lib/python3.12/site-packages/airflow/example_dags/example_bash_operator.py
[2024-05-18T05:32:20.564+0000] {logging_mixin.py:188} INFO - [2024-05-18T05:32:20.564+0000] {dag.py:3096} INFO - Sync 1 DAGs
[2024-05-18T05:32:20.587+0000] {logging_mixin.py:188} INFO - [2024-05-18T05:32:20.587+0000] {dag.py:3954} INFO - Setting next_dagrun for example_bash_operator to 2024-05-17 00:00:00+00:00, run_after=2024-05-18 00:00:00+00:00
[2024-05-18T05:32:20.610+0000] {processor.py:183} INFO - Processing /home/ubuntu/airflow/airflow_env/lib/python3.12/site-packages/airflow/example_dags/example_bash_operator.py took 0.284 seconds
[2024-05-18T05:32:50.846+0000] {processor.py:161} INFO - Started process (PID=15161) to work on /home/ubuntu/airflow/airflow_env/lib/python3.12/site-packages/airflow/example_dags/example_bash_operator.py
[2024-05-18T05:32:50.847+0000] {processor.py:830} INFO - Processing file /home/ubuntu/airflow/airflow_env/lib/python3.12/site-packages/airflow/example_dags/example_bash_operator.py for tasks to queue
[2024-05-18T05:32:50.849+0000] {logging_mixin.py:188} INFO - [2024-05-18T05:32:50.849+0000] {dagbag.py:545} INFO - Filling up the DagBag from /home/ubuntu/airflow/airflow_env/lib/python3.12/site-packages/airflow/example_dags/example_bash_operator.py
[2024-05-18T05:32:50.863+0000] {processor.py:840} INFO - DAG(s) 'example_bash_operator' retrieved from /home/ubuntu/airflow/airflow_env/lib/python3.12/site-packages/airflow/example_dags/example_bash_operator.py
[2024-05-18T05:32:50.963+0000] {logging_mixin.py:188} INFO - [2024-05-18T05:32:50.963+0000] {dag.py:3096} INFO - Sync 1 DAGs
[2024-05-18T05:32:50.997+0000] {logging_mixin.py:188} INFO - [2024-05-18T05:32:50.997+0000] {dag.py:3954} INFO - Setting next_dagrun for example_bash_operator to 2024-05-17 00:00:00+00:00, run_after=2024-05-18 00:00:00+00:00
[2024-05-18T05:32:51.038+0000] {processor.py:183} INFO - Processing /home/ubuntu/airflow/airflow_env/lib/python3.12/site-packages/airflow/example_dags/example_bash_operator.py took 0.200 seconds
[2024-05-18T05:33:21.458+0000] {processor.py:161} INFO - Started process (PID=15215) to work on /home/ubuntu/airflow/airflow_env/lib/python3.12/site-packages/airflow/example_dags/example_bash_operator.py
[2024-05-18T05:33:21.461+0000] {processor.py:830} INFO - Processing file /home/ubuntu/airflow/airflow_env/lib/python3.12/site-packages/airflow/example_dags/example_bash_operator.py for tasks to queue
[2024-05-18T05:33:21.467+0000] {logging_mixin.py:188} INFO - [2024-05-18T05:33:21.466+0000] {dagbag.py:545} INFO - Filling up the DagBag from /home/ubuntu/airflow/airflow_env/lib/python3.12/site-packages/airflow/example_dags/example_bash_operator.py
[2024-05-18T05:33:21.489+0000] {processor.py:840} INFO - DAG(s) 'example_bash_operator' retrieved from /home/ubuntu/airflow/airflow_env/lib/python3.12/site-packages/airflow/example_dags/example_bash_operator.py
[2024-05-18T05:33:21.559+0000] {logging_mixin.py:188} INFO - [2024-05-18T05:33:21.559+0000] {dag.py:3096} INFO - Sync 1 DAGs
[2024-05-18T05:33:21.588+0000] {logging_mixin.py:188} INFO - [2024-05-18T05:33:21.588+0000] {dag.py:3954} INFO - Setting next_dagrun for example_bash_operator to 2024-05-17 00:00:00+00:00, run_after=2024-05-18 00:00:00+00:00
[2024-05-18T05:33:21.645+0000] {processor.py:183} INFO - Processing /home/ubuntu/airflow/airflow_env/lib/python3.12/site-packages/airflow/example_dags/example_bash_operator.py took 0.202 seconds
[2024-05-18T05:33:51.771+0000] {processor.py:161} INFO - Started process (PID=15267) to work on /home/ubuntu/airflow/airflow_env/lib/python3.12/site-packages/airflow/example_dags/example_bash_operator.py
[2024-05-18T05:33:51.772+0000] {processor.py:830} INFO - Processing file /home/ubuntu/airflow/airflow_env/lib/python3.12/site-packages/airflow/example_dags/example_bash_operator.py for tasks to queue
[2024-05-18T05:33:51.774+0000] {logging_mixin.py:188} INFO - [2024-05-18T05:33:51.774+0000] {dagbag.py:545} INFO - Filling up the DagBag from /home/ubuntu/airflow/airflow_env/lib/python3.12/site-packages/airflow/example_dags/example_bash_operator.py
[2024-05-18T05:33:51.789+0000] {processor.py:840} INFO - DAG(s) 'example_bash_operator' retrieved from /home/ubuntu/airflow/airflow_env/lib/python3.12/site-packages/airflow/example_dags/example_bash_operator.py
[2024-05-18T05:33:51.853+0000] {logging_mixin.py:188} INFO - [2024-05-18T05:33:51.853+0000] {dag.py:3096} INFO - Sync 1 DAGs
[2024-05-18T05:33:51.883+0000] {logging_mixin.py:188} INFO - [2024-05-18T05:33:51.883+0000] {dag.py:3954} INFO - Setting next_dagrun for example_bash_operator to 2024-05-17 00:00:00+00:00, run_after=2024-05-18 00:00:00+00:00
[2024-05-18T05:33:51.908+0000] {processor.py:183} INFO - Processing /home/ubuntu/airflow/airflow_env/lib/python3.12/site-packages/airflow/example_dags/example_bash_operator.py took 0.144 seconds
[2024-05-18T05:34:22.535+0000] {processor.py:161} INFO - Started process (PID=15318) to work on /home/ubuntu/airflow/airflow_env/lib/python3.12/site-packages/airflow/example_dags/example_bash_operator.py
[2024-05-18T05:34:22.537+0000] {processor.py:830} INFO - Processing file /home/ubuntu/airflow/airflow_env/lib/python3.12/site-packages/airflow/example_dags/example_bash_operator.py for tasks to queue
[2024-05-18T05:34:22.539+0000] {logging_mixin.py:188} INFO - [2024-05-18T05:34:22.538+0000] {dagbag.py:545} INFO - Filling up the DagBag from /home/ubuntu/airflow/airflow_env/lib/python3.12/site-packages/airflow/example_dags/example_bash_operator.py
[2024-05-18T05:34:22.560+0000] {processor.py:840} INFO - DAG(s) 'example_bash_operator' retrieved from /home/ubuntu/airflow/airflow_env/lib/python3.12/site-packages/airflow/example_dags/example_bash_operator.py
[2024-05-18T05:34:22.669+0000] {logging_mixin.py:188} INFO - [2024-05-18T05:34:22.669+0000] {dag.py:3096} INFO - Sync 1 DAGs
[2024-05-18T05:34:22.708+0000] {logging_mixin.py:188} INFO - [2024-05-18T05:34:22.708+0000] {dag.py:3954} INFO - Setting next_dagrun for example_bash_operator to 2024-05-17 00:00:00+00:00, run_after=2024-05-18 00:00:00+00:00
[2024-05-18T05:34:22.748+0000] {processor.py:183} INFO - Processing /home/ubuntu/airflow/airflow_env/lib/python3.12/site-packages/airflow/example_dags/example_bash_operator.py took 0.225 seconds
[2024-05-18T05:34:53.077+0000] {processor.py:161} INFO - Started process (PID=15369) to work on /home/ubuntu/airflow/airflow_env/lib/python3.12/site-packages/airflow/example_dags/example_bash_operator.py
[2024-05-18T05:34:53.078+0000] {processor.py:830} INFO - Processing file /home/ubuntu/airflow/airflow_env/lib/python3.12/site-packages/airflow/example_dags/example_bash_operator.py for tasks to queue
[2024-05-18T05:34:53.080+0000] {logging_mixin.py:188} INFO - [2024-05-18T05:34:53.079+0000] {dagbag.py:545} INFO - Filling up the DagBag from /home/ubuntu/airflow/airflow_env/lib/python3.12/site-packages/airflow/example_dags/example_bash_operator.py
[2024-05-18T05:34:53.093+0000] {processor.py:840} INFO - DAG(s) 'example_bash_operator' retrieved from /home/ubuntu/airflow/airflow_env/lib/python3.12/site-packages/airflow/example_dags/example_bash_operator.py
[2024-05-18T05:34:53.144+0000] {logging_mixin.py:188} INFO - [2024-05-18T05:34:53.144+0000] {dag.py:3096} INFO - Sync 1 DAGs
[2024-05-18T05:34:53.170+0000] {logging_mixin.py:188} INFO - [2024-05-18T05:34:53.170+0000] {dag.py:3954} INFO - Setting next_dagrun for example_bash_operator to 2024-05-17 00:00:00+00:00, run_after=2024-05-18 00:00:00+00:00
[2024-05-18T05:34:53.194+0000] {processor.py:183} INFO - Processing /home/ubuntu/airflow/airflow_env/lib/python3.12/site-packages/airflow/example_dags/example_bash_operator.py took 0.127 seconds
[2024-05-18T05:35:23.347+0000] {processor.py:161} INFO - Started process (PID=15423) to work on /home/ubuntu/airflow/airflow_env/lib/python3.12/site-packages/airflow/example_dags/example_bash_operator.py
[2024-05-18T05:35:23.348+0000] {processor.py:830} INFO - Processing file /home/ubuntu/airflow/airflow_env/lib/python3.12/site-packages/airflow/example_dags/example_bash_operator.py for tasks to queue
[2024-05-18T05:35:23.349+0000] {logging_mixin.py:188} INFO - [2024-05-18T05:35:23.349+0000] {dagbag.py:545} INFO - Filling up the DagBag from /home/ubuntu/airflow/airflow_env/lib/python3.12/site-packages/airflow/example_dags/example_bash_operator.py
[2024-05-18T05:35:23.361+0000] {processor.py:840} INFO - DAG(s) 'example_bash_operator' retrieved from /home/ubuntu/airflow/airflow_env/lib/python3.12/site-packages/airflow/example_dags/example_bash_operator.py
[2024-05-18T05:35:23.417+0000] {logging_mixin.py:188} INFO - [2024-05-18T05:35:23.417+0000] {dag.py:3096} INFO - Sync 1 DAGs
[2024-05-18T05:35:23.442+0000] {logging_mixin.py:188} INFO - [2024-05-18T05:35:23.441+0000] {dag.py:3954} INFO - Setting next_dagrun for example_bash_operator to 2024-05-17 00:00:00+00:00, run_after=2024-05-18 00:00:00+00:00
[2024-05-18T05:35:23.466+0000] {processor.py:183} INFO - Processing /home/ubuntu/airflow/airflow_env/lib/python3.12/site-packages/airflow/example_dags/example_bash_operator.py took 0.126 seconds
[2024-05-18T05:35:53.757+0000] {processor.py:161} INFO - Started process (PID=15474) to work on /home/ubuntu/airflow/airflow_env/lib/python3.12/site-packages/airflow/example_dags/example_bash_operator.py
[2024-05-18T05:35:53.759+0000] {processor.py:830} INFO - Processing file /home/ubuntu/airflow/airflow_env/lib/python3.12/site-packages/airflow/example_dags/example_bash_operator.py for tasks to queue
[2024-05-18T05:35:53.762+0000] {logging_mixin.py:188} INFO - [2024-05-18T05:35:53.761+0000] {dagbag.py:545} INFO - Filling up the DagBag from /home/ubuntu/airflow/airflow_env/lib/python3.12/site-packages/airflow/example_dags/example_bash_operator.py
[2024-05-18T05:35:53.781+0000] {processor.py:840} INFO - DAG(s) 'example_bash_operator' retrieved from /home/ubuntu/airflow/airflow_env/lib/python3.12/site-packages/airflow/example_dags/example_bash_operator.py
[2024-05-18T05:35:53.859+0000] {logging_mixin.py:188} INFO - [2024-05-18T05:35:53.858+0000] {dag.py:3096} INFO - Sync 1 DAGs
[2024-05-18T05:35:53.888+0000] {logging_mixin.py:188} INFO - [2024-05-18T05:35:53.887+0000] {dag.py:3954} INFO - Setting next_dagrun for example_bash_operator to 2024-05-17 00:00:00+00:00, run_after=2024-05-18 00:00:00+00:00
[2024-05-18T05:35:53.920+0000] {processor.py:183} INFO - Processing /home/ubuntu/airflow/airflow_env/lib/python3.12/site-packages/airflow/example_dags/example_bash_operator.py took 0.172 seconds
[2024-05-18T05:36:24.509+0000] {processor.py:161} INFO - Started process (PID=15525) to work on /home/ubuntu/airflow/airflow_env/lib/python3.12/site-packages/airflow/example_dags/example_bash_operator.py
[2024-05-18T05:36:24.510+0000] {processor.py:830} INFO - Processing file /home/ubuntu/airflow/airflow_env/lib/python3.12/site-packages/airflow/example_dags/example_bash_operator.py for tasks to queue
[2024-05-18T05:36:24.514+0000] {logging_mixin.py:188} INFO - [2024-05-18T05:36:24.513+0000] {dagbag.py:545} INFO - Filling up the DagBag from /home/ubuntu/airflow/airflow_env/lib/python3.12/site-packages/airflow/example_dags/example_bash_operator.py
[2024-05-18T05:36:24.538+0000] {processor.py:840} INFO - DAG(s) 'example_bash_operator' retrieved from /home/ubuntu/airflow/airflow_env/lib/python3.12/site-packages/airflow/example_dags/example_bash_operator.py
[2024-05-18T05:36:24.631+0000] {logging_mixin.py:188} INFO - [2024-05-18T05:36:24.630+0000] {dag.py:3096} INFO - Sync 1 DAGs
[2024-05-18T05:36:24.660+0000] {logging_mixin.py:188} INFO - [2024-05-18T05:36:24.659+0000] {dag.py:3954} INFO - Setting next_dagrun for example_bash_operator to 2024-05-17 00:00:00+00:00, run_after=2024-05-18 00:00:00+00:00
[2024-05-18T05:36:24.686+0000] {processor.py:183} INFO - Processing /home/ubuntu/airflow/airflow_env/lib/python3.12/site-packages/airflow/example_dags/example_bash_operator.py took 0.188 seconds
[2024-05-18T05:36:55.394+0000] {processor.py:161} INFO - Started process (PID=15576) to work on /home/ubuntu/airflow/airflow_env/lib/python3.12/site-packages/airflow/example_dags/example_bash_operator.py
[2024-05-18T05:36:55.396+0000] {processor.py:830} INFO - Processing file /home/ubuntu/airflow/airflow_env/lib/python3.12/site-packages/airflow/example_dags/example_bash_operator.py for tasks to queue
[2024-05-18T05:36:55.397+0000] {logging_mixin.py:188} INFO - [2024-05-18T05:36:55.397+0000] {dagbag.py:545} INFO - Filling up the DagBag from /home/ubuntu/airflow/airflow_env/lib/python3.12/site-packages/airflow/example_dags/example_bash_operator.py
[2024-05-18T05:36:55.415+0000] {processor.py:840} INFO - DAG(s) 'example_bash_operator' retrieved from /home/ubuntu/airflow/airflow_env/lib/python3.12/site-packages/airflow/example_dags/example_bash_operator.py
[2024-05-18T05:36:55.476+0000] {logging_mixin.py:188} INFO - [2024-05-18T05:36:55.476+0000] {dag.py:3096} INFO - Sync 1 DAGs
[2024-05-18T05:36:55.503+0000] {logging_mixin.py:188} INFO - [2024-05-18T05:36:55.503+0000] {dag.py:3954} INFO - Setting next_dagrun for example_bash_operator to 2024-05-17 00:00:00+00:00, run_after=2024-05-18 00:00:00+00:00
[2024-05-18T05:36:55.529+0000] {processor.py:183} INFO - Processing /home/ubuntu/airflow/airflow_env/lib/python3.12/site-packages/airflow/example_dags/example_bash_operator.py took 0.144 seconds
[2024-05-18T05:37:26.526+0000] {processor.py:161} INFO - Started process (PID=15627) to work on /home/ubuntu/airflow/airflow_env/lib/python3.12/site-packages/airflow/example_dags/example_bash_operator.py
[2024-05-18T05:37:26.527+0000] {processor.py:830} INFO - Processing file /home/ubuntu/airflow/airflow_env/lib/python3.12/site-packages/airflow/example_dags/example_bash_operator.py for tasks to queue
[2024-05-18T05:37:26.529+0000] {logging_mixin.py:188} INFO - [2024-05-18T05:37:26.529+0000] {dagbag.py:545} INFO - Filling up the DagBag from /home/ubuntu/airflow/airflow_env/lib/python3.12/site-packages/airflow/example_dags/example_bash_operator.py
[2024-05-18T05:37:26.544+0000] {processor.py:840} INFO - DAG(s) 'example_bash_operator' retrieved from /home/ubuntu/airflow/airflow_env/lib/python3.12/site-packages/airflow/example_dags/example_bash_operator.py
[2024-05-18T05:37:26.609+0000] {logging_mixin.py:188} INFO - [2024-05-18T05:37:26.608+0000] {dag.py:3096} INFO - Sync 1 DAGs
[2024-05-18T05:37:26.632+0000] {logging_mixin.py:188} INFO - [2024-05-18T05:37:26.632+0000] {dag.py:3954} INFO - Setting next_dagrun for example_bash_operator to 2024-05-17 00:00:00+00:00, run_after=2024-05-18 00:00:00+00:00
[2024-05-18T05:37:26.656+0000] {processor.py:183} INFO - Processing /home/ubuntu/airflow/airflow_env/lib/python3.12/site-packages/airflow/example_dags/example_bash_operator.py took 0.138 seconds
[2024-05-18T05:37:57.852+0000] {processor.py:161} INFO - Started process (PID=15679) to work on /home/ubuntu/airflow/airflow_env/lib/python3.12/site-packages/airflow/example_dags/example_bash_operator.py
[2024-05-18T05:37:57.853+0000] {processor.py:830} INFO - Processing file /home/ubuntu/airflow/airflow_env/lib/python3.12/site-packages/airflow/example_dags/example_bash_operator.py for tasks to queue
[2024-05-18T05:37:57.855+0000] {logging_mixin.py:188} INFO - [2024-05-18T05:37:57.855+0000] {dagbag.py:545} INFO - Filling up the DagBag from /home/ubuntu/airflow/airflow_env/lib/python3.12/site-packages/airflow/example_dags/example_bash_operator.py
[2024-05-18T05:37:57.870+0000] {processor.py:840} INFO - DAG(s) 'example_bash_operator' retrieved from /home/ubuntu/airflow/airflow_env/lib/python3.12/site-packages/airflow/example_dags/example_bash_operator.py
[2024-05-18T05:37:57.958+0000] {logging_mixin.py:188} INFO - [2024-05-18T05:37:57.958+0000] {dag.py:3096} INFO - Sync 1 DAGs
[2024-05-18T05:37:57.990+0000] {logging_mixin.py:188} INFO - [2024-05-18T05:37:57.990+0000] {dag.py:3954} INFO - Setting next_dagrun for example_bash_operator to 2024-05-17 00:00:00+00:00, run_after=2024-05-18 00:00:00+00:00
[2024-05-18T05:37:58.021+0000] {processor.py:183} INFO - Processing /home/ubuntu/airflow/airflow_env/lib/python3.12/site-packages/airflow/example_dags/example_bash_operator.py took 0.178 seconds
[2024-05-18T05:38:29.056+0000] {processor.py:161} INFO - Started process (PID=15730) to work on /home/ubuntu/airflow/airflow_env/lib/python3.12/site-packages/airflow/example_dags/example_bash_operator.py
[2024-05-18T05:38:29.057+0000] {processor.py:830} INFO - Processing file /home/ubuntu/airflow/airflow_env/lib/python3.12/site-packages/airflow/example_dags/example_bash_operator.py for tasks to queue
[2024-05-18T05:38:29.059+0000] {logging_mixin.py:188} INFO - [2024-05-18T05:38:29.059+0000] {dagbag.py:545} INFO - Filling up the DagBag from /home/ubuntu/airflow/airflow_env/lib/python3.12/site-packages/airflow/example_dags/example_bash_operator.py
[2024-05-18T05:38:29.071+0000] {processor.py:840} INFO - DAG(s) 'example_bash_operator' retrieved from /home/ubuntu/airflow/airflow_env/lib/python3.12/site-packages/airflow/example_dags/example_bash_operator.py
[2024-05-18T05:38:29.147+0000] {logging_mixin.py:188} INFO - [2024-05-18T05:38:29.147+0000] {dag.py:3096} INFO - Sync 1 DAGs
[2024-05-18T05:38:29.181+0000] {logging_mixin.py:188} INFO - [2024-05-18T05:38:29.181+0000] {dag.py:3954} INFO - Setting next_dagrun for example_bash_operator to 2024-05-17 00:00:00+00:00, run_after=2024-05-18 00:00:00+00:00
[2024-05-18T05:38:29.205+0000] {processor.py:183} INFO - Processing /home/ubuntu/airflow/airflow_env/lib/python3.12/site-packages/airflow/example_dags/example_bash_operator.py took 0.155 seconds
[2024-05-18T05:39:00.344+0000] {processor.py:161} INFO - Started process (PID=15782) to work on /home/ubuntu/airflow/airflow_env/lib/python3.12/site-packages/airflow/example_dags/example_bash_operator.py
[2024-05-18T05:39:00.346+0000] {processor.py:830} INFO - Processing file /home/ubuntu/airflow/airflow_env/lib/python3.12/site-packages/airflow/example_dags/example_bash_operator.py for tasks to queue
[2024-05-18T05:39:00.348+0000] {logging_mixin.py:188} INFO - [2024-05-18T05:39:00.348+0000] {dagbag.py:545} INFO - Filling up the DagBag from /home/ubuntu/airflow/airflow_env/lib/python3.12/site-packages/airflow/example_dags/example_bash_operator.py
[2024-05-18T05:39:00.369+0000] {processor.py:840} INFO - DAG(s) 'example_bash_operator' retrieved from /home/ubuntu/airflow/airflow_env/lib/python3.12/site-packages/airflow/example_dags/example_bash_operator.py
[2024-05-18T05:39:00.469+0000] {logging_mixin.py:188} INFO - [2024-05-18T05:39:00.468+0000] {dag.py:3096} INFO - Sync 1 DAGs
[2024-05-18T05:39:00.510+0000] {logging_mixin.py:188} INFO - [2024-05-18T05:39:00.510+0000] {dag.py:3954} INFO - Setting next_dagrun for example_bash_operator to 2024-05-17 00:00:00+00:00, run_after=2024-05-18 00:00:00+00:00
[2024-05-18T05:39:00.543+0000] {processor.py:183} INFO - Processing /home/ubuntu/airflow/airflow_env/lib/python3.12/site-packages/airflow/example_dags/example_bash_operator.py took 0.208 seconds
[2024-05-18T05:39:31.529+0000] {processor.py:161} INFO - Started process (PID=15833) to work on /home/ubuntu/airflow/airflow_env/lib/python3.12/site-packages/airflow/example_dags/example_bash_operator.py
[2024-05-18T05:39:31.530+0000] {processor.py:830} INFO - Processing file /home/ubuntu/airflow/airflow_env/lib/python3.12/site-packages/airflow/example_dags/example_bash_operator.py for tasks to queue
[2024-05-18T05:39:31.531+0000] {logging_mixin.py:188} INFO - [2024-05-18T05:39:31.531+0000] {dagbag.py:545} INFO - Filling up the DagBag from /home/ubuntu/airflow/airflow_env/lib/python3.12/site-packages/airflow/example_dags/example_bash_operator.py
[2024-05-18T05:39:31.543+0000] {processor.py:840} INFO - DAG(s) 'example_bash_operator' retrieved from /home/ubuntu/airflow/airflow_env/lib/python3.12/site-packages/airflow/example_dags/example_bash_operator.py
[2024-05-18T05:39:31.597+0000] {logging_mixin.py:188} INFO - [2024-05-18T05:39:31.597+0000] {dag.py:3096} INFO - Sync 1 DAGs
[2024-05-18T05:39:31.621+0000] {logging_mixin.py:188} INFO - [2024-05-18T05:39:31.620+0000] {dag.py:3954} INFO - Setting next_dagrun for example_bash_operator to 2024-05-17 00:00:00+00:00, run_after=2024-05-18 00:00:00+00:00
[2024-05-18T05:39:31.645+0000] {processor.py:183} INFO - Processing /home/ubuntu/airflow/airflow_env/lib/python3.12/site-packages/airflow/example_dags/example_bash_operator.py took 0.124 seconds
[2024-05-18T05:40:03.035+0000] {processor.py:161} INFO - Started process (PID=15884) to work on /home/ubuntu/airflow/airflow_env/lib/python3.12/site-packages/airflow/example_dags/example_bash_operator.py
[2024-05-18T05:40:03.037+0000] {processor.py:830} INFO - Processing file /home/ubuntu/airflow/airflow_env/lib/python3.12/site-packages/airflow/example_dags/example_bash_operator.py for tasks to queue
[2024-05-18T05:40:03.042+0000] {logging_mixin.py:188} INFO - [2024-05-18T05:40:03.041+0000] {dagbag.py:545} INFO - Filling up the DagBag from /home/ubuntu/airflow/airflow_env/lib/python3.12/site-packages/airflow/example_dags/example_bash_operator.py
[2024-05-18T05:40:03.067+0000] {processor.py:840} INFO - DAG(s) 'example_bash_operator' retrieved from /home/ubuntu/airflow/airflow_env/lib/python3.12/site-packages/airflow/example_dags/example_bash_operator.py
[2024-05-18T05:40:03.164+0000] {logging_mixin.py:188} INFO - [2024-05-18T05:40:03.164+0000] {dag.py:3096} INFO - Sync 1 DAGs
[2024-05-18T05:40:03.196+0000] {logging_mixin.py:188} INFO - [2024-05-18T05:40:03.195+0000] {dag.py:3954} INFO - Setting next_dagrun for example_bash_operator to 2024-05-17 00:00:00+00:00, run_after=2024-05-18 00:00:00+00:00
[2024-05-18T05:40:03.219+0000] {processor.py:183} INFO - Processing /home/ubuntu/airflow/airflow_env/lib/python3.12/site-packages/airflow/example_dags/example_bash_operator.py took 0.196 seconds
[2024-05-18T05:40:33.816+0000] {processor.py:161} INFO - Started process (PID=16220) to work on /home/ubuntu/airflow/airflow_env/lib/python3.12/site-packages/airflow/example_dags/example_bash_operator.py
[2024-05-18T05:40:33.821+0000] {processor.py:830} INFO - Processing file /home/ubuntu/airflow/airflow_env/lib/python3.12/site-packages/airflow/example_dags/example_bash_operator.py for tasks to queue
[2024-05-18T05:40:33.824+0000] {logging_mixin.py:188} INFO - [2024-05-18T05:40:33.824+0000] {dagbag.py:545} INFO - Filling up the DagBag from /home/ubuntu/airflow/airflow_env/lib/python3.12/site-packages/airflow/example_dags/example_bash_operator.py
[2024-05-18T05:40:33.842+0000] {processor.py:840} INFO - DAG(s) 'example_bash_operator' retrieved from /home/ubuntu/airflow/airflow_env/lib/python3.12/site-packages/airflow/example_dags/example_bash_operator.py
[2024-05-18T05:40:33.994+0000] {logging_mixin.py:188} INFO - [2024-05-18T05:40:33.993+0000] {dag.py:3096} INFO - Sync 1 DAGs
[2024-05-18T05:40:34.085+0000] {logging_mixin.py:188} INFO - [2024-05-18T05:40:34.085+0000] {dag.py:3954} INFO - Setting next_dagrun for example_bash_operator to 2024-05-17 00:00:00+00:00, run_after=2024-05-18 00:00:00+00:00
[2024-05-18T05:40:34.155+0000] {processor.py:183} INFO - Processing /home/ubuntu/airflow/airflow_env/lib/python3.12/site-packages/airflow/example_dags/example_bash_operator.py took 0.359 seconds
[2024-05-18T05:41:04.633+0000] {processor.py:161} INFO - Started process (PID=16272) to work on /home/ubuntu/airflow/airflow_env/lib/python3.12/site-packages/airflow/example_dags/example_bash_operator.py
[2024-05-18T05:41:04.635+0000] {processor.py:830} INFO - Processing file /home/ubuntu/airflow/airflow_env/lib/python3.12/site-packages/airflow/example_dags/example_bash_operator.py for tasks to queue
[2024-05-18T05:41:04.640+0000] {logging_mixin.py:188} INFO - [2024-05-18T05:41:04.639+0000] {dagbag.py:545} INFO - Filling up the DagBag from /home/ubuntu/airflow/airflow_env/lib/python3.12/site-packages/airflow/example_dags/example_bash_operator.py
[2024-05-18T05:41:04.666+0000] {processor.py:840} INFO - DAG(s) 'example_bash_operator' retrieved from /home/ubuntu/airflow/airflow_env/lib/python3.12/site-packages/airflow/example_dags/example_bash_operator.py
[2024-05-18T05:41:05.056+0000] {logging_mixin.py:188} INFO - [2024-05-18T05:41:05.055+0000] {dag.py:3096} INFO - Sync 1 DAGs
[2024-05-18T05:41:05.065+0000] {logging_mixin.py:188} INFO - [2024-05-18T05:41:05.065+0000] {dag.py:3118} INFO - Creating ORM DAG for example_bash_operator
[2024-05-18T05:41:05.077+0000] {logging_mixin.py:188} INFO - [2024-05-18T05:41:05.077+0000] {dag.py:3954} INFO - Setting next_dagrun for example_bash_operator to 2024-05-17 00:00:00+00:00, run_after=2024-05-18 00:00:00+00:00
[2024-05-18T05:41:05.098+0000] {processor.py:183} INFO - Processing /home/ubuntu/airflow/airflow_env/lib/python3.12/site-packages/airflow/example_dags/example_bash_operator.py took 0.490 seconds
[2024-05-18T05:41:35.374+0000] {processor.py:161} INFO - Started process (PID=16324) to work on /home/ubuntu/airflow/airflow_env/lib/python3.12/site-packages/airflow/example_dags/example_bash_operator.py
[2024-05-18T05:41:35.375+0000] {processor.py:830} INFO - Processing file /home/ubuntu/airflow/airflow_env/lib/python3.12/site-packages/airflow/example_dags/example_bash_operator.py for tasks to queue
[2024-05-18T05:41:35.377+0000] {logging_mixin.py:188} INFO - [2024-05-18T05:41:35.376+0000] {dagbag.py:545} INFO - Filling up the DagBag from /home/ubuntu/airflow/airflow_env/lib/python3.12/site-packages/airflow/example_dags/example_bash_operator.py
[2024-05-18T05:41:35.391+0000] {processor.py:840} INFO - DAG(s) 'example_bash_operator' retrieved from /home/ubuntu/airflow/airflow_env/lib/python3.12/site-packages/airflow/example_dags/example_bash_operator.py
[2024-05-18T05:41:35.465+0000] {logging_mixin.py:188} INFO - [2024-05-18T05:41:35.465+0000] {dag.py:3096} INFO - Sync 1 DAGs
[2024-05-18T05:41:35.509+0000] {logging_mixin.py:188} INFO - [2024-05-18T05:41:35.508+0000] {dag.py:3954} INFO - Setting next_dagrun for example_bash_operator to 2024-05-17 00:00:00+00:00, run_after=2024-05-18 00:00:00+00:00
[2024-05-18T05:41:35.535+0000] {processor.py:183} INFO - Processing /home/ubuntu/airflow/airflow_env/lib/python3.12/site-packages/airflow/example_dags/example_bash_operator.py took 0.169 seconds
[2024-05-18T05:42:05.806+0000] {processor.py:161} INFO - Started process (PID=16375) to work on /home/ubuntu/airflow/airflow_env/lib/python3.12/site-packages/airflow/example_dags/example_bash_operator.py
[2024-05-18T05:42:05.807+0000] {processor.py:830} INFO - Processing file /home/ubuntu/airflow/airflow_env/lib/python3.12/site-packages/airflow/example_dags/example_bash_operator.py for tasks to queue
[2024-05-18T05:42:05.814+0000] {logging_mixin.py:188} INFO - [2024-05-18T05:42:05.813+0000] {dagbag.py:545} INFO - Filling up the DagBag from /home/ubuntu/airflow/airflow_env/lib/python3.12/site-packages/airflow/example_dags/example_bash_operator.py
[2024-05-18T05:42:05.851+0000] {processor.py:840} INFO - DAG(s) 'example_bash_operator' retrieved from /home/ubuntu/airflow/airflow_env/lib/python3.12/site-packages/airflow/example_dags/example_bash_operator.py
[2024-05-18T05:42:06.115+0000] {logging_mixin.py:188} INFO - [2024-05-18T05:42:06.115+0000] {dag.py:3096} INFO - Sync 1 DAGs
[2024-05-18T05:42:06.131+0000] {logging_mixin.py:188} INFO - [2024-05-18T05:42:06.131+0000] {dag.py:3118} INFO - Creating ORM DAG for example_bash_operator
[2024-05-18T05:42:06.150+0000] {logging_mixin.py:188} INFO - [2024-05-18T05:42:06.150+0000] {dag.py:3954} INFO - Setting next_dagrun for example_bash_operator to 2024-05-17 00:00:00+00:00, run_after=2024-05-18 00:00:00+00:00
[2024-05-18T05:42:06.450+0000] {processor.py:183} INFO - Processing /home/ubuntu/airflow/airflow_env/lib/python3.12/site-packages/airflow/example_dags/example_bash_operator.py took 0.670 seconds
[2024-05-18T05:42:36.620+0000] {processor.py:161} INFO - Started process (PID=16426) to work on /home/ubuntu/airflow/airflow_env/lib/python3.12/site-packages/airflow/example_dags/example_bash_operator.py
[2024-05-18T05:42:36.621+0000] {processor.py:830} INFO - Processing file /home/ubuntu/airflow/airflow_env/lib/python3.12/site-packages/airflow/example_dags/example_bash_operator.py for tasks to queue
[2024-05-18T05:42:36.623+0000] {logging_mixin.py:188} INFO - [2024-05-18T05:42:36.623+0000] {dagbag.py:545} INFO - Filling up the DagBag from /home/ubuntu/airflow/airflow_env/lib/python3.12/site-packages/airflow/example_dags/example_bash_operator.py
[2024-05-18T05:42:36.640+0000] {processor.py:840} INFO - DAG(s) 'example_bash_operator' retrieved from /home/ubuntu/airflow/airflow_env/lib/python3.12/site-packages/airflow/example_dags/example_bash_operator.py
[2024-05-18T05:42:36.719+0000] {logging_mixin.py:188} INFO - [2024-05-18T05:42:36.719+0000] {dag.py:3096} INFO - Sync 1 DAGs
[2024-05-18T05:42:36.752+0000] {logging_mixin.py:188} INFO - [2024-05-18T05:42:36.751+0000] {dag.py:3954} INFO - Setting next_dagrun for example_bash_operator to 2024-05-17 00:00:00+00:00, run_after=2024-05-18 00:00:00+00:00
[2024-05-18T05:42:36.784+0000] {processor.py:183} INFO - Processing /home/ubuntu/airflow/airflow_env/lib/python3.12/site-packages/airflow/example_dags/example_bash_operator.py took 0.171 seconds
[2024-05-18T05:43:08.094+0000] {processor.py:161} INFO - Started process (PID=16512) to work on /home/ubuntu/airflow/airflow_env/lib/python3.12/site-packages/airflow/example_dags/example_bash_operator.py
[2024-05-18T05:43:08.094+0000] {processor.py:830} INFO - Processing file /home/ubuntu/airflow/airflow_env/lib/python3.12/site-packages/airflow/example_dags/example_bash_operator.py for tasks to queue
[2024-05-18T05:43:08.097+0000] {logging_mixin.py:188} INFO - [2024-05-18T05:43:08.096+0000] {dagbag.py:545} INFO - Filling up the DagBag from /home/ubuntu/airflow/airflow_env/lib/python3.12/site-packages/airflow/example_dags/example_bash_operator.py
[2024-05-18T05:43:08.132+0000] {processor.py:840} INFO - DAG(s) 'example_bash_operator' retrieved from /home/ubuntu/airflow/airflow_env/lib/python3.12/site-packages/airflow/example_dags/example_bash_operator.py
[2024-05-18T05:43:08.204+0000] {logging_mixin.py:188} INFO - [2024-05-18T05:43:08.204+0000] {dag.py:3096} INFO - Sync 1 DAGs
[2024-05-18T05:43:08.231+0000] {logging_mixin.py:188} INFO - [2024-05-18T05:43:08.231+0000] {dag.py:3954} INFO - Setting next_dagrun for example_bash_operator to 2024-05-17 00:00:00+00:00, run_after=2024-05-18 00:00:00+00:00
[2024-05-18T05:43:08.256+0000] {processor.py:183} INFO - Processing /home/ubuntu/airflow/airflow_env/lib/python3.12/site-packages/airflow/example_dags/example_bash_operator.py took 0.170 seconds
[2024-05-18T05:43:38.958+0000] {processor.py:161} INFO - Started process (PID=16563) to work on /home/ubuntu/airflow/airflow_env/lib/python3.12/site-packages/airflow/example_dags/example_bash_operator.py
[2024-05-18T05:43:38.961+0000] {processor.py:830} INFO - Processing file /home/ubuntu/airflow/airflow_env/lib/python3.12/site-packages/airflow/example_dags/example_bash_operator.py for tasks to queue
[2024-05-18T05:43:38.964+0000] {logging_mixin.py:188} INFO - [2024-05-18T05:43:38.963+0000] {dagbag.py:545} INFO - Filling up the DagBag from /home/ubuntu/airflow/airflow_env/lib/python3.12/site-packages/airflow/example_dags/example_bash_operator.py
[2024-05-18T05:43:38.978+0000] {processor.py:840} INFO - DAG(s) 'example_bash_operator' retrieved from /home/ubuntu/airflow/airflow_env/lib/python3.12/site-packages/airflow/example_dags/example_bash_operator.py
[2024-05-18T05:43:39.040+0000] {logging_mixin.py:188} INFO - [2024-05-18T05:43:39.040+0000] {dag.py:3096} INFO - Sync 1 DAGs
[2024-05-18T05:43:39.070+0000] {logging_mixin.py:188} INFO - [2024-05-18T05:43:39.070+0000] {dag.py:3954} INFO - Setting next_dagrun for example_bash_operator to 2024-05-17 00:00:00+00:00, run_after=2024-05-18 00:00:00+00:00
[2024-05-18T05:43:39.096+0000] {processor.py:183} INFO - Processing /home/ubuntu/airflow/airflow_env/lib/python3.12/site-packages/airflow/example_dags/example_bash_operator.py took 0.147 seconds
