[2024-05-18T04:44:16.136+0000] {processor.py:161} INFO - Started process (PID=12266) to work on /home/ubuntu/chch-fuel-recommendator/airflow/af_env/lib/python3.12/site-packages/airflow/example_dags/example_short_circuit_decorator.py
[2024-05-18T04:44:16.137+0000] {processor.py:830} INFO - Processing file /home/ubuntu/chch-fuel-recommendator/airflow/af_env/lib/python3.12/site-packages/airflow/example_dags/example_short_circuit_decorator.py for tasks to queue
[2024-05-18T04:44:16.140+0000] {logging_mixin.py:188} INFO - [2024-05-18T04:44:16.139+0000] {dagbag.py:545} INFO - Filling up the DagBag from /home/ubuntu/chch-fuel-recommendator/airflow/af_env/lib/python3.12/site-packages/airflow/example_dags/example_short_circuit_decorator.py
[2024-05-18T04:44:16.154+0000] {processor.py:840} INFO - DAG(s) 'example_short_circuit_decorator' retrieved from /home/ubuntu/chch-fuel-recommendator/airflow/af_env/lib/python3.12/site-packages/airflow/example_dags/example_short_circuit_decorator.py
[2024-05-18T04:44:16.290+0000] {logging_mixin.py:188} INFO - [2024-05-18T04:44:16.289+0000] {override.py:1829} INFO - Created Permission View: can edit on DAG:example_short_circuit_decorator
[2024-05-18T04:44:16.310+0000] {logging_mixin.py:188} INFO - [2024-05-18T04:44:16.309+0000] {override.py:1829} INFO - Created Permission View: can read on DAG:example_short_circuit_decorator
[2024-05-18T04:44:16.323+0000] {logging_mixin.py:188} INFO - [2024-05-18T04:44:16.322+0000] {override.py:1829} INFO - Created Permission View: can delete on DAG:example_short_circuit_decorator
[2024-05-18T04:44:16.323+0000] {logging_mixin.py:188} INFO - [2024-05-18T04:44:16.323+0000] {dag.py:3096} INFO - Sync 1 DAGs
[2024-05-18T04:44:16.338+0000] {logging_mixin.py:188} INFO - [2024-05-18T04:44:16.338+0000] {dag.py:3118} INFO - Creating ORM DAG for example_short_circuit_decorator
[2024-05-18T04:44:16.360+0000] {logging_mixin.py:188} INFO - [2024-05-18T04:44:16.360+0000] {dag.py:3954} INFO - Setting next_dagrun for example_short_circuit_decorator to 2024-05-17 00:00:00+00:00, run_after=2024-05-18 00:00:00+00:00
[2024-05-18T04:44:16.400+0000] {processor.py:183} INFO - Processing /home/ubuntu/chch-fuel-recommendator/airflow/af_env/lib/python3.12/site-packages/airflow/example_dags/example_short_circuit_decorator.py took 0.271 seconds
[2024-05-18T04:45:15.318+0000] {processor.py:161} INFO - Started process (PID=12320) to work on /home/ubuntu/chch-fuel-recommendator/airflow/af_env/lib/python3.12/site-packages/airflow/example_dags/example_short_circuit_decorator.py
[2024-05-18T04:45:15.320+0000] {processor.py:830} INFO - Processing file /home/ubuntu/chch-fuel-recommendator/airflow/af_env/lib/python3.12/site-packages/airflow/example_dags/example_short_circuit_decorator.py for tasks to queue
[2024-05-18T04:45:15.321+0000] {logging_mixin.py:188} INFO - [2024-05-18T04:45:15.321+0000] {dagbag.py:545} INFO - Filling up the DagBag from /home/ubuntu/chch-fuel-recommendator/airflow/af_env/lib/python3.12/site-packages/airflow/example_dags/example_short_circuit_decorator.py
[2024-05-18T04:45:15.332+0000] {processor.py:840} INFO - DAG(s) 'example_short_circuit_decorator' retrieved from /home/ubuntu/chch-fuel-recommendator/airflow/af_env/lib/python3.12/site-packages/airflow/example_dags/example_short_circuit_decorator.py
[2024-05-18T04:45:15.354+0000] {logging_mixin.py:188} INFO - [2024-05-18T04:45:15.354+0000] {dag.py:3096} INFO - Sync 1 DAGs
[2024-05-18T04:45:15.377+0000] {logging_mixin.py:188} INFO - [2024-05-18T04:45:15.377+0000] {dag.py:3954} INFO - Setting next_dagrun for example_short_circuit_decorator to 2024-05-17 00:00:00+00:00, run_after=2024-05-18 00:00:00+00:00
[2024-05-18T04:45:15.403+0000] {processor.py:183} INFO - Processing /home/ubuntu/chch-fuel-recommendator/airflow/af_env/lib/python3.12/site-packages/airflow/example_dags/example_short_circuit_decorator.py took 0.091 seconds
[2024-05-18T04:46:13.072+0000] {processor.py:161} INFO - Started process (PID=12376) to work on /home/ubuntu/chch-fuel-recommendator/airflow/af_env/lib/python3.12/site-packages/airflow/example_dags/example_short_circuit_decorator.py
[2024-05-18T04:46:13.074+0000] {processor.py:830} INFO - Processing file /home/ubuntu/chch-fuel-recommendator/airflow/af_env/lib/python3.12/site-packages/airflow/example_dags/example_short_circuit_decorator.py for tasks to queue
[2024-05-18T04:46:13.076+0000] {logging_mixin.py:188} INFO - [2024-05-18T04:46:13.075+0000] {dagbag.py:545} INFO - Filling up the DagBag from /home/ubuntu/chch-fuel-recommendator/airflow/af_env/lib/python3.12/site-packages/airflow/example_dags/example_short_circuit_decorator.py
[2024-05-18T04:46:13.092+0000] {processor.py:840} INFO - DAG(s) 'example_short_circuit_decorator' retrieved from /home/ubuntu/chch-fuel-recommendator/airflow/af_env/lib/python3.12/site-packages/airflow/example_dags/example_short_circuit_decorator.py
[2024-05-18T04:46:13.116+0000] {logging_mixin.py:188} INFO - [2024-05-18T04:46:13.115+0000] {dag.py:3096} INFO - Sync 1 DAGs
[2024-05-18T04:46:13.139+0000] {logging_mixin.py:188} INFO - [2024-05-18T04:46:13.139+0000] {dag.py:3954} INFO - Setting next_dagrun for example_short_circuit_decorator to 2024-05-17 00:00:00+00:00, run_after=2024-05-18 00:00:00+00:00
[2024-05-18T04:46:13.167+0000] {processor.py:183} INFO - Processing /home/ubuntu/chch-fuel-recommendator/airflow/af_env/lib/python3.12/site-packages/airflow/example_dags/example_short_circuit_decorator.py took 0.102 seconds
[2024-05-18T04:47:04.416+0000] {processor.py:161} INFO - Started process (PID=12427) to work on /home/ubuntu/chch-fuel-recommendator/airflow/af_env/lib/python3.12/site-packages/airflow/example_dags/example_short_circuit_decorator.py
[2024-05-18T04:47:04.418+0000] {processor.py:830} INFO - Processing file /home/ubuntu/chch-fuel-recommendator/airflow/af_env/lib/python3.12/site-packages/airflow/example_dags/example_short_circuit_decorator.py for tasks to queue
[2024-05-18T04:47:04.421+0000] {logging_mixin.py:188} INFO - [2024-05-18T04:47:04.421+0000] {dagbag.py:545} INFO - Filling up the DagBag from /home/ubuntu/chch-fuel-recommendator/airflow/af_env/lib/python3.12/site-packages/airflow/example_dags/example_short_circuit_decorator.py
[2024-05-18T04:47:04.455+0000] {processor.py:840} INFO - DAG(s) 'example_short_circuit_decorator' retrieved from /home/ubuntu/chch-fuel-recommendator/airflow/af_env/lib/python3.12/site-packages/airflow/example_dags/example_short_circuit_decorator.py
[2024-05-18T04:47:04.503+0000] {logging_mixin.py:188} INFO - [2024-05-18T04:47:04.503+0000] {dag.py:3096} INFO - Sync 1 DAGs
[2024-05-18T04:47:04.530+0000] {logging_mixin.py:188} INFO - [2024-05-18T04:47:04.530+0000] {dag.py:3954} INFO - Setting next_dagrun for example_short_circuit_decorator to 2024-05-17 00:00:00+00:00, run_after=2024-05-18 00:00:00+00:00
[2024-05-18T04:47:04.591+0000] {processor.py:183} INFO - Processing /home/ubuntu/chch-fuel-recommendator/airflow/af_env/lib/python3.12/site-packages/airflow/example_dags/example_short_circuit_decorator.py took 0.192 seconds
[2024-05-18T04:47:57.296+0000] {processor.py:161} INFO - Started process (PID=12480) to work on /home/ubuntu/chch-fuel-recommendator/airflow/af_env/lib/python3.12/site-packages/airflow/example_dags/example_short_circuit_decorator.py
[2024-05-18T04:47:57.298+0000] {processor.py:830} INFO - Processing file /home/ubuntu/chch-fuel-recommendator/airflow/af_env/lib/python3.12/site-packages/airflow/example_dags/example_short_circuit_decorator.py for tasks to queue
[2024-05-18T04:47:57.300+0000] {logging_mixin.py:188} INFO - [2024-05-18T04:47:57.300+0000] {dagbag.py:545} INFO - Filling up the DagBag from /home/ubuntu/chch-fuel-recommendator/airflow/af_env/lib/python3.12/site-packages/airflow/example_dags/example_short_circuit_decorator.py
[2024-05-18T04:47:57.311+0000] {processor.py:840} INFO - DAG(s) 'example_short_circuit_decorator' retrieved from /home/ubuntu/chch-fuel-recommendator/airflow/af_env/lib/python3.12/site-packages/airflow/example_dags/example_short_circuit_decorator.py
[2024-05-18T04:47:57.332+0000] {logging_mixin.py:188} INFO - [2024-05-18T04:47:57.332+0000] {dag.py:3096} INFO - Sync 1 DAGs
[2024-05-18T04:47:57.352+0000] {logging_mixin.py:188} INFO - [2024-05-18T04:47:57.352+0000] {dag.py:3954} INFO - Setting next_dagrun for example_short_circuit_decorator to 2024-05-17 00:00:00+00:00, run_after=2024-05-18 00:00:00+00:00
[2024-05-18T04:47:57.379+0000] {processor.py:183} INFO - Processing /home/ubuntu/chch-fuel-recommendator/airflow/af_env/lib/python3.12/site-packages/airflow/example_dags/example_short_circuit_decorator.py took 0.091 seconds
[2024-05-18T04:48:42.143+0000] {processor.py:161} INFO - Started process (PID=12523) to work on /home/ubuntu/chch-fuel-recommendator/airflow/af_env/lib/python3.12/site-packages/airflow/example_dags/example_short_circuit_decorator.py
[2024-05-18T04:48:42.145+0000] {processor.py:830} INFO - Processing file /home/ubuntu/chch-fuel-recommendator/airflow/af_env/lib/python3.12/site-packages/airflow/example_dags/example_short_circuit_decorator.py for tasks to queue
[2024-05-18T04:48:42.148+0000] {logging_mixin.py:188} INFO - [2024-05-18T04:48:42.148+0000] {dagbag.py:545} INFO - Filling up the DagBag from /home/ubuntu/chch-fuel-recommendator/airflow/af_env/lib/python3.12/site-packages/airflow/example_dags/example_short_circuit_decorator.py
[2024-05-18T04:48:42.161+0000] {processor.py:840} INFO - DAG(s) 'example_short_circuit_decorator' retrieved from /home/ubuntu/chch-fuel-recommendator/airflow/af_env/lib/python3.12/site-packages/airflow/example_dags/example_short_circuit_decorator.py
[2024-05-18T04:48:42.196+0000] {logging_mixin.py:188} INFO - [2024-05-18T04:48:42.195+0000] {dag.py:3096} INFO - Sync 1 DAGs
[2024-05-18T04:48:42.225+0000] {logging_mixin.py:188} INFO - [2024-05-18T04:48:42.225+0000] {dag.py:3954} INFO - Setting next_dagrun for example_short_circuit_decorator to 2024-05-17 00:00:00+00:00, run_after=2024-05-18 00:00:00+00:00
[2024-05-18T04:48:42.263+0000] {processor.py:183} INFO - Processing /home/ubuntu/chch-fuel-recommendator/airflow/af_env/lib/python3.12/site-packages/airflow/example_dags/example_short_circuit_decorator.py took 0.127 seconds
[2024-05-18T04:49:25.899+0000] {processor.py:161} INFO - Started process (PID=12567) to work on /home/ubuntu/chch-fuel-recommendator/airflow/af_env/lib/python3.12/site-packages/airflow/example_dags/example_short_circuit_decorator.py
[2024-05-18T04:49:25.901+0000] {processor.py:830} INFO - Processing file /home/ubuntu/chch-fuel-recommendator/airflow/af_env/lib/python3.12/site-packages/airflow/example_dags/example_short_circuit_decorator.py for tasks to queue
[2024-05-18T04:49:25.903+0000] {logging_mixin.py:188} INFO - [2024-05-18T04:49:25.902+0000] {dagbag.py:545} INFO - Filling up the DagBag from /home/ubuntu/chch-fuel-recommendator/airflow/af_env/lib/python3.12/site-packages/airflow/example_dags/example_short_circuit_decorator.py
[2024-05-18T04:49:25.915+0000] {processor.py:840} INFO - DAG(s) 'example_short_circuit_decorator' retrieved from /home/ubuntu/chch-fuel-recommendator/airflow/af_env/lib/python3.12/site-packages/airflow/example_dags/example_short_circuit_decorator.py
[2024-05-18T04:49:25.945+0000] {logging_mixin.py:188} INFO - [2024-05-18T04:49:25.944+0000] {dag.py:3096} INFO - Sync 1 DAGs
[2024-05-18T04:49:25.964+0000] {logging_mixin.py:188} INFO - [2024-05-18T04:49:25.964+0000] {dag.py:3954} INFO - Setting next_dagrun for example_short_circuit_decorator to 2024-05-17 00:00:00+00:00, run_after=2024-05-18 00:00:00+00:00
[2024-05-18T04:49:26.005+0000] {processor.py:183} INFO - Processing /home/ubuntu/chch-fuel-recommendator/airflow/af_env/lib/python3.12/site-packages/airflow/example_dags/example_short_circuit_decorator.py took 0.120 seconds
[2024-05-18T04:50:10.976+0000] {processor.py:161} INFO - Started process (PID=12615) to work on /home/ubuntu/chch-fuel-recommendator/airflow/af_env/lib/python3.12/site-packages/airflow/example_dags/example_short_circuit_decorator.py
[2024-05-18T04:50:10.977+0000] {processor.py:830} INFO - Processing file /home/ubuntu/chch-fuel-recommendator/airflow/af_env/lib/python3.12/site-packages/airflow/example_dags/example_short_circuit_decorator.py for tasks to queue
[2024-05-18T04:50:10.979+0000] {logging_mixin.py:188} INFO - [2024-05-18T04:50:10.979+0000] {dagbag.py:545} INFO - Filling up the DagBag from /home/ubuntu/chch-fuel-recommendator/airflow/af_env/lib/python3.12/site-packages/airflow/example_dags/example_short_circuit_decorator.py
[2024-05-18T04:50:10.989+0000] {processor.py:840} INFO - DAG(s) 'example_short_circuit_decorator' retrieved from /home/ubuntu/chch-fuel-recommendator/airflow/af_env/lib/python3.12/site-packages/airflow/example_dags/example_short_circuit_decorator.py
[2024-05-18T04:50:11.013+0000] {logging_mixin.py:188} INFO - [2024-05-18T04:50:11.013+0000] {dag.py:3096} INFO - Sync 1 DAGs
[2024-05-18T04:50:11.035+0000] {logging_mixin.py:188} INFO - [2024-05-18T04:50:11.034+0000] {dag.py:3954} INFO - Setting next_dagrun for example_short_circuit_decorator to 2024-05-17 00:00:00+00:00, run_after=2024-05-18 00:00:00+00:00
[2024-05-18T04:50:11.064+0000] {processor.py:183} INFO - Processing /home/ubuntu/chch-fuel-recommendator/airflow/af_env/lib/python3.12/site-packages/airflow/example_dags/example_short_circuit_decorator.py took 0.095 seconds
[2024-05-18T04:50:54.085+0000] {processor.py:161} INFO - Started process (PID=12659) to work on /home/ubuntu/chch-fuel-recommendator/airflow/af_env/lib/python3.12/site-packages/airflow/example_dags/example_short_circuit_decorator.py
[2024-05-18T04:50:54.089+0000] {processor.py:830} INFO - Processing file /home/ubuntu/chch-fuel-recommendator/airflow/af_env/lib/python3.12/site-packages/airflow/example_dags/example_short_circuit_decorator.py for tasks to queue
[2024-05-18T04:50:54.093+0000] {logging_mixin.py:188} INFO - [2024-05-18T04:50:54.092+0000] {dagbag.py:545} INFO - Filling up the DagBag from /home/ubuntu/chch-fuel-recommendator/airflow/af_env/lib/python3.12/site-packages/airflow/example_dags/example_short_circuit_decorator.py
[2024-05-18T04:50:54.111+0000] {processor.py:840} INFO - DAG(s) 'example_short_circuit_decorator' retrieved from /home/ubuntu/chch-fuel-recommendator/airflow/af_env/lib/python3.12/site-packages/airflow/example_dags/example_short_circuit_decorator.py
[2024-05-18T04:50:54.144+0000] {logging_mixin.py:188} INFO - [2024-05-18T04:50:54.144+0000] {dag.py:3096} INFO - Sync 1 DAGs
[2024-05-18T04:50:54.173+0000] {logging_mixin.py:188} INFO - [2024-05-18T04:50:54.173+0000] {dag.py:3954} INFO - Setting next_dagrun for example_short_circuit_decorator to 2024-05-17 00:00:00+00:00, run_after=2024-05-18 00:00:00+00:00
[2024-05-18T04:50:54.241+0000] {processor.py:183} INFO - Processing /home/ubuntu/chch-fuel-recommendator/airflow/af_env/lib/python3.12/site-packages/airflow/example_dags/example_short_circuit_decorator.py took 0.176 seconds
[2024-05-18T04:51:39.158+0000] {processor.py:161} INFO - Started process (PID=12703) to work on /home/ubuntu/chch-fuel-recommendator/airflow/af_env/lib/python3.12/site-packages/airflow/example_dags/example_short_circuit_decorator.py
[2024-05-18T04:51:39.160+0000] {processor.py:830} INFO - Processing file /home/ubuntu/chch-fuel-recommendator/airflow/af_env/lib/python3.12/site-packages/airflow/example_dags/example_short_circuit_decorator.py for tasks to queue
[2024-05-18T04:51:39.162+0000] {logging_mixin.py:188} INFO - [2024-05-18T04:51:39.162+0000] {dagbag.py:545} INFO - Filling up the DagBag from /home/ubuntu/chch-fuel-recommendator/airflow/af_env/lib/python3.12/site-packages/airflow/example_dags/example_short_circuit_decorator.py
[2024-05-18T04:51:39.171+0000] {processor.py:840} INFO - DAG(s) 'example_short_circuit_decorator' retrieved from /home/ubuntu/chch-fuel-recommendator/airflow/af_env/lib/python3.12/site-packages/airflow/example_dags/example_short_circuit_decorator.py
[2024-05-18T04:51:39.190+0000] {logging_mixin.py:188} INFO - [2024-05-18T04:51:39.190+0000] {dag.py:3096} INFO - Sync 1 DAGs
[2024-05-18T04:51:39.211+0000] {logging_mixin.py:188} INFO - [2024-05-18T04:51:39.211+0000] {dag.py:3954} INFO - Setting next_dagrun for example_short_circuit_decorator to 2024-05-17 00:00:00+00:00, run_after=2024-05-18 00:00:00+00:00
[2024-05-18T04:51:39.235+0000] {processor.py:183} INFO - Processing /home/ubuntu/chch-fuel-recommendator/airflow/af_env/lib/python3.12/site-packages/airflow/example_dags/example_short_circuit_decorator.py took 0.083 seconds
[2024-05-18T04:52:21.792+0000] {processor.py:161} INFO - Started process (PID=12746) to work on /home/ubuntu/chch-fuel-recommendator/airflow/af_env/lib/python3.12/site-packages/airflow/example_dags/example_short_circuit_decorator.py
[2024-05-18T04:52:21.794+0000] {processor.py:830} INFO - Processing file /home/ubuntu/chch-fuel-recommendator/airflow/af_env/lib/python3.12/site-packages/airflow/example_dags/example_short_circuit_decorator.py for tasks to queue
[2024-05-18T04:52:21.796+0000] {logging_mixin.py:188} INFO - [2024-05-18T04:52:21.796+0000] {dagbag.py:545} INFO - Filling up the DagBag from /home/ubuntu/chch-fuel-recommendator/airflow/af_env/lib/python3.12/site-packages/airflow/example_dags/example_short_circuit_decorator.py
[2024-05-18T04:52:21.809+0000] {processor.py:840} INFO - DAG(s) 'example_short_circuit_decorator' retrieved from /home/ubuntu/chch-fuel-recommendator/airflow/af_env/lib/python3.12/site-packages/airflow/example_dags/example_short_circuit_decorator.py
[2024-05-18T04:52:21.833+0000] {logging_mixin.py:188} INFO - [2024-05-18T04:52:21.833+0000] {dag.py:3096} INFO - Sync 1 DAGs
[2024-05-18T04:52:21.857+0000] {logging_mixin.py:188} INFO - [2024-05-18T04:52:21.856+0000] {dag.py:3954} INFO - Setting next_dagrun for example_short_circuit_decorator to 2024-05-17 00:00:00+00:00, run_after=2024-05-18 00:00:00+00:00
[2024-05-18T04:52:21.892+0000] {processor.py:183} INFO - Processing /home/ubuntu/chch-fuel-recommendator/airflow/af_env/lib/python3.12/site-packages/airflow/example_dags/example_short_circuit_decorator.py took 0.108 seconds
[2024-05-18T04:53:09.091+0000] {processor.py:161} INFO - Started process (PID=12792) to work on /home/ubuntu/chch-fuel-recommendator/airflow/af_env/lib/python3.12/site-packages/airflow/example_dags/example_short_circuit_decorator.py
[2024-05-18T04:53:09.092+0000] {processor.py:830} INFO - Processing file /home/ubuntu/chch-fuel-recommendator/airflow/af_env/lib/python3.12/site-packages/airflow/example_dags/example_short_circuit_decorator.py for tasks to queue
[2024-05-18T04:53:09.094+0000] {logging_mixin.py:188} INFO - [2024-05-18T04:53:09.093+0000] {dagbag.py:545} INFO - Filling up the DagBag from /home/ubuntu/chch-fuel-recommendator/airflow/af_env/lib/python3.12/site-packages/airflow/example_dags/example_short_circuit_decorator.py
[2024-05-18T04:53:09.103+0000] {processor.py:840} INFO - DAG(s) 'example_short_circuit_decorator' retrieved from /home/ubuntu/chch-fuel-recommendator/airflow/af_env/lib/python3.12/site-packages/airflow/example_dags/example_short_circuit_decorator.py
[2024-05-18T04:53:09.122+0000] {logging_mixin.py:188} INFO - [2024-05-18T04:53:09.122+0000] {dag.py:3096} INFO - Sync 1 DAGs
[2024-05-18T04:53:09.144+0000] {logging_mixin.py:188} INFO - [2024-05-18T04:53:09.144+0000] {dag.py:3954} INFO - Setting next_dagrun for example_short_circuit_decorator to 2024-05-17 00:00:00+00:00, run_after=2024-05-18 00:00:00+00:00
[2024-05-18T04:53:09.168+0000] {processor.py:183} INFO - Processing /home/ubuntu/chch-fuel-recommendator/airflow/af_env/lib/python3.12/site-packages/airflow/example_dags/example_short_circuit_decorator.py took 0.086 seconds
[2024-05-18T05:32:15.828+0000] {processor.py:161} INFO - Started process (PID=15079) to work on /home/ubuntu/airflow/airflow_env/lib/python3.12/site-packages/airflow/example_dags/example_short_circuit_decorator.py
[2024-05-18T05:32:15.829+0000] {processor.py:830} INFO - Processing file /home/ubuntu/airflow/airflow_env/lib/python3.12/site-packages/airflow/example_dags/example_short_circuit_decorator.py for tasks to queue
[2024-05-18T05:32:15.830+0000] {logging_mixin.py:188} INFO - [2024-05-18T05:32:15.830+0000] {dagbag.py:545} INFO - Filling up the DagBag from /home/ubuntu/airflow/airflow_env/lib/python3.12/site-packages/airflow/example_dags/example_short_circuit_decorator.py
[2024-05-18T05:32:15.840+0000] {processor.py:840} INFO - DAG(s) 'example_short_circuit_decorator' retrieved from /home/ubuntu/airflow/airflow_env/lib/python3.12/site-packages/airflow/example_dags/example_short_circuit_decorator.py
[2024-05-18T05:32:15.992+0000] {logging_mixin.py:188} INFO - [2024-05-18T05:32:15.992+0000] {dag.py:3096} INFO - Sync 1 DAGs
[2024-05-18T05:32:16.020+0000] {logging_mixin.py:188} INFO - [2024-05-18T05:32:16.020+0000] {dag.py:3954} INFO - Setting next_dagrun for example_short_circuit_decorator to 2024-05-17 00:00:00+00:00, run_after=2024-05-18 00:00:00+00:00
[2024-05-18T05:32:16.050+0000] {processor.py:183} INFO - Processing /home/ubuntu/airflow/airflow_env/lib/python3.12/site-packages/airflow/example_dags/example_short_circuit_decorator.py took 0.230 seconds
[2024-05-18T05:32:47.054+0000] {processor.py:161} INFO - Started process (PID=15133) to work on /home/ubuntu/airflow/airflow_env/lib/python3.12/site-packages/airflow/example_dags/example_short_circuit_decorator.py
[2024-05-18T05:32:47.057+0000] {processor.py:830} INFO - Processing file /home/ubuntu/airflow/airflow_env/lib/python3.12/site-packages/airflow/example_dags/example_short_circuit_decorator.py for tasks to queue
[2024-05-18T05:32:47.061+0000] {logging_mixin.py:188} INFO - [2024-05-18T05:32:47.060+0000] {dagbag.py:545} INFO - Filling up the DagBag from /home/ubuntu/airflow/airflow_env/lib/python3.12/site-packages/airflow/example_dags/example_short_circuit_decorator.py
[2024-05-18T05:32:47.080+0000] {processor.py:840} INFO - DAG(s) 'example_short_circuit_decorator' retrieved from /home/ubuntu/airflow/airflow_env/lib/python3.12/site-packages/airflow/example_dags/example_short_circuit_decorator.py
[2024-05-18T05:32:47.156+0000] {logging_mixin.py:188} INFO - [2024-05-18T05:32:47.155+0000] {dag.py:3096} INFO - Sync 1 DAGs
[2024-05-18T05:32:47.192+0000] {logging_mixin.py:188} INFO - [2024-05-18T05:32:47.191+0000] {dag.py:3954} INFO - Setting next_dagrun for example_short_circuit_decorator to 2024-05-17 00:00:00+00:00, run_after=2024-05-18 00:00:00+00:00
[2024-05-18T05:32:47.241+0000] {processor.py:183} INFO - Processing /home/ubuntu/airflow/airflow_env/lib/python3.12/site-packages/airflow/example_dags/example_short_circuit_decorator.py took 0.196 seconds
[2024-05-18T05:33:17.385+0000] {processor.py:161} INFO - Started process (PID=15187) to work on /home/ubuntu/airflow/airflow_env/lib/python3.12/site-packages/airflow/example_dags/example_short_circuit_decorator.py
[2024-05-18T05:33:17.386+0000] {processor.py:830} INFO - Processing file /home/ubuntu/airflow/airflow_env/lib/python3.12/site-packages/airflow/example_dags/example_short_circuit_decorator.py for tasks to queue
[2024-05-18T05:33:17.389+0000] {logging_mixin.py:188} INFO - [2024-05-18T05:33:17.389+0000] {dagbag.py:545} INFO - Filling up the DagBag from /home/ubuntu/airflow/airflow_env/lib/python3.12/site-packages/airflow/example_dags/example_short_circuit_decorator.py
[2024-05-18T05:33:17.403+0000] {processor.py:840} INFO - DAG(s) 'example_short_circuit_decorator' retrieved from /home/ubuntu/airflow/airflow_env/lib/python3.12/site-packages/airflow/example_dags/example_short_circuit_decorator.py
[2024-05-18T05:33:17.475+0000] {logging_mixin.py:188} INFO - [2024-05-18T05:33:17.475+0000] {dag.py:3096} INFO - Sync 1 DAGs
[2024-05-18T05:33:17.515+0000] {logging_mixin.py:188} INFO - [2024-05-18T05:33:17.514+0000] {dag.py:3954} INFO - Setting next_dagrun for example_short_circuit_decorator to 2024-05-17 00:00:00+00:00, run_after=2024-05-18 00:00:00+00:00
[2024-05-18T05:33:17.549+0000] {processor.py:183} INFO - Processing /home/ubuntu/airflow/airflow_env/lib/python3.12/site-packages/airflow/example_dags/example_short_circuit_decorator.py took 0.191 seconds
[2024-05-18T05:33:47.691+0000] {processor.py:161} INFO - Started process (PID=15239) to work on /home/ubuntu/airflow/airflow_env/lib/python3.12/site-packages/airflow/example_dags/example_short_circuit_decorator.py
[2024-05-18T05:33:47.694+0000] {processor.py:830} INFO - Processing file /home/ubuntu/airflow/airflow_env/lib/python3.12/site-packages/airflow/example_dags/example_short_circuit_decorator.py for tasks to queue
[2024-05-18T05:33:47.699+0000] {logging_mixin.py:188} INFO - [2024-05-18T05:33:47.699+0000] {dagbag.py:545} INFO - Filling up the DagBag from /home/ubuntu/airflow/airflow_env/lib/python3.12/site-packages/airflow/example_dags/example_short_circuit_decorator.py
[2024-05-18T05:33:47.714+0000] {processor.py:840} INFO - DAG(s) 'example_short_circuit_decorator' retrieved from /home/ubuntu/airflow/airflow_env/lib/python3.12/site-packages/airflow/example_dags/example_short_circuit_decorator.py
[2024-05-18T05:33:47.780+0000] {logging_mixin.py:188} INFO - [2024-05-18T05:33:47.779+0000] {dag.py:3096} INFO - Sync 1 DAGs
[2024-05-18T05:33:47.825+0000] {logging_mixin.py:188} INFO - [2024-05-18T05:33:47.824+0000] {dag.py:3954} INFO - Setting next_dagrun for example_short_circuit_decorator to 2024-05-17 00:00:00+00:00, run_after=2024-05-18 00:00:00+00:00
[2024-05-18T05:33:47.857+0000] {processor.py:183} INFO - Processing /home/ubuntu/airflow/airflow_env/lib/python3.12/site-packages/airflow/example_dags/example_short_circuit_decorator.py took 0.176 seconds
[2024-05-18T05:34:18.707+0000] {processor.py:161} INFO - Started process (PID=15290) to work on /home/ubuntu/airflow/airflow_env/lib/python3.12/site-packages/airflow/example_dags/example_short_circuit_decorator.py
[2024-05-18T05:34:18.709+0000] {processor.py:830} INFO - Processing file /home/ubuntu/airflow/airflow_env/lib/python3.12/site-packages/airflow/example_dags/example_short_circuit_decorator.py for tasks to queue
[2024-05-18T05:34:18.711+0000] {logging_mixin.py:188} INFO - [2024-05-18T05:34:18.711+0000] {dagbag.py:545} INFO - Filling up the DagBag from /home/ubuntu/airflow/airflow_env/lib/python3.12/site-packages/airflow/example_dags/example_short_circuit_decorator.py
[2024-05-18T05:34:18.723+0000] {processor.py:840} INFO - DAG(s) 'example_short_circuit_decorator' retrieved from /home/ubuntu/airflow/airflow_env/lib/python3.12/site-packages/airflow/example_dags/example_short_circuit_decorator.py
[2024-05-18T05:34:18.782+0000] {logging_mixin.py:188} INFO - [2024-05-18T05:34:18.782+0000] {dag.py:3096} INFO - Sync 1 DAGs
[2024-05-18T05:34:18.811+0000] {logging_mixin.py:188} INFO - [2024-05-18T05:34:18.811+0000] {dag.py:3954} INFO - Setting next_dagrun for example_short_circuit_decorator to 2024-05-17 00:00:00+00:00, run_after=2024-05-18 00:00:00+00:00
[2024-05-18T05:34:18.838+0000] {processor.py:183} INFO - Processing /home/ubuntu/airflow/airflow_env/lib/python3.12/site-packages/airflow/example_dags/example_short_circuit_decorator.py took 0.138 seconds
[2024-05-18T05:34:49.718+0000] {processor.py:161} INFO - Started process (PID=15341) to work on /home/ubuntu/airflow/airflow_env/lib/python3.12/site-packages/airflow/example_dags/example_short_circuit_decorator.py
[2024-05-18T05:34:49.721+0000] {processor.py:830} INFO - Processing file /home/ubuntu/airflow/airflow_env/lib/python3.12/site-packages/airflow/example_dags/example_short_circuit_decorator.py for tasks to queue
[2024-05-18T05:34:49.724+0000] {logging_mixin.py:188} INFO - [2024-05-18T05:34:49.723+0000] {dagbag.py:545} INFO - Filling up the DagBag from /home/ubuntu/airflow/airflow_env/lib/python3.12/site-packages/airflow/example_dags/example_short_circuit_decorator.py
[2024-05-18T05:34:49.744+0000] {processor.py:840} INFO - DAG(s) 'example_short_circuit_decorator' retrieved from /home/ubuntu/airflow/airflow_env/lib/python3.12/site-packages/airflow/example_dags/example_short_circuit_decorator.py
[2024-05-18T05:34:49.809+0000] {logging_mixin.py:188} INFO - [2024-05-18T05:34:49.808+0000] {dag.py:3096} INFO - Sync 1 DAGs
[2024-05-18T05:34:49.859+0000] {logging_mixin.py:188} INFO - [2024-05-18T05:34:49.859+0000] {dag.py:3954} INFO - Setting next_dagrun for example_short_circuit_decorator to 2024-05-17 00:00:00+00:00, run_after=2024-05-18 00:00:00+00:00
[2024-05-18T05:34:49.887+0000] {processor.py:183} INFO - Processing /home/ubuntu/airflow/airflow_env/lib/python3.12/site-packages/airflow/example_dags/example_short_circuit_decorator.py took 0.179 seconds
[2024-05-18T05:35:20.287+0000] {processor.py:161} INFO - Started process (PID=15395) to work on /home/ubuntu/airflow/airflow_env/lib/python3.12/site-packages/airflow/example_dags/example_short_circuit_decorator.py
[2024-05-18T05:35:20.288+0000] {processor.py:830} INFO - Processing file /home/ubuntu/airflow/airflow_env/lib/python3.12/site-packages/airflow/example_dags/example_short_circuit_decorator.py for tasks to queue
[2024-05-18T05:35:20.291+0000] {logging_mixin.py:188} INFO - [2024-05-18T05:35:20.290+0000] {dagbag.py:545} INFO - Filling up the DagBag from /home/ubuntu/airflow/airflow_env/lib/python3.12/site-packages/airflow/example_dags/example_short_circuit_decorator.py
[2024-05-18T05:35:20.305+0000] {processor.py:840} INFO - DAG(s) 'example_short_circuit_decorator' retrieved from /home/ubuntu/airflow/airflow_env/lib/python3.12/site-packages/airflow/example_dags/example_short_circuit_decorator.py
[2024-05-18T05:35:20.375+0000] {logging_mixin.py:188} INFO - [2024-05-18T05:35:20.375+0000] {dag.py:3096} INFO - Sync 1 DAGs
[2024-05-18T05:35:20.410+0000] {logging_mixin.py:188} INFO - [2024-05-18T05:35:20.409+0000] {dag.py:3954} INFO - Setting next_dagrun for example_short_circuit_decorator to 2024-05-17 00:00:00+00:00, run_after=2024-05-18 00:00:00+00:00
[2024-05-18T05:35:20.443+0000] {processor.py:183} INFO - Processing /home/ubuntu/airflow/airflow_env/lib/python3.12/site-packages/airflow/example_dags/example_short_circuit_decorator.py took 0.165 seconds
[2024-05-18T05:35:50.629+0000] {processor.py:161} INFO - Started process (PID=15446) to work on /home/ubuntu/airflow/airflow_env/lib/python3.12/site-packages/airflow/example_dags/example_short_circuit_decorator.py
[2024-05-18T05:35:50.630+0000] {processor.py:830} INFO - Processing file /home/ubuntu/airflow/airflow_env/lib/python3.12/site-packages/airflow/example_dags/example_short_circuit_decorator.py for tasks to queue
[2024-05-18T05:35:50.633+0000] {logging_mixin.py:188} INFO - [2024-05-18T05:35:50.632+0000] {dagbag.py:545} INFO - Filling up the DagBag from /home/ubuntu/airflow/airflow_env/lib/python3.12/site-packages/airflow/example_dags/example_short_circuit_decorator.py
[2024-05-18T05:35:50.650+0000] {processor.py:840} INFO - DAG(s) 'example_short_circuit_decorator' retrieved from /home/ubuntu/airflow/airflow_env/lib/python3.12/site-packages/airflow/example_dags/example_short_circuit_decorator.py
[2024-05-18T05:35:50.727+0000] {logging_mixin.py:188} INFO - [2024-05-18T05:35:50.727+0000] {dag.py:3096} INFO - Sync 1 DAGs
[2024-05-18T05:35:50.762+0000] {logging_mixin.py:188} INFO - [2024-05-18T05:35:50.762+0000] {dag.py:3954} INFO - Setting next_dagrun for example_short_circuit_decorator to 2024-05-17 00:00:00+00:00, run_after=2024-05-18 00:00:00+00:00
[2024-05-18T05:35:50.792+0000] {processor.py:183} INFO - Processing /home/ubuntu/airflow/airflow_env/lib/python3.12/site-packages/airflow/example_dags/example_short_circuit_decorator.py took 0.173 seconds
[2024-05-18T05:36:21.525+0000] {processor.py:161} INFO - Started process (PID=15497) to work on /home/ubuntu/airflow/airflow_env/lib/python3.12/site-packages/airflow/example_dags/example_short_circuit_decorator.py
[2024-05-18T05:36:21.527+0000] {processor.py:830} INFO - Processing file /home/ubuntu/airflow/airflow_env/lib/python3.12/site-packages/airflow/example_dags/example_short_circuit_decorator.py for tasks to queue
[2024-05-18T05:36:21.529+0000] {logging_mixin.py:188} INFO - [2024-05-18T05:36:21.529+0000] {dagbag.py:545} INFO - Filling up the DagBag from /home/ubuntu/airflow/airflow_env/lib/python3.12/site-packages/airflow/example_dags/example_short_circuit_decorator.py
[2024-05-18T05:36:21.546+0000] {processor.py:840} INFO - DAG(s) 'example_short_circuit_decorator' retrieved from /home/ubuntu/airflow/airflow_env/lib/python3.12/site-packages/airflow/example_dags/example_short_circuit_decorator.py
[2024-05-18T05:36:21.628+0000] {logging_mixin.py:188} INFO - [2024-05-18T05:36:21.628+0000] {dag.py:3096} INFO - Sync 1 DAGs
[2024-05-18T05:36:21.669+0000] {logging_mixin.py:188} INFO - [2024-05-18T05:36:21.668+0000] {dag.py:3954} INFO - Setting next_dagrun for example_short_circuit_decorator to 2024-05-17 00:00:00+00:00, run_after=2024-05-18 00:00:00+00:00
[2024-05-18T05:36:21.707+0000] {processor.py:183} INFO - Processing /home/ubuntu/airflow/airflow_env/lib/python3.12/site-packages/airflow/example_dags/example_short_circuit_decorator.py took 0.203 seconds
[2024-05-18T05:36:52.466+0000] {processor.py:161} INFO - Started process (PID=15548) to work on /home/ubuntu/airflow/airflow_env/lib/python3.12/site-packages/airflow/example_dags/example_short_circuit_decorator.py
[2024-05-18T05:36:52.468+0000] {processor.py:830} INFO - Processing file /home/ubuntu/airflow/airflow_env/lib/python3.12/site-packages/airflow/example_dags/example_short_circuit_decorator.py for tasks to queue
[2024-05-18T05:36:52.472+0000] {logging_mixin.py:188} INFO - [2024-05-18T05:36:52.471+0000] {dagbag.py:545} INFO - Filling up the DagBag from /home/ubuntu/airflow/airflow_env/lib/python3.12/site-packages/airflow/example_dags/example_short_circuit_decorator.py
[2024-05-18T05:36:52.491+0000] {processor.py:840} INFO - DAG(s) 'example_short_circuit_decorator' retrieved from /home/ubuntu/airflow/airflow_env/lib/python3.12/site-packages/airflow/example_dags/example_short_circuit_decorator.py
[2024-05-18T05:36:52.591+0000] {logging_mixin.py:188} INFO - [2024-05-18T05:36:52.591+0000] {dag.py:3096} INFO - Sync 1 DAGs
[2024-05-18T05:36:52.642+0000] {logging_mixin.py:188} INFO - [2024-05-18T05:36:52.642+0000] {dag.py:3954} INFO - Setting next_dagrun for example_short_circuit_decorator to 2024-05-17 00:00:00+00:00, run_after=2024-05-18 00:00:00+00:00
[2024-05-18T05:36:52.681+0000] {processor.py:183} INFO - Processing /home/ubuntu/airflow/airflow_env/lib/python3.12/site-packages/airflow/example_dags/example_short_circuit_decorator.py took 0.245 seconds
[2024-05-18T05:37:23.483+0000] {processor.py:161} INFO - Started process (PID=15599) to work on /home/ubuntu/airflow/airflow_env/lib/python3.12/site-packages/airflow/example_dags/example_short_circuit_decorator.py
[2024-05-18T05:37:23.485+0000] {processor.py:830} INFO - Processing file /home/ubuntu/airflow/airflow_env/lib/python3.12/site-packages/airflow/example_dags/example_short_circuit_decorator.py for tasks to queue
[2024-05-18T05:37:23.488+0000] {logging_mixin.py:188} INFO - [2024-05-18T05:37:23.487+0000] {dagbag.py:545} INFO - Filling up the DagBag from /home/ubuntu/airflow/airflow_env/lib/python3.12/site-packages/airflow/example_dags/example_short_circuit_decorator.py
[2024-05-18T05:37:23.504+0000] {processor.py:840} INFO - DAG(s) 'example_short_circuit_decorator' retrieved from /home/ubuntu/airflow/airflow_env/lib/python3.12/site-packages/airflow/example_dags/example_short_circuit_decorator.py
[2024-05-18T05:37:23.598+0000] {logging_mixin.py:188} INFO - [2024-05-18T05:37:23.596+0000] {dag.py:3096} INFO - Sync 1 DAGs
[2024-05-18T05:37:23.649+0000] {logging_mixin.py:188} INFO - [2024-05-18T05:37:23.648+0000] {dag.py:3954} INFO - Setting next_dagrun for example_short_circuit_decorator to 2024-05-17 00:00:00+00:00, run_after=2024-05-18 00:00:00+00:00
[2024-05-18T05:37:23.688+0000] {processor.py:183} INFO - Processing /home/ubuntu/airflow/airflow_env/lib/python3.12/site-packages/airflow/example_dags/example_short_circuit_decorator.py took 0.216 seconds
[2024-05-18T05:37:53.966+0000] {processor.py:161} INFO - Started process (PID=15651) to work on /home/ubuntu/airflow/airflow_env/lib/python3.12/site-packages/airflow/example_dags/example_short_circuit_decorator.py
[2024-05-18T05:37:53.968+0000] {processor.py:830} INFO - Processing file /home/ubuntu/airflow/airflow_env/lib/python3.12/site-packages/airflow/example_dags/example_short_circuit_decorator.py for tasks to queue
[2024-05-18T05:37:53.970+0000] {logging_mixin.py:188} INFO - [2024-05-18T05:37:53.969+0000] {dagbag.py:545} INFO - Filling up the DagBag from /home/ubuntu/airflow/airflow_env/lib/python3.12/site-packages/airflow/example_dags/example_short_circuit_decorator.py
[2024-05-18T05:37:53.982+0000] {processor.py:840} INFO - DAG(s) 'example_short_circuit_decorator' retrieved from /home/ubuntu/airflow/airflow_env/lib/python3.12/site-packages/airflow/example_dags/example_short_circuit_decorator.py
[2024-05-18T05:37:54.078+0000] {logging_mixin.py:188} INFO - [2024-05-18T05:37:54.078+0000] {dag.py:3096} INFO - Sync 1 DAGs
[2024-05-18T05:37:54.113+0000] {logging_mixin.py:188} INFO - [2024-05-18T05:37:54.113+0000] {dag.py:3954} INFO - Setting next_dagrun for example_short_circuit_decorator to 2024-05-17 00:00:00+00:00, run_after=2024-05-18 00:00:00+00:00
[2024-05-18T05:37:54.149+0000] {processor.py:183} INFO - Processing /home/ubuntu/airflow/airflow_env/lib/python3.12/site-packages/airflow/example_dags/example_short_circuit_decorator.py took 0.200 seconds
[2024-05-18T05:38:24.973+0000] {processor.py:161} INFO - Started process (PID=15702) to work on /home/ubuntu/airflow/airflow_env/lib/python3.12/site-packages/airflow/example_dags/example_short_circuit_decorator.py
[2024-05-18T05:38:24.975+0000] {processor.py:830} INFO - Processing file /home/ubuntu/airflow/airflow_env/lib/python3.12/site-packages/airflow/example_dags/example_short_circuit_decorator.py for tasks to queue
[2024-05-18T05:38:24.979+0000] {logging_mixin.py:188} INFO - [2024-05-18T05:38:24.978+0000] {dagbag.py:545} INFO - Filling up the DagBag from /home/ubuntu/airflow/airflow_env/lib/python3.12/site-packages/airflow/example_dags/example_short_circuit_decorator.py
[2024-05-18T05:38:25.005+0000] {processor.py:840} INFO - DAG(s) 'example_short_circuit_decorator' retrieved from /home/ubuntu/airflow/airflow_env/lib/python3.12/site-packages/airflow/example_dags/example_short_circuit_decorator.py
[2024-05-18T05:38:25.097+0000] {logging_mixin.py:188} INFO - [2024-05-18T05:38:25.097+0000] {dag.py:3096} INFO - Sync 1 DAGs
[2024-05-18T05:38:25.134+0000] {logging_mixin.py:188} INFO - [2024-05-18T05:38:25.134+0000] {dag.py:3954} INFO - Setting next_dagrun for example_short_circuit_decorator to 2024-05-17 00:00:00+00:00, run_after=2024-05-18 00:00:00+00:00
[2024-05-18T05:38:25.161+0000] {processor.py:183} INFO - Processing /home/ubuntu/airflow/airflow_env/lib/python3.12/site-packages/airflow/example_dags/example_short_circuit_decorator.py took 0.201 seconds
[2024-05-18T05:38:55.298+0000] {processor.py:161} INFO - Started process (PID=15753) to work on /home/ubuntu/airflow/airflow_env/lib/python3.12/site-packages/airflow/example_dags/example_short_circuit_decorator.py
[2024-05-18T05:38:55.300+0000] {processor.py:830} INFO - Processing file /home/ubuntu/airflow/airflow_env/lib/python3.12/site-packages/airflow/example_dags/example_short_circuit_decorator.py for tasks to queue
[2024-05-18T05:38:55.302+0000] {logging_mixin.py:188} INFO - [2024-05-18T05:38:55.302+0000] {dagbag.py:545} INFO - Filling up the DagBag from /home/ubuntu/airflow/airflow_env/lib/python3.12/site-packages/airflow/example_dags/example_short_circuit_decorator.py
[2024-05-18T05:38:55.315+0000] {processor.py:840} INFO - DAG(s) 'example_short_circuit_decorator' retrieved from /home/ubuntu/airflow/airflow_env/lib/python3.12/site-packages/airflow/example_dags/example_short_circuit_decorator.py
[2024-05-18T05:38:55.397+0000] {logging_mixin.py:188} INFO - [2024-05-18T05:38:55.397+0000] {dag.py:3096} INFO - Sync 1 DAGs
[2024-05-18T05:38:55.447+0000] {logging_mixin.py:188} INFO - [2024-05-18T05:38:55.447+0000] {dag.py:3954} INFO - Setting next_dagrun for example_short_circuit_decorator to 2024-05-17 00:00:00+00:00, run_after=2024-05-18 00:00:00+00:00
[2024-05-18T05:38:55.481+0000] {processor.py:183} INFO - Processing /home/ubuntu/airflow/airflow_env/lib/python3.12/site-packages/airflow/example_dags/example_short_circuit_decorator.py took 0.190 seconds
[2024-05-18T05:39:26.310+0000] {processor.py:161} INFO - Started process (PID=15805) to work on /home/ubuntu/airflow/airflow_env/lib/python3.12/site-packages/airflow/example_dags/example_short_circuit_decorator.py
[2024-05-18T05:39:26.312+0000] {processor.py:830} INFO - Processing file /home/ubuntu/airflow/airflow_env/lib/python3.12/site-packages/airflow/example_dags/example_short_circuit_decorator.py for tasks to queue
[2024-05-18T05:39:26.315+0000] {logging_mixin.py:188} INFO - [2024-05-18T05:39:26.315+0000] {dagbag.py:545} INFO - Filling up the DagBag from /home/ubuntu/airflow/airflow_env/lib/python3.12/site-packages/airflow/example_dags/example_short_circuit_decorator.py
[2024-05-18T05:39:26.334+0000] {processor.py:840} INFO - DAG(s) 'example_short_circuit_decorator' retrieved from /home/ubuntu/airflow/airflow_env/lib/python3.12/site-packages/airflow/example_dags/example_short_circuit_decorator.py
[2024-05-18T05:39:26.417+0000] {logging_mixin.py:188} INFO - [2024-05-18T05:39:26.417+0000] {dag.py:3096} INFO - Sync 1 DAGs
[2024-05-18T05:39:26.461+0000] {logging_mixin.py:188} INFO - [2024-05-18T05:39:26.460+0000] {dag.py:3954} INFO - Setting next_dagrun for example_short_circuit_decorator to 2024-05-17 00:00:00+00:00, run_after=2024-05-18 00:00:00+00:00
[2024-05-18T05:39:26.498+0000] {processor.py:183} INFO - Processing /home/ubuntu/airflow/airflow_env/lib/python3.12/site-packages/airflow/example_dags/example_short_circuit_decorator.py took 0.197 seconds
[2024-05-18T05:39:56.544+0000] {processor.py:161} INFO - Started process (PID=15856) to work on /home/ubuntu/airflow/airflow_env/lib/python3.12/site-packages/airflow/example_dags/example_short_circuit_decorator.py
[2024-05-18T05:39:56.545+0000] {processor.py:830} INFO - Processing file /home/ubuntu/airflow/airflow_env/lib/python3.12/site-packages/airflow/example_dags/example_short_circuit_decorator.py for tasks to queue
[2024-05-18T05:39:56.547+0000] {logging_mixin.py:188} INFO - [2024-05-18T05:39:56.547+0000] {dagbag.py:545} INFO - Filling up the DagBag from /home/ubuntu/airflow/airflow_env/lib/python3.12/site-packages/airflow/example_dags/example_short_circuit_decorator.py
[2024-05-18T05:39:56.560+0000] {processor.py:840} INFO - DAG(s) 'example_short_circuit_decorator' retrieved from /home/ubuntu/airflow/airflow_env/lib/python3.12/site-packages/airflow/example_dags/example_short_circuit_decorator.py
[2024-05-18T05:39:56.624+0000] {logging_mixin.py:188} INFO - [2024-05-18T05:39:56.624+0000] {dag.py:3096} INFO - Sync 1 DAGs
[2024-05-18T05:39:56.664+0000] {logging_mixin.py:188} INFO - [2024-05-18T05:39:56.664+0000] {dag.py:3954} INFO - Setting next_dagrun for example_short_circuit_decorator to 2024-05-17 00:00:00+00:00, run_after=2024-05-18 00:00:00+00:00
[2024-05-18T05:39:56.690+0000] {processor.py:183} INFO - Processing /home/ubuntu/airflow/airflow_env/lib/python3.12/site-packages/airflow/example_dags/example_short_circuit_decorator.py took 0.153 seconds
[2024-05-18T05:40:26.815+0000] {processor.py:161} INFO - Started process (PID=16191) to work on /home/ubuntu/airflow/airflow_env/lib/python3.12/site-packages/airflow/example_dags/example_short_circuit_decorator.py
[2024-05-18T05:40:26.816+0000] {processor.py:830} INFO - Processing file /home/ubuntu/airflow/airflow_env/lib/python3.12/site-packages/airflow/example_dags/example_short_circuit_decorator.py for tasks to queue
[2024-05-18T05:40:26.819+0000] {logging_mixin.py:188} INFO - [2024-05-18T05:40:26.819+0000] {dagbag.py:545} INFO - Filling up the DagBag from /home/ubuntu/airflow/airflow_env/lib/python3.12/site-packages/airflow/example_dags/example_short_circuit_decorator.py
[2024-05-18T05:40:26.835+0000] {processor.py:840} INFO - DAG(s) 'example_short_circuit_decorator' retrieved from /home/ubuntu/airflow/airflow_env/lib/python3.12/site-packages/airflow/example_dags/example_short_circuit_decorator.py
[2024-05-18T05:40:26.904+0000] {logging_mixin.py:188} INFO - [2024-05-18T05:40:26.904+0000] {dag.py:3096} INFO - Sync 1 DAGs
[2024-05-18T05:40:26.948+0000] {logging_mixin.py:188} INFO - [2024-05-18T05:40:26.948+0000] {dag.py:3954} INFO - Setting next_dagrun for example_short_circuit_decorator to 2024-05-17 00:00:00+00:00, run_after=2024-05-18 00:00:00+00:00
[2024-05-18T05:40:26.976+0000] {processor.py:183} INFO - Processing /home/ubuntu/airflow/airflow_env/lib/python3.12/site-packages/airflow/example_dags/example_short_circuit_decorator.py took 0.180 seconds
[2024-05-18T05:40:57.667+0000] {processor.py:161} INFO - Started process (PID=16244) to work on /home/ubuntu/airflow/airflow_env/lib/python3.12/site-packages/airflow/example_dags/example_short_circuit_decorator.py
[2024-05-18T05:40:57.668+0000] {processor.py:830} INFO - Processing file /home/ubuntu/airflow/airflow_env/lib/python3.12/site-packages/airflow/example_dags/example_short_circuit_decorator.py for tasks to queue
[2024-05-18T05:40:57.671+0000] {logging_mixin.py:188} INFO - [2024-05-18T05:40:57.670+0000] {dagbag.py:545} INFO - Filling up the DagBag from /home/ubuntu/airflow/airflow_env/lib/python3.12/site-packages/airflow/example_dags/example_short_circuit_decorator.py
[2024-05-18T05:40:57.690+0000] {processor.py:840} INFO - DAG(s) 'example_short_circuit_decorator' retrieved from /home/ubuntu/airflow/airflow_env/lib/python3.12/site-packages/airflow/example_dags/example_short_circuit_decorator.py
[2024-05-18T05:40:57.755+0000] {logging_mixin.py:188} INFO - [2024-05-18T05:40:57.755+0000] {dag.py:3096} INFO - Sync 1 DAGs
[2024-05-18T05:40:57.801+0000] {logging_mixin.py:188} INFO - [2024-05-18T05:40:57.801+0000] {dag.py:3954} INFO - Setting next_dagrun for example_short_circuit_decorator to 2024-05-17 00:00:00+00:00, run_after=2024-05-18 00:00:00+00:00
[2024-05-18T05:40:57.829+0000] {processor.py:183} INFO - Processing /home/ubuntu/airflow/airflow_env/lib/python3.12/site-packages/airflow/example_dags/example_short_circuit_decorator.py took 0.171 seconds
[2024-05-18T05:41:27.975+0000] {processor.py:161} INFO - Started process (PID=16295) to work on /home/ubuntu/airflow/airflow_env/lib/python3.12/site-packages/airflow/example_dags/example_short_circuit_decorator.py
[2024-05-18T05:41:27.979+0000] {processor.py:830} INFO - Processing file /home/ubuntu/airflow/airflow_env/lib/python3.12/site-packages/airflow/example_dags/example_short_circuit_decorator.py for tasks to queue
[2024-05-18T05:41:27.981+0000] {logging_mixin.py:188} INFO - [2024-05-18T05:41:27.980+0000] {dagbag.py:545} INFO - Filling up the DagBag from /home/ubuntu/airflow/airflow_env/lib/python3.12/site-packages/airflow/example_dags/example_short_circuit_decorator.py
[2024-05-18T05:41:27.996+0000] {processor.py:840} INFO - DAG(s) 'example_short_circuit_decorator' retrieved from /home/ubuntu/airflow/airflow_env/lib/python3.12/site-packages/airflow/example_dags/example_short_circuit_decorator.py
[2024-05-18T05:41:28.103+0000] {logging_mixin.py:188} INFO - [2024-05-18T05:41:28.103+0000] {dag.py:3096} INFO - Sync 1 DAGs
[2024-05-18T05:41:28.172+0000] {logging_mixin.py:188} INFO - [2024-05-18T05:41:28.172+0000] {dag.py:3954} INFO - Setting next_dagrun for example_short_circuit_decorator to 2024-05-17 00:00:00+00:00, run_after=2024-05-18 00:00:00+00:00
[2024-05-18T05:41:28.225+0000] {processor.py:183} INFO - Processing /home/ubuntu/airflow/airflow_env/lib/python3.12/site-packages/airflow/example_dags/example_short_circuit_decorator.py took 0.277 seconds
[2024-05-18T05:41:58.676+0000] {processor.py:161} INFO - Started process (PID=16348) to work on /home/ubuntu/airflow/airflow_env/lib/python3.12/site-packages/airflow/example_dags/example_short_circuit_decorator.py
[2024-05-18T05:41:58.677+0000] {processor.py:830} INFO - Processing file /home/ubuntu/airflow/airflow_env/lib/python3.12/site-packages/airflow/example_dags/example_short_circuit_decorator.py for tasks to queue
[2024-05-18T05:41:58.679+0000] {logging_mixin.py:188} INFO - [2024-05-18T05:41:58.679+0000] {dagbag.py:545} INFO - Filling up the DagBag from /home/ubuntu/airflow/airflow_env/lib/python3.12/site-packages/airflow/example_dags/example_short_circuit_decorator.py
[2024-05-18T05:41:58.695+0000] {processor.py:840} INFO - DAG(s) 'example_short_circuit_decorator' retrieved from /home/ubuntu/airflow/airflow_env/lib/python3.12/site-packages/airflow/example_dags/example_short_circuit_decorator.py
[2024-05-18T05:41:58.809+0000] {logging_mixin.py:188} INFO - [2024-05-18T05:41:58.809+0000] {dag.py:3096} INFO - Sync 1 DAGs
[2024-05-18T05:41:58.846+0000] {logging_mixin.py:188} INFO - [2024-05-18T05:41:58.846+0000] {dag.py:3954} INFO - Setting next_dagrun for example_short_circuit_decorator to 2024-05-17 00:00:00+00:00, run_after=2024-05-18 00:00:00+00:00
[2024-05-18T05:41:58.885+0000] {processor.py:183} INFO - Processing /home/ubuntu/airflow/airflow_env/lib/python3.12/site-packages/airflow/example_dags/example_short_circuit_decorator.py took 0.219 seconds
[2024-05-18T05:42:29.002+0000] {processor.py:161} INFO - Started process (PID=16399) to work on /home/ubuntu/airflow/airflow_env/lib/python3.12/site-packages/airflow/example_dags/example_short_circuit_decorator.py
[2024-05-18T05:42:29.008+0000] {processor.py:830} INFO - Processing file /home/ubuntu/airflow/airflow_env/lib/python3.12/site-packages/airflow/example_dags/example_short_circuit_decorator.py for tasks to queue
[2024-05-18T05:42:29.015+0000] {logging_mixin.py:188} INFO - [2024-05-18T05:42:29.014+0000] {dagbag.py:545} INFO - Filling up the DagBag from /home/ubuntu/airflow/airflow_env/lib/python3.12/site-packages/airflow/example_dags/example_short_circuit_decorator.py
[2024-05-18T05:42:29.045+0000] {processor.py:840} INFO - DAG(s) 'example_short_circuit_decorator' retrieved from /home/ubuntu/airflow/airflow_env/lib/python3.12/site-packages/airflow/example_dags/example_short_circuit_decorator.py
[2024-05-18T05:42:29.100+0000] {logging_mixin.py:188} INFO - [2024-05-18T05:42:29.099+0000] {dag.py:3096} INFO - Sync 1 DAGs
[2024-05-18T05:42:29.132+0000] {logging_mixin.py:188} INFO - [2024-05-18T05:42:29.132+0000] {dag.py:3954} INFO - Setting next_dagrun for example_short_circuit_decorator to 2024-05-17 00:00:00+00:00, run_after=2024-05-18 00:00:00+00:00
[2024-05-18T05:42:29.162+0000] {processor.py:183} INFO - Processing /home/ubuntu/airflow/airflow_env/lib/python3.12/site-packages/airflow/example_dags/example_short_circuit_decorator.py took 0.189 seconds
[2024-05-18T05:43:00.039+0000] {processor.py:161} INFO - Started process (PID=16451) to work on /home/ubuntu/airflow/airflow_env/lib/python3.12/site-packages/airflow/example_dags/example_short_circuit_decorator.py
[2024-05-18T05:43:00.041+0000] {processor.py:830} INFO - Processing file /home/ubuntu/airflow/airflow_env/lib/python3.12/site-packages/airflow/example_dags/example_short_circuit_decorator.py for tasks to queue
[2024-05-18T05:43:00.044+0000] {logging_mixin.py:188} INFO - [2024-05-18T05:43:00.043+0000] {dagbag.py:545} INFO - Filling up the DagBag from /home/ubuntu/airflow/airflow_env/lib/python3.12/site-packages/airflow/example_dags/example_short_circuit_decorator.py
[2024-05-18T05:43:00.063+0000] {processor.py:840} INFO - DAG(s) 'example_short_circuit_decorator' retrieved from /home/ubuntu/airflow/airflow_env/lib/python3.12/site-packages/airflow/example_dags/example_short_circuit_decorator.py
[2024-05-18T05:43:00.180+0000] {logging_mixin.py:188} INFO - [2024-05-18T05:43:00.180+0000] {dag.py:3096} INFO - Sync 1 DAGs
[2024-05-18T05:43:00.220+0000] {logging_mixin.py:188} INFO - [2024-05-18T05:43:00.220+0000] {dag.py:3954} INFO - Setting next_dagrun for example_short_circuit_decorator to 2024-05-17 00:00:00+00:00, run_after=2024-05-18 00:00:00+00:00
[2024-05-18T05:43:00.250+0000] {processor.py:183} INFO - Processing /home/ubuntu/airflow/airflow_env/lib/python3.12/site-packages/airflow/example_dags/example_short_circuit_decorator.py took 0.233 seconds
[2024-05-18T05:43:30.647+0000] {processor.py:161} INFO - Started process (PID=16535) to work on /home/ubuntu/airflow/airflow_env/lib/python3.12/site-packages/airflow/example_dags/example_short_circuit_decorator.py
[2024-05-18T05:43:30.648+0000] {processor.py:830} INFO - Processing file /home/ubuntu/airflow/airflow_env/lib/python3.12/site-packages/airflow/example_dags/example_short_circuit_decorator.py for tasks to queue
[2024-05-18T05:43:30.651+0000] {logging_mixin.py:188} INFO - [2024-05-18T05:43:30.651+0000] {dagbag.py:545} INFO - Filling up the DagBag from /home/ubuntu/airflow/airflow_env/lib/python3.12/site-packages/airflow/example_dags/example_short_circuit_decorator.py
[2024-05-18T05:43:30.667+0000] {processor.py:840} INFO - DAG(s) 'example_short_circuit_decorator' retrieved from /home/ubuntu/airflow/airflow_env/lib/python3.12/site-packages/airflow/example_dags/example_short_circuit_decorator.py
[2024-05-18T05:43:30.736+0000] {logging_mixin.py:188} INFO - [2024-05-18T05:43:30.735+0000] {dag.py:3096} INFO - Sync 1 DAGs
[2024-05-18T05:43:30.772+0000] {logging_mixin.py:188} INFO - [2024-05-18T05:43:30.772+0000] {dag.py:3954} INFO - Setting next_dagrun for example_short_circuit_decorator to 2024-05-17 00:00:00+00:00, run_after=2024-05-18 00:00:00+00:00
[2024-05-18T05:43:31.006+0000] {processor.py:183} INFO - Processing /home/ubuntu/airflow/airflow_env/lib/python3.12/site-packages/airflow/example_dags/example_short_circuit_decorator.py took 0.370 seconds
[2024-05-18T05:44:01.633+0000] {processor.py:161} INFO - Started process (PID=16586) to work on /home/ubuntu/airflow/airflow_env/lib/python3.12/site-packages/airflow/example_dags/example_short_circuit_decorator.py
[2024-05-18T05:44:01.634+0000] {processor.py:830} INFO - Processing file /home/ubuntu/airflow/airflow_env/lib/python3.12/site-packages/airflow/example_dags/example_short_circuit_decorator.py for tasks to queue
[2024-05-18T05:44:01.653+0000] {logging_mixin.py:188} INFO - [2024-05-18T05:44:01.644+0000] {dagbag.py:545} INFO - Filling up the DagBag from /home/ubuntu/airflow/airflow_env/lib/python3.12/site-packages/airflow/example_dags/example_short_circuit_decorator.py
[2024-05-18T05:44:01.720+0000] {processor.py:840} INFO - DAG(s) 'example_short_circuit_decorator' retrieved from /home/ubuntu/airflow/airflow_env/lib/python3.12/site-packages/airflow/example_dags/example_short_circuit_decorator.py
[2024-05-18T05:44:02.221+0000] {logging_mixin.py:188} INFO - [2024-05-18T05:44:02.217+0000] {dag.py:3096} INFO - Sync 1 DAGs
[2024-05-18T05:44:02.301+0000] {logging_mixin.py:188} INFO - [2024-05-18T05:44:02.299+0000] {dag.py:3954} INFO - Setting next_dagrun for example_short_circuit_decorator to 2024-05-17 00:00:00+00:00, run_after=2024-05-18 00:00:00+00:00
[2024-05-18T05:44:02.331+0000] {processor.py:183} INFO - Processing /home/ubuntu/airflow/airflow_env/lib/python3.12/site-packages/airflow/example_dags/example_short_circuit_decorator.py took 0.730 seconds
