[2024-05-18T04:44:22.801+0000] {processor.py:161} INFO - Started process (PID=12271) to work on /home/ubuntu/chch-fuel-recommendator/airflow/af_env/lib/python3.12/site-packages/airflow/example_dags/example_python_decorator.py
[2024-05-18T04:44:22.802+0000] {processor.py:830} INFO - Processing file /home/ubuntu/chch-fuel-recommendator/airflow/af_env/lib/python3.12/site-packages/airflow/example_dags/example_python_decorator.py for tasks to queue
[2024-05-18T04:44:22.804+0000] {logging_mixin.py:188} INFO - [2024-05-18T04:44:22.803+0000] {dagbag.py:545} INFO - Filling up the DagBag from /home/ubuntu/chch-fuel-recommendator/airflow/af_env/lib/python3.12/site-packages/airflow/example_dags/example_python_decorator.py
[2024-05-18T04:44:22.816+0000] {logging_mixin.py:188} INFO - [2024-05-18T04:44:22.814+0000] {example_python_decorator.py:80} WARNING - The virtalenv_python example task requires virtualenv, please install it.
[2024-05-18T04:44:22.816+0000] {processor.py:840} INFO - DAG(s) 'example_python_decorator' retrieved from /home/ubuntu/chch-fuel-recommendator/airflow/af_env/lib/python3.12/site-packages/airflow/example_dags/example_python_decorator.py
[2024-05-18T04:44:22.969+0000] {logging_mixin.py:188} INFO - [2024-05-18T04:44:22.969+0000] {override.py:1829} INFO - Created Permission View: can edit on DAG:example_python_decorator
[2024-05-18T04:44:22.990+0000] {logging_mixin.py:188} INFO - [2024-05-18T04:44:22.990+0000] {override.py:1829} INFO - Created Permission View: can read on DAG:example_python_decorator
[2024-05-18T04:44:23.002+0000] {logging_mixin.py:188} INFO - [2024-05-18T04:44:23.002+0000] {override.py:1829} INFO - Created Permission View: can delete on DAG:example_python_decorator
[2024-05-18T04:44:23.003+0000] {logging_mixin.py:188} INFO - [2024-05-18T04:44:23.003+0000] {dag.py:3096} INFO - Sync 1 DAGs
[2024-05-18T04:44:23.014+0000] {logging_mixin.py:188} INFO - [2024-05-18T04:44:23.014+0000] {dag.py:3118} INFO - Creating ORM DAG for example_python_decorator
[2024-05-18T04:44:23.015+0000] {logging_mixin.py:188} INFO - [2024-05-18T04:44:23.015+0000] {dag.py:3954} INFO - Setting next_dagrun for example_python_decorator to None, run_after=None
[2024-05-18T04:44:23.047+0000] {processor.py:183} INFO - Processing /home/ubuntu/chch-fuel-recommendator/airflow/af_env/lib/python3.12/site-packages/airflow/example_dags/example_python_decorator.py took 0.252 seconds
[2024-05-18T04:45:21.454+0000] {processor.py:161} INFO - Started process (PID=12325) to work on /home/ubuntu/chch-fuel-recommendator/airflow/af_env/lib/python3.12/site-packages/airflow/example_dags/example_python_decorator.py
[2024-05-18T04:45:21.455+0000] {processor.py:830} INFO - Processing file /home/ubuntu/chch-fuel-recommendator/airflow/af_env/lib/python3.12/site-packages/airflow/example_dags/example_python_decorator.py for tasks to queue
[2024-05-18T04:45:21.457+0000] {logging_mixin.py:188} INFO - [2024-05-18T04:45:21.457+0000] {dagbag.py:545} INFO - Filling up the DagBag from /home/ubuntu/chch-fuel-recommendator/airflow/af_env/lib/python3.12/site-packages/airflow/example_dags/example_python_decorator.py
[2024-05-18T04:45:21.467+0000] {logging_mixin.py:188} INFO - [2024-05-18T04:45:21.466+0000] {example_python_decorator.py:80} WARNING - The virtalenv_python example task requires virtualenv, please install it.
[2024-05-18T04:45:21.467+0000] {processor.py:840} INFO - DAG(s) 'example_python_decorator' retrieved from /home/ubuntu/chch-fuel-recommendator/airflow/af_env/lib/python3.12/site-packages/airflow/example_dags/example_python_decorator.py
[2024-05-18T04:45:21.485+0000] {logging_mixin.py:188} INFO - [2024-05-18T04:45:21.485+0000] {dag.py:3096} INFO - Sync 1 DAGs
[2024-05-18T04:45:21.507+0000] {logging_mixin.py:188} INFO - [2024-05-18T04:45:21.506+0000] {dag.py:3954} INFO - Setting next_dagrun for example_python_decorator to None, run_after=None
[2024-05-18T04:45:21.537+0000] {processor.py:183} INFO - Processing /home/ubuntu/chch-fuel-recommendator/airflow/af_env/lib/python3.12/site-packages/airflow/example_dags/example_python_decorator.py took 0.089 seconds
[2024-05-18T04:46:18.367+0000] {processor.py:161} INFO - Started process (PID=12381) to work on /home/ubuntu/chch-fuel-recommendator/airflow/af_env/lib/python3.12/site-packages/airflow/example_dags/example_python_decorator.py
[2024-05-18T04:46:18.368+0000] {processor.py:830} INFO - Processing file /home/ubuntu/chch-fuel-recommendator/airflow/af_env/lib/python3.12/site-packages/airflow/example_dags/example_python_decorator.py for tasks to queue
[2024-05-18T04:46:18.370+0000] {logging_mixin.py:188} INFO - [2024-05-18T04:46:18.369+0000] {dagbag.py:545} INFO - Filling up the DagBag from /home/ubuntu/chch-fuel-recommendator/airflow/af_env/lib/python3.12/site-packages/airflow/example_dags/example_python_decorator.py
[2024-05-18T04:46:18.381+0000] {logging_mixin.py:188} INFO - [2024-05-18T04:46:18.380+0000] {example_python_decorator.py:80} WARNING - The virtalenv_python example task requires virtualenv, please install it.
[2024-05-18T04:46:18.381+0000] {processor.py:840} INFO - DAG(s) 'example_python_decorator' retrieved from /home/ubuntu/chch-fuel-recommendator/airflow/af_env/lib/python3.12/site-packages/airflow/example_dags/example_python_decorator.py
[2024-05-18T04:46:18.403+0000] {logging_mixin.py:188} INFO - [2024-05-18T04:46:18.402+0000] {dag.py:3096} INFO - Sync 1 DAGs
[2024-05-18T04:46:18.418+0000] {logging_mixin.py:188} INFO - [2024-05-18T04:46:18.418+0000] {dag.py:3954} INFO - Setting next_dagrun for example_python_decorator to None, run_after=None
[2024-05-18T04:46:18.445+0000] {processor.py:183} INFO - Processing /home/ubuntu/chch-fuel-recommendator/airflow/af_env/lib/python3.12/site-packages/airflow/example_dags/example_python_decorator.py took 0.085 seconds
[2024-05-18T04:47:11.006+0000] {processor.py:161} INFO - Started process (PID=12434) to work on /home/ubuntu/chch-fuel-recommendator/airflow/af_env/lib/python3.12/site-packages/airflow/example_dags/example_python_decorator.py
[2024-05-18T04:47:11.012+0000] {processor.py:830} INFO - Processing file /home/ubuntu/chch-fuel-recommendator/airflow/af_env/lib/python3.12/site-packages/airflow/example_dags/example_python_decorator.py for tasks to queue
[2024-05-18T04:47:11.014+0000] {logging_mixin.py:188} INFO - [2024-05-18T04:47:11.013+0000] {dagbag.py:545} INFO - Filling up the DagBag from /home/ubuntu/chch-fuel-recommendator/airflow/af_env/lib/python3.12/site-packages/airflow/example_dags/example_python_decorator.py
[2024-05-18T04:47:11.022+0000] {logging_mixin.py:188} INFO - [2024-05-18T04:47:11.022+0000] {example_python_decorator.py:80} WARNING - The virtalenv_python example task requires virtualenv, please install it.
[2024-05-18T04:47:11.022+0000] {processor.py:840} INFO - DAG(s) 'example_python_decorator' retrieved from /home/ubuntu/chch-fuel-recommendator/airflow/af_env/lib/python3.12/site-packages/airflow/example_dags/example_python_decorator.py
[2024-05-18T04:47:11.040+0000] {logging_mixin.py:188} INFO - [2024-05-18T04:47:11.040+0000] {dag.py:3096} INFO - Sync 1 DAGs
[2024-05-18T04:47:11.051+0000] {logging_mixin.py:188} INFO - [2024-05-18T04:47:11.051+0000] {dag.py:3954} INFO - Setting next_dagrun for example_python_decorator to None, run_after=None
[2024-05-18T04:47:11.076+0000] {processor.py:183} INFO - Processing /home/ubuntu/chch-fuel-recommendator/airflow/af_env/lib/python3.12/site-packages/airflow/example_dags/example_python_decorator.py took 0.076 seconds
[2024-05-18T04:48:02.473+0000] {processor.py:161} INFO - Started process (PID=12485) to work on /home/ubuntu/chch-fuel-recommendator/airflow/af_env/lib/python3.12/site-packages/airflow/example_dags/example_python_decorator.py
[2024-05-18T04:48:02.476+0000] {processor.py:830} INFO - Processing file /home/ubuntu/chch-fuel-recommendator/airflow/af_env/lib/python3.12/site-packages/airflow/example_dags/example_python_decorator.py for tasks to queue
[2024-05-18T04:48:02.478+0000] {logging_mixin.py:188} INFO - [2024-05-18T04:48:02.477+0000] {dagbag.py:545} INFO - Filling up the DagBag from /home/ubuntu/chch-fuel-recommendator/airflow/af_env/lib/python3.12/site-packages/airflow/example_dags/example_python_decorator.py
[2024-05-18T04:48:02.497+0000] {logging_mixin.py:188} INFO - [2024-05-18T04:48:02.496+0000] {example_python_decorator.py:80} WARNING - The virtalenv_python example task requires virtualenv, please install it.
[2024-05-18T04:48:02.497+0000] {processor.py:840} INFO - DAG(s) 'example_python_decorator' retrieved from /home/ubuntu/chch-fuel-recommendator/airflow/af_env/lib/python3.12/site-packages/airflow/example_dags/example_python_decorator.py
[2024-05-18T04:48:02.532+0000] {logging_mixin.py:188} INFO - [2024-05-18T04:48:02.531+0000] {dag.py:3096} INFO - Sync 1 DAGs
[2024-05-18T04:48:02.546+0000] {logging_mixin.py:188} INFO - [2024-05-18T04:48:02.546+0000] {dag.py:3954} INFO - Setting next_dagrun for example_python_decorator to None, run_after=None
[2024-05-18T04:48:02.594+0000] {processor.py:183} INFO - Processing /home/ubuntu/chch-fuel-recommendator/airflow/af_env/lib/python3.12/site-packages/airflow/example_dags/example_python_decorator.py took 0.133 seconds
[2024-05-18T04:48:46.587+0000] {processor.py:161} INFO - Started process (PID=12528) to work on /home/ubuntu/chch-fuel-recommendator/airflow/af_env/lib/python3.12/site-packages/airflow/example_dags/example_python_decorator.py
[2024-05-18T04:48:46.589+0000] {processor.py:830} INFO - Processing file /home/ubuntu/chch-fuel-recommendator/airflow/af_env/lib/python3.12/site-packages/airflow/example_dags/example_python_decorator.py for tasks to queue
[2024-05-18T04:48:46.591+0000] {logging_mixin.py:188} INFO - [2024-05-18T04:48:46.591+0000] {dagbag.py:545} INFO - Filling up the DagBag from /home/ubuntu/chch-fuel-recommendator/airflow/af_env/lib/python3.12/site-packages/airflow/example_dags/example_python_decorator.py
[2024-05-18T04:48:46.601+0000] {logging_mixin.py:188} INFO - [2024-05-18T04:48:46.601+0000] {example_python_decorator.py:80} WARNING - The virtalenv_python example task requires virtualenv, please install it.
[2024-05-18T04:48:46.602+0000] {processor.py:840} INFO - DAG(s) 'example_python_decorator' retrieved from /home/ubuntu/chch-fuel-recommendator/airflow/af_env/lib/python3.12/site-packages/airflow/example_dags/example_python_decorator.py
[2024-05-18T04:48:46.627+0000] {logging_mixin.py:188} INFO - [2024-05-18T04:48:46.627+0000] {dag.py:3096} INFO - Sync 1 DAGs
[2024-05-18T04:48:46.643+0000] {logging_mixin.py:188} INFO - [2024-05-18T04:48:46.643+0000] {dag.py:3954} INFO - Setting next_dagrun for example_python_decorator to None, run_after=None
[2024-05-18T04:48:46.685+0000] {processor.py:183} INFO - Processing /home/ubuntu/chch-fuel-recommendator/airflow/af_env/lib/python3.12/site-packages/airflow/example_dags/example_python_decorator.py took 0.108 seconds
[2024-05-18T04:49:31.162+0000] {processor.py:161} INFO - Started process (PID=12572) to work on /home/ubuntu/chch-fuel-recommendator/airflow/af_env/lib/python3.12/site-packages/airflow/example_dags/example_python_decorator.py
[2024-05-18T04:49:31.164+0000] {processor.py:830} INFO - Processing file /home/ubuntu/chch-fuel-recommendator/airflow/af_env/lib/python3.12/site-packages/airflow/example_dags/example_python_decorator.py for tasks to queue
[2024-05-18T04:49:31.165+0000] {logging_mixin.py:188} INFO - [2024-05-18T04:49:31.165+0000] {dagbag.py:545} INFO - Filling up the DagBag from /home/ubuntu/chch-fuel-recommendator/airflow/af_env/lib/python3.12/site-packages/airflow/example_dags/example_python_decorator.py
[2024-05-18T04:49:31.183+0000] {logging_mixin.py:188} INFO - [2024-05-18T04:49:31.182+0000] {example_python_decorator.py:80} WARNING - The virtalenv_python example task requires virtualenv, please install it.
[2024-05-18T04:49:31.184+0000] {processor.py:840} INFO - DAG(s) 'example_python_decorator' retrieved from /home/ubuntu/chch-fuel-recommendator/airflow/af_env/lib/python3.12/site-packages/airflow/example_dags/example_python_decorator.py
[2024-05-18T04:49:31.211+0000] {logging_mixin.py:188} INFO - [2024-05-18T04:49:31.211+0000] {dag.py:3096} INFO - Sync 1 DAGs
[2024-05-18T04:49:31.225+0000] {logging_mixin.py:188} INFO - [2024-05-18T04:49:31.225+0000] {dag.py:3954} INFO - Setting next_dagrun for example_python_decorator to None, run_after=None
[2024-05-18T04:49:31.254+0000] {processor.py:183} INFO - Processing /home/ubuntu/chch-fuel-recommendator/airflow/af_env/lib/python3.12/site-packages/airflow/example_dags/example_python_decorator.py took 0.097 seconds
[2024-05-18T04:50:14.910+0000] {processor.py:161} INFO - Started process (PID=12620) to work on /home/ubuntu/chch-fuel-recommendator/airflow/af_env/lib/python3.12/site-packages/airflow/example_dags/example_python_decorator.py
[2024-05-18T04:50:14.913+0000] {processor.py:830} INFO - Processing file /home/ubuntu/chch-fuel-recommendator/airflow/af_env/lib/python3.12/site-packages/airflow/example_dags/example_python_decorator.py for tasks to queue
[2024-05-18T04:50:14.917+0000] {logging_mixin.py:188} INFO - [2024-05-18T04:50:14.915+0000] {dagbag.py:545} INFO - Filling up the DagBag from /home/ubuntu/chch-fuel-recommendator/airflow/af_env/lib/python3.12/site-packages/airflow/example_dags/example_python_decorator.py
[2024-05-18T04:50:14.939+0000] {logging_mixin.py:188} INFO - [2024-05-18T04:50:14.938+0000] {example_python_decorator.py:80} WARNING - The virtalenv_python example task requires virtualenv, please install it.
[2024-05-18T04:50:14.940+0000] {processor.py:840} INFO - DAG(s) 'example_python_decorator' retrieved from /home/ubuntu/chch-fuel-recommendator/airflow/af_env/lib/python3.12/site-packages/airflow/example_dags/example_python_decorator.py
[2024-05-18T04:50:14.976+0000] {logging_mixin.py:188} INFO - [2024-05-18T04:50:14.976+0000] {dag.py:3096} INFO - Sync 1 DAGs
[2024-05-18T04:50:14.988+0000] {logging_mixin.py:188} INFO - [2024-05-18T04:50:14.988+0000] {dag.py:3954} INFO - Setting next_dagrun for example_python_decorator to None, run_after=None
[2024-05-18T04:50:15.038+0000] {processor.py:183} INFO - Processing /home/ubuntu/chch-fuel-recommendator/airflow/af_env/lib/python3.12/site-packages/airflow/example_dags/example_python_decorator.py took 0.143 seconds
[2024-05-18T04:50:59.245+0000] {processor.py:161} INFO - Started process (PID=12664) to work on /home/ubuntu/chch-fuel-recommendator/airflow/af_env/lib/python3.12/site-packages/airflow/example_dags/example_python_decorator.py
[2024-05-18T04:50:59.247+0000] {processor.py:830} INFO - Processing file /home/ubuntu/chch-fuel-recommendator/airflow/af_env/lib/python3.12/site-packages/airflow/example_dags/example_python_decorator.py for tasks to queue
[2024-05-18T04:50:59.252+0000] {logging_mixin.py:188} INFO - [2024-05-18T04:50:59.251+0000] {dagbag.py:545} INFO - Filling up the DagBag from /home/ubuntu/chch-fuel-recommendator/airflow/af_env/lib/python3.12/site-packages/airflow/example_dags/example_python_decorator.py
[2024-05-18T04:50:59.262+0000] {logging_mixin.py:188} INFO - [2024-05-18T04:50:59.262+0000] {example_python_decorator.py:80} WARNING - The virtalenv_python example task requires virtualenv, please install it.
[2024-05-18T04:50:59.263+0000] {processor.py:840} INFO - DAG(s) 'example_python_decorator' retrieved from /home/ubuntu/chch-fuel-recommendator/airflow/af_env/lib/python3.12/site-packages/airflow/example_dags/example_python_decorator.py
[2024-05-18T04:50:59.295+0000] {logging_mixin.py:188} INFO - [2024-05-18T04:50:59.294+0000] {dag.py:3096} INFO - Sync 1 DAGs
[2024-05-18T04:50:59.317+0000] {logging_mixin.py:188} INFO - [2024-05-18T04:50:59.317+0000] {dag.py:3954} INFO - Setting next_dagrun for example_python_decorator to None, run_after=None
[2024-05-18T04:50:59.380+0000] {processor.py:183} INFO - Processing /home/ubuntu/chch-fuel-recommendator/airflow/af_env/lib/python3.12/site-packages/airflow/example_dags/example_python_decorator.py took 0.150 seconds
[2024-05-18T04:51:44.208+0000] {processor.py:161} INFO - Started process (PID=12708) to work on /home/ubuntu/chch-fuel-recommendator/airflow/af_env/lib/python3.12/site-packages/airflow/example_dags/example_python_decorator.py
[2024-05-18T04:51:44.209+0000] {processor.py:830} INFO - Processing file /home/ubuntu/chch-fuel-recommendator/airflow/af_env/lib/python3.12/site-packages/airflow/example_dags/example_python_decorator.py for tasks to queue
[2024-05-18T04:51:44.211+0000] {logging_mixin.py:188} INFO - [2024-05-18T04:51:44.211+0000] {dagbag.py:545} INFO - Filling up the DagBag from /home/ubuntu/chch-fuel-recommendator/airflow/af_env/lib/python3.12/site-packages/airflow/example_dags/example_python_decorator.py
[2024-05-18T04:51:44.225+0000] {logging_mixin.py:188} INFO - [2024-05-18T04:51:44.225+0000] {example_python_decorator.py:80} WARNING - The virtalenv_python example task requires virtualenv, please install it.
[2024-05-18T04:51:44.227+0000] {processor.py:840} INFO - DAG(s) 'example_python_decorator' retrieved from /home/ubuntu/chch-fuel-recommendator/airflow/af_env/lib/python3.12/site-packages/airflow/example_dags/example_python_decorator.py
[2024-05-18T04:51:44.266+0000] {logging_mixin.py:188} INFO - [2024-05-18T04:51:44.266+0000] {dag.py:3096} INFO - Sync 1 DAGs
[2024-05-18T04:51:44.283+0000] {logging_mixin.py:188} INFO - [2024-05-18T04:51:44.283+0000] {dag.py:3954} INFO - Setting next_dagrun for example_python_decorator to None, run_after=None
[2024-05-18T04:51:44.313+0000] {processor.py:183} INFO - Processing /home/ubuntu/chch-fuel-recommendator/airflow/af_env/lib/python3.12/site-packages/airflow/example_dags/example_python_decorator.py took 0.114 seconds
[2024-05-18T04:52:26.537+0000] {processor.py:161} INFO - Started process (PID=12751) to work on /home/ubuntu/chch-fuel-recommendator/airflow/af_env/lib/python3.12/site-packages/airflow/example_dags/example_python_decorator.py
[2024-05-18T04:52:26.538+0000] {processor.py:830} INFO - Processing file /home/ubuntu/chch-fuel-recommendator/airflow/af_env/lib/python3.12/site-packages/airflow/example_dags/example_python_decorator.py for tasks to queue
[2024-05-18T04:52:26.540+0000] {logging_mixin.py:188} INFO - [2024-05-18T04:52:26.540+0000] {dagbag.py:545} INFO - Filling up the DagBag from /home/ubuntu/chch-fuel-recommendator/airflow/af_env/lib/python3.12/site-packages/airflow/example_dags/example_python_decorator.py
[2024-05-18T04:52:26.550+0000] {logging_mixin.py:188} INFO - [2024-05-18T04:52:26.550+0000] {example_python_decorator.py:80} WARNING - The virtalenv_python example task requires virtualenv, please install it.
[2024-05-18T04:52:26.551+0000] {processor.py:840} INFO - DAG(s) 'example_python_decorator' retrieved from /home/ubuntu/chch-fuel-recommendator/airflow/af_env/lib/python3.12/site-packages/airflow/example_dags/example_python_decorator.py
[2024-05-18T04:52:26.569+0000] {logging_mixin.py:188} INFO - [2024-05-18T04:52:26.568+0000] {dag.py:3096} INFO - Sync 1 DAGs
[2024-05-18T04:52:26.580+0000] {logging_mixin.py:188} INFO - [2024-05-18T04:52:26.580+0000] {dag.py:3954} INFO - Setting next_dagrun for example_python_decorator to None, run_after=None
[2024-05-18T04:52:26.607+0000] {processor.py:183} INFO - Processing /home/ubuntu/chch-fuel-recommendator/airflow/af_env/lib/python3.12/site-packages/airflow/example_dags/example_python_decorator.py took 0.078 seconds
[2024-05-18T04:53:15.274+0000] {processor.py:161} INFO - Started process (PID=12797) to work on /home/ubuntu/chch-fuel-recommendator/airflow/af_env/lib/python3.12/site-packages/airflow/example_dags/example_python_decorator.py
[2024-05-18T04:53:15.278+0000] {processor.py:830} INFO - Processing file /home/ubuntu/chch-fuel-recommendator/airflow/af_env/lib/python3.12/site-packages/airflow/example_dags/example_python_decorator.py for tasks to queue
[2024-05-18T04:53:15.280+0000] {logging_mixin.py:188} INFO - [2024-05-18T04:53:15.279+0000] {dagbag.py:545} INFO - Filling up the DagBag from /home/ubuntu/chch-fuel-recommendator/airflow/af_env/lib/python3.12/site-packages/airflow/example_dags/example_python_decorator.py
[2024-05-18T04:53:15.289+0000] {logging_mixin.py:188} INFO - [2024-05-18T04:53:15.289+0000] {example_python_decorator.py:80} WARNING - The virtalenv_python example task requires virtualenv, please install it.
[2024-05-18T04:53:15.290+0000] {processor.py:840} INFO - DAG(s) 'example_python_decorator' retrieved from /home/ubuntu/chch-fuel-recommendator/airflow/af_env/lib/python3.12/site-packages/airflow/example_dags/example_python_decorator.py
[2024-05-18T04:53:15.314+0000] {logging_mixin.py:188} INFO - [2024-05-18T04:53:15.314+0000] {dag.py:3096} INFO - Sync 1 DAGs
[2024-05-18T04:53:15.331+0000] {logging_mixin.py:188} INFO - [2024-05-18T04:53:15.330+0000] {dag.py:3954} INFO - Setting next_dagrun for example_python_decorator to None, run_after=None
[2024-05-18T04:53:15.363+0000] {processor.py:183} INFO - Processing /home/ubuntu/chch-fuel-recommendator/airflow/af_env/lib/python3.12/site-packages/airflow/example_dags/example_python_decorator.py took 0.095 seconds
[2024-05-18T05:32:17.066+0000] {processor.py:161} INFO - Started process (PID=15086) to work on /home/ubuntu/airflow/airflow_env/lib/python3.12/site-packages/airflow/example_dags/example_python_decorator.py
[2024-05-18T05:32:17.068+0000] {processor.py:830} INFO - Processing file /home/ubuntu/airflow/airflow_env/lib/python3.12/site-packages/airflow/example_dags/example_python_decorator.py for tasks to queue
[2024-05-18T05:32:17.070+0000] {logging_mixin.py:188} INFO - [2024-05-18T05:32:17.069+0000] {dagbag.py:545} INFO - Filling up the DagBag from /home/ubuntu/airflow/airflow_env/lib/python3.12/site-packages/airflow/example_dags/example_python_decorator.py
[2024-05-18T05:32:17.082+0000] {logging_mixin.py:188} INFO - [2024-05-18T05:32:17.082+0000] {example_python_decorator.py:80} WARNING - The virtalenv_python example task requires virtualenv, please install it.
[2024-05-18T05:32:17.083+0000] {processor.py:840} INFO - DAG(s) 'example_python_decorator' retrieved from /home/ubuntu/airflow/airflow_env/lib/python3.12/site-packages/airflow/example_dags/example_python_decorator.py
[2024-05-18T05:32:17.317+0000] {logging_mixin.py:188} INFO - [2024-05-18T05:32:17.317+0000] {dag.py:3096} INFO - Sync 1 DAGs
[2024-05-18T05:32:17.338+0000] {logging_mixin.py:188} INFO - [2024-05-18T05:32:17.338+0000] {dag.py:3954} INFO - Setting next_dagrun for example_python_decorator to None, run_after=None
[2024-05-18T05:32:17.374+0000] {processor.py:183} INFO - Processing /home/ubuntu/airflow/airflow_env/lib/python3.12/site-packages/airflow/example_dags/example_python_decorator.py took 0.316 seconds
[2024-05-18T05:32:47.798+0000] {processor.py:161} INFO - Started process (PID=15140) to work on /home/ubuntu/airflow/airflow_env/lib/python3.12/site-packages/airflow/example_dags/example_python_decorator.py
[2024-05-18T05:32:47.799+0000] {processor.py:830} INFO - Processing file /home/ubuntu/airflow/airflow_env/lib/python3.12/site-packages/airflow/example_dags/example_python_decorator.py for tasks to queue
[2024-05-18T05:32:47.801+0000] {logging_mixin.py:188} INFO - [2024-05-18T05:32:47.801+0000] {dagbag.py:545} INFO - Filling up the DagBag from /home/ubuntu/airflow/airflow_env/lib/python3.12/site-packages/airflow/example_dags/example_python_decorator.py
[2024-05-18T05:32:47.816+0000] {logging_mixin.py:188} INFO - [2024-05-18T05:32:47.815+0000] {example_python_decorator.py:80} WARNING - The virtalenv_python example task requires virtualenv, please install it.
[2024-05-18T05:32:47.817+0000] {processor.py:840} INFO - DAG(s) 'example_python_decorator' retrieved from /home/ubuntu/airflow/airflow_env/lib/python3.12/site-packages/airflow/example_dags/example_python_decorator.py
[2024-05-18T05:32:47.883+0000] {logging_mixin.py:188} INFO - [2024-05-18T05:32:47.882+0000] {dag.py:3096} INFO - Sync 1 DAGs
[2024-05-18T05:32:47.904+0000] {logging_mixin.py:188} INFO - [2024-05-18T05:32:47.903+0000] {dag.py:3954} INFO - Setting next_dagrun for example_python_decorator to None, run_after=None
[2024-05-18T05:32:47.937+0000] {processor.py:183} INFO - Processing /home/ubuntu/airflow/airflow_env/lib/python3.12/site-packages/airflow/example_dags/example_python_decorator.py took 0.149 seconds
[2024-05-18T05:33:18.114+0000] {processor.py:161} INFO - Started process (PID=15194) to work on /home/ubuntu/airflow/airflow_env/lib/python3.12/site-packages/airflow/example_dags/example_python_decorator.py
[2024-05-18T05:33:18.115+0000] {processor.py:830} INFO - Processing file /home/ubuntu/airflow/airflow_env/lib/python3.12/site-packages/airflow/example_dags/example_python_decorator.py for tasks to queue
[2024-05-18T05:33:18.117+0000] {logging_mixin.py:188} INFO - [2024-05-18T05:33:18.117+0000] {dagbag.py:545} INFO - Filling up the DagBag from /home/ubuntu/airflow/airflow_env/lib/python3.12/site-packages/airflow/example_dags/example_python_decorator.py
[2024-05-18T05:33:18.128+0000] {logging_mixin.py:188} INFO - [2024-05-18T05:33:18.128+0000] {example_python_decorator.py:80} WARNING - The virtalenv_python example task requires virtualenv, please install it.
[2024-05-18T05:33:18.129+0000] {processor.py:840} INFO - DAG(s) 'example_python_decorator' retrieved from /home/ubuntu/airflow/airflow_env/lib/python3.12/site-packages/airflow/example_dags/example_python_decorator.py
[2024-05-18T05:33:18.187+0000] {logging_mixin.py:188} INFO - [2024-05-18T05:33:18.187+0000] {dag.py:3096} INFO - Sync 1 DAGs
[2024-05-18T05:33:18.203+0000] {logging_mixin.py:188} INFO - [2024-05-18T05:33:18.202+0000] {dag.py:3954} INFO - Setting next_dagrun for example_python_decorator to None, run_after=None
[2024-05-18T05:33:18.239+0000] {processor.py:183} INFO - Processing /home/ubuntu/airflow/airflow_env/lib/python3.12/site-packages/airflow/example_dags/example_python_decorator.py took 0.133 seconds
[2024-05-18T05:33:48.400+0000] {processor.py:161} INFO - Started process (PID=15246) to work on /home/ubuntu/airflow/airflow_env/lib/python3.12/site-packages/airflow/example_dags/example_python_decorator.py
[2024-05-18T05:33:48.401+0000] {processor.py:830} INFO - Processing file /home/ubuntu/airflow/airflow_env/lib/python3.12/site-packages/airflow/example_dags/example_python_decorator.py for tasks to queue
[2024-05-18T05:33:48.403+0000] {logging_mixin.py:188} INFO - [2024-05-18T05:33:48.403+0000] {dagbag.py:545} INFO - Filling up the DagBag from /home/ubuntu/airflow/airflow_env/lib/python3.12/site-packages/airflow/example_dags/example_python_decorator.py
[2024-05-18T05:33:48.413+0000] {logging_mixin.py:188} INFO - [2024-05-18T05:33:48.413+0000] {example_python_decorator.py:80} WARNING - The virtalenv_python example task requires virtualenv, please install it.
[2024-05-18T05:33:48.414+0000] {processor.py:840} INFO - DAG(s) 'example_python_decorator' retrieved from /home/ubuntu/airflow/airflow_env/lib/python3.12/site-packages/airflow/example_dags/example_python_decorator.py
[2024-05-18T05:33:48.474+0000] {logging_mixin.py:188} INFO - [2024-05-18T05:33:48.474+0000] {dag.py:3096} INFO - Sync 1 DAGs
[2024-05-18T05:33:48.502+0000] {logging_mixin.py:188} INFO - [2024-05-18T05:33:48.502+0000] {dag.py:3954} INFO - Setting next_dagrun for example_python_decorator to None, run_after=None
[2024-05-18T05:33:48.548+0000] {processor.py:183} INFO - Processing /home/ubuntu/airflow/airflow_env/lib/python3.12/site-packages/airflow/example_dags/example_python_decorator.py took 0.155 seconds
[2024-05-18T05:34:19.422+0000] {processor.py:161} INFO - Started process (PID=15297) to work on /home/ubuntu/airflow/airflow_env/lib/python3.12/site-packages/airflow/example_dags/example_python_decorator.py
[2024-05-18T05:34:19.425+0000] {processor.py:830} INFO - Processing file /home/ubuntu/airflow/airflow_env/lib/python3.12/site-packages/airflow/example_dags/example_python_decorator.py for tasks to queue
[2024-05-18T05:34:19.428+0000] {logging_mixin.py:188} INFO - [2024-05-18T05:34:19.427+0000] {dagbag.py:545} INFO - Filling up the DagBag from /home/ubuntu/airflow/airflow_env/lib/python3.12/site-packages/airflow/example_dags/example_python_decorator.py
[2024-05-18T05:34:19.445+0000] {logging_mixin.py:188} INFO - [2024-05-18T05:34:19.445+0000] {example_python_decorator.py:80} WARNING - The virtalenv_python example task requires virtualenv, please install it.
[2024-05-18T05:34:19.446+0000] {processor.py:840} INFO - DAG(s) 'example_python_decorator' retrieved from /home/ubuntu/airflow/airflow_env/lib/python3.12/site-packages/airflow/example_dags/example_python_decorator.py
[2024-05-18T05:34:19.515+0000] {logging_mixin.py:188} INFO - [2024-05-18T05:34:19.514+0000] {dag.py:3096} INFO - Sync 1 DAGs
[2024-05-18T05:34:19.534+0000] {logging_mixin.py:188} INFO - [2024-05-18T05:34:19.533+0000] {dag.py:3954} INFO - Setting next_dagrun for example_python_decorator to None, run_after=None
[2024-05-18T05:34:19.568+0000] {processor.py:183} INFO - Processing /home/ubuntu/airflow/airflow_env/lib/python3.12/site-packages/airflow/example_dags/example_python_decorator.py took 0.163 seconds
[2024-05-18T05:34:50.499+0000] {processor.py:161} INFO - Started process (PID=15348) to work on /home/ubuntu/airflow/airflow_env/lib/python3.12/site-packages/airflow/example_dags/example_python_decorator.py
[2024-05-18T05:34:50.500+0000] {processor.py:830} INFO - Processing file /home/ubuntu/airflow/airflow_env/lib/python3.12/site-packages/airflow/example_dags/example_python_decorator.py for tasks to queue
[2024-05-18T05:34:50.504+0000] {logging_mixin.py:188} INFO - [2024-05-18T05:34:50.503+0000] {dagbag.py:545} INFO - Filling up the DagBag from /home/ubuntu/airflow/airflow_env/lib/python3.12/site-packages/airflow/example_dags/example_python_decorator.py
[2024-05-18T05:34:50.516+0000] {logging_mixin.py:188} INFO - [2024-05-18T05:34:50.516+0000] {example_python_decorator.py:80} WARNING - The virtalenv_python example task requires virtualenv, please install it.
[2024-05-18T05:34:50.517+0000] {processor.py:840} INFO - DAG(s) 'example_python_decorator' retrieved from /home/ubuntu/airflow/airflow_env/lib/python3.12/site-packages/airflow/example_dags/example_python_decorator.py
[2024-05-18T05:34:50.590+0000] {logging_mixin.py:188} INFO - [2024-05-18T05:34:50.590+0000] {dag.py:3096} INFO - Sync 1 DAGs
[2024-05-18T05:34:50.611+0000] {logging_mixin.py:188} INFO - [2024-05-18T05:34:50.611+0000] {dag.py:3954} INFO - Setting next_dagrun for example_python_decorator to None, run_after=None
[2024-05-18T05:34:50.646+0000] {processor.py:183} INFO - Processing /home/ubuntu/airflow/airflow_env/lib/python3.12/site-packages/airflow/example_dags/example_python_decorator.py took 0.159 seconds
[2024-05-18T05:35:21.046+0000] {processor.py:161} INFO - Started process (PID=15402) to work on /home/ubuntu/airflow/airflow_env/lib/python3.12/site-packages/airflow/example_dags/example_python_decorator.py
[2024-05-18T05:35:21.047+0000] {processor.py:830} INFO - Processing file /home/ubuntu/airflow/airflow_env/lib/python3.12/site-packages/airflow/example_dags/example_python_decorator.py for tasks to queue
[2024-05-18T05:35:21.049+0000] {logging_mixin.py:188} INFO - [2024-05-18T05:35:21.049+0000] {dagbag.py:545} INFO - Filling up the DagBag from /home/ubuntu/airflow/airflow_env/lib/python3.12/site-packages/airflow/example_dags/example_python_decorator.py
[2024-05-18T05:35:21.062+0000] {logging_mixin.py:188} INFO - [2024-05-18T05:35:21.062+0000] {example_python_decorator.py:80} WARNING - The virtalenv_python example task requires virtualenv, please install it.
[2024-05-18T05:35:21.063+0000] {processor.py:840} INFO - DAG(s) 'example_python_decorator' retrieved from /home/ubuntu/airflow/airflow_env/lib/python3.12/site-packages/airflow/example_dags/example_python_decorator.py
[2024-05-18T05:35:21.128+0000] {logging_mixin.py:188} INFO - [2024-05-18T05:35:21.128+0000] {dag.py:3096} INFO - Sync 1 DAGs
[2024-05-18T05:35:21.151+0000] {logging_mixin.py:188} INFO - [2024-05-18T05:35:21.151+0000] {dag.py:3954} INFO - Setting next_dagrun for example_python_decorator to None, run_after=None
[2024-05-18T05:35:21.190+0000] {processor.py:183} INFO - Processing /home/ubuntu/airflow/airflow_env/lib/python3.12/site-packages/airflow/example_dags/example_python_decorator.py took 0.153 seconds
[2024-05-18T05:35:51.471+0000] {processor.py:161} INFO - Started process (PID=15453) to work on /home/ubuntu/airflow/airflow_env/lib/python3.12/site-packages/airflow/example_dags/example_python_decorator.py
[2024-05-18T05:35:51.473+0000] {processor.py:830} INFO - Processing file /home/ubuntu/airflow/airflow_env/lib/python3.12/site-packages/airflow/example_dags/example_python_decorator.py for tasks to queue
[2024-05-18T05:35:51.475+0000] {logging_mixin.py:188} INFO - [2024-05-18T05:35:51.475+0000] {dagbag.py:545} INFO - Filling up the DagBag from /home/ubuntu/airflow/airflow_env/lib/python3.12/site-packages/airflow/example_dags/example_python_decorator.py
[2024-05-18T05:35:51.491+0000] {logging_mixin.py:188} INFO - [2024-05-18T05:35:51.490+0000] {example_python_decorator.py:80} WARNING - The virtalenv_python example task requires virtualenv, please install it.
[2024-05-18T05:35:51.491+0000] {processor.py:840} INFO - DAG(s) 'example_python_decorator' retrieved from /home/ubuntu/airflow/airflow_env/lib/python3.12/site-packages/airflow/example_dags/example_python_decorator.py
[2024-05-18T05:35:51.550+0000] {logging_mixin.py:188} INFO - [2024-05-18T05:35:51.550+0000] {dag.py:3096} INFO - Sync 1 DAGs
[2024-05-18T05:35:51.575+0000] {logging_mixin.py:188} INFO - [2024-05-18T05:35:51.574+0000] {dag.py:3954} INFO - Setting next_dagrun for example_python_decorator to None, run_after=None
[2024-05-18T05:35:51.611+0000] {processor.py:183} INFO - Processing /home/ubuntu/airflow/airflow_env/lib/python3.12/site-packages/airflow/example_dags/example_python_decorator.py took 0.150 seconds
[2024-05-18T05:36:22.329+0000] {processor.py:161} INFO - Started process (PID=15504) to work on /home/ubuntu/airflow/airflow_env/lib/python3.12/site-packages/airflow/example_dags/example_python_decorator.py
[2024-05-18T05:36:22.331+0000] {processor.py:830} INFO - Processing file /home/ubuntu/airflow/airflow_env/lib/python3.12/site-packages/airflow/example_dags/example_python_decorator.py for tasks to queue
[2024-05-18T05:36:22.333+0000] {logging_mixin.py:188} INFO - [2024-05-18T05:36:22.332+0000] {dagbag.py:545} INFO - Filling up the DagBag from /home/ubuntu/airflow/airflow_env/lib/python3.12/site-packages/airflow/example_dags/example_python_decorator.py
[2024-05-18T05:36:22.344+0000] {logging_mixin.py:188} INFO - [2024-05-18T05:36:22.343+0000] {example_python_decorator.py:80} WARNING - The virtalenv_python example task requires virtualenv, please install it.
[2024-05-18T05:36:22.344+0000] {processor.py:840} INFO - DAG(s) 'example_python_decorator' retrieved from /home/ubuntu/airflow/airflow_env/lib/python3.12/site-packages/airflow/example_dags/example_python_decorator.py
[2024-05-18T05:36:22.414+0000] {logging_mixin.py:188} INFO - [2024-05-18T05:36:22.414+0000] {dag.py:3096} INFO - Sync 1 DAGs
[2024-05-18T05:36:22.438+0000] {logging_mixin.py:188} INFO - [2024-05-18T05:36:22.438+0000] {dag.py:3954} INFO - Setting next_dagrun for example_python_decorator to None, run_after=None
[2024-05-18T05:36:22.481+0000] {processor.py:183} INFO - Processing /home/ubuntu/airflow/airflow_env/lib/python3.12/site-packages/airflow/example_dags/example_python_decorator.py took 0.160 seconds
[2024-05-18T05:36:53.230+0000] {processor.py:161} INFO - Started process (PID=15555) to work on /home/ubuntu/airflow/airflow_env/lib/python3.12/site-packages/airflow/example_dags/example_python_decorator.py
[2024-05-18T05:36:53.232+0000] {processor.py:830} INFO - Processing file /home/ubuntu/airflow/airflow_env/lib/python3.12/site-packages/airflow/example_dags/example_python_decorator.py for tasks to queue
[2024-05-18T05:36:53.234+0000] {logging_mixin.py:188} INFO - [2024-05-18T05:36:53.234+0000] {dagbag.py:545} INFO - Filling up the DagBag from /home/ubuntu/airflow/airflow_env/lib/python3.12/site-packages/airflow/example_dags/example_python_decorator.py
[2024-05-18T05:36:53.246+0000] {logging_mixin.py:188} INFO - [2024-05-18T05:36:53.245+0000] {example_python_decorator.py:80} WARNING - The virtalenv_python example task requires virtualenv, please install it.
[2024-05-18T05:36:53.246+0000] {processor.py:840} INFO - DAG(s) 'example_python_decorator' retrieved from /home/ubuntu/airflow/airflow_env/lib/python3.12/site-packages/airflow/example_dags/example_python_decorator.py
[2024-05-18T05:36:53.300+0000] {logging_mixin.py:188} INFO - [2024-05-18T05:36:53.299+0000] {dag.py:3096} INFO - Sync 1 DAGs
[2024-05-18T05:36:53.319+0000] {logging_mixin.py:188} INFO - [2024-05-18T05:36:53.318+0000] {dag.py:3954} INFO - Setting next_dagrun for example_python_decorator to None, run_after=None
[2024-05-18T05:36:53.353+0000] {processor.py:183} INFO - Processing /home/ubuntu/airflow/airflow_env/lib/python3.12/site-packages/airflow/example_dags/example_python_decorator.py took 0.130 seconds
[2024-05-18T05:37:24.335+0000] {processor.py:161} INFO - Started process (PID=15606) to work on /home/ubuntu/airflow/airflow_env/lib/python3.12/site-packages/airflow/example_dags/example_python_decorator.py
[2024-05-18T05:37:24.337+0000] {processor.py:830} INFO - Processing file /home/ubuntu/airflow/airflow_env/lib/python3.12/site-packages/airflow/example_dags/example_python_decorator.py for tasks to queue
[2024-05-18T05:37:24.338+0000] {logging_mixin.py:188} INFO - [2024-05-18T05:37:24.338+0000] {dagbag.py:545} INFO - Filling up the DagBag from /home/ubuntu/airflow/airflow_env/lib/python3.12/site-packages/airflow/example_dags/example_python_decorator.py
[2024-05-18T05:37:24.349+0000] {logging_mixin.py:188} INFO - [2024-05-18T05:37:24.349+0000] {example_python_decorator.py:80} WARNING - The virtalenv_python example task requires virtualenv, please install it.
[2024-05-18T05:37:24.350+0000] {processor.py:840} INFO - DAG(s) 'example_python_decorator' retrieved from /home/ubuntu/airflow/airflow_env/lib/python3.12/site-packages/airflow/example_dags/example_python_decorator.py
[2024-05-18T05:37:24.406+0000] {logging_mixin.py:188} INFO - [2024-05-18T05:37:24.406+0000] {dag.py:3096} INFO - Sync 1 DAGs
[2024-05-18T05:37:24.424+0000] {logging_mixin.py:188} INFO - [2024-05-18T05:37:24.424+0000] {dag.py:3954} INFO - Setting next_dagrun for example_python_decorator to None, run_after=None
[2024-05-18T05:37:24.463+0000] {processor.py:183} INFO - Processing /home/ubuntu/airflow/airflow_env/lib/python3.12/site-packages/airflow/example_dags/example_python_decorator.py took 0.135 seconds
[2024-05-18T05:37:54.668+0000] {processor.py:161} INFO - Started process (PID=15658) to work on /home/ubuntu/airflow/airflow_env/lib/python3.12/site-packages/airflow/example_dags/example_python_decorator.py
[2024-05-18T05:37:54.669+0000] {processor.py:830} INFO - Processing file /home/ubuntu/airflow/airflow_env/lib/python3.12/site-packages/airflow/example_dags/example_python_decorator.py for tasks to queue
[2024-05-18T05:37:54.671+0000] {logging_mixin.py:188} INFO - [2024-05-18T05:37:54.671+0000] {dagbag.py:545} INFO - Filling up the DagBag from /home/ubuntu/airflow/airflow_env/lib/python3.12/site-packages/airflow/example_dags/example_python_decorator.py
[2024-05-18T05:37:54.682+0000] {logging_mixin.py:188} INFO - [2024-05-18T05:37:54.682+0000] {example_python_decorator.py:80} WARNING - The virtalenv_python example task requires virtualenv, please install it.
[2024-05-18T05:37:54.683+0000] {processor.py:840} INFO - DAG(s) 'example_python_decorator' retrieved from /home/ubuntu/airflow/airflow_env/lib/python3.12/site-packages/airflow/example_dags/example_python_decorator.py
[2024-05-18T05:37:54.762+0000] {logging_mixin.py:188} INFO - [2024-05-18T05:37:54.761+0000] {dag.py:3096} INFO - Sync 1 DAGs
[2024-05-18T05:37:54.789+0000] {logging_mixin.py:188} INFO - [2024-05-18T05:37:54.788+0000] {dag.py:3954} INFO - Setting next_dagrun for example_python_decorator to None, run_after=None
[2024-05-18T05:37:54.812+0000] {processor.py:183} INFO - Processing /home/ubuntu/airflow/airflow_env/lib/python3.12/site-packages/airflow/example_dags/example_python_decorator.py took 0.155 seconds
[2024-05-18T05:38:25.780+0000] {processor.py:161} INFO - Started process (PID=15709) to work on /home/ubuntu/airflow/airflow_env/lib/python3.12/site-packages/airflow/example_dags/example_python_decorator.py
[2024-05-18T05:38:25.783+0000] {processor.py:830} INFO - Processing file /home/ubuntu/airflow/airflow_env/lib/python3.12/site-packages/airflow/example_dags/example_python_decorator.py for tasks to queue
[2024-05-18T05:38:25.785+0000] {logging_mixin.py:188} INFO - [2024-05-18T05:38:25.785+0000] {dagbag.py:545} INFO - Filling up the DagBag from /home/ubuntu/airflow/airflow_env/lib/python3.12/site-packages/airflow/example_dags/example_python_decorator.py
[2024-05-18T05:38:25.801+0000] {logging_mixin.py:188} INFO - [2024-05-18T05:38:25.801+0000] {example_python_decorator.py:80} WARNING - The virtalenv_python example task requires virtualenv, please install it.
[2024-05-18T05:38:25.802+0000] {processor.py:840} INFO - DAG(s) 'example_python_decorator' retrieved from /home/ubuntu/airflow/airflow_env/lib/python3.12/site-packages/airflow/example_dags/example_python_decorator.py
[2024-05-18T05:38:25.870+0000] {logging_mixin.py:188} INFO - [2024-05-18T05:38:25.869+0000] {dag.py:3096} INFO - Sync 1 DAGs
[2024-05-18T05:38:25.899+0000] {logging_mixin.py:188} INFO - [2024-05-18T05:38:25.898+0000] {dag.py:3954} INFO - Setting next_dagrun for example_python_decorator to None, run_after=None
[2024-05-18T05:38:25.943+0000] {processor.py:183} INFO - Processing /home/ubuntu/airflow/airflow_env/lib/python3.12/site-packages/airflow/example_dags/example_python_decorator.py took 0.176 seconds
[2024-05-18T05:38:56.239+0000] {processor.py:161} INFO - Started process (PID=15760) to work on /home/ubuntu/airflow/airflow_env/lib/python3.12/site-packages/airflow/example_dags/example_python_decorator.py
[2024-05-18T05:38:56.240+0000] {processor.py:830} INFO - Processing file /home/ubuntu/airflow/airflow_env/lib/python3.12/site-packages/airflow/example_dags/example_python_decorator.py for tasks to queue
[2024-05-18T05:38:56.243+0000] {logging_mixin.py:188} INFO - [2024-05-18T05:38:56.242+0000] {dagbag.py:545} INFO - Filling up the DagBag from /home/ubuntu/airflow/airflow_env/lib/python3.12/site-packages/airflow/example_dags/example_python_decorator.py
[2024-05-18T05:38:56.259+0000] {logging_mixin.py:188} INFO - [2024-05-18T05:38:56.259+0000] {example_python_decorator.py:80} WARNING - The virtalenv_python example task requires virtualenv, please install it.
[2024-05-18T05:38:56.260+0000] {processor.py:840} INFO - DAG(s) 'example_python_decorator' retrieved from /home/ubuntu/airflow/airflow_env/lib/python3.12/site-packages/airflow/example_dags/example_python_decorator.py
[2024-05-18T05:38:56.322+0000] {logging_mixin.py:188} INFO - [2024-05-18T05:38:56.322+0000] {dag.py:3096} INFO - Sync 1 DAGs
[2024-05-18T05:38:56.348+0000] {logging_mixin.py:188} INFO - [2024-05-18T05:38:56.348+0000] {dag.py:3954} INFO - Setting next_dagrun for example_python_decorator to None, run_after=None
[2024-05-18T05:38:56.398+0000] {processor.py:183} INFO - Processing /home/ubuntu/airflow/airflow_env/lib/python3.12/site-packages/airflow/example_dags/example_python_decorator.py took 0.170 seconds
[2024-05-18T05:39:27.154+0000] {processor.py:161} INFO - Started process (PID=15812) to work on /home/ubuntu/airflow/airflow_env/lib/python3.12/site-packages/airflow/example_dags/example_python_decorator.py
[2024-05-18T05:39:27.156+0000] {processor.py:830} INFO - Processing file /home/ubuntu/airflow/airflow_env/lib/python3.12/site-packages/airflow/example_dags/example_python_decorator.py for tasks to queue
[2024-05-18T05:39:27.158+0000] {logging_mixin.py:188} INFO - [2024-05-18T05:39:27.158+0000] {dagbag.py:545} INFO - Filling up the DagBag from /home/ubuntu/airflow/airflow_env/lib/python3.12/site-packages/airflow/example_dags/example_python_decorator.py
[2024-05-18T05:39:27.168+0000] {logging_mixin.py:188} INFO - [2024-05-18T05:39:27.168+0000] {example_python_decorator.py:80} WARNING - The virtalenv_python example task requires virtualenv, please install it.
[2024-05-18T05:39:27.169+0000] {processor.py:840} INFO - DAG(s) 'example_python_decorator' retrieved from /home/ubuntu/airflow/airflow_env/lib/python3.12/site-packages/airflow/example_dags/example_python_decorator.py
[2024-05-18T05:39:27.260+0000] {logging_mixin.py:188} INFO - [2024-05-18T05:39:27.260+0000] {dag.py:3096} INFO - Sync 1 DAGs
[2024-05-18T05:39:27.296+0000] {logging_mixin.py:188} INFO - [2024-05-18T05:39:27.295+0000] {dag.py:3954} INFO - Setting next_dagrun for example_python_decorator to None, run_after=None
[2024-05-18T05:39:27.349+0000] {processor.py:183} INFO - Processing /home/ubuntu/airflow/airflow_env/lib/python3.12/site-packages/airflow/example_dags/example_python_decorator.py took 0.202 seconds
[2024-05-18T05:39:58.074+0000] {processor.py:161} INFO - Started process (PID=15863) to work on /home/ubuntu/airflow/airflow_env/lib/python3.12/site-packages/airflow/example_dags/example_python_decorator.py
[2024-05-18T05:39:58.075+0000] {processor.py:830} INFO - Processing file /home/ubuntu/airflow/airflow_env/lib/python3.12/site-packages/airflow/example_dags/example_python_decorator.py for tasks to queue
[2024-05-18T05:39:58.077+0000] {logging_mixin.py:188} INFO - [2024-05-18T05:39:58.076+0000] {dagbag.py:545} INFO - Filling up the DagBag from /home/ubuntu/airflow/airflow_env/lib/python3.12/site-packages/airflow/example_dags/example_python_decorator.py
[2024-05-18T05:39:58.086+0000] {logging_mixin.py:188} INFO - [2024-05-18T05:39:58.086+0000] {example_python_decorator.py:80} WARNING - The virtalenv_python example task requires virtualenv, please install it.
[2024-05-18T05:39:58.087+0000] {processor.py:840} INFO - DAG(s) 'example_python_decorator' retrieved from /home/ubuntu/airflow/airflow_env/lib/python3.12/site-packages/airflow/example_dags/example_python_decorator.py
[2024-05-18T05:39:58.150+0000] {logging_mixin.py:188} INFO - [2024-05-18T05:39:58.150+0000] {dag.py:3096} INFO - Sync 1 DAGs
[2024-05-18T05:39:58.166+0000] {logging_mixin.py:188} INFO - [2024-05-18T05:39:58.166+0000] {dag.py:3954} INFO - Setting next_dagrun for example_python_decorator to None, run_after=None
[2024-05-18T05:39:58.197+0000] {processor.py:183} INFO - Processing /home/ubuntu/airflow/airflow_env/lib/python3.12/site-packages/airflow/example_dags/example_python_decorator.py took 0.131 seconds
[2024-05-18T05:40:28.411+0000] {processor.py:161} INFO - Started process (PID=16198) to work on /home/ubuntu/airflow/airflow_env/lib/python3.12/site-packages/airflow/example_dags/example_python_decorator.py
[2024-05-18T05:40:28.415+0000] {processor.py:830} INFO - Processing file /home/ubuntu/airflow/airflow_env/lib/python3.12/site-packages/airflow/example_dags/example_python_decorator.py for tasks to queue
[2024-05-18T05:40:28.418+0000] {logging_mixin.py:188} INFO - [2024-05-18T05:40:28.417+0000] {dagbag.py:545} INFO - Filling up the DagBag from /home/ubuntu/airflow/airflow_env/lib/python3.12/site-packages/airflow/example_dags/example_python_decorator.py
[2024-05-18T05:40:28.434+0000] {logging_mixin.py:188} INFO - [2024-05-18T05:40:28.433+0000] {example_python_decorator.py:80} WARNING - The virtalenv_python example task requires virtualenv, please install it.
[2024-05-18T05:40:28.434+0000] {processor.py:840} INFO - DAG(s) 'example_python_decorator' retrieved from /home/ubuntu/airflow/airflow_env/lib/python3.12/site-packages/airflow/example_dags/example_python_decorator.py
[2024-05-18T05:40:28.489+0000] {logging_mixin.py:188} INFO - [2024-05-18T05:40:28.489+0000] {dag.py:3096} INFO - Sync 1 DAGs
[2024-05-18T05:40:28.506+0000] {logging_mixin.py:188} INFO - [2024-05-18T05:40:28.506+0000] {dag.py:3954} INFO - Setting next_dagrun for example_python_decorator to None, run_after=None
[2024-05-18T05:40:28.538+0000] {processor.py:183} INFO - Processing /home/ubuntu/airflow/airflow_env/lib/python3.12/site-packages/airflow/example_dags/example_python_decorator.py took 0.141 seconds
[2024-05-18T05:40:59.246+0000] {processor.py:161} INFO - Started process (PID=16251) to work on /home/ubuntu/airflow/airflow_env/lib/python3.12/site-packages/airflow/example_dags/example_python_decorator.py
[2024-05-18T05:40:59.247+0000] {processor.py:830} INFO - Processing file /home/ubuntu/airflow/airflow_env/lib/python3.12/site-packages/airflow/example_dags/example_python_decorator.py for tasks to queue
[2024-05-18T05:40:59.249+0000] {logging_mixin.py:188} INFO - [2024-05-18T05:40:59.248+0000] {dagbag.py:545} INFO - Filling up the DagBag from /home/ubuntu/airflow/airflow_env/lib/python3.12/site-packages/airflow/example_dags/example_python_decorator.py
[2024-05-18T05:40:59.259+0000] {logging_mixin.py:188} INFO - [2024-05-18T05:40:59.259+0000] {example_python_decorator.py:80} WARNING - The virtalenv_python example task requires virtualenv, please install it.
[2024-05-18T05:40:59.260+0000] {processor.py:840} INFO - DAG(s) 'example_python_decorator' retrieved from /home/ubuntu/airflow/airflow_env/lib/python3.12/site-packages/airflow/example_dags/example_python_decorator.py
[2024-05-18T05:40:59.341+0000] {logging_mixin.py:188} INFO - [2024-05-18T05:40:59.341+0000] {dag.py:3096} INFO - Sync 1 DAGs
[2024-05-18T05:40:59.364+0000] {logging_mixin.py:188} INFO - [2024-05-18T05:40:59.364+0000] {dag.py:3954} INFO - Setting next_dagrun for example_python_decorator to None, run_after=None
[2024-05-18T05:40:59.415+0000] {processor.py:183} INFO - Processing /home/ubuntu/airflow/airflow_env/lib/python3.12/site-packages/airflow/example_dags/example_python_decorator.py took 0.177 seconds
[2024-05-18T05:41:29.920+0000] {processor.py:161} INFO - Started process (PID=16303) to work on /home/ubuntu/airflow/airflow_env/lib/python3.12/site-packages/airflow/example_dags/example_python_decorator.py
[2024-05-18T05:41:29.923+0000] {processor.py:830} INFO - Processing file /home/ubuntu/airflow/airflow_env/lib/python3.12/site-packages/airflow/example_dags/example_python_decorator.py for tasks to queue
[2024-05-18T05:41:29.928+0000] {logging_mixin.py:188} INFO - [2024-05-18T05:41:29.927+0000] {dagbag.py:545} INFO - Filling up the DagBag from /home/ubuntu/airflow/airflow_env/lib/python3.12/site-packages/airflow/example_dags/example_python_decorator.py
[2024-05-18T05:41:29.971+0000] {logging_mixin.py:188} INFO - [2024-05-18T05:41:29.970+0000] {example_python_decorator.py:80} WARNING - The virtalenv_python example task requires virtualenv, please install it.
[2024-05-18T05:41:29.975+0000] {processor.py:840} INFO - DAG(s) 'example_python_decorator' retrieved from /home/ubuntu/airflow/airflow_env/lib/python3.12/site-packages/airflow/example_dags/example_python_decorator.py
[2024-05-18T05:41:30.105+0000] {logging_mixin.py:188} INFO - [2024-05-18T05:41:30.105+0000] {dag.py:3096} INFO - Sync 1 DAGs
[2024-05-18T05:41:30.145+0000] {logging_mixin.py:188} INFO - [2024-05-18T05:41:30.145+0000] {dag.py:3954} INFO - Setting next_dagrun for example_python_decorator to None, run_after=None
[2024-05-18T05:41:30.213+0000] {processor.py:183} INFO - Processing /home/ubuntu/airflow/airflow_env/lib/python3.12/site-packages/airflow/example_dags/example_python_decorator.py took 0.301 seconds
[2024-05-18T05:42:00.539+0000] {processor.py:161} INFO - Started process (PID=16355) to work on /home/ubuntu/airflow/airflow_env/lib/python3.12/site-packages/airflow/example_dags/example_python_decorator.py
[2024-05-18T05:42:00.546+0000] {processor.py:830} INFO - Processing file /home/ubuntu/airflow/airflow_env/lib/python3.12/site-packages/airflow/example_dags/example_python_decorator.py for tasks to queue
[2024-05-18T05:42:00.550+0000] {logging_mixin.py:188} INFO - [2024-05-18T05:42:00.550+0000] {dagbag.py:545} INFO - Filling up the DagBag from /home/ubuntu/airflow/airflow_env/lib/python3.12/site-packages/airflow/example_dags/example_python_decorator.py
[2024-05-18T05:42:00.566+0000] {logging_mixin.py:188} INFO - [2024-05-18T05:42:00.565+0000] {example_python_decorator.py:80} WARNING - The virtalenv_python example task requires virtualenv, please install it.
[2024-05-18T05:42:00.566+0000] {processor.py:840} INFO - DAG(s) 'example_python_decorator' retrieved from /home/ubuntu/airflow/airflow_env/lib/python3.12/site-packages/airflow/example_dags/example_python_decorator.py
[2024-05-18T05:42:00.646+0000] {logging_mixin.py:188} INFO - [2024-05-18T05:42:00.646+0000] {dag.py:3096} INFO - Sync 1 DAGs
[2024-05-18T05:42:00.672+0000] {logging_mixin.py:188} INFO - [2024-05-18T05:42:00.672+0000] {dag.py:3954} INFO - Setting next_dagrun for example_python_decorator to None, run_after=None
[2024-05-18T05:42:00.705+0000] {processor.py:183} INFO - Processing /home/ubuntu/airflow/airflow_env/lib/python3.12/site-packages/airflow/example_dags/example_python_decorator.py took 0.180 seconds
[2024-05-18T05:42:30.755+0000] {processor.py:161} INFO - Started process (PID=16406) to work on /home/ubuntu/airflow/airflow_env/lib/python3.12/site-packages/airflow/example_dags/example_python_decorator.py
[2024-05-18T05:42:30.758+0000] {processor.py:830} INFO - Processing file /home/ubuntu/airflow/airflow_env/lib/python3.12/site-packages/airflow/example_dags/example_python_decorator.py for tasks to queue
[2024-05-18T05:42:30.761+0000] {logging_mixin.py:188} INFO - [2024-05-18T05:42:30.761+0000] {dagbag.py:545} INFO - Filling up the DagBag from /home/ubuntu/airflow/airflow_env/lib/python3.12/site-packages/airflow/example_dags/example_python_decorator.py
[2024-05-18T05:42:30.780+0000] {logging_mixin.py:188} INFO - [2024-05-18T05:42:30.779+0000] {example_python_decorator.py:80} WARNING - The virtalenv_python example task requires virtualenv, please install it.
[2024-05-18T05:42:30.780+0000] {processor.py:840} INFO - DAG(s) 'example_python_decorator' retrieved from /home/ubuntu/airflow/airflow_env/lib/python3.12/site-packages/airflow/example_dags/example_python_decorator.py
[2024-05-18T05:42:30.844+0000] {logging_mixin.py:188} INFO - [2024-05-18T05:42:30.843+0000] {dag.py:3096} INFO - Sync 1 DAGs
[2024-05-18T05:42:30.863+0000] {logging_mixin.py:188} INFO - [2024-05-18T05:42:30.863+0000] {dag.py:3954} INFO - Setting next_dagrun for example_python_decorator to None, run_after=None
[2024-05-18T05:42:30.895+0000] {processor.py:183} INFO - Processing /home/ubuntu/airflow/airflow_env/lib/python3.12/site-packages/airflow/example_dags/example_python_decorator.py took 0.152 seconds
[2024-05-18T05:43:01.860+0000] {processor.py:161} INFO - Started process (PID=16458) to work on /home/ubuntu/airflow/airflow_env/lib/python3.12/site-packages/airflow/example_dags/example_python_decorator.py
[2024-05-18T05:43:01.862+0000] {processor.py:830} INFO - Processing file /home/ubuntu/airflow/airflow_env/lib/python3.12/site-packages/airflow/example_dags/example_python_decorator.py for tasks to queue
[2024-05-18T05:43:01.864+0000] {logging_mixin.py:188} INFO - [2024-05-18T05:43:01.864+0000] {dagbag.py:545} INFO - Filling up the DagBag from /home/ubuntu/airflow/airflow_env/lib/python3.12/site-packages/airflow/example_dags/example_python_decorator.py
[2024-05-18T05:43:01.878+0000] {logging_mixin.py:188} INFO - [2024-05-18T05:43:01.878+0000] {example_python_decorator.py:80} WARNING - The virtalenv_python example task requires virtualenv, please install it.
[2024-05-18T05:43:01.879+0000] {processor.py:840} INFO - DAG(s) 'example_python_decorator' retrieved from /home/ubuntu/airflow/airflow_env/lib/python3.12/site-packages/airflow/example_dags/example_python_decorator.py
[2024-05-18T05:43:02.050+0000] {logging_mixin.py:188} INFO - [2024-05-18T05:43:02.049+0000] {dag.py:3096} INFO - Sync 1 DAGs
[2024-05-18T05:43:02.065+0000] {logging_mixin.py:188} INFO - [2024-05-18T05:43:02.065+0000] {dag.py:3954} INFO - Setting next_dagrun for example_python_decorator to None, run_after=None
[2024-05-18T05:43:02.093+0000] {processor.py:183} INFO - Processing /home/ubuntu/airflow/airflow_env/lib/python3.12/site-packages/airflow/example_dags/example_python_decorator.py took 0.242 seconds
[2024-05-18T05:43:32.591+0000] {processor.py:161} INFO - Started process (PID=16542) to work on /home/ubuntu/airflow/airflow_env/lib/python3.12/site-packages/airflow/example_dags/example_python_decorator.py
[2024-05-18T05:43:32.593+0000] {processor.py:830} INFO - Processing file /home/ubuntu/airflow/airflow_env/lib/python3.12/site-packages/airflow/example_dags/example_python_decorator.py for tasks to queue
[2024-05-18T05:43:32.595+0000] {logging_mixin.py:188} INFO - [2024-05-18T05:43:32.595+0000] {dagbag.py:545} INFO - Filling up the DagBag from /home/ubuntu/airflow/airflow_env/lib/python3.12/site-packages/airflow/example_dags/example_python_decorator.py
[2024-05-18T05:43:32.609+0000] {logging_mixin.py:188} INFO - [2024-05-18T05:43:32.609+0000] {example_python_decorator.py:80} WARNING - The virtalenv_python example task requires virtualenv, please install it.
[2024-05-18T05:43:32.610+0000] {processor.py:840} INFO - DAG(s) 'example_python_decorator' retrieved from /home/ubuntu/airflow/airflow_env/lib/python3.12/site-packages/airflow/example_dags/example_python_decorator.py
[2024-05-18T05:43:32.664+0000] {logging_mixin.py:188} INFO - [2024-05-18T05:43:32.664+0000] {dag.py:3096} INFO - Sync 1 DAGs
[2024-05-18T05:43:32.684+0000] {logging_mixin.py:188} INFO - [2024-05-18T05:43:32.684+0000] {dag.py:3954} INFO - Setting next_dagrun for example_python_decorator to None, run_after=None
[2024-05-18T05:43:32.871+0000] {processor.py:183} INFO - Processing /home/ubuntu/airflow/airflow_env/lib/python3.12/site-packages/airflow/example_dags/example_python_decorator.py took 0.290 seconds
[2024-05-18T05:44:02.969+0000] {processor.py:161} INFO - Started process (PID=16593) to work on /home/ubuntu/airflow/airflow_env/lib/python3.12/site-packages/airflow/example_dags/example_python_decorator.py
[2024-05-18T05:44:02.973+0000] {processor.py:830} INFO - Processing file /home/ubuntu/airflow/airflow_env/lib/python3.12/site-packages/airflow/example_dags/example_python_decorator.py for tasks to queue
[2024-05-18T05:44:02.977+0000] {logging_mixin.py:188} INFO - [2024-05-18T05:44:02.975+0000] {dagbag.py:545} INFO - Filling up the DagBag from /home/ubuntu/airflow/airflow_env/lib/python3.12/site-packages/airflow/example_dags/example_python_decorator.py
[2024-05-18T05:44:03.007+0000] {logging_mixin.py:188} INFO - [2024-05-18T05:44:03.007+0000] {example_python_decorator.py:80} WARNING - The virtalenv_python example task requires virtualenv, please install it.
[2024-05-18T05:44:03.008+0000] {processor.py:840} INFO - DAG(s) 'example_python_decorator' retrieved from /home/ubuntu/airflow/airflow_env/lib/python3.12/site-packages/airflow/example_dags/example_python_decorator.py
[2024-05-18T05:44:03.459+0000] {logging_mixin.py:188} INFO - [2024-05-18T05:44:03.459+0000] {process_utils.py:263} INFO - Waiting up to 5 seconds for processes to exit...
