[2024-05-18T04:44:17.474+0000] {processor.py:161} INFO - Started process (PID=12267) to work on /home/ubuntu/chch-fuel-recommendator/airflow/af_env/lib/python3.12/site-packages/airflow/example_dags/example_sla_dag.py
[2024-05-18T04:44:17.475+0000] {processor.py:830} INFO - Processing file /home/ubuntu/chch-fuel-recommendator/airflow/af_env/lib/python3.12/site-packages/airflow/example_dags/example_sla_dag.py for tasks to queue
[2024-05-18T04:44:17.477+0000] {logging_mixin.py:188} INFO - [2024-05-18T04:44:17.476+0000] {dagbag.py:545} INFO - Filling up the DagBag from /home/ubuntu/chch-fuel-recommendator/airflow/af_env/lib/python3.12/site-packages/airflow/example_dags/example_sla_dag.py
[2024-05-18T04:44:17.485+0000] {processor.py:840} INFO - DAG(s) 'example_sla_dag' retrieved from /home/ubuntu/chch-fuel-recommendator/airflow/af_env/lib/python3.12/site-packages/airflow/example_dags/example_sla_dag.py
[2024-05-18T04:44:17.596+0000] {logging_mixin.py:188} INFO - [2024-05-18T04:44:17.595+0000] {override.py:1829} INFO - Created Permission View: can edit on DAG:example_sla_dag
[2024-05-18T04:44:17.613+0000] {logging_mixin.py:188} INFO - [2024-05-18T04:44:17.613+0000] {override.py:1829} INFO - Created Permission View: can read on DAG:example_sla_dag
[2024-05-18T04:44:17.623+0000] {logging_mixin.py:188} INFO - [2024-05-18T04:44:17.623+0000] {override.py:1829} INFO - Created Permission View: can delete on DAG:example_sla_dag
[2024-05-18T04:44:17.624+0000] {logging_mixin.py:188} INFO - [2024-05-18T04:44:17.624+0000] {dag.py:3096} INFO - Sync 1 DAGs
[2024-05-18T04:44:17.636+0000] {logging_mixin.py:188} INFO - [2024-05-18T04:44:17.635+0000] {dag.py:3118} INFO - Creating ORM DAG for example_sla_dag
[2024-05-18T04:44:17.647+0000] {logging_mixin.py:188} INFO - [2024-05-18T04:44:17.647+0000] {dag.py:3954} INFO - Setting next_dagrun for example_sla_dag to 2024-05-18 04:42:00+00:00, run_after=2024-05-18 04:44:00+00:00
[2024-05-18T04:44:17.669+0000] {processor.py:183} INFO - Processing /home/ubuntu/chch-fuel-recommendator/airflow/af_env/lib/python3.12/site-packages/airflow/example_dags/example_sla_dag.py took 0.201 seconds
[2024-05-18T04:45:16.449+0000] {processor.py:161} INFO - Started process (PID=12321) to work on /home/ubuntu/chch-fuel-recommendator/airflow/af_env/lib/python3.12/site-packages/airflow/example_dags/example_sla_dag.py
[2024-05-18T04:45:16.450+0000] {processor.py:830} INFO - Processing file /home/ubuntu/chch-fuel-recommendator/airflow/af_env/lib/python3.12/site-packages/airflow/example_dags/example_sla_dag.py for tasks to queue
[2024-05-18T04:45:16.454+0000] {logging_mixin.py:188} INFO - [2024-05-18T04:45:16.453+0000] {dagbag.py:545} INFO - Filling up the DagBag from /home/ubuntu/chch-fuel-recommendator/airflow/af_env/lib/python3.12/site-packages/airflow/example_dags/example_sla_dag.py
[2024-05-18T04:45:16.468+0000] {processor.py:840} INFO - DAG(s) 'example_sla_dag' retrieved from /home/ubuntu/chch-fuel-recommendator/airflow/af_env/lib/python3.12/site-packages/airflow/example_dags/example_sla_dag.py
[2024-05-18T04:45:16.487+0000] {logging_mixin.py:188} INFO - [2024-05-18T04:45:16.487+0000] {dag.py:3096} INFO - Sync 1 DAGs
[2024-05-18T04:45:16.518+0000] {logging_mixin.py:188} INFO - [2024-05-18T04:45:16.517+0000] {dag.py:3954} INFO - Setting next_dagrun for example_sla_dag to 2024-05-18 04:42:00+00:00, run_after=2024-05-18 04:44:00+00:00
[2024-05-18T04:45:16.556+0000] {processor.py:183} INFO - Processing /home/ubuntu/chch-fuel-recommendator/airflow/af_env/lib/python3.12/site-packages/airflow/example_dags/example_sla_dag.py took 0.117 seconds
[2024-05-18T04:46:13.819+0000] {processor.py:161} INFO - Started process (PID=12377) to work on /home/ubuntu/chch-fuel-recommendator/airflow/af_env/lib/python3.12/site-packages/airflow/example_dags/example_sla_dag.py
[2024-05-18T04:46:13.822+0000] {processor.py:830} INFO - Processing file /home/ubuntu/chch-fuel-recommendator/airflow/af_env/lib/python3.12/site-packages/airflow/example_dags/example_sla_dag.py for tasks to queue
[2024-05-18T04:46:13.826+0000] {logging_mixin.py:188} INFO - [2024-05-18T04:46:13.824+0000] {dagbag.py:545} INFO - Filling up the DagBag from /home/ubuntu/chch-fuel-recommendator/airflow/af_env/lib/python3.12/site-packages/airflow/example_dags/example_sla_dag.py
[2024-05-18T04:46:13.836+0000] {processor.py:840} INFO - DAG(s) 'example_sla_dag' retrieved from /home/ubuntu/chch-fuel-recommendator/airflow/af_env/lib/python3.12/site-packages/airflow/example_dags/example_sla_dag.py
[2024-05-18T04:46:13.853+0000] {logging_mixin.py:188} INFO - [2024-05-18T04:46:13.853+0000] {dag.py:3096} INFO - Sync 1 DAGs
[2024-05-18T04:46:13.880+0000] {logging_mixin.py:188} INFO - [2024-05-18T04:46:13.879+0000] {dag.py:3954} INFO - Setting next_dagrun for example_sla_dag to 2024-05-18 04:44:00+00:00, run_after=2024-05-18 04:46:00+00:00
[2024-05-18T04:46:13.922+0000] {processor.py:183} INFO - Processing /home/ubuntu/chch-fuel-recommendator/airflow/af_env/lib/python3.12/site-packages/airflow/example_dags/example_sla_dag.py took 0.114 seconds
[2024-05-18T04:47:05.654+0000] {processor.py:161} INFO - Started process (PID=12428) to work on /home/ubuntu/chch-fuel-recommendator/airflow/af_env/lib/python3.12/site-packages/airflow/example_dags/example_sla_dag.py
[2024-05-18T04:47:05.660+0000] {processor.py:830} INFO - Processing file /home/ubuntu/chch-fuel-recommendator/airflow/af_env/lib/python3.12/site-packages/airflow/example_dags/example_sla_dag.py for tasks to queue
[2024-05-18T04:47:05.662+0000] {logging_mixin.py:188} INFO - [2024-05-18T04:47:05.662+0000] {dagbag.py:545} INFO - Filling up the DagBag from /home/ubuntu/chch-fuel-recommendator/airflow/af_env/lib/python3.12/site-packages/airflow/example_dags/example_sla_dag.py
[2024-05-18T04:47:05.672+0000] {processor.py:840} INFO - DAG(s) 'example_sla_dag' retrieved from /home/ubuntu/chch-fuel-recommendator/airflow/af_env/lib/python3.12/site-packages/airflow/example_dags/example_sla_dag.py
[2024-05-18T04:47:05.688+0000] {logging_mixin.py:188} INFO - [2024-05-18T04:47:05.688+0000] {dag.py:3096} INFO - Sync 1 DAGs
[2024-05-18T04:47:05.710+0000] {logging_mixin.py:188} INFO - [2024-05-18T04:47:05.709+0000] {dag.py:3954} INFO - Setting next_dagrun for example_sla_dag to 2024-05-18 04:44:00+00:00, run_after=2024-05-18 04:46:00+00:00
[2024-05-18T04:47:05.733+0000] {processor.py:183} INFO - Processing /home/ubuntu/chch-fuel-recommendator/airflow/af_env/lib/python3.12/site-packages/airflow/example_dags/example_sla_dag.py took 0.085 seconds
[2024-05-18T04:47:58.459+0000] {processor.py:161} INFO - Started process (PID=12481) to work on /home/ubuntu/chch-fuel-recommendator/airflow/af_env/lib/python3.12/site-packages/airflow/example_dags/example_sla_dag.py
[2024-05-18T04:47:58.461+0000] {processor.py:830} INFO - Processing file /home/ubuntu/chch-fuel-recommendator/airflow/af_env/lib/python3.12/site-packages/airflow/example_dags/example_sla_dag.py for tasks to queue
[2024-05-18T04:47:58.473+0000] {logging_mixin.py:188} INFO - [2024-05-18T04:47:58.471+0000] {dagbag.py:545} INFO - Filling up the DagBag from /home/ubuntu/chch-fuel-recommendator/airflow/af_env/lib/python3.12/site-packages/airflow/example_dags/example_sla_dag.py
[2024-05-18T04:47:58.493+0000] {processor.py:840} INFO - DAG(s) 'example_sla_dag' retrieved from /home/ubuntu/chch-fuel-recommendator/airflow/af_env/lib/python3.12/site-packages/airflow/example_dags/example_sla_dag.py
[2024-05-18T04:47:58.523+0000] {logging_mixin.py:188} INFO - [2024-05-18T04:47:58.522+0000] {dag.py:3096} INFO - Sync 1 DAGs
[2024-05-18T04:47:58.576+0000] {logging_mixin.py:188} INFO - [2024-05-18T04:47:58.575+0000] {dag.py:3954} INFO - Setting next_dagrun for example_sla_dag to 2024-05-18 04:44:00+00:00, run_after=2024-05-18 04:46:00+00:00
[2024-05-18T04:47:58.613+0000] {processor.py:183} INFO - Processing /home/ubuntu/chch-fuel-recommendator/airflow/af_env/lib/python3.12/site-packages/airflow/example_dags/example_sla_dag.py took 0.164 seconds
[2024-05-18T04:48:42.564+0000] {processor.py:161} INFO - Started process (PID=12524) to work on /home/ubuntu/chch-fuel-recommendator/airflow/af_env/lib/python3.12/site-packages/airflow/example_dags/example_sla_dag.py
[2024-05-18T04:48:42.566+0000] {processor.py:830} INFO - Processing file /home/ubuntu/chch-fuel-recommendator/airflow/af_env/lib/python3.12/site-packages/airflow/example_dags/example_sla_dag.py for tasks to queue
[2024-05-18T04:48:42.568+0000] {logging_mixin.py:188} INFO - [2024-05-18T04:48:42.568+0000] {dagbag.py:545} INFO - Filling up the DagBag from /home/ubuntu/chch-fuel-recommendator/airflow/af_env/lib/python3.12/site-packages/airflow/example_dags/example_sla_dag.py
[2024-05-18T04:48:42.581+0000] {processor.py:840} INFO - DAG(s) 'example_sla_dag' retrieved from /home/ubuntu/chch-fuel-recommendator/airflow/af_env/lib/python3.12/site-packages/airflow/example_dags/example_sla_dag.py
[2024-05-18T04:48:42.606+0000] {logging_mixin.py:188} INFO - [2024-05-18T04:48:42.605+0000] {dag.py:3096} INFO - Sync 1 DAGs
[2024-05-18T04:48:42.636+0000] {logging_mixin.py:188} INFO - [2024-05-18T04:48:42.636+0000] {dag.py:3954} INFO - Setting next_dagrun for example_sla_dag to 2024-05-18 04:46:00+00:00, run_after=2024-05-18 04:48:00+00:00
[2024-05-18T04:48:42.670+0000] {processor.py:183} INFO - Processing /home/ubuntu/chch-fuel-recommendator/airflow/af_env/lib/python3.12/site-packages/airflow/example_dags/example_sla_dag.py took 0.115 seconds
[2024-05-18T04:49:27.165+0000] {processor.py:161} INFO - Started process (PID=12568) to work on /home/ubuntu/chch-fuel-recommendator/airflow/af_env/lib/python3.12/site-packages/airflow/example_dags/example_sla_dag.py
[2024-05-18T04:49:27.166+0000] {processor.py:830} INFO - Processing file /home/ubuntu/chch-fuel-recommendator/airflow/af_env/lib/python3.12/site-packages/airflow/example_dags/example_sla_dag.py for tasks to queue
[2024-05-18T04:49:27.168+0000] {logging_mixin.py:188} INFO - [2024-05-18T04:49:27.168+0000] {dagbag.py:545} INFO - Filling up the DagBag from /home/ubuntu/chch-fuel-recommendator/airflow/af_env/lib/python3.12/site-packages/airflow/example_dags/example_sla_dag.py
[2024-05-18T04:49:27.181+0000] {processor.py:840} INFO - DAG(s) 'example_sla_dag' retrieved from /home/ubuntu/chch-fuel-recommendator/airflow/af_env/lib/python3.12/site-packages/airflow/example_dags/example_sla_dag.py
[2024-05-18T04:49:27.201+0000] {logging_mixin.py:188} INFO - [2024-05-18T04:49:27.200+0000] {dag.py:3096} INFO - Sync 1 DAGs
[2024-05-18T04:49:27.251+0000] {logging_mixin.py:188} INFO - [2024-05-18T04:49:27.251+0000] {dag.py:3954} INFO - Setting next_dagrun for example_sla_dag to 2024-05-18 04:46:00+00:00, run_after=2024-05-18 04:48:00+00:00
[2024-05-18T04:49:27.326+0000] {processor.py:183} INFO - Processing /home/ubuntu/chch-fuel-recommendator/airflow/af_env/lib/python3.12/site-packages/airflow/example_dags/example_sla_dag.py took 0.166 seconds
[2024-05-18T04:50:12.120+0000] {processor.py:161} INFO - Started process (PID=12616) to work on /home/ubuntu/chch-fuel-recommendator/airflow/af_env/lib/python3.12/site-packages/airflow/example_dags/example_sla_dag.py
[2024-05-18T04:50:12.122+0000] {processor.py:830} INFO - Processing file /home/ubuntu/chch-fuel-recommendator/airflow/af_env/lib/python3.12/site-packages/airflow/example_dags/example_sla_dag.py for tasks to queue
[2024-05-18T04:50:12.124+0000] {logging_mixin.py:188} INFO - [2024-05-18T04:50:12.123+0000] {dagbag.py:545} INFO - Filling up the DagBag from /home/ubuntu/chch-fuel-recommendator/airflow/af_env/lib/python3.12/site-packages/airflow/example_dags/example_sla_dag.py
[2024-05-18T04:50:12.133+0000] {processor.py:840} INFO - DAG(s) 'example_sla_dag' retrieved from /home/ubuntu/chch-fuel-recommendator/airflow/af_env/lib/python3.12/site-packages/airflow/example_dags/example_sla_dag.py
[2024-05-18T04:50:12.151+0000] {logging_mixin.py:188} INFO - [2024-05-18T04:50:12.151+0000] {dag.py:3096} INFO - Sync 1 DAGs
[2024-05-18T04:50:12.175+0000] {logging_mixin.py:188} INFO - [2024-05-18T04:50:12.175+0000] {dag.py:3954} INFO - Setting next_dagrun for example_sla_dag to 2024-05-18 04:48:00+00:00, run_after=2024-05-18 04:50:00+00:00
[2024-05-18T04:50:12.207+0000] {processor.py:183} INFO - Processing /home/ubuntu/chch-fuel-recommendator/airflow/af_env/lib/python3.12/site-packages/airflow/example_dags/example_sla_dag.py took 0.093 seconds
[2024-05-18T04:50:54.448+0000] {processor.py:161} INFO - Started process (PID=12660) to work on /home/ubuntu/chch-fuel-recommendator/airflow/af_env/lib/python3.12/site-packages/airflow/example_dags/example_sla_dag.py
[2024-05-18T04:50:54.450+0000] {processor.py:830} INFO - Processing file /home/ubuntu/chch-fuel-recommendator/airflow/af_env/lib/python3.12/site-packages/airflow/example_dags/example_sla_dag.py for tasks to queue
[2024-05-18T04:50:54.452+0000] {logging_mixin.py:188} INFO - [2024-05-18T04:50:54.451+0000] {dagbag.py:545} INFO - Filling up the DagBag from /home/ubuntu/chch-fuel-recommendator/airflow/af_env/lib/python3.12/site-packages/airflow/example_dags/example_sla_dag.py
[2024-05-18T04:50:54.462+0000] {processor.py:840} INFO - DAG(s) 'example_sla_dag' retrieved from /home/ubuntu/chch-fuel-recommendator/airflow/af_env/lib/python3.12/site-packages/airflow/example_dags/example_sla_dag.py
[2024-05-18T04:50:54.481+0000] {logging_mixin.py:188} INFO - [2024-05-18T04:50:54.481+0000] {dag.py:3096} INFO - Sync 1 DAGs
[2024-05-18T04:50:54.507+0000] {logging_mixin.py:188} INFO - [2024-05-18T04:50:54.506+0000] {dag.py:3954} INFO - Setting next_dagrun for example_sla_dag to 2024-05-18 04:48:00+00:00, run_after=2024-05-18 04:50:00+00:00
[2024-05-18T04:50:54.536+0000] {processor.py:183} INFO - Processing /home/ubuntu/chch-fuel-recommendator/airflow/af_env/lib/python3.12/site-packages/airflow/example_dags/example_sla_dag.py took 0.097 seconds
[2024-05-18T04:51:40.299+0000] {processor.py:161} INFO - Started process (PID=12704) to work on /home/ubuntu/chch-fuel-recommendator/airflow/af_env/lib/python3.12/site-packages/airflow/example_dags/example_sla_dag.py
[2024-05-18T04:51:40.300+0000] {processor.py:830} INFO - Processing file /home/ubuntu/chch-fuel-recommendator/airflow/af_env/lib/python3.12/site-packages/airflow/example_dags/example_sla_dag.py for tasks to queue
[2024-05-18T04:51:40.302+0000] {logging_mixin.py:188} INFO - [2024-05-18T04:51:40.302+0000] {dagbag.py:545} INFO - Filling up the DagBag from /home/ubuntu/chch-fuel-recommendator/airflow/af_env/lib/python3.12/site-packages/airflow/example_dags/example_sla_dag.py
[2024-05-18T04:51:40.311+0000] {processor.py:840} INFO - DAG(s) 'example_sla_dag' retrieved from /home/ubuntu/chch-fuel-recommendator/airflow/af_env/lib/python3.12/site-packages/airflow/example_dags/example_sla_dag.py
[2024-05-18T04:51:40.327+0000] {logging_mixin.py:188} INFO - [2024-05-18T04:51:40.327+0000] {dag.py:3096} INFO - Sync 1 DAGs
[2024-05-18T04:51:40.351+0000] {logging_mixin.py:188} INFO - [2024-05-18T04:51:40.351+0000] {dag.py:3954} INFO - Setting next_dagrun for example_sla_dag to 2024-05-18 04:48:00+00:00, run_after=2024-05-18 04:50:00+00:00
[2024-05-18T04:51:40.380+0000] {processor.py:183} INFO - Processing /home/ubuntu/chch-fuel-recommendator/airflow/af_env/lib/python3.12/site-packages/airflow/example_dags/example_sla_dag.py took 0.088 seconds
[2024-05-18T04:52:22.375+0000] {processor.py:161} INFO - Started process (PID=12747) to work on /home/ubuntu/chch-fuel-recommendator/airflow/af_env/lib/python3.12/site-packages/airflow/example_dags/example_sla_dag.py
[2024-05-18T04:52:22.377+0000] {processor.py:830} INFO - Processing file /home/ubuntu/chch-fuel-recommendator/airflow/af_env/lib/python3.12/site-packages/airflow/example_dags/example_sla_dag.py for tasks to queue
[2024-05-18T04:52:22.382+0000] {logging_mixin.py:188} INFO - [2024-05-18T04:52:22.381+0000] {dagbag.py:545} INFO - Filling up the DagBag from /home/ubuntu/chch-fuel-recommendator/airflow/af_env/lib/python3.12/site-packages/airflow/example_dags/example_sla_dag.py
[2024-05-18T04:52:22.402+0000] {processor.py:840} INFO - DAG(s) 'example_sla_dag' retrieved from /home/ubuntu/chch-fuel-recommendator/airflow/af_env/lib/python3.12/site-packages/airflow/example_dags/example_sla_dag.py
[2024-05-18T04:52:22.423+0000] {logging_mixin.py:188} INFO - [2024-05-18T04:52:22.422+0000] {dag.py:3096} INFO - Sync 1 DAGs
[2024-05-18T04:52:22.446+0000] {logging_mixin.py:188} INFO - [2024-05-18T04:52:22.446+0000] {dag.py:3954} INFO - Setting next_dagrun for example_sla_dag to 2024-05-18 04:50:00+00:00, run_after=2024-05-18 04:52:00+00:00
[2024-05-18T04:52:22.474+0000] {processor.py:183} INFO - Processing /home/ubuntu/chch-fuel-recommendator/airflow/af_env/lib/python3.12/site-packages/airflow/example_dags/example_sla_dag.py took 0.110 seconds
[2024-05-18T04:53:10.249+0000] {processor.py:161} INFO - Started process (PID=12793) to work on /home/ubuntu/chch-fuel-recommendator/airflow/af_env/lib/python3.12/site-packages/airflow/example_dags/example_sla_dag.py
[2024-05-18T04:53:10.250+0000] {processor.py:830} INFO - Processing file /home/ubuntu/chch-fuel-recommendator/airflow/af_env/lib/python3.12/site-packages/airflow/example_dags/example_sla_dag.py for tasks to queue
[2024-05-18T04:53:10.253+0000] {logging_mixin.py:188} INFO - [2024-05-18T04:53:10.252+0000] {dagbag.py:545} INFO - Filling up the DagBag from /home/ubuntu/chch-fuel-recommendator/airflow/af_env/lib/python3.12/site-packages/airflow/example_dags/example_sla_dag.py
[2024-05-18T04:53:10.277+0000] {processor.py:840} INFO - DAG(s) 'example_sla_dag' retrieved from /home/ubuntu/chch-fuel-recommendator/airflow/af_env/lib/python3.12/site-packages/airflow/example_dags/example_sla_dag.py
[2024-05-18T04:53:10.320+0000] {logging_mixin.py:188} INFO - [2024-05-18T04:53:10.320+0000] {dag.py:3096} INFO - Sync 1 DAGs
[2024-05-18T04:53:10.355+0000] {logging_mixin.py:188} INFO - [2024-05-18T04:53:10.354+0000] {dag.py:3954} INFO - Setting next_dagrun for example_sla_dag to 2024-05-18 04:50:00+00:00, run_after=2024-05-18 04:52:00+00:00
[2024-05-18T04:53:10.392+0000] {processor.py:183} INFO - Processing /home/ubuntu/chch-fuel-recommendator/airflow/af_env/lib/python3.12/site-packages/airflow/example_dags/example_sla_dag.py took 0.154 seconds
[2024-05-18T05:32:14.592+0000] {processor.py:161} INFO - Started process (PID=15073) to work on /home/ubuntu/airflow/airflow_env/lib/python3.12/site-packages/airflow/example_dags/example_sla_dag.py
[2024-05-18T05:32:14.593+0000] {processor.py:830} INFO - Processing file /home/ubuntu/airflow/airflow_env/lib/python3.12/site-packages/airflow/example_dags/example_sla_dag.py for tasks to queue
[2024-05-18T05:32:14.595+0000] {logging_mixin.py:188} INFO - [2024-05-18T05:32:14.595+0000] {dagbag.py:545} INFO - Filling up the DagBag from /home/ubuntu/airflow/airflow_env/lib/python3.12/site-packages/airflow/example_dags/example_sla_dag.py
[2024-05-18T05:32:14.606+0000] {processor.py:840} INFO - DAG(s) 'example_sla_dag' retrieved from /home/ubuntu/airflow/airflow_env/lib/python3.12/site-packages/airflow/example_dags/example_sla_dag.py
[2024-05-18T05:32:14.799+0000] {logging_mixin.py:188} INFO - [2024-05-18T05:32:14.799+0000] {dag.py:3096} INFO - Sync 1 DAGs
[2024-05-18T05:32:14.826+0000] {logging_mixin.py:188} INFO - [2024-05-18T05:32:14.826+0000] {dag.py:3954} INFO - Setting next_dagrun for example_sla_dag to 2024-05-18 05:30:00+00:00, run_after=2024-05-18 05:32:00+00:00
[2024-05-18T05:32:14.852+0000] {processor.py:183} INFO - Processing /home/ubuntu/airflow/airflow_env/lib/python3.12/site-packages/airflow/example_dags/example_sla_dag.py took 0.269 seconds
[2024-05-18T05:32:45.197+0000] {processor.py:161} INFO - Started process (PID=15127) to work on /home/ubuntu/airflow/airflow_env/lib/python3.12/site-packages/airflow/example_dags/example_sla_dag.py
[2024-05-18T05:32:45.198+0000] {processor.py:830} INFO - Processing file /home/ubuntu/airflow/airflow_env/lib/python3.12/site-packages/airflow/example_dags/example_sla_dag.py for tasks to queue
[2024-05-18T05:32:45.204+0000] {logging_mixin.py:188} INFO - [2024-05-18T05:32:45.204+0000] {dagbag.py:545} INFO - Filling up the DagBag from /home/ubuntu/airflow/airflow_env/lib/python3.12/site-packages/airflow/example_dags/example_sla_dag.py
[2024-05-18T05:32:45.218+0000] {processor.py:840} INFO - DAG(s) 'example_sla_dag' retrieved from /home/ubuntu/airflow/airflow_env/lib/python3.12/site-packages/airflow/example_dags/example_sla_dag.py
[2024-05-18T05:32:45.345+0000] {logging_mixin.py:188} INFO - [2024-05-18T05:32:45.345+0000] {dag.py:3096} INFO - Sync 1 DAGs
[2024-05-18T05:32:45.412+0000] {logging_mixin.py:188} INFO - [2024-05-18T05:32:45.412+0000] {dag.py:3954} INFO - Setting next_dagrun for example_sla_dag to 2024-05-18 05:30:00+00:00, run_after=2024-05-18 05:32:00+00:00
[2024-05-18T05:32:45.446+0000] {processor.py:183} INFO - Processing /home/ubuntu/airflow/airflow_env/lib/python3.12/site-packages/airflow/example_dags/example_sla_dag.py took 0.258 seconds
[2024-05-18T05:33:15.636+0000] {processor.py:161} INFO - Started process (PID=15181) to work on /home/ubuntu/airflow/airflow_env/lib/python3.12/site-packages/airflow/example_dags/example_sla_dag.py
[2024-05-18T05:33:15.637+0000] {processor.py:830} INFO - Processing file /home/ubuntu/airflow/airflow_env/lib/python3.12/site-packages/airflow/example_dags/example_sla_dag.py for tasks to queue
[2024-05-18T05:33:15.640+0000] {logging_mixin.py:188} INFO - [2024-05-18T05:33:15.639+0000] {dagbag.py:545} INFO - Filling up the DagBag from /home/ubuntu/airflow/airflow_env/lib/python3.12/site-packages/airflow/example_dags/example_sla_dag.py
[2024-05-18T05:33:15.652+0000] {processor.py:840} INFO - DAG(s) 'example_sla_dag' retrieved from /home/ubuntu/airflow/airflow_env/lib/python3.12/site-packages/airflow/example_dags/example_sla_dag.py
[2024-05-18T05:33:15.718+0000] {logging_mixin.py:188} INFO - [2024-05-18T05:33:15.717+0000] {dag.py:3096} INFO - Sync 1 DAGs
[2024-05-18T05:33:15.754+0000] {logging_mixin.py:188} INFO - [2024-05-18T05:33:15.754+0000] {dag.py:3954} INFO - Setting next_dagrun for example_sla_dag to 2024-05-18 05:30:00+00:00, run_after=2024-05-18 05:32:00+00:00
[2024-05-18T05:33:15.780+0000] {processor.py:183} INFO - Processing /home/ubuntu/airflow/airflow_env/lib/python3.12/site-packages/airflow/example_dags/example_sla_dag.py took 0.152 seconds
[2024-05-18T05:33:46.042+0000] {processor.py:161} INFO - Started process (PID=15232) to work on /home/ubuntu/airflow/airflow_env/lib/python3.12/site-packages/airflow/example_dags/example_sla_dag.py
[2024-05-18T05:33:46.043+0000] {processor.py:830} INFO - Processing file /home/ubuntu/airflow/airflow_env/lib/python3.12/site-packages/airflow/example_dags/example_sla_dag.py for tasks to queue
[2024-05-18T05:33:46.045+0000] {logging_mixin.py:188} INFO - [2024-05-18T05:33:46.044+0000] {dagbag.py:545} INFO - Filling up the DagBag from /home/ubuntu/airflow/airflow_env/lib/python3.12/site-packages/airflow/example_dags/example_sla_dag.py
[2024-05-18T05:33:46.058+0000] {processor.py:840} INFO - DAG(s) 'example_sla_dag' retrieved from /home/ubuntu/airflow/airflow_env/lib/python3.12/site-packages/airflow/example_dags/example_sla_dag.py
[2024-05-18T05:33:46.119+0000] {logging_mixin.py:188} INFO - [2024-05-18T05:33:46.118+0000] {dag.py:3096} INFO - Sync 1 DAGs
[2024-05-18T05:33:46.174+0000] {logging_mixin.py:188} INFO - [2024-05-18T05:33:46.174+0000] {dag.py:3954} INFO - Setting next_dagrun for example_sla_dag to 2024-05-18 05:30:00+00:00, run_after=2024-05-18 05:32:00+00:00
[2024-05-18T05:33:46.208+0000] {processor.py:183} INFO - Processing /home/ubuntu/airflow/airflow_env/lib/python3.12/site-packages/airflow/example_dags/example_sla_dag.py took 0.174 seconds
[2024-05-18T05:34:17.024+0000] {processor.py:161} INFO - Started process (PID=15284) to work on /home/ubuntu/airflow/airflow_env/lib/python3.12/site-packages/airflow/example_dags/example_sla_dag.py
[2024-05-18T05:34:17.029+0000] {processor.py:830} INFO - Processing file /home/ubuntu/airflow/airflow_env/lib/python3.12/site-packages/airflow/example_dags/example_sla_dag.py for tasks to queue
[2024-05-18T05:34:17.038+0000] {logging_mixin.py:188} INFO - [2024-05-18T05:34:17.038+0000] {dagbag.py:545} INFO - Filling up the DagBag from /home/ubuntu/airflow/airflow_env/lib/python3.12/site-packages/airflow/example_dags/example_sla_dag.py
[2024-05-18T05:34:17.055+0000] {processor.py:840} INFO - DAG(s) 'example_sla_dag' retrieved from /home/ubuntu/airflow/airflow_env/lib/python3.12/site-packages/airflow/example_dags/example_sla_dag.py
[2024-05-18T05:34:17.135+0000] {logging_mixin.py:188} INFO - [2024-05-18T05:34:17.134+0000] {dag.py:3096} INFO - Sync 1 DAGs
[2024-05-18T05:34:17.177+0000] {logging_mixin.py:188} INFO - [2024-05-18T05:34:17.177+0000] {dag.py:3954} INFO - Setting next_dagrun for example_sla_dag to 2024-05-18 05:32:00+00:00, run_after=2024-05-18 05:34:00+00:00
[2024-05-18T05:34:17.209+0000] {processor.py:183} INFO - Processing /home/ubuntu/airflow/airflow_env/lib/python3.12/site-packages/airflow/example_dags/example_sla_dag.py took 0.200 seconds
[2024-05-18T05:34:48.072+0000] {processor.py:161} INFO - Started process (PID=15335) to work on /home/ubuntu/airflow/airflow_env/lib/python3.12/site-packages/airflow/example_dags/example_sla_dag.py
[2024-05-18T05:34:48.075+0000] {processor.py:830} INFO - Processing file /home/ubuntu/airflow/airflow_env/lib/python3.12/site-packages/airflow/example_dags/example_sla_dag.py for tasks to queue
[2024-05-18T05:34:48.077+0000] {logging_mixin.py:188} INFO - [2024-05-18T05:34:48.077+0000] {dagbag.py:545} INFO - Filling up the DagBag from /home/ubuntu/airflow/airflow_env/lib/python3.12/site-packages/airflow/example_dags/example_sla_dag.py
[2024-05-18T05:34:48.093+0000] {processor.py:840} INFO - DAG(s) 'example_sla_dag' retrieved from /home/ubuntu/airflow/airflow_env/lib/python3.12/site-packages/airflow/example_dags/example_sla_dag.py
[2024-05-18T05:34:48.161+0000] {logging_mixin.py:188} INFO - [2024-05-18T05:34:48.161+0000] {dag.py:3096} INFO - Sync 1 DAGs
[2024-05-18T05:34:48.198+0000] {logging_mixin.py:188} INFO - [2024-05-18T05:34:48.197+0000] {dag.py:3954} INFO - Setting next_dagrun for example_sla_dag to 2024-05-18 05:32:00+00:00, run_after=2024-05-18 05:34:00+00:00
[2024-05-18T05:34:48.232+0000] {processor.py:183} INFO - Processing /home/ubuntu/airflow/airflow_env/lib/python3.12/site-packages/airflow/example_dags/example_sla_dag.py took 0.169 seconds
[2024-05-18T05:35:18.488+0000] {processor.py:161} INFO - Started process (PID=15389) to work on /home/ubuntu/airflow/airflow_env/lib/python3.12/site-packages/airflow/example_dags/example_sla_dag.py
[2024-05-18T05:35:18.490+0000] {processor.py:830} INFO - Processing file /home/ubuntu/airflow/airflow_env/lib/python3.12/site-packages/airflow/example_dags/example_sla_dag.py for tasks to queue
[2024-05-18T05:35:18.493+0000] {logging_mixin.py:188} INFO - [2024-05-18T05:35:18.492+0000] {dagbag.py:545} INFO - Filling up the DagBag from /home/ubuntu/airflow/airflow_env/lib/python3.12/site-packages/airflow/example_dags/example_sla_dag.py
[2024-05-18T05:35:18.508+0000] {processor.py:840} INFO - DAG(s) 'example_sla_dag' retrieved from /home/ubuntu/airflow/airflow_env/lib/python3.12/site-packages/airflow/example_dags/example_sla_dag.py
[2024-05-18T05:35:18.578+0000] {logging_mixin.py:188} INFO - [2024-05-18T05:35:18.578+0000] {dag.py:3096} INFO - Sync 1 DAGs
[2024-05-18T05:35:18.638+0000] {logging_mixin.py:188} INFO - [2024-05-18T05:35:18.638+0000] {dag.py:3954} INFO - Setting next_dagrun for example_sla_dag to 2024-05-18 05:32:00+00:00, run_after=2024-05-18 05:34:00+00:00
[2024-05-18T05:35:18.681+0000] {processor.py:183} INFO - Processing /home/ubuntu/airflow/airflow_env/lib/python3.12/site-packages/airflow/example_dags/example_sla_dag.py took 0.203 seconds
[2024-05-18T05:35:48.746+0000] {processor.py:161} INFO - Started process (PID=15440) to work on /home/ubuntu/airflow/airflow_env/lib/python3.12/site-packages/airflow/example_dags/example_sla_dag.py
[2024-05-18T05:35:48.747+0000] {processor.py:830} INFO - Processing file /home/ubuntu/airflow/airflow_env/lib/python3.12/site-packages/airflow/example_dags/example_sla_dag.py for tasks to queue
[2024-05-18T05:35:48.751+0000] {logging_mixin.py:188} INFO - [2024-05-18T05:35:48.751+0000] {dagbag.py:545} INFO - Filling up the DagBag from /home/ubuntu/airflow/airflow_env/lib/python3.12/site-packages/airflow/example_dags/example_sla_dag.py
[2024-05-18T05:35:48.767+0000] {processor.py:840} INFO - DAG(s) 'example_sla_dag' retrieved from /home/ubuntu/airflow/airflow_env/lib/python3.12/site-packages/airflow/example_dags/example_sla_dag.py
[2024-05-18T05:35:48.851+0000] {logging_mixin.py:188} INFO - [2024-05-18T05:35:48.850+0000] {dag.py:3096} INFO - Sync 1 DAGs
[2024-05-18T05:35:48.895+0000] {logging_mixin.py:188} INFO - [2024-05-18T05:35:48.894+0000] {dag.py:3954} INFO - Setting next_dagrun for example_sla_dag to 2024-05-18 05:32:00+00:00, run_after=2024-05-18 05:34:00+00:00
[2024-05-18T05:35:48.922+0000] {processor.py:183} INFO - Processing /home/ubuntu/airflow/airflow_env/lib/python3.12/site-packages/airflow/example_dags/example_sla_dag.py took 0.188 seconds
[2024-05-18T05:36:19.881+0000] {processor.py:161} INFO - Started process (PID=15491) to work on /home/ubuntu/airflow/airflow_env/lib/python3.12/site-packages/airflow/example_dags/example_sla_dag.py
[2024-05-18T05:36:19.883+0000] {processor.py:830} INFO - Processing file /home/ubuntu/airflow/airflow_env/lib/python3.12/site-packages/airflow/example_dags/example_sla_dag.py for tasks to queue
[2024-05-18T05:36:19.886+0000] {logging_mixin.py:188} INFO - [2024-05-18T05:36:19.885+0000] {dagbag.py:545} INFO - Filling up the DagBag from /home/ubuntu/airflow/airflow_env/lib/python3.12/site-packages/airflow/example_dags/example_sla_dag.py
[2024-05-18T05:36:19.911+0000] {processor.py:840} INFO - DAG(s) 'example_sla_dag' retrieved from /home/ubuntu/airflow/airflow_env/lib/python3.12/site-packages/airflow/example_dags/example_sla_dag.py
[2024-05-18T05:36:19.968+0000] {logging_mixin.py:188} INFO - [2024-05-18T05:36:19.968+0000] {dag.py:3096} INFO - Sync 1 DAGs
[2024-05-18T05:36:20.037+0000] {logging_mixin.py:188} INFO - [2024-05-18T05:36:20.036+0000] {dag.py:3954} INFO - Setting next_dagrun for example_sla_dag to 2024-05-18 05:34:00+00:00, run_after=2024-05-18 05:36:00+00:00
[2024-05-18T05:36:20.074+0000] {processor.py:183} INFO - Processing /home/ubuntu/airflow/airflow_env/lib/python3.12/site-packages/airflow/example_dags/example_sla_dag.py took 0.208 seconds
[2024-05-18T05:36:50.999+0000] {processor.py:161} INFO - Started process (PID=15542) to work on /home/ubuntu/airflow/airflow_env/lib/python3.12/site-packages/airflow/example_dags/example_sla_dag.py
[2024-05-18T05:36:51.001+0000] {processor.py:830} INFO - Processing file /home/ubuntu/airflow/airflow_env/lib/python3.12/site-packages/airflow/example_dags/example_sla_dag.py for tasks to queue
[2024-05-18T05:36:51.002+0000] {logging_mixin.py:188} INFO - [2024-05-18T05:36:51.002+0000] {dagbag.py:545} INFO - Filling up the DagBag from /home/ubuntu/airflow/airflow_env/lib/python3.12/site-packages/airflow/example_dags/example_sla_dag.py
[2024-05-18T05:36:51.010+0000] {processor.py:840} INFO - DAG(s) 'example_sla_dag' retrieved from /home/ubuntu/airflow/airflow_env/lib/python3.12/site-packages/airflow/example_dags/example_sla_dag.py
[2024-05-18T05:36:51.048+0000] {logging_mixin.py:188} INFO - [2024-05-18T05:36:51.048+0000] {dag.py:3096} INFO - Sync 1 DAGs
[2024-05-18T05:36:51.077+0000] {logging_mixin.py:188} INFO - [2024-05-18T05:36:51.077+0000] {dag.py:3954} INFO - Setting next_dagrun for example_sla_dag to 2024-05-18 05:34:00+00:00, run_after=2024-05-18 05:36:00+00:00
[2024-05-18T05:36:51.097+0000] {processor.py:183} INFO - Processing /home/ubuntu/airflow/airflow_env/lib/python3.12/site-packages/airflow/example_dags/example_sla_dag.py took 0.112 seconds
[2024-05-18T05:37:21.910+0000] {processor.py:161} INFO - Started process (PID=15593) to work on /home/ubuntu/airflow/airflow_env/lib/python3.12/site-packages/airflow/example_dags/example_sla_dag.py
[2024-05-18T05:37:21.912+0000] {processor.py:830} INFO - Processing file /home/ubuntu/airflow/airflow_env/lib/python3.12/site-packages/airflow/example_dags/example_sla_dag.py for tasks to queue
[2024-05-18T05:37:21.914+0000] {logging_mixin.py:188} INFO - [2024-05-18T05:37:21.914+0000] {dagbag.py:545} INFO - Filling up the DagBag from /home/ubuntu/airflow/airflow_env/lib/python3.12/site-packages/airflow/example_dags/example_sla_dag.py
[2024-05-18T05:37:21.928+0000] {processor.py:840} INFO - DAG(s) 'example_sla_dag' retrieved from /home/ubuntu/airflow/airflow_env/lib/python3.12/site-packages/airflow/example_dags/example_sla_dag.py
[2024-05-18T05:37:22.000+0000] {logging_mixin.py:188} INFO - [2024-05-18T05:37:22.000+0000] {dag.py:3096} INFO - Sync 1 DAGs
[2024-05-18T05:37:22.042+0000] {logging_mixin.py:188} INFO - [2024-05-18T05:37:22.042+0000] {dag.py:3954} INFO - Setting next_dagrun for example_sla_dag to 2024-05-18 05:34:00+00:00, run_after=2024-05-18 05:36:00+00:00
[2024-05-18T05:37:22.072+0000] {processor.py:183} INFO - Processing /home/ubuntu/airflow/airflow_env/lib/python3.12/site-packages/airflow/example_dags/example_sla_dag.py took 0.175 seconds
[2024-05-18T05:37:52.267+0000] {processor.py:161} INFO - Started process (PID=15645) to work on /home/ubuntu/airflow/airflow_env/lib/python3.12/site-packages/airflow/example_dags/example_sla_dag.py
[2024-05-18T05:37:52.268+0000] {processor.py:830} INFO - Processing file /home/ubuntu/airflow/airflow_env/lib/python3.12/site-packages/airflow/example_dags/example_sla_dag.py for tasks to queue
[2024-05-18T05:37:52.270+0000] {logging_mixin.py:188} INFO - [2024-05-18T05:37:52.270+0000] {dagbag.py:545} INFO - Filling up the DagBag from /home/ubuntu/airflow/airflow_env/lib/python3.12/site-packages/airflow/example_dags/example_sla_dag.py
[2024-05-18T05:37:52.281+0000] {processor.py:840} INFO - DAG(s) 'example_sla_dag' retrieved from /home/ubuntu/airflow/airflow_env/lib/python3.12/site-packages/airflow/example_dags/example_sla_dag.py
[2024-05-18T05:37:52.327+0000] {logging_mixin.py:188} INFO - [2024-05-18T05:37:52.326+0000] {dag.py:3096} INFO - Sync 1 DAGs
[2024-05-18T05:37:52.376+0000] {logging_mixin.py:188} INFO - [2024-05-18T05:37:52.376+0000] {dag.py:3954} INFO - Setting next_dagrun for example_sla_dag to 2024-05-18 05:34:00+00:00, run_after=2024-05-18 05:36:00+00:00
[2024-05-18T05:37:52.411+0000] {processor.py:183} INFO - Processing /home/ubuntu/airflow/airflow_env/lib/python3.12/site-packages/airflow/example_dags/example_sla_dag.py took 0.151 seconds
[2024-05-18T05:38:22.492+0000] {processor.py:161} INFO - Started process (PID=15696) to work on /home/ubuntu/airflow/airflow_env/lib/python3.12/site-packages/airflow/example_dags/example_sla_dag.py
[2024-05-18T05:38:22.494+0000] {processor.py:830} INFO - Processing file /home/ubuntu/airflow/airflow_env/lib/python3.12/site-packages/airflow/example_dags/example_sla_dag.py for tasks to queue
[2024-05-18T05:38:22.496+0000] {logging_mixin.py:188} INFO - [2024-05-18T05:38:22.495+0000] {dagbag.py:545} INFO - Filling up the DagBag from /home/ubuntu/airflow/airflow_env/lib/python3.12/site-packages/airflow/example_dags/example_sla_dag.py
[2024-05-18T05:38:22.508+0000] {processor.py:840} INFO - DAG(s) 'example_sla_dag' retrieved from /home/ubuntu/airflow/airflow_env/lib/python3.12/site-packages/airflow/example_dags/example_sla_dag.py
[2024-05-18T05:38:22.551+0000] {logging_mixin.py:188} INFO - [2024-05-18T05:38:22.550+0000] {dag.py:3096} INFO - Sync 1 DAGs
[2024-05-18T05:38:22.579+0000] {logging_mixin.py:188} INFO - [2024-05-18T05:38:22.579+0000] {dag.py:3954} INFO - Setting next_dagrun for example_sla_dag to 2024-05-18 05:36:00+00:00, run_after=2024-05-18 05:38:00+00:00
[2024-05-18T05:38:22.601+0000] {processor.py:183} INFO - Processing /home/ubuntu/airflow/airflow_env/lib/python3.12/site-packages/airflow/example_dags/example_sla_dag.py took 0.116 seconds
[2024-05-18T05:38:52.733+0000] {processor.py:161} INFO - Started process (PID=15747) to work on /home/ubuntu/airflow/airflow_env/lib/python3.12/site-packages/airflow/example_dags/example_sla_dag.py
[2024-05-18T05:38:52.734+0000] {processor.py:830} INFO - Processing file /home/ubuntu/airflow/airflow_env/lib/python3.12/site-packages/airflow/example_dags/example_sla_dag.py for tasks to queue
[2024-05-18T05:38:52.737+0000] {logging_mixin.py:188} INFO - [2024-05-18T05:38:52.737+0000] {dagbag.py:545} INFO - Filling up the DagBag from /home/ubuntu/airflow/airflow_env/lib/python3.12/site-packages/airflow/example_dags/example_sla_dag.py
[2024-05-18T05:38:52.767+0000] {processor.py:840} INFO - DAG(s) 'example_sla_dag' retrieved from /home/ubuntu/airflow/airflow_env/lib/python3.12/site-packages/airflow/example_dags/example_sla_dag.py
[2024-05-18T05:38:52.827+0000] {logging_mixin.py:188} INFO - [2024-05-18T05:38:52.827+0000] {dag.py:3096} INFO - Sync 1 DAGs
[2024-05-18T05:38:52.869+0000] {logging_mixin.py:188} INFO - [2024-05-18T05:38:52.869+0000] {dag.py:3954} INFO - Setting next_dagrun for example_sla_dag to 2024-05-18 05:36:00+00:00, run_after=2024-05-18 05:38:00+00:00
[2024-05-18T05:38:52.905+0000] {processor.py:183} INFO - Processing /home/ubuntu/airflow/airflow_env/lib/python3.12/site-packages/airflow/example_dags/example_sla_dag.py took 0.183 seconds
[2024-05-18T05:39:23.674+0000] {processor.py:161} INFO - Started process (PID=15799) to work on /home/ubuntu/airflow/airflow_env/lib/python3.12/site-packages/airflow/example_dags/example_sla_dag.py
[2024-05-18T05:39:23.676+0000] {processor.py:830} INFO - Processing file /home/ubuntu/airflow/airflow_env/lib/python3.12/site-packages/airflow/example_dags/example_sla_dag.py for tasks to queue
[2024-05-18T05:39:23.678+0000] {logging_mixin.py:188} INFO - [2024-05-18T05:39:23.677+0000] {dagbag.py:545} INFO - Filling up the DagBag from /home/ubuntu/airflow/airflow_env/lib/python3.12/site-packages/airflow/example_dags/example_sla_dag.py
[2024-05-18T05:39:23.688+0000] {processor.py:840} INFO - DAG(s) 'example_sla_dag' retrieved from /home/ubuntu/airflow/airflow_env/lib/python3.12/site-packages/airflow/example_dags/example_sla_dag.py
[2024-05-18T05:39:23.735+0000] {logging_mixin.py:188} INFO - [2024-05-18T05:39:23.735+0000] {dag.py:3096} INFO - Sync 1 DAGs
[2024-05-18T05:39:23.767+0000] {logging_mixin.py:188} INFO - [2024-05-18T05:39:23.766+0000] {dag.py:3954} INFO - Setting next_dagrun for example_sla_dag to 2024-05-18 05:36:00+00:00, run_after=2024-05-18 05:38:00+00:00
[2024-05-18T05:39:23.789+0000] {processor.py:183} INFO - Processing /home/ubuntu/airflow/airflow_env/lib/python3.12/site-packages/airflow/example_dags/example_sla_dag.py took 0.123 seconds
[2024-05-18T05:39:54.004+0000] {processor.py:161} INFO - Started process (PID=15850) to work on /home/ubuntu/airflow/airflow_env/lib/python3.12/site-packages/airflow/example_dags/example_sla_dag.py
[2024-05-18T05:39:54.005+0000] {processor.py:830} INFO - Processing file /home/ubuntu/airflow/airflow_env/lib/python3.12/site-packages/airflow/example_dags/example_sla_dag.py for tasks to queue
[2024-05-18T05:39:54.007+0000] {logging_mixin.py:188} INFO - [2024-05-18T05:39:54.007+0000] {dagbag.py:545} INFO - Filling up the DagBag from /home/ubuntu/airflow/airflow_env/lib/python3.12/site-packages/airflow/example_dags/example_sla_dag.py
[2024-05-18T05:39:54.016+0000] {processor.py:840} INFO - DAG(s) 'example_sla_dag' retrieved from /home/ubuntu/airflow/airflow_env/lib/python3.12/site-packages/airflow/example_dags/example_sla_dag.py
[2024-05-18T05:39:54.055+0000] {logging_mixin.py:188} INFO - [2024-05-18T05:39:54.054+0000] {dag.py:3096} INFO - Sync 1 DAGs
[2024-05-18T05:39:54.078+0000] {logging_mixin.py:188} INFO - [2024-05-18T05:39:54.078+0000] {dag.py:3954} INFO - Setting next_dagrun for example_sla_dag to 2024-05-18 05:36:00+00:00, run_after=2024-05-18 05:38:00+00:00
[2024-05-18T05:39:54.098+0000] {processor.py:183} INFO - Processing /home/ubuntu/airflow/airflow_env/lib/python3.12/site-packages/airflow/example_dags/example_sla_dag.py took 0.099 seconds
[2024-05-18T05:40:24.289+0000] {processor.py:161} INFO - Started process (PID=16183) to work on /home/ubuntu/airflow/airflow_env/lib/python3.12/site-packages/airflow/example_dags/example_sla_dag.py
[2024-05-18T05:40:24.290+0000] {processor.py:830} INFO - Processing file /home/ubuntu/airflow/airflow_env/lib/python3.12/site-packages/airflow/example_dags/example_sla_dag.py for tasks to queue
[2024-05-18T05:40:24.292+0000] {logging_mixin.py:188} INFO - [2024-05-18T05:40:24.292+0000] {dagbag.py:545} INFO - Filling up the DagBag from /home/ubuntu/airflow/airflow_env/lib/python3.12/site-packages/airflow/example_dags/example_sla_dag.py
[2024-05-18T05:40:24.304+0000] {processor.py:840} INFO - DAG(s) 'example_sla_dag' retrieved from /home/ubuntu/airflow/airflow_env/lib/python3.12/site-packages/airflow/example_dags/example_sla_dag.py
[2024-05-18T05:40:24.367+0000] {logging_mixin.py:188} INFO - [2024-05-18T05:40:24.367+0000] {dag.py:3096} INFO - Sync 1 DAGs
[2024-05-18T05:40:24.403+0000] {logging_mixin.py:188} INFO - [2024-05-18T05:40:24.402+0000] {dag.py:3954} INFO - Setting next_dagrun for example_sla_dag to 2024-05-18 05:38:00+00:00, run_after=2024-05-18 05:40:00+00:00
[2024-05-18T05:40:24.428+0000] {processor.py:183} INFO - Processing /home/ubuntu/airflow/airflow_env/lib/python3.12/site-packages/airflow/example_dags/example_sla_dag.py took 0.147 seconds
[2024-05-18T05:40:54.768+0000] {processor.py:161} INFO - Started process (PID=16238) to work on /home/ubuntu/airflow/airflow_env/lib/python3.12/site-packages/airflow/example_dags/example_sla_dag.py
[2024-05-18T05:40:54.769+0000] {processor.py:830} INFO - Processing file /home/ubuntu/airflow/airflow_env/lib/python3.12/site-packages/airflow/example_dags/example_sla_dag.py for tasks to queue
[2024-05-18T05:40:54.772+0000] {logging_mixin.py:188} INFO - [2024-05-18T05:40:54.772+0000] {dagbag.py:545} INFO - Filling up the DagBag from /home/ubuntu/airflow/airflow_env/lib/python3.12/site-packages/airflow/example_dags/example_sla_dag.py
[2024-05-18T05:40:54.780+0000] {processor.py:840} INFO - DAG(s) 'example_sla_dag' retrieved from /home/ubuntu/airflow/airflow_env/lib/python3.12/site-packages/airflow/example_dags/example_sla_dag.py
[2024-05-18T05:40:54.827+0000] {logging_mixin.py:188} INFO - [2024-05-18T05:40:54.826+0000] {dag.py:3096} INFO - Sync 1 DAGs
[2024-05-18T05:40:54.864+0000] {logging_mixin.py:188} INFO - [2024-05-18T05:40:54.864+0000] {dag.py:3954} INFO - Setting next_dagrun for example_sla_dag to 2024-05-18 05:38:00+00:00, run_after=2024-05-18 05:40:00+00:00
[2024-05-18T05:40:54.894+0000] {processor.py:183} INFO - Processing /home/ubuntu/airflow/airflow_env/lib/python3.12/site-packages/airflow/example_dags/example_sla_dag.py took 0.134 seconds
[2024-05-18T05:41:25.287+0000] {processor.py:161} INFO - Started process (PID=16289) to work on /home/ubuntu/airflow/airflow_env/lib/python3.12/site-packages/airflow/example_dags/example_sla_dag.py
[2024-05-18T05:41:25.288+0000] {processor.py:830} INFO - Processing file /home/ubuntu/airflow/airflow_env/lib/python3.12/site-packages/airflow/example_dags/example_sla_dag.py for tasks to queue
[2024-05-18T05:41:25.291+0000] {logging_mixin.py:188} INFO - [2024-05-18T05:41:25.291+0000] {dagbag.py:545} INFO - Filling up the DagBag from /home/ubuntu/airflow/airflow_env/lib/python3.12/site-packages/airflow/example_dags/example_sla_dag.py
[2024-05-18T05:41:25.302+0000] {processor.py:840} INFO - DAG(s) 'example_sla_dag' retrieved from /home/ubuntu/airflow/airflow_env/lib/python3.12/site-packages/airflow/example_dags/example_sla_dag.py
[2024-05-18T05:41:25.359+0000] {logging_mixin.py:188} INFO - [2024-05-18T05:41:25.358+0000] {dag.py:3096} INFO - Sync 1 DAGs
[2024-05-18T05:41:25.396+0000] {logging_mixin.py:188} INFO - [2024-05-18T05:41:25.396+0000] {dag.py:3954} INFO - Setting next_dagrun for example_sla_dag to 2024-05-18 05:38:00+00:00, run_after=2024-05-18 05:40:00+00:00
[2024-05-18T05:41:25.423+0000] {processor.py:183} INFO - Processing /home/ubuntu/airflow/airflow_env/lib/python3.12/site-packages/airflow/example_dags/example_sla_dag.py took 0.146 seconds
[2024-05-18T05:41:55.991+0000] {processor.py:161} INFO - Started process (PID=16342) to work on /home/ubuntu/airflow/airflow_env/lib/python3.12/site-packages/airflow/example_dags/example_sla_dag.py
[2024-05-18T05:41:55.993+0000] {processor.py:830} INFO - Processing file /home/ubuntu/airflow/airflow_env/lib/python3.12/site-packages/airflow/example_dags/example_sla_dag.py for tasks to queue
[2024-05-18T05:41:55.996+0000] {logging_mixin.py:188} INFO - [2024-05-18T05:41:55.995+0000] {dagbag.py:545} INFO - Filling up the DagBag from /home/ubuntu/airflow/airflow_env/lib/python3.12/site-packages/airflow/example_dags/example_sla_dag.py
[2024-05-18T05:41:56.005+0000] {processor.py:840} INFO - DAG(s) 'example_sla_dag' retrieved from /home/ubuntu/airflow/airflow_env/lib/python3.12/site-packages/airflow/example_dags/example_sla_dag.py
[2024-05-18T05:41:56.075+0000] {logging_mixin.py:188} INFO - [2024-05-18T05:41:56.075+0000] {dag.py:3096} INFO - Sync 1 DAGs
[2024-05-18T05:41:56.104+0000] {logging_mixin.py:188} INFO - [2024-05-18T05:41:56.104+0000] {dag.py:3954} INFO - Setting next_dagrun for example_sla_dag to 2024-05-18 05:38:00+00:00, run_after=2024-05-18 05:40:00+00:00
[2024-05-18T05:41:56.128+0000] {processor.py:183} INFO - Processing /home/ubuntu/airflow/airflow_env/lib/python3.12/site-packages/airflow/example_dags/example_sla_dag.py took 0.144 seconds
[2024-05-18T05:42:27.025+0000] {processor.py:161} INFO - Started process (PID=16393) to work on /home/ubuntu/airflow/airflow_env/lib/python3.12/site-packages/airflow/example_dags/example_sla_dag.py
[2024-05-18T05:42:27.028+0000] {processor.py:830} INFO - Processing file /home/ubuntu/airflow/airflow_env/lib/python3.12/site-packages/airflow/example_dags/example_sla_dag.py for tasks to queue
[2024-05-18T05:42:27.034+0000] {logging_mixin.py:188} INFO - [2024-05-18T05:42:27.033+0000] {dagbag.py:545} INFO - Filling up the DagBag from /home/ubuntu/airflow/airflow_env/lib/python3.12/site-packages/airflow/example_dags/example_sla_dag.py
[2024-05-18T05:42:27.046+0000] {processor.py:840} INFO - DAG(s) 'example_sla_dag' retrieved from /home/ubuntu/airflow/airflow_env/lib/python3.12/site-packages/airflow/example_dags/example_sla_dag.py
[2024-05-18T05:42:27.105+0000] {logging_mixin.py:188} INFO - [2024-05-18T05:42:27.105+0000] {dag.py:3096} INFO - Sync 1 DAGs
[2024-05-18T05:42:27.141+0000] {logging_mixin.py:188} INFO - [2024-05-18T05:42:27.141+0000] {dag.py:3954} INFO - Setting next_dagrun for example_sla_dag to 2024-05-18 05:40:00+00:00, run_after=2024-05-18 05:42:00+00:00
[2024-05-18T05:42:27.172+0000] {processor.py:183} INFO - Processing /home/ubuntu/airflow/airflow_env/lib/python3.12/site-packages/airflow/example_dags/example_sla_dag.py took 0.159 seconds
[2024-05-18T05:42:57.453+0000] {processor.py:161} INFO - Started process (PID=16444) to work on /home/ubuntu/airflow/airflow_env/lib/python3.12/site-packages/airflow/example_dags/example_sla_dag.py
[2024-05-18T05:42:57.454+0000] {processor.py:830} INFO - Processing file /home/ubuntu/airflow/airflow_env/lib/python3.12/site-packages/airflow/example_dags/example_sla_dag.py for tasks to queue
[2024-05-18T05:42:57.456+0000] {logging_mixin.py:188} INFO - [2024-05-18T05:42:57.455+0000] {dagbag.py:545} INFO - Filling up the DagBag from /home/ubuntu/airflow/airflow_env/lib/python3.12/site-packages/airflow/example_dags/example_sla_dag.py
[2024-05-18T05:42:57.475+0000] {processor.py:840} INFO - DAG(s) 'example_sla_dag' retrieved from /home/ubuntu/airflow/airflow_env/lib/python3.12/site-packages/airflow/example_dags/example_sla_dag.py
[2024-05-18T05:42:57.555+0000] {logging_mixin.py:188} INFO - [2024-05-18T05:42:57.555+0000] {dag.py:3096} INFO - Sync 1 DAGs
[2024-05-18T05:42:57.599+0000] {logging_mixin.py:188} INFO - [2024-05-18T05:42:57.599+0000] {dag.py:3954} INFO - Setting next_dagrun for example_sla_dag to 2024-05-18 05:40:00+00:00, run_after=2024-05-18 05:42:00+00:00
[2024-05-18T05:42:57.625+0000] {processor.py:183} INFO - Processing /home/ubuntu/airflow/airflow_env/lib/python3.12/site-packages/airflow/example_dags/example_sla_dag.py took 0.184 seconds
[2024-05-18T05:43:28.702+0000] {processor.py:161} INFO - Started process (PID=16529) to work on /home/ubuntu/airflow/airflow_env/lib/python3.12/site-packages/airflow/example_dags/example_sla_dag.py
[2024-05-18T05:43:28.703+0000] {processor.py:830} INFO - Processing file /home/ubuntu/airflow/airflow_env/lib/python3.12/site-packages/airflow/example_dags/example_sla_dag.py for tasks to queue
[2024-05-18T05:43:28.705+0000] {logging_mixin.py:188} INFO - [2024-05-18T05:43:28.705+0000] {dagbag.py:545} INFO - Filling up the DagBag from /home/ubuntu/airflow/airflow_env/lib/python3.12/site-packages/airflow/example_dags/example_sla_dag.py
[2024-05-18T05:43:28.716+0000] {processor.py:840} INFO - DAG(s) 'example_sla_dag' retrieved from /home/ubuntu/airflow/airflow_env/lib/python3.12/site-packages/airflow/example_dags/example_sla_dag.py
[2024-05-18T05:43:28.770+0000] {logging_mixin.py:188} INFO - [2024-05-18T05:43:28.769+0000] {dag.py:3096} INFO - Sync 1 DAGs
[2024-05-18T05:43:28.796+0000] {logging_mixin.py:188} INFO - [2024-05-18T05:43:28.795+0000] {dag.py:3954} INFO - Setting next_dagrun for example_sla_dag to 2024-05-18 05:40:00+00:00, run_after=2024-05-18 05:42:00+00:00
[2024-05-18T05:43:28.817+0000] {processor.py:183} INFO - Processing /home/ubuntu/airflow/airflow_env/lib/python3.12/site-packages/airflow/example_dags/example_sla_dag.py took 0.121 seconds
[2024-05-18T05:43:59.155+0000] {processor.py:161} INFO - Started process (PID=16580) to work on /home/ubuntu/airflow/airflow_env/lib/python3.12/site-packages/airflow/example_dags/example_sla_dag.py
[2024-05-18T05:43:59.156+0000] {processor.py:830} INFO - Processing file /home/ubuntu/airflow/airflow_env/lib/python3.12/site-packages/airflow/example_dags/example_sla_dag.py for tasks to queue
[2024-05-18T05:43:59.159+0000] {logging_mixin.py:188} INFO - [2024-05-18T05:43:59.158+0000] {dagbag.py:545} INFO - Filling up the DagBag from /home/ubuntu/airflow/airflow_env/lib/python3.12/site-packages/airflow/example_dags/example_sla_dag.py
[2024-05-18T05:43:59.169+0000] {processor.py:840} INFO - DAG(s) 'example_sla_dag' retrieved from /home/ubuntu/airflow/airflow_env/lib/python3.12/site-packages/airflow/example_dags/example_sla_dag.py
[2024-05-18T05:43:59.225+0000] {logging_mixin.py:188} INFO - [2024-05-18T05:43:59.224+0000] {dag.py:3096} INFO - Sync 1 DAGs
[2024-05-18T05:43:59.259+0000] {logging_mixin.py:188} INFO - [2024-05-18T05:43:59.259+0000] {dag.py:3954} INFO - Setting next_dagrun for example_sla_dag to 2024-05-18 05:40:00+00:00, run_after=2024-05-18 05:42:00+00:00
[2024-05-18T05:43:59.285+0000] {processor.py:183} INFO - Processing /home/ubuntu/airflow/airflow_env/lib/python3.12/site-packages/airflow/example_dags/example_sla_dag.py took 0.138 seconds
