[2024-05-18T04:44:32.978+0000] {processor.py:161} INFO - Started process (PID=12279) to work on /home/ubuntu/chch-fuel-recommendator/airflow/af_env/lib/python3.12/site-packages/airflow/example_dags/example_params_ui_tutorial.py
[2024-05-18T04:44:32.979+0000] {processor.py:830} INFO - Processing file /home/ubuntu/chch-fuel-recommendator/airflow/af_env/lib/python3.12/site-packages/airflow/example_dags/example_params_ui_tutorial.py for tasks to queue
[2024-05-18T04:44:32.981+0000] {logging_mixin.py:188} INFO - [2024-05-18T04:44:32.980+0000] {dagbag.py:545} INFO - Filling up the DagBag from /home/ubuntu/chch-fuel-recommendator/airflow/af_env/lib/python3.12/site-packages/airflow/example_dags/example_params_ui_tutorial.py
[2024-05-18T04:44:32.998+0000] {processor.py:840} INFO - DAG(s) 'example_params_ui_tutorial' retrieved from /home/ubuntu/chch-fuel-recommendator/airflow/af_env/lib/python3.12/site-packages/airflow/example_dags/example_params_ui_tutorial.py
[2024-05-18T04:44:33.182+0000] {logging_mixin.py:188} INFO - [2024-05-18T04:44:33.181+0000] {override.py:1829} INFO - Created Permission View: can edit on DAG:example_params_ui_tutorial
[2024-05-18T04:44:33.206+0000] {logging_mixin.py:188} INFO - [2024-05-18T04:44:33.202+0000] {override.py:1829} INFO - Created Permission View: can read on DAG:example_params_ui_tutorial
[2024-05-18T04:44:33.224+0000] {logging_mixin.py:188} INFO - [2024-05-18T04:44:33.223+0000] {override.py:1829} INFO - Created Permission View: can delete on DAG:example_params_ui_tutorial
[2024-05-18T04:44:33.224+0000] {logging_mixin.py:188} INFO - [2024-05-18T04:44:33.224+0000] {dag.py:3096} INFO - Sync 1 DAGs
[2024-05-18T04:44:33.239+0000] {logging_mixin.py:188} INFO - [2024-05-18T04:44:33.238+0000] {dag.py:3118} INFO - Creating ORM DAG for example_params_ui_tutorial
[2024-05-18T04:44:33.239+0000] {logging_mixin.py:188} INFO - [2024-05-18T04:44:33.239+0000] {dag.py:3954} INFO - Setting next_dagrun for example_params_ui_tutorial to None, run_after=None
[2024-05-18T04:44:33.264+0000] {processor.py:183} INFO - Processing /home/ubuntu/chch-fuel-recommendator/airflow/af_env/lib/python3.12/site-packages/airflow/example_dags/example_params_ui_tutorial.py took 0.294 seconds
[2024-05-18T04:45:28.121+0000] {processor.py:161} INFO - Started process (PID=12333) to work on /home/ubuntu/chch-fuel-recommendator/airflow/af_env/lib/python3.12/site-packages/airflow/example_dags/example_params_ui_tutorial.py
[2024-05-18T04:45:28.122+0000] {processor.py:830} INFO - Processing file /home/ubuntu/chch-fuel-recommendator/airflow/af_env/lib/python3.12/site-packages/airflow/example_dags/example_params_ui_tutorial.py for tasks to queue
[2024-05-18T04:45:28.123+0000] {logging_mixin.py:188} INFO - [2024-05-18T04:45:28.123+0000] {dagbag.py:545} INFO - Filling up the DagBag from /home/ubuntu/chch-fuel-recommendator/airflow/af_env/lib/python3.12/site-packages/airflow/example_dags/example_params_ui_tutorial.py
[2024-05-18T04:45:28.136+0000] {processor.py:840} INFO - DAG(s) 'example_params_ui_tutorial' retrieved from /home/ubuntu/chch-fuel-recommendator/airflow/af_env/lib/python3.12/site-packages/airflow/example_dags/example_params_ui_tutorial.py
[2024-05-18T04:45:28.179+0000] {logging_mixin.py:188} INFO - [2024-05-18T04:45:28.179+0000] {dag.py:3096} INFO - Sync 1 DAGs
[2024-05-18T04:45:28.190+0000] {logging_mixin.py:188} INFO - [2024-05-18T04:45:28.190+0000] {dag.py:3954} INFO - Setting next_dagrun for example_params_ui_tutorial to None, run_after=None
[2024-05-18T04:45:28.213+0000] {processor.py:183} INFO - Processing /home/ubuntu/chch-fuel-recommendator/airflow/af_env/lib/python3.12/site-packages/airflow/example_dags/example_params_ui_tutorial.py took 0.098 seconds
[2024-05-18T04:46:29.402+0000] {processor.py:161} INFO - Started process (PID=12393) to work on /home/ubuntu/chch-fuel-recommendator/airflow/af_env/lib/python3.12/site-packages/airflow/example_dags/example_params_ui_tutorial.py
[2024-05-18T04:46:29.403+0000] {processor.py:830} INFO - Processing file /home/ubuntu/chch-fuel-recommendator/airflow/af_env/lib/python3.12/site-packages/airflow/example_dags/example_params_ui_tutorial.py for tasks to queue
[2024-05-18T04:46:29.405+0000] {logging_mixin.py:188} INFO - [2024-05-18T04:46:29.405+0000] {dagbag.py:545} INFO - Filling up the DagBag from /home/ubuntu/chch-fuel-recommendator/airflow/af_env/lib/python3.12/site-packages/airflow/example_dags/example_params_ui_tutorial.py
[2024-05-18T04:46:29.419+0000] {processor.py:840} INFO - DAG(s) 'example_params_ui_tutorial' retrieved from /home/ubuntu/chch-fuel-recommendator/airflow/af_env/lib/python3.12/site-packages/airflow/example_dags/example_params_ui_tutorial.py
[2024-05-18T04:46:29.475+0000] {logging_mixin.py:188} INFO - [2024-05-18T04:46:29.475+0000] {dag.py:3096} INFO - Sync 1 DAGs
[2024-05-18T04:46:29.504+0000] {logging_mixin.py:188} INFO - [2024-05-18T04:46:29.504+0000] {dag.py:3954} INFO - Setting next_dagrun for example_params_ui_tutorial to None, run_after=None
[2024-05-18T04:46:29.533+0000] {processor.py:183} INFO - Processing /home/ubuntu/chch-fuel-recommendator/airflow/af_env/lib/python3.12/site-packages/airflow/example_dags/example_params_ui_tutorial.py took 0.138 seconds
[2024-05-18T04:47:19.423+0000] {processor.py:161} INFO - Started process (PID=12442) to work on /home/ubuntu/chch-fuel-recommendator/airflow/af_env/lib/python3.12/site-packages/airflow/example_dags/example_params_ui_tutorial.py
[2024-05-18T04:47:19.424+0000] {processor.py:830} INFO - Processing file /home/ubuntu/chch-fuel-recommendator/airflow/af_env/lib/python3.12/site-packages/airflow/example_dags/example_params_ui_tutorial.py for tasks to queue
[2024-05-18T04:47:19.425+0000] {logging_mixin.py:188} INFO - [2024-05-18T04:47:19.425+0000] {dagbag.py:545} INFO - Filling up the DagBag from /home/ubuntu/chch-fuel-recommendator/airflow/af_env/lib/python3.12/site-packages/airflow/example_dags/example_params_ui_tutorial.py
[2024-05-18T04:47:19.436+0000] {processor.py:840} INFO - DAG(s) 'example_params_ui_tutorial' retrieved from /home/ubuntu/chch-fuel-recommendator/airflow/af_env/lib/python3.12/site-packages/airflow/example_dags/example_params_ui_tutorial.py
[2024-05-18T04:47:19.474+0000] {logging_mixin.py:188} INFO - [2024-05-18T04:47:19.474+0000] {dag.py:3096} INFO - Sync 1 DAGs
[2024-05-18T04:47:19.485+0000] {logging_mixin.py:188} INFO - [2024-05-18T04:47:19.485+0000] {dag.py:3954} INFO - Setting next_dagrun for example_params_ui_tutorial to None, run_after=None
[2024-05-18T04:47:19.507+0000] {processor.py:183} INFO - Processing /home/ubuntu/chch-fuel-recommendator/airflow/af_env/lib/python3.12/site-packages/airflow/example_dags/example_params_ui_tutorial.py took 0.090 seconds
[2024-05-18T04:48:11.381+0000] {processor.py:161} INFO - Started process (PID=12493) to work on /home/ubuntu/chch-fuel-recommendator/airflow/af_env/lib/python3.12/site-packages/airflow/example_dags/example_params_ui_tutorial.py
[2024-05-18T04:48:11.382+0000] {processor.py:830} INFO - Processing file /home/ubuntu/chch-fuel-recommendator/airflow/af_env/lib/python3.12/site-packages/airflow/example_dags/example_params_ui_tutorial.py for tasks to queue
[2024-05-18T04:48:11.384+0000] {logging_mixin.py:188} INFO - [2024-05-18T04:48:11.383+0000] {dagbag.py:545} INFO - Filling up the DagBag from /home/ubuntu/chch-fuel-recommendator/airflow/af_env/lib/python3.12/site-packages/airflow/example_dags/example_params_ui_tutorial.py
[2024-05-18T04:48:11.396+0000] {processor.py:840} INFO - DAG(s) 'example_params_ui_tutorial' retrieved from /home/ubuntu/chch-fuel-recommendator/airflow/af_env/lib/python3.12/site-packages/airflow/example_dags/example_params_ui_tutorial.py
[2024-05-18T04:48:11.450+0000] {logging_mixin.py:188} INFO - [2024-05-18T04:48:11.449+0000] {dag.py:3096} INFO - Sync 1 DAGs
[2024-05-18T04:48:11.467+0000] {logging_mixin.py:188} INFO - [2024-05-18T04:48:11.466+0000] {dag.py:3954} INFO - Setting next_dagrun for example_params_ui_tutorial to None, run_after=None
[2024-05-18T04:48:11.490+0000] {processor.py:183} INFO - Processing /home/ubuntu/chch-fuel-recommendator/airflow/af_env/lib/python3.12/site-packages/airflow/example_dags/example_params_ui_tutorial.py took 0.115 seconds
[2024-05-18T04:49:15.243+0000] {processor.py:161} INFO - Started process (PID=12557) to work on /home/ubuntu/chch-fuel-recommendator/airflow/af_env/lib/python3.12/site-packages/airflow/example_dags/example_params_ui_tutorial.py
[2024-05-18T04:49:15.245+0000] {processor.py:830} INFO - Processing file /home/ubuntu/chch-fuel-recommendator/airflow/af_env/lib/python3.12/site-packages/airflow/example_dags/example_params_ui_tutorial.py for tasks to queue
[2024-05-18T04:49:15.247+0000] {logging_mixin.py:188} INFO - [2024-05-18T04:49:15.247+0000] {dagbag.py:545} INFO - Filling up the DagBag from /home/ubuntu/chch-fuel-recommendator/airflow/af_env/lib/python3.12/site-packages/airflow/example_dags/example_params_ui_tutorial.py
[2024-05-18T04:49:15.265+0000] {processor.py:840} INFO - DAG(s) 'example_params_ui_tutorial' retrieved from /home/ubuntu/chch-fuel-recommendator/airflow/af_env/lib/python3.12/site-packages/airflow/example_dags/example_params_ui_tutorial.py
[2024-05-18T04:49:15.342+0000] {logging_mixin.py:188} INFO - [2024-05-18T04:49:15.341+0000] {dag.py:3096} INFO - Sync 1 DAGs
[2024-05-18T04:49:15.360+0000] {logging_mixin.py:188} INFO - [2024-05-18T04:49:15.360+0000] {dag.py:3954} INFO - Setting next_dagrun for example_params_ui_tutorial to None, run_after=None
[2024-05-18T04:49:15.446+0000] {processor.py:183} INFO - Processing /home/ubuntu/chch-fuel-recommendator/airflow/af_env/lib/python3.12/site-packages/airflow/example_dags/example_params_ui_tutorial.py took 0.215 seconds
[2024-05-18T04:50:21.437+0000] {processor.py:161} INFO - Started process (PID=12626) to work on /home/ubuntu/chch-fuel-recommendator/airflow/af_env/lib/python3.12/site-packages/airflow/example_dags/example_params_ui_tutorial.py
[2024-05-18T04:50:21.439+0000] {processor.py:830} INFO - Processing file /home/ubuntu/chch-fuel-recommendator/airflow/af_env/lib/python3.12/site-packages/airflow/example_dags/example_params_ui_tutorial.py for tasks to queue
[2024-05-18T04:50:21.441+0000] {logging_mixin.py:188} INFO - [2024-05-18T04:50:21.440+0000] {dagbag.py:545} INFO - Filling up the DagBag from /home/ubuntu/chch-fuel-recommendator/airflow/af_env/lib/python3.12/site-packages/airflow/example_dags/example_params_ui_tutorial.py
[2024-05-18T04:50:21.459+0000] {processor.py:840} INFO - DAG(s) 'example_params_ui_tutorial' retrieved from /home/ubuntu/chch-fuel-recommendator/airflow/af_env/lib/python3.12/site-packages/airflow/example_dags/example_params_ui_tutorial.py
[2024-05-18T04:50:21.555+0000] {logging_mixin.py:188} INFO - [2024-05-18T04:50:21.555+0000] {dag.py:3096} INFO - Sync 1 DAGs
[2024-05-18T04:50:21.573+0000] {logging_mixin.py:188} INFO - [2024-05-18T04:50:21.573+0000] {dag.py:3954} INFO - Setting next_dagrun for example_params_ui_tutorial to None, run_after=None
[2024-05-18T04:50:21.605+0000] {processor.py:183} INFO - Processing /home/ubuntu/chch-fuel-recommendator/airflow/af_env/lib/python3.12/site-packages/airflow/example_dags/example_params_ui_tutorial.py took 0.178 seconds
[2024-05-18T04:51:28.777+0000] {processor.py:161} INFO - Started process (PID=12693) to work on /home/ubuntu/chch-fuel-recommendator/airflow/af_env/lib/python3.12/site-packages/airflow/example_dags/example_params_ui_tutorial.py
[2024-05-18T04:51:28.778+0000] {processor.py:830} INFO - Processing file /home/ubuntu/chch-fuel-recommendator/airflow/af_env/lib/python3.12/site-packages/airflow/example_dags/example_params_ui_tutorial.py for tasks to queue
[2024-05-18T04:51:28.780+0000] {logging_mixin.py:188} INFO - [2024-05-18T04:51:28.780+0000] {dagbag.py:545} INFO - Filling up the DagBag from /home/ubuntu/chch-fuel-recommendator/airflow/af_env/lib/python3.12/site-packages/airflow/example_dags/example_params_ui_tutorial.py
[2024-05-18T04:51:28.795+0000] {processor.py:840} INFO - DAG(s) 'example_params_ui_tutorial' retrieved from /home/ubuntu/chch-fuel-recommendator/airflow/af_env/lib/python3.12/site-packages/airflow/example_dags/example_params_ui_tutorial.py
[2024-05-18T04:51:28.840+0000] {logging_mixin.py:188} INFO - [2024-05-18T04:51:28.840+0000] {dag.py:3096} INFO - Sync 1 DAGs
[2024-05-18T04:51:28.855+0000] {logging_mixin.py:188} INFO - [2024-05-18T04:51:28.855+0000] {dag.py:3954} INFO - Setting next_dagrun for example_params_ui_tutorial to None, run_after=None
[2024-05-18T04:51:28.887+0000] {processor.py:183} INFO - Processing /home/ubuntu/chch-fuel-recommendator/airflow/af_env/lib/python3.12/site-packages/airflow/example_dags/example_params_ui_tutorial.py took 0.129 seconds
[2024-05-18T04:52:35.180+0000] {processor.py:161} INFO - Started process (PID=12758) to work on /home/ubuntu/chch-fuel-recommendator/airflow/af_env/lib/python3.12/site-packages/airflow/example_dags/example_params_ui_tutorial.py
[2024-05-18T04:52:35.182+0000] {processor.py:830} INFO - Processing file /home/ubuntu/chch-fuel-recommendator/airflow/af_env/lib/python3.12/site-packages/airflow/example_dags/example_params_ui_tutorial.py for tasks to queue
[2024-05-18T04:52:35.184+0000] {logging_mixin.py:188} INFO - [2024-05-18T04:52:35.183+0000] {dagbag.py:545} INFO - Filling up the DagBag from /home/ubuntu/chch-fuel-recommendator/airflow/af_env/lib/python3.12/site-packages/airflow/example_dags/example_params_ui_tutorial.py
[2024-05-18T04:52:35.216+0000] {processor.py:840} INFO - DAG(s) 'example_params_ui_tutorial' retrieved from /home/ubuntu/chch-fuel-recommendator/airflow/af_env/lib/python3.12/site-packages/airflow/example_dags/example_params_ui_tutorial.py
[2024-05-18T04:52:35.309+0000] {logging_mixin.py:188} INFO - [2024-05-18T04:52:35.309+0000] {dag.py:3096} INFO - Sync 1 DAGs
[2024-05-18T04:52:35.331+0000] {logging_mixin.py:188} INFO - [2024-05-18T04:52:35.330+0000] {dag.py:3954} INFO - Setting next_dagrun for example_params_ui_tutorial to None, run_after=None
[2024-05-18T04:52:35.375+0000] {processor.py:183} INFO - Processing /home/ubuntu/chch-fuel-recommendator/airflow/af_env/lib/python3.12/site-packages/airflow/example_dags/example_params_ui_tutorial.py took 0.201 seconds
[2024-05-18T04:53:42.430+0000] {processor.py:161} INFO - Started process (PID=12824) to work on /home/ubuntu/chch-fuel-recommendator/airflow/af_env/lib/python3.12/site-packages/airflow/example_dags/example_params_ui_tutorial.py
[2024-05-18T04:53:42.432+0000] {processor.py:830} INFO - Processing file /home/ubuntu/chch-fuel-recommendator/airflow/af_env/lib/python3.12/site-packages/airflow/example_dags/example_params_ui_tutorial.py for tasks to queue
[2024-05-18T04:53:42.434+0000] {logging_mixin.py:188} INFO - [2024-05-18T04:53:42.434+0000] {dagbag.py:545} INFO - Filling up the DagBag from /home/ubuntu/chch-fuel-recommendator/airflow/af_env/lib/python3.12/site-packages/airflow/example_dags/example_params_ui_tutorial.py
[2024-05-18T04:53:42.451+0000] {processor.py:840} INFO - DAG(s) 'example_params_ui_tutorial' retrieved from /home/ubuntu/chch-fuel-recommendator/airflow/af_env/lib/python3.12/site-packages/airflow/example_dags/example_params_ui_tutorial.py
[2024-05-18T04:53:42.510+0000] {logging_mixin.py:188} INFO - [2024-05-18T04:53:42.510+0000] {dag.py:3096} INFO - Sync 1 DAGs
[2024-05-18T04:53:42.534+0000] {logging_mixin.py:188} INFO - [2024-05-18T04:53:42.534+0000] {dag.py:3954} INFO - Setting next_dagrun for example_params_ui_tutorial to None, run_after=None
[2024-05-18T04:53:42.564+0000] {processor.py:183} INFO - Processing /home/ubuntu/chch-fuel-recommendator/airflow/af_env/lib/python3.12/site-packages/airflow/example_dags/example_params_ui_tutorial.py took 0.141 seconds
[2024-05-18T05:32:17.169+0000] {processor.py:161} INFO - Started process (PID=15087) to work on /home/ubuntu/airflow/airflow_env/lib/python3.12/site-packages/airflow/example_dags/example_params_ui_tutorial.py
[2024-05-18T05:32:17.172+0000] {processor.py:830} INFO - Processing file /home/ubuntu/airflow/airflow_env/lib/python3.12/site-packages/airflow/example_dags/example_params_ui_tutorial.py for tasks to queue
[2024-05-18T05:32:17.175+0000] {logging_mixin.py:188} INFO - [2024-05-18T05:32:17.174+0000] {dagbag.py:545} INFO - Filling up the DagBag from /home/ubuntu/airflow/airflow_env/lib/python3.12/site-packages/airflow/example_dags/example_params_ui_tutorial.py
[2024-05-18T05:32:17.194+0000] {processor.py:840} INFO - DAG(s) 'example_params_ui_tutorial' retrieved from /home/ubuntu/airflow/airflow_env/lib/python3.12/site-packages/airflow/example_dags/example_params_ui_tutorial.py
[2024-05-18T05:32:17.481+0000] {logging_mixin.py:188} INFO - [2024-05-18T05:32:17.481+0000] {dag.py:3096} INFO - Sync 1 DAGs
[2024-05-18T05:32:17.500+0000] {logging_mixin.py:188} INFO - [2024-05-18T05:32:17.500+0000] {dag.py:3954} INFO - Setting next_dagrun for example_params_ui_tutorial to None, run_after=None
[2024-05-18T05:32:17.537+0000] {processor.py:183} INFO - Processing /home/ubuntu/airflow/airflow_env/lib/python3.12/site-packages/airflow/example_dags/example_params_ui_tutorial.py took 0.378 seconds
[2024-05-18T05:32:47.878+0000] {processor.py:161} INFO - Started process (PID=15141) to work on /home/ubuntu/airflow/airflow_env/lib/python3.12/site-packages/airflow/example_dags/example_params_ui_tutorial.py
[2024-05-18T05:32:47.880+0000] {processor.py:830} INFO - Processing file /home/ubuntu/airflow/airflow_env/lib/python3.12/site-packages/airflow/example_dags/example_params_ui_tutorial.py for tasks to queue
[2024-05-18T05:32:47.883+0000] {logging_mixin.py:188} INFO - [2024-05-18T05:32:47.882+0000] {dagbag.py:545} INFO - Filling up the DagBag from /home/ubuntu/airflow/airflow_env/lib/python3.12/site-packages/airflow/example_dags/example_params_ui_tutorial.py
[2024-05-18T05:32:47.900+0000] {processor.py:840} INFO - DAG(s) 'example_params_ui_tutorial' retrieved from /home/ubuntu/airflow/airflow_env/lib/python3.12/site-packages/airflow/example_dags/example_params_ui_tutorial.py
[2024-05-18T05:32:48.007+0000] {logging_mixin.py:188} INFO - [2024-05-18T05:32:48.006+0000] {dag.py:3096} INFO - Sync 1 DAGs
[2024-05-18T05:32:48.066+0000] {logging_mixin.py:188} INFO - [2024-05-18T05:32:48.066+0000] {dag.py:3954} INFO - Setting next_dagrun for example_params_ui_tutorial to None, run_after=None
[2024-05-18T05:32:48.094+0000] {processor.py:183} INFO - Processing /home/ubuntu/airflow/airflow_env/lib/python3.12/site-packages/airflow/example_dags/example_params_ui_tutorial.py took 0.226 seconds
[2024-05-18T05:33:18.148+0000] {processor.py:161} INFO - Started process (PID=15195) to work on /home/ubuntu/airflow/airflow_env/lib/python3.12/site-packages/airflow/example_dags/example_params_ui_tutorial.py
[2024-05-18T05:33:18.150+0000] {processor.py:830} INFO - Processing file /home/ubuntu/airflow/airflow_env/lib/python3.12/site-packages/airflow/example_dags/example_params_ui_tutorial.py for tasks to queue
[2024-05-18T05:33:18.152+0000] {logging_mixin.py:188} INFO - [2024-05-18T05:33:18.151+0000] {dagbag.py:545} INFO - Filling up the DagBag from /home/ubuntu/airflow/airflow_env/lib/python3.12/site-packages/airflow/example_dags/example_params_ui_tutorial.py
[2024-05-18T05:33:18.166+0000] {processor.py:840} INFO - DAG(s) 'example_params_ui_tutorial' retrieved from /home/ubuntu/airflow/airflow_env/lib/python3.12/site-packages/airflow/example_dags/example_params_ui_tutorial.py
[2024-05-18T05:33:18.249+0000] {logging_mixin.py:188} INFO - [2024-05-18T05:33:18.248+0000] {dag.py:3096} INFO - Sync 1 DAGs
[2024-05-18T05:33:18.266+0000] {logging_mixin.py:188} INFO - [2024-05-18T05:33:18.266+0000] {dag.py:3954} INFO - Setting next_dagrun for example_params_ui_tutorial to None, run_after=None
[2024-05-18T05:33:18.293+0000] {processor.py:183} INFO - Processing /home/ubuntu/airflow/airflow_env/lib/python3.12/site-packages/airflow/example_dags/example_params_ui_tutorial.py took 0.151 seconds
[2024-05-18T05:33:48.425+0000] {processor.py:161} INFO - Started process (PID=15247) to work on /home/ubuntu/airflow/airflow_env/lib/python3.12/site-packages/airflow/example_dags/example_params_ui_tutorial.py
[2024-05-18T05:33:48.425+0000] {processor.py:830} INFO - Processing file /home/ubuntu/airflow/airflow_env/lib/python3.12/site-packages/airflow/example_dags/example_params_ui_tutorial.py for tasks to queue
[2024-05-18T05:33:48.427+0000] {logging_mixin.py:188} INFO - [2024-05-18T05:33:48.427+0000] {dagbag.py:545} INFO - Filling up the DagBag from /home/ubuntu/airflow/airflow_env/lib/python3.12/site-packages/airflow/example_dags/example_params_ui_tutorial.py
[2024-05-18T05:33:48.442+0000] {processor.py:840} INFO - DAG(s) 'example_params_ui_tutorial' retrieved from /home/ubuntu/airflow/airflow_env/lib/python3.12/site-packages/airflow/example_dags/example_params_ui_tutorial.py
[2024-05-18T05:33:48.567+0000] {logging_mixin.py:188} INFO - [2024-05-18T05:33:48.566+0000] {dag.py:3096} INFO - Sync 1 DAGs
[2024-05-18T05:33:48.588+0000] {logging_mixin.py:188} INFO - [2024-05-18T05:33:48.588+0000] {dag.py:3954} INFO - Setting next_dagrun for example_params_ui_tutorial to None, run_after=None
[2024-05-18T05:33:48.626+0000] {processor.py:183} INFO - Processing /home/ubuntu/airflow/airflow_env/lib/python3.12/site-packages/airflow/example_dags/example_params_ui_tutorial.py took 0.207 seconds
[2024-05-18T05:34:19.486+0000] {processor.py:161} INFO - Started process (PID=15298) to work on /home/ubuntu/airflow/airflow_env/lib/python3.12/site-packages/airflow/example_dags/example_params_ui_tutorial.py
[2024-05-18T05:34:19.487+0000] {processor.py:830} INFO - Processing file /home/ubuntu/airflow/airflow_env/lib/python3.12/site-packages/airflow/example_dags/example_params_ui_tutorial.py for tasks to queue
[2024-05-18T05:34:19.489+0000] {logging_mixin.py:188} INFO - [2024-05-18T05:34:19.489+0000] {dagbag.py:545} INFO - Filling up the DagBag from /home/ubuntu/airflow/airflow_env/lib/python3.12/site-packages/airflow/example_dags/example_params_ui_tutorial.py
[2024-05-18T05:34:19.508+0000] {processor.py:840} INFO - DAG(s) 'example_params_ui_tutorial' retrieved from /home/ubuntu/airflow/airflow_env/lib/python3.12/site-packages/airflow/example_dags/example_params_ui_tutorial.py
[2024-05-18T05:34:19.629+0000] {logging_mixin.py:188} INFO - [2024-05-18T05:34:19.628+0000] {dag.py:3096} INFO - Sync 1 DAGs
[2024-05-18T05:34:19.647+0000] {logging_mixin.py:188} INFO - [2024-05-18T05:34:19.647+0000] {dag.py:3954} INFO - Setting next_dagrun for example_params_ui_tutorial to None, run_after=None
[2024-05-18T05:34:19.677+0000] {processor.py:183} INFO - Processing /home/ubuntu/airflow/airflow_env/lib/python3.12/site-packages/airflow/example_dags/example_params_ui_tutorial.py took 0.201 seconds
[2024-05-18T05:34:50.571+0000] {processor.py:161} INFO - Started process (PID=15349) to work on /home/ubuntu/airflow/airflow_env/lib/python3.12/site-packages/airflow/example_dags/example_params_ui_tutorial.py
[2024-05-18T05:34:50.573+0000] {processor.py:830} INFO - Processing file /home/ubuntu/airflow/airflow_env/lib/python3.12/site-packages/airflow/example_dags/example_params_ui_tutorial.py for tasks to queue
[2024-05-18T05:34:50.576+0000] {logging_mixin.py:188} INFO - [2024-05-18T05:34:50.575+0000] {dagbag.py:545} INFO - Filling up the DagBag from /home/ubuntu/airflow/airflow_env/lib/python3.12/site-packages/airflow/example_dags/example_params_ui_tutorial.py
[2024-05-18T05:34:50.593+0000] {processor.py:840} INFO - DAG(s) 'example_params_ui_tutorial' retrieved from /home/ubuntu/airflow/airflow_env/lib/python3.12/site-packages/airflow/example_dags/example_params_ui_tutorial.py
[2024-05-18T05:34:50.709+0000] {logging_mixin.py:188} INFO - [2024-05-18T05:34:50.709+0000] {dag.py:3096} INFO - Sync 1 DAGs
[2024-05-18T05:34:50.730+0000] {logging_mixin.py:188} INFO - [2024-05-18T05:34:50.730+0000] {dag.py:3954} INFO - Setting next_dagrun for example_params_ui_tutorial to None, run_after=None
[2024-05-18T05:34:50.760+0000] {processor.py:183} INFO - Processing /home/ubuntu/airflow/airflow_env/lib/python3.12/site-packages/airflow/example_dags/example_params_ui_tutorial.py took 0.202 seconds
[2024-05-18T05:35:21.088+0000] {processor.py:161} INFO - Started process (PID=15403) to work on /home/ubuntu/airflow/airflow_env/lib/python3.12/site-packages/airflow/example_dags/example_params_ui_tutorial.py
[2024-05-18T05:35:21.089+0000] {processor.py:830} INFO - Processing file /home/ubuntu/airflow/airflow_env/lib/python3.12/site-packages/airflow/example_dags/example_params_ui_tutorial.py for tasks to queue
[2024-05-18T05:35:21.091+0000] {logging_mixin.py:188} INFO - [2024-05-18T05:35:21.091+0000] {dagbag.py:545} INFO - Filling up the DagBag from /home/ubuntu/airflow/airflow_env/lib/python3.12/site-packages/airflow/example_dags/example_params_ui_tutorial.py
[2024-05-18T05:35:21.109+0000] {processor.py:840} INFO - DAG(s) 'example_params_ui_tutorial' retrieved from /home/ubuntu/airflow/airflow_env/lib/python3.12/site-packages/airflow/example_dags/example_params_ui_tutorial.py
[2024-05-18T05:35:21.228+0000] {logging_mixin.py:188} INFO - [2024-05-18T05:35:21.228+0000] {dag.py:3096} INFO - Sync 1 DAGs
[2024-05-18T05:35:21.250+0000] {logging_mixin.py:188} INFO - [2024-05-18T05:35:21.250+0000] {dag.py:3954} INFO - Setting next_dagrun for example_params_ui_tutorial to None, run_after=None
[2024-05-18T05:35:21.279+0000] {processor.py:183} INFO - Processing /home/ubuntu/airflow/airflow_env/lib/python3.12/site-packages/airflow/example_dags/example_params_ui_tutorial.py took 0.201 seconds
[2024-05-18T05:35:51.490+0000] {processor.py:161} INFO - Started process (PID=15454) to work on /home/ubuntu/airflow/airflow_env/lib/python3.12/site-packages/airflow/example_dags/example_params_ui_tutorial.py
[2024-05-18T05:35:51.491+0000] {processor.py:830} INFO - Processing file /home/ubuntu/airflow/airflow_env/lib/python3.12/site-packages/airflow/example_dags/example_params_ui_tutorial.py for tasks to queue
[2024-05-18T05:35:51.493+0000] {logging_mixin.py:188} INFO - [2024-05-18T05:35:51.492+0000] {dagbag.py:545} INFO - Filling up the DagBag from /home/ubuntu/airflow/airflow_env/lib/python3.12/site-packages/airflow/example_dags/example_params_ui_tutorial.py
[2024-05-18T05:35:51.509+0000] {processor.py:840} INFO - DAG(s) 'example_params_ui_tutorial' retrieved from /home/ubuntu/airflow/airflow_env/lib/python3.12/site-packages/airflow/example_dags/example_params_ui_tutorial.py
[2024-05-18T05:35:51.617+0000] {logging_mixin.py:188} INFO - [2024-05-18T05:35:51.616+0000] {dag.py:3096} INFO - Sync 1 DAGs
[2024-05-18T05:35:51.635+0000] {logging_mixin.py:188} INFO - [2024-05-18T05:35:51.635+0000] {dag.py:3954} INFO - Setting next_dagrun for example_params_ui_tutorial to None, run_after=None
[2024-05-18T05:35:51.666+0000] {processor.py:183} INFO - Processing /home/ubuntu/airflow/airflow_env/lib/python3.12/site-packages/airflow/example_dags/example_params_ui_tutorial.py took 0.187 seconds
[2024-05-18T05:36:22.363+0000] {processor.py:161} INFO - Started process (PID=15505) to work on /home/ubuntu/airflow/airflow_env/lib/python3.12/site-packages/airflow/example_dags/example_params_ui_tutorial.py
[2024-05-18T05:36:22.365+0000] {processor.py:830} INFO - Processing file /home/ubuntu/airflow/airflow_env/lib/python3.12/site-packages/airflow/example_dags/example_params_ui_tutorial.py for tasks to queue
[2024-05-18T05:36:22.366+0000] {logging_mixin.py:188} INFO - [2024-05-18T05:36:22.366+0000] {dagbag.py:545} INFO - Filling up the DagBag from /home/ubuntu/airflow/airflow_env/lib/python3.12/site-packages/airflow/example_dags/example_params_ui_tutorial.py
[2024-05-18T05:36:22.380+0000] {processor.py:840} INFO - DAG(s) 'example_params_ui_tutorial' retrieved from /home/ubuntu/airflow/airflow_env/lib/python3.12/site-packages/airflow/example_dags/example_params_ui_tutorial.py
[2024-05-18T05:36:22.492+0000] {logging_mixin.py:188} INFO - [2024-05-18T05:36:22.492+0000] {dag.py:3096} INFO - Sync 1 DAGs
[2024-05-18T05:36:22.514+0000] {logging_mixin.py:188} INFO - [2024-05-18T05:36:22.513+0000] {dag.py:3954} INFO - Setting next_dagrun for example_params_ui_tutorial to None, run_after=None
[2024-05-18T05:36:22.547+0000] {processor.py:183} INFO - Processing /home/ubuntu/airflow/airflow_env/lib/python3.12/site-packages/airflow/example_dags/example_params_ui_tutorial.py took 0.190 seconds
[2024-05-18T05:36:53.243+0000] {processor.py:161} INFO - Started process (PID=15556) to work on /home/ubuntu/airflow/airflow_env/lib/python3.12/site-packages/airflow/example_dags/example_params_ui_tutorial.py
[2024-05-18T05:36:53.245+0000] {processor.py:830} INFO - Processing file /home/ubuntu/airflow/airflow_env/lib/python3.12/site-packages/airflow/example_dags/example_params_ui_tutorial.py for tasks to queue
[2024-05-18T05:36:53.247+0000] {logging_mixin.py:188} INFO - [2024-05-18T05:36:53.246+0000] {dagbag.py:545} INFO - Filling up the DagBag from /home/ubuntu/airflow/airflow_env/lib/python3.12/site-packages/airflow/example_dags/example_params_ui_tutorial.py
[2024-05-18T05:36:53.261+0000] {processor.py:840} INFO - DAG(s) 'example_params_ui_tutorial' retrieved from /home/ubuntu/airflow/airflow_env/lib/python3.12/site-packages/airflow/example_dags/example_params_ui_tutorial.py
[2024-05-18T05:36:53.348+0000] {logging_mixin.py:188} INFO - [2024-05-18T05:36:53.347+0000] {dag.py:3096} INFO - Sync 1 DAGs
[2024-05-18T05:36:53.365+0000] {logging_mixin.py:188} INFO - [2024-05-18T05:36:53.364+0000] {dag.py:3954} INFO - Setting next_dagrun for example_params_ui_tutorial to None, run_after=None
[2024-05-18T05:36:53.395+0000] {processor.py:183} INFO - Processing /home/ubuntu/airflow/airflow_env/lib/python3.12/site-packages/airflow/example_dags/example_params_ui_tutorial.py took 0.160 seconds
[2024-05-18T05:37:24.396+0000] {processor.py:161} INFO - Started process (PID=15607) to work on /home/ubuntu/airflow/airflow_env/lib/python3.12/site-packages/airflow/example_dags/example_params_ui_tutorial.py
[2024-05-18T05:37:24.398+0000] {processor.py:830} INFO - Processing file /home/ubuntu/airflow/airflow_env/lib/python3.12/site-packages/airflow/example_dags/example_params_ui_tutorial.py for tasks to queue
[2024-05-18T05:37:24.400+0000] {logging_mixin.py:188} INFO - [2024-05-18T05:37:24.400+0000] {dagbag.py:545} INFO - Filling up the DagBag from /home/ubuntu/airflow/airflow_env/lib/python3.12/site-packages/airflow/example_dags/example_params_ui_tutorial.py
[2024-05-18T05:37:24.416+0000] {processor.py:840} INFO - DAG(s) 'example_params_ui_tutorial' retrieved from /home/ubuntu/airflow/airflow_env/lib/python3.12/site-packages/airflow/example_dags/example_params_ui_tutorial.py
[2024-05-18T05:37:24.526+0000] {logging_mixin.py:188} INFO - [2024-05-18T05:37:24.526+0000] {dag.py:3096} INFO - Sync 1 DAGs
[2024-05-18T05:37:24.549+0000] {logging_mixin.py:188} INFO - [2024-05-18T05:37:24.548+0000] {dag.py:3954} INFO - Setting next_dagrun for example_params_ui_tutorial to None, run_after=None
[2024-05-18T05:37:24.582+0000] {processor.py:183} INFO - Processing /home/ubuntu/airflow/airflow_env/lib/python3.12/site-packages/airflow/example_dags/example_params_ui_tutorial.py took 0.194 seconds
[2024-05-18T05:37:54.732+0000] {processor.py:161} INFO - Started process (PID=15659) to work on /home/ubuntu/airflow/airflow_env/lib/python3.12/site-packages/airflow/example_dags/example_params_ui_tutorial.py
[2024-05-18T05:37:54.733+0000] {processor.py:830} INFO - Processing file /home/ubuntu/airflow/airflow_env/lib/python3.12/site-packages/airflow/example_dags/example_params_ui_tutorial.py for tasks to queue
[2024-05-18T05:37:54.735+0000] {logging_mixin.py:188} INFO - [2024-05-18T05:37:54.735+0000] {dagbag.py:545} INFO - Filling up the DagBag from /home/ubuntu/airflow/airflow_env/lib/python3.12/site-packages/airflow/example_dags/example_params_ui_tutorial.py
[2024-05-18T05:37:54.752+0000] {processor.py:840} INFO - DAG(s) 'example_params_ui_tutorial' retrieved from /home/ubuntu/airflow/airflow_env/lib/python3.12/site-packages/airflow/example_dags/example_params_ui_tutorial.py
[2024-05-18T05:37:54.847+0000] {logging_mixin.py:188} INFO - [2024-05-18T05:37:54.847+0000] {dag.py:3096} INFO - Sync 1 DAGs
[2024-05-18T05:37:54.865+0000] {logging_mixin.py:188} INFO - [2024-05-18T05:37:54.864+0000] {dag.py:3954} INFO - Setting next_dagrun for example_params_ui_tutorial to None, run_after=None
[2024-05-18T05:37:54.887+0000] {processor.py:183} INFO - Processing /home/ubuntu/airflow/airflow_env/lib/python3.12/site-packages/airflow/example_dags/example_params_ui_tutorial.py took 0.163 seconds
[2024-05-18T05:38:25.796+0000] {processor.py:161} INFO - Started process (PID=15710) to work on /home/ubuntu/airflow/airflow_env/lib/python3.12/site-packages/airflow/example_dags/example_params_ui_tutorial.py
[2024-05-18T05:38:25.798+0000] {processor.py:830} INFO - Processing file /home/ubuntu/airflow/airflow_env/lib/python3.12/site-packages/airflow/example_dags/example_params_ui_tutorial.py for tasks to queue
[2024-05-18T05:38:25.801+0000] {logging_mixin.py:188} INFO - [2024-05-18T05:38:25.800+0000] {dagbag.py:545} INFO - Filling up the DagBag from /home/ubuntu/airflow/airflow_env/lib/python3.12/site-packages/airflow/example_dags/example_params_ui_tutorial.py
[2024-05-18T05:38:25.823+0000] {processor.py:840} INFO - DAG(s) 'example_params_ui_tutorial' retrieved from /home/ubuntu/airflow/airflow_env/lib/python3.12/site-packages/airflow/example_dags/example_params_ui_tutorial.py
[2024-05-18T05:38:25.928+0000] {logging_mixin.py:188} INFO - [2024-05-18T05:38:25.928+0000] {dag.py:3096} INFO - Sync 1 DAGs
[2024-05-18T05:38:25.951+0000] {logging_mixin.py:188} INFO - [2024-05-18T05:38:25.951+0000] {dag.py:3954} INFO - Setting next_dagrun for example_params_ui_tutorial to None, run_after=None
[2024-05-18T05:38:25.995+0000] {processor.py:183} INFO - Processing /home/ubuntu/airflow/airflow_env/lib/python3.12/site-packages/airflow/example_dags/example_params_ui_tutorial.py took 0.210 seconds
[2024-05-18T05:38:56.256+0000] {processor.py:161} INFO - Started process (PID=15761) to work on /home/ubuntu/airflow/airflow_env/lib/python3.12/site-packages/airflow/example_dags/example_params_ui_tutorial.py
[2024-05-18T05:38:56.257+0000] {processor.py:830} INFO - Processing file /home/ubuntu/airflow/airflow_env/lib/python3.12/site-packages/airflow/example_dags/example_params_ui_tutorial.py for tasks to queue
[2024-05-18T05:38:56.260+0000] {logging_mixin.py:188} INFO - [2024-05-18T05:38:56.260+0000] {dagbag.py:545} INFO - Filling up the DagBag from /home/ubuntu/airflow/airflow_env/lib/python3.12/site-packages/airflow/example_dags/example_params_ui_tutorial.py
[2024-05-18T05:38:56.278+0000] {processor.py:840} INFO - DAG(s) 'example_params_ui_tutorial' retrieved from /home/ubuntu/airflow/airflow_env/lib/python3.12/site-packages/airflow/example_dags/example_params_ui_tutorial.py
[2024-05-18T05:38:56.395+0000] {logging_mixin.py:188} INFO - [2024-05-18T05:38:56.395+0000] {dag.py:3096} INFO - Sync 1 DAGs
[2024-05-18T05:38:56.419+0000] {logging_mixin.py:188} INFO - [2024-05-18T05:38:56.419+0000] {dag.py:3954} INFO - Setting next_dagrun for example_params_ui_tutorial to None, run_after=None
[2024-05-18T05:38:56.460+0000] {processor.py:183} INFO - Processing /home/ubuntu/airflow/airflow_env/lib/python3.12/site-packages/airflow/example_dags/example_params_ui_tutorial.py took 0.215 seconds
[2024-05-18T05:39:27.273+0000] {processor.py:161} INFO - Started process (PID=15813) to work on /home/ubuntu/airflow/airflow_env/lib/python3.12/site-packages/airflow/example_dags/example_params_ui_tutorial.py
[2024-05-18T05:39:27.275+0000] {processor.py:830} INFO - Processing file /home/ubuntu/airflow/airflow_env/lib/python3.12/site-packages/airflow/example_dags/example_params_ui_tutorial.py for tasks to queue
[2024-05-18T05:39:27.281+0000] {logging_mixin.py:188} INFO - [2024-05-18T05:39:27.280+0000] {dagbag.py:545} INFO - Filling up the DagBag from /home/ubuntu/airflow/airflow_env/lib/python3.12/site-packages/airflow/example_dags/example_params_ui_tutorial.py
[2024-05-18T05:39:27.300+0000] {processor.py:840} INFO - DAG(s) 'example_params_ui_tutorial' retrieved from /home/ubuntu/airflow/airflow_env/lib/python3.12/site-packages/airflow/example_dags/example_params_ui_tutorial.py
[2024-05-18T05:39:27.420+0000] {logging_mixin.py:188} INFO - [2024-05-18T05:39:27.419+0000] {dag.py:3096} INFO - Sync 1 DAGs
[2024-05-18T05:39:27.436+0000] {logging_mixin.py:188} INFO - [2024-05-18T05:39:27.436+0000] {dag.py:3954} INFO - Setting next_dagrun for example_params_ui_tutorial to None, run_after=None
[2024-05-18T05:39:27.473+0000] {processor.py:183} INFO - Processing /home/ubuntu/airflow/airflow_env/lib/python3.12/site-packages/airflow/example_dags/example_params_ui_tutorial.py took 0.219 seconds
[2024-05-18T05:39:58.125+0000] {processor.py:161} INFO - Started process (PID=15864) to work on /home/ubuntu/airflow/airflow_env/lib/python3.12/site-packages/airflow/example_dags/example_params_ui_tutorial.py
[2024-05-18T05:39:58.126+0000] {processor.py:830} INFO - Processing file /home/ubuntu/airflow/airflow_env/lib/python3.12/site-packages/airflow/example_dags/example_params_ui_tutorial.py for tasks to queue
[2024-05-18T05:39:58.128+0000] {logging_mixin.py:188} INFO - [2024-05-18T05:39:58.128+0000] {dagbag.py:545} INFO - Filling up the DagBag from /home/ubuntu/airflow/airflow_env/lib/python3.12/site-packages/airflow/example_dags/example_params_ui_tutorial.py
[2024-05-18T05:39:58.143+0000] {processor.py:840} INFO - DAG(s) 'example_params_ui_tutorial' retrieved from /home/ubuntu/airflow/airflow_env/lib/python3.12/site-packages/airflow/example_dags/example_params_ui_tutorial.py
[2024-05-18T05:39:58.240+0000] {logging_mixin.py:188} INFO - [2024-05-18T05:39:58.240+0000] {dag.py:3096} INFO - Sync 1 DAGs
[2024-05-18T05:39:58.258+0000] {logging_mixin.py:188} INFO - [2024-05-18T05:39:58.258+0000] {dag.py:3954} INFO - Setting next_dagrun for example_params_ui_tutorial to None, run_after=None
[2024-05-18T05:39:58.284+0000] {processor.py:183} INFO - Processing /home/ubuntu/airflow/airflow_env/lib/python3.12/site-packages/airflow/example_dags/example_params_ui_tutorial.py took 0.166 seconds
[2024-05-18T05:40:28.485+0000] {processor.py:161} INFO - Started process (PID=16199) to work on /home/ubuntu/airflow/airflow_env/lib/python3.12/site-packages/airflow/example_dags/example_params_ui_tutorial.py
[2024-05-18T05:40:28.487+0000] {processor.py:830} INFO - Processing file /home/ubuntu/airflow/airflow_env/lib/python3.12/site-packages/airflow/example_dags/example_params_ui_tutorial.py for tasks to queue
[2024-05-18T05:40:28.489+0000] {logging_mixin.py:188} INFO - [2024-05-18T05:40:28.488+0000] {dagbag.py:545} INFO - Filling up the DagBag from /home/ubuntu/airflow/airflow_env/lib/python3.12/site-packages/airflow/example_dags/example_params_ui_tutorial.py
[2024-05-18T05:40:28.504+0000] {processor.py:840} INFO - DAG(s) 'example_params_ui_tutorial' retrieved from /home/ubuntu/airflow/airflow_env/lib/python3.12/site-packages/airflow/example_dags/example_params_ui_tutorial.py
[2024-05-18T05:40:28.610+0000] {logging_mixin.py:188} INFO - [2024-05-18T05:40:28.610+0000] {dag.py:3096} INFO - Sync 1 DAGs
[2024-05-18T05:40:28.627+0000] {logging_mixin.py:188} INFO - [2024-05-18T05:40:28.627+0000] {dag.py:3954} INFO - Setting next_dagrun for example_params_ui_tutorial to None, run_after=None
[2024-05-18T05:40:28.659+0000] {processor.py:183} INFO - Processing /home/ubuntu/airflow/airflow_env/lib/python3.12/site-packages/airflow/example_dags/example_params_ui_tutorial.py took 0.181 seconds
[2024-05-18T05:40:59.316+0000] {processor.py:161} INFO - Started process (PID=16252) to work on /home/ubuntu/airflow/airflow_env/lib/python3.12/site-packages/airflow/example_dags/example_params_ui_tutorial.py
[2024-05-18T05:40:59.317+0000] {processor.py:830} INFO - Processing file /home/ubuntu/airflow/airflow_env/lib/python3.12/site-packages/airflow/example_dags/example_params_ui_tutorial.py for tasks to queue
[2024-05-18T05:40:59.321+0000] {logging_mixin.py:188} INFO - [2024-05-18T05:40:59.321+0000] {dagbag.py:545} INFO - Filling up the DagBag from /home/ubuntu/airflow/airflow_env/lib/python3.12/site-packages/airflow/example_dags/example_params_ui_tutorial.py
[2024-05-18T05:40:59.340+0000] {processor.py:840} INFO - DAG(s) 'example_params_ui_tutorial' retrieved from /home/ubuntu/airflow/airflow_env/lib/python3.12/site-packages/airflow/example_dags/example_params_ui_tutorial.py
[2024-05-18T05:40:59.461+0000] {logging_mixin.py:188} INFO - [2024-05-18T05:40:59.460+0000] {dag.py:3096} INFO - Sync 1 DAGs
[2024-05-18T05:40:59.479+0000] {logging_mixin.py:188} INFO - [2024-05-18T05:40:59.479+0000] {dag.py:3954} INFO - Setting next_dagrun for example_params_ui_tutorial to None, run_after=None
[2024-05-18T05:40:59.503+0000] {processor.py:183} INFO - Processing /home/ubuntu/airflow/airflow_env/lib/python3.12/site-packages/airflow/example_dags/example_params_ui_tutorial.py took 0.205 seconds
[2024-05-18T05:41:30.219+0000] {processor.py:161} INFO - Started process (PID=16304) to work on /home/ubuntu/airflow/airflow_env/lib/python3.12/site-packages/airflow/example_dags/example_params_ui_tutorial.py
[2024-05-18T05:41:30.222+0000] {processor.py:830} INFO - Processing file /home/ubuntu/airflow/airflow_env/lib/python3.12/site-packages/airflow/example_dags/example_params_ui_tutorial.py for tasks to queue
[2024-05-18T05:41:30.228+0000] {logging_mixin.py:188} INFO - [2024-05-18T05:41:30.227+0000] {dagbag.py:545} INFO - Filling up the DagBag from /home/ubuntu/airflow/airflow_env/lib/python3.12/site-packages/airflow/example_dags/example_params_ui_tutorial.py
[2024-05-18T05:41:30.265+0000] {processor.py:840} INFO - DAG(s) 'example_params_ui_tutorial' retrieved from /home/ubuntu/airflow/airflow_env/lib/python3.12/site-packages/airflow/example_dags/example_params_ui_tutorial.py
[2024-05-18T05:41:30.537+0000] {logging_mixin.py:188} INFO - [2024-05-18T05:41:30.537+0000] {dag.py:3096} INFO - Sync 1 DAGs
[2024-05-18T05:41:30.580+0000] {logging_mixin.py:188} INFO - [2024-05-18T05:41:30.579+0000] {dag.py:3954} INFO - Setting next_dagrun for example_params_ui_tutorial to None, run_after=None
[2024-05-18T05:41:30.634+0000] {processor.py:183} INFO - Processing /home/ubuntu/airflow/airflow_env/lib/python3.12/site-packages/airflow/example_dags/example_params_ui_tutorial.py took 0.429 seconds
[2024-05-18T05:42:00.757+0000] {processor.py:161} INFO - Started process (PID=16357) to work on /home/ubuntu/airflow/airflow_env/lib/python3.12/site-packages/airflow/example_dags/example_params_ui_tutorial.py
[2024-05-18T05:42:00.758+0000] {processor.py:830} INFO - Processing file /home/ubuntu/airflow/airflow_env/lib/python3.12/site-packages/airflow/example_dags/example_params_ui_tutorial.py for tasks to queue
[2024-05-18T05:42:00.761+0000] {logging_mixin.py:188} INFO - [2024-05-18T05:42:00.760+0000] {dagbag.py:545} INFO - Filling up the DagBag from /home/ubuntu/airflow/airflow_env/lib/python3.12/site-packages/airflow/example_dags/example_params_ui_tutorial.py
[2024-05-18T05:42:00.784+0000] {processor.py:840} INFO - DAG(s) 'example_params_ui_tutorial' retrieved from /home/ubuntu/airflow/airflow_env/lib/python3.12/site-packages/airflow/example_dags/example_params_ui_tutorial.py
[2024-05-18T05:42:00.913+0000] {logging_mixin.py:188} INFO - [2024-05-18T05:42:00.912+0000] {dag.py:3096} INFO - Sync 1 DAGs
[2024-05-18T05:42:00.933+0000] {logging_mixin.py:188} INFO - [2024-05-18T05:42:00.932+0000] {dag.py:3954} INFO - Setting next_dagrun for example_params_ui_tutorial to None, run_after=None
[2024-05-18T05:42:00.967+0000] {processor.py:183} INFO - Processing /home/ubuntu/airflow/airflow_env/lib/python3.12/site-packages/airflow/example_dags/example_params_ui_tutorial.py took 0.221 seconds
[2024-05-18T05:42:31.939+0000] {processor.py:161} INFO - Started process (PID=16407) to work on /home/ubuntu/airflow/airflow_env/lib/python3.12/site-packages/airflow/example_dags/example_params_ui_tutorial.py
[2024-05-18T05:42:31.942+0000] {processor.py:830} INFO - Processing file /home/ubuntu/airflow/airflow_env/lib/python3.12/site-packages/airflow/example_dags/example_params_ui_tutorial.py for tasks to queue
[2024-05-18T05:42:31.946+0000] {logging_mixin.py:188} INFO - [2024-05-18T05:42:31.946+0000] {dagbag.py:545} INFO - Filling up the DagBag from /home/ubuntu/airflow/airflow_env/lib/python3.12/site-packages/airflow/example_dags/example_params_ui_tutorial.py
[2024-05-18T05:42:31.971+0000] {processor.py:840} INFO - DAG(s) 'example_params_ui_tutorial' retrieved from /home/ubuntu/airflow/airflow_env/lib/python3.12/site-packages/airflow/example_dags/example_params_ui_tutorial.py
[2024-05-18T05:42:32.118+0000] {logging_mixin.py:188} INFO - [2024-05-18T05:42:32.118+0000] {dag.py:3096} INFO - Sync 1 DAGs
[2024-05-18T05:42:32.145+0000] {logging_mixin.py:188} INFO - [2024-05-18T05:42:32.144+0000] {dag.py:3954} INFO - Setting next_dagrun for example_params_ui_tutorial to None, run_after=None
[2024-05-18T05:42:32.177+0000] {processor.py:183} INFO - Processing /home/ubuntu/airflow/airflow_env/lib/python3.12/site-packages/airflow/example_dags/example_params_ui_tutorial.py took 0.249 seconds
[2024-05-18T05:43:03.027+0000] {processor.py:161} INFO - Started process (PID=16459) to work on /home/ubuntu/airflow/airflow_env/lib/python3.12/site-packages/airflow/example_dags/example_params_ui_tutorial.py
[2024-05-18T05:43:03.029+0000] {processor.py:830} INFO - Processing file /home/ubuntu/airflow/airflow_env/lib/python3.12/site-packages/airflow/example_dags/example_params_ui_tutorial.py for tasks to queue
[2024-05-18T05:43:03.032+0000] {logging_mixin.py:188} INFO - [2024-05-18T05:43:03.031+0000] {dagbag.py:545} INFO - Filling up the DagBag from /home/ubuntu/airflow/airflow_env/lib/python3.12/site-packages/airflow/example_dags/example_params_ui_tutorial.py
[2024-05-18T05:43:03.064+0000] {processor.py:840} INFO - DAG(s) 'example_params_ui_tutorial' retrieved from /home/ubuntu/airflow/airflow_env/lib/python3.12/site-packages/airflow/example_dags/example_params_ui_tutorial.py
[2024-05-18T05:43:03.202+0000] {logging_mixin.py:188} INFO - [2024-05-18T05:43:03.201+0000] {dag.py:3096} INFO - Sync 1 DAGs
[2024-05-18T05:43:03.231+0000] {logging_mixin.py:188} INFO - [2024-05-18T05:43:03.230+0000] {dag.py:3954} INFO - Setting next_dagrun for example_params_ui_tutorial to None, run_after=None
[2024-05-18T05:43:03.275+0000] {processor.py:183} INFO - Processing /home/ubuntu/airflow/airflow_env/lib/python3.12/site-packages/airflow/example_dags/example_params_ui_tutorial.py took 0.257 seconds
[2024-05-18T05:43:33.808+0000] {processor.py:161} INFO - Started process (PID=16543) to work on /home/ubuntu/airflow/airflow_env/lib/python3.12/site-packages/airflow/example_dags/example_params_ui_tutorial.py
[2024-05-18T05:43:33.810+0000] {processor.py:830} INFO - Processing file /home/ubuntu/airflow/airflow_env/lib/python3.12/site-packages/airflow/example_dags/example_params_ui_tutorial.py for tasks to queue
[2024-05-18T05:43:33.812+0000] {logging_mixin.py:188} INFO - [2024-05-18T05:43:33.812+0000] {dagbag.py:545} INFO - Filling up the DagBag from /home/ubuntu/airflow/airflow_env/lib/python3.12/site-packages/airflow/example_dags/example_params_ui_tutorial.py
[2024-05-18T05:43:33.829+0000] {processor.py:840} INFO - DAG(s) 'example_params_ui_tutorial' retrieved from /home/ubuntu/airflow/airflow_env/lib/python3.12/site-packages/airflow/example_dags/example_params_ui_tutorial.py
[2024-05-18T05:43:33.927+0000] {logging_mixin.py:188} INFO - [2024-05-18T05:43:33.927+0000] {dag.py:3096} INFO - Sync 1 DAGs
[2024-05-18T05:43:33.945+0000] {logging_mixin.py:188} INFO - [2024-05-18T05:43:33.944+0000] {dag.py:3954} INFO - Setting next_dagrun for example_params_ui_tutorial to None, run_after=None
[2024-05-18T05:43:33.975+0000] {processor.py:183} INFO - Processing /home/ubuntu/airflow/airflow_env/lib/python3.12/site-packages/airflow/example_dags/example_params_ui_tutorial.py took 0.175 seconds
