[2024-05-18T04:44:23.770+0000] {processor.py:161} INFO - Started process (PID=12272) to work on /home/ubuntu/chch-fuel-recommendator/airflow/af_env/lib/python3.12/site-packages/airflow/example_dags/example_python_operator.py
[2024-05-18T04:44:23.771+0000] {processor.py:830} INFO - Processing file /home/ubuntu/chch-fuel-recommendator/airflow/af_env/lib/python3.12/site-packages/airflow/example_dags/example_python_operator.py for tasks to queue
[2024-05-18T04:44:23.773+0000] {logging_mixin.py:188} INFO - [2024-05-18T04:44:23.773+0000] {dagbag.py:545} INFO - Filling up the DagBag from /home/ubuntu/chch-fuel-recommendator/airflow/af_env/lib/python3.12/site-packages/airflow/example_dags/example_python_operator.py
[2024-05-18T04:44:23.782+0000] {logging_mixin.py:188} INFO - [2024-05-18T04:44:23.782+0000] {example_python_operator.py:93} WARNING - The virtalenv_python example task requires virtualenv, please install it.
[2024-05-18T04:44:23.783+0000] {processor.py:840} INFO - DAG(s) 'example_python_operator' retrieved from /home/ubuntu/chch-fuel-recommendator/airflow/af_env/lib/python3.12/site-packages/airflow/example_dags/example_python_operator.py
[2024-05-18T04:44:23.922+0000] {logging_mixin.py:188} INFO - [2024-05-18T04:44:23.921+0000] {override.py:1829} INFO - Created Permission View: can edit on DAG:example_python_operator
[2024-05-18T04:44:23.937+0000] {logging_mixin.py:188} INFO - [2024-05-18T04:44:23.936+0000] {override.py:1829} INFO - Created Permission View: can read on DAG:example_python_operator
[2024-05-18T04:44:23.949+0000] {logging_mixin.py:188} INFO - [2024-05-18T04:44:23.948+0000] {override.py:1829} INFO - Created Permission View: can delete on DAG:example_python_operator
[2024-05-18T04:44:23.950+0000] {logging_mixin.py:188} INFO - [2024-05-18T04:44:23.949+0000] {dag.py:3096} INFO - Sync 1 DAGs
[2024-05-18T04:44:23.961+0000] {logging_mixin.py:188} INFO - [2024-05-18T04:44:23.961+0000] {dag.py:3118} INFO - Creating ORM DAG for example_python_operator
[2024-05-18T04:44:23.962+0000] {logging_mixin.py:188} INFO - [2024-05-18T04:44:23.962+0000] {dag.py:3954} INFO - Setting next_dagrun for example_python_operator to None, run_after=None
[2024-05-18T04:44:23.988+0000] {processor.py:183} INFO - Processing /home/ubuntu/chch-fuel-recommendator/airflow/af_env/lib/python3.12/site-packages/airflow/example_dags/example_python_operator.py took 0.226 seconds
[2024-05-18T04:45:21.708+0000] {processor.py:161} INFO - Started process (PID=12326) to work on /home/ubuntu/chch-fuel-recommendator/airflow/af_env/lib/python3.12/site-packages/airflow/example_dags/example_python_operator.py
[2024-05-18T04:45:21.710+0000] {processor.py:830} INFO - Processing file /home/ubuntu/chch-fuel-recommendator/airflow/af_env/lib/python3.12/site-packages/airflow/example_dags/example_python_operator.py for tasks to queue
[2024-05-18T04:45:21.712+0000] {logging_mixin.py:188} INFO - [2024-05-18T04:45:21.711+0000] {dagbag.py:545} INFO - Filling up the DagBag from /home/ubuntu/chch-fuel-recommendator/airflow/af_env/lib/python3.12/site-packages/airflow/example_dags/example_python_operator.py
[2024-05-18T04:45:21.720+0000] {logging_mixin.py:188} INFO - [2024-05-18T04:45:21.719+0000] {example_python_operator.py:93} WARNING - The virtalenv_python example task requires virtualenv, please install it.
[2024-05-18T04:45:21.720+0000] {processor.py:840} INFO - DAG(s) 'example_python_operator' retrieved from /home/ubuntu/chch-fuel-recommendator/airflow/af_env/lib/python3.12/site-packages/airflow/example_dags/example_python_operator.py
[2024-05-18T04:45:21.740+0000] {logging_mixin.py:188} INFO - [2024-05-18T04:45:21.739+0000] {dag.py:3096} INFO - Sync 1 DAGs
[2024-05-18T04:45:21.752+0000] {logging_mixin.py:188} INFO - [2024-05-18T04:45:21.752+0000] {dag.py:3954} INFO - Setting next_dagrun for example_python_operator to None, run_after=None
[2024-05-18T04:45:21.780+0000] {processor.py:183} INFO - Processing /home/ubuntu/chch-fuel-recommendator/airflow/af_env/lib/python3.12/site-packages/airflow/example_dags/example_python_operator.py took 0.077 seconds
[2024-05-18T04:46:19.092+0000] {processor.py:161} INFO - Started process (PID=12382) to work on /home/ubuntu/chch-fuel-recommendator/airflow/af_env/lib/python3.12/site-packages/airflow/example_dags/example_python_operator.py
[2024-05-18T04:46:19.095+0000] {processor.py:830} INFO - Processing file /home/ubuntu/chch-fuel-recommendator/airflow/af_env/lib/python3.12/site-packages/airflow/example_dags/example_python_operator.py for tasks to queue
[2024-05-18T04:46:19.097+0000] {logging_mixin.py:188} INFO - [2024-05-18T04:46:19.097+0000] {dagbag.py:545} INFO - Filling up the DagBag from /home/ubuntu/chch-fuel-recommendator/airflow/af_env/lib/python3.12/site-packages/airflow/example_dags/example_python_operator.py
[2024-05-18T04:46:19.110+0000] {logging_mixin.py:188} INFO - [2024-05-18T04:46:19.109+0000] {example_python_operator.py:93} WARNING - The virtalenv_python example task requires virtualenv, please install it.
[2024-05-18T04:46:19.110+0000] {processor.py:840} INFO - DAG(s) 'example_python_operator' retrieved from /home/ubuntu/chch-fuel-recommendator/airflow/af_env/lib/python3.12/site-packages/airflow/example_dags/example_python_operator.py
[2024-05-18T04:46:19.136+0000] {logging_mixin.py:188} INFO - [2024-05-18T04:46:19.136+0000] {dag.py:3096} INFO - Sync 1 DAGs
[2024-05-18T04:46:19.147+0000] {logging_mixin.py:188} INFO - [2024-05-18T04:46:19.147+0000] {dag.py:3954} INFO - Setting next_dagrun for example_python_operator to None, run_after=None
[2024-05-18T04:46:19.169+0000] {processor.py:183} INFO - Processing /home/ubuntu/chch-fuel-recommendator/airflow/af_env/lib/python3.12/site-packages/airflow/example_dags/example_python_operator.py took 0.086 seconds
[2024-05-18T04:47:11.336+0000] {processor.py:161} INFO - Started process (PID=12435) to work on /home/ubuntu/chch-fuel-recommendator/airflow/af_env/lib/python3.12/site-packages/airflow/example_dags/example_python_operator.py
[2024-05-18T04:47:11.338+0000] {processor.py:830} INFO - Processing file /home/ubuntu/chch-fuel-recommendator/airflow/af_env/lib/python3.12/site-packages/airflow/example_dags/example_python_operator.py for tasks to queue
[2024-05-18T04:47:11.340+0000] {logging_mixin.py:188} INFO - [2024-05-18T04:47:11.339+0000] {dagbag.py:545} INFO - Filling up the DagBag from /home/ubuntu/chch-fuel-recommendator/airflow/af_env/lib/python3.12/site-packages/airflow/example_dags/example_python_operator.py
[2024-05-18T04:47:11.351+0000] {logging_mixin.py:188} INFO - [2024-05-18T04:47:11.350+0000] {example_python_operator.py:93} WARNING - The virtalenv_python example task requires virtualenv, please install it.
[2024-05-18T04:47:11.351+0000] {processor.py:840} INFO - DAG(s) 'example_python_operator' retrieved from /home/ubuntu/chch-fuel-recommendator/airflow/af_env/lib/python3.12/site-packages/airflow/example_dags/example_python_operator.py
[2024-05-18T04:47:11.375+0000] {logging_mixin.py:188} INFO - [2024-05-18T04:47:11.375+0000] {dag.py:3096} INFO - Sync 1 DAGs
[2024-05-18T04:47:11.390+0000] {logging_mixin.py:188} INFO - [2024-05-18T04:47:11.390+0000] {dag.py:3954} INFO - Setting next_dagrun for example_python_operator to None, run_after=None
[2024-05-18T04:47:11.422+0000] {processor.py:183} INFO - Processing /home/ubuntu/chch-fuel-recommendator/airflow/af_env/lib/python3.12/site-packages/airflow/example_dags/example_python_operator.py took 0.094 seconds
[2024-05-18T04:48:03.746+0000] {processor.py:161} INFO - Started process (PID=12486) to work on /home/ubuntu/chch-fuel-recommendator/airflow/af_env/lib/python3.12/site-packages/airflow/example_dags/example_python_operator.py
[2024-05-18T04:48:03.750+0000] {processor.py:830} INFO - Processing file /home/ubuntu/chch-fuel-recommendator/airflow/af_env/lib/python3.12/site-packages/airflow/example_dags/example_python_operator.py for tasks to queue
[2024-05-18T04:48:03.755+0000] {logging_mixin.py:188} INFO - [2024-05-18T04:48:03.754+0000] {dagbag.py:545} INFO - Filling up the DagBag from /home/ubuntu/chch-fuel-recommendator/airflow/af_env/lib/python3.12/site-packages/airflow/example_dags/example_python_operator.py
[2024-05-18T04:48:03.766+0000] {logging_mixin.py:188} INFO - [2024-05-18T04:48:03.766+0000] {example_python_operator.py:93} WARNING - The virtalenv_python example task requires virtualenv, please install it.
[2024-05-18T04:48:03.767+0000] {processor.py:840} INFO - DAG(s) 'example_python_operator' retrieved from /home/ubuntu/chch-fuel-recommendator/airflow/af_env/lib/python3.12/site-packages/airflow/example_dags/example_python_operator.py
[2024-05-18T04:48:03.791+0000] {logging_mixin.py:188} INFO - [2024-05-18T04:48:03.788+0000] {dag.py:3096} INFO - Sync 1 DAGs
[2024-05-18T04:48:03.815+0000] {logging_mixin.py:188} INFO - [2024-05-18T04:48:03.815+0000] {dag.py:3954} INFO - Setting next_dagrun for example_python_operator to None, run_after=None
[2024-05-18T04:48:03.862+0000] {processor.py:183} INFO - Processing /home/ubuntu/chch-fuel-recommendator/airflow/af_env/lib/python3.12/site-packages/airflow/example_dags/example_python_operator.py took 0.132 seconds
[2024-05-18T04:48:47.834+0000] {processor.py:161} INFO - Started process (PID=12529) to work on /home/ubuntu/chch-fuel-recommendator/airflow/af_env/lib/python3.12/site-packages/airflow/example_dags/example_python_operator.py
[2024-05-18T04:48:47.835+0000] {processor.py:830} INFO - Processing file /home/ubuntu/chch-fuel-recommendator/airflow/af_env/lib/python3.12/site-packages/airflow/example_dags/example_python_operator.py for tasks to queue
[2024-05-18T04:48:47.838+0000] {logging_mixin.py:188} INFO - [2024-05-18T04:48:47.836+0000] {dagbag.py:545} INFO - Filling up the DagBag from /home/ubuntu/chch-fuel-recommendator/airflow/af_env/lib/python3.12/site-packages/airflow/example_dags/example_python_operator.py
[2024-05-18T04:48:47.846+0000] {logging_mixin.py:188} INFO - [2024-05-18T04:48:47.846+0000] {example_python_operator.py:93} WARNING - The virtalenv_python example task requires virtualenv, please install it.
[2024-05-18T04:48:47.847+0000] {processor.py:840} INFO - DAG(s) 'example_python_operator' retrieved from /home/ubuntu/chch-fuel-recommendator/airflow/af_env/lib/python3.12/site-packages/airflow/example_dags/example_python_operator.py
[2024-05-18T04:48:47.875+0000] {logging_mixin.py:188} INFO - [2024-05-18T04:48:47.874+0000] {dag.py:3096} INFO - Sync 1 DAGs
[2024-05-18T04:48:47.886+0000] {logging_mixin.py:188} INFO - [2024-05-18T04:48:47.886+0000] {dag.py:3954} INFO - Setting next_dagrun for example_python_operator to None, run_after=None
[2024-05-18T04:48:47.911+0000] {processor.py:183} INFO - Processing /home/ubuntu/chch-fuel-recommendator/airflow/af_env/lib/python3.12/site-packages/airflow/example_dags/example_python_operator.py took 0.090 seconds
[2024-05-18T04:49:32.089+0000] {processor.py:161} INFO - Started process (PID=12573) to work on /home/ubuntu/chch-fuel-recommendator/airflow/af_env/lib/python3.12/site-packages/airflow/example_dags/example_python_operator.py
[2024-05-18T04:49:32.091+0000] {processor.py:830} INFO - Processing file /home/ubuntu/chch-fuel-recommendator/airflow/af_env/lib/python3.12/site-packages/airflow/example_dags/example_python_operator.py for tasks to queue
[2024-05-18T04:49:32.094+0000] {logging_mixin.py:188} INFO - [2024-05-18T04:49:32.093+0000] {dagbag.py:545} INFO - Filling up the DagBag from /home/ubuntu/chch-fuel-recommendator/airflow/af_env/lib/python3.12/site-packages/airflow/example_dags/example_python_operator.py
[2024-05-18T04:49:32.101+0000] {logging_mixin.py:188} INFO - [2024-05-18T04:49:32.100+0000] {example_python_operator.py:93} WARNING - The virtalenv_python example task requires virtualenv, please install it.
[2024-05-18T04:49:32.101+0000] {processor.py:840} INFO - DAG(s) 'example_python_operator' retrieved from /home/ubuntu/chch-fuel-recommendator/airflow/af_env/lib/python3.12/site-packages/airflow/example_dags/example_python_operator.py
[2024-05-18T04:49:32.121+0000] {logging_mixin.py:188} INFO - [2024-05-18T04:49:32.121+0000] {dag.py:3096} INFO - Sync 1 DAGs
[2024-05-18T04:49:32.134+0000] {logging_mixin.py:188} INFO - [2024-05-18T04:49:32.133+0000] {dag.py:3954} INFO - Setting next_dagrun for example_python_operator to None, run_after=None
[2024-05-18T04:49:32.171+0000] {processor.py:183} INFO - Processing /home/ubuntu/chch-fuel-recommendator/airflow/af_env/lib/python3.12/site-packages/airflow/example_dags/example_python_operator.py took 0.088 seconds
[2024-05-18T04:50:16.140+0000] {processor.py:161} INFO - Started process (PID=12621) to work on /home/ubuntu/chch-fuel-recommendator/airflow/af_env/lib/python3.12/site-packages/airflow/example_dags/example_python_operator.py
[2024-05-18T04:50:16.141+0000] {processor.py:830} INFO - Processing file /home/ubuntu/chch-fuel-recommendator/airflow/af_env/lib/python3.12/site-packages/airflow/example_dags/example_python_operator.py for tasks to queue
[2024-05-18T04:50:16.143+0000] {logging_mixin.py:188} INFO - [2024-05-18T04:50:16.143+0000] {dagbag.py:545} INFO - Filling up the DagBag from /home/ubuntu/chch-fuel-recommendator/airflow/af_env/lib/python3.12/site-packages/airflow/example_dags/example_python_operator.py
[2024-05-18T04:50:16.152+0000] {logging_mixin.py:188} INFO - [2024-05-18T04:50:16.152+0000] {example_python_operator.py:93} WARNING - The virtalenv_python example task requires virtualenv, please install it.
[2024-05-18T04:50:16.153+0000] {processor.py:840} INFO - DAG(s) 'example_python_operator' retrieved from /home/ubuntu/chch-fuel-recommendator/airflow/af_env/lib/python3.12/site-packages/airflow/example_dags/example_python_operator.py
[2024-05-18T04:50:16.175+0000] {logging_mixin.py:188} INFO - [2024-05-18T04:50:16.174+0000] {dag.py:3096} INFO - Sync 1 DAGs
[2024-05-18T04:50:16.189+0000] {logging_mixin.py:188} INFO - [2024-05-18T04:50:16.188+0000] {dag.py:3954} INFO - Setting next_dagrun for example_python_operator to None, run_after=None
[2024-05-18T04:50:16.219+0000] {processor.py:183} INFO - Processing /home/ubuntu/chch-fuel-recommendator/airflow/af_env/lib/python3.12/site-packages/airflow/example_dags/example_python_operator.py took 0.086 seconds
[2024-05-18T04:51:00.494+0000] {processor.py:161} INFO - Started process (PID=12665) to work on /home/ubuntu/chch-fuel-recommendator/airflow/af_env/lib/python3.12/site-packages/airflow/example_dags/example_python_operator.py
[2024-05-18T04:51:00.496+0000] {processor.py:830} INFO - Processing file /home/ubuntu/chch-fuel-recommendator/airflow/af_env/lib/python3.12/site-packages/airflow/example_dags/example_python_operator.py for tasks to queue
[2024-05-18T04:51:00.500+0000] {logging_mixin.py:188} INFO - [2024-05-18T04:51:00.500+0000] {dagbag.py:545} INFO - Filling up the DagBag from /home/ubuntu/chch-fuel-recommendator/airflow/af_env/lib/python3.12/site-packages/airflow/example_dags/example_python_operator.py
[2024-05-18T04:51:00.508+0000] {logging_mixin.py:188} INFO - [2024-05-18T04:51:00.508+0000] {example_python_operator.py:93} WARNING - The virtalenv_python example task requires virtualenv, please install it.
[2024-05-18T04:51:00.509+0000] {processor.py:840} INFO - DAG(s) 'example_python_operator' retrieved from /home/ubuntu/chch-fuel-recommendator/airflow/af_env/lib/python3.12/site-packages/airflow/example_dags/example_python_operator.py
[2024-05-18T04:51:00.531+0000] {logging_mixin.py:188} INFO - [2024-05-18T04:51:00.530+0000] {dag.py:3096} INFO - Sync 1 DAGs
[2024-05-18T04:51:00.543+0000] {logging_mixin.py:188} INFO - [2024-05-18T04:51:00.543+0000] {dag.py:3954} INFO - Setting next_dagrun for example_python_operator to None, run_after=None
[2024-05-18T04:51:00.569+0000] {processor.py:183} INFO - Processing /home/ubuntu/chch-fuel-recommendator/airflow/af_env/lib/python3.12/site-packages/airflow/example_dags/example_python_operator.py took 0.081 seconds
[2024-05-18T04:51:44.599+0000] {processor.py:161} INFO - Started process (PID=12709) to work on /home/ubuntu/chch-fuel-recommendator/airflow/af_env/lib/python3.12/site-packages/airflow/example_dags/example_python_operator.py
[2024-05-18T04:51:44.600+0000] {processor.py:830} INFO - Processing file /home/ubuntu/chch-fuel-recommendator/airflow/af_env/lib/python3.12/site-packages/airflow/example_dags/example_python_operator.py for tasks to queue
[2024-05-18T04:51:44.602+0000] {logging_mixin.py:188} INFO - [2024-05-18T04:51:44.602+0000] {dagbag.py:545} INFO - Filling up the DagBag from /home/ubuntu/chch-fuel-recommendator/airflow/af_env/lib/python3.12/site-packages/airflow/example_dags/example_python_operator.py
[2024-05-18T04:51:44.609+0000] {logging_mixin.py:188} INFO - [2024-05-18T04:51:44.609+0000] {example_python_operator.py:93} WARNING - The virtalenv_python example task requires virtualenv, please install it.
[2024-05-18T04:51:44.610+0000] {processor.py:840} INFO - DAG(s) 'example_python_operator' retrieved from /home/ubuntu/chch-fuel-recommendator/airflow/af_env/lib/python3.12/site-packages/airflow/example_dags/example_python_operator.py
[2024-05-18T04:51:44.628+0000] {logging_mixin.py:188} INFO - [2024-05-18T04:51:44.628+0000] {dag.py:3096} INFO - Sync 1 DAGs
[2024-05-18T04:51:44.641+0000] {logging_mixin.py:188} INFO - [2024-05-18T04:51:44.641+0000] {dag.py:3954} INFO - Setting next_dagrun for example_python_operator to None, run_after=None
[2024-05-18T04:51:44.667+0000] {processor.py:183} INFO - Processing /home/ubuntu/chch-fuel-recommendator/airflow/af_env/lib/python3.12/site-packages/airflow/example_dags/example_python_operator.py took 0.074 seconds
[2024-05-18T04:52:27.628+0000] {processor.py:161} INFO - Started process (PID=12752) to work on /home/ubuntu/chch-fuel-recommendator/airflow/af_env/lib/python3.12/site-packages/airflow/example_dags/example_python_operator.py
[2024-05-18T04:52:27.642+0000] {processor.py:830} INFO - Processing file /home/ubuntu/chch-fuel-recommendator/airflow/af_env/lib/python3.12/site-packages/airflow/example_dags/example_python_operator.py for tasks to queue
[2024-05-18T04:52:27.649+0000] {logging_mixin.py:188} INFO - [2024-05-18T04:52:27.646+0000] {dagbag.py:545} INFO - Filling up the DagBag from /home/ubuntu/chch-fuel-recommendator/airflow/af_env/lib/python3.12/site-packages/airflow/example_dags/example_python_operator.py
[2024-05-18T04:52:27.659+0000] {logging_mixin.py:188} INFO - [2024-05-18T04:52:27.658+0000] {example_python_operator.py:93} WARNING - The virtalenv_python example task requires virtualenv, please install it.
[2024-05-18T04:52:27.659+0000] {processor.py:840} INFO - DAG(s) 'example_python_operator' retrieved from /home/ubuntu/chch-fuel-recommendator/airflow/af_env/lib/python3.12/site-packages/airflow/example_dags/example_python_operator.py
[2024-05-18T04:52:27.692+0000] {logging_mixin.py:188} INFO - [2024-05-18T04:52:27.691+0000] {dag.py:3096} INFO - Sync 1 DAGs
[2024-05-18T04:52:27.710+0000] {logging_mixin.py:188} INFO - [2024-05-18T04:52:27.709+0000] {dag.py:3954} INFO - Setting next_dagrun for example_python_operator to None, run_after=None
[2024-05-18T04:52:27.743+0000] {processor.py:183} INFO - Processing /home/ubuntu/chch-fuel-recommendator/airflow/af_env/lib/python3.12/site-packages/airflow/example_dags/example_python_operator.py took 0.125 seconds
[2024-05-18T04:53:16.013+0000] {processor.py:161} INFO - Started process (PID=12798) to work on /home/ubuntu/chch-fuel-recommendator/airflow/af_env/lib/python3.12/site-packages/airflow/example_dags/example_python_operator.py
[2024-05-18T04:53:16.015+0000] {processor.py:830} INFO - Processing file /home/ubuntu/chch-fuel-recommendator/airflow/af_env/lib/python3.12/site-packages/airflow/example_dags/example_python_operator.py for tasks to queue
[2024-05-18T04:53:16.016+0000] {logging_mixin.py:188} INFO - [2024-05-18T04:53:16.016+0000] {dagbag.py:545} INFO - Filling up the DagBag from /home/ubuntu/chch-fuel-recommendator/airflow/af_env/lib/python3.12/site-packages/airflow/example_dags/example_python_operator.py
[2024-05-18T04:53:16.025+0000] {logging_mixin.py:188} INFO - [2024-05-18T04:53:16.024+0000] {example_python_operator.py:93} WARNING - The virtalenv_python example task requires virtualenv, please install it.
[2024-05-18T04:53:16.025+0000] {processor.py:840} INFO - DAG(s) 'example_python_operator' retrieved from /home/ubuntu/chch-fuel-recommendator/airflow/af_env/lib/python3.12/site-packages/airflow/example_dags/example_python_operator.py
[2024-05-18T04:53:16.047+0000] {logging_mixin.py:188} INFO - [2024-05-18T04:53:16.047+0000] {dag.py:3096} INFO - Sync 1 DAGs
[2024-05-18T04:53:16.068+0000] {logging_mixin.py:188} INFO - [2024-05-18T04:53:16.068+0000] {dag.py:3954} INFO - Setting next_dagrun for example_python_operator to None, run_after=None
[2024-05-18T04:53:16.108+0000] {processor.py:183} INFO - Processing /home/ubuntu/chch-fuel-recommendator/airflow/af_env/lib/python3.12/site-packages/airflow/example_dags/example_python_operator.py took 0.101 seconds
[2024-05-18T05:32:17.416+0000] {processor.py:161} INFO - Started process (PID=15088) to work on /home/ubuntu/airflow/airflow_env/lib/python3.12/site-packages/airflow/example_dags/example_python_operator.py
[2024-05-18T05:32:17.417+0000] {processor.py:830} INFO - Processing file /home/ubuntu/airflow/airflow_env/lib/python3.12/site-packages/airflow/example_dags/example_python_operator.py for tasks to queue
[2024-05-18T05:32:17.421+0000] {logging_mixin.py:188} INFO - [2024-05-18T05:32:17.420+0000] {dagbag.py:545} INFO - Filling up the DagBag from /home/ubuntu/airflow/airflow_env/lib/python3.12/site-packages/airflow/example_dags/example_python_operator.py
[2024-05-18T05:32:17.431+0000] {logging_mixin.py:188} INFO - [2024-05-18T05:32:17.431+0000] {example_python_operator.py:93} WARNING - The virtalenv_python example task requires virtualenv, please install it.
[2024-05-18T05:32:17.432+0000] {processor.py:840} INFO - DAG(s) 'example_python_operator' retrieved from /home/ubuntu/airflow/airflow_env/lib/python3.12/site-packages/airflow/example_dags/example_python_operator.py
[2024-05-18T05:32:17.655+0000] {logging_mixin.py:188} INFO - [2024-05-18T05:32:17.654+0000] {dag.py:3096} INFO - Sync 1 DAGs
[2024-05-18T05:32:17.672+0000] {logging_mixin.py:188} INFO - [2024-05-18T05:32:17.672+0000] {dag.py:3954} INFO - Setting next_dagrun for example_python_operator to None, run_after=None
[2024-05-18T05:32:17.712+0000] {processor.py:183} INFO - Processing /home/ubuntu/airflow/airflow_env/lib/python3.12/site-packages/airflow/example_dags/example_python_operator.py took 0.306 seconds
[2024-05-18T05:32:47.976+0000] {processor.py:161} INFO - Started process (PID=15142) to work on /home/ubuntu/airflow/airflow_env/lib/python3.12/site-packages/airflow/example_dags/example_python_operator.py
[2024-05-18T05:32:47.977+0000] {processor.py:830} INFO - Processing file /home/ubuntu/airflow/airflow_env/lib/python3.12/site-packages/airflow/example_dags/example_python_operator.py for tasks to queue
[2024-05-18T05:32:47.979+0000] {logging_mixin.py:188} INFO - [2024-05-18T05:32:47.979+0000] {dagbag.py:545} INFO - Filling up the DagBag from /home/ubuntu/airflow/airflow_env/lib/python3.12/site-packages/airflow/example_dags/example_python_operator.py
[2024-05-18T05:32:47.990+0000] {logging_mixin.py:188} INFO - [2024-05-18T05:32:47.990+0000] {example_python_operator.py:93} WARNING - The virtalenv_python example task requires virtualenv, please install it.
[2024-05-18T05:32:47.991+0000] {processor.py:840} INFO - DAG(s) 'example_python_operator' retrieved from /home/ubuntu/airflow/airflow_env/lib/python3.12/site-packages/airflow/example_dags/example_python_operator.py
[2024-05-18T05:32:48.098+0000] {logging_mixin.py:188} INFO - [2024-05-18T05:32:48.097+0000] {dag.py:3096} INFO - Sync 1 DAGs
[2024-05-18T05:32:48.117+0000] {logging_mixin.py:188} INFO - [2024-05-18T05:32:48.117+0000] {dag.py:3954} INFO - Setting next_dagrun for example_python_operator to None, run_after=None
[2024-05-18T05:32:48.155+0000] {processor.py:183} INFO - Processing /home/ubuntu/airflow/airflow_env/lib/python3.12/site-packages/airflow/example_dags/example_python_operator.py took 0.188 seconds
[2024-05-18T05:33:18.272+0000] {processor.py:161} INFO - Started process (PID=15196) to work on /home/ubuntu/airflow/airflow_env/lib/python3.12/site-packages/airflow/example_dags/example_python_operator.py
[2024-05-18T05:33:18.274+0000] {processor.py:830} INFO - Processing file /home/ubuntu/airflow/airflow_env/lib/python3.12/site-packages/airflow/example_dags/example_python_operator.py for tasks to queue
[2024-05-18T05:33:18.276+0000] {logging_mixin.py:188} INFO - [2024-05-18T05:33:18.275+0000] {dagbag.py:545} INFO - Filling up the DagBag from /home/ubuntu/airflow/airflow_env/lib/python3.12/site-packages/airflow/example_dags/example_python_operator.py
[2024-05-18T05:33:18.283+0000] {logging_mixin.py:188} INFO - [2024-05-18T05:33:18.283+0000] {example_python_operator.py:93} WARNING - The virtalenv_python example task requires virtualenv, please install it.
[2024-05-18T05:33:18.284+0000] {processor.py:840} INFO - DAG(s) 'example_python_operator' retrieved from /home/ubuntu/airflow/airflow_env/lib/python3.12/site-packages/airflow/example_dags/example_python_operator.py
[2024-05-18T05:33:18.337+0000] {logging_mixin.py:188} INFO - [2024-05-18T05:33:18.337+0000] {dag.py:3096} INFO - Sync 1 DAGs
[2024-05-18T05:33:18.352+0000] {logging_mixin.py:188} INFO - [2024-05-18T05:33:18.352+0000] {dag.py:3954} INFO - Setting next_dagrun for example_python_operator to None, run_after=None
[2024-05-18T05:33:18.393+0000] {processor.py:183} INFO - Processing /home/ubuntu/airflow/airflow_env/lib/python3.12/site-packages/airflow/example_dags/example_python_operator.py took 0.129 seconds
[2024-05-18T05:33:48.588+0000] {processor.py:161} INFO - Started process (PID=15248) to work on /home/ubuntu/airflow/airflow_env/lib/python3.12/site-packages/airflow/example_dags/example_python_operator.py
[2024-05-18T05:33:48.589+0000] {processor.py:830} INFO - Processing file /home/ubuntu/airflow/airflow_env/lib/python3.12/site-packages/airflow/example_dags/example_python_operator.py for tasks to queue
[2024-05-18T05:33:48.591+0000] {logging_mixin.py:188} INFO - [2024-05-18T05:33:48.591+0000] {dagbag.py:545} INFO - Filling up the DagBag from /home/ubuntu/airflow/airflow_env/lib/python3.12/site-packages/airflow/example_dags/example_python_operator.py
[2024-05-18T05:33:48.601+0000] {logging_mixin.py:188} INFO - [2024-05-18T05:33:48.601+0000] {example_python_operator.py:93} WARNING - The virtalenv_python example task requires virtualenv, please install it.
[2024-05-18T05:33:48.602+0000] {processor.py:840} INFO - DAG(s) 'example_python_operator' retrieved from /home/ubuntu/airflow/airflow_env/lib/python3.12/site-packages/airflow/example_dags/example_python_operator.py
[2024-05-18T05:33:48.667+0000] {logging_mixin.py:188} INFO - [2024-05-18T05:33:48.667+0000] {dag.py:3096} INFO - Sync 1 DAGs
[2024-05-18T05:33:48.685+0000] {logging_mixin.py:188} INFO - [2024-05-18T05:33:48.685+0000] {dag.py:3954} INFO - Setting next_dagrun for example_python_operator to None, run_after=None
[2024-05-18T05:33:48.722+0000] {processor.py:183} INFO - Processing /home/ubuntu/airflow/airflow_env/lib/python3.12/site-packages/airflow/example_dags/example_python_operator.py took 0.143 seconds
[2024-05-18T05:34:19.612+0000] {processor.py:161} INFO - Started process (PID=15299) to work on /home/ubuntu/airflow/airflow_env/lib/python3.12/site-packages/airflow/example_dags/example_python_operator.py
[2024-05-18T05:34:19.613+0000] {processor.py:830} INFO - Processing file /home/ubuntu/airflow/airflow_env/lib/python3.12/site-packages/airflow/example_dags/example_python_operator.py for tasks to queue
[2024-05-18T05:34:19.618+0000] {logging_mixin.py:188} INFO - [2024-05-18T05:34:19.617+0000] {dagbag.py:545} INFO - Filling up the DagBag from /home/ubuntu/airflow/airflow_env/lib/python3.12/site-packages/airflow/example_dags/example_python_operator.py
[2024-05-18T05:34:19.631+0000] {logging_mixin.py:188} INFO - [2024-05-18T05:34:19.630+0000] {example_python_operator.py:93} WARNING - The virtalenv_python example task requires virtualenv, please install it.
[2024-05-18T05:34:19.631+0000] {processor.py:840} INFO - DAG(s) 'example_python_operator' retrieved from /home/ubuntu/airflow/airflow_env/lib/python3.12/site-packages/airflow/example_dags/example_python_operator.py
[2024-05-18T05:34:19.688+0000] {logging_mixin.py:188} INFO - [2024-05-18T05:34:19.688+0000] {dag.py:3096} INFO - Sync 1 DAGs
[2024-05-18T05:34:19.707+0000] {logging_mixin.py:188} INFO - [2024-05-18T05:34:19.707+0000] {dag.py:3954} INFO - Setting next_dagrun for example_python_operator to None, run_after=None
[2024-05-18T05:34:19.751+0000] {processor.py:183} INFO - Processing /home/ubuntu/airflow/airflow_env/lib/python3.12/site-packages/airflow/example_dags/example_python_operator.py took 0.148 seconds
[2024-05-18T05:34:50.690+0000] {processor.py:161} INFO - Started process (PID=15350) to work on /home/ubuntu/airflow/airflow_env/lib/python3.12/site-packages/airflow/example_dags/example_python_operator.py
[2024-05-18T05:34:50.692+0000] {processor.py:830} INFO - Processing file /home/ubuntu/airflow/airflow_env/lib/python3.12/site-packages/airflow/example_dags/example_python_operator.py for tasks to queue
[2024-05-18T05:34:50.695+0000] {logging_mixin.py:188} INFO - [2024-05-18T05:34:50.694+0000] {dagbag.py:545} INFO - Filling up the DagBag from /home/ubuntu/airflow/airflow_env/lib/python3.12/site-packages/airflow/example_dags/example_python_operator.py
[2024-05-18T05:34:50.707+0000] {logging_mixin.py:188} INFO - [2024-05-18T05:34:50.707+0000] {example_python_operator.py:93} WARNING - The virtalenv_python example task requires virtualenv, please install it.
[2024-05-18T05:34:50.708+0000] {processor.py:840} INFO - DAG(s) 'example_python_operator' retrieved from /home/ubuntu/airflow/airflow_env/lib/python3.12/site-packages/airflow/example_dags/example_python_operator.py
[2024-05-18T05:34:50.775+0000] {logging_mixin.py:188} INFO - [2024-05-18T05:34:50.774+0000] {dag.py:3096} INFO - Sync 1 DAGs
[2024-05-18T05:34:50.811+0000] {logging_mixin.py:188} INFO - [2024-05-18T05:34:50.811+0000] {dag.py:3954} INFO - Setting next_dagrun for example_python_operator to None, run_after=None
[2024-05-18T05:34:50.848+0000] {processor.py:183} INFO - Processing /home/ubuntu/airflow/airflow_env/lib/python3.12/site-packages/airflow/example_dags/example_python_operator.py took 0.167 seconds
[2024-05-18T05:35:21.228+0000] {processor.py:161} INFO - Started process (PID=15404) to work on /home/ubuntu/airflow/airflow_env/lib/python3.12/site-packages/airflow/example_dags/example_python_operator.py
[2024-05-18T05:35:21.230+0000] {processor.py:830} INFO - Processing file /home/ubuntu/airflow/airflow_env/lib/python3.12/site-packages/airflow/example_dags/example_python_operator.py for tasks to queue
[2024-05-18T05:35:21.233+0000] {logging_mixin.py:188} INFO - [2024-05-18T05:35:21.232+0000] {dagbag.py:545} INFO - Filling up the DagBag from /home/ubuntu/airflow/airflow_env/lib/python3.12/site-packages/airflow/example_dags/example_python_operator.py
[2024-05-18T05:35:21.244+0000] {logging_mixin.py:188} INFO - [2024-05-18T05:35:21.244+0000] {example_python_operator.py:93} WARNING - The virtalenv_python example task requires virtualenv, please install it.
[2024-05-18T05:35:21.245+0000] {processor.py:840} INFO - DAG(s) 'example_python_operator' retrieved from /home/ubuntu/airflow/airflow_env/lib/python3.12/site-packages/airflow/example_dags/example_python_operator.py
[2024-05-18T05:35:21.305+0000] {logging_mixin.py:188} INFO - [2024-05-18T05:35:21.305+0000] {dag.py:3096} INFO - Sync 1 DAGs
[2024-05-18T05:35:21.325+0000] {logging_mixin.py:188} INFO - [2024-05-18T05:35:21.324+0000] {dag.py:3954} INFO - Setting next_dagrun for example_python_operator to None, run_after=None
[2024-05-18T05:35:21.360+0000] {processor.py:183} INFO - Processing /home/ubuntu/airflow/airflow_env/lib/python3.12/site-packages/airflow/example_dags/example_python_operator.py took 0.141 seconds
[2024-05-18T05:35:51.643+0000] {processor.py:161} INFO - Started process (PID=15455) to work on /home/ubuntu/airflow/airflow_env/lib/python3.12/site-packages/airflow/example_dags/example_python_operator.py
[2024-05-18T05:35:51.644+0000] {processor.py:830} INFO - Processing file /home/ubuntu/airflow/airflow_env/lib/python3.12/site-packages/airflow/example_dags/example_python_operator.py for tasks to queue
[2024-05-18T05:35:51.647+0000] {logging_mixin.py:188} INFO - [2024-05-18T05:35:51.646+0000] {dagbag.py:545} INFO - Filling up the DagBag from /home/ubuntu/airflow/airflow_env/lib/python3.12/site-packages/airflow/example_dags/example_python_operator.py
[2024-05-18T05:35:51.655+0000] {logging_mixin.py:188} INFO - [2024-05-18T05:35:51.654+0000] {example_python_operator.py:93} WARNING - The virtalenv_python example task requires virtualenv, please install it.
[2024-05-18T05:35:51.655+0000] {processor.py:840} INFO - DAG(s) 'example_python_operator' retrieved from /home/ubuntu/airflow/airflow_env/lib/python3.12/site-packages/airflow/example_dags/example_python_operator.py
[2024-05-18T05:35:51.718+0000] {logging_mixin.py:188} INFO - [2024-05-18T05:35:51.718+0000] {dag.py:3096} INFO - Sync 1 DAGs
[2024-05-18T05:35:51.738+0000] {logging_mixin.py:188} INFO - [2024-05-18T05:35:51.738+0000] {dag.py:3954} INFO - Setting next_dagrun for example_python_operator to None, run_after=None
[2024-05-18T05:35:51.764+0000] {processor.py:183} INFO - Processing /home/ubuntu/airflow/airflow_env/lib/python3.12/site-packages/airflow/example_dags/example_python_operator.py took 0.129 seconds
[2024-05-18T05:36:22.519+0000] {processor.py:161} INFO - Started process (PID=15506) to work on /home/ubuntu/airflow/airflow_env/lib/python3.12/site-packages/airflow/example_dags/example_python_operator.py
[2024-05-18T05:36:22.521+0000] {processor.py:830} INFO - Processing file /home/ubuntu/airflow/airflow_env/lib/python3.12/site-packages/airflow/example_dags/example_python_operator.py for tasks to queue
[2024-05-18T05:36:22.523+0000] {logging_mixin.py:188} INFO - [2024-05-18T05:36:22.523+0000] {dagbag.py:545} INFO - Filling up the DagBag from /home/ubuntu/airflow/airflow_env/lib/python3.12/site-packages/airflow/example_dags/example_python_operator.py
[2024-05-18T05:36:22.533+0000] {logging_mixin.py:188} INFO - [2024-05-18T05:36:22.533+0000] {example_python_operator.py:93} WARNING - The virtalenv_python example task requires virtualenv, please install it.
[2024-05-18T05:36:22.534+0000] {processor.py:840} INFO - DAG(s) 'example_python_operator' retrieved from /home/ubuntu/airflow/airflow_env/lib/python3.12/site-packages/airflow/example_dags/example_python_operator.py
[2024-05-18T05:36:22.610+0000] {logging_mixin.py:188} INFO - [2024-05-18T05:36:22.609+0000] {dag.py:3096} INFO - Sync 1 DAGs
[2024-05-18T05:36:22.627+0000] {logging_mixin.py:188} INFO - [2024-05-18T05:36:22.626+0000] {dag.py:3954} INFO - Setting next_dagrun for example_python_operator to None, run_after=None
[2024-05-18T05:36:22.656+0000] {processor.py:183} INFO - Processing /home/ubuntu/airflow/airflow_env/lib/python3.12/site-packages/airflow/example_dags/example_python_operator.py took 0.146 seconds
[2024-05-18T05:36:53.386+0000] {processor.py:161} INFO - Started process (PID=15557) to work on /home/ubuntu/airflow/airflow_env/lib/python3.12/site-packages/airflow/example_dags/example_python_operator.py
[2024-05-18T05:36:53.387+0000] {processor.py:830} INFO - Processing file /home/ubuntu/airflow/airflow_env/lib/python3.12/site-packages/airflow/example_dags/example_python_operator.py for tasks to queue
[2024-05-18T05:36:53.389+0000] {logging_mixin.py:188} INFO - [2024-05-18T05:36:53.389+0000] {dagbag.py:545} INFO - Filling up the DagBag from /home/ubuntu/airflow/airflow_env/lib/python3.12/site-packages/airflow/example_dags/example_python_operator.py
[2024-05-18T05:36:53.398+0000] {logging_mixin.py:188} INFO - [2024-05-18T05:36:53.397+0000] {example_python_operator.py:93} WARNING - The virtalenv_python example task requires virtualenv, please install it.
[2024-05-18T05:36:53.398+0000] {processor.py:840} INFO - DAG(s) 'example_python_operator' retrieved from /home/ubuntu/airflow/airflow_env/lib/python3.12/site-packages/airflow/example_dags/example_python_operator.py
[2024-05-18T05:36:53.468+0000] {logging_mixin.py:188} INFO - [2024-05-18T05:36:53.468+0000] {dag.py:3096} INFO - Sync 1 DAGs
[2024-05-18T05:36:53.485+0000] {logging_mixin.py:188} INFO - [2024-05-18T05:36:53.485+0000] {dag.py:3954} INFO - Setting next_dagrun for example_python_operator to None, run_after=None
[2024-05-18T05:36:53.514+0000] {processor.py:183} INFO - Processing /home/ubuntu/airflow/airflow_env/lib/python3.12/site-packages/airflow/example_dags/example_python_operator.py took 0.136 seconds
[2024-05-18T05:37:24.508+0000] {processor.py:161} INFO - Started process (PID=15608) to work on /home/ubuntu/airflow/airflow_env/lib/python3.12/site-packages/airflow/example_dags/example_python_operator.py
[2024-05-18T05:37:24.510+0000] {processor.py:830} INFO - Processing file /home/ubuntu/airflow/airflow_env/lib/python3.12/site-packages/airflow/example_dags/example_python_operator.py for tasks to queue
[2024-05-18T05:37:24.514+0000] {logging_mixin.py:188} INFO - [2024-05-18T05:37:24.514+0000] {dagbag.py:545} INFO - Filling up the DagBag from /home/ubuntu/airflow/airflow_env/lib/python3.12/site-packages/airflow/example_dags/example_python_operator.py
[2024-05-18T05:37:24.526+0000] {logging_mixin.py:188} INFO - [2024-05-18T05:37:24.526+0000] {example_python_operator.py:93} WARNING - The virtalenv_python example task requires virtualenv, please install it.
[2024-05-18T05:37:24.527+0000] {processor.py:840} INFO - DAG(s) 'example_python_operator' retrieved from /home/ubuntu/airflow/airflow_env/lib/python3.12/site-packages/airflow/example_dags/example_python_operator.py
[2024-05-18T05:37:24.591+0000] {logging_mixin.py:188} INFO - [2024-05-18T05:37:24.591+0000] {dag.py:3096} INFO - Sync 1 DAGs
[2024-05-18T05:37:24.616+0000] {logging_mixin.py:188} INFO - [2024-05-18T05:37:24.616+0000] {dag.py:3954} INFO - Setting next_dagrun for example_python_operator to None, run_after=None
[2024-05-18T05:37:24.668+0000] {processor.py:183} INFO - Processing /home/ubuntu/airflow/airflow_env/lib/python3.12/site-packages/airflow/example_dags/example_python_operator.py took 0.171 seconds
[2024-05-18T05:37:54.846+0000] {processor.py:161} INFO - Started process (PID=15660) to work on /home/ubuntu/airflow/airflow_env/lib/python3.12/site-packages/airflow/example_dags/example_python_operator.py
[2024-05-18T05:37:54.847+0000] {processor.py:830} INFO - Processing file /home/ubuntu/airflow/airflow_env/lib/python3.12/site-packages/airflow/example_dags/example_python_operator.py for tasks to queue
[2024-05-18T05:37:54.849+0000] {logging_mixin.py:188} INFO - [2024-05-18T05:37:54.849+0000] {dagbag.py:545} INFO - Filling up the DagBag from /home/ubuntu/airflow/airflow_env/lib/python3.12/site-packages/airflow/example_dags/example_python_operator.py
[2024-05-18T05:37:54.857+0000] {logging_mixin.py:188} INFO - [2024-05-18T05:37:54.857+0000] {example_python_operator.py:93} WARNING - The virtalenv_python example task requires virtualenv, please install it.
[2024-05-18T05:37:54.858+0000] {processor.py:840} INFO - DAG(s) 'example_python_operator' retrieved from /home/ubuntu/airflow/airflow_env/lib/python3.12/site-packages/airflow/example_dags/example_python_operator.py
[2024-05-18T05:37:54.909+0000] {logging_mixin.py:188} INFO - [2024-05-18T05:37:54.908+0000] {dag.py:3096} INFO - Sync 1 DAGs
[2024-05-18T05:37:54.926+0000] {logging_mixin.py:188} INFO - [2024-05-18T05:37:54.925+0000] {dag.py:3954} INFO - Setting next_dagrun for example_python_operator to None, run_after=None
[2024-05-18T05:37:54.951+0000] {processor.py:183} INFO - Processing /home/ubuntu/airflow/airflow_env/lib/python3.12/site-packages/airflow/example_dags/example_python_operator.py took 0.113 seconds
[2024-05-18T05:38:25.984+0000] {processor.py:161} INFO - Started process (PID=15711) to work on /home/ubuntu/airflow/airflow_env/lib/python3.12/site-packages/airflow/example_dags/example_python_operator.py
[2024-05-18T05:38:25.986+0000] {processor.py:830} INFO - Processing file /home/ubuntu/airflow/airflow_env/lib/python3.12/site-packages/airflow/example_dags/example_python_operator.py for tasks to queue
[2024-05-18T05:38:25.989+0000] {logging_mixin.py:188} INFO - [2024-05-18T05:38:25.989+0000] {dagbag.py:545} INFO - Filling up the DagBag from /home/ubuntu/airflow/airflow_env/lib/python3.12/site-packages/airflow/example_dags/example_python_operator.py
[2024-05-18T05:38:26.002+0000] {logging_mixin.py:188} INFO - [2024-05-18T05:38:26.001+0000] {example_python_operator.py:93} WARNING - The virtalenv_python example task requires virtualenv, please install it.
[2024-05-18T05:38:26.002+0000] {processor.py:840} INFO - DAG(s) 'example_python_operator' retrieved from /home/ubuntu/airflow/airflow_env/lib/python3.12/site-packages/airflow/example_dags/example_python_operator.py
[2024-05-18T05:38:26.074+0000] {logging_mixin.py:188} INFO - [2024-05-18T05:38:26.073+0000] {dag.py:3096} INFO - Sync 1 DAGs
[2024-05-18T05:38:26.100+0000] {logging_mixin.py:188} INFO - [2024-05-18T05:38:26.100+0000] {dag.py:3954} INFO - Setting next_dagrun for example_python_operator to None, run_after=None
[2024-05-18T05:38:26.140+0000] {processor.py:183} INFO - Processing /home/ubuntu/airflow/airflow_env/lib/python3.12/site-packages/airflow/example_dags/example_python_operator.py took 0.168 seconds
[2024-05-18T05:38:56.437+0000] {processor.py:161} INFO - Started process (PID=15762) to work on /home/ubuntu/airflow/airflow_env/lib/python3.12/site-packages/airflow/example_dags/example_python_operator.py
[2024-05-18T05:38:56.439+0000] {processor.py:830} INFO - Processing file /home/ubuntu/airflow/airflow_env/lib/python3.12/site-packages/airflow/example_dags/example_python_operator.py for tasks to queue
[2024-05-18T05:38:56.441+0000] {logging_mixin.py:188} INFO - [2024-05-18T05:38:56.441+0000] {dagbag.py:545} INFO - Filling up the DagBag from /home/ubuntu/airflow/airflow_env/lib/python3.12/site-packages/airflow/example_dags/example_python_operator.py
[2024-05-18T05:38:56.456+0000] {logging_mixin.py:188} INFO - [2024-05-18T05:38:56.455+0000] {example_python_operator.py:93} WARNING - The virtalenv_python example task requires virtualenv, please install it.
[2024-05-18T05:38:56.457+0000] {processor.py:840} INFO - DAG(s) 'example_python_operator' retrieved from /home/ubuntu/airflow/airflow_env/lib/python3.12/site-packages/airflow/example_dags/example_python_operator.py
[2024-05-18T05:38:56.532+0000] {logging_mixin.py:188} INFO - [2024-05-18T05:38:56.532+0000] {dag.py:3096} INFO - Sync 1 DAGs
[2024-05-18T05:38:56.549+0000] {logging_mixin.py:188} INFO - [2024-05-18T05:38:56.549+0000] {dag.py:3954} INFO - Setting next_dagrun for example_python_operator to None, run_after=None
[2024-05-18T05:38:56.584+0000] {processor.py:183} INFO - Processing /home/ubuntu/airflow/airflow_env/lib/python3.12/site-packages/airflow/example_dags/example_python_operator.py took 0.155 seconds
[2024-05-18T05:39:27.393+0000] {processor.py:161} INFO - Started process (PID=15814) to work on /home/ubuntu/airflow/airflow_env/lib/python3.12/site-packages/airflow/example_dags/example_python_operator.py
[2024-05-18T05:39:27.396+0000] {processor.py:830} INFO - Processing file /home/ubuntu/airflow/airflow_env/lib/python3.12/site-packages/airflow/example_dags/example_python_operator.py for tasks to queue
[2024-05-18T05:39:27.401+0000] {logging_mixin.py:188} INFO - [2024-05-18T05:39:27.399+0000] {dagbag.py:545} INFO - Filling up the DagBag from /home/ubuntu/airflow/airflow_env/lib/python3.12/site-packages/airflow/example_dags/example_python_operator.py
[2024-05-18T05:39:27.413+0000] {logging_mixin.py:188} INFO - [2024-05-18T05:39:27.413+0000] {example_python_operator.py:93} WARNING - The virtalenv_python example task requires virtualenv, please install it.
[2024-05-18T05:39:27.414+0000] {processor.py:840} INFO - DAG(s) 'example_python_operator' retrieved from /home/ubuntu/airflow/airflow_env/lib/python3.12/site-packages/airflow/example_dags/example_python_operator.py
[2024-05-18T05:39:27.498+0000] {logging_mixin.py:188} INFO - [2024-05-18T05:39:27.497+0000] {dag.py:3096} INFO - Sync 1 DAGs
[2024-05-18T05:39:27.535+0000] {logging_mixin.py:188} INFO - [2024-05-18T05:39:27.534+0000] {dag.py:3954} INFO - Setting next_dagrun for example_python_operator to None, run_after=None
[2024-05-18T05:39:27.579+0000] {processor.py:183} INFO - Processing /home/ubuntu/airflow/airflow_env/lib/python3.12/site-packages/airflow/example_dags/example_python_operator.py took 0.196 seconds
[2024-05-18T05:39:58.232+0000] {processor.py:161} INFO - Started process (PID=15865) to work on /home/ubuntu/airflow/airflow_env/lib/python3.12/site-packages/airflow/example_dags/example_python_operator.py
[2024-05-18T05:39:58.233+0000] {processor.py:830} INFO - Processing file /home/ubuntu/airflow/airflow_env/lib/python3.12/site-packages/airflow/example_dags/example_python_operator.py for tasks to queue
[2024-05-18T05:39:58.235+0000] {logging_mixin.py:188} INFO - [2024-05-18T05:39:58.235+0000] {dagbag.py:545} INFO - Filling up the DagBag from /home/ubuntu/airflow/airflow_env/lib/python3.12/site-packages/airflow/example_dags/example_python_operator.py
[2024-05-18T05:39:58.244+0000] {logging_mixin.py:188} INFO - [2024-05-18T05:39:58.243+0000] {example_python_operator.py:93} WARNING - The virtalenv_python example task requires virtualenv, please install it.
[2024-05-18T05:39:58.244+0000] {processor.py:840} INFO - DAG(s) 'example_python_operator' retrieved from /home/ubuntu/airflow/airflow_env/lib/python3.12/site-packages/airflow/example_dags/example_python_operator.py
[2024-05-18T05:39:58.301+0000] {logging_mixin.py:188} INFO - [2024-05-18T05:39:58.301+0000] {dag.py:3096} INFO - Sync 1 DAGs
[2024-05-18T05:39:58.332+0000] {logging_mixin.py:188} INFO - [2024-05-18T05:39:58.331+0000] {dag.py:3954} INFO - Setting next_dagrun for example_python_operator to None, run_after=None
[2024-05-18T05:39:58.362+0000] {processor.py:183} INFO - Processing /home/ubuntu/airflow/airflow_env/lib/python3.12/site-packages/airflow/example_dags/example_python_operator.py took 0.138 seconds
[2024-05-18T05:40:28.573+0000] {processor.py:161} INFO - Started process (PID=16200) to work on /home/ubuntu/airflow/airflow_env/lib/python3.12/site-packages/airflow/example_dags/example_python_operator.py
[2024-05-18T05:40:28.574+0000] {processor.py:830} INFO - Processing file /home/ubuntu/airflow/airflow_env/lib/python3.12/site-packages/airflow/example_dags/example_python_operator.py for tasks to queue
[2024-05-18T05:40:28.576+0000] {logging_mixin.py:188} INFO - [2024-05-18T05:40:28.576+0000] {dagbag.py:545} INFO - Filling up the DagBag from /home/ubuntu/airflow/airflow_env/lib/python3.12/site-packages/airflow/example_dags/example_python_operator.py
[2024-05-18T05:40:28.586+0000] {logging_mixin.py:188} INFO - [2024-05-18T05:40:28.586+0000] {example_python_operator.py:93} WARNING - The virtalenv_python example task requires virtualenv, please install it.
[2024-05-18T05:40:28.587+0000] {processor.py:840} INFO - DAG(s) 'example_python_operator' retrieved from /home/ubuntu/airflow/airflow_env/lib/python3.12/site-packages/airflow/example_dags/example_python_operator.py
[2024-05-18T05:40:28.649+0000] {logging_mixin.py:188} INFO - [2024-05-18T05:40:28.649+0000] {dag.py:3096} INFO - Sync 1 DAGs
[2024-05-18T05:40:28.670+0000] {logging_mixin.py:188} INFO - [2024-05-18T05:40:28.670+0000] {dag.py:3954} INFO - Setting next_dagrun for example_python_operator to None, run_after=None
[2024-05-18T05:40:28.708+0000] {processor.py:183} INFO - Processing /home/ubuntu/airflow/airflow_env/lib/python3.12/site-packages/airflow/example_dags/example_python_operator.py took 0.144 seconds
[2024-05-18T05:40:59.458+0000] {processor.py:161} INFO - Started process (PID=16253) to work on /home/ubuntu/airflow/airflow_env/lib/python3.12/site-packages/airflow/example_dags/example_python_operator.py
[2024-05-18T05:40:59.459+0000] {processor.py:830} INFO - Processing file /home/ubuntu/airflow/airflow_env/lib/python3.12/site-packages/airflow/example_dags/example_python_operator.py for tasks to queue
[2024-05-18T05:40:59.460+0000] {logging_mixin.py:188} INFO - [2024-05-18T05:40:59.460+0000] {dagbag.py:545} INFO - Filling up the DagBag from /home/ubuntu/airflow/airflow_env/lib/python3.12/site-packages/airflow/example_dags/example_python_operator.py
[2024-05-18T05:40:59.469+0000] {logging_mixin.py:188} INFO - [2024-05-18T05:40:59.469+0000] {example_python_operator.py:93} WARNING - The virtalenv_python example task requires virtualenv, please install it.
[2024-05-18T05:40:59.469+0000] {processor.py:840} INFO - DAG(s) 'example_python_operator' retrieved from /home/ubuntu/airflow/airflow_env/lib/python3.12/site-packages/airflow/example_dags/example_python_operator.py
[2024-05-18T05:40:59.659+0000] {logging_mixin.py:188} INFO - [2024-05-18T05:40:59.659+0000] {dag.py:3096} INFO - Sync 1 DAGs
[2024-05-18T05:40:59.676+0000] {logging_mixin.py:188} INFO - [2024-05-18T05:40:59.676+0000] {dag.py:3118} INFO - Creating ORM DAG for example_python_operator
[2024-05-18T05:40:59.677+0000] {logging_mixin.py:188} INFO - [2024-05-18T05:40:59.677+0000] {dag.py:3954} INFO - Setting next_dagrun for example_python_operator to None, run_after=None
[2024-05-18T05:40:59.856+0000] {processor.py:183} INFO - Processing /home/ubuntu/airflow/airflow_env/lib/python3.12/site-packages/airflow/example_dags/example_python_operator.py took 0.408 seconds
[2024-05-18T05:41:30.273+0000] {processor.py:161} INFO - Started process (PID=16305) to work on /home/ubuntu/airflow/airflow_env/lib/python3.12/site-packages/airflow/example_dags/example_python_operator.py
[2024-05-18T05:41:30.276+0000] {processor.py:830} INFO - Processing file /home/ubuntu/airflow/airflow_env/lib/python3.12/site-packages/airflow/example_dags/example_python_operator.py for tasks to queue
[2024-05-18T05:41:30.279+0000] {logging_mixin.py:188} INFO - [2024-05-18T05:41:30.278+0000] {dagbag.py:545} INFO - Filling up the DagBag from /home/ubuntu/airflow/airflow_env/lib/python3.12/site-packages/airflow/example_dags/example_python_operator.py
[2024-05-18T05:41:30.298+0000] {logging_mixin.py:188} INFO - [2024-05-18T05:41:30.296+0000] {example_python_operator.py:93} WARNING - The virtalenv_python example task requires virtualenv, please install it.
[2024-05-18T05:41:30.299+0000] {processor.py:840} INFO - DAG(s) 'example_python_operator' retrieved from /home/ubuntu/airflow/airflow_env/lib/python3.12/site-packages/airflow/example_dags/example_python_operator.py
[2024-05-18T05:41:30.454+0000] {logging_mixin.py:188} INFO - [2024-05-18T05:41:30.454+0000] {dag.py:3096} INFO - Sync 1 DAGs
[2024-05-18T05:41:30.489+0000] {logging_mixin.py:188} INFO - [2024-05-18T05:41:30.488+0000] {dag.py:3954} INFO - Setting next_dagrun for example_python_operator to None, run_after=None
[2024-05-18T05:41:30.553+0000] {processor.py:183} INFO - Processing /home/ubuntu/airflow/airflow_env/lib/python3.12/site-packages/airflow/example_dags/example_python_operator.py took 0.290 seconds
[2024-05-18T05:42:00.641+0000] {processor.py:161} INFO - Started process (PID=16356) to work on /home/ubuntu/airflow/airflow_env/lib/python3.12/site-packages/airflow/example_dags/example_python_operator.py
[2024-05-18T05:42:00.643+0000] {processor.py:830} INFO - Processing file /home/ubuntu/airflow/airflow_env/lib/python3.12/site-packages/airflow/example_dags/example_python_operator.py for tasks to queue
[2024-05-18T05:42:00.646+0000] {logging_mixin.py:188} INFO - [2024-05-18T05:42:00.645+0000] {dagbag.py:545} INFO - Filling up the DagBag from /home/ubuntu/airflow/airflow_env/lib/python3.12/site-packages/airflow/example_dags/example_python_operator.py
[2024-05-18T05:42:00.659+0000] {logging_mixin.py:188} INFO - [2024-05-18T05:42:00.659+0000] {example_python_operator.py:93} WARNING - The virtalenv_python example task requires virtualenv, please install it.
[2024-05-18T05:42:00.660+0000] {processor.py:840} INFO - DAG(s) 'example_python_operator' retrieved from /home/ubuntu/airflow/airflow_env/lib/python3.12/site-packages/airflow/example_dags/example_python_operator.py
[2024-05-18T05:42:01.093+0000] {logging_mixin.py:188} INFO - [2024-05-18T05:42:01.093+0000] {dag.py:3096} INFO - Sync 1 DAGs
[2024-05-18T05:42:01.121+0000] {logging_mixin.py:188} INFO - [2024-05-18T05:42:01.119+0000] {dag.py:3118} INFO - Creating ORM DAG for example_python_operator
[2024-05-18T05:42:01.122+0000] {logging_mixin.py:188} INFO - [2024-05-18T05:42:01.122+0000] {dag.py:3954} INFO - Setting next_dagrun for example_python_operator to None, run_after=None
[2024-05-18T05:42:01.154+0000] {processor.py:183} INFO - Processing /home/ubuntu/airflow/airflow_env/lib/python3.12/site-packages/airflow/example_dags/example_python_operator.py took 0.531 seconds
[2024-05-18T05:42:31.955+0000] {processor.py:161} INFO - Started process (PID=16408) to work on /home/ubuntu/airflow/airflow_env/lib/python3.12/site-packages/airflow/example_dags/example_python_operator.py
[2024-05-18T05:42:31.956+0000] {processor.py:830} INFO - Processing file /home/ubuntu/airflow/airflow_env/lib/python3.12/site-packages/airflow/example_dags/example_python_operator.py for tasks to queue
[2024-05-18T05:42:31.959+0000] {logging_mixin.py:188} INFO - [2024-05-18T05:42:31.958+0000] {dagbag.py:545} INFO - Filling up the DagBag from /home/ubuntu/airflow/airflow_env/lib/python3.12/site-packages/airflow/example_dags/example_python_operator.py
[2024-05-18T05:42:31.976+0000] {logging_mixin.py:188} INFO - [2024-05-18T05:42:31.976+0000] {example_python_operator.py:93} WARNING - The virtalenv_python example task requires virtualenv, please install it.
[2024-05-18T05:42:31.977+0000] {processor.py:840} INFO - DAG(s) 'example_python_operator' retrieved from /home/ubuntu/airflow/airflow_env/lib/python3.12/site-packages/airflow/example_dags/example_python_operator.py
[2024-05-18T05:42:32.084+0000] {logging_mixin.py:188} INFO - [2024-05-18T05:42:32.083+0000] {dag.py:3096} INFO - Sync 1 DAGs
[2024-05-18T05:42:32.105+0000] {logging_mixin.py:188} INFO - [2024-05-18T05:42:32.104+0000] {dag.py:3954} INFO - Setting next_dagrun for example_python_operator to None, run_after=None
[2024-05-18T05:42:32.142+0000] {processor.py:183} INFO - Processing /home/ubuntu/airflow/airflow_env/lib/python3.12/site-packages/airflow/example_dags/example_python_operator.py took 0.199 seconds
[2024-05-18T05:43:03.042+0000] {processor.py:161} INFO - Started process (PID=16460) to work on /home/ubuntu/airflow/airflow_env/lib/python3.12/site-packages/airflow/example_dags/example_python_operator.py
[2024-05-18T05:43:03.044+0000] {processor.py:830} INFO - Processing file /home/ubuntu/airflow/airflow_env/lib/python3.12/site-packages/airflow/example_dags/example_python_operator.py for tasks to queue
[2024-05-18T05:43:03.046+0000] {logging_mixin.py:188} INFO - [2024-05-18T05:43:03.046+0000] {dagbag.py:545} INFO - Filling up the DagBag from /home/ubuntu/airflow/airflow_env/lib/python3.12/site-packages/airflow/example_dags/example_python_operator.py
[2024-05-18T05:43:03.058+0000] {logging_mixin.py:188} INFO - [2024-05-18T05:43:03.057+0000] {example_python_operator.py:93} WARNING - The virtalenv_python example task requires virtualenv, please install it.
[2024-05-18T05:43:03.059+0000] {processor.py:840} INFO - DAG(s) 'example_python_operator' retrieved from /home/ubuntu/airflow/airflow_env/lib/python3.12/site-packages/airflow/example_dags/example_python_operator.py
[2024-05-18T05:43:03.139+0000] {logging_mixin.py:188} INFO - [2024-05-18T05:43:03.137+0000] {dag.py:3096} INFO - Sync 1 DAGs
[2024-05-18T05:43:03.164+0000] {logging_mixin.py:188} INFO - [2024-05-18T05:43:03.163+0000] {dag.py:3954} INFO - Setting next_dagrun for example_python_operator to None, run_after=None
[2024-05-18T05:43:03.204+0000] {processor.py:183} INFO - Processing /home/ubuntu/airflow/airflow_env/lib/python3.12/site-packages/airflow/example_dags/example_python_operator.py took 0.173 seconds
[2024-05-18T05:43:33.820+0000] {processor.py:161} INFO - Started process (PID=16544) to work on /home/ubuntu/airflow/airflow_env/lib/python3.12/site-packages/airflow/example_dags/example_python_operator.py
[2024-05-18T05:43:33.822+0000] {processor.py:830} INFO - Processing file /home/ubuntu/airflow/airflow_env/lib/python3.12/site-packages/airflow/example_dags/example_python_operator.py for tasks to queue
[2024-05-18T05:43:33.824+0000] {logging_mixin.py:188} INFO - [2024-05-18T05:43:33.824+0000] {dagbag.py:545} INFO - Filling up the DagBag from /home/ubuntu/airflow/airflow_env/lib/python3.12/site-packages/airflow/example_dags/example_python_operator.py
[2024-05-18T05:43:33.832+0000] {logging_mixin.py:188} INFO - [2024-05-18T05:43:33.832+0000] {example_python_operator.py:93} WARNING - The virtalenv_python example task requires virtualenv, please install it.
[2024-05-18T05:43:33.833+0000] {processor.py:840} INFO - DAG(s) 'example_python_operator' retrieved from /home/ubuntu/airflow/airflow_env/lib/python3.12/site-packages/airflow/example_dags/example_python_operator.py
[2024-05-18T05:43:33.886+0000] {logging_mixin.py:188} INFO - [2024-05-18T05:43:33.886+0000] {dag.py:3096} INFO - Sync 1 DAGs
[2024-05-18T05:43:33.905+0000] {logging_mixin.py:188} INFO - [2024-05-18T05:43:33.904+0000] {dag.py:3954} INFO - Setting next_dagrun for example_python_operator to None, run_after=None
[2024-05-18T05:43:33.933+0000] {processor.py:183} INFO - Processing /home/ubuntu/airflow/airflow_env/lib/python3.12/site-packages/airflow/example_dags/example_python_operator.py took 0.121 seconds
