[2024-05-18T04:44:30.291+0000] {processor.py:161} INFO - Started process (PID=12277) to work on /home/ubuntu/chch-fuel-recommendator/airflow/af_env/lib/python3.12/site-packages/airflow/example_dags/example_params_trigger_ui.py
[2024-05-18T04:44:30.292+0000] {processor.py:830} INFO - Processing file /home/ubuntu/chch-fuel-recommendator/airflow/af_env/lib/python3.12/site-packages/airflow/example_dags/example_params_trigger_ui.py for tasks to queue
[2024-05-18T04:44:30.294+0000] {logging_mixin.py:188} INFO - [2024-05-18T04:44:30.293+0000] {dagbag.py:545} INFO - Filling up the DagBag from /home/ubuntu/chch-fuel-recommendator/airflow/af_env/lib/python3.12/site-packages/airflow/example_dags/example_params_trigger_ui.py
[2024-05-18T04:44:30.313+0000] {processor.py:840} INFO - DAG(s) 'example_params_trigger_ui' retrieved from /home/ubuntu/chch-fuel-recommendator/airflow/af_env/lib/python3.12/site-packages/airflow/example_dags/example_params_trigger_ui.py
[2024-05-18T04:44:30.458+0000] {logging_mixin.py:188} INFO - [2024-05-18T04:44:30.458+0000] {override.py:1829} INFO - Created Permission View: can edit on DAG:example_params_trigger_ui
[2024-05-18T04:44:30.477+0000] {logging_mixin.py:188} INFO - [2024-05-18T04:44:30.476+0000] {override.py:1829} INFO - Created Permission View: can read on DAG:example_params_trigger_ui
[2024-05-18T04:44:30.489+0000] {logging_mixin.py:188} INFO - [2024-05-18T04:44:30.489+0000] {override.py:1829} INFO - Created Permission View: can delete on DAG:example_params_trigger_ui
[2024-05-18T04:44:30.490+0000] {logging_mixin.py:188} INFO - [2024-05-18T04:44:30.490+0000] {dag.py:3096} INFO - Sync 1 DAGs
[2024-05-18T04:44:30.503+0000] {logging_mixin.py:188} INFO - [2024-05-18T04:44:30.503+0000] {dag.py:3118} INFO - Creating ORM DAG for example_params_trigger_ui
[2024-05-18T04:44:30.503+0000] {logging_mixin.py:188} INFO - [2024-05-18T04:44:30.503+0000] {dag.py:3954} INFO - Setting next_dagrun for example_params_trigger_ui to None, run_after=None
[2024-05-18T04:44:30.535+0000] {processor.py:183} INFO - Processing /home/ubuntu/chch-fuel-recommendator/airflow/af_env/lib/python3.12/site-packages/airflow/example_dags/example_params_trigger_ui.py took 0.252 seconds
[2024-05-18T04:45:26.606+0000] {processor.py:161} INFO - Started process (PID=12331) to work on /home/ubuntu/chch-fuel-recommendator/airflow/af_env/lib/python3.12/site-packages/airflow/example_dags/example_params_trigger_ui.py
[2024-05-18T04:45:26.608+0000] {processor.py:830} INFO - Processing file /home/ubuntu/chch-fuel-recommendator/airflow/af_env/lib/python3.12/site-packages/airflow/example_dags/example_params_trigger_ui.py for tasks to queue
[2024-05-18T04:45:26.610+0000] {logging_mixin.py:188} INFO - [2024-05-18T04:45:26.609+0000] {dagbag.py:545} INFO - Filling up the DagBag from /home/ubuntu/chch-fuel-recommendator/airflow/af_env/lib/python3.12/site-packages/airflow/example_dags/example_params_trigger_ui.py
[2024-05-18T04:45:26.626+0000] {processor.py:840} INFO - DAG(s) 'example_params_trigger_ui' retrieved from /home/ubuntu/chch-fuel-recommendator/airflow/af_env/lib/python3.12/site-packages/airflow/example_dags/example_params_trigger_ui.py
[2024-05-18T04:45:26.672+0000] {logging_mixin.py:188} INFO - [2024-05-18T04:45:26.672+0000] {dag.py:3096} INFO - Sync 1 DAGs
[2024-05-18T04:45:26.686+0000] {logging_mixin.py:188} INFO - [2024-05-18T04:45:26.686+0000] {dag.py:3954} INFO - Setting next_dagrun for example_params_trigger_ui to None, run_after=None
[2024-05-18T04:45:26.720+0000] {processor.py:183} INFO - Processing /home/ubuntu/chch-fuel-recommendator/airflow/af_env/lib/python3.12/site-packages/airflow/example_dags/example_params_trigger_ui.py took 0.121 seconds
[2024-05-18T04:46:28.219+0000] {processor.py:161} INFO - Started process (PID=12391) to work on /home/ubuntu/chch-fuel-recommendator/airflow/af_env/lib/python3.12/site-packages/airflow/example_dags/example_params_trigger_ui.py
[2024-05-18T04:46:28.220+0000] {processor.py:830} INFO - Processing file /home/ubuntu/chch-fuel-recommendator/airflow/af_env/lib/python3.12/site-packages/airflow/example_dags/example_params_trigger_ui.py for tasks to queue
[2024-05-18T04:46:28.222+0000] {logging_mixin.py:188} INFO - [2024-05-18T04:46:28.222+0000] {dagbag.py:545} INFO - Filling up the DagBag from /home/ubuntu/chch-fuel-recommendator/airflow/af_env/lib/python3.12/site-packages/airflow/example_dags/example_params_trigger_ui.py
[2024-05-18T04:46:28.239+0000] {processor.py:840} INFO - DAG(s) 'example_params_trigger_ui' retrieved from /home/ubuntu/chch-fuel-recommendator/airflow/af_env/lib/python3.12/site-packages/airflow/example_dags/example_params_trigger_ui.py
[2024-05-18T04:46:28.283+0000] {logging_mixin.py:188} INFO - [2024-05-18T04:46:28.282+0000] {dag.py:3096} INFO - Sync 1 DAGs
[2024-05-18T04:46:28.296+0000] {logging_mixin.py:188} INFO - [2024-05-18T04:46:28.296+0000] {dag.py:3954} INFO - Setting next_dagrun for example_params_trigger_ui to None, run_after=None
[2024-05-18T04:46:28.321+0000] {processor.py:183} INFO - Processing /home/ubuntu/chch-fuel-recommendator/airflow/af_env/lib/python3.12/site-packages/airflow/example_dags/example_params_trigger_ui.py took 0.108 seconds
[2024-05-18T04:47:17.308+0000] {processor.py:161} INFO - Started process (PID=12440) to work on /home/ubuntu/chch-fuel-recommendator/airflow/af_env/lib/python3.12/site-packages/airflow/example_dags/example_params_trigger_ui.py
[2024-05-18T04:47:17.309+0000] {processor.py:830} INFO - Processing file /home/ubuntu/chch-fuel-recommendator/airflow/af_env/lib/python3.12/site-packages/airflow/example_dags/example_params_trigger_ui.py for tasks to queue
[2024-05-18T04:47:17.311+0000] {logging_mixin.py:188} INFO - [2024-05-18T04:47:17.311+0000] {dagbag.py:545} INFO - Filling up the DagBag from /home/ubuntu/chch-fuel-recommendator/airflow/af_env/lib/python3.12/site-packages/airflow/example_dags/example_params_trigger_ui.py
[2024-05-18T04:47:17.330+0000] {processor.py:840} INFO - DAG(s) 'example_params_trigger_ui' retrieved from /home/ubuntu/chch-fuel-recommendator/airflow/af_env/lib/python3.12/site-packages/airflow/example_dags/example_params_trigger_ui.py
[2024-05-18T04:47:17.379+0000] {logging_mixin.py:188} INFO - [2024-05-18T04:47:17.379+0000] {dag.py:3096} INFO - Sync 1 DAGs
[2024-05-18T04:47:17.394+0000] {logging_mixin.py:188} INFO - [2024-05-18T04:47:17.394+0000] {dag.py:3954} INFO - Setting next_dagrun for example_params_trigger_ui to None, run_after=None
[2024-05-18T04:47:17.418+0000] {processor.py:183} INFO - Processing /home/ubuntu/chch-fuel-recommendator/airflow/af_env/lib/python3.12/site-packages/airflow/example_dags/example_params_trigger_ui.py took 0.117 seconds
[2024-05-18T04:48:08.876+0000] {processor.py:161} INFO - Started process (PID=12491) to work on /home/ubuntu/chch-fuel-recommendator/airflow/af_env/lib/python3.12/site-packages/airflow/example_dags/example_params_trigger_ui.py
[2024-05-18T04:48:08.877+0000] {processor.py:830} INFO - Processing file /home/ubuntu/chch-fuel-recommendator/airflow/af_env/lib/python3.12/site-packages/airflow/example_dags/example_params_trigger_ui.py for tasks to queue
[2024-05-18T04:48:08.879+0000] {logging_mixin.py:188} INFO - [2024-05-18T04:48:08.879+0000] {dagbag.py:545} INFO - Filling up the DagBag from /home/ubuntu/chch-fuel-recommendator/airflow/af_env/lib/python3.12/site-packages/airflow/example_dags/example_params_trigger_ui.py
[2024-05-18T04:48:08.897+0000] {processor.py:840} INFO - DAG(s) 'example_params_trigger_ui' retrieved from /home/ubuntu/chch-fuel-recommendator/airflow/af_env/lib/python3.12/site-packages/airflow/example_dags/example_params_trigger_ui.py
[2024-05-18T04:48:08.937+0000] {logging_mixin.py:188} INFO - [2024-05-18T04:48:08.937+0000] {dag.py:3096} INFO - Sync 1 DAGs
[2024-05-18T04:48:08.951+0000] {logging_mixin.py:188} INFO - [2024-05-18T04:48:08.950+0000] {dag.py:3954} INFO - Setting next_dagrun for example_params_trigger_ui to None, run_after=None
[2024-05-18T04:48:08.974+0000] {processor.py:183} INFO - Processing /home/ubuntu/chch-fuel-recommendator/airflow/af_env/lib/python3.12/site-packages/airflow/example_dags/example_params_trigger_ui.py took 0.105 seconds
[2024-05-18T04:49:12.864+0000] {processor.py:161} INFO - Started process (PID=12555) to work on /home/ubuntu/chch-fuel-recommendator/airflow/af_env/lib/python3.12/site-packages/airflow/example_dags/example_params_trigger_ui.py
[2024-05-18T04:49:12.866+0000] {processor.py:830} INFO - Processing file /home/ubuntu/chch-fuel-recommendator/airflow/af_env/lib/python3.12/site-packages/airflow/example_dags/example_params_trigger_ui.py for tasks to queue
[2024-05-18T04:49:12.868+0000] {logging_mixin.py:188} INFO - [2024-05-18T04:49:12.867+0000] {dagbag.py:545} INFO - Filling up the DagBag from /home/ubuntu/chch-fuel-recommendator/airflow/af_env/lib/python3.12/site-packages/airflow/example_dags/example_params_trigger_ui.py
[2024-05-18T04:49:12.883+0000] {processor.py:840} INFO - DAG(s) 'example_params_trigger_ui' retrieved from /home/ubuntu/chch-fuel-recommendator/airflow/af_env/lib/python3.12/site-packages/airflow/example_dags/example_params_trigger_ui.py
[2024-05-18T04:49:12.927+0000] {logging_mixin.py:188} INFO - [2024-05-18T04:49:12.927+0000] {dag.py:3096} INFO - Sync 1 DAGs
[2024-05-18T04:49:12.944+0000] {logging_mixin.py:188} INFO - [2024-05-18T04:49:12.943+0000] {dag.py:3954} INFO - Setting next_dagrun for example_params_trigger_ui to None, run_after=None
[2024-05-18T04:49:12.968+0000] {processor.py:183} INFO - Processing /home/ubuntu/chch-fuel-recommendator/airflow/af_env/lib/python3.12/site-packages/airflow/example_dags/example_params_trigger_ui.py took 0.124 seconds
[2024-05-18T04:50:18.935+0000] {processor.py:161} INFO - Started process (PID=12624) to work on /home/ubuntu/chch-fuel-recommendator/airflow/af_env/lib/python3.12/site-packages/airflow/example_dags/example_params_trigger_ui.py
[2024-05-18T04:50:18.936+0000] {processor.py:830} INFO - Processing file /home/ubuntu/chch-fuel-recommendator/airflow/af_env/lib/python3.12/site-packages/airflow/example_dags/example_params_trigger_ui.py for tasks to queue
[2024-05-18T04:50:18.938+0000] {logging_mixin.py:188} INFO - [2024-05-18T04:50:18.937+0000] {dagbag.py:545} INFO - Filling up the DagBag from /home/ubuntu/chch-fuel-recommendator/airflow/af_env/lib/python3.12/site-packages/airflow/example_dags/example_params_trigger_ui.py
[2024-05-18T04:50:18.955+0000] {processor.py:840} INFO - DAG(s) 'example_params_trigger_ui' retrieved from /home/ubuntu/chch-fuel-recommendator/airflow/af_env/lib/python3.12/site-packages/airflow/example_dags/example_params_trigger_ui.py
[2024-05-18T04:50:19.018+0000] {logging_mixin.py:188} INFO - [2024-05-18T04:50:19.018+0000] {dag.py:3096} INFO - Sync 1 DAGs
[2024-05-18T04:50:19.041+0000] {logging_mixin.py:188} INFO - [2024-05-18T04:50:19.041+0000] {dag.py:3954} INFO - Setting next_dagrun for example_params_trigger_ui to None, run_after=None
[2024-05-18T04:50:19.071+0000] {processor.py:183} INFO - Processing /home/ubuntu/chch-fuel-recommendator/airflow/af_env/lib/python3.12/site-packages/airflow/example_dags/example_params_trigger_ui.py took 0.145 seconds
[2024-05-18T04:51:26.386+0000] {processor.py:161} INFO - Started process (PID=12691) to work on /home/ubuntu/chch-fuel-recommendator/airflow/af_env/lib/python3.12/site-packages/airflow/example_dags/example_params_trigger_ui.py
[2024-05-18T04:51:26.388+0000] {processor.py:830} INFO - Processing file /home/ubuntu/chch-fuel-recommendator/airflow/af_env/lib/python3.12/site-packages/airflow/example_dags/example_params_trigger_ui.py for tasks to queue
[2024-05-18T04:51:26.390+0000] {logging_mixin.py:188} INFO - [2024-05-18T04:51:26.389+0000] {dagbag.py:545} INFO - Filling up the DagBag from /home/ubuntu/chch-fuel-recommendator/airflow/af_env/lib/python3.12/site-packages/airflow/example_dags/example_params_trigger_ui.py
[2024-05-18T04:51:26.406+0000] {processor.py:840} INFO - DAG(s) 'example_params_trigger_ui' retrieved from /home/ubuntu/chch-fuel-recommendator/airflow/af_env/lib/python3.12/site-packages/airflow/example_dags/example_params_trigger_ui.py
[2024-05-18T04:51:26.454+0000] {logging_mixin.py:188} INFO - [2024-05-18T04:51:26.454+0000] {dag.py:3096} INFO - Sync 1 DAGs
[2024-05-18T04:51:26.467+0000] {logging_mixin.py:188} INFO - [2024-05-18T04:51:26.466+0000] {dag.py:3954} INFO - Setting next_dagrun for example_params_trigger_ui to None, run_after=None
[2024-05-18T04:51:26.494+0000] {processor.py:183} INFO - Processing /home/ubuntu/chch-fuel-recommendator/airflow/af_env/lib/python3.12/site-packages/airflow/example_dags/example_params_trigger_ui.py took 0.114 seconds
[2024-05-18T04:52:32.674+0000] {processor.py:161} INFO - Started process (PID=12756) to work on /home/ubuntu/chch-fuel-recommendator/airflow/af_env/lib/python3.12/site-packages/airflow/example_dags/example_params_trigger_ui.py
[2024-05-18T04:52:32.676+0000] {processor.py:830} INFO - Processing file /home/ubuntu/chch-fuel-recommendator/airflow/af_env/lib/python3.12/site-packages/airflow/example_dags/example_params_trigger_ui.py for tasks to queue
[2024-05-18T04:52:32.680+0000] {logging_mixin.py:188} INFO - [2024-05-18T04:52:32.680+0000] {dagbag.py:545} INFO - Filling up the DagBag from /home/ubuntu/chch-fuel-recommendator/airflow/af_env/lib/python3.12/site-packages/airflow/example_dags/example_params_trigger_ui.py
[2024-05-18T04:52:32.696+0000] {processor.py:840} INFO - DAG(s) 'example_params_trigger_ui' retrieved from /home/ubuntu/chch-fuel-recommendator/airflow/af_env/lib/python3.12/site-packages/airflow/example_dags/example_params_trigger_ui.py
[2024-05-18T04:52:32.755+0000] {logging_mixin.py:188} INFO - [2024-05-18T04:52:32.755+0000] {dag.py:3096} INFO - Sync 1 DAGs
[2024-05-18T04:52:32.769+0000] {logging_mixin.py:188} INFO - [2024-05-18T04:52:32.768+0000] {dag.py:3954} INFO - Setting next_dagrun for example_params_trigger_ui to None, run_after=None
[2024-05-18T04:52:32.796+0000] {processor.py:183} INFO - Processing /home/ubuntu/chch-fuel-recommendator/airflow/af_env/lib/python3.12/site-packages/airflow/example_dags/example_params_trigger_ui.py took 0.128 seconds
[2024-05-18T04:53:39.903+0000] {processor.py:161} INFO - Started process (PID=12822) to work on /home/ubuntu/chch-fuel-recommendator/airflow/af_env/lib/python3.12/site-packages/airflow/example_dags/example_params_trigger_ui.py
[2024-05-18T04:53:39.905+0000] {processor.py:830} INFO - Processing file /home/ubuntu/chch-fuel-recommendator/airflow/af_env/lib/python3.12/site-packages/airflow/example_dags/example_params_trigger_ui.py for tasks to queue
[2024-05-18T04:53:39.907+0000] {logging_mixin.py:188} INFO - [2024-05-18T04:53:39.906+0000] {dagbag.py:545} INFO - Filling up the DagBag from /home/ubuntu/chch-fuel-recommendator/airflow/af_env/lib/python3.12/site-packages/airflow/example_dags/example_params_trigger_ui.py
[2024-05-18T04:53:39.925+0000] {processor.py:840} INFO - DAG(s) 'example_params_trigger_ui' retrieved from /home/ubuntu/chch-fuel-recommendator/airflow/af_env/lib/python3.12/site-packages/airflow/example_dags/example_params_trigger_ui.py
[2024-05-18T04:53:39.970+0000] {logging_mixin.py:188} INFO - [2024-05-18T04:53:39.969+0000] {dag.py:3096} INFO - Sync 1 DAGs
[2024-05-18T04:53:39.982+0000] {logging_mixin.py:188} INFO - [2024-05-18T04:53:39.981+0000] {dag.py:3954} INFO - Setting next_dagrun for example_params_trigger_ui to None, run_after=None
[2024-05-18T04:53:40.008+0000] {processor.py:183} INFO - Processing /home/ubuntu/chch-fuel-recommendator/airflow/af_env/lib/python3.12/site-packages/airflow/example_dags/example_params_trigger_ui.py took 0.111 seconds
[2024-05-18T05:32:16.757+0000] {processor.py:161} INFO - Started process (PID=15085) to work on /home/ubuntu/airflow/airflow_env/lib/python3.12/site-packages/airflow/example_dags/example_params_trigger_ui.py
[2024-05-18T05:32:16.760+0000] {processor.py:830} INFO - Processing file /home/ubuntu/airflow/airflow_env/lib/python3.12/site-packages/airflow/example_dags/example_params_trigger_ui.py for tasks to queue
[2024-05-18T05:32:16.762+0000] {logging_mixin.py:188} INFO - [2024-05-18T05:32:16.762+0000] {dagbag.py:545} INFO - Filling up the DagBag from /home/ubuntu/airflow/airflow_env/lib/python3.12/site-packages/airflow/example_dags/example_params_trigger_ui.py
[2024-05-18T05:32:16.780+0000] {processor.py:840} INFO - DAG(s) 'example_params_trigger_ui' retrieved from /home/ubuntu/airflow/airflow_env/lib/python3.12/site-packages/airflow/example_dags/example_params_trigger_ui.py
[2024-05-18T05:32:17.082+0000] {logging_mixin.py:188} INFO - [2024-05-18T05:32:17.082+0000] {dag.py:3096} INFO - Sync 1 DAGs
[2024-05-18T05:32:17.098+0000] {logging_mixin.py:188} INFO - [2024-05-18T05:32:17.098+0000] {dag.py:3954} INFO - Setting next_dagrun for example_params_trigger_ui to None, run_after=None
[2024-05-18T05:32:17.127+0000] {processor.py:183} INFO - Processing /home/ubuntu/airflow/airflow_env/lib/python3.12/site-packages/airflow/example_dags/example_params_trigger_ui.py took 0.379 seconds
[2024-05-18T05:32:47.651+0000] {processor.py:161} INFO - Started process (PID=15139) to work on /home/ubuntu/airflow/airflow_env/lib/python3.12/site-packages/airflow/example_dags/example_params_trigger_ui.py
[2024-05-18T05:32:47.653+0000] {processor.py:830} INFO - Processing file /home/ubuntu/airflow/airflow_env/lib/python3.12/site-packages/airflow/example_dags/example_params_trigger_ui.py for tasks to queue
[2024-05-18T05:32:47.656+0000] {logging_mixin.py:188} INFO - [2024-05-18T05:32:47.655+0000] {dagbag.py:545} INFO - Filling up the DagBag from /home/ubuntu/airflow/airflow_env/lib/python3.12/site-packages/airflow/example_dags/example_params_trigger_ui.py
[2024-05-18T05:32:47.679+0000] {processor.py:840} INFO - DAG(s) 'example_params_trigger_ui' retrieved from /home/ubuntu/airflow/airflow_env/lib/python3.12/site-packages/airflow/example_dags/example_params_trigger_ui.py
[2024-05-18T05:32:47.787+0000] {logging_mixin.py:188} INFO - [2024-05-18T05:32:47.787+0000] {dag.py:3096} INFO - Sync 1 DAGs
[2024-05-18T05:32:47.808+0000] {logging_mixin.py:188} INFO - [2024-05-18T05:32:47.807+0000] {dag.py:3954} INFO - Setting next_dagrun for example_params_trigger_ui to None, run_after=None
[2024-05-18T05:32:47.840+0000] {processor.py:183} INFO - Processing /home/ubuntu/airflow/airflow_env/lib/python3.12/site-packages/airflow/example_dags/example_params_trigger_ui.py took 0.198 seconds
[2024-05-18T05:33:17.957+0000] {processor.py:161} INFO - Started process (PID=15193) to work on /home/ubuntu/airflow/airflow_env/lib/python3.12/site-packages/airflow/example_dags/example_params_trigger_ui.py
[2024-05-18T05:33:17.959+0000] {processor.py:830} INFO - Processing file /home/ubuntu/airflow/airflow_env/lib/python3.12/site-packages/airflow/example_dags/example_params_trigger_ui.py for tasks to queue
[2024-05-18T05:33:17.961+0000] {logging_mixin.py:188} INFO - [2024-05-18T05:33:17.961+0000] {dagbag.py:545} INFO - Filling up the DagBag from /home/ubuntu/airflow/airflow_env/lib/python3.12/site-packages/airflow/example_dags/example_params_trigger_ui.py
[2024-05-18T05:33:17.978+0000] {processor.py:840} INFO - DAG(s) 'example_params_trigger_ui' retrieved from /home/ubuntu/airflow/airflow_env/lib/python3.12/site-packages/airflow/example_dags/example_params_trigger_ui.py
[2024-05-18T05:33:18.070+0000] {logging_mixin.py:188} INFO - [2024-05-18T05:33:18.069+0000] {dag.py:3096} INFO - Sync 1 DAGs
[2024-05-18T05:33:18.085+0000] {logging_mixin.py:188} INFO - [2024-05-18T05:33:18.085+0000] {dag.py:3954} INFO - Setting next_dagrun for example_params_trigger_ui to None, run_after=None
[2024-05-18T05:33:18.116+0000] {processor.py:183} INFO - Processing /home/ubuntu/airflow/airflow_env/lib/python3.12/site-packages/airflow/example_dags/example_params_trigger_ui.py took 0.166 seconds
[2024-05-18T05:33:48.231+0000] {processor.py:161} INFO - Started process (PID=15245) to work on /home/ubuntu/airflow/airflow_env/lib/python3.12/site-packages/airflow/example_dags/example_params_trigger_ui.py
[2024-05-18T05:33:48.232+0000] {processor.py:830} INFO - Processing file /home/ubuntu/airflow/airflow_env/lib/python3.12/site-packages/airflow/example_dags/example_params_trigger_ui.py for tasks to queue
[2024-05-18T05:33:48.234+0000] {logging_mixin.py:188} INFO - [2024-05-18T05:33:48.234+0000] {dagbag.py:545} INFO - Filling up the DagBag from /home/ubuntu/airflow/airflow_env/lib/python3.12/site-packages/airflow/example_dags/example_params_trigger_ui.py
[2024-05-18T05:33:48.254+0000] {processor.py:840} INFO - DAG(s) 'example_params_trigger_ui' retrieved from /home/ubuntu/airflow/airflow_env/lib/python3.12/site-packages/airflow/example_dags/example_params_trigger_ui.py
[2024-05-18T05:33:48.347+0000] {logging_mixin.py:188} INFO - [2024-05-18T05:33:48.347+0000] {dag.py:3096} INFO - Sync 1 DAGs
[2024-05-18T05:33:48.363+0000] {logging_mixin.py:188} INFO - [2024-05-18T05:33:48.363+0000] {dag.py:3954} INFO - Setting next_dagrun for example_params_trigger_ui to None, run_after=None
[2024-05-18T05:33:48.390+0000] {processor.py:183} INFO - Processing /home/ubuntu/airflow/airflow_env/lib/python3.12/site-packages/airflow/example_dags/example_params_trigger_ui.py took 0.168 seconds
[2024-05-18T05:34:19.234+0000] {processor.py:161} INFO - Started process (PID=15296) to work on /home/ubuntu/airflow/airflow_env/lib/python3.12/site-packages/airflow/example_dags/example_params_trigger_ui.py
[2024-05-18T05:34:19.235+0000] {processor.py:830} INFO - Processing file /home/ubuntu/airflow/airflow_env/lib/python3.12/site-packages/airflow/example_dags/example_params_trigger_ui.py for tasks to queue
[2024-05-18T05:34:19.238+0000] {logging_mixin.py:188} INFO - [2024-05-18T05:34:19.237+0000] {dagbag.py:545} INFO - Filling up the DagBag from /home/ubuntu/airflow/airflow_env/lib/python3.12/site-packages/airflow/example_dags/example_params_trigger_ui.py
[2024-05-18T05:34:19.255+0000] {processor.py:840} INFO - DAG(s) 'example_params_trigger_ui' retrieved from /home/ubuntu/airflow/airflow_env/lib/python3.12/site-packages/airflow/example_dags/example_params_trigger_ui.py
[2024-05-18T05:34:19.351+0000] {logging_mixin.py:188} INFO - [2024-05-18T05:34:19.350+0000] {dag.py:3096} INFO - Sync 1 DAGs
[2024-05-18T05:34:19.379+0000] {logging_mixin.py:188} INFO - [2024-05-18T05:34:19.378+0000] {dag.py:3954} INFO - Setting next_dagrun for example_params_trigger_ui to None, run_after=None
[2024-05-18T05:34:19.429+0000] {processor.py:183} INFO - Processing /home/ubuntu/airflow/airflow_env/lib/python3.12/site-packages/airflow/example_dags/example_params_trigger_ui.py took 0.204 seconds
[2024-05-18T05:34:50.310+0000] {processor.py:161} INFO - Started process (PID=15347) to work on /home/ubuntu/airflow/airflow_env/lib/python3.12/site-packages/airflow/example_dags/example_params_trigger_ui.py
[2024-05-18T05:34:50.312+0000] {processor.py:830} INFO - Processing file /home/ubuntu/airflow/airflow_env/lib/python3.12/site-packages/airflow/example_dags/example_params_trigger_ui.py for tasks to queue
[2024-05-18T05:34:50.314+0000] {logging_mixin.py:188} INFO - [2024-05-18T05:34:50.314+0000] {dagbag.py:545} INFO - Filling up the DagBag from /home/ubuntu/airflow/airflow_env/lib/python3.12/site-packages/airflow/example_dags/example_params_trigger_ui.py
[2024-05-18T05:34:50.334+0000] {processor.py:840} INFO - DAG(s) 'example_params_trigger_ui' retrieved from /home/ubuntu/airflow/airflow_env/lib/python3.12/site-packages/airflow/example_dags/example_params_trigger_ui.py
[2024-05-18T05:34:50.469+0000] {logging_mixin.py:188} INFO - [2024-05-18T05:34:50.468+0000] {dag.py:3096} INFO - Sync 1 DAGs
[2024-05-18T05:34:50.491+0000] {logging_mixin.py:188} INFO - [2024-05-18T05:34:50.491+0000] {dag.py:3954} INFO - Setting next_dagrun for example_params_trigger_ui to None, run_after=None
[2024-05-18T05:34:50.528+0000] {processor.py:183} INFO - Processing /home/ubuntu/airflow/airflow_env/lib/python3.12/site-packages/airflow/example_dags/example_params_trigger_ui.py took 0.227 seconds
[2024-05-18T05:35:20.858+0000] {processor.py:161} INFO - Started process (PID=15401) to work on /home/ubuntu/airflow/airflow_env/lib/python3.12/site-packages/airflow/example_dags/example_params_trigger_ui.py
[2024-05-18T05:35:20.859+0000] {processor.py:830} INFO - Processing file /home/ubuntu/airflow/airflow_env/lib/python3.12/site-packages/airflow/example_dags/example_params_trigger_ui.py for tasks to queue
[2024-05-18T05:35:20.861+0000] {logging_mixin.py:188} INFO - [2024-05-18T05:35:20.861+0000] {dagbag.py:545} INFO - Filling up the DagBag from /home/ubuntu/airflow/airflow_env/lib/python3.12/site-packages/airflow/example_dags/example_params_trigger_ui.py
[2024-05-18T05:35:20.880+0000] {processor.py:840} INFO - DAG(s) 'example_params_trigger_ui' retrieved from /home/ubuntu/airflow/airflow_env/lib/python3.12/site-packages/airflow/example_dags/example_params_trigger_ui.py
[2024-05-18T05:35:20.979+0000] {logging_mixin.py:188} INFO - [2024-05-18T05:35:20.979+0000] {dag.py:3096} INFO - Sync 1 DAGs
[2024-05-18T05:35:21.013+0000] {logging_mixin.py:188} INFO - [2024-05-18T05:35:21.012+0000] {dag.py:3954} INFO - Setting next_dagrun for example_params_trigger_ui to None, run_after=None
[2024-05-18T05:35:21.048+0000] {processor.py:183} INFO - Processing /home/ubuntu/airflow/airflow_env/lib/python3.12/site-packages/airflow/example_dags/example_params_trigger_ui.py took 0.199 seconds
[2024-05-18T05:35:51.300+0000] {processor.py:161} INFO - Started process (PID=15452) to work on /home/ubuntu/airflow/airflow_env/lib/python3.12/site-packages/airflow/example_dags/example_params_trigger_ui.py
[2024-05-18T05:35:51.301+0000] {processor.py:830} INFO - Processing file /home/ubuntu/airflow/airflow_env/lib/python3.12/site-packages/airflow/example_dags/example_params_trigger_ui.py for tasks to queue
[2024-05-18T05:35:51.303+0000] {logging_mixin.py:188} INFO - [2024-05-18T05:35:51.302+0000] {dagbag.py:545} INFO - Filling up the DagBag from /home/ubuntu/airflow/airflow_env/lib/python3.12/site-packages/airflow/example_dags/example_params_trigger_ui.py
[2024-05-18T05:35:51.318+0000] {processor.py:840} INFO - DAG(s) 'example_params_trigger_ui' retrieved from /home/ubuntu/airflow/airflow_env/lib/python3.12/site-packages/airflow/example_dags/example_params_trigger_ui.py
[2024-05-18T05:35:51.390+0000] {logging_mixin.py:188} INFO - [2024-05-18T05:35:51.389+0000] {dag.py:3096} INFO - Sync 1 DAGs
[2024-05-18T05:35:51.403+0000] {logging_mixin.py:188} INFO - [2024-05-18T05:35:51.403+0000] {dag.py:3954} INFO - Setting next_dagrun for example_params_trigger_ui to None, run_after=None
[2024-05-18T05:35:51.432+0000] {processor.py:183} INFO - Processing /home/ubuntu/airflow/airflow_env/lib/python3.12/site-packages/airflow/example_dags/example_params_trigger_ui.py took 0.139 seconds
[2024-05-18T05:36:22.162+0000] {processor.py:161} INFO - Started process (PID=15503) to work on /home/ubuntu/airflow/airflow_env/lib/python3.12/site-packages/airflow/example_dags/example_params_trigger_ui.py
[2024-05-18T05:36:22.163+0000] {processor.py:830} INFO - Processing file /home/ubuntu/airflow/airflow_env/lib/python3.12/site-packages/airflow/example_dags/example_params_trigger_ui.py for tasks to queue
[2024-05-18T05:36:22.165+0000] {logging_mixin.py:188} INFO - [2024-05-18T05:36:22.165+0000] {dagbag.py:545} INFO - Filling up the DagBag from /home/ubuntu/airflow/airflow_env/lib/python3.12/site-packages/airflow/example_dags/example_params_trigger_ui.py
[2024-05-18T05:36:22.183+0000] {processor.py:840} INFO - DAG(s) 'example_params_trigger_ui' retrieved from /home/ubuntu/airflow/airflow_env/lib/python3.12/site-packages/airflow/example_dags/example_params_trigger_ui.py
[2024-05-18T05:36:22.277+0000] {logging_mixin.py:188} INFO - [2024-05-18T05:36:22.276+0000] {dag.py:3096} INFO - Sync 1 DAGs
[2024-05-18T05:36:22.295+0000] {logging_mixin.py:188} INFO - [2024-05-18T05:36:22.295+0000] {dag.py:3954} INFO - Setting next_dagrun for example_params_trigger_ui to None, run_after=None
[2024-05-18T05:36:22.328+0000] {processor.py:183} INFO - Processing /home/ubuntu/airflow/airflow_env/lib/python3.12/site-packages/airflow/example_dags/example_params_trigger_ui.py took 0.175 seconds
[2024-05-18T05:36:53.072+0000] {processor.py:161} INFO - Started process (PID=15554) to work on /home/ubuntu/airflow/airflow_env/lib/python3.12/site-packages/airflow/example_dags/example_params_trigger_ui.py
[2024-05-18T05:36:53.073+0000] {processor.py:830} INFO - Processing file /home/ubuntu/airflow/airflow_env/lib/python3.12/site-packages/airflow/example_dags/example_params_trigger_ui.py for tasks to queue
[2024-05-18T05:36:53.075+0000] {logging_mixin.py:188} INFO - [2024-05-18T05:36:53.074+0000] {dagbag.py:545} INFO - Filling up the DagBag from /home/ubuntu/airflow/airflow_env/lib/python3.12/site-packages/airflow/example_dags/example_params_trigger_ui.py
[2024-05-18T05:36:53.089+0000] {processor.py:840} INFO - DAG(s) 'example_params_trigger_ui' retrieved from /home/ubuntu/airflow/airflow_env/lib/python3.12/site-packages/airflow/example_dags/example_params_trigger_ui.py
[2024-05-18T05:36:53.166+0000] {logging_mixin.py:188} INFO - [2024-05-18T05:36:53.165+0000] {dag.py:3096} INFO - Sync 1 DAGs
[2024-05-18T05:36:53.180+0000] {logging_mixin.py:188} INFO - [2024-05-18T05:36:53.180+0000] {dag.py:3954} INFO - Setting next_dagrun for example_params_trigger_ui to None, run_after=None
[2024-05-18T05:36:53.203+0000] {processor.py:183} INFO - Processing /home/ubuntu/airflow/airflow_env/lib/python3.12/site-packages/airflow/example_dags/example_params_trigger_ui.py took 0.138 seconds
[2024-05-18T05:37:24.164+0000] {processor.py:161} INFO - Started process (PID=15605) to work on /home/ubuntu/airflow/airflow_env/lib/python3.12/site-packages/airflow/example_dags/example_params_trigger_ui.py
[2024-05-18T05:37:24.165+0000] {processor.py:830} INFO - Processing file /home/ubuntu/airflow/airflow_env/lib/python3.12/site-packages/airflow/example_dags/example_params_trigger_ui.py for tasks to queue
[2024-05-18T05:37:24.167+0000] {logging_mixin.py:188} INFO - [2024-05-18T05:37:24.167+0000] {dagbag.py:545} INFO - Filling up the DagBag from /home/ubuntu/airflow/airflow_env/lib/python3.12/site-packages/airflow/example_dags/example_params_trigger_ui.py
[2024-05-18T05:37:24.192+0000] {processor.py:840} INFO - DAG(s) 'example_params_trigger_ui' retrieved from /home/ubuntu/airflow/airflow_env/lib/python3.12/site-packages/airflow/example_dags/example_params_trigger_ui.py
[2024-05-18T05:37:24.311+0000] {logging_mixin.py:188} INFO - [2024-05-18T05:37:24.311+0000] {dag.py:3096} INFO - Sync 1 DAGs
[2024-05-18T05:37:24.330+0000] {logging_mixin.py:188} INFO - [2024-05-18T05:37:24.330+0000] {dag.py:3954} INFO - Setting next_dagrun for example_params_trigger_ui to None, run_after=None
[2024-05-18T05:37:24.361+0000] {processor.py:183} INFO - Processing /home/ubuntu/airflow/airflow_env/lib/python3.12/site-packages/airflow/example_dags/example_params_trigger_ui.py took 0.208 seconds
[2024-05-18T05:37:54.517+0000] {processor.py:161} INFO - Started process (PID=15657) to work on /home/ubuntu/airflow/airflow_env/lib/python3.12/site-packages/airflow/example_dags/example_params_trigger_ui.py
[2024-05-18T05:37:54.518+0000] {processor.py:830} INFO - Processing file /home/ubuntu/airflow/airflow_env/lib/python3.12/site-packages/airflow/example_dags/example_params_trigger_ui.py for tasks to queue
[2024-05-18T05:37:54.520+0000] {logging_mixin.py:188} INFO - [2024-05-18T05:37:54.520+0000] {dagbag.py:545} INFO - Filling up the DagBag from /home/ubuntu/airflow/airflow_env/lib/python3.12/site-packages/airflow/example_dags/example_params_trigger_ui.py
[2024-05-18T05:37:54.539+0000] {processor.py:840} INFO - DAG(s) 'example_params_trigger_ui' retrieved from /home/ubuntu/airflow/airflow_env/lib/python3.12/site-packages/airflow/example_dags/example_params_trigger_ui.py
[2024-05-18T05:37:54.638+0000] {logging_mixin.py:188} INFO - [2024-05-18T05:37:54.638+0000] {dag.py:3096} INFO - Sync 1 DAGs
[2024-05-18T05:37:54.661+0000] {logging_mixin.py:188} INFO - [2024-05-18T05:37:54.660+0000] {dag.py:3954} INFO - Setting next_dagrun for example_params_trigger_ui to None, run_after=None
[2024-05-18T05:37:54.690+0000] {processor.py:183} INFO - Processing /home/ubuntu/airflow/airflow_env/lib/python3.12/site-packages/airflow/example_dags/example_params_trigger_ui.py took 0.180 seconds
[2024-05-18T05:38:25.564+0000] {processor.py:161} INFO - Started process (PID=15708) to work on /home/ubuntu/airflow/airflow_env/lib/python3.12/site-packages/airflow/example_dags/example_params_trigger_ui.py
[2024-05-18T05:38:25.566+0000] {processor.py:830} INFO - Processing file /home/ubuntu/airflow/airflow_env/lib/python3.12/site-packages/airflow/example_dags/example_params_trigger_ui.py for tasks to queue
[2024-05-18T05:38:25.569+0000] {logging_mixin.py:188} INFO - [2024-05-18T05:38:25.567+0000] {dagbag.py:545} INFO - Filling up the DagBag from /home/ubuntu/airflow/airflow_env/lib/python3.12/site-packages/airflow/example_dags/example_params_trigger_ui.py
[2024-05-18T05:38:25.587+0000] {processor.py:840} INFO - DAG(s) 'example_params_trigger_ui' retrieved from /home/ubuntu/airflow/airflow_env/lib/python3.12/site-packages/airflow/example_dags/example_params_trigger_ui.py
[2024-05-18T05:38:25.672+0000] {logging_mixin.py:188} INFO - [2024-05-18T05:38:25.672+0000] {dag.py:3096} INFO - Sync 1 DAGs
[2024-05-18T05:38:25.702+0000] {logging_mixin.py:188} INFO - [2024-05-18T05:38:25.701+0000] {dag.py:3954} INFO - Setting next_dagrun for example_params_trigger_ui to None, run_after=None
[2024-05-18T05:38:25.745+0000] {processor.py:183} INFO - Processing /home/ubuntu/airflow/airflow_env/lib/python3.12/site-packages/airflow/example_dags/example_params_trigger_ui.py took 0.188 seconds
[2024-05-18T05:38:56.000+0000] {processor.py:161} INFO - Started process (PID=15759) to work on /home/ubuntu/airflow/airflow_env/lib/python3.12/site-packages/airflow/example_dags/example_params_trigger_ui.py
[2024-05-18T05:38:56.008+0000] {processor.py:830} INFO - Processing file /home/ubuntu/airflow/airflow_env/lib/python3.12/site-packages/airflow/example_dags/example_params_trigger_ui.py for tasks to queue
[2024-05-18T05:38:56.010+0000] {logging_mixin.py:188} INFO - [2024-05-18T05:38:56.009+0000] {dagbag.py:545} INFO - Filling up the DagBag from /home/ubuntu/airflow/airflow_env/lib/python3.12/site-packages/airflow/example_dags/example_params_trigger_ui.py
[2024-05-18T05:38:56.025+0000] {processor.py:840} INFO - DAG(s) 'example_params_trigger_ui' retrieved from /home/ubuntu/airflow/airflow_env/lib/python3.12/site-packages/airflow/example_dags/example_params_trigger_ui.py
[2024-05-18T05:38:56.148+0000] {logging_mixin.py:188} INFO - [2024-05-18T05:38:56.148+0000] {dag.py:3096} INFO - Sync 1 DAGs
[2024-05-18T05:38:56.169+0000] {logging_mixin.py:188} INFO - [2024-05-18T05:38:56.168+0000] {dag.py:3954} INFO - Setting next_dagrun for example_params_trigger_ui to None, run_after=None
[2024-05-18T05:38:56.202+0000] {processor.py:183} INFO - Processing /home/ubuntu/airflow/airflow_env/lib/python3.12/site-packages/airflow/example_dags/example_params_trigger_ui.py took 0.208 seconds
[2024-05-18T05:39:26.962+0000] {processor.py:161} INFO - Started process (PID=15811) to work on /home/ubuntu/airflow/airflow_env/lib/python3.12/site-packages/airflow/example_dags/example_params_trigger_ui.py
[2024-05-18T05:39:26.964+0000] {processor.py:830} INFO - Processing file /home/ubuntu/airflow/airflow_env/lib/python3.12/site-packages/airflow/example_dags/example_params_trigger_ui.py for tasks to queue
[2024-05-18T05:39:26.967+0000] {logging_mixin.py:188} INFO - [2024-05-18T05:39:26.966+0000] {dagbag.py:545} INFO - Filling up the DagBag from /home/ubuntu/airflow/airflow_env/lib/python3.12/site-packages/airflow/example_dags/example_params_trigger_ui.py
[2024-05-18T05:39:26.985+0000] {processor.py:840} INFO - DAG(s) 'example_params_trigger_ui' retrieved from /home/ubuntu/airflow/airflow_env/lib/python3.12/site-packages/airflow/example_dags/example_params_trigger_ui.py
[2024-05-18T05:39:27.118+0000] {logging_mixin.py:188} INFO - [2024-05-18T05:39:27.117+0000] {dag.py:3096} INFO - Sync 1 DAGs
[2024-05-18T05:39:27.155+0000] {logging_mixin.py:188} INFO - [2024-05-18T05:39:27.155+0000] {dag.py:3954} INFO - Setting next_dagrun for example_params_trigger_ui to None, run_after=None
[2024-05-18T05:39:27.219+0000] {processor.py:183} INFO - Processing /home/ubuntu/airflow/airflow_env/lib/python3.12/site-packages/airflow/example_dags/example_params_trigger_ui.py took 0.267 seconds
[2024-05-18T05:39:57.935+0000] {processor.py:161} INFO - Started process (PID=15862) to work on /home/ubuntu/airflow/airflow_env/lib/python3.12/site-packages/airflow/example_dags/example_params_trigger_ui.py
[2024-05-18T05:39:57.936+0000] {processor.py:830} INFO - Processing file /home/ubuntu/airflow/airflow_env/lib/python3.12/site-packages/airflow/example_dags/example_params_trigger_ui.py for tasks to queue
[2024-05-18T05:39:57.938+0000] {logging_mixin.py:188} INFO - [2024-05-18T05:39:57.937+0000] {dagbag.py:545} INFO - Filling up the DagBag from /home/ubuntu/airflow/airflow_env/lib/python3.12/site-packages/airflow/example_dags/example_params_trigger_ui.py
[2024-05-18T05:39:57.955+0000] {processor.py:840} INFO - DAG(s) 'example_params_trigger_ui' retrieved from /home/ubuntu/airflow/airflow_env/lib/python3.12/site-packages/airflow/example_dags/example_params_trigger_ui.py
[2024-05-18T05:39:58.036+0000] {logging_mixin.py:188} INFO - [2024-05-18T05:39:58.035+0000] {dag.py:3096} INFO - Sync 1 DAGs
[2024-05-18T05:39:58.057+0000] {logging_mixin.py:188} INFO - [2024-05-18T05:39:58.057+0000] {dag.py:3954} INFO - Setting next_dagrun for example_params_trigger_ui to None, run_after=None
[2024-05-18T05:39:58.090+0000] {processor.py:183} INFO - Processing /home/ubuntu/airflow/airflow_env/lib/python3.12/site-packages/airflow/example_dags/example_params_trigger_ui.py took 0.163 seconds
[2024-05-18T05:40:28.291+0000] {processor.py:161} INFO - Started process (PID=16197) to work on /home/ubuntu/airflow/airflow_env/lib/python3.12/site-packages/airflow/example_dags/example_params_trigger_ui.py
[2024-05-18T05:40:28.292+0000] {processor.py:830} INFO - Processing file /home/ubuntu/airflow/airflow_env/lib/python3.12/site-packages/airflow/example_dags/example_params_trigger_ui.py for tasks to queue
[2024-05-18T05:40:28.294+0000] {logging_mixin.py:188} INFO - [2024-05-18T05:40:28.294+0000] {dagbag.py:545} INFO - Filling up the DagBag from /home/ubuntu/airflow/airflow_env/lib/python3.12/site-packages/airflow/example_dags/example_params_trigger_ui.py
[2024-05-18T05:40:28.314+0000] {processor.py:840} INFO - DAG(s) 'example_params_trigger_ui' retrieved from /home/ubuntu/airflow/airflow_env/lib/python3.12/site-packages/airflow/example_dags/example_params_trigger_ui.py
[2024-05-18T05:40:28.402+0000] {logging_mixin.py:188} INFO - [2024-05-18T05:40:28.402+0000] {dag.py:3096} INFO - Sync 1 DAGs
[2024-05-18T05:40:28.420+0000] {logging_mixin.py:188} INFO - [2024-05-18T05:40:28.420+0000] {dag.py:3954} INFO - Setting next_dagrun for example_params_trigger_ui to None, run_after=None
[2024-05-18T05:40:28.452+0000] {processor.py:183} INFO - Processing /home/ubuntu/airflow/airflow_env/lib/python3.12/site-packages/airflow/example_dags/example_params_trigger_ui.py took 0.169 seconds
[2024-05-18T05:40:59.109+0000] {processor.py:161} INFO - Started process (PID=16250) to work on /home/ubuntu/airflow/airflow_env/lib/python3.12/site-packages/airflow/example_dags/example_params_trigger_ui.py
[2024-05-18T05:40:59.110+0000] {processor.py:830} INFO - Processing file /home/ubuntu/airflow/airflow_env/lib/python3.12/site-packages/airflow/example_dags/example_params_trigger_ui.py for tasks to queue
[2024-05-18T05:40:59.112+0000] {logging_mixin.py:188} INFO - [2024-05-18T05:40:59.111+0000] {dagbag.py:545} INFO - Filling up the DagBag from /home/ubuntu/airflow/airflow_env/lib/python3.12/site-packages/airflow/example_dags/example_params_trigger_ui.py
[2024-05-18T05:40:59.130+0000] {processor.py:840} INFO - DAG(s) 'example_params_trigger_ui' retrieved from /home/ubuntu/airflow/airflow_env/lib/python3.12/site-packages/airflow/example_dags/example_params_trigger_ui.py
[2024-05-18T05:40:59.219+0000] {logging_mixin.py:188} INFO - [2024-05-18T05:40:59.219+0000] {dag.py:3096} INFO - Sync 1 DAGs
[2024-05-18T05:40:59.239+0000] {logging_mixin.py:188} INFO - [2024-05-18T05:40:59.239+0000] {dag.py:3954} INFO - Setting next_dagrun for example_params_trigger_ui to None, run_after=None
[2024-05-18T05:40:59.269+0000] {processor.py:183} INFO - Processing /home/ubuntu/airflow/airflow_env/lib/python3.12/site-packages/airflow/example_dags/example_params_trigger_ui.py took 0.169 seconds
[2024-05-18T05:41:29.766+0000] {processor.py:161} INFO - Started process (PID=16302) to work on /home/ubuntu/airflow/airflow_env/lib/python3.12/site-packages/airflow/example_dags/example_params_trigger_ui.py
[2024-05-18T05:41:29.769+0000] {processor.py:830} INFO - Processing file /home/ubuntu/airflow/airflow_env/lib/python3.12/site-packages/airflow/example_dags/example_params_trigger_ui.py for tasks to queue
[2024-05-18T05:41:29.775+0000] {logging_mixin.py:188} INFO - [2024-05-18T05:41:29.771+0000] {dagbag.py:545} INFO - Filling up the DagBag from /home/ubuntu/airflow/airflow_env/lib/python3.12/site-packages/airflow/example_dags/example_params_trigger_ui.py
[2024-05-18T05:41:29.822+0000] {processor.py:840} INFO - DAG(s) 'example_params_trigger_ui' retrieved from /home/ubuntu/airflow/airflow_env/lib/python3.12/site-packages/airflow/example_dags/example_params_trigger_ui.py
[2024-05-18T05:41:30.060+0000] {logging_mixin.py:188} INFO - [2024-05-18T05:41:30.059+0000] {dag.py:3096} INFO - Sync 1 DAGs
[2024-05-18T05:41:30.095+0000] {logging_mixin.py:188} INFO - [2024-05-18T05:41:30.095+0000] {dag.py:3954} INFO - Setting next_dagrun for example_params_trigger_ui to None, run_after=None
[2024-05-18T05:41:30.151+0000] {processor.py:183} INFO - Processing /home/ubuntu/airflow/airflow_env/lib/python3.12/site-packages/airflow/example_dags/example_params_trigger_ui.py took 0.410 seconds
[2024-05-18T05:42:00.351+0000] {processor.py:161} INFO - Started process (PID=16354) to work on /home/ubuntu/airflow/airflow_env/lib/python3.12/site-packages/airflow/example_dags/example_params_trigger_ui.py
[2024-05-18T05:42:00.352+0000] {processor.py:830} INFO - Processing file /home/ubuntu/airflow/airflow_env/lib/python3.12/site-packages/airflow/example_dags/example_params_trigger_ui.py for tasks to queue
[2024-05-18T05:42:00.354+0000] {logging_mixin.py:188} INFO - [2024-05-18T05:42:00.353+0000] {dagbag.py:545} INFO - Filling up the DagBag from /home/ubuntu/airflow/airflow_env/lib/python3.12/site-packages/airflow/example_dags/example_params_trigger_ui.py
[2024-05-18T05:42:00.380+0000] {processor.py:840} INFO - DAG(s) 'example_params_trigger_ui' retrieved from /home/ubuntu/airflow/airflow_env/lib/python3.12/site-packages/airflow/example_dags/example_params_trigger_ui.py
[2024-05-18T05:42:00.517+0000] {logging_mixin.py:188} INFO - [2024-05-18T05:42:00.516+0000] {dag.py:3096} INFO - Sync 1 DAGs
[2024-05-18T05:42:00.550+0000] {logging_mixin.py:188} INFO - [2024-05-18T05:42:00.549+0000] {dag.py:3954} INFO - Setting next_dagrun for example_params_trigger_ui to None, run_after=None
[2024-05-18T05:42:00.586+0000] {processor.py:183} INFO - Processing /home/ubuntu/airflow/airflow_env/lib/python3.12/site-packages/airflow/example_dags/example_params_trigger_ui.py took 0.243 seconds
[2024-05-18T05:42:30.739+0000] {processor.py:161} INFO - Started process (PID=16405) to work on /home/ubuntu/airflow/airflow_env/lib/python3.12/site-packages/airflow/example_dags/example_params_trigger_ui.py
[2024-05-18T05:42:30.741+0000] {processor.py:830} INFO - Processing file /home/ubuntu/airflow/airflow_env/lib/python3.12/site-packages/airflow/example_dags/example_params_trigger_ui.py for tasks to queue
[2024-05-18T05:42:30.743+0000] {logging_mixin.py:188} INFO - [2024-05-18T05:42:30.743+0000] {dagbag.py:545} INFO - Filling up the DagBag from /home/ubuntu/airflow/airflow_env/lib/python3.12/site-packages/airflow/example_dags/example_params_trigger_ui.py
[2024-05-18T05:42:30.771+0000] {processor.py:840} INFO - DAG(s) 'example_params_trigger_ui' retrieved from /home/ubuntu/airflow/airflow_env/lib/python3.12/site-packages/airflow/example_dags/example_params_trigger_ui.py
[2024-05-18T05:42:30.873+0000] {logging_mixin.py:188} INFO - [2024-05-18T05:42:30.873+0000] {dag.py:3096} INFO - Sync 1 DAGs
[2024-05-18T05:42:30.890+0000] {logging_mixin.py:188} INFO - [2024-05-18T05:42:30.890+0000] {dag.py:3954} INFO - Setting next_dagrun for example_params_trigger_ui to None, run_after=None
[2024-05-18T05:42:30.915+0000] {processor.py:183} INFO - Processing /home/ubuntu/airflow/airflow_env/lib/python3.12/site-packages/airflow/example_dags/example_params_trigger_ui.py took 0.185 seconds
[2024-05-18T05:43:01.598+0000] {processor.py:161} INFO - Started process (PID=16457) to work on /home/ubuntu/airflow/airflow_env/lib/python3.12/site-packages/airflow/example_dags/example_params_trigger_ui.py
[2024-05-18T05:43:01.599+0000] {processor.py:830} INFO - Processing file /home/ubuntu/airflow/airflow_env/lib/python3.12/site-packages/airflow/example_dags/example_params_trigger_ui.py for tasks to queue
[2024-05-18T05:43:01.601+0000] {logging_mixin.py:188} INFO - [2024-05-18T05:43:01.601+0000] {dagbag.py:545} INFO - Filling up the DagBag from /home/ubuntu/airflow/airflow_env/lib/python3.12/site-packages/airflow/example_dags/example_params_trigger_ui.py
[2024-05-18T05:43:01.621+0000] {processor.py:840} INFO - DAG(s) 'example_params_trigger_ui' retrieved from /home/ubuntu/airflow/airflow_env/lib/python3.12/site-packages/airflow/example_dags/example_params_trigger_ui.py
[2024-05-18T05:43:01.840+0000] {logging_mixin.py:188} INFO - [2024-05-18T05:43:01.840+0000] {dag.py:3096} INFO - Sync 1 DAGs
[2024-05-18T05:43:01.860+0000] {logging_mixin.py:188} INFO - [2024-05-18T05:43:01.860+0000] {dag.py:3954} INFO - Setting next_dagrun for example_params_trigger_ui to None, run_after=None
[2024-05-18T05:43:01.912+0000] {processor.py:183} INFO - Processing /home/ubuntu/airflow/airflow_env/lib/python3.12/site-packages/airflow/example_dags/example_params_trigger_ui.py took 0.323 seconds
[2024-05-18T05:43:32.436+0000] {processor.py:161} INFO - Started process (PID=16541) to work on /home/ubuntu/airflow/airflow_env/lib/python3.12/site-packages/airflow/example_dags/example_params_trigger_ui.py
[2024-05-18T05:43:32.437+0000] {processor.py:830} INFO - Processing file /home/ubuntu/airflow/airflow_env/lib/python3.12/site-packages/airflow/example_dags/example_params_trigger_ui.py for tasks to queue
[2024-05-18T05:43:32.440+0000] {logging_mixin.py:188} INFO - [2024-05-18T05:43:32.439+0000] {dagbag.py:545} INFO - Filling up the DagBag from /home/ubuntu/airflow/airflow_env/lib/python3.12/site-packages/airflow/example_dags/example_params_trigger_ui.py
[2024-05-18T05:43:32.460+0000] {processor.py:840} INFO - DAG(s) 'example_params_trigger_ui' retrieved from /home/ubuntu/airflow/airflow_env/lib/python3.12/site-packages/airflow/example_dags/example_params_trigger_ui.py
[2024-05-18T05:43:32.555+0000] {logging_mixin.py:188} INFO - [2024-05-18T05:43:32.555+0000] {dag.py:3096} INFO - Sync 1 DAGs
[2024-05-18T05:43:32.743+0000] {logging_mixin.py:188} INFO - [2024-05-18T05:43:32.743+0000] {dag.py:3954} INFO - Setting next_dagrun for example_params_trigger_ui to None, run_after=None
[2024-05-18T05:43:32.770+0000] {processor.py:183} INFO - Processing /home/ubuntu/airflow/airflow_env/lib/python3.12/site-packages/airflow/example_dags/example_params_trigger_ui.py took 0.343 seconds
[2024-05-18T05:44:02.943+0000] {processor.py:161} INFO - Started process (PID=16592) to work on /home/ubuntu/airflow/airflow_env/lib/python3.12/site-packages/airflow/example_dags/example_params_trigger_ui.py
[2024-05-18T05:44:02.944+0000] {processor.py:830} INFO - Processing file /home/ubuntu/airflow/airflow_env/lib/python3.12/site-packages/airflow/example_dags/example_params_trigger_ui.py for tasks to queue
[2024-05-18T05:44:02.947+0000] {logging_mixin.py:188} INFO - [2024-05-18T05:44:02.947+0000] {dagbag.py:545} INFO - Filling up the DagBag from /home/ubuntu/airflow/airflow_env/lib/python3.12/site-packages/airflow/example_dags/example_params_trigger_ui.py
[2024-05-18T05:44:03.011+0000] {processor.py:840} INFO - DAG(s) 'example_params_trigger_ui' retrieved from /home/ubuntu/airflow/airflow_env/lib/python3.12/site-packages/airflow/example_dags/example_params_trigger_ui.py
