[2024-05-18T04:44:52.798+0000] {processor.py:161} INFO - Started process (PID=12295) to work on /home/ubuntu/chch-fuel-recommendator/airflow/af_env/lib/python3.12/site-packages/airflow/example_dags/example_branch_datetime_operator.py
[2024-05-18T04:44:52.799+0000] {processor.py:830} INFO - Processing file /home/ubuntu/chch-fuel-recommendator/airflow/af_env/lib/python3.12/site-packages/airflow/example_dags/example_branch_datetime_operator.py for tasks to queue
[2024-05-18T04:44:52.801+0000] {logging_mixin.py:188} INFO - [2024-05-18T04:44:52.800+0000] {dagbag.py:545} INFO - Filling up the DagBag from /home/ubuntu/chch-fuel-recommendator/airflow/af_env/lib/python3.12/site-packages/airflow/example_dags/example_branch_datetime_operator.py
[2024-05-18T04:44:52.819+0000] {processor.py:840} INFO - DAG(s) 'example_branch_datetime_operator', 'example_branch_datetime_operator_3', 'example_branch_datetime_operator_2' retrieved from /home/ubuntu/chch-fuel-recommendator/airflow/af_env/lib/python3.12/site-packages/airflow/example_dags/example_branch_datetime_operator.py
[2024-05-18T04:44:53.018+0000] {logging_mixin.py:188} INFO - [2024-05-18T04:44:53.017+0000] {override.py:1829} INFO - Created Permission View: can edit on DAG:example_branch_datetime_operator
[2024-05-18T04:44:53.035+0000] {logging_mixin.py:188} INFO - [2024-05-18T04:44:53.035+0000] {override.py:1829} INFO - Created Permission View: can read on DAG:example_branch_datetime_operator
[2024-05-18T04:44:53.050+0000] {logging_mixin.py:188} INFO - [2024-05-18T04:44:53.050+0000] {override.py:1829} INFO - Created Permission View: can delete on DAG:example_branch_datetime_operator
[2024-05-18T04:44:53.079+0000] {logging_mixin.py:188} INFO - [2024-05-18T04:44:53.079+0000] {override.py:1829} INFO - Created Permission View: can edit on DAG:example_branch_datetime_operator_3
[2024-05-18T04:44:53.092+0000] {logging_mixin.py:188} INFO - [2024-05-18T04:44:53.091+0000] {override.py:1829} INFO - Created Permission View: can read on DAG:example_branch_datetime_operator_3
[2024-05-18T04:44:53.112+0000] {logging_mixin.py:188} INFO - [2024-05-18T04:44:53.109+0000] {override.py:1829} INFO - Created Permission View: can delete on DAG:example_branch_datetime_operator_3
[2024-05-18T04:44:53.141+0000] {logging_mixin.py:188} INFO - [2024-05-18T04:44:53.141+0000] {override.py:1829} INFO - Created Permission View: can edit on DAG:example_branch_datetime_operator_2
[2024-05-18T04:44:53.156+0000] {logging_mixin.py:188} INFO - [2024-05-18T04:44:53.155+0000] {override.py:1829} INFO - Created Permission View: can read on DAG:example_branch_datetime_operator_2
[2024-05-18T04:44:53.167+0000] {logging_mixin.py:188} INFO - [2024-05-18T04:44:53.167+0000] {override.py:1829} INFO - Created Permission View: can delete on DAG:example_branch_datetime_operator_2
[2024-05-18T04:44:53.168+0000] {logging_mixin.py:188} INFO - [2024-05-18T04:44:53.168+0000] {dag.py:3096} INFO - Sync 3 DAGs
[2024-05-18T04:44:53.182+0000] {logging_mixin.py:188} INFO - [2024-05-18T04:44:53.182+0000] {dag.py:3118} INFO - Creating ORM DAG for example_branch_datetime_operator
[2024-05-18T04:44:53.185+0000] {logging_mixin.py:188} INFO - [2024-05-18T04:44:53.184+0000] {dag.py:3118} INFO - Creating ORM DAG for example_branch_datetime_operator_2
[2024-05-18T04:44:53.186+0000] {logging_mixin.py:188} INFO - [2024-05-18T04:44:53.185+0000] {dag.py:3118} INFO - Creating ORM DAG for example_branch_datetime_operator_3
[2024-05-18T04:44:53.199+0000] {logging_mixin.py:188} INFO - [2024-05-18T04:44:53.199+0000] {dag.py:3954} INFO - Setting next_dagrun for example_branch_datetime_operator to 2024-05-17 00:00:00+00:00, run_after=2024-05-18 00:00:00+00:00
[2024-05-18T04:44:53.202+0000] {logging_mixin.py:188} INFO - [2024-05-18T04:44:53.201+0000] {dag.py:3954} INFO - Setting next_dagrun for example_branch_datetime_operator_2 to 2024-05-17 00:00:00+00:00, run_after=2024-05-18 00:00:00+00:00
[2024-05-18T04:44:53.204+0000] {logging_mixin.py:188} INFO - [2024-05-18T04:44:53.203+0000] {dag.py:3954} INFO - Setting next_dagrun for example_branch_datetime_operator_3 to 2024-05-17 00:00:00+00:00, run_after=2024-05-18 00:00:00+00:00
[2024-05-18T04:44:53.236+0000] {processor.py:183} INFO - Processing /home/ubuntu/chch-fuel-recommendator/airflow/af_env/lib/python3.12/site-packages/airflow/example_dags/example_branch_datetime_operator.py took 0.445 seconds
[2024-05-18T04:46:21.479+0000] {processor.py:161} INFO - Started process (PID=12384) to work on /home/ubuntu/chch-fuel-recommendator/airflow/af_env/lib/python3.12/site-packages/airflow/example_dags/example_branch_datetime_operator.py
[2024-05-18T04:46:21.481+0000] {processor.py:830} INFO - Processing file /home/ubuntu/chch-fuel-recommendator/airflow/af_env/lib/python3.12/site-packages/airflow/example_dags/example_branch_datetime_operator.py for tasks to queue
[2024-05-18T04:46:21.482+0000] {logging_mixin.py:188} INFO - [2024-05-18T04:46:21.482+0000] {dagbag.py:545} INFO - Filling up the DagBag from /home/ubuntu/chch-fuel-recommendator/airflow/af_env/lib/python3.12/site-packages/airflow/example_dags/example_branch_datetime_operator.py
[2024-05-18T04:46:21.492+0000] {processor.py:840} INFO - DAG(s) 'example_branch_datetime_operator_2', 'example_branch_datetime_operator_3', 'example_branch_datetime_operator' retrieved from /home/ubuntu/chch-fuel-recommendator/airflow/af_env/lib/python3.12/site-packages/airflow/example_dags/example_branch_datetime_operator.py
[2024-05-18T04:46:21.514+0000] {logging_mixin.py:188} INFO - [2024-05-18T04:46:21.514+0000] {dag.py:3096} INFO - Sync 3 DAGs
[2024-05-18T04:46:21.535+0000] {logging_mixin.py:188} INFO - [2024-05-18T04:46:21.534+0000] {dag.py:3954} INFO - Setting next_dagrun for example_branch_datetime_operator to 2024-05-17 00:00:00+00:00, run_after=2024-05-18 00:00:00+00:00
[2024-05-18T04:46:21.539+0000] {logging_mixin.py:188} INFO - [2024-05-18T04:46:21.539+0000] {dag.py:3954} INFO - Setting next_dagrun for example_branch_datetime_operator_2 to 2024-05-17 00:00:00+00:00, run_after=2024-05-18 00:00:00+00:00
[2024-05-18T04:46:21.542+0000] {logging_mixin.py:188} INFO - [2024-05-18T04:46:21.542+0000] {dag.py:3954} INFO - Setting next_dagrun for example_branch_datetime_operator_3 to 2024-05-17 00:00:00+00:00, run_after=2024-05-18 00:00:00+00:00
[2024-05-18T04:46:21.565+0000] {processor.py:183} INFO - Processing /home/ubuntu/chch-fuel-recommendator/airflow/af_env/lib/python3.12/site-packages/airflow/example_dags/example_branch_datetime_operator.py took 0.091 seconds
[2024-05-18T04:47:27.737+0000] {processor.py:161} INFO - Started process (PID=12450) to work on /home/ubuntu/chch-fuel-recommendator/airflow/af_env/lib/python3.12/site-packages/airflow/example_dags/example_branch_datetime_operator.py
[2024-05-18T04:47:27.738+0000] {processor.py:830} INFO - Processing file /home/ubuntu/chch-fuel-recommendator/airflow/af_env/lib/python3.12/site-packages/airflow/example_dags/example_branch_datetime_operator.py for tasks to queue
[2024-05-18T04:47:27.741+0000] {logging_mixin.py:188} INFO - [2024-05-18T04:47:27.740+0000] {dagbag.py:545} INFO - Filling up the DagBag from /home/ubuntu/chch-fuel-recommendator/airflow/af_env/lib/python3.12/site-packages/airflow/example_dags/example_branch_datetime_operator.py
[2024-05-18T04:47:27.752+0000] {processor.py:840} INFO - DAG(s) 'example_branch_datetime_operator', 'example_branch_datetime_operator_2', 'example_branch_datetime_operator_3' retrieved from /home/ubuntu/chch-fuel-recommendator/airflow/af_env/lib/python3.12/site-packages/airflow/example_dags/example_branch_datetime_operator.py
[2024-05-18T04:47:27.779+0000] {logging_mixin.py:188} INFO - [2024-05-18T04:47:27.778+0000] {dag.py:3096} INFO - Sync 3 DAGs
[2024-05-18T04:47:27.807+0000] {logging_mixin.py:188} INFO - [2024-05-18T04:47:27.807+0000] {dag.py:3954} INFO - Setting next_dagrun for example_branch_datetime_operator to 2024-05-17 00:00:00+00:00, run_after=2024-05-18 00:00:00+00:00
[2024-05-18T04:47:27.814+0000] {logging_mixin.py:188} INFO - [2024-05-18T04:47:27.813+0000] {dag.py:3954} INFO - Setting next_dagrun for example_branch_datetime_operator_2 to 2024-05-17 00:00:00+00:00, run_after=2024-05-18 00:00:00+00:00
[2024-05-18T04:47:27.817+0000] {logging_mixin.py:188} INFO - [2024-05-18T04:47:27.816+0000] {dag.py:3954} INFO - Setting next_dagrun for example_branch_datetime_operator_3 to 2024-05-17 00:00:00+00:00, run_after=2024-05-18 00:00:00+00:00
[2024-05-18T04:47:27.843+0000] {processor.py:183} INFO - Processing /home/ubuntu/chch-fuel-recommendator/airflow/af_env/lib/python3.12/site-packages/airflow/example_dags/example_branch_datetime_operator.py took 0.115 seconds
[2024-05-18T04:48:33.527+0000] {processor.py:161} INFO - Started process (PID=12515) to work on /home/ubuntu/chch-fuel-recommendator/airflow/af_env/lib/python3.12/site-packages/airflow/example_dags/example_branch_datetime_operator.py
[2024-05-18T04:48:33.528+0000] {processor.py:830} INFO - Processing file /home/ubuntu/chch-fuel-recommendator/airflow/af_env/lib/python3.12/site-packages/airflow/example_dags/example_branch_datetime_operator.py for tasks to queue
[2024-05-18T04:48:33.534+0000] {logging_mixin.py:188} INFO - [2024-05-18T04:48:33.530+0000] {dagbag.py:545} INFO - Filling up the DagBag from /home/ubuntu/chch-fuel-recommendator/airflow/af_env/lib/python3.12/site-packages/airflow/example_dags/example_branch_datetime_operator.py
[2024-05-18T04:48:33.554+0000] {processor.py:840} INFO - DAG(s) 'example_branch_datetime_operator', 'example_branch_datetime_operator_3', 'example_branch_datetime_operator_2' retrieved from /home/ubuntu/chch-fuel-recommendator/airflow/af_env/lib/python3.12/site-packages/airflow/example_dags/example_branch_datetime_operator.py
[2024-05-18T04:48:33.603+0000] {logging_mixin.py:188} INFO - [2024-05-18T04:48:33.603+0000] {dag.py:3096} INFO - Sync 3 DAGs
[2024-05-18T04:48:33.645+0000] {logging_mixin.py:188} INFO - [2024-05-18T04:48:33.645+0000] {dag.py:3954} INFO - Setting next_dagrun for example_branch_datetime_operator to 2024-05-17 00:00:00+00:00, run_after=2024-05-18 00:00:00+00:00
[2024-05-18T04:48:33.654+0000] {logging_mixin.py:188} INFO - [2024-05-18T04:48:33.651+0000] {dag.py:3954} INFO - Setting next_dagrun for example_branch_datetime_operator_2 to 2024-05-17 00:00:00+00:00, run_after=2024-05-18 00:00:00+00:00
[2024-05-18T04:48:33.658+0000] {logging_mixin.py:188} INFO - [2024-05-18T04:48:33.658+0000] {dag.py:3954} INFO - Setting next_dagrun for example_branch_datetime_operator_3 to 2024-05-17 00:00:00+00:00, run_after=2024-05-18 00:00:00+00:00
[2024-05-18T04:48:33.686+0000] {processor.py:183} INFO - Processing /home/ubuntu/chch-fuel-recommendator/airflow/af_env/lib/python3.12/site-packages/airflow/example_dags/example_branch_datetime_operator.py took 0.168 seconds
[2024-05-18T04:49:38.911+0000] {processor.py:161} INFO - Started process (PID=12579) to work on /home/ubuntu/chch-fuel-recommendator/airflow/af_env/lib/python3.12/site-packages/airflow/example_dags/example_branch_datetime_operator.py
[2024-05-18T04:49:38.913+0000] {processor.py:830} INFO - Processing file /home/ubuntu/chch-fuel-recommendator/airflow/af_env/lib/python3.12/site-packages/airflow/example_dags/example_branch_datetime_operator.py for tasks to queue
[2024-05-18T04:49:38.915+0000] {logging_mixin.py:188} INFO - [2024-05-18T04:49:38.915+0000] {dagbag.py:545} INFO - Filling up the DagBag from /home/ubuntu/chch-fuel-recommendator/airflow/af_env/lib/python3.12/site-packages/airflow/example_dags/example_branch_datetime_operator.py
[2024-05-18T04:49:38.938+0000] {processor.py:840} INFO - DAG(s) 'example_branch_datetime_operator', 'example_branch_datetime_operator_3', 'example_branch_datetime_operator_2' retrieved from /home/ubuntu/chch-fuel-recommendator/airflow/af_env/lib/python3.12/site-packages/airflow/example_dags/example_branch_datetime_operator.py
[2024-05-18T04:49:38.967+0000] {logging_mixin.py:188} INFO - [2024-05-18T04:49:38.967+0000] {dag.py:3096} INFO - Sync 3 DAGs
[2024-05-18T04:49:39.016+0000] {logging_mixin.py:188} INFO - [2024-05-18T04:49:39.014+0000] {dag.py:3954} INFO - Setting next_dagrun for example_branch_datetime_operator to 2024-05-17 00:00:00+00:00, run_after=2024-05-18 00:00:00+00:00
[2024-05-18T04:49:39.024+0000] {logging_mixin.py:188} INFO - [2024-05-18T04:49:39.023+0000] {dag.py:3954} INFO - Setting next_dagrun for example_branch_datetime_operator_2 to 2024-05-17 00:00:00+00:00, run_after=2024-05-18 00:00:00+00:00
[2024-05-18T04:49:39.027+0000] {logging_mixin.py:188} INFO - [2024-05-18T04:49:39.027+0000] {dag.py:3954} INFO - Setting next_dagrun for example_branch_datetime_operator_3 to 2024-05-17 00:00:00+00:00, run_after=2024-05-18 00:00:00+00:00
[2024-05-18T04:49:39.080+0000] {processor.py:183} INFO - Processing /home/ubuntu/chch-fuel-recommendator/airflow/af_env/lib/python3.12/site-packages/airflow/example_dags/example_branch_datetime_operator.py took 0.177 seconds
[2024-05-18T04:50:44.047+0000] {processor.py:161} INFO - Started process (PID=12649) to work on /home/ubuntu/chch-fuel-recommendator/airflow/af_env/lib/python3.12/site-packages/airflow/example_dags/example_branch_datetime_operator.py
[2024-05-18T04:50:44.049+0000] {processor.py:830} INFO - Processing file /home/ubuntu/chch-fuel-recommendator/airflow/af_env/lib/python3.12/site-packages/airflow/example_dags/example_branch_datetime_operator.py for tasks to queue
[2024-05-18T04:50:44.050+0000] {logging_mixin.py:188} INFO - [2024-05-18T04:50:44.050+0000] {dagbag.py:545} INFO - Filling up the DagBag from /home/ubuntu/chch-fuel-recommendator/airflow/af_env/lib/python3.12/site-packages/airflow/example_dags/example_branch_datetime_operator.py
[2024-05-18T04:50:44.060+0000] {processor.py:840} INFO - DAG(s) 'example_branch_datetime_operator_2', 'example_branch_datetime_operator_3', 'example_branch_datetime_operator' retrieved from /home/ubuntu/chch-fuel-recommendator/airflow/af_env/lib/python3.12/site-packages/airflow/example_dags/example_branch_datetime_operator.py
[2024-05-18T04:50:44.082+0000] {logging_mixin.py:188} INFO - [2024-05-18T04:50:44.082+0000] {dag.py:3096} INFO - Sync 3 DAGs
[2024-05-18T04:50:44.102+0000] {logging_mixin.py:188} INFO - [2024-05-18T04:50:44.102+0000] {dag.py:3954} INFO - Setting next_dagrun for example_branch_datetime_operator to 2024-05-17 00:00:00+00:00, run_after=2024-05-18 00:00:00+00:00
[2024-05-18T04:50:44.107+0000] {logging_mixin.py:188} INFO - [2024-05-18T04:50:44.107+0000] {dag.py:3954} INFO - Setting next_dagrun for example_branch_datetime_operator_2 to 2024-05-17 00:00:00+00:00, run_after=2024-05-18 00:00:00+00:00
[2024-05-18T04:50:44.109+0000] {logging_mixin.py:188} INFO - [2024-05-18T04:50:44.109+0000] {dag.py:3954} INFO - Setting next_dagrun for example_branch_datetime_operator_3 to 2024-05-17 00:00:00+00:00, run_after=2024-05-18 00:00:00+00:00
[2024-05-18T04:50:44.138+0000] {processor.py:183} INFO - Processing /home/ubuntu/chch-fuel-recommendator/airflow/af_env/lib/python3.12/site-packages/airflow/example_dags/example_branch_datetime_operator.py took 0.098 seconds
[2024-05-18T04:51:51.084+0000] {processor.py:161} INFO - Started process (PID=12715) to work on /home/ubuntu/chch-fuel-recommendator/airflow/af_env/lib/python3.12/site-packages/airflow/example_dags/example_branch_datetime_operator.py
[2024-05-18T04:51:51.085+0000] {processor.py:830} INFO - Processing file /home/ubuntu/chch-fuel-recommendator/airflow/af_env/lib/python3.12/site-packages/airflow/example_dags/example_branch_datetime_operator.py for tasks to queue
[2024-05-18T04:51:51.087+0000] {logging_mixin.py:188} INFO - [2024-05-18T04:51:51.086+0000] {dagbag.py:545} INFO - Filling up the DagBag from /home/ubuntu/chch-fuel-recommendator/airflow/af_env/lib/python3.12/site-packages/airflow/example_dags/example_branch_datetime_operator.py
[2024-05-18T04:51:51.099+0000] {processor.py:840} INFO - DAG(s) 'example_branch_datetime_operator', 'example_branch_datetime_operator_3', 'example_branch_datetime_operator_2' retrieved from /home/ubuntu/chch-fuel-recommendator/airflow/af_env/lib/python3.12/site-packages/airflow/example_dags/example_branch_datetime_operator.py
[2024-05-18T04:51:51.122+0000] {logging_mixin.py:188} INFO - [2024-05-18T04:51:51.122+0000] {dag.py:3096} INFO - Sync 3 DAGs
[2024-05-18T04:51:51.147+0000] {logging_mixin.py:188} INFO - [2024-05-18T04:51:51.146+0000] {dag.py:3954} INFO - Setting next_dagrun for example_branch_datetime_operator to 2024-05-17 00:00:00+00:00, run_after=2024-05-18 00:00:00+00:00
[2024-05-18T04:51:51.152+0000] {logging_mixin.py:188} INFO - [2024-05-18T04:51:51.152+0000] {dag.py:3954} INFO - Setting next_dagrun for example_branch_datetime_operator_2 to 2024-05-17 00:00:00+00:00, run_after=2024-05-18 00:00:00+00:00
[2024-05-18T04:51:51.154+0000] {logging_mixin.py:188} INFO - [2024-05-18T04:51:51.154+0000] {dag.py:3954} INFO - Setting next_dagrun for example_branch_datetime_operator_3 to 2024-05-17 00:00:00+00:00, run_after=2024-05-18 00:00:00+00:00
[2024-05-18T04:51:51.178+0000] {processor.py:183} INFO - Processing /home/ubuntu/chch-fuel-recommendator/airflow/af_env/lib/python3.12/site-packages/airflow/example_dags/example_branch_datetime_operator.py took 0.106 seconds
[2024-05-18T04:52:59.824+0000] {processor.py:161} INFO - Started process (PID=12782) to work on /home/ubuntu/chch-fuel-recommendator/airflow/af_env/lib/python3.12/site-packages/airflow/example_dags/example_branch_datetime_operator.py
[2024-05-18T04:52:59.826+0000] {processor.py:830} INFO - Processing file /home/ubuntu/chch-fuel-recommendator/airflow/af_env/lib/python3.12/site-packages/airflow/example_dags/example_branch_datetime_operator.py for tasks to queue
[2024-05-18T04:52:59.828+0000] {logging_mixin.py:188} INFO - [2024-05-18T04:52:59.828+0000] {dagbag.py:545} INFO - Filling up the DagBag from /home/ubuntu/chch-fuel-recommendator/airflow/af_env/lib/python3.12/site-packages/airflow/example_dags/example_branch_datetime_operator.py
[2024-05-18T04:52:59.842+0000] {processor.py:840} INFO - DAG(s) 'example_branch_datetime_operator', 'example_branch_datetime_operator_3', 'example_branch_datetime_operator_2' retrieved from /home/ubuntu/chch-fuel-recommendator/airflow/af_env/lib/python3.12/site-packages/airflow/example_dags/example_branch_datetime_operator.py
[2024-05-18T04:52:59.871+0000] {logging_mixin.py:188} INFO - [2024-05-18T04:52:59.870+0000] {dag.py:3096} INFO - Sync 3 DAGs
[2024-05-18T04:52:59.895+0000] {logging_mixin.py:188} INFO - [2024-05-18T04:52:59.895+0000] {dag.py:3954} INFO - Setting next_dagrun for example_branch_datetime_operator to 2024-05-17 00:00:00+00:00, run_after=2024-05-18 00:00:00+00:00
[2024-05-18T04:52:59.902+0000] {logging_mixin.py:188} INFO - [2024-05-18T04:52:59.901+0000] {dag.py:3954} INFO - Setting next_dagrun for example_branch_datetime_operator_2 to 2024-05-17 00:00:00+00:00, run_after=2024-05-18 00:00:00+00:00
[2024-05-18T04:52:59.904+0000] {logging_mixin.py:188} INFO - [2024-05-18T04:52:59.904+0000] {dag.py:3954} INFO - Setting next_dagrun for example_branch_datetime_operator_3 to 2024-05-17 00:00:00+00:00, run_after=2024-05-18 00:00:00+00:00
[2024-05-18T04:52:59.925+0000] {processor.py:183} INFO - Processing /home/ubuntu/chch-fuel-recommendator/airflow/af_env/lib/python3.12/site-packages/airflow/example_dags/example_branch_datetime_operator.py took 0.108 seconds
[2024-05-18T05:32:19.917+0000] {processor.py:161} INFO - Started process (PID=15105) to work on /home/ubuntu/airflow/airflow_env/lib/python3.12/site-packages/airflow/example_dags/example_branch_datetime_operator.py
[2024-05-18T05:32:19.919+0000] {processor.py:830} INFO - Processing file /home/ubuntu/airflow/airflow_env/lib/python3.12/site-packages/airflow/example_dags/example_branch_datetime_operator.py for tasks to queue
[2024-05-18T05:32:19.921+0000] {logging_mixin.py:188} INFO - [2024-05-18T05:32:19.921+0000] {dagbag.py:545} INFO - Filling up the DagBag from /home/ubuntu/airflow/airflow_env/lib/python3.12/site-packages/airflow/example_dags/example_branch_datetime_operator.py
[2024-05-18T05:32:19.937+0000] {processor.py:840} INFO - DAG(s) 'example_branch_datetime_operator', 'example_branch_datetime_operator_2', 'example_branch_datetime_operator_3' retrieved from /home/ubuntu/airflow/airflow_env/lib/python3.12/site-packages/airflow/example_dags/example_branch_datetime_operator.py
[2024-05-18T05:32:20.206+0000] {logging_mixin.py:188} INFO - [2024-05-18T05:32:20.206+0000] {dag.py:3096} INFO - Sync 3 DAGs
[2024-05-18T05:32:20.245+0000] {logging_mixin.py:188} INFO - [2024-05-18T05:32:20.244+0000] {dag.py:3954} INFO - Setting next_dagrun for example_branch_datetime_operator to 2024-05-17 00:00:00+00:00, run_after=2024-05-18 00:00:00+00:00
[2024-05-18T05:32:20.253+0000] {logging_mixin.py:188} INFO - [2024-05-18T05:32:20.252+0000] {dag.py:3954} INFO - Setting next_dagrun for example_branch_datetime_operator_2 to 2024-05-17 00:00:00+00:00, run_after=2024-05-18 00:00:00+00:00
[2024-05-18T05:32:20.259+0000] {logging_mixin.py:188} INFO - [2024-05-18T05:32:20.258+0000] {dag.py:3954} INFO - Setting next_dagrun for example_branch_datetime_operator_3 to 2024-05-17 00:00:00+00:00, run_after=2024-05-18 00:00:00+00:00
[2024-05-18T05:32:20.296+0000] {processor.py:183} INFO - Processing /home/ubuntu/airflow/airflow_env/lib/python3.12/site-packages/airflow/example_dags/example_branch_datetime_operator.py took 0.387 seconds
[2024-05-18T05:32:50.667+0000] {processor.py:161} INFO - Started process (PID=15159) to work on /home/ubuntu/airflow/airflow_env/lib/python3.12/site-packages/airflow/example_dags/example_branch_datetime_operator.py
[2024-05-18T05:32:50.668+0000] {processor.py:830} INFO - Processing file /home/ubuntu/airflow/airflow_env/lib/python3.12/site-packages/airflow/example_dags/example_branch_datetime_operator.py for tasks to queue
[2024-05-18T05:32:50.670+0000] {logging_mixin.py:188} INFO - [2024-05-18T05:32:50.670+0000] {dagbag.py:545} INFO - Filling up the DagBag from /home/ubuntu/airflow/airflow_env/lib/python3.12/site-packages/airflow/example_dags/example_branch_datetime_operator.py
[2024-05-18T05:32:50.682+0000] {processor.py:840} INFO - DAG(s) 'example_branch_datetime_operator', 'example_branch_datetime_operator_3', 'example_branch_datetime_operator_2' retrieved from /home/ubuntu/airflow/airflow_env/lib/python3.12/site-packages/airflow/example_dags/example_branch_datetime_operator.py
[2024-05-18T05:32:50.745+0000] {logging_mixin.py:188} INFO - [2024-05-18T05:32:50.745+0000] {dag.py:3096} INFO - Sync 3 DAGs
[2024-05-18T05:32:50.777+0000] {logging_mixin.py:188} INFO - [2024-05-18T05:32:50.777+0000] {dag.py:3954} INFO - Setting next_dagrun for example_branch_datetime_operator to 2024-05-17 00:00:00+00:00, run_after=2024-05-18 00:00:00+00:00
[2024-05-18T05:32:50.784+0000] {logging_mixin.py:188} INFO - [2024-05-18T05:32:50.784+0000] {dag.py:3954} INFO - Setting next_dagrun for example_branch_datetime_operator_2 to 2024-05-17 00:00:00+00:00, run_after=2024-05-18 00:00:00+00:00
[2024-05-18T05:32:50.789+0000] {logging_mixin.py:188} INFO - [2024-05-18T05:32:50.789+0000] {dag.py:3954} INFO - Setting next_dagrun for example_branch_datetime_operator_3 to 2024-05-17 00:00:00+00:00, run_after=2024-05-18 00:00:00+00:00
[2024-05-18T05:32:50.814+0000] {processor.py:183} INFO - Processing /home/ubuntu/airflow/airflow_env/lib/python3.12/site-packages/airflow/example_dags/example_branch_datetime_operator.py took 0.154 seconds
[2024-05-18T05:33:21.198+0000] {processor.py:161} INFO - Started process (PID=15213) to work on /home/ubuntu/airflow/airflow_env/lib/python3.12/site-packages/airflow/example_dags/example_branch_datetime_operator.py
[2024-05-18T05:33:21.199+0000] {processor.py:830} INFO - Processing file /home/ubuntu/airflow/airflow_env/lib/python3.12/site-packages/airflow/example_dags/example_branch_datetime_operator.py for tasks to queue
[2024-05-18T05:33:21.202+0000] {logging_mixin.py:188} INFO - [2024-05-18T05:33:21.201+0000] {dagbag.py:545} INFO - Filling up the DagBag from /home/ubuntu/airflow/airflow_env/lib/python3.12/site-packages/airflow/example_dags/example_branch_datetime_operator.py
[2024-05-18T05:33:21.222+0000] {processor.py:840} INFO - DAG(s) 'example_branch_datetime_operator_3', 'example_branch_datetime_operator_2', 'example_branch_datetime_operator' retrieved from /home/ubuntu/airflow/airflow_env/lib/python3.12/site-packages/airflow/example_dags/example_branch_datetime_operator.py
[2024-05-18T05:33:21.309+0000] {logging_mixin.py:188} INFO - [2024-05-18T05:33:21.309+0000] {dag.py:3096} INFO - Sync 3 DAGs
[2024-05-18T05:33:21.365+0000] {logging_mixin.py:188} INFO - [2024-05-18T05:33:21.365+0000] {dag.py:3954} INFO - Setting next_dagrun for example_branch_datetime_operator to 2024-05-17 00:00:00+00:00, run_after=2024-05-18 00:00:00+00:00
[2024-05-18T05:33:21.373+0000] {logging_mixin.py:188} INFO - [2024-05-18T05:33:21.373+0000] {dag.py:3954} INFO - Setting next_dagrun for example_branch_datetime_operator_2 to 2024-05-17 00:00:00+00:00, run_after=2024-05-18 00:00:00+00:00
[2024-05-18T05:33:21.377+0000] {logging_mixin.py:188} INFO - [2024-05-18T05:33:21.376+0000] {dag.py:3954} INFO - Setting next_dagrun for example_branch_datetime_operator_3 to 2024-05-17 00:00:00+00:00, run_after=2024-05-18 00:00:00+00:00
[2024-05-18T05:33:21.414+0000] {processor.py:183} INFO - Processing /home/ubuntu/airflow/airflow_env/lib/python3.12/site-packages/airflow/example_dags/example_branch_datetime_operator.py took 0.225 seconds
[2024-05-18T05:33:51.514+0000] {processor.py:161} INFO - Started process (PID=15265) to work on /home/ubuntu/airflow/airflow_env/lib/python3.12/site-packages/airflow/example_dags/example_branch_datetime_operator.py
[2024-05-18T05:33:51.515+0000] {processor.py:830} INFO - Processing file /home/ubuntu/airflow/airflow_env/lib/python3.12/site-packages/airflow/example_dags/example_branch_datetime_operator.py for tasks to queue
[2024-05-18T05:33:51.517+0000] {logging_mixin.py:188} INFO - [2024-05-18T05:33:51.517+0000] {dagbag.py:545} INFO - Filling up the DagBag from /home/ubuntu/airflow/airflow_env/lib/python3.12/site-packages/airflow/example_dags/example_branch_datetime_operator.py
[2024-05-18T05:33:51.533+0000] {processor.py:840} INFO - DAG(s) 'example_branch_datetime_operator', 'example_branch_datetime_operator_2', 'example_branch_datetime_operator_3' retrieved from /home/ubuntu/airflow/airflow_env/lib/python3.12/site-packages/airflow/example_dags/example_branch_datetime_operator.py
[2024-05-18T05:33:51.653+0000] {logging_mixin.py:188} INFO - [2024-05-18T05:33:51.653+0000] {dag.py:3096} INFO - Sync 3 DAGs
[2024-05-18T05:33:51.688+0000] {logging_mixin.py:188} INFO - [2024-05-18T05:33:51.688+0000] {dag.py:3954} INFO - Setting next_dagrun for example_branch_datetime_operator to 2024-05-17 00:00:00+00:00, run_after=2024-05-18 00:00:00+00:00
[2024-05-18T05:33:51.697+0000] {logging_mixin.py:188} INFO - [2024-05-18T05:33:51.697+0000] {dag.py:3954} INFO - Setting next_dagrun for example_branch_datetime_operator_2 to 2024-05-17 00:00:00+00:00, run_after=2024-05-18 00:00:00+00:00
[2024-05-18T05:33:51.701+0000] {logging_mixin.py:188} INFO - [2024-05-18T05:33:51.700+0000] {dag.py:3954} INFO - Setting next_dagrun for example_branch_datetime_operator_3 to 2024-05-17 00:00:00+00:00, run_after=2024-05-18 00:00:00+00:00
[2024-05-18T05:33:51.727+0000] {processor.py:183} INFO - Processing /home/ubuntu/airflow/airflow_env/lib/python3.12/site-packages/airflow/example_dags/example_branch_datetime_operator.py took 0.222 seconds
[2024-05-18T05:34:22.325+0000] {processor.py:161} INFO - Started process (PID=15316) to work on /home/ubuntu/airflow/airflow_env/lib/python3.12/site-packages/airflow/example_dags/example_branch_datetime_operator.py
[2024-05-18T05:34:22.327+0000] {processor.py:830} INFO - Processing file /home/ubuntu/airflow/airflow_env/lib/python3.12/site-packages/airflow/example_dags/example_branch_datetime_operator.py for tasks to queue
[2024-05-18T05:34:22.330+0000] {logging_mixin.py:188} INFO - [2024-05-18T05:34:22.329+0000] {dagbag.py:545} INFO - Filling up the DagBag from /home/ubuntu/airflow/airflow_env/lib/python3.12/site-packages/airflow/example_dags/example_branch_datetime_operator.py
[2024-05-18T05:34:22.346+0000] {processor.py:840} INFO - DAG(s) 'example_branch_datetime_operator_2', 'example_branch_datetime_operator_3', 'example_branch_datetime_operator' retrieved from /home/ubuntu/airflow/airflow_env/lib/python3.12/site-packages/airflow/example_dags/example_branch_datetime_operator.py
[2024-05-18T05:34:22.407+0000] {logging_mixin.py:188} INFO - [2024-05-18T05:34:22.407+0000] {dag.py:3096} INFO - Sync 3 DAGs
[2024-05-18T05:34:22.439+0000] {logging_mixin.py:188} INFO - [2024-05-18T05:34:22.439+0000] {dag.py:3954} INFO - Setting next_dagrun for example_branch_datetime_operator to 2024-05-17 00:00:00+00:00, run_after=2024-05-18 00:00:00+00:00
[2024-05-18T05:34:22.448+0000] {logging_mixin.py:188} INFO - [2024-05-18T05:34:22.448+0000] {dag.py:3954} INFO - Setting next_dagrun for example_branch_datetime_operator_2 to 2024-05-17 00:00:00+00:00, run_after=2024-05-18 00:00:00+00:00
[2024-05-18T05:34:22.452+0000] {logging_mixin.py:188} INFO - [2024-05-18T05:34:22.452+0000] {dag.py:3954} INFO - Setting next_dagrun for example_branch_datetime_operator_3 to 2024-05-17 00:00:00+00:00, run_after=2024-05-18 00:00:00+00:00
[2024-05-18T05:34:22.490+0000] {processor.py:183} INFO - Processing /home/ubuntu/airflow/airflow_env/lib/python3.12/site-packages/airflow/example_dags/example_branch_datetime_operator.py took 0.172 seconds
[2024-05-18T05:34:52.851+0000] {processor.py:161} INFO - Started process (PID=15367) to work on /home/ubuntu/airflow/airflow_env/lib/python3.12/site-packages/airflow/example_dags/example_branch_datetime_operator.py
[2024-05-18T05:34:52.853+0000] {processor.py:830} INFO - Processing file /home/ubuntu/airflow/airflow_env/lib/python3.12/site-packages/airflow/example_dags/example_branch_datetime_operator.py for tasks to queue
[2024-05-18T05:34:52.856+0000] {logging_mixin.py:188} INFO - [2024-05-18T05:34:52.856+0000] {dagbag.py:545} INFO - Filling up the DagBag from /home/ubuntu/airflow/airflow_env/lib/python3.12/site-packages/airflow/example_dags/example_branch_datetime_operator.py
[2024-05-18T05:34:52.877+0000] {processor.py:840} INFO - DAG(s) 'example_branch_datetime_operator_3', 'example_branch_datetime_operator', 'example_branch_datetime_operator_2' retrieved from /home/ubuntu/airflow/airflow_env/lib/python3.12/site-packages/airflow/example_dags/example_branch_datetime_operator.py
[2024-05-18T05:34:52.972+0000] {logging_mixin.py:188} INFO - [2024-05-18T05:34:52.972+0000] {dag.py:3096} INFO - Sync 3 DAGs
[2024-05-18T05:34:53.013+0000] {logging_mixin.py:188} INFO - [2024-05-18T05:34:53.013+0000] {dag.py:3954} INFO - Setting next_dagrun for example_branch_datetime_operator to 2024-05-17 00:00:00+00:00, run_after=2024-05-18 00:00:00+00:00
[2024-05-18T05:34:53.022+0000] {logging_mixin.py:188} INFO - [2024-05-18T05:34:53.021+0000] {dag.py:3954} INFO - Setting next_dagrun for example_branch_datetime_operator_2 to 2024-05-17 00:00:00+00:00, run_after=2024-05-18 00:00:00+00:00
[2024-05-18T05:34:53.026+0000] {logging_mixin.py:188} INFO - [2024-05-18T05:34:53.025+0000] {dag.py:3954} INFO - Setting next_dagrun for example_branch_datetime_operator_3 to 2024-05-17 00:00:00+00:00, run_after=2024-05-18 00:00:00+00:00
[2024-05-18T05:34:53.054+0000] {processor.py:183} INFO - Processing /home/ubuntu/airflow/airflow_env/lib/python3.12/site-packages/airflow/example_dags/example_branch_datetime_operator.py took 0.211 seconds
[2024-05-18T05:35:23.139+0000] {processor.py:161} INFO - Started process (PID=15421) to work on /home/ubuntu/airflow/airflow_env/lib/python3.12/site-packages/airflow/example_dags/example_branch_datetime_operator.py
[2024-05-18T05:35:23.140+0000] {processor.py:830} INFO - Processing file /home/ubuntu/airflow/airflow_env/lib/python3.12/site-packages/airflow/example_dags/example_branch_datetime_operator.py for tasks to queue
[2024-05-18T05:35:23.143+0000] {logging_mixin.py:188} INFO - [2024-05-18T05:35:23.142+0000] {dagbag.py:545} INFO - Filling up the DagBag from /home/ubuntu/airflow/airflow_env/lib/python3.12/site-packages/airflow/example_dags/example_branch_datetime_operator.py
[2024-05-18T05:35:23.162+0000] {processor.py:840} INFO - DAG(s) 'example_branch_datetime_operator_3', 'example_branch_datetime_operator_2', 'example_branch_datetime_operator' retrieved from /home/ubuntu/airflow/airflow_env/lib/python3.12/site-packages/airflow/example_dags/example_branch_datetime_operator.py
[2024-05-18T05:35:23.241+0000] {logging_mixin.py:188} INFO - [2024-05-18T05:35:23.240+0000] {dag.py:3096} INFO - Sync 3 DAGs
[2024-05-18T05:35:23.284+0000] {logging_mixin.py:188} INFO - [2024-05-18T05:35:23.283+0000] {dag.py:3954} INFO - Setting next_dagrun for example_branch_datetime_operator to 2024-05-17 00:00:00+00:00, run_after=2024-05-18 00:00:00+00:00
[2024-05-18T05:35:23.292+0000] {logging_mixin.py:188} INFO - [2024-05-18T05:35:23.292+0000] {dag.py:3954} INFO - Setting next_dagrun for example_branch_datetime_operator_2 to 2024-05-17 00:00:00+00:00, run_after=2024-05-18 00:00:00+00:00
[2024-05-18T05:35:23.295+0000] {logging_mixin.py:188} INFO - [2024-05-18T05:35:23.295+0000] {dag.py:3954} INFO - Setting next_dagrun for example_branch_datetime_operator_3 to 2024-05-17 00:00:00+00:00, run_after=2024-05-18 00:00:00+00:00
[2024-05-18T05:35:23.324+0000] {processor.py:183} INFO - Processing /home/ubuntu/airflow/airflow_env/lib/python3.12/site-packages/airflow/example_dags/example_branch_datetime_operator.py took 0.197 seconds
[2024-05-18T05:35:53.506+0000] {processor.py:161} INFO - Started process (PID=15472) to work on /home/ubuntu/airflow/airflow_env/lib/python3.12/site-packages/airflow/example_dags/example_branch_datetime_operator.py
[2024-05-18T05:35:53.507+0000] {processor.py:830} INFO - Processing file /home/ubuntu/airflow/airflow_env/lib/python3.12/site-packages/airflow/example_dags/example_branch_datetime_operator.py for tasks to queue
[2024-05-18T05:35:53.510+0000] {logging_mixin.py:188} INFO - [2024-05-18T05:35:53.509+0000] {dagbag.py:545} INFO - Filling up the DagBag from /home/ubuntu/airflow/airflow_env/lib/python3.12/site-packages/airflow/example_dags/example_branch_datetime_operator.py
[2024-05-18T05:35:53.529+0000] {processor.py:840} INFO - DAG(s) 'example_branch_datetime_operator_3', 'example_branch_datetime_operator_2', 'example_branch_datetime_operator' retrieved from /home/ubuntu/airflow/airflow_env/lib/python3.12/site-packages/airflow/example_dags/example_branch_datetime_operator.py
[2024-05-18T05:35:53.608+0000] {logging_mixin.py:188} INFO - [2024-05-18T05:35:53.608+0000] {dag.py:3096} INFO - Sync 3 DAGs
[2024-05-18T05:35:53.658+0000] {logging_mixin.py:188} INFO - [2024-05-18T05:35:53.657+0000] {dag.py:3954} INFO - Setting next_dagrun for example_branch_datetime_operator to 2024-05-17 00:00:00+00:00, run_after=2024-05-18 00:00:00+00:00
[2024-05-18T05:35:53.669+0000] {logging_mixin.py:188} INFO - [2024-05-18T05:35:53.668+0000] {dag.py:3954} INFO - Setting next_dagrun for example_branch_datetime_operator_2 to 2024-05-17 00:00:00+00:00, run_after=2024-05-18 00:00:00+00:00
[2024-05-18T05:35:53.681+0000] {logging_mixin.py:188} INFO - [2024-05-18T05:35:53.681+0000] {dag.py:3954} INFO - Setting next_dagrun for example_branch_datetime_operator_3 to 2024-05-17 00:00:00+00:00, run_after=2024-05-18 00:00:00+00:00
[2024-05-18T05:35:53.716+0000] {processor.py:183} INFO - Processing /home/ubuntu/airflow/airflow_env/lib/python3.12/site-packages/airflow/example_dags/example_branch_datetime_operator.py took 0.219 seconds
[2024-05-18T05:36:24.263+0000] {processor.py:161} INFO - Started process (PID=15523) to work on /home/ubuntu/airflow/airflow_env/lib/python3.12/site-packages/airflow/example_dags/example_branch_datetime_operator.py
[2024-05-18T05:36:24.264+0000] {processor.py:830} INFO - Processing file /home/ubuntu/airflow/airflow_env/lib/python3.12/site-packages/airflow/example_dags/example_branch_datetime_operator.py for tasks to queue
[2024-05-18T05:36:24.266+0000] {logging_mixin.py:188} INFO - [2024-05-18T05:36:24.266+0000] {dagbag.py:545} INFO - Filling up the DagBag from /home/ubuntu/airflow/airflow_env/lib/python3.12/site-packages/airflow/example_dags/example_branch_datetime_operator.py
[2024-05-18T05:36:24.285+0000] {processor.py:840} INFO - DAG(s) 'example_branch_datetime_operator_2', 'example_branch_datetime_operator_3', 'example_branch_datetime_operator' retrieved from /home/ubuntu/airflow/airflow_env/lib/python3.12/site-packages/airflow/example_dags/example_branch_datetime_operator.py
[2024-05-18T05:36:24.378+0000] {logging_mixin.py:188} INFO - [2024-05-18T05:36:24.377+0000] {dag.py:3096} INFO - Sync 3 DAGs
[2024-05-18T05:36:24.420+0000] {logging_mixin.py:188} INFO - [2024-05-18T05:36:24.420+0000] {dag.py:3954} INFO - Setting next_dagrun for example_branch_datetime_operator to 2024-05-17 00:00:00+00:00, run_after=2024-05-18 00:00:00+00:00
[2024-05-18T05:36:24.428+0000] {logging_mixin.py:188} INFO - [2024-05-18T05:36:24.427+0000] {dag.py:3954} INFO - Setting next_dagrun for example_branch_datetime_operator_2 to 2024-05-17 00:00:00+00:00, run_after=2024-05-18 00:00:00+00:00
[2024-05-18T05:36:24.431+0000] {logging_mixin.py:188} INFO - [2024-05-18T05:36:24.431+0000] {dag.py:3954} INFO - Setting next_dagrun for example_branch_datetime_operator_3 to 2024-05-17 00:00:00+00:00, run_after=2024-05-18 00:00:00+00:00
[2024-05-18T05:36:24.458+0000] {processor.py:183} INFO - Processing /home/ubuntu/airflow/airflow_env/lib/python3.12/site-packages/airflow/example_dags/example_branch_datetime_operator.py took 0.204 seconds
[2024-05-18T05:36:55.176+0000] {processor.py:161} INFO - Started process (PID=15574) to work on /home/ubuntu/airflow/airflow_env/lib/python3.12/site-packages/airflow/example_dags/example_branch_datetime_operator.py
[2024-05-18T05:36:55.177+0000] {processor.py:830} INFO - Processing file /home/ubuntu/airflow/airflow_env/lib/python3.12/site-packages/airflow/example_dags/example_branch_datetime_operator.py for tasks to queue
[2024-05-18T05:36:55.180+0000] {logging_mixin.py:188} INFO - [2024-05-18T05:36:55.179+0000] {dagbag.py:545} INFO - Filling up the DagBag from /home/ubuntu/airflow/airflow_env/lib/python3.12/site-packages/airflow/example_dags/example_branch_datetime_operator.py
[2024-05-18T05:36:55.195+0000] {processor.py:840} INFO - DAG(s) 'example_branch_datetime_operator_3', 'example_branch_datetime_operator', 'example_branch_datetime_operator_2' retrieved from /home/ubuntu/airflow/airflow_env/lib/python3.12/site-packages/airflow/example_dags/example_branch_datetime_operator.py
[2024-05-18T05:36:55.278+0000] {logging_mixin.py:188} INFO - [2024-05-18T05:36:55.277+0000] {dag.py:3096} INFO - Sync 3 DAGs
[2024-05-18T05:36:55.320+0000] {logging_mixin.py:188} INFO - [2024-05-18T05:36:55.319+0000] {dag.py:3954} INFO - Setting next_dagrun for example_branch_datetime_operator to 2024-05-17 00:00:00+00:00, run_after=2024-05-18 00:00:00+00:00
[2024-05-18T05:36:55.328+0000] {logging_mixin.py:188} INFO - [2024-05-18T05:36:55.328+0000] {dag.py:3954} INFO - Setting next_dagrun for example_branch_datetime_operator_2 to 2024-05-17 00:00:00+00:00, run_after=2024-05-18 00:00:00+00:00
[2024-05-18T05:36:55.332+0000] {logging_mixin.py:188} INFO - [2024-05-18T05:36:55.331+0000] {dag.py:3954} INFO - Setting next_dagrun for example_branch_datetime_operator_3 to 2024-05-17 00:00:00+00:00, run_after=2024-05-18 00:00:00+00:00
[2024-05-18T05:36:55.358+0000] {processor.py:183} INFO - Processing /home/ubuntu/airflow/airflow_env/lib/python3.12/site-packages/airflow/example_dags/example_branch_datetime_operator.py took 0.192 seconds
[2024-05-18T05:37:26.332+0000] {processor.py:161} INFO - Started process (PID=15625) to work on /home/ubuntu/airflow/airflow_env/lib/python3.12/site-packages/airflow/example_dags/example_branch_datetime_operator.py
[2024-05-18T05:37:26.334+0000] {processor.py:830} INFO - Processing file /home/ubuntu/airflow/airflow_env/lib/python3.12/site-packages/airflow/example_dags/example_branch_datetime_operator.py for tasks to queue
[2024-05-18T05:37:26.337+0000] {logging_mixin.py:188} INFO - [2024-05-18T05:37:26.336+0000] {dagbag.py:545} INFO - Filling up the DagBag from /home/ubuntu/airflow/airflow_env/lib/python3.12/site-packages/airflow/example_dags/example_branch_datetime_operator.py
[2024-05-18T05:37:26.355+0000] {processor.py:840} INFO - DAG(s) 'example_branch_datetime_operator', 'example_branch_datetime_operator_2', 'example_branch_datetime_operator_3' retrieved from /home/ubuntu/airflow/airflow_env/lib/python3.12/site-packages/airflow/example_dags/example_branch_datetime_operator.py
[2024-05-18T05:37:26.422+0000] {logging_mixin.py:188} INFO - [2024-05-18T05:37:26.421+0000] {dag.py:3096} INFO - Sync 3 DAGs
[2024-05-18T05:37:26.456+0000] {logging_mixin.py:188} INFO - [2024-05-18T05:37:26.456+0000] {dag.py:3954} INFO - Setting next_dagrun for example_branch_datetime_operator to 2024-05-17 00:00:00+00:00, run_after=2024-05-18 00:00:00+00:00
[2024-05-18T05:37:26.464+0000] {logging_mixin.py:188} INFO - [2024-05-18T05:37:26.463+0000] {dag.py:3954} INFO - Setting next_dagrun for example_branch_datetime_operator_2 to 2024-05-17 00:00:00+00:00, run_after=2024-05-18 00:00:00+00:00
[2024-05-18T05:37:26.467+0000] {logging_mixin.py:188} INFO - [2024-05-18T05:37:26.467+0000] {dag.py:3954} INFO - Setting next_dagrun for example_branch_datetime_operator_3 to 2024-05-17 00:00:00+00:00, run_after=2024-05-18 00:00:00+00:00
[2024-05-18T05:37:26.495+0000] {processor.py:183} INFO - Processing /home/ubuntu/airflow/airflow_env/lib/python3.12/site-packages/airflow/example_dags/example_branch_datetime_operator.py took 0.171 seconds
[2024-05-18T05:37:57.612+0000] {processor.py:161} INFO - Started process (PID=15677) to work on /home/ubuntu/airflow/airflow_env/lib/python3.12/site-packages/airflow/example_dags/example_branch_datetime_operator.py
[2024-05-18T05:37:57.613+0000] {processor.py:830} INFO - Processing file /home/ubuntu/airflow/airflow_env/lib/python3.12/site-packages/airflow/example_dags/example_branch_datetime_operator.py for tasks to queue
[2024-05-18T05:37:57.616+0000] {logging_mixin.py:188} INFO - [2024-05-18T05:37:57.616+0000] {dagbag.py:545} INFO - Filling up the DagBag from /home/ubuntu/airflow/airflow_env/lib/python3.12/site-packages/airflow/example_dags/example_branch_datetime_operator.py
[2024-05-18T05:37:57.641+0000] {processor.py:840} INFO - DAG(s) 'example_branch_datetime_operator', 'example_branch_datetime_operator_2', 'example_branch_datetime_operator_3' retrieved from /home/ubuntu/airflow/airflow_env/lib/python3.12/site-packages/airflow/example_dags/example_branch_datetime_operator.py
[2024-05-18T05:37:57.711+0000] {logging_mixin.py:188} INFO - [2024-05-18T05:37:57.711+0000] {dag.py:3096} INFO - Sync 3 DAGs
[2024-05-18T05:37:57.750+0000] {logging_mixin.py:188} INFO - [2024-05-18T05:37:57.749+0000] {dag.py:3954} INFO - Setting next_dagrun for example_branch_datetime_operator to 2024-05-17 00:00:00+00:00, run_after=2024-05-18 00:00:00+00:00
[2024-05-18T05:37:57.758+0000] {logging_mixin.py:188} INFO - [2024-05-18T05:37:57.757+0000] {dag.py:3954} INFO - Setting next_dagrun for example_branch_datetime_operator_2 to 2024-05-17 00:00:00+00:00, run_after=2024-05-18 00:00:00+00:00
[2024-05-18T05:37:57.762+0000] {logging_mixin.py:188} INFO - [2024-05-18T05:37:57.761+0000] {dag.py:3954} INFO - Setting next_dagrun for example_branch_datetime_operator_3 to 2024-05-17 00:00:00+00:00, run_after=2024-05-18 00:00:00+00:00
[2024-05-18T05:37:57.809+0000] {processor.py:183} INFO - Processing /home/ubuntu/airflow/airflow_env/lib/python3.12/site-packages/airflow/example_dags/example_branch_datetime_operator.py took 0.208 seconds
[2024-05-18T05:38:28.842+0000] {processor.py:161} INFO - Started process (PID=15728) to work on /home/ubuntu/airflow/airflow_env/lib/python3.12/site-packages/airflow/example_dags/example_branch_datetime_operator.py
[2024-05-18T05:38:28.844+0000] {processor.py:830} INFO - Processing file /home/ubuntu/airflow/airflow_env/lib/python3.12/site-packages/airflow/example_dags/example_branch_datetime_operator.py for tasks to queue
[2024-05-18T05:38:28.846+0000] {logging_mixin.py:188} INFO - [2024-05-18T05:38:28.845+0000] {dagbag.py:545} INFO - Filling up the DagBag from /home/ubuntu/airflow/airflow_env/lib/python3.12/site-packages/airflow/example_dags/example_branch_datetime_operator.py
[2024-05-18T05:38:28.860+0000] {processor.py:840} INFO - DAG(s) 'example_branch_datetime_operator_3', 'example_branch_datetime_operator', 'example_branch_datetime_operator_2' retrieved from /home/ubuntu/airflow/airflow_env/lib/python3.12/site-packages/airflow/example_dags/example_branch_datetime_operator.py
[2024-05-18T05:38:28.939+0000] {logging_mixin.py:188} INFO - [2024-05-18T05:38:28.938+0000] {dag.py:3096} INFO - Sync 3 DAGs
[2024-05-18T05:38:28.982+0000] {logging_mixin.py:188} INFO - [2024-05-18T05:38:28.982+0000] {dag.py:3954} INFO - Setting next_dagrun for example_branch_datetime_operator to 2024-05-17 00:00:00+00:00, run_after=2024-05-18 00:00:00+00:00
[2024-05-18T05:38:28.990+0000] {logging_mixin.py:188} INFO - [2024-05-18T05:38:28.990+0000] {dag.py:3954} INFO - Setting next_dagrun for example_branch_datetime_operator_2 to 2024-05-17 00:00:00+00:00, run_after=2024-05-18 00:00:00+00:00
[2024-05-18T05:38:28.994+0000] {logging_mixin.py:188} INFO - [2024-05-18T05:38:28.994+0000] {dag.py:3954} INFO - Setting next_dagrun for example_branch_datetime_operator_3 to 2024-05-17 00:00:00+00:00, run_after=2024-05-18 00:00:00+00:00
[2024-05-18T05:38:29.027+0000] {processor.py:183} INFO - Processing /home/ubuntu/airflow/airflow_env/lib/python3.12/site-packages/airflow/example_dags/example_branch_datetime_operator.py took 0.193 seconds
[2024-05-18T05:38:59.937+0000] {processor.py:161} INFO - Started process (PID=15779) to work on /home/ubuntu/airflow/airflow_env/lib/python3.12/site-packages/airflow/example_dags/example_branch_datetime_operator.py
[2024-05-18T05:38:59.938+0000] {processor.py:830} INFO - Processing file /home/ubuntu/airflow/airflow_env/lib/python3.12/site-packages/airflow/example_dags/example_branch_datetime_operator.py for tasks to queue
[2024-05-18T05:38:59.940+0000] {logging_mixin.py:188} INFO - [2024-05-18T05:38:59.940+0000] {dagbag.py:545} INFO - Filling up the DagBag from /home/ubuntu/airflow/airflow_env/lib/python3.12/site-packages/airflow/example_dags/example_branch_datetime_operator.py
[2024-05-18T05:38:59.954+0000] {processor.py:840} INFO - DAG(s) 'example_branch_datetime_operator', 'example_branch_datetime_operator_2', 'example_branch_datetime_operator_3' retrieved from /home/ubuntu/airflow/airflow_env/lib/python3.12/site-packages/airflow/example_dags/example_branch_datetime_operator.py
[2024-05-18T05:39:00.136+0000] {logging_mixin.py:188} INFO - [2024-05-18T05:39:00.136+0000] {dag.py:3096} INFO - Sync 3 DAGs
[2024-05-18T05:39:00.181+0000] {logging_mixin.py:188} INFO - [2024-05-18T05:39:00.181+0000] {dag.py:3954} INFO - Setting next_dagrun for example_branch_datetime_operator to 2024-05-17 00:00:00+00:00, run_after=2024-05-18 00:00:00+00:00
[2024-05-18T05:39:00.193+0000] {logging_mixin.py:188} INFO - [2024-05-18T05:39:00.193+0000] {dag.py:3954} INFO - Setting next_dagrun for example_branch_datetime_operator_2 to 2024-05-17 00:00:00+00:00, run_after=2024-05-18 00:00:00+00:00
[2024-05-18T05:39:00.202+0000] {logging_mixin.py:188} INFO - [2024-05-18T05:39:00.198+0000] {dag.py:3954} INFO - Setting next_dagrun for example_branch_datetime_operator_3 to 2024-05-17 00:00:00+00:00, run_after=2024-05-18 00:00:00+00:00
[2024-05-18T05:39:00.247+0000] {processor.py:183} INFO - Processing /home/ubuntu/airflow/airflow_env/lib/python3.12/site-packages/airflow/example_dags/example_branch_datetime_operator.py took 0.319 seconds
[2024-05-18T05:39:31.092+0000] {processor.py:161} INFO - Started process (PID=15831) to work on /home/ubuntu/airflow/airflow_env/lib/python3.12/site-packages/airflow/example_dags/example_branch_datetime_operator.py
[2024-05-18T05:39:31.093+0000] {processor.py:830} INFO - Processing file /home/ubuntu/airflow/airflow_env/lib/python3.12/site-packages/airflow/example_dags/example_branch_datetime_operator.py for tasks to queue
[2024-05-18T05:39:31.096+0000] {logging_mixin.py:188} INFO - [2024-05-18T05:39:31.095+0000] {dagbag.py:545} INFO - Filling up the DagBag from /home/ubuntu/airflow/airflow_env/lib/python3.12/site-packages/airflow/example_dags/example_branch_datetime_operator.py
[2024-05-18T05:39:31.116+0000] {processor.py:840} INFO - DAG(s) 'example_branch_datetime_operator_2', 'example_branch_datetime_operator_3', 'example_branch_datetime_operator' retrieved from /home/ubuntu/airflow/airflow_env/lib/python3.12/site-packages/airflow/example_dags/example_branch_datetime_operator.py
[2024-05-18T05:39:31.202+0000] {logging_mixin.py:188} INFO - [2024-05-18T05:39:31.202+0000] {dag.py:3096} INFO - Sync 3 DAGs
[2024-05-18T05:39:31.253+0000] {logging_mixin.py:188} INFO - [2024-05-18T05:39:31.253+0000] {dag.py:3954} INFO - Setting next_dagrun for example_branch_datetime_operator to 2024-05-17 00:00:00+00:00, run_after=2024-05-18 00:00:00+00:00
[2024-05-18T05:39:31.261+0000] {logging_mixin.py:188} INFO - [2024-05-18T05:39:31.261+0000] {dag.py:3954} INFO - Setting next_dagrun for example_branch_datetime_operator_2 to 2024-05-17 00:00:00+00:00, run_after=2024-05-18 00:00:00+00:00
[2024-05-18T05:39:31.265+0000] {logging_mixin.py:188} INFO - [2024-05-18T05:39:31.265+0000] {dag.py:3954} INFO - Setting next_dagrun for example_branch_datetime_operator_3 to 2024-05-17 00:00:00+00:00, run_after=2024-05-18 00:00:00+00:00
[2024-05-18T05:39:31.292+0000] {processor.py:183} INFO - Processing /home/ubuntu/airflow/airflow_env/lib/python3.12/site-packages/airflow/example_dags/example_branch_datetime_operator.py took 0.211 seconds
[2024-05-18T05:40:02.685+0000] {processor.py:161} INFO - Started process (PID=15882) to work on /home/ubuntu/airflow/airflow_env/lib/python3.12/site-packages/airflow/example_dags/example_branch_datetime_operator.py
[2024-05-18T05:40:02.687+0000] {processor.py:830} INFO - Processing file /home/ubuntu/airflow/airflow_env/lib/python3.12/site-packages/airflow/example_dags/example_branch_datetime_operator.py for tasks to queue
[2024-05-18T05:40:02.689+0000] {logging_mixin.py:188} INFO - [2024-05-18T05:40:02.689+0000] {dagbag.py:545} INFO - Filling up the DagBag from /home/ubuntu/airflow/airflow_env/lib/python3.12/site-packages/airflow/example_dags/example_branch_datetime_operator.py
[2024-05-18T05:40:02.704+0000] {processor.py:840} INFO - DAG(s) 'example_branch_datetime_operator_2', 'example_branch_datetime_operator', 'example_branch_datetime_operator_3' retrieved from /home/ubuntu/airflow/airflow_env/lib/python3.12/site-packages/airflow/example_dags/example_branch_datetime_operator.py
[2024-05-18T05:40:02.804+0000] {logging_mixin.py:188} INFO - [2024-05-18T05:40:02.803+0000] {dag.py:3096} INFO - Sync 3 DAGs
[2024-05-18T05:40:02.857+0000] {logging_mixin.py:188} INFO - [2024-05-18T05:40:02.857+0000] {dag.py:3954} INFO - Setting next_dagrun for example_branch_datetime_operator to 2024-05-17 00:00:00+00:00, run_after=2024-05-18 00:00:00+00:00
[2024-05-18T05:40:02.868+0000] {logging_mixin.py:188} INFO - [2024-05-18T05:40:02.868+0000] {dag.py:3954} INFO - Setting next_dagrun for example_branch_datetime_operator_2 to 2024-05-17 00:00:00+00:00, run_after=2024-05-18 00:00:00+00:00
[2024-05-18T05:40:02.873+0000] {logging_mixin.py:188} INFO - [2024-05-18T05:40:02.872+0000] {dag.py:3954} INFO - Setting next_dagrun for example_branch_datetime_operator_3 to 2024-05-17 00:00:00+00:00, run_after=2024-05-18 00:00:00+00:00
[2024-05-18T05:40:02.914+0000] {processor.py:183} INFO - Processing /home/ubuntu/airflow/airflow_env/lib/python3.12/site-packages/airflow/example_dags/example_branch_datetime_operator.py took 0.238 seconds
[2024-05-18T05:40:33.012+0000] {processor.py:161} INFO - Started process (PID=16217) to work on /home/ubuntu/airflow/airflow_env/lib/python3.12/site-packages/airflow/example_dags/example_branch_datetime_operator.py
[2024-05-18T05:40:33.017+0000] {processor.py:830} INFO - Processing file /home/ubuntu/airflow/airflow_env/lib/python3.12/site-packages/airflow/example_dags/example_branch_datetime_operator.py for tasks to queue
[2024-05-18T05:40:33.022+0000] {logging_mixin.py:188} INFO - [2024-05-18T05:40:33.022+0000] {dagbag.py:545} INFO - Filling up the DagBag from /home/ubuntu/airflow/airflow_env/lib/python3.12/site-packages/airflow/example_dags/example_branch_datetime_operator.py
[2024-05-18T05:40:33.057+0000] {processor.py:840} INFO - DAG(s) 'example_branch_datetime_operator_2', 'example_branch_datetime_operator', 'example_branch_datetime_operator_3' retrieved from /home/ubuntu/airflow/airflow_env/lib/python3.12/site-packages/airflow/example_dags/example_branch_datetime_operator.py
[2024-05-18T05:40:33.224+0000] {logging_mixin.py:188} INFO - [2024-05-18T05:40:33.223+0000] {dag.py:3096} INFO - Sync 3 DAGs
[2024-05-18T05:40:33.305+0000] {logging_mixin.py:188} INFO - [2024-05-18T05:40:33.304+0000] {dag.py:3954} INFO - Setting next_dagrun for example_branch_datetime_operator to 2024-05-17 00:00:00+00:00, run_after=2024-05-18 00:00:00+00:00
[2024-05-18T05:40:33.321+0000] {logging_mixin.py:188} INFO - [2024-05-18T05:40:33.320+0000] {dag.py:3954} INFO - Setting next_dagrun for example_branch_datetime_operator_2 to 2024-05-17 00:00:00+00:00, run_after=2024-05-18 00:00:00+00:00
[2024-05-18T05:40:33.328+0000] {logging_mixin.py:188} INFO - [2024-05-18T05:40:33.328+0000] {dag.py:3954} INFO - Setting next_dagrun for example_branch_datetime_operator_3 to 2024-05-17 00:00:00+00:00, run_after=2024-05-18 00:00:00+00:00
[2024-05-18T05:40:33.377+0000] {processor.py:183} INFO - Processing /home/ubuntu/airflow/airflow_env/lib/python3.12/site-packages/airflow/example_dags/example_branch_datetime_operator.py took 0.393 seconds
[2024-05-18T05:41:04.077+0000] {processor.py:161} INFO - Started process (PID=16269) to work on /home/ubuntu/airflow/airflow_env/lib/python3.12/site-packages/airflow/example_dags/example_branch_datetime_operator.py
[2024-05-18T05:41:04.079+0000] {processor.py:830} INFO - Processing file /home/ubuntu/airflow/airflow_env/lib/python3.12/site-packages/airflow/example_dags/example_branch_datetime_operator.py for tasks to queue
[2024-05-18T05:41:04.083+0000] {logging_mixin.py:188} INFO - [2024-05-18T05:41:04.083+0000] {dagbag.py:545} INFO - Filling up the DagBag from /home/ubuntu/airflow/airflow_env/lib/python3.12/site-packages/airflow/example_dags/example_branch_datetime_operator.py
[2024-05-18T05:41:04.102+0000] {processor.py:840} INFO - DAG(s) 'example_branch_datetime_operator_3', 'example_branch_datetime_operator_2', 'example_branch_datetime_operator' retrieved from /home/ubuntu/airflow/airflow_env/lib/python3.12/site-packages/airflow/example_dags/example_branch_datetime_operator.py
[2024-05-18T05:41:04.187+0000] {logging_mixin.py:188} INFO - [2024-05-18T05:41:04.186+0000] {dag.py:3096} INFO - Sync 3 DAGs
[2024-05-18T05:41:04.237+0000] {logging_mixin.py:188} INFO - [2024-05-18T05:41:04.236+0000] {dag.py:3954} INFO - Setting next_dagrun for example_branch_datetime_operator to 2024-05-17 00:00:00+00:00, run_after=2024-05-18 00:00:00+00:00
[2024-05-18T05:41:04.250+0000] {logging_mixin.py:188} INFO - [2024-05-18T05:41:04.249+0000] {dag.py:3954} INFO - Setting next_dagrun for example_branch_datetime_operator_2 to 2024-05-17 00:00:00+00:00, run_after=2024-05-18 00:00:00+00:00
[2024-05-18T05:41:04.255+0000] {logging_mixin.py:188} INFO - [2024-05-18T05:41:04.255+0000] {dag.py:3954} INFO - Setting next_dagrun for example_branch_datetime_operator_3 to 2024-05-17 00:00:00+00:00, run_after=2024-05-18 00:00:00+00:00
[2024-05-18T05:41:04.303+0000] {processor.py:183} INFO - Processing /home/ubuntu/airflow/airflow_env/lib/python3.12/site-packages/airflow/example_dags/example_branch_datetime_operator.py took 0.237 seconds
[2024-05-18T05:41:35.019+0000] {processor.py:161} INFO - Started process (PID=16321) to work on /home/ubuntu/airflow/airflow_env/lib/python3.12/site-packages/airflow/example_dags/example_branch_datetime_operator.py
[2024-05-18T05:41:35.022+0000] {processor.py:830} INFO - Processing file /home/ubuntu/airflow/airflow_env/lib/python3.12/site-packages/airflow/example_dags/example_branch_datetime_operator.py for tasks to queue
[2024-05-18T05:41:35.028+0000] {logging_mixin.py:188} INFO - [2024-05-18T05:41:35.028+0000] {dagbag.py:545} INFO - Filling up the DagBag from /home/ubuntu/airflow/airflow_env/lib/python3.12/site-packages/airflow/example_dags/example_branch_datetime_operator.py
[2024-05-18T05:41:35.060+0000] {processor.py:840} INFO - DAG(s) 'example_branch_datetime_operator', 'example_branch_datetime_operator_2', 'example_branch_datetime_operator_3' retrieved from /home/ubuntu/airflow/airflow_env/lib/python3.12/site-packages/airflow/example_dags/example_branch_datetime_operator.py
[2024-05-18T05:41:35.146+0000] {logging_mixin.py:188} INFO - [2024-05-18T05:41:35.145+0000] {dag.py:3096} INFO - Sync 3 DAGs
[2024-05-18T05:41:35.178+0000] {logging_mixin.py:188} INFO - [2024-05-18T05:41:35.177+0000] {dag.py:3954} INFO - Setting next_dagrun for example_branch_datetime_operator to 2024-05-17 00:00:00+00:00, run_after=2024-05-18 00:00:00+00:00
[2024-05-18T05:41:35.184+0000] {logging_mixin.py:188} INFO - [2024-05-18T05:41:35.184+0000] {dag.py:3954} INFO - Setting next_dagrun for example_branch_datetime_operator_2 to 2024-05-17 00:00:00+00:00, run_after=2024-05-18 00:00:00+00:00
[2024-05-18T05:41:35.188+0000] {logging_mixin.py:188} INFO - [2024-05-18T05:41:35.188+0000] {dag.py:3954} INFO - Setting next_dagrun for example_branch_datetime_operator_3 to 2024-05-17 00:00:00+00:00, run_after=2024-05-18 00:00:00+00:00
[2024-05-18T05:41:35.211+0000] {processor.py:183} INFO - Processing /home/ubuntu/airflow/airflow_env/lib/python3.12/site-packages/airflow/example_dags/example_branch_datetime_operator.py took 0.204 seconds
[2024-05-18T05:42:05.419+0000] {processor.py:161} INFO - Started process (PID=16373) to work on /home/ubuntu/airflow/airflow_env/lib/python3.12/site-packages/airflow/example_dags/example_branch_datetime_operator.py
[2024-05-18T05:42:05.420+0000] {processor.py:830} INFO - Processing file /home/ubuntu/airflow/airflow_env/lib/python3.12/site-packages/airflow/example_dags/example_branch_datetime_operator.py for tasks to queue
[2024-05-18T05:42:05.422+0000] {logging_mixin.py:188} INFO - [2024-05-18T05:42:05.421+0000] {dagbag.py:545} INFO - Filling up the DagBag from /home/ubuntu/airflow/airflow_env/lib/python3.12/site-packages/airflow/example_dags/example_branch_datetime_operator.py
[2024-05-18T05:42:05.444+0000] {processor.py:840} INFO - DAG(s) 'example_branch_datetime_operator_3', 'example_branch_datetime_operator_2', 'example_branch_datetime_operator' retrieved from /home/ubuntu/airflow/airflow_env/lib/python3.12/site-packages/airflow/example_dags/example_branch_datetime_operator.py
[2024-05-18T05:42:05.553+0000] {logging_mixin.py:188} INFO - [2024-05-18T05:42:05.551+0000] {dag.py:3096} INFO - Sync 3 DAGs
[2024-05-18T05:42:05.614+0000] {logging_mixin.py:188} INFO - [2024-05-18T05:42:05.614+0000] {dag.py:3954} INFO - Setting next_dagrun for example_branch_datetime_operator to 2024-05-17 00:00:00+00:00, run_after=2024-05-18 00:00:00+00:00
[2024-05-18T05:42:05.633+0000] {logging_mixin.py:188} INFO - [2024-05-18T05:42:05.633+0000] {dag.py:3954} INFO - Setting next_dagrun for example_branch_datetime_operator_2 to 2024-05-17 00:00:00+00:00, run_after=2024-05-18 00:00:00+00:00
[2024-05-18T05:42:05.663+0000] {logging_mixin.py:188} INFO - [2024-05-18T05:42:05.659+0000] {dag.py:3954} INFO - Setting next_dagrun for example_branch_datetime_operator_3 to 2024-05-17 00:00:00+00:00, run_after=2024-05-18 00:00:00+00:00
[2024-05-18T05:42:05.723+0000] {processor.py:183} INFO - Processing /home/ubuntu/airflow/airflow_env/lib/python3.12/site-packages/airflow/example_dags/example_branch_datetime_operator.py took 0.312 seconds
[2024-05-18T05:42:36.419+0000] {processor.py:161} INFO - Started process (PID=16424) to work on /home/ubuntu/airflow/airflow_env/lib/python3.12/site-packages/airflow/example_dags/example_branch_datetime_operator.py
[2024-05-18T05:42:36.421+0000] {processor.py:830} INFO - Processing file /home/ubuntu/airflow/airflow_env/lib/python3.12/site-packages/airflow/example_dags/example_branch_datetime_operator.py for tasks to queue
[2024-05-18T05:42:36.425+0000] {logging_mixin.py:188} INFO - [2024-05-18T05:42:36.425+0000] {dagbag.py:545} INFO - Filling up the DagBag from /home/ubuntu/airflow/airflow_env/lib/python3.12/site-packages/airflow/example_dags/example_branch_datetime_operator.py
[2024-05-18T05:42:36.442+0000] {processor.py:840} INFO - DAG(s) 'example_branch_datetime_operator', 'example_branch_datetime_operator_2', 'example_branch_datetime_operator_3' retrieved from /home/ubuntu/airflow/airflow_env/lib/python3.12/site-packages/airflow/example_dags/example_branch_datetime_operator.py
[2024-05-18T05:42:36.516+0000] {logging_mixin.py:188} INFO - [2024-05-18T05:42:36.516+0000] {dag.py:3096} INFO - Sync 3 DAGs
[2024-05-18T05:42:36.548+0000] {logging_mixin.py:188} INFO - [2024-05-18T05:42:36.548+0000] {dag.py:3954} INFO - Setting next_dagrun for example_branch_datetime_operator to 2024-05-17 00:00:00+00:00, run_after=2024-05-18 00:00:00+00:00
[2024-05-18T05:42:36.556+0000] {logging_mixin.py:188} INFO - [2024-05-18T05:42:36.556+0000] {dag.py:3954} INFO - Setting next_dagrun for example_branch_datetime_operator_2 to 2024-05-17 00:00:00+00:00, run_after=2024-05-18 00:00:00+00:00
[2024-05-18T05:42:36.559+0000] {logging_mixin.py:188} INFO - [2024-05-18T05:42:36.559+0000] {dag.py:3954} INFO - Setting next_dagrun for example_branch_datetime_operator_3 to 2024-05-17 00:00:00+00:00, run_after=2024-05-18 00:00:00+00:00
[2024-05-18T05:42:36.585+0000] {processor.py:183} INFO - Processing /home/ubuntu/airflow/airflow_env/lib/python3.12/site-packages/airflow/example_dags/example_branch_datetime_operator.py took 0.187 seconds
[2024-05-18T05:43:07.707+0000] {processor.py:161} INFO - Started process (PID=16510) to work on /home/ubuntu/airflow/airflow_env/lib/python3.12/site-packages/airflow/example_dags/example_branch_datetime_operator.py
[2024-05-18T05:43:07.708+0000] {processor.py:830} INFO - Processing file /home/ubuntu/airflow/airflow_env/lib/python3.12/site-packages/airflow/example_dags/example_branch_datetime_operator.py for tasks to queue
[2024-05-18T05:43:07.710+0000] {logging_mixin.py:188} INFO - [2024-05-18T05:43:07.709+0000] {dagbag.py:545} INFO - Filling up the DagBag from /home/ubuntu/airflow/airflow_env/lib/python3.12/site-packages/airflow/example_dags/example_branch_datetime_operator.py
[2024-05-18T05:43:07.724+0000] {processor.py:840} INFO - DAG(s) 'example_branch_datetime_operator_2', 'example_branch_datetime_operator_3', 'example_branch_datetime_operator' retrieved from /home/ubuntu/airflow/airflow_env/lib/python3.12/site-packages/airflow/example_dags/example_branch_datetime_operator.py
[2024-05-18T05:43:07.791+0000] {logging_mixin.py:188} INFO - [2024-05-18T05:43:07.790+0000] {dag.py:3096} INFO - Sync 3 DAGs
[2024-05-18T05:43:07.838+0000] {logging_mixin.py:188} INFO - [2024-05-18T05:43:07.837+0000] {dag.py:3954} INFO - Setting next_dagrun for example_branch_datetime_operator to 2024-05-17 00:00:00+00:00, run_after=2024-05-18 00:00:00+00:00
[2024-05-18T05:43:07.846+0000] {logging_mixin.py:188} INFO - [2024-05-18T05:43:07.845+0000] {dag.py:3954} INFO - Setting next_dagrun for example_branch_datetime_operator_2 to 2024-05-17 00:00:00+00:00, run_after=2024-05-18 00:00:00+00:00
[2024-05-18T05:43:07.849+0000] {logging_mixin.py:188} INFO - [2024-05-18T05:43:07.849+0000] {dag.py:3954} INFO - Setting next_dagrun for example_branch_datetime_operator_3 to 2024-05-17 00:00:00+00:00, run_after=2024-05-18 00:00:00+00:00
[2024-05-18T05:43:07.873+0000] {processor.py:183} INFO - Processing /home/ubuntu/airflow/airflow_env/lib/python3.12/site-packages/airflow/example_dags/example_branch_datetime_operator.py took 0.175 seconds
[2024-05-18T05:43:38.519+0000] {processor.py:161} INFO - Started process (PID=16561) to work on /home/ubuntu/airflow/airflow_env/lib/python3.12/site-packages/airflow/example_dags/example_branch_datetime_operator.py
[2024-05-18T05:43:38.521+0000] {processor.py:830} INFO - Processing file /home/ubuntu/airflow/airflow_env/lib/python3.12/site-packages/airflow/example_dags/example_branch_datetime_operator.py for tasks to queue
[2024-05-18T05:43:38.524+0000] {logging_mixin.py:188} INFO - [2024-05-18T05:43:38.523+0000] {dagbag.py:545} INFO - Filling up the DagBag from /home/ubuntu/airflow/airflow_env/lib/python3.12/site-packages/airflow/example_dags/example_branch_datetime_operator.py
[2024-05-18T05:43:38.547+0000] {processor.py:840} INFO - DAG(s) 'example_branch_datetime_operator_3', 'example_branch_datetime_operator', 'example_branch_datetime_operator_2' retrieved from /home/ubuntu/airflow/airflow_env/lib/python3.12/site-packages/airflow/example_dags/example_branch_datetime_operator.py
[2024-05-18T05:43:38.629+0000] {logging_mixin.py:188} INFO - [2024-05-18T05:43:38.629+0000] {dag.py:3096} INFO - Sync 3 DAGs
[2024-05-18T05:43:38.670+0000] {logging_mixin.py:188} INFO - [2024-05-18T05:43:38.670+0000] {dag.py:3954} INFO - Setting next_dagrun for example_branch_datetime_operator to 2024-05-17 00:00:00+00:00, run_after=2024-05-18 00:00:00+00:00
[2024-05-18T05:43:38.682+0000] {logging_mixin.py:188} INFO - [2024-05-18T05:43:38.682+0000] {dag.py:3954} INFO - Setting next_dagrun for example_branch_datetime_operator_2 to 2024-05-17 00:00:00+00:00, run_after=2024-05-18 00:00:00+00:00
[2024-05-18T05:43:38.686+0000] {logging_mixin.py:188} INFO - [2024-05-18T05:43:38.686+0000] {dag.py:3954} INFO - Setting next_dagrun for example_branch_datetime_operator_3 to 2024-05-17 00:00:00+00:00, run_after=2024-05-18 00:00:00+00:00
[2024-05-18T05:43:38.733+0000] {processor.py:183} INFO - Processing /home/ubuntu/airflow/airflow_env/lib/python3.12/site-packages/airflow/example_dags/example_branch_datetime_operator.py took 0.226 seconds
