[2024-05-18T04:44:08.325+0000] {processor.py:161} INFO - Started process (PID=12260) to work on /home/ubuntu/chch-fuel-recommendator/airflow/af_env/lib/python3.12/site-packages/airflow/example_dags/example_subdag_operator.py
[2024-05-18T04:44:08.326+0000] {processor.py:830} INFO - Processing file /home/ubuntu/chch-fuel-recommendator/airflow/af_env/lib/python3.12/site-packages/airflow/example_dags/example_subdag_operator.py for tasks to queue
[2024-05-18T04:44:08.328+0000] {logging_mixin.py:188} INFO - [2024-05-18T04:44:08.327+0000] {dagbag.py:545} INFO - Filling up the DagBag from /home/ubuntu/chch-fuel-recommendator/airflow/af_env/lib/python3.12/site-packages/airflow/example_dags/example_subdag_operator.py
[2024-05-18T04:44:08.351+0000] {processor.py:840} INFO - DAG(s) 'example_subdag_operator.section-1', 'example_subdag_operator.section-2', 'example_subdag_operator' retrieved from /home/ubuntu/chch-fuel-recommendator/airflow/af_env/lib/python3.12/site-packages/airflow/example_dags/example_subdag_operator.py
[2024-05-18T04:44:08.467+0000] {logging_mixin.py:188} INFO - [2024-05-18T04:44:08.466+0000] {override.py:1829} INFO - Created Permission View: can edit on DAG:example_subdag_operator
[2024-05-18T04:44:08.482+0000] {logging_mixin.py:188} INFO - [2024-05-18T04:44:08.482+0000] {override.py:1829} INFO - Created Permission View: can read on DAG:example_subdag_operator
[2024-05-18T04:44:08.492+0000] {logging_mixin.py:188} INFO - [2024-05-18T04:44:08.491+0000] {override.py:1829} INFO - Created Permission View: can delete on DAG:example_subdag_operator
[2024-05-18T04:44:08.492+0000] {logging_mixin.py:188} INFO - [2024-05-18T04:44:08.492+0000] {dag.py:3096} INFO - Sync 3 DAGs
[2024-05-18T04:44:08.502+0000] {logging_mixin.py:188} INFO - [2024-05-18T04:44:08.502+0000] {dag.py:3118} INFO - Creating ORM DAG for example_subdag_operator.section-1
[2024-05-18T04:44:08.503+0000] {logging_mixin.py:188} INFO - [2024-05-18T04:44:08.503+0000] {dag.py:3118} INFO - Creating ORM DAG for example_subdag_operator
[2024-05-18T04:44:08.503+0000] {logging_mixin.py:188} INFO - [2024-05-18T04:44:08.503+0000] {dag.py:3118} INFO - Creating ORM DAG for example_subdag_operator.section-2
[2024-05-18T04:44:08.512+0000] {logging_mixin.py:188} INFO - [2024-05-18T04:44:08.511+0000] {dag.py:3954} INFO - Setting next_dagrun for example_subdag_operator to 2022-01-01 00:00:00+00:00, run_after=2022-01-01 00:00:00+00:00
[2024-05-18T04:44:08.512+0000] {logging_mixin.py:188} INFO - [2024-05-18T04:44:08.512+0000] {dag.py:3954} INFO - Setting next_dagrun for example_subdag_operator.section-1 to None, run_after=None
[2024-05-18T04:44:08.513+0000] {logging_mixin.py:188} INFO - [2024-05-18T04:44:08.512+0000] {dag.py:3954} INFO - Setting next_dagrun for example_subdag_operator.section-2 to None, run_after=None
[2024-05-18T04:44:08.519+0000] {logging_mixin.py:188} INFO - [2024-05-18T04:44:08.518+0000] {dag.py:3096} INFO - Sync 2 DAGs
[2024-05-18T04:44:08.523+0000] {logging_mixin.py:188} INFO - [2024-05-18T04:44:08.522+0000] {dag.py:3954} INFO - Setting next_dagrun for example_subdag_operator.section-1 to None, run_after=None
[2024-05-18T04:44:08.525+0000] {logging_mixin.py:188} INFO - [2024-05-18T04:44:08.525+0000] {dag.py:3954} INFO - Setting next_dagrun for example_subdag_operator.section-2 to None, run_after=None
[2024-05-18T04:44:08.543+0000] {processor.py:183} INFO - Processing /home/ubuntu/chch-fuel-recommendator/airflow/af_env/lib/python3.12/site-packages/airflow/example_dags/example_subdag_operator.py took 0.223 seconds
[2024-05-18T04:45:09.620+0000] {processor.py:161} INFO - Started process (PID=12314) to work on /home/ubuntu/chch-fuel-recommendator/airflow/af_env/lib/python3.12/site-packages/airflow/example_dags/example_subdag_operator.py
[2024-05-18T04:45:09.621+0000] {processor.py:830} INFO - Processing file /home/ubuntu/chch-fuel-recommendator/airflow/af_env/lib/python3.12/site-packages/airflow/example_dags/example_subdag_operator.py for tasks to queue
[2024-05-18T04:45:09.624+0000] {logging_mixin.py:188} INFO - [2024-05-18T04:45:09.623+0000] {dagbag.py:545} INFO - Filling up the DagBag from /home/ubuntu/chch-fuel-recommendator/airflow/af_env/lib/python3.12/site-packages/airflow/example_dags/example_subdag_operator.py
[2024-05-18T04:45:09.646+0000] {processor.py:840} INFO - DAG(s) 'example_subdag_operator.section-1', 'example_subdag_operator.section-2', 'example_subdag_operator' retrieved from /home/ubuntu/chch-fuel-recommendator/airflow/af_env/lib/python3.12/site-packages/airflow/example_dags/example_subdag_operator.py
[2024-05-18T04:45:09.662+0000] {logging_mixin.py:188} INFO - [2024-05-18T04:45:09.662+0000] {dag.py:3096} INFO - Sync 3 DAGs
[2024-05-18T04:45:09.682+0000] {logging_mixin.py:188} INFO - [2024-05-18T04:45:09.682+0000] {dag.py:3954} INFO - Setting next_dagrun for example_subdag_operator to 2022-01-01 00:00:00+00:00, run_after=2022-01-01 00:00:00+00:00
[2024-05-18T04:45:09.685+0000] {logging_mixin.py:188} INFO - [2024-05-18T04:45:09.685+0000] {dag.py:3954} INFO - Setting next_dagrun for example_subdag_operator.section-1 to None, run_after=None
[2024-05-18T04:45:09.686+0000] {logging_mixin.py:188} INFO - [2024-05-18T04:45:09.686+0000] {dag.py:3954} INFO - Setting next_dagrun for example_subdag_operator.section-2 to None, run_after=None
[2024-05-18T04:45:09.692+0000] {logging_mixin.py:188} INFO - [2024-05-18T04:45:09.692+0000] {dag.py:3096} INFO - Sync 2 DAGs
[2024-05-18T04:45:09.696+0000] {logging_mixin.py:188} INFO - [2024-05-18T04:45:09.696+0000] {dag.py:3954} INFO - Setting next_dagrun for example_subdag_operator.section-1 to None, run_after=None
[2024-05-18T04:45:09.696+0000] {logging_mixin.py:188} INFO - [2024-05-18T04:45:09.696+0000] {dag.py:3954} INFO - Setting next_dagrun for example_subdag_operator.section-2 to None, run_after=None
[2024-05-18T04:45:09.711+0000] {processor.py:183} INFO - Processing /home/ubuntu/chch-fuel-recommendator/airflow/af_env/lib/python3.12/site-packages/airflow/example_dags/example_subdag_operator.py took 0.097 seconds
[2024-05-18T04:46:07.086+0000] {processor.py:161} INFO - Started process (PID=12370) to work on /home/ubuntu/chch-fuel-recommendator/airflow/af_env/lib/python3.12/site-packages/airflow/example_dags/example_subdag_operator.py
[2024-05-18T04:46:07.088+0000] {processor.py:830} INFO - Processing file /home/ubuntu/chch-fuel-recommendator/airflow/af_env/lib/python3.12/site-packages/airflow/example_dags/example_subdag_operator.py for tasks to queue
[2024-05-18T04:46:07.092+0000] {logging_mixin.py:188} INFO - [2024-05-18T04:46:07.092+0000] {dagbag.py:545} INFO - Filling up the DagBag from /home/ubuntu/chch-fuel-recommendator/airflow/af_env/lib/python3.12/site-packages/airflow/example_dags/example_subdag_operator.py
[2024-05-18T04:46:07.120+0000] {processor.py:840} INFO - DAG(s) 'example_subdag_operator.section-1', 'example_subdag_operator.section-2', 'example_subdag_operator' retrieved from /home/ubuntu/chch-fuel-recommendator/airflow/af_env/lib/python3.12/site-packages/airflow/example_dags/example_subdag_operator.py
[2024-05-18T04:46:07.138+0000] {logging_mixin.py:188} INFO - [2024-05-18T04:46:07.138+0000] {dag.py:3096} INFO - Sync 3 DAGs
[2024-05-18T04:46:07.162+0000] {logging_mixin.py:188} INFO - [2024-05-18T04:46:07.161+0000] {dag.py:3954} INFO - Setting next_dagrun for example_subdag_operator to 2022-01-01 00:00:00+00:00, run_after=2022-01-01 00:00:00+00:00
[2024-05-18T04:46:07.167+0000] {logging_mixin.py:188} INFO - [2024-05-18T04:46:07.167+0000] {dag.py:3954} INFO - Setting next_dagrun for example_subdag_operator.section-1 to None, run_after=None
[2024-05-18T04:46:07.168+0000] {logging_mixin.py:188} INFO - [2024-05-18T04:46:07.168+0000] {dag.py:3954} INFO - Setting next_dagrun for example_subdag_operator.section-2 to None, run_after=None
[2024-05-18T04:46:07.174+0000] {logging_mixin.py:188} INFO - [2024-05-18T04:46:07.174+0000] {dag.py:3096} INFO - Sync 2 DAGs
[2024-05-18T04:46:07.179+0000] {logging_mixin.py:188} INFO - [2024-05-18T04:46:07.178+0000] {dag.py:3954} INFO - Setting next_dagrun for example_subdag_operator.section-1 to None, run_after=None
[2024-05-18T04:46:07.179+0000] {logging_mixin.py:188} INFO - [2024-05-18T04:46:07.179+0000] {dag.py:3954} INFO - Setting next_dagrun for example_subdag_operator.section-2 to None, run_after=None
[2024-05-18T04:46:07.197+0000] {processor.py:183} INFO - Processing /home/ubuntu/chch-fuel-recommendator/airflow/af_env/lib/python3.12/site-packages/airflow/example_dags/example_subdag_operator.py took 0.125 seconds
[2024-05-18T04:46:58.580+0000] {processor.py:161} INFO - Started process (PID=12421) to work on /home/ubuntu/chch-fuel-recommendator/airflow/af_env/lib/python3.12/site-packages/airflow/example_dags/example_subdag_operator.py
[2024-05-18T04:46:58.582+0000] {processor.py:830} INFO - Processing file /home/ubuntu/chch-fuel-recommendator/airflow/af_env/lib/python3.12/site-packages/airflow/example_dags/example_subdag_operator.py for tasks to queue
[2024-05-18T04:46:58.583+0000] {logging_mixin.py:188} INFO - [2024-05-18T04:46:58.583+0000] {dagbag.py:545} INFO - Filling up the DagBag from /home/ubuntu/chch-fuel-recommendator/airflow/af_env/lib/python3.12/site-packages/airflow/example_dags/example_subdag_operator.py
[2024-05-18T04:46:58.611+0000] {processor.py:840} INFO - DAG(s) 'example_subdag_operator.section-1', 'example_subdag_operator.section-2', 'example_subdag_operator' retrieved from /home/ubuntu/chch-fuel-recommendator/airflow/af_env/lib/python3.12/site-packages/airflow/example_dags/example_subdag_operator.py
[2024-05-18T04:46:58.631+0000] {logging_mixin.py:188} INFO - [2024-05-18T04:46:58.631+0000] {dag.py:3096} INFO - Sync 3 DAGs
[2024-05-18T04:46:58.654+0000] {logging_mixin.py:188} INFO - [2024-05-18T04:46:58.654+0000] {dag.py:3954} INFO - Setting next_dagrun for example_subdag_operator to 2022-01-01 00:00:00+00:00, run_after=2022-01-01 00:00:00+00:00
[2024-05-18T04:46:58.658+0000] {logging_mixin.py:188} INFO - [2024-05-18T04:46:58.658+0000] {dag.py:3954} INFO - Setting next_dagrun for example_subdag_operator.section-1 to None, run_after=None
[2024-05-18T04:46:58.660+0000] {logging_mixin.py:188} INFO - [2024-05-18T04:46:58.659+0000] {dag.py:3954} INFO - Setting next_dagrun for example_subdag_operator.section-2 to None, run_after=None
[2024-05-18T04:46:58.669+0000] {logging_mixin.py:188} INFO - [2024-05-18T04:46:58.668+0000] {dag.py:3096} INFO - Sync 2 DAGs
[2024-05-18T04:46:58.674+0000] {logging_mixin.py:188} INFO - [2024-05-18T04:46:58.673+0000] {dag.py:3954} INFO - Setting next_dagrun for example_subdag_operator.section-1 to None, run_after=None
[2024-05-18T04:46:58.674+0000] {logging_mixin.py:188} INFO - [2024-05-18T04:46:58.674+0000] {dag.py:3954} INFO - Setting next_dagrun for example_subdag_operator.section-2 to None, run_after=None
[2024-05-18T04:46:58.693+0000] {processor.py:183} INFO - Processing /home/ubuntu/chch-fuel-recommendator/airflow/af_env/lib/python3.12/site-packages/airflow/example_dags/example_subdag_operator.py took 0.119 seconds
[2024-05-18T04:47:41.740+0000] {processor.py:161} INFO - Started process (PID=12464) to work on /home/ubuntu/chch-fuel-recommendator/airflow/af_env/lib/python3.12/site-packages/airflow/example_dags/example_subdag_operator.py
[2024-05-18T04:47:41.741+0000] {processor.py:830} INFO - Processing file /home/ubuntu/chch-fuel-recommendator/airflow/af_env/lib/python3.12/site-packages/airflow/example_dags/example_subdag_operator.py for tasks to queue
[2024-05-18T04:47:41.744+0000] {logging_mixin.py:188} INFO - [2024-05-18T04:47:41.744+0000] {dagbag.py:545} INFO - Filling up the DagBag from /home/ubuntu/chch-fuel-recommendator/airflow/af_env/lib/python3.12/site-packages/airflow/example_dags/example_subdag_operator.py
[2024-05-18T04:47:41.773+0000] {processor.py:840} INFO - DAG(s) 'example_subdag_operator.section-1', 'example_subdag_operator.section-2', 'example_subdag_operator' retrieved from /home/ubuntu/chch-fuel-recommendator/airflow/af_env/lib/python3.12/site-packages/airflow/example_dags/example_subdag_operator.py
[2024-05-18T04:47:41.799+0000] {logging_mixin.py:188} INFO - [2024-05-18T04:47:41.798+0000] {dag.py:3096} INFO - Sync 3 DAGs
[2024-05-18T04:47:41.830+0000] {logging_mixin.py:188} INFO - [2024-05-18T04:47:41.829+0000] {dag.py:3954} INFO - Setting next_dagrun for example_subdag_operator to 2022-01-01 00:00:00+00:00, run_after=2022-01-01 00:00:00+00:00
[2024-05-18T04:47:41.834+0000] {logging_mixin.py:188} INFO - [2024-05-18T04:47:41.834+0000] {dag.py:3954} INFO - Setting next_dagrun for example_subdag_operator.section-1 to None, run_after=None
[2024-05-18T04:47:41.835+0000] {logging_mixin.py:188} INFO - [2024-05-18T04:47:41.835+0000] {dag.py:3954} INFO - Setting next_dagrun for example_subdag_operator.section-2 to None, run_after=None
[2024-05-18T04:47:41.847+0000] {logging_mixin.py:188} INFO - [2024-05-18T04:47:41.846+0000] {dag.py:3096} INFO - Sync 2 DAGs
[2024-05-18T04:47:41.851+0000] {logging_mixin.py:188} INFO - [2024-05-18T04:47:41.851+0000] {dag.py:3954} INFO - Setting next_dagrun for example_subdag_operator.section-1 to None, run_after=None
[2024-05-18T04:47:41.851+0000] {logging_mixin.py:188} INFO - [2024-05-18T04:47:41.851+0000] {dag.py:3954} INFO - Setting next_dagrun for example_subdag_operator.section-2 to None, run_after=None
[2024-05-18T04:47:41.874+0000] {processor.py:183} INFO - Processing /home/ubuntu/chch-fuel-recommendator/airflow/af_env/lib/python3.12/site-packages/airflow/example_dags/example_subdag_operator.py took 0.140 seconds
[2024-05-18T04:48:26.750+0000] {processor.py:161} INFO - Started process (PID=12508) to work on /home/ubuntu/chch-fuel-recommendator/airflow/af_env/lib/python3.12/site-packages/airflow/example_dags/example_subdag_operator.py
[2024-05-18T04:48:26.751+0000] {processor.py:830} INFO - Processing file /home/ubuntu/chch-fuel-recommendator/airflow/af_env/lib/python3.12/site-packages/airflow/example_dags/example_subdag_operator.py for tasks to queue
[2024-05-18T04:48:26.753+0000] {logging_mixin.py:188} INFO - [2024-05-18T04:48:26.753+0000] {dagbag.py:545} INFO - Filling up the DagBag from /home/ubuntu/chch-fuel-recommendator/airflow/af_env/lib/python3.12/site-packages/airflow/example_dags/example_subdag_operator.py
[2024-05-18T04:48:26.775+0000] {processor.py:840} INFO - DAG(s) 'example_subdag_operator.section-1', 'example_subdag_operator.section-2', 'example_subdag_operator' retrieved from /home/ubuntu/chch-fuel-recommendator/airflow/af_env/lib/python3.12/site-packages/airflow/example_dags/example_subdag_operator.py
[2024-05-18T04:48:26.792+0000] {logging_mixin.py:188} INFO - [2024-05-18T04:48:26.792+0000] {dag.py:3096} INFO - Sync 3 DAGs
[2024-05-18T04:48:26.813+0000] {logging_mixin.py:188} INFO - [2024-05-18T04:48:26.812+0000] {dag.py:3954} INFO - Setting next_dagrun for example_subdag_operator to 2022-01-01 00:00:00+00:00, run_after=2022-01-01 00:00:00+00:00
[2024-05-18T04:48:26.817+0000] {logging_mixin.py:188} INFO - [2024-05-18T04:48:26.817+0000] {dag.py:3954} INFO - Setting next_dagrun for example_subdag_operator.section-1 to None, run_after=None
[2024-05-18T04:48:26.818+0000] {logging_mixin.py:188} INFO - [2024-05-18T04:48:26.818+0000] {dag.py:3954} INFO - Setting next_dagrun for example_subdag_operator.section-2 to None, run_after=None
[2024-05-18T04:48:26.833+0000] {logging_mixin.py:188} INFO - [2024-05-18T04:48:26.833+0000] {dag.py:3096} INFO - Sync 2 DAGs
[2024-05-18T04:48:26.843+0000] {logging_mixin.py:188} INFO - [2024-05-18T04:48:26.843+0000] {dag.py:3954} INFO - Setting next_dagrun for example_subdag_operator.section-1 to None, run_after=None
[2024-05-18T04:48:26.844+0000] {logging_mixin.py:188} INFO - [2024-05-18T04:48:26.844+0000] {dag.py:3954} INFO - Setting next_dagrun for example_subdag_operator.section-2 to None, run_after=None
[2024-05-18T04:48:26.861+0000] {processor.py:183} INFO - Processing /home/ubuntu/chch-fuel-recommendator/airflow/af_env/lib/python3.12/site-packages/airflow/example_dags/example_subdag_operator.py took 0.117 seconds
[2024-05-18T04:49:09.675+0000] {processor.py:161} INFO - Started process (PID=12551) to work on /home/ubuntu/chch-fuel-recommendator/airflow/af_env/lib/python3.12/site-packages/airflow/example_dags/example_subdag_operator.py
[2024-05-18T04:49:09.677+0000] {processor.py:830} INFO - Processing file /home/ubuntu/chch-fuel-recommendator/airflow/af_env/lib/python3.12/site-packages/airflow/example_dags/example_subdag_operator.py for tasks to queue
[2024-05-18T04:49:09.679+0000] {logging_mixin.py:188} INFO - [2024-05-18T04:49:09.678+0000] {dagbag.py:545} INFO - Filling up the DagBag from /home/ubuntu/chch-fuel-recommendator/airflow/af_env/lib/python3.12/site-packages/airflow/example_dags/example_subdag_operator.py
[2024-05-18T04:49:09.703+0000] {processor.py:840} INFO - DAG(s) 'example_subdag_operator.section-1', 'example_subdag_operator.section-2', 'example_subdag_operator' retrieved from /home/ubuntu/chch-fuel-recommendator/airflow/af_env/lib/python3.12/site-packages/airflow/example_dags/example_subdag_operator.py
[2024-05-18T04:49:09.725+0000] {logging_mixin.py:188} INFO - [2024-05-18T04:49:09.725+0000] {dag.py:3096} INFO - Sync 3 DAGs
[2024-05-18T04:49:09.750+0000] {logging_mixin.py:188} INFO - [2024-05-18T04:49:09.749+0000] {dag.py:3954} INFO - Setting next_dagrun for example_subdag_operator to 2022-01-01 00:00:00+00:00, run_after=2022-01-01 00:00:00+00:00
[2024-05-18T04:49:09.755+0000] {logging_mixin.py:188} INFO - [2024-05-18T04:49:09.754+0000] {dag.py:3954} INFO - Setting next_dagrun for example_subdag_operator.section-1 to None, run_after=None
[2024-05-18T04:49:09.756+0000] {logging_mixin.py:188} INFO - [2024-05-18T04:49:09.755+0000] {dag.py:3954} INFO - Setting next_dagrun for example_subdag_operator.section-2 to None, run_after=None
[2024-05-18T04:49:09.763+0000] {logging_mixin.py:188} INFO - [2024-05-18T04:49:09.762+0000] {dag.py:3096} INFO - Sync 2 DAGs
[2024-05-18T04:49:09.767+0000] {logging_mixin.py:188} INFO - [2024-05-18T04:49:09.767+0000] {dag.py:3954} INFO - Setting next_dagrun for example_subdag_operator.section-1 to None, run_after=None
[2024-05-18T04:49:09.767+0000] {logging_mixin.py:188} INFO - [2024-05-18T04:49:09.767+0000] {dag.py:3954} INFO - Setting next_dagrun for example_subdag_operator.section-2 to None, run_after=None
[2024-05-18T04:49:09.788+0000] {processor.py:183} INFO - Processing /home/ubuntu/chch-fuel-recommendator/airflow/af_env/lib/python3.12/site-packages/airflow/example_dags/example_subdag_operator.py took 0.119 seconds
[2024-05-18T04:49:52.400+0000] {processor.py:161} INFO - Started process (PID=12593) to work on /home/ubuntu/chch-fuel-recommendator/airflow/af_env/lib/python3.12/site-packages/airflow/example_dags/example_subdag_operator.py
[2024-05-18T04:49:52.405+0000] {processor.py:830} INFO - Processing file /home/ubuntu/chch-fuel-recommendator/airflow/af_env/lib/python3.12/site-packages/airflow/example_dags/example_subdag_operator.py for tasks to queue
[2024-05-18T04:49:52.409+0000] {logging_mixin.py:188} INFO - [2024-05-18T04:49:52.408+0000] {dagbag.py:545} INFO - Filling up the DagBag from /home/ubuntu/chch-fuel-recommendator/airflow/af_env/lib/python3.12/site-packages/airflow/example_dags/example_subdag_operator.py
[2024-05-18T04:49:52.438+0000] {processor.py:840} INFO - DAG(s) 'example_subdag_operator.section-1', 'example_subdag_operator.section-2', 'example_subdag_operator' retrieved from /home/ubuntu/chch-fuel-recommendator/airflow/af_env/lib/python3.12/site-packages/airflow/example_dags/example_subdag_operator.py
[2024-05-18T04:49:52.465+0000] {logging_mixin.py:188} INFO - [2024-05-18T04:49:52.464+0000] {dag.py:3096} INFO - Sync 3 DAGs
[2024-05-18T04:49:52.500+0000] {logging_mixin.py:188} INFO - [2024-05-18T04:49:52.500+0000] {dag.py:3954} INFO - Setting next_dagrun for example_subdag_operator to 2022-01-01 00:00:00+00:00, run_after=2022-01-01 00:00:00+00:00
[2024-05-18T04:49:52.508+0000] {logging_mixin.py:188} INFO - [2024-05-18T04:49:52.506+0000] {dag.py:3954} INFO - Setting next_dagrun for example_subdag_operator.section-1 to None, run_after=None
[2024-05-18T04:49:52.509+0000] {logging_mixin.py:188} INFO - [2024-05-18T04:49:52.509+0000] {dag.py:3954} INFO - Setting next_dagrun for example_subdag_operator.section-2 to None, run_after=None
[2024-05-18T04:49:52.515+0000] {logging_mixin.py:188} INFO - [2024-05-18T04:49:52.515+0000] {dag.py:3096} INFO - Sync 2 DAGs
[2024-05-18T04:49:52.520+0000] {logging_mixin.py:188} INFO - [2024-05-18T04:49:52.519+0000] {dag.py:3954} INFO - Setting next_dagrun for example_subdag_operator.section-1 to None, run_after=None
[2024-05-18T04:49:52.520+0000] {logging_mixin.py:188} INFO - [2024-05-18T04:49:52.520+0000] {dag.py:3954} INFO - Setting next_dagrun for example_subdag_operator.section-2 to None, run_after=None
[2024-05-18T04:49:52.538+0000] {processor.py:183} INFO - Processing /home/ubuntu/chch-fuel-recommendator/airflow/af_env/lib/python3.12/site-packages/airflow/example_dags/example_subdag_operator.py took 0.147 seconds
[2024-05-18T04:50:36.765+0000] {processor.py:161} INFO - Started process (PID=12641) to work on /home/ubuntu/chch-fuel-recommendator/airflow/af_env/lib/python3.12/site-packages/airflow/example_dags/example_subdag_operator.py
[2024-05-18T04:50:36.767+0000] {processor.py:830} INFO - Processing file /home/ubuntu/chch-fuel-recommendator/airflow/af_env/lib/python3.12/site-packages/airflow/example_dags/example_subdag_operator.py for tasks to queue
[2024-05-18T04:50:36.771+0000] {logging_mixin.py:188} INFO - [2024-05-18T04:50:36.770+0000] {dagbag.py:545} INFO - Filling up the DagBag from /home/ubuntu/chch-fuel-recommendator/airflow/af_env/lib/python3.12/site-packages/airflow/example_dags/example_subdag_operator.py
[2024-05-18T04:50:36.811+0000] {processor.py:840} INFO - DAG(s) 'example_subdag_operator.section-1', 'example_subdag_operator.section-2', 'example_subdag_operator' retrieved from /home/ubuntu/chch-fuel-recommendator/airflow/af_env/lib/python3.12/site-packages/airflow/example_dags/example_subdag_operator.py
[2024-05-18T04:50:36.837+0000] {logging_mixin.py:188} INFO - [2024-05-18T04:50:36.836+0000] {dag.py:3096} INFO - Sync 3 DAGs
[2024-05-18T04:50:36.862+0000] {logging_mixin.py:188} INFO - [2024-05-18T04:50:36.861+0000] {dag.py:3954} INFO - Setting next_dagrun for example_subdag_operator to 2022-01-01 00:00:00+00:00, run_after=2022-01-01 00:00:00+00:00
[2024-05-18T04:50:36.867+0000] {logging_mixin.py:188} INFO - [2024-05-18T04:50:36.866+0000] {dag.py:3954} INFO - Setting next_dagrun for example_subdag_operator.section-1 to None, run_after=None
[2024-05-18T04:50:36.869+0000] {logging_mixin.py:188} INFO - [2024-05-18T04:50:36.868+0000] {dag.py:3954} INFO - Setting next_dagrun for example_subdag_operator.section-2 to None, run_after=None
[2024-05-18T04:50:36.877+0000] {logging_mixin.py:188} INFO - [2024-05-18T04:50:36.876+0000] {dag.py:3096} INFO - Sync 2 DAGs
[2024-05-18T04:50:36.882+0000] {logging_mixin.py:188} INFO - [2024-05-18T04:50:36.882+0000] {dag.py:3954} INFO - Setting next_dagrun for example_subdag_operator.section-1 to None, run_after=None
[2024-05-18T04:50:36.883+0000] {logging_mixin.py:188} INFO - [2024-05-18T04:50:36.883+0000] {dag.py:3954} INFO - Setting next_dagrun for example_subdag_operator.section-2 to None, run_after=None
[2024-05-18T04:50:36.909+0000] {processor.py:183} INFO - Processing /home/ubuntu/chch-fuel-recommendator/airflow/af_env/lib/python3.12/site-packages/airflow/example_dags/example_subdag_operator.py took 0.153 seconds
[2024-05-18T04:51:21.230+0000] {processor.py:161} INFO - Started process (PID=12686) to work on /home/ubuntu/chch-fuel-recommendator/airflow/af_env/lib/python3.12/site-packages/airflow/example_dags/example_subdag_operator.py
[2024-05-18T04:51:21.232+0000] {processor.py:830} INFO - Processing file /home/ubuntu/chch-fuel-recommendator/airflow/af_env/lib/python3.12/site-packages/airflow/example_dags/example_subdag_operator.py for tasks to queue
[2024-05-18T04:51:21.234+0000] {logging_mixin.py:188} INFO - [2024-05-18T04:51:21.234+0000] {dagbag.py:545} INFO - Filling up the DagBag from /home/ubuntu/chch-fuel-recommendator/airflow/af_env/lib/python3.12/site-packages/airflow/example_dags/example_subdag_operator.py
[2024-05-18T04:51:21.257+0000] {processor.py:840} INFO - DAG(s) 'example_subdag_operator.section-1', 'example_subdag_operator.section-2', 'example_subdag_operator' retrieved from /home/ubuntu/chch-fuel-recommendator/airflow/af_env/lib/python3.12/site-packages/airflow/example_dags/example_subdag_operator.py
[2024-05-18T04:51:21.277+0000] {logging_mixin.py:188} INFO - [2024-05-18T04:51:21.276+0000] {dag.py:3096} INFO - Sync 3 DAGs
[2024-05-18T04:51:21.309+0000] {logging_mixin.py:188} INFO - [2024-05-18T04:51:21.308+0000] {dag.py:3954} INFO - Setting next_dagrun for example_subdag_operator to 2022-01-01 00:00:00+00:00, run_after=2022-01-01 00:00:00+00:00
[2024-05-18T04:51:21.317+0000] {logging_mixin.py:188} INFO - [2024-05-18T04:51:21.317+0000] {dag.py:3954} INFO - Setting next_dagrun for example_subdag_operator.section-1 to None, run_after=None
[2024-05-18T04:51:21.318+0000] {logging_mixin.py:188} INFO - [2024-05-18T04:51:21.318+0000] {dag.py:3954} INFO - Setting next_dagrun for example_subdag_operator.section-2 to None, run_after=None
[2024-05-18T04:51:21.327+0000] {logging_mixin.py:188} INFO - [2024-05-18T04:51:21.327+0000] {dag.py:3096} INFO - Sync 2 DAGs
[2024-05-18T04:51:21.333+0000] {logging_mixin.py:188} INFO - [2024-05-18T04:51:21.333+0000] {dag.py:3954} INFO - Setting next_dagrun for example_subdag_operator.section-1 to None, run_after=None
[2024-05-18T04:51:21.334+0000] {logging_mixin.py:188} INFO - [2024-05-18T04:51:21.334+0000] {dag.py:3954} INFO - Setting next_dagrun for example_subdag_operator.section-2 to None, run_after=None
[2024-05-18T04:51:21.350+0000] {processor.py:183} INFO - Processing /home/ubuntu/chch-fuel-recommendator/airflow/af_env/lib/python3.12/site-packages/airflow/example_dags/example_subdag_operator.py took 0.125 seconds
[2024-05-18T04:52:04.878+0000] {processor.py:161} INFO - Started process (PID=12729) to work on /home/ubuntu/chch-fuel-recommendator/airflow/af_env/lib/python3.12/site-packages/airflow/example_dags/example_subdag_operator.py
[2024-05-18T04:52:04.882+0000] {processor.py:830} INFO - Processing file /home/ubuntu/chch-fuel-recommendator/airflow/af_env/lib/python3.12/site-packages/airflow/example_dags/example_subdag_operator.py for tasks to queue
[2024-05-18T04:52:04.887+0000] {logging_mixin.py:188} INFO - [2024-05-18T04:52:04.887+0000] {dagbag.py:545} INFO - Filling up the DagBag from /home/ubuntu/chch-fuel-recommendator/airflow/af_env/lib/python3.12/site-packages/airflow/example_dags/example_subdag_operator.py
[2024-05-18T04:52:04.943+0000] {processor.py:840} INFO - DAG(s) 'example_subdag_operator.section-1', 'example_subdag_operator.section-2', 'example_subdag_operator' retrieved from /home/ubuntu/chch-fuel-recommendator/airflow/af_env/lib/python3.12/site-packages/airflow/example_dags/example_subdag_operator.py
[2024-05-18T04:52:04.971+0000] {logging_mixin.py:188} INFO - [2024-05-18T04:52:04.971+0000] {dag.py:3096} INFO - Sync 3 DAGs
[2024-05-18T04:52:04.991+0000] {logging_mixin.py:188} INFO - [2024-05-18T04:52:04.990+0000] {dag.py:3954} INFO - Setting next_dagrun for example_subdag_operator to 2022-01-01 00:00:00+00:00, run_after=2022-01-01 00:00:00+00:00
[2024-05-18T04:52:04.994+0000] {logging_mixin.py:188} INFO - [2024-05-18T04:52:04.994+0000] {dag.py:3954} INFO - Setting next_dagrun for example_subdag_operator.section-1 to None, run_after=None
[2024-05-18T04:52:04.995+0000] {logging_mixin.py:188} INFO - [2024-05-18T04:52:04.995+0000] {dag.py:3954} INFO - Setting next_dagrun for example_subdag_operator.section-2 to None, run_after=None
[2024-05-18T04:52:05.001+0000] {logging_mixin.py:188} INFO - [2024-05-18T04:52:05.001+0000] {dag.py:3096} INFO - Sync 2 DAGs
[2024-05-18T04:52:05.007+0000] {logging_mixin.py:188} INFO - [2024-05-18T04:52:05.005+0000] {dag.py:3954} INFO - Setting next_dagrun for example_subdag_operator.section-1 to None, run_after=None
[2024-05-18T04:52:05.008+0000] {logging_mixin.py:188} INFO - [2024-05-18T04:52:05.008+0000] {dag.py:3954} INFO - Setting next_dagrun for example_subdag_operator.section-2 to None, run_after=None
[2024-05-18T04:52:05.025+0000] {processor.py:183} INFO - Processing /home/ubuntu/chch-fuel-recommendator/airflow/af_env/lib/python3.12/site-packages/airflow/example_dags/example_subdag_operator.py took 0.171 seconds
[2024-05-18T04:52:51.918+0000] {processor.py:161} INFO - Started process (PID=12774) to work on /home/ubuntu/chch-fuel-recommendator/airflow/af_env/lib/python3.12/site-packages/airflow/example_dags/example_subdag_operator.py
[2024-05-18T04:52:51.922+0000] {processor.py:830} INFO - Processing file /home/ubuntu/chch-fuel-recommendator/airflow/af_env/lib/python3.12/site-packages/airflow/example_dags/example_subdag_operator.py for tasks to queue
[2024-05-18T04:52:51.925+0000] {logging_mixin.py:188} INFO - [2024-05-18T04:52:51.924+0000] {dagbag.py:545} INFO - Filling up the DagBag from /home/ubuntu/chch-fuel-recommendator/airflow/af_env/lib/python3.12/site-packages/airflow/example_dags/example_subdag_operator.py
[2024-05-18T04:52:51.984+0000] {processor.py:840} INFO - DAG(s) 'example_subdag_operator.section-1', 'example_subdag_operator.section-2', 'example_subdag_operator' retrieved from /home/ubuntu/chch-fuel-recommendator/airflow/af_env/lib/python3.12/site-packages/airflow/example_dags/example_subdag_operator.py
[2024-05-18T04:52:52.003+0000] {logging_mixin.py:188} INFO - [2024-05-18T04:52:52.002+0000] {dag.py:3096} INFO - Sync 3 DAGs
[2024-05-18T04:52:52.028+0000] {logging_mixin.py:188} INFO - [2024-05-18T04:52:52.028+0000] {dag.py:3954} INFO - Setting next_dagrun for example_subdag_operator to 2022-01-01 00:00:00+00:00, run_after=2022-01-01 00:00:00+00:00
[2024-05-18T04:52:52.032+0000] {logging_mixin.py:188} INFO - [2024-05-18T04:52:52.032+0000] {dag.py:3954} INFO - Setting next_dagrun for example_subdag_operator.section-1 to None, run_after=None
[2024-05-18T04:52:52.033+0000] {logging_mixin.py:188} INFO - [2024-05-18T04:52:52.033+0000] {dag.py:3954} INFO - Setting next_dagrun for example_subdag_operator.section-2 to None, run_after=None
[2024-05-18T04:52:52.040+0000] {logging_mixin.py:188} INFO - [2024-05-18T04:52:52.040+0000] {dag.py:3096} INFO - Sync 2 DAGs
[2024-05-18T04:52:52.046+0000] {logging_mixin.py:188} INFO - [2024-05-18T04:52:52.046+0000] {dag.py:3954} INFO - Setting next_dagrun for example_subdag_operator.section-1 to None, run_after=None
[2024-05-18T04:52:52.046+0000] {logging_mixin.py:188} INFO - [2024-05-18T04:52:52.046+0000] {dag.py:3954} INFO - Setting next_dagrun for example_subdag_operator.section-2 to None, run_after=None
[2024-05-18T04:52:52.066+0000] {processor.py:183} INFO - Processing /home/ubuntu/chch-fuel-recommendator/airflow/af_env/lib/python3.12/site-packages/airflow/example_dags/example_subdag_operator.py took 0.159 seconds
[2024-05-18T04:53:37.809+0000] {processor.py:161} INFO - Started process (PID=12820) to work on /home/ubuntu/chch-fuel-recommendator/airflow/af_env/lib/python3.12/site-packages/airflow/example_dags/example_subdag_operator.py
[2024-05-18T04:53:37.811+0000] {processor.py:830} INFO - Processing file /home/ubuntu/chch-fuel-recommendator/airflow/af_env/lib/python3.12/site-packages/airflow/example_dags/example_subdag_operator.py for tasks to queue
[2024-05-18T04:53:37.813+0000] {logging_mixin.py:188} INFO - [2024-05-18T04:53:37.812+0000] {dagbag.py:545} INFO - Filling up the DagBag from /home/ubuntu/chch-fuel-recommendator/airflow/af_env/lib/python3.12/site-packages/airflow/example_dags/example_subdag_operator.py
[2024-05-18T04:53:37.835+0000] {processor.py:840} INFO - DAG(s) 'example_subdag_operator.section-1', 'example_subdag_operator.section-2', 'example_subdag_operator' retrieved from /home/ubuntu/chch-fuel-recommendator/airflow/af_env/lib/python3.12/site-packages/airflow/example_dags/example_subdag_operator.py
[2024-05-18T04:53:37.851+0000] {logging_mixin.py:188} INFO - [2024-05-18T04:53:37.851+0000] {dag.py:3096} INFO - Sync 3 DAGs
[2024-05-18T04:53:37.872+0000] {logging_mixin.py:188} INFO - [2024-05-18T04:53:37.872+0000] {dag.py:3954} INFO - Setting next_dagrun for example_subdag_operator to 2022-01-01 00:00:00+00:00, run_after=2022-01-01 00:00:00+00:00
[2024-05-18T04:53:37.876+0000] {logging_mixin.py:188} INFO - [2024-05-18T04:53:37.876+0000] {dag.py:3954} INFO - Setting next_dagrun for example_subdag_operator.section-1 to None, run_after=None
[2024-05-18T04:53:37.878+0000] {logging_mixin.py:188} INFO - [2024-05-18T04:53:37.877+0000] {dag.py:3954} INFO - Setting next_dagrun for example_subdag_operator.section-2 to None, run_after=None
[2024-05-18T04:53:37.885+0000] {logging_mixin.py:188} INFO - [2024-05-18T04:53:37.885+0000] {dag.py:3096} INFO - Sync 2 DAGs
[2024-05-18T04:53:37.890+0000] {logging_mixin.py:188} INFO - [2024-05-18T04:53:37.890+0000] {dag.py:3954} INFO - Setting next_dagrun for example_subdag_operator.section-1 to None, run_after=None
[2024-05-18T04:53:37.890+0000] {logging_mixin.py:188} INFO - [2024-05-18T04:53:37.890+0000] {dag.py:3954} INFO - Setting next_dagrun for example_subdag_operator.section-2 to None, run_after=None
[2024-05-18T04:53:37.908+0000] {processor.py:183} INFO - Processing /home/ubuntu/chch-fuel-recommendator/airflow/af_env/lib/python3.12/site-packages/airflow/example_dags/example_subdag_operator.py took 0.105 seconds
[2024-05-18T05:32:14.234+0000] {processor.py:161} INFO - Started process (PID=15071) to work on /home/ubuntu/airflow/airflow_env/lib/python3.12/site-packages/airflow/example_dags/example_subdag_operator.py
[2024-05-18T05:32:14.237+0000] {processor.py:830} INFO - Processing file /home/ubuntu/airflow/airflow_env/lib/python3.12/site-packages/airflow/example_dags/example_subdag_operator.py for tasks to queue
[2024-05-18T05:32:14.239+0000] {logging_mixin.py:188} INFO - [2024-05-18T05:32:14.239+0000] {dagbag.py:545} INFO - Filling up the DagBag from /home/ubuntu/airflow/airflow_env/lib/python3.12/site-packages/airflow/example_dags/example_subdag_operator.py
[2024-05-18T05:32:14.303+0000] {processor.py:840} INFO - DAG(s) 'example_subdag_operator.section-1', 'example_subdag_operator.section-2', 'example_subdag_operator' retrieved from /home/ubuntu/airflow/airflow_env/lib/python3.12/site-packages/airflow/example_dags/example_subdag_operator.py
[2024-05-18T05:32:14.474+0000] {logging_mixin.py:188} INFO - [2024-05-18T05:32:14.473+0000] {dag.py:3096} INFO - Sync 3 DAGs
[2024-05-18T05:32:14.502+0000] {logging_mixin.py:188} INFO - [2024-05-18T05:32:14.502+0000] {dag.py:3954} INFO - Setting next_dagrun for example_subdag_operator to 2022-01-01 00:00:00+00:00, run_after=2022-01-01 00:00:00+00:00
[2024-05-18T05:32:14.507+0000] {logging_mixin.py:188} INFO - [2024-05-18T05:32:14.506+0000] {dag.py:3954} INFO - Setting next_dagrun for example_subdag_operator.section-1 to None, run_after=None
[2024-05-18T05:32:14.509+0000] {logging_mixin.py:188} INFO - [2024-05-18T05:32:14.508+0000] {dag.py:3954} INFO - Setting next_dagrun for example_subdag_operator.section-2 to None, run_after=None
[2024-05-18T05:32:14.525+0000] {logging_mixin.py:188} INFO - [2024-05-18T05:32:14.525+0000] {dag.py:3096} INFO - Sync 2 DAGs
[2024-05-18T05:32:14.536+0000] {logging_mixin.py:188} INFO - [2024-05-18T05:32:14.535+0000] {dag.py:3954} INFO - Setting next_dagrun for example_subdag_operator.section-1 to None, run_after=None
[2024-05-18T05:32:14.536+0000] {logging_mixin.py:188} INFO - [2024-05-18T05:32:14.536+0000] {dag.py:3954} INFO - Setting next_dagrun for example_subdag_operator.section-2 to None, run_after=None
[2024-05-18T05:32:14.555+0000] {processor.py:183} INFO - Processing /home/ubuntu/airflow/airflow_env/lib/python3.12/site-packages/airflow/example_dags/example_subdag_operator.py took 0.330 seconds
[2024-05-18T05:32:44.971+0000] {processor.py:161} INFO - Started process (PID=15125) to work on /home/ubuntu/airflow/airflow_env/lib/python3.12/site-packages/airflow/example_dags/example_subdag_operator.py
[2024-05-18T05:32:44.972+0000] {processor.py:830} INFO - Processing file /home/ubuntu/airflow/airflow_env/lib/python3.12/site-packages/airflow/example_dags/example_subdag_operator.py for tasks to queue
[2024-05-18T05:32:44.974+0000] {logging_mixin.py:188} INFO - [2024-05-18T05:32:44.973+0000] {dagbag.py:545} INFO - Filling up the DagBag from /home/ubuntu/airflow/airflow_env/lib/python3.12/site-packages/airflow/example_dags/example_subdag_operator.py
[2024-05-18T05:32:45.033+0000] {processor.py:840} INFO - DAG(s) 'example_subdag_operator.section-1', 'example_subdag_operator.section-2', 'example_subdag_operator' retrieved from /home/ubuntu/airflow/airflow_env/lib/python3.12/site-packages/airflow/example_dags/example_subdag_operator.py
[2024-05-18T05:32:45.052+0000] {logging_mixin.py:188} INFO - [2024-05-18T05:32:45.051+0000] {dag.py:3096} INFO - Sync 3 DAGs
[2024-05-18T05:32:45.083+0000] {logging_mixin.py:188} INFO - [2024-05-18T05:32:45.083+0000] {dag.py:3954} INFO - Setting next_dagrun for example_subdag_operator to 2022-01-01 00:00:00+00:00, run_after=2022-01-01 00:00:00+00:00
[2024-05-18T05:32:45.094+0000] {logging_mixin.py:188} INFO - [2024-05-18T05:32:45.093+0000] {dag.py:3954} INFO - Setting next_dagrun for example_subdag_operator.section-1 to None, run_after=None
[2024-05-18T05:32:45.097+0000] {logging_mixin.py:188} INFO - [2024-05-18T05:32:45.096+0000] {dag.py:3954} INFO - Setting next_dagrun for example_subdag_operator.section-2 to None, run_after=None
[2024-05-18T05:32:45.108+0000] {logging_mixin.py:188} INFO - [2024-05-18T05:32:45.108+0000] {dag.py:3096} INFO - Sync 2 DAGs
[2024-05-18T05:32:45.126+0000] {logging_mixin.py:188} INFO - [2024-05-18T05:32:45.126+0000] {dag.py:3954} INFO - Setting next_dagrun for example_subdag_operator.section-1 to None, run_after=None
[2024-05-18T05:32:45.127+0000] {logging_mixin.py:188} INFO - [2024-05-18T05:32:45.126+0000] {dag.py:3954} INFO - Setting next_dagrun for example_subdag_operator.section-2 to None, run_after=None
[2024-05-18T05:32:45.156+0000] {processor.py:183} INFO - Processing /home/ubuntu/airflow/airflow_env/lib/python3.12/site-packages/airflow/example_dags/example_subdag_operator.py took 0.192 seconds
[2024-05-18T05:33:15.430+0000] {processor.py:161} INFO - Started process (PID=15179) to work on /home/ubuntu/airflow/airflow_env/lib/python3.12/site-packages/airflow/example_dags/example_subdag_operator.py
[2024-05-18T05:33:15.432+0000] {processor.py:830} INFO - Processing file /home/ubuntu/airflow/airflow_env/lib/python3.12/site-packages/airflow/example_dags/example_subdag_operator.py for tasks to queue
[2024-05-18T05:33:15.433+0000] {logging_mixin.py:188} INFO - [2024-05-18T05:33:15.433+0000] {dagbag.py:545} INFO - Filling up the DagBag from /home/ubuntu/airflow/airflow_env/lib/python3.12/site-packages/airflow/example_dags/example_subdag_operator.py
[2024-05-18T05:33:15.502+0000] {processor.py:840} INFO - DAG(s) 'example_subdag_operator.section-1', 'example_subdag_operator.section-2', 'example_subdag_operator' retrieved from /home/ubuntu/airflow/airflow_env/lib/python3.12/site-packages/airflow/example_dags/example_subdag_operator.py
[2024-05-18T05:33:15.536+0000] {logging_mixin.py:188} INFO - [2024-05-18T05:33:15.535+0000] {dag.py:3096} INFO - Sync 3 DAGs
[2024-05-18T05:33:15.566+0000] {logging_mixin.py:188} INFO - [2024-05-18T05:33:15.566+0000] {dag.py:3954} INFO - Setting next_dagrun for example_subdag_operator to 2022-01-01 00:00:00+00:00, run_after=2022-01-01 00:00:00+00:00
[2024-05-18T05:33:15.571+0000] {logging_mixin.py:188} INFO - [2024-05-18T05:33:15.570+0000] {dag.py:3954} INFO - Setting next_dagrun for example_subdag_operator.section-1 to None, run_after=None
[2024-05-18T05:33:15.572+0000] {logging_mixin.py:188} INFO - [2024-05-18T05:33:15.572+0000] {dag.py:3954} INFO - Setting next_dagrun for example_subdag_operator.section-2 to None, run_after=None
[2024-05-18T05:33:15.580+0000] {logging_mixin.py:188} INFO - [2024-05-18T05:33:15.580+0000] {dag.py:3096} INFO - Sync 2 DAGs
[2024-05-18T05:33:15.588+0000] {logging_mixin.py:188} INFO - [2024-05-18T05:33:15.588+0000] {dag.py:3954} INFO - Setting next_dagrun for example_subdag_operator.section-1 to None, run_after=None
[2024-05-18T05:33:15.588+0000] {logging_mixin.py:188} INFO - [2024-05-18T05:33:15.588+0000] {dag.py:3954} INFO - Setting next_dagrun for example_subdag_operator.section-2 to None, run_after=None
[2024-05-18T05:33:15.601+0000] {processor.py:183} INFO - Processing /home/ubuntu/airflow/airflow_env/lib/python3.12/site-packages/airflow/example_dags/example_subdag_operator.py took 0.177 seconds
[2024-05-18T05:33:45.790+0000] {processor.py:161} INFO - Started process (PID=15230) to work on /home/ubuntu/airflow/airflow_env/lib/python3.12/site-packages/airflow/example_dags/example_subdag_operator.py
[2024-05-18T05:33:45.791+0000] {processor.py:830} INFO - Processing file /home/ubuntu/airflow/airflow_env/lib/python3.12/site-packages/airflow/example_dags/example_subdag_operator.py for tasks to queue
[2024-05-18T05:33:45.793+0000] {logging_mixin.py:188} INFO - [2024-05-18T05:33:45.792+0000] {dagbag.py:545} INFO - Filling up the DagBag from /home/ubuntu/airflow/airflow_env/lib/python3.12/site-packages/airflow/example_dags/example_subdag_operator.py
[2024-05-18T05:33:45.859+0000] {processor.py:840} INFO - DAG(s) 'example_subdag_operator.section-1', 'example_subdag_operator.section-2', 'example_subdag_operator' retrieved from /home/ubuntu/airflow/airflow_env/lib/python3.12/site-packages/airflow/example_dags/example_subdag_operator.py
[2024-05-18T05:33:45.900+0000] {logging_mixin.py:188} INFO - [2024-05-18T05:33:45.900+0000] {dag.py:3096} INFO - Sync 3 DAGs
[2024-05-18T05:33:45.935+0000] {logging_mixin.py:188} INFO - [2024-05-18T05:33:45.934+0000] {dag.py:3954} INFO - Setting next_dagrun for example_subdag_operator to 2022-01-01 00:00:00+00:00, run_after=2022-01-01 00:00:00+00:00
[2024-05-18T05:33:45.940+0000] {logging_mixin.py:188} INFO - [2024-05-18T05:33:45.940+0000] {dag.py:3954} INFO - Setting next_dagrun for example_subdag_operator.section-1 to None, run_after=None
[2024-05-18T05:33:45.943+0000] {logging_mixin.py:188} INFO - [2024-05-18T05:33:45.943+0000] {dag.py:3954} INFO - Setting next_dagrun for example_subdag_operator.section-2 to None, run_after=None
[2024-05-18T05:33:45.958+0000] {logging_mixin.py:188} INFO - [2024-05-18T05:33:45.957+0000] {dag.py:3096} INFO - Sync 2 DAGs
[2024-05-18T05:33:45.975+0000] {logging_mixin.py:188} INFO - [2024-05-18T05:33:45.974+0000] {dag.py:3954} INFO - Setting next_dagrun for example_subdag_operator.section-1 to None, run_after=None
[2024-05-18T05:33:45.975+0000] {logging_mixin.py:188} INFO - [2024-05-18T05:33:45.975+0000] {dag.py:3954} INFO - Setting next_dagrun for example_subdag_operator.section-2 to None, run_after=None
[2024-05-18T05:33:46.006+0000] {processor.py:183} INFO - Processing /home/ubuntu/airflow/airflow_env/lib/python3.12/site-packages/airflow/example_dags/example_subdag_operator.py took 0.226 seconds
[2024-05-18T05:34:16.856+0000] {processor.py:161} INFO - Started process (PID=15282) to work on /home/ubuntu/airflow/airflow_env/lib/python3.12/site-packages/airflow/example_dags/example_subdag_operator.py
[2024-05-18T05:34:16.858+0000] {processor.py:830} INFO - Processing file /home/ubuntu/airflow/airflow_env/lib/python3.12/site-packages/airflow/example_dags/example_subdag_operator.py for tasks to queue
[2024-05-18T05:34:16.859+0000] {logging_mixin.py:188} INFO - [2024-05-18T05:34:16.859+0000] {dagbag.py:545} INFO - Filling up the DagBag from /home/ubuntu/airflow/airflow_env/lib/python3.12/site-packages/airflow/example_dags/example_subdag_operator.py
[2024-05-18T05:34:16.902+0000] {processor.py:840} INFO - DAG(s) 'example_subdag_operator.section-1', 'example_subdag_operator.section-2', 'example_subdag_operator' retrieved from /home/ubuntu/airflow/airflow_env/lib/python3.12/site-packages/airflow/example_dags/example_subdag_operator.py
[2024-05-18T05:34:16.919+0000] {logging_mixin.py:188} INFO - [2024-05-18T05:34:16.918+0000] {dag.py:3096} INFO - Sync 3 DAGs
[2024-05-18T05:34:16.941+0000] {logging_mixin.py:188} INFO - [2024-05-18T05:34:16.941+0000] {dag.py:3954} INFO - Setting next_dagrun for example_subdag_operator to 2022-01-01 00:00:00+00:00, run_after=2022-01-01 00:00:00+00:00
[2024-05-18T05:34:16.946+0000] {logging_mixin.py:188} INFO - [2024-05-18T05:34:16.946+0000] {dag.py:3954} INFO - Setting next_dagrun for example_subdag_operator.section-1 to None, run_after=None
[2024-05-18T05:34:16.948+0000] {logging_mixin.py:188} INFO - [2024-05-18T05:34:16.947+0000] {dag.py:3954} INFO - Setting next_dagrun for example_subdag_operator.section-2 to None, run_after=None
[2024-05-18T05:34:16.957+0000] {logging_mixin.py:188} INFO - [2024-05-18T05:34:16.957+0000] {dag.py:3096} INFO - Sync 2 DAGs
[2024-05-18T05:34:16.963+0000] {logging_mixin.py:188} INFO - [2024-05-18T05:34:16.962+0000] {dag.py:3954} INFO - Setting next_dagrun for example_subdag_operator.section-1 to None, run_after=None
[2024-05-18T05:34:16.963+0000] {logging_mixin.py:188} INFO - [2024-05-18T05:34:16.963+0000] {dag.py:3954} INFO - Setting next_dagrun for example_subdag_operator.section-2 to None, run_after=None
[2024-05-18T05:34:16.976+0000] {processor.py:183} INFO - Processing /home/ubuntu/airflow/airflow_env/lib/python3.12/site-packages/airflow/example_dags/example_subdag_operator.py took 0.125 seconds
[2024-05-18T05:34:47.854+0000] {processor.py:161} INFO - Started process (PID=15333) to work on /home/ubuntu/airflow/airflow_env/lib/python3.12/site-packages/airflow/example_dags/example_subdag_operator.py
[2024-05-18T05:34:47.856+0000] {processor.py:830} INFO - Processing file /home/ubuntu/airflow/airflow_env/lib/python3.12/site-packages/airflow/example_dags/example_subdag_operator.py for tasks to queue
[2024-05-18T05:34:47.858+0000] {logging_mixin.py:188} INFO - [2024-05-18T05:34:47.858+0000] {dagbag.py:545} INFO - Filling up the DagBag from /home/ubuntu/airflow/airflow_env/lib/python3.12/site-packages/airflow/example_dags/example_subdag_operator.py
[2024-05-18T05:34:47.930+0000] {processor.py:840} INFO - DAG(s) 'example_subdag_operator.section-1', 'example_subdag_operator.section-2', 'example_subdag_operator' retrieved from /home/ubuntu/airflow/airflow_env/lib/python3.12/site-packages/airflow/example_dags/example_subdag_operator.py
[2024-05-18T05:34:47.959+0000] {logging_mixin.py:188} INFO - [2024-05-18T05:34:47.959+0000] {dag.py:3096} INFO - Sync 3 DAGs
[2024-05-18T05:34:47.993+0000] {logging_mixin.py:188} INFO - [2024-05-18T05:34:47.993+0000] {dag.py:3954} INFO - Setting next_dagrun for example_subdag_operator to 2022-01-01 00:00:00+00:00, run_after=2022-01-01 00:00:00+00:00
[2024-05-18T05:34:48.003+0000] {logging_mixin.py:188} INFO - [2024-05-18T05:34:48.002+0000] {dag.py:3954} INFO - Setting next_dagrun for example_subdag_operator.section-1 to None, run_after=None
[2024-05-18T05:34:48.006+0000] {logging_mixin.py:188} INFO - [2024-05-18T05:34:48.005+0000] {dag.py:3954} INFO - Setting next_dagrun for example_subdag_operator.section-2 to None, run_after=None
[2024-05-18T05:34:48.019+0000] {logging_mixin.py:188} INFO - [2024-05-18T05:34:48.019+0000] {dag.py:3096} INFO - Sync 2 DAGs
[2024-05-18T05:34:48.027+0000] {logging_mixin.py:188} INFO - [2024-05-18T05:34:48.026+0000] {dag.py:3954} INFO - Setting next_dagrun for example_subdag_operator.section-1 to None, run_after=None
[2024-05-18T05:34:48.028+0000] {logging_mixin.py:188} INFO - [2024-05-18T05:34:48.027+0000] {dag.py:3954} INFO - Setting next_dagrun for example_subdag_operator.section-2 to None, run_after=None
[2024-05-18T05:34:48.048+0000] {processor.py:183} INFO - Processing /home/ubuntu/airflow/airflow_env/lib/python3.12/site-packages/airflow/example_dags/example_subdag_operator.py took 0.203 seconds
[2024-05-18T05:35:18.294+0000] {processor.py:161} INFO - Started process (PID=15387) to work on /home/ubuntu/airflow/airflow_env/lib/python3.12/site-packages/airflow/example_dags/example_subdag_operator.py
[2024-05-18T05:35:18.296+0000] {processor.py:830} INFO - Processing file /home/ubuntu/airflow/airflow_env/lib/python3.12/site-packages/airflow/example_dags/example_subdag_operator.py for tasks to queue
[2024-05-18T05:35:18.298+0000] {logging_mixin.py:188} INFO - [2024-05-18T05:35:18.298+0000] {dagbag.py:545} INFO - Filling up the DagBag from /home/ubuntu/airflow/airflow_env/lib/python3.12/site-packages/airflow/example_dags/example_subdag_operator.py
[2024-05-18T05:35:18.356+0000] {processor.py:840} INFO - DAG(s) 'example_subdag_operator.section-1', 'example_subdag_operator.section-2', 'example_subdag_operator' retrieved from /home/ubuntu/airflow/airflow_env/lib/python3.12/site-packages/airflow/example_dags/example_subdag_operator.py
[2024-05-18T05:35:18.376+0000] {logging_mixin.py:188} INFO - [2024-05-18T05:35:18.375+0000] {dag.py:3096} INFO - Sync 3 DAGs
[2024-05-18T05:35:18.408+0000] {logging_mixin.py:188} INFO - [2024-05-18T05:35:18.407+0000] {dag.py:3954} INFO - Setting next_dagrun for example_subdag_operator to 2022-01-01 00:00:00+00:00, run_after=2022-01-01 00:00:00+00:00
[2024-05-18T05:35:18.413+0000] {logging_mixin.py:188} INFO - [2024-05-18T05:35:18.412+0000] {dag.py:3954} INFO - Setting next_dagrun for example_subdag_operator.section-1 to None, run_after=None
[2024-05-18T05:35:18.415+0000] {logging_mixin.py:188} INFO - [2024-05-18T05:35:18.415+0000] {dag.py:3954} INFO - Setting next_dagrun for example_subdag_operator.section-2 to None, run_after=None
[2024-05-18T05:35:18.424+0000] {logging_mixin.py:188} INFO - [2024-05-18T05:35:18.424+0000] {dag.py:3096} INFO - Sync 2 DAGs
[2024-05-18T05:35:18.431+0000] {logging_mixin.py:188} INFO - [2024-05-18T05:35:18.431+0000] {dag.py:3954} INFO - Setting next_dagrun for example_subdag_operator.section-1 to None, run_after=None
[2024-05-18T05:35:18.432+0000] {logging_mixin.py:188} INFO - [2024-05-18T05:35:18.432+0000] {dag.py:3954} INFO - Setting next_dagrun for example_subdag_operator.section-2 to None, run_after=None
[2024-05-18T05:35:18.444+0000] {processor.py:183} INFO - Processing /home/ubuntu/airflow/airflow_env/lib/python3.12/site-packages/airflow/example_dags/example_subdag_operator.py took 0.158 seconds
[2024-05-18T05:35:48.488+0000] {processor.py:161} INFO - Started process (PID=15438) to work on /home/ubuntu/airflow/airflow_env/lib/python3.12/site-packages/airflow/example_dags/example_subdag_operator.py
[2024-05-18T05:35:48.489+0000] {processor.py:830} INFO - Processing file /home/ubuntu/airflow/airflow_env/lib/python3.12/site-packages/airflow/example_dags/example_subdag_operator.py for tasks to queue
[2024-05-18T05:35:48.492+0000] {logging_mixin.py:188} INFO - [2024-05-18T05:35:48.491+0000] {dagbag.py:545} INFO - Filling up the DagBag from /home/ubuntu/airflow/airflow_env/lib/python3.12/site-packages/airflow/example_dags/example_subdag_operator.py
[2024-05-18T05:35:48.568+0000] {processor.py:840} INFO - DAG(s) 'example_subdag_operator.section-1', 'example_subdag_operator.section-2', 'example_subdag_operator' retrieved from /home/ubuntu/airflow/airflow_env/lib/python3.12/site-packages/airflow/example_dags/example_subdag_operator.py
[2024-05-18T05:35:48.594+0000] {logging_mixin.py:188} INFO - [2024-05-18T05:35:48.593+0000] {dag.py:3096} INFO - Sync 3 DAGs
[2024-05-18T05:35:48.640+0000] {logging_mixin.py:188} INFO - [2024-05-18T05:35:48.639+0000] {dag.py:3954} INFO - Setting next_dagrun for example_subdag_operator to 2022-01-01 00:00:00+00:00, run_after=2022-01-01 00:00:00+00:00
[2024-05-18T05:35:48.646+0000] {logging_mixin.py:188} INFO - [2024-05-18T05:35:48.645+0000] {dag.py:3954} INFO - Setting next_dagrun for example_subdag_operator.section-1 to None, run_after=None
[2024-05-18T05:35:48.648+0000] {logging_mixin.py:188} INFO - [2024-05-18T05:35:48.648+0000] {dag.py:3954} INFO - Setting next_dagrun for example_subdag_operator.section-2 to None, run_after=None
[2024-05-18T05:35:48.661+0000] {logging_mixin.py:188} INFO - [2024-05-18T05:35:48.661+0000] {dag.py:3096} INFO - Sync 2 DAGs
[2024-05-18T05:35:48.671+0000] {logging_mixin.py:188} INFO - [2024-05-18T05:35:48.670+0000] {dag.py:3954} INFO - Setting next_dagrun for example_subdag_operator.section-1 to None, run_after=None
[2024-05-18T05:35:48.671+0000] {logging_mixin.py:188} INFO - [2024-05-18T05:35:48.671+0000] {dag.py:3954} INFO - Setting next_dagrun for example_subdag_operator.section-2 to None, run_after=None
[2024-05-18T05:35:48.693+0000] {processor.py:183} INFO - Processing /home/ubuntu/airflow/airflow_env/lib/python3.12/site-packages/airflow/example_dags/example_subdag_operator.py took 0.213 seconds
[2024-05-18T05:36:19.680+0000] {processor.py:161} INFO - Started process (PID=15489) to work on /home/ubuntu/airflow/airflow_env/lib/python3.12/site-packages/airflow/example_dags/example_subdag_operator.py
[2024-05-18T05:36:19.683+0000] {processor.py:830} INFO - Processing file /home/ubuntu/airflow/airflow_env/lib/python3.12/site-packages/airflow/example_dags/example_subdag_operator.py for tasks to queue
[2024-05-18T05:36:19.685+0000] {logging_mixin.py:188} INFO - [2024-05-18T05:36:19.685+0000] {dagbag.py:545} INFO - Filling up the DagBag from /home/ubuntu/airflow/airflow_env/lib/python3.12/site-packages/airflow/example_dags/example_subdag_operator.py
[2024-05-18T05:36:19.750+0000] {processor.py:840} INFO - DAG(s) 'example_subdag_operator.section-1', 'example_subdag_operator.section-2', 'example_subdag_operator' retrieved from /home/ubuntu/airflow/airflow_env/lib/python3.12/site-packages/airflow/example_dags/example_subdag_operator.py
[2024-05-18T05:36:19.771+0000] {logging_mixin.py:188} INFO - [2024-05-18T05:36:19.771+0000] {dag.py:3096} INFO - Sync 3 DAGs
[2024-05-18T05:36:19.801+0000] {logging_mixin.py:188} INFO - [2024-05-18T05:36:19.801+0000] {dag.py:3954} INFO - Setting next_dagrun for example_subdag_operator to 2022-01-01 00:00:00+00:00, run_after=2022-01-01 00:00:00+00:00
[2024-05-18T05:36:19.807+0000] {logging_mixin.py:188} INFO - [2024-05-18T05:36:19.807+0000] {dag.py:3954} INFO - Setting next_dagrun for example_subdag_operator.section-1 to None, run_after=None
[2024-05-18T05:36:19.809+0000] {logging_mixin.py:188} INFO - [2024-05-18T05:36:19.808+0000] {dag.py:3954} INFO - Setting next_dagrun for example_subdag_operator.section-2 to None, run_after=None
[2024-05-18T05:36:19.819+0000] {logging_mixin.py:188} INFO - [2024-05-18T05:36:19.818+0000] {dag.py:3096} INFO - Sync 2 DAGs
[2024-05-18T05:36:19.826+0000] {logging_mixin.py:188} INFO - [2024-05-18T05:36:19.826+0000] {dag.py:3954} INFO - Setting next_dagrun for example_subdag_operator.section-1 to None, run_after=None
[2024-05-18T05:36:19.826+0000] {logging_mixin.py:188} INFO - [2024-05-18T05:36:19.826+0000] {dag.py:3954} INFO - Setting next_dagrun for example_subdag_operator.section-2 to None, run_after=None
[2024-05-18T05:36:19.840+0000] {processor.py:183} INFO - Processing /home/ubuntu/airflow/airflow_env/lib/python3.12/site-packages/airflow/example_dags/example_subdag_operator.py took 0.168 seconds
[2024-05-18T05:36:50.743+0000] {processor.py:161} INFO - Started process (PID=15540) to work on /home/ubuntu/airflow/airflow_env/lib/python3.12/site-packages/airflow/example_dags/example_subdag_operator.py
[2024-05-18T05:36:50.747+0000] {processor.py:830} INFO - Processing file /home/ubuntu/airflow/airflow_env/lib/python3.12/site-packages/airflow/example_dags/example_subdag_operator.py for tasks to queue
[2024-05-18T05:36:50.751+0000] {logging_mixin.py:188} INFO - [2024-05-18T05:36:50.750+0000] {dagbag.py:545} INFO - Filling up the DagBag from /home/ubuntu/airflow/airflow_env/lib/python3.12/site-packages/airflow/example_dags/example_subdag_operator.py
[2024-05-18T05:36:50.851+0000] {processor.py:840} INFO - DAG(s) 'example_subdag_operator.section-1', 'example_subdag_operator.section-2', 'example_subdag_operator' retrieved from /home/ubuntu/airflow/airflow_env/lib/python3.12/site-packages/airflow/example_dags/example_subdag_operator.py
[2024-05-18T05:36:50.883+0000] {logging_mixin.py:188} INFO - [2024-05-18T05:36:50.882+0000] {dag.py:3096} INFO - Sync 3 DAGs
[2024-05-18T05:36:50.916+0000] {logging_mixin.py:188} INFO - [2024-05-18T05:36:50.915+0000] {dag.py:3954} INFO - Setting next_dagrun for example_subdag_operator to 2022-01-01 00:00:00+00:00, run_after=2022-01-01 00:00:00+00:00
[2024-05-18T05:36:50.922+0000] {logging_mixin.py:188} INFO - [2024-05-18T05:36:50.921+0000] {dag.py:3954} INFO - Setting next_dagrun for example_subdag_operator.section-1 to None, run_after=None
[2024-05-18T05:36:50.924+0000] {logging_mixin.py:188} INFO - [2024-05-18T05:36:50.923+0000] {dag.py:3954} INFO - Setting next_dagrun for example_subdag_operator.section-2 to None, run_after=None
[2024-05-18T05:36:50.935+0000] {logging_mixin.py:188} INFO - [2024-05-18T05:36:50.935+0000] {dag.py:3096} INFO - Sync 2 DAGs
[2024-05-18T05:36:50.943+0000] {logging_mixin.py:188} INFO - [2024-05-18T05:36:50.943+0000] {dag.py:3954} INFO - Setting next_dagrun for example_subdag_operator.section-1 to None, run_after=None
[2024-05-18T05:36:50.944+0000] {logging_mixin.py:188} INFO - [2024-05-18T05:36:50.943+0000] {dag.py:3954} INFO - Setting next_dagrun for example_subdag_operator.section-2 to None, run_after=None
[2024-05-18T05:36:50.959+0000] {processor.py:183} INFO - Processing /home/ubuntu/airflow/airflow_env/lib/python3.12/site-packages/airflow/example_dags/example_subdag_operator.py took 0.237 seconds
[2024-05-18T05:37:21.686+0000] {processor.py:161} INFO - Started process (PID=15591) to work on /home/ubuntu/airflow/airflow_env/lib/python3.12/site-packages/airflow/example_dags/example_subdag_operator.py
[2024-05-18T05:37:21.688+0000] {processor.py:830} INFO - Processing file /home/ubuntu/airflow/airflow_env/lib/python3.12/site-packages/airflow/example_dags/example_subdag_operator.py for tasks to queue
[2024-05-18T05:37:21.694+0000] {logging_mixin.py:188} INFO - [2024-05-18T05:37:21.693+0000] {dagbag.py:545} INFO - Filling up the DagBag from /home/ubuntu/airflow/airflow_env/lib/python3.12/site-packages/airflow/example_dags/example_subdag_operator.py
[2024-05-18T05:37:21.761+0000] {processor.py:840} INFO - DAG(s) 'example_subdag_operator.section-1', 'example_subdag_operator.section-2', 'example_subdag_operator' retrieved from /home/ubuntu/airflow/airflow_env/lib/python3.12/site-packages/airflow/example_dags/example_subdag_operator.py
[2024-05-18T05:37:21.788+0000] {logging_mixin.py:188} INFO - [2024-05-18T05:37:21.787+0000] {dag.py:3096} INFO - Sync 3 DAGs
[2024-05-18T05:37:21.830+0000] {logging_mixin.py:188} INFO - [2024-05-18T05:37:21.830+0000] {dag.py:3954} INFO - Setting next_dagrun for example_subdag_operator to 2022-01-01 00:00:00+00:00, run_after=2022-01-01 00:00:00+00:00
[2024-05-18T05:37:21.836+0000] {logging_mixin.py:188} INFO - [2024-05-18T05:37:21.836+0000] {dag.py:3954} INFO - Setting next_dagrun for example_subdag_operator.section-1 to None, run_after=None
[2024-05-18T05:37:21.838+0000] {logging_mixin.py:188} INFO - [2024-05-18T05:37:21.838+0000] {dag.py:3954} INFO - Setting next_dagrun for example_subdag_operator.section-2 to None, run_after=None
[2024-05-18T05:37:21.855+0000] {logging_mixin.py:188} INFO - [2024-05-18T05:37:21.854+0000] {dag.py:3096} INFO - Sync 2 DAGs
[2024-05-18T05:37:21.863+0000] {logging_mixin.py:188} INFO - [2024-05-18T05:37:21.863+0000] {dag.py:3954} INFO - Setting next_dagrun for example_subdag_operator.section-1 to None, run_after=None
[2024-05-18T05:37:21.864+0000] {logging_mixin.py:188} INFO - [2024-05-18T05:37:21.864+0000] {dag.py:3954} INFO - Setting next_dagrun for example_subdag_operator.section-2 to None, run_after=None
[2024-05-18T05:37:21.883+0000] {processor.py:183} INFO - Processing /home/ubuntu/airflow/airflow_env/lib/python3.12/site-packages/airflow/example_dags/example_subdag_operator.py took 0.206 seconds
[2024-05-18T05:37:51.996+0000] {processor.py:161} INFO - Started process (PID=15643) to work on /home/ubuntu/airflow/airflow_env/lib/python3.12/site-packages/airflow/example_dags/example_subdag_operator.py
[2024-05-18T05:37:51.997+0000] {processor.py:830} INFO - Processing file /home/ubuntu/airflow/airflow_env/lib/python3.12/site-packages/airflow/example_dags/example_subdag_operator.py for tasks to queue
[2024-05-18T05:37:52.000+0000] {logging_mixin.py:188} INFO - [2024-05-18T05:37:51.999+0000] {dagbag.py:545} INFO - Filling up the DagBag from /home/ubuntu/airflow/airflow_env/lib/python3.12/site-packages/airflow/example_dags/example_subdag_operator.py
[2024-05-18T05:37:52.119+0000] {processor.py:840} INFO - DAG(s) 'example_subdag_operator.section-1', 'example_subdag_operator.section-2', 'example_subdag_operator' retrieved from /home/ubuntu/airflow/airflow_env/lib/python3.12/site-packages/airflow/example_dags/example_subdag_operator.py
[2024-05-18T05:37:52.148+0000] {logging_mixin.py:188} INFO - [2024-05-18T05:37:52.148+0000] {dag.py:3096} INFO - Sync 3 DAGs
[2024-05-18T05:37:52.202+0000] {logging_mixin.py:188} INFO - [2024-05-18T05:37:52.201+0000] {dag.py:3954} INFO - Setting next_dagrun for example_subdag_operator to 2022-01-01 00:00:00+00:00, run_after=2022-01-01 00:00:00+00:00
[2024-05-18T05:37:52.209+0000] {logging_mixin.py:188} INFO - [2024-05-18T05:37:52.209+0000] {dag.py:3954} INFO - Setting next_dagrun for example_subdag_operator.section-1 to None, run_after=None
[2024-05-18T05:37:52.211+0000] {logging_mixin.py:188} INFO - [2024-05-18T05:37:52.211+0000] {dag.py:3954} INFO - Setting next_dagrun for example_subdag_operator.section-2 to None, run_after=None
[2024-05-18T05:37:52.222+0000] {logging_mixin.py:188} INFO - [2024-05-18T05:37:52.222+0000] {dag.py:3096} INFO - Sync 2 DAGs
[2024-05-18T05:37:52.230+0000] {logging_mixin.py:188} INFO - [2024-05-18T05:37:52.230+0000] {dag.py:3954} INFO - Setting next_dagrun for example_subdag_operator.section-1 to None, run_after=None
[2024-05-18T05:37:52.231+0000] {logging_mixin.py:188} INFO - [2024-05-18T05:37:52.230+0000] {dag.py:3954} INFO - Setting next_dagrun for example_subdag_operator.section-2 to None, run_after=None
[2024-05-18T05:37:52.245+0000] {processor.py:183} INFO - Processing /home/ubuntu/airflow/airflow_env/lib/python3.12/site-packages/airflow/example_dags/example_subdag_operator.py took 0.260 seconds
[2024-05-18T05:38:22.299+0000] {processor.py:161} INFO - Started process (PID=15695) to work on /home/ubuntu/airflow/airflow_env/lib/python3.12/site-packages/airflow/example_dags/example_subdag_operator.py
[2024-05-18T05:38:22.302+0000] {processor.py:830} INFO - Processing file /home/ubuntu/airflow/airflow_env/lib/python3.12/site-packages/airflow/example_dags/example_subdag_operator.py for tasks to queue
[2024-05-18T05:38:22.304+0000] {logging_mixin.py:188} INFO - [2024-05-18T05:38:22.304+0000] {dagbag.py:545} INFO - Filling up the DagBag from /home/ubuntu/airflow/airflow_env/lib/python3.12/site-packages/airflow/example_dags/example_subdag_operator.py
[2024-05-18T05:38:22.384+0000] {processor.py:840} INFO - DAG(s) 'example_subdag_operator.section-1', 'example_subdag_operator.section-2', 'example_subdag_operator' retrieved from /home/ubuntu/airflow/airflow_env/lib/python3.12/site-packages/airflow/example_dags/example_subdag_operator.py
[2024-05-18T05:38:22.417+0000] {logging_mixin.py:188} INFO - [2024-05-18T05:38:22.417+0000] {dag.py:3096} INFO - Sync 3 DAGs
[2024-05-18T05:38:22.456+0000] {logging_mixin.py:188} INFO - [2024-05-18T05:38:22.456+0000] {dag.py:3954} INFO - Setting next_dagrun for example_subdag_operator to 2022-01-01 00:00:00+00:00, run_after=2022-01-01 00:00:00+00:00
[2024-05-18T05:38:22.462+0000] {logging_mixin.py:188} INFO - [2024-05-18T05:38:22.462+0000] {dag.py:3954} INFO - Setting next_dagrun for example_subdag_operator.section-1 to None, run_after=None
[2024-05-18T05:38:22.464+0000] {logging_mixin.py:188} INFO - [2024-05-18T05:38:22.464+0000] {dag.py:3954} INFO - Setting next_dagrun for example_subdag_operator.section-2 to None, run_after=None
[2024-05-18T05:38:22.475+0000] {logging_mixin.py:188} INFO - [2024-05-18T05:38:22.474+0000] {dag.py:3096} INFO - Sync 2 DAGs
[2024-05-18T05:38:22.486+0000] {logging_mixin.py:188} INFO - [2024-05-18T05:38:22.486+0000] {dag.py:3954} INFO - Setting next_dagrun for example_subdag_operator.section-1 to None, run_after=None
[2024-05-18T05:38:22.487+0000] {logging_mixin.py:188} INFO - [2024-05-18T05:38:22.486+0000] {dag.py:3954} INFO - Setting next_dagrun for example_subdag_operator.section-2 to None, run_after=None
[2024-05-18T05:38:22.505+0000] {processor.py:183} INFO - Processing /home/ubuntu/airflow/airflow_env/lib/python3.12/site-packages/airflow/example_dags/example_subdag_operator.py took 0.218 seconds
[2024-05-18T05:38:52.720+0000] {processor.py:161} INFO - Started process (PID=15746) to work on /home/ubuntu/airflow/airflow_env/lib/python3.12/site-packages/airflow/example_dags/example_subdag_operator.py
[2024-05-18T05:38:52.722+0000] {processor.py:830} INFO - Processing file /home/ubuntu/airflow/airflow_env/lib/python3.12/site-packages/airflow/example_dags/example_subdag_operator.py for tasks to queue
[2024-05-18T05:38:52.724+0000] {logging_mixin.py:188} INFO - [2024-05-18T05:38:52.724+0000] {dagbag.py:545} INFO - Filling up the DagBag from /home/ubuntu/airflow/airflow_env/lib/python3.12/site-packages/airflow/example_dags/example_subdag_operator.py
[2024-05-18T05:38:52.798+0000] {processor.py:840} INFO - DAG(s) 'example_subdag_operator.section-1', 'example_subdag_operator.section-2', 'example_subdag_operator' retrieved from /home/ubuntu/airflow/airflow_env/lib/python3.12/site-packages/airflow/example_dags/example_subdag_operator.py
[2024-05-18T05:38:52.820+0000] {logging_mixin.py:188} INFO - [2024-05-18T05:38:52.820+0000] {dag.py:3096} INFO - Sync 3 DAGs
[2024-05-18T05:38:52.854+0000] {logging_mixin.py:188} INFO - [2024-05-18T05:38:52.854+0000] {dag.py:3954} INFO - Setting next_dagrun for example_subdag_operator to 2022-01-01 00:00:00+00:00, run_after=2022-01-01 00:00:00+00:00
[2024-05-18T05:38:52.865+0000] {logging_mixin.py:188} INFO - [2024-05-18T05:38:52.865+0000] {dag.py:3954} INFO - Setting next_dagrun for example_subdag_operator.section-1 to None, run_after=None
[2024-05-18T05:38:52.868+0000] {logging_mixin.py:188} INFO - [2024-05-18T05:38:52.867+0000] {dag.py:3954} INFO - Setting next_dagrun for example_subdag_operator.section-2 to None, run_after=None
[2024-05-18T05:38:52.883+0000] {logging_mixin.py:188} INFO - [2024-05-18T05:38:52.882+0000] {dag.py:3096} INFO - Sync 2 DAGs
[2024-05-18T05:38:52.896+0000] {logging_mixin.py:188} INFO - [2024-05-18T05:38:52.895+0000] {dag.py:3954} INFO - Setting next_dagrun for example_subdag_operator.section-1 to None, run_after=None
[2024-05-18T05:38:52.896+0000] {logging_mixin.py:188} INFO - [2024-05-18T05:38:52.896+0000] {dag.py:3954} INFO - Setting next_dagrun for example_subdag_operator.section-2 to None, run_after=None
[2024-05-18T05:38:52.916+0000] {processor.py:183} INFO - Processing /home/ubuntu/airflow/airflow_env/lib/python3.12/site-packages/airflow/example_dags/example_subdag_operator.py took 0.207 seconds
[2024-05-18T05:39:23.468+0000] {processor.py:161} INFO - Started process (PID=15797) to work on /home/ubuntu/airflow/airflow_env/lib/python3.12/site-packages/airflow/example_dags/example_subdag_operator.py
[2024-05-18T05:39:23.470+0000] {processor.py:830} INFO - Processing file /home/ubuntu/airflow/airflow_env/lib/python3.12/site-packages/airflow/example_dags/example_subdag_operator.py for tasks to queue
[2024-05-18T05:39:23.474+0000] {logging_mixin.py:188} INFO - [2024-05-18T05:39:23.474+0000] {dagbag.py:545} INFO - Filling up the DagBag from /home/ubuntu/airflow/airflow_env/lib/python3.12/site-packages/airflow/example_dags/example_subdag_operator.py
[2024-05-18T05:39:23.540+0000] {processor.py:840} INFO - DAG(s) 'example_subdag_operator.section-1', 'example_subdag_operator.section-2', 'example_subdag_operator' retrieved from /home/ubuntu/airflow/airflow_env/lib/python3.12/site-packages/airflow/example_dags/example_subdag_operator.py
[2024-05-18T05:39:23.564+0000] {logging_mixin.py:188} INFO - [2024-05-18T05:39:23.564+0000] {dag.py:3096} INFO - Sync 3 DAGs
[2024-05-18T05:39:23.600+0000] {logging_mixin.py:188} INFO - [2024-05-18T05:39:23.600+0000] {dag.py:3954} INFO - Setting next_dagrun for example_subdag_operator to 2022-01-01 00:00:00+00:00, run_after=2022-01-01 00:00:00+00:00
[2024-05-18T05:39:23.607+0000] {logging_mixin.py:188} INFO - [2024-05-18T05:39:23.607+0000] {dag.py:3954} INFO - Setting next_dagrun for example_subdag_operator.section-1 to None, run_after=None
[2024-05-18T05:39:23.609+0000] {logging_mixin.py:188} INFO - [2024-05-18T05:39:23.609+0000] {dag.py:3954} INFO - Setting next_dagrun for example_subdag_operator.section-2 to None, run_after=None
[2024-05-18T05:39:23.621+0000] {logging_mixin.py:188} INFO - [2024-05-18T05:39:23.621+0000] {dag.py:3096} INFO - Sync 2 DAGs
[2024-05-18T05:39:23.630+0000] {logging_mixin.py:188} INFO - [2024-05-18T05:39:23.629+0000] {dag.py:3954} INFO - Setting next_dagrun for example_subdag_operator.section-1 to None, run_after=None
[2024-05-18T05:39:23.630+0000] {logging_mixin.py:188} INFO - [2024-05-18T05:39:23.630+0000] {dag.py:3954} INFO - Setting next_dagrun for example_subdag_operator.section-2 to None, run_after=None
[2024-05-18T05:39:23.648+0000] {processor.py:183} INFO - Processing /home/ubuntu/airflow/airflow_env/lib/python3.12/site-packages/airflow/example_dags/example_subdag_operator.py took 0.190 seconds
[2024-05-18T05:39:53.803+0000] {processor.py:161} INFO - Started process (PID=15848) to work on /home/ubuntu/airflow/airflow_env/lib/python3.12/site-packages/airflow/example_dags/example_subdag_operator.py
[2024-05-18T05:39:53.804+0000] {processor.py:830} INFO - Processing file /home/ubuntu/airflow/airflow_env/lib/python3.12/site-packages/airflow/example_dags/example_subdag_operator.py for tasks to queue
[2024-05-18T05:39:53.806+0000] {logging_mixin.py:188} INFO - [2024-05-18T05:39:53.805+0000] {dagbag.py:545} INFO - Filling up the DagBag from /home/ubuntu/airflow/airflow_env/lib/python3.12/site-packages/airflow/example_dags/example_subdag_operator.py
[2024-05-18T05:39:53.877+0000] {processor.py:840} INFO - DAG(s) 'example_subdag_operator.section-1', 'example_subdag_operator.section-2', 'example_subdag_operator' retrieved from /home/ubuntu/airflow/airflow_env/lib/python3.12/site-packages/airflow/example_dags/example_subdag_operator.py
[2024-05-18T05:39:53.898+0000] {logging_mixin.py:188} INFO - [2024-05-18T05:39:53.898+0000] {dag.py:3096} INFO - Sync 3 DAGs
[2024-05-18T05:39:53.940+0000] {logging_mixin.py:188} INFO - [2024-05-18T05:39:53.939+0000] {dag.py:3954} INFO - Setting next_dagrun for example_subdag_operator to 2022-01-01 00:00:00+00:00, run_after=2022-01-01 00:00:00+00:00
[2024-05-18T05:39:53.946+0000] {logging_mixin.py:188} INFO - [2024-05-18T05:39:53.945+0000] {dag.py:3954} INFO - Setting next_dagrun for example_subdag_operator.section-1 to None, run_after=None
[2024-05-18T05:39:53.948+0000] {logging_mixin.py:188} INFO - [2024-05-18T05:39:53.947+0000] {dag.py:3954} INFO - Setting next_dagrun for example_subdag_operator.section-2 to None, run_after=None
[2024-05-18T05:39:53.959+0000] {logging_mixin.py:188} INFO - [2024-05-18T05:39:53.959+0000] {dag.py:3096} INFO - Sync 2 DAGs
[2024-05-18T05:39:53.966+0000] {logging_mixin.py:188} INFO - [2024-05-18T05:39:53.965+0000] {dag.py:3954} INFO - Setting next_dagrun for example_subdag_operator.section-1 to None, run_after=None
[2024-05-18T05:39:53.966+0000] {logging_mixin.py:188} INFO - [2024-05-18T05:39:53.966+0000] {dag.py:3954} INFO - Setting next_dagrun for example_subdag_operator.section-2 to None, run_after=None
[2024-05-18T05:39:53.981+0000] {processor.py:183} INFO - Processing /home/ubuntu/airflow/airflow_env/lib/python3.12/site-packages/airflow/example_dags/example_subdag_operator.py took 0.187 seconds
[2024-05-18T05:40:24.089+0000] {processor.py:161} INFO - Started process (PID=16181) to work on /home/ubuntu/airflow/airflow_env/lib/python3.12/site-packages/airflow/example_dags/example_subdag_operator.py
[2024-05-18T05:40:24.091+0000] {processor.py:830} INFO - Processing file /home/ubuntu/airflow/airflow_env/lib/python3.12/site-packages/airflow/example_dags/example_subdag_operator.py for tasks to queue
[2024-05-18T05:40:24.093+0000] {logging_mixin.py:188} INFO - [2024-05-18T05:40:24.092+0000] {dagbag.py:545} INFO - Filling up the DagBag from /home/ubuntu/airflow/airflow_env/lib/python3.12/site-packages/airflow/example_dags/example_subdag_operator.py
[2024-05-18T05:40:24.161+0000] {processor.py:840} INFO - DAG(s) 'example_subdag_operator.section-1', 'example_subdag_operator.section-2', 'example_subdag_operator' retrieved from /home/ubuntu/airflow/airflow_env/lib/python3.12/site-packages/airflow/example_dags/example_subdag_operator.py
[2024-05-18T05:40:24.185+0000] {logging_mixin.py:188} INFO - [2024-05-18T05:40:24.185+0000] {dag.py:3096} INFO - Sync 3 DAGs
[2024-05-18T05:40:24.225+0000] {logging_mixin.py:188} INFO - [2024-05-18T05:40:24.225+0000] {dag.py:3954} INFO - Setting next_dagrun for example_subdag_operator to 2022-01-01 00:00:00+00:00, run_after=2022-01-01 00:00:00+00:00
[2024-05-18T05:40:24.231+0000] {logging_mixin.py:188} INFO - [2024-05-18T05:40:24.231+0000] {dag.py:3954} INFO - Setting next_dagrun for example_subdag_operator.section-1 to None, run_after=None
[2024-05-18T05:40:24.233+0000] {logging_mixin.py:188} INFO - [2024-05-18T05:40:24.233+0000] {dag.py:3954} INFO - Setting next_dagrun for example_subdag_operator.section-2 to None, run_after=None
[2024-05-18T05:40:24.243+0000] {logging_mixin.py:188} INFO - [2024-05-18T05:40:24.242+0000] {dag.py:3096} INFO - Sync 2 DAGs
[2024-05-18T05:40:24.251+0000] {logging_mixin.py:188} INFO - [2024-05-18T05:40:24.250+0000] {dag.py:3954} INFO - Setting next_dagrun for example_subdag_operator.section-1 to None, run_after=None
[2024-05-18T05:40:24.252+0000] {logging_mixin.py:188} INFO - [2024-05-18T05:40:24.252+0000] {dag.py:3954} INFO - Setting next_dagrun for example_subdag_operator.section-2 to None, run_after=None
[2024-05-18T05:40:24.268+0000] {processor.py:183} INFO - Processing /home/ubuntu/airflow/airflow_env/lib/python3.12/site-packages/airflow/example_dags/example_subdag_operator.py took 0.191 seconds
[2024-05-18T05:40:54.506+0000] {processor.py:161} INFO - Started process (PID=16236) to work on /home/ubuntu/airflow/airflow_env/lib/python3.12/site-packages/airflow/example_dags/example_subdag_operator.py
[2024-05-18T05:40:54.509+0000] {processor.py:830} INFO - Processing file /home/ubuntu/airflow/airflow_env/lib/python3.12/site-packages/airflow/example_dags/example_subdag_operator.py for tasks to queue
[2024-05-18T05:40:54.513+0000] {logging_mixin.py:188} INFO - [2024-05-18T05:40:54.512+0000] {dagbag.py:545} INFO - Filling up the DagBag from /home/ubuntu/airflow/airflow_env/lib/python3.12/site-packages/airflow/example_dags/example_subdag_operator.py
[2024-05-18T05:40:54.597+0000] {processor.py:840} INFO - DAG(s) 'example_subdag_operator.section-1', 'example_subdag_operator.section-2', 'example_subdag_operator' retrieved from /home/ubuntu/airflow/airflow_env/lib/python3.12/site-packages/airflow/example_dags/example_subdag_operator.py
[2024-05-18T05:40:54.630+0000] {logging_mixin.py:188} INFO - [2024-05-18T05:40:54.629+0000] {dag.py:3096} INFO - Sync 3 DAGs
[2024-05-18T05:40:54.679+0000] {logging_mixin.py:188} INFO - [2024-05-18T05:40:54.679+0000] {dag.py:3954} INFO - Setting next_dagrun for example_subdag_operator to 2022-01-01 00:00:00+00:00, run_after=2022-01-01 00:00:00+00:00
[2024-05-18T05:40:54.689+0000] {logging_mixin.py:188} INFO - [2024-05-18T05:40:54.688+0000] {dag.py:3954} INFO - Setting next_dagrun for example_subdag_operator.section-1 to None, run_after=None
[2024-05-18T05:40:54.691+0000] {logging_mixin.py:188} INFO - [2024-05-18T05:40:54.691+0000] {dag.py:3954} INFO - Setting next_dagrun for example_subdag_operator.section-2 to None, run_after=None
[2024-05-18T05:40:54.707+0000] {logging_mixin.py:188} INFO - [2024-05-18T05:40:54.706+0000] {dag.py:3096} INFO - Sync 2 DAGs
[2024-05-18T05:40:54.717+0000] {logging_mixin.py:188} INFO - [2024-05-18T05:40:54.716+0000] {dag.py:3954} INFO - Setting next_dagrun for example_subdag_operator.section-1 to None, run_after=None
[2024-05-18T05:40:54.718+0000] {logging_mixin.py:188} INFO - [2024-05-18T05:40:54.717+0000] {dag.py:3954} INFO - Setting next_dagrun for example_subdag_operator.section-2 to None, run_after=None
[2024-05-18T05:40:54.738+0000] {processor.py:183} INFO - Processing /home/ubuntu/airflow/airflow_env/lib/python3.12/site-packages/airflow/example_dags/example_subdag_operator.py took 0.243 seconds
[2024-05-18T05:41:25.009+0000] {processor.py:161} INFO - Started process (PID=16287) to work on /home/ubuntu/airflow/airflow_env/lib/python3.12/site-packages/airflow/example_dags/example_subdag_operator.py
[2024-05-18T05:41:25.011+0000] {processor.py:830} INFO - Processing file /home/ubuntu/airflow/airflow_env/lib/python3.12/site-packages/airflow/example_dags/example_subdag_operator.py for tasks to queue
[2024-05-18T05:41:25.017+0000] {logging_mixin.py:188} INFO - [2024-05-18T05:41:25.015+0000] {dagbag.py:545} INFO - Filling up the DagBag from /home/ubuntu/airflow/airflow_env/lib/python3.12/site-packages/airflow/example_dags/example_subdag_operator.py
[2024-05-18T05:41:25.122+0000] {processor.py:840} INFO - DAG(s) 'example_subdag_operator.section-1', 'example_subdag_operator.section-2', 'example_subdag_operator' retrieved from /home/ubuntu/airflow/airflow_env/lib/python3.12/site-packages/airflow/example_dags/example_subdag_operator.py
[2024-05-18T05:41:25.146+0000] {logging_mixin.py:188} INFO - [2024-05-18T05:41:25.146+0000] {dag.py:3096} INFO - Sync 3 DAGs
[2024-05-18T05:41:25.183+0000] {logging_mixin.py:188} INFO - [2024-05-18T05:41:25.182+0000] {dag.py:3954} INFO - Setting next_dagrun for example_subdag_operator to 2022-01-01 00:00:00+00:00, run_after=2022-01-01 00:00:00+00:00
[2024-05-18T05:41:25.189+0000] {logging_mixin.py:188} INFO - [2024-05-18T05:41:25.189+0000] {dag.py:3954} INFO - Setting next_dagrun for example_subdag_operator.section-1 to None, run_after=None
[2024-05-18T05:41:25.192+0000] {logging_mixin.py:188} INFO - [2024-05-18T05:41:25.191+0000] {dag.py:3954} INFO - Setting next_dagrun for example_subdag_operator.section-2 to None, run_after=None
[2024-05-18T05:41:25.204+0000] {logging_mixin.py:188} INFO - [2024-05-18T05:41:25.204+0000] {dag.py:3096} INFO - Sync 2 DAGs
[2024-05-18T05:41:25.223+0000] {logging_mixin.py:188} INFO - [2024-05-18T05:41:25.222+0000] {dag.py:3954} INFO - Setting next_dagrun for example_subdag_operator.section-1 to None, run_after=None
[2024-05-18T05:41:25.224+0000] {logging_mixin.py:188} INFO - [2024-05-18T05:41:25.223+0000] {dag.py:3954} INFO - Setting next_dagrun for example_subdag_operator.section-2 to None, run_after=None
[2024-05-18T05:41:25.250+0000] {processor.py:183} INFO - Processing /home/ubuntu/airflow/airflow_env/lib/python3.12/site-packages/airflow/example_dags/example_subdag_operator.py took 0.253 seconds
[2024-05-18T05:41:55.742+0000] {processor.py:161} INFO - Started process (PID=16340) to work on /home/ubuntu/airflow/airflow_env/lib/python3.12/site-packages/airflow/example_dags/example_subdag_operator.py
[2024-05-18T05:41:55.743+0000] {processor.py:830} INFO - Processing file /home/ubuntu/airflow/airflow_env/lib/python3.12/site-packages/airflow/example_dags/example_subdag_operator.py for tasks to queue
[2024-05-18T05:41:55.745+0000] {logging_mixin.py:188} INFO - [2024-05-18T05:41:55.745+0000] {dagbag.py:545} INFO - Filling up the DagBag from /home/ubuntu/airflow/airflow_env/lib/python3.12/site-packages/airflow/example_dags/example_subdag_operator.py
[2024-05-18T05:41:55.843+0000] {processor.py:840} INFO - DAG(s) 'example_subdag_operator.section-1', 'example_subdag_operator.section-2', 'example_subdag_operator' retrieved from /home/ubuntu/airflow/airflow_env/lib/python3.12/site-packages/airflow/example_dags/example_subdag_operator.py
[2024-05-18T05:41:55.869+0000] {logging_mixin.py:188} INFO - [2024-05-18T05:41:55.868+0000] {dag.py:3096} INFO - Sync 3 DAGs
[2024-05-18T05:41:55.910+0000] {logging_mixin.py:188} INFO - [2024-05-18T05:41:55.910+0000] {dag.py:3954} INFO - Setting next_dagrun for example_subdag_operator to 2022-01-01 00:00:00+00:00, run_after=2022-01-01 00:00:00+00:00
[2024-05-18T05:41:55.917+0000] {logging_mixin.py:188} INFO - [2024-05-18T05:41:55.917+0000] {dag.py:3954} INFO - Setting next_dagrun for example_subdag_operator.section-1 to None, run_after=None
[2024-05-18T05:41:55.919+0000] {logging_mixin.py:188} INFO - [2024-05-18T05:41:55.919+0000] {dag.py:3954} INFO - Setting next_dagrun for example_subdag_operator.section-2 to None, run_after=None
[2024-05-18T05:41:55.933+0000] {logging_mixin.py:188} INFO - [2024-05-18T05:41:55.932+0000] {dag.py:3096} INFO - Sync 2 DAGs
[2024-05-18T05:41:55.946+0000] {logging_mixin.py:188} INFO - [2024-05-18T05:41:55.946+0000] {dag.py:3954} INFO - Setting next_dagrun for example_subdag_operator.section-1 to None, run_after=None
[2024-05-18T05:41:55.947+0000] {logging_mixin.py:188} INFO - [2024-05-18T05:41:55.946+0000] {dag.py:3954} INFO - Setting next_dagrun for example_subdag_operator.section-2 to None, run_after=None
[2024-05-18T05:41:55.968+0000] {processor.py:183} INFO - Processing /home/ubuntu/airflow/airflow_env/lib/python3.12/site-packages/airflow/example_dags/example_subdag_operator.py took 0.239 seconds
[2024-05-18T05:42:26.765+0000] {processor.py:161} INFO - Started process (PID=16391) to work on /home/ubuntu/airflow/airflow_env/lib/python3.12/site-packages/airflow/example_dags/example_subdag_operator.py
[2024-05-18T05:42:26.767+0000] {processor.py:830} INFO - Processing file /home/ubuntu/airflow/airflow_env/lib/python3.12/site-packages/airflow/example_dags/example_subdag_operator.py for tasks to queue
[2024-05-18T05:42:26.770+0000] {logging_mixin.py:188} INFO - [2024-05-18T05:42:26.770+0000] {dagbag.py:545} INFO - Filling up the DagBag from /home/ubuntu/airflow/airflow_env/lib/python3.12/site-packages/airflow/example_dags/example_subdag_operator.py
[2024-05-18T05:42:26.856+0000] {processor.py:840} INFO - DAG(s) 'example_subdag_operator.section-1', 'example_subdag_operator.section-2', 'example_subdag_operator' retrieved from /home/ubuntu/airflow/airflow_env/lib/python3.12/site-packages/airflow/example_dags/example_subdag_operator.py
[2024-05-18T05:42:26.887+0000] {logging_mixin.py:188} INFO - [2024-05-18T05:42:26.887+0000] {dag.py:3096} INFO - Sync 3 DAGs
[2024-05-18T05:42:26.941+0000] {logging_mixin.py:188} INFO - [2024-05-18T05:42:26.941+0000] {dag.py:3954} INFO - Setting next_dagrun for example_subdag_operator to 2022-01-01 00:00:00+00:00, run_after=2022-01-01 00:00:00+00:00
[2024-05-18T05:42:26.950+0000] {logging_mixin.py:188} INFO - [2024-05-18T05:42:26.949+0000] {dag.py:3954} INFO - Setting next_dagrun for example_subdag_operator.section-1 to None, run_after=None
[2024-05-18T05:42:26.952+0000] {logging_mixin.py:188} INFO - [2024-05-18T05:42:26.952+0000] {dag.py:3954} INFO - Setting next_dagrun for example_subdag_operator.section-2 to None, run_after=None
[2024-05-18T05:42:26.962+0000] {logging_mixin.py:188} INFO - [2024-05-18T05:42:26.962+0000] {dag.py:3096} INFO - Sync 2 DAGs
[2024-05-18T05:42:26.970+0000] {logging_mixin.py:188} INFO - [2024-05-18T05:42:26.970+0000] {dag.py:3954} INFO - Setting next_dagrun for example_subdag_operator.section-1 to None, run_after=None
[2024-05-18T05:42:26.970+0000] {logging_mixin.py:188} INFO - [2024-05-18T05:42:26.970+0000] {dag.py:3954} INFO - Setting next_dagrun for example_subdag_operator.section-2 to None, run_after=None
[2024-05-18T05:42:26.990+0000] {processor.py:183} INFO - Processing /home/ubuntu/airflow/airflow_env/lib/python3.12/site-packages/airflow/example_dags/example_subdag_operator.py took 0.236 seconds
[2024-05-18T05:42:57.184+0000] {processor.py:161} INFO - Started process (PID=16442) to work on /home/ubuntu/airflow/airflow_env/lib/python3.12/site-packages/airflow/example_dags/example_subdag_operator.py
[2024-05-18T05:42:57.185+0000] {processor.py:830} INFO - Processing file /home/ubuntu/airflow/airflow_env/lib/python3.12/site-packages/airflow/example_dags/example_subdag_operator.py for tasks to queue
[2024-05-18T05:42:57.189+0000] {logging_mixin.py:188} INFO - [2024-05-18T05:42:57.188+0000] {dagbag.py:545} INFO - Filling up the DagBag from /home/ubuntu/airflow/airflow_env/lib/python3.12/site-packages/airflow/example_dags/example_subdag_operator.py
[2024-05-18T05:42:57.286+0000] {processor.py:840} INFO - DAG(s) 'example_subdag_operator.section-1', 'example_subdag_operator.section-2', 'example_subdag_operator' retrieved from /home/ubuntu/airflow/airflow_env/lib/python3.12/site-packages/airflow/example_dags/example_subdag_operator.py
[2024-05-18T05:42:57.316+0000] {logging_mixin.py:188} INFO - [2024-05-18T05:42:57.315+0000] {dag.py:3096} INFO - Sync 3 DAGs
[2024-05-18T05:42:57.352+0000] {logging_mixin.py:188} INFO - [2024-05-18T05:42:57.352+0000] {dag.py:3954} INFO - Setting next_dagrun for example_subdag_operator to 2022-01-01 00:00:00+00:00, run_after=2022-01-01 00:00:00+00:00
[2024-05-18T05:42:57.363+0000] {logging_mixin.py:188} INFO - [2024-05-18T05:42:57.363+0000] {dag.py:3954} INFO - Setting next_dagrun for example_subdag_operator.section-1 to None, run_after=None
[2024-05-18T05:42:57.365+0000] {logging_mixin.py:188} INFO - [2024-05-18T05:42:57.365+0000] {dag.py:3954} INFO - Setting next_dagrun for example_subdag_operator.section-2 to None, run_after=None
[2024-05-18T05:42:57.376+0000] {logging_mixin.py:188} INFO - [2024-05-18T05:42:57.376+0000] {dag.py:3096} INFO - Sync 2 DAGs
[2024-05-18T05:42:57.387+0000] {logging_mixin.py:188} INFO - [2024-05-18T05:42:57.387+0000] {dag.py:3954} INFO - Setting next_dagrun for example_subdag_operator.section-1 to None, run_after=None
[2024-05-18T05:42:57.388+0000] {logging_mixin.py:188} INFO - [2024-05-18T05:42:57.388+0000] {dag.py:3954} INFO - Setting next_dagrun for example_subdag_operator.section-2 to None, run_after=None
[2024-05-18T05:42:57.420+0000] {processor.py:183} INFO - Processing /home/ubuntu/airflow/airflow_env/lib/python3.12/site-packages/airflow/example_dags/example_subdag_operator.py took 0.247 seconds
[2024-05-18T05:43:28.299+0000] {processor.py:161} INFO - Started process (PID=16527) to work on /home/ubuntu/airflow/airflow_env/lib/python3.12/site-packages/airflow/example_dags/example_subdag_operator.py
[2024-05-18T05:43:28.307+0000] {processor.py:830} INFO - Processing file /home/ubuntu/airflow/airflow_env/lib/python3.12/site-packages/airflow/example_dags/example_subdag_operator.py for tasks to queue
[2024-05-18T05:43:28.310+0000] {logging_mixin.py:188} INFO - [2024-05-18T05:43:28.310+0000] {dagbag.py:545} INFO - Filling up the DagBag from /home/ubuntu/airflow/airflow_env/lib/python3.12/site-packages/airflow/example_dags/example_subdag_operator.py
[2024-05-18T05:43:28.370+0000] {processor.py:840} INFO - DAG(s) 'example_subdag_operator.section-1', 'example_subdag_operator.section-2', 'example_subdag_operator' retrieved from /home/ubuntu/airflow/airflow_env/lib/python3.12/site-packages/airflow/example_dags/example_subdag_operator.py
[2024-05-18T05:43:28.406+0000] {logging_mixin.py:188} INFO - [2024-05-18T05:43:28.405+0000] {dag.py:3096} INFO - Sync 3 DAGs
[2024-05-18T05:43:28.438+0000] {logging_mixin.py:188} INFO - [2024-05-18T05:43:28.438+0000] {dag.py:3954} INFO - Setting next_dagrun for example_subdag_operator to 2022-01-01 00:00:00+00:00, run_after=2022-01-01 00:00:00+00:00
[2024-05-18T05:43:28.445+0000] {logging_mixin.py:188} INFO - [2024-05-18T05:43:28.445+0000] {dag.py:3954} INFO - Setting next_dagrun for example_subdag_operator.section-1 to None, run_after=None
[2024-05-18T05:43:28.447+0000] {logging_mixin.py:188} INFO - [2024-05-18T05:43:28.447+0000] {dag.py:3954} INFO - Setting next_dagrun for example_subdag_operator.section-2 to None, run_after=None
[2024-05-18T05:43:28.463+0000] {logging_mixin.py:188} INFO - [2024-05-18T05:43:28.463+0000] {dag.py:3096} INFO - Sync 2 DAGs
[2024-05-18T05:43:28.661+0000] {logging_mixin.py:188} INFO - [2024-05-18T05:43:28.661+0000] {dag.py:3954} INFO - Setting next_dagrun for example_subdag_operator.section-1 to None, run_after=None
[2024-05-18T05:43:28.661+0000] {logging_mixin.py:188} INFO - [2024-05-18T05:43:28.661+0000] {dag.py:3954} INFO - Setting next_dagrun for example_subdag_operator.section-2 to None, run_after=None
[2024-05-18T05:43:28.677+0000] {processor.py:183} INFO - Processing /home/ubuntu/airflow/airflow_env/lib/python3.12/site-packages/airflow/example_dags/example_subdag_operator.py took 0.398 seconds
[2024-05-18T05:43:58.981+0000] {processor.py:161} INFO - Started process (PID=16578) to work on /home/ubuntu/airflow/airflow_env/lib/python3.12/site-packages/airflow/example_dags/example_subdag_operator.py
[2024-05-18T05:43:58.982+0000] {processor.py:830} INFO - Processing file /home/ubuntu/airflow/airflow_env/lib/python3.12/site-packages/airflow/example_dags/example_subdag_operator.py for tasks to queue
[2024-05-18T05:43:58.984+0000] {logging_mixin.py:188} INFO - [2024-05-18T05:43:58.983+0000] {dagbag.py:545} INFO - Filling up the DagBag from /home/ubuntu/airflow/airflow_env/lib/python3.12/site-packages/airflow/example_dags/example_subdag_operator.py
[2024-05-18T05:43:59.046+0000] {processor.py:840} INFO - DAG(s) 'example_subdag_operator.section-1', 'example_subdag_operator.section-2', 'example_subdag_operator' retrieved from /home/ubuntu/airflow/airflow_env/lib/python3.12/site-packages/airflow/example_dags/example_subdag_operator.py
[2024-05-18T05:43:59.068+0000] {logging_mixin.py:188} INFO - [2024-05-18T05:43:59.068+0000] {dag.py:3096} INFO - Sync 3 DAGs
[2024-05-18T05:43:59.101+0000] {logging_mixin.py:188} INFO - [2024-05-18T05:43:59.100+0000] {dag.py:3954} INFO - Setting next_dagrun for example_subdag_operator to 2022-01-01 00:00:00+00:00, run_after=2022-01-01 00:00:00+00:00
[2024-05-18T05:43:59.108+0000] {logging_mixin.py:188} INFO - [2024-05-18T05:43:59.108+0000] {dag.py:3954} INFO - Setting next_dagrun for example_subdag_operator.section-1 to None, run_after=None
[2024-05-18T05:43:59.110+0000] {logging_mixin.py:188} INFO - [2024-05-18T05:43:59.110+0000] {dag.py:3954} INFO - Setting next_dagrun for example_subdag_operator.section-2 to None, run_after=None
[2024-05-18T05:43:59.120+0000] {logging_mixin.py:188} INFO - [2024-05-18T05:43:59.119+0000] {dag.py:3096} INFO - Sync 2 DAGs
[2024-05-18T05:43:59.127+0000] {logging_mixin.py:188} INFO - [2024-05-18T05:43:59.126+0000] {dag.py:3954} INFO - Setting next_dagrun for example_subdag_operator.section-1 to None, run_after=None
[2024-05-18T05:43:59.127+0000] {logging_mixin.py:188} INFO - [2024-05-18T05:43:59.127+0000] {dag.py:3954} INFO - Setting next_dagrun for example_subdag_operator.section-2 to None, run_after=None
[2024-05-18T05:43:59.141+0000] {processor.py:183} INFO - Processing /home/ubuntu/airflow/airflow_env/lib/python3.12/site-packages/airflow/example_dags/example_subdag_operator.py took 0.168 seconds
