[2024-05-18T04:44:45.185+0000] {processor.py:161} INFO - Started process (PID=12289) to work on /home/ubuntu/chch-fuel-recommendator/airflow/af_env/lib/python3.12/site-packages/airflow/example_dags/example_branch_labels.py
[2024-05-18T04:44:45.187+0000] {processor.py:830} INFO - Processing file /home/ubuntu/chch-fuel-recommendator/airflow/af_env/lib/python3.12/site-packages/airflow/example_dags/example_branch_labels.py for tasks to queue
[2024-05-18T04:44:45.190+0000] {logging_mixin.py:188} INFO - [2024-05-18T04:44:45.190+0000] {dagbag.py:545} INFO - Filling up the DagBag from /home/ubuntu/chch-fuel-recommendator/airflow/af_env/lib/python3.12/site-packages/airflow/example_dags/example_branch_labels.py
[2024-05-18T04:44:45.207+0000] {processor.py:840} INFO - DAG(s) 'example_branch_labels' retrieved from /home/ubuntu/chch-fuel-recommendator/airflow/af_env/lib/python3.12/site-packages/airflow/example_dags/example_branch_labels.py
[2024-05-18T04:44:45.366+0000] {logging_mixin.py:188} INFO - [2024-05-18T04:44:45.365+0000] {override.py:1829} INFO - Created Permission View: can edit on DAG:example_branch_labels
[2024-05-18T04:44:45.380+0000] {logging_mixin.py:188} INFO - [2024-05-18T04:44:45.379+0000] {override.py:1829} INFO - Created Permission View: can read on DAG:example_branch_labels
[2024-05-18T04:44:45.394+0000] {logging_mixin.py:188} INFO - [2024-05-18T04:44:45.394+0000] {override.py:1829} INFO - Created Permission View: can delete on DAG:example_branch_labels
[2024-05-18T04:44:45.395+0000] {logging_mixin.py:188} INFO - [2024-05-18T04:44:45.395+0000] {dag.py:3096} INFO - Sync 1 DAGs
[2024-05-18T04:44:45.404+0000] {logging_mixin.py:188} INFO - [2024-05-18T04:44:45.404+0000] {dag.py:3118} INFO - Creating ORM DAG for example_branch_labels
[2024-05-18T04:44:45.414+0000] {logging_mixin.py:188} INFO - [2024-05-18T04:44:45.413+0000] {dag.py:3954} INFO - Setting next_dagrun for example_branch_labels to 2024-05-17 00:00:00+00:00, run_after=2024-05-18 00:00:00+00:00
[2024-05-18T04:44:45.444+0000] {processor.py:183} INFO - Processing /home/ubuntu/chch-fuel-recommendator/airflow/af_env/lib/python3.12/site-packages/airflow/example_dags/example_branch_labels.py took 0.269 seconds
[2024-05-18T04:45:44.398+0000] {processor.py:161} INFO - Started process (PID=12348) to work on /home/ubuntu/chch-fuel-recommendator/airflow/af_env/lib/python3.12/site-packages/airflow/example_dags/example_branch_labels.py
[2024-05-18T04:45:44.401+0000] {processor.py:830} INFO - Processing file /home/ubuntu/chch-fuel-recommendator/airflow/af_env/lib/python3.12/site-packages/airflow/example_dags/example_branch_labels.py for tasks to queue
[2024-05-18T04:45:44.403+0000] {logging_mixin.py:188} INFO - [2024-05-18T04:45:44.403+0000] {dagbag.py:545} INFO - Filling up the DagBag from /home/ubuntu/chch-fuel-recommendator/airflow/af_env/lib/python3.12/site-packages/airflow/example_dags/example_branch_labels.py
[2024-05-18T04:45:44.418+0000] {processor.py:840} INFO - DAG(s) 'example_branch_labels' retrieved from /home/ubuntu/chch-fuel-recommendator/airflow/af_env/lib/python3.12/site-packages/airflow/example_dags/example_branch_labels.py
[2024-05-18T04:45:44.443+0000] {logging_mixin.py:188} INFO - [2024-05-18T04:45:44.442+0000] {dag.py:3096} INFO - Sync 1 DAGs
[2024-05-18T04:45:44.479+0000] {logging_mixin.py:188} INFO - [2024-05-18T04:45:44.478+0000] {dag.py:3954} INFO - Setting next_dagrun for example_branch_labels to 2024-05-17 00:00:00+00:00, run_after=2024-05-18 00:00:00+00:00
[2024-05-18T04:45:44.518+0000] {processor.py:183} INFO - Processing /home/ubuntu/chch-fuel-recommendator/airflow/af_env/lib/python3.12/site-packages/airflow/example_dags/example_branch_labels.py took 0.128 seconds
[2024-05-18T04:46:41.028+0000] {processor.py:161} INFO - Started process (PID=12403) to work on /home/ubuntu/chch-fuel-recommendator/airflow/af_env/lib/python3.12/site-packages/airflow/example_dags/example_branch_labels.py
[2024-05-18T04:46:41.029+0000] {processor.py:830} INFO - Processing file /home/ubuntu/chch-fuel-recommendator/airflow/af_env/lib/python3.12/site-packages/airflow/example_dags/example_branch_labels.py for tasks to queue
[2024-05-18T04:46:41.031+0000] {logging_mixin.py:188} INFO - [2024-05-18T04:46:41.030+0000] {dagbag.py:545} INFO - Filling up the DagBag from /home/ubuntu/chch-fuel-recommendator/airflow/af_env/lib/python3.12/site-packages/airflow/example_dags/example_branch_labels.py
[2024-05-18T04:46:41.040+0000] {processor.py:840} INFO - DAG(s) 'example_branch_labels' retrieved from /home/ubuntu/chch-fuel-recommendator/airflow/af_env/lib/python3.12/site-packages/airflow/example_dags/example_branch_labels.py
[2024-05-18T04:46:41.062+0000] {logging_mixin.py:188} INFO - [2024-05-18T04:46:41.062+0000] {dag.py:3096} INFO - Sync 1 DAGs
[2024-05-18T04:46:41.085+0000] {logging_mixin.py:188} INFO - [2024-05-18T04:46:41.084+0000] {dag.py:3954} INFO - Setting next_dagrun for example_branch_labels to 2024-05-17 00:00:00+00:00, run_after=2024-05-18 00:00:00+00:00
[2024-05-18T04:46:41.112+0000] {processor.py:183} INFO - Processing /home/ubuntu/chch-fuel-recommendator/airflow/af_env/lib/python3.12/site-packages/airflow/example_dags/example_branch_labels.py took 0.090 seconds
[2024-05-18T04:47:46.681+0000] {processor.py:161} INFO - Started process (PID=12468) to work on /home/ubuntu/chch-fuel-recommendator/airflow/af_env/lib/python3.12/site-packages/airflow/example_dags/example_branch_labels.py
[2024-05-18T04:47:46.684+0000] {processor.py:830} INFO - Processing file /home/ubuntu/chch-fuel-recommendator/airflow/af_env/lib/python3.12/site-packages/airflow/example_dags/example_branch_labels.py for tasks to queue
[2024-05-18T04:47:46.687+0000] {logging_mixin.py:188} INFO - [2024-05-18T04:47:46.687+0000] {dagbag.py:545} INFO - Filling up the DagBag from /home/ubuntu/chch-fuel-recommendator/airflow/af_env/lib/python3.12/site-packages/airflow/example_dags/example_branch_labels.py
[2024-05-18T04:47:46.701+0000] {processor.py:840} INFO - DAG(s) 'example_branch_labels' retrieved from /home/ubuntu/chch-fuel-recommendator/airflow/af_env/lib/python3.12/site-packages/airflow/example_dags/example_branch_labels.py
[2024-05-18T04:47:46.727+0000] {logging_mixin.py:188} INFO - [2024-05-18T04:47:46.727+0000] {dag.py:3096} INFO - Sync 1 DAGs
[2024-05-18T04:47:46.774+0000] {logging_mixin.py:188} INFO - [2024-05-18T04:47:46.773+0000] {dag.py:3954} INFO - Setting next_dagrun for example_branch_labels to 2024-05-17 00:00:00+00:00, run_after=2024-05-18 00:00:00+00:00
[2024-05-18T04:47:46.815+0000] {processor.py:183} INFO - Processing /home/ubuntu/chch-fuel-recommendator/airflow/af_env/lib/python3.12/site-packages/airflow/example_dags/example_branch_labels.py took 0.141 seconds
[2024-05-18T04:48:51.139+0000] {processor.py:161} INFO - Started process (PID=12533) to work on /home/ubuntu/chch-fuel-recommendator/airflow/af_env/lib/python3.12/site-packages/airflow/example_dags/example_branch_labels.py
[2024-05-18T04:48:51.140+0000] {processor.py:830} INFO - Processing file /home/ubuntu/chch-fuel-recommendator/airflow/af_env/lib/python3.12/site-packages/airflow/example_dags/example_branch_labels.py for tasks to queue
[2024-05-18T04:48:51.142+0000] {logging_mixin.py:188} INFO - [2024-05-18T04:48:51.141+0000] {dagbag.py:545} INFO - Filling up the DagBag from /home/ubuntu/chch-fuel-recommendator/airflow/af_env/lib/python3.12/site-packages/airflow/example_dags/example_branch_labels.py
[2024-05-18T04:48:51.149+0000] {processor.py:840} INFO - DAG(s) 'example_branch_labels' retrieved from /home/ubuntu/chch-fuel-recommendator/airflow/af_env/lib/python3.12/site-packages/airflow/example_dags/example_branch_labels.py
[2024-05-18T04:48:51.176+0000] {logging_mixin.py:188} INFO - [2024-05-18T04:48:51.175+0000] {dag.py:3096} INFO - Sync 1 DAGs
[2024-05-18T04:48:51.205+0000] {logging_mixin.py:188} INFO - [2024-05-18T04:48:51.205+0000] {dag.py:3954} INFO - Setting next_dagrun for example_branch_labels to 2024-05-17 00:00:00+00:00, run_after=2024-05-18 00:00:00+00:00
[2024-05-18T04:48:51.242+0000] {processor.py:183} INFO - Processing /home/ubuntu/chch-fuel-recommendator/airflow/af_env/lib/python3.12/site-packages/airflow/example_dags/example_branch_labels.py took 0.111 seconds
[2024-05-18T04:49:57.108+0000] {processor.py:161} INFO - Started process (PID=12598) to work on /home/ubuntu/chch-fuel-recommendator/airflow/af_env/lib/python3.12/site-packages/airflow/example_dags/example_branch_labels.py
[2024-05-18T04:49:57.110+0000] {processor.py:830} INFO - Processing file /home/ubuntu/chch-fuel-recommendator/airflow/af_env/lib/python3.12/site-packages/airflow/example_dags/example_branch_labels.py for tasks to queue
[2024-05-18T04:49:57.112+0000] {logging_mixin.py:188} INFO - [2024-05-18T04:49:57.111+0000] {dagbag.py:545} INFO - Filling up the DagBag from /home/ubuntu/chch-fuel-recommendator/airflow/af_env/lib/python3.12/site-packages/airflow/example_dags/example_branch_labels.py
[2024-05-18T04:49:57.121+0000] {processor.py:840} INFO - DAG(s) 'example_branch_labels' retrieved from /home/ubuntu/chch-fuel-recommendator/airflow/af_env/lib/python3.12/site-packages/airflow/example_dags/example_branch_labels.py
[2024-05-18T04:49:57.142+0000] {logging_mixin.py:188} INFO - [2024-05-18T04:49:57.142+0000] {dag.py:3096} INFO - Sync 1 DAGs
[2024-05-18T04:49:57.163+0000] {logging_mixin.py:188} INFO - [2024-05-18T04:49:57.163+0000] {dag.py:3954} INFO - Setting next_dagrun for example_branch_labels to 2024-05-17 00:00:00+00:00, run_after=2024-05-18 00:00:00+00:00
[2024-05-18T04:49:57.189+0000] {processor.py:183} INFO - Processing /home/ubuntu/chch-fuel-recommendator/airflow/af_env/lib/python3.12/site-packages/airflow/example_dags/example_branch_labels.py took 0.087 seconds
[2024-05-18T04:51:03.916+0000] {processor.py:161} INFO - Started process (PID=12668) to work on /home/ubuntu/chch-fuel-recommendator/airflow/af_env/lib/python3.12/site-packages/airflow/example_dags/example_branch_labels.py
[2024-05-18T04:51:03.917+0000] {processor.py:830} INFO - Processing file /home/ubuntu/chch-fuel-recommendator/airflow/af_env/lib/python3.12/site-packages/airflow/example_dags/example_branch_labels.py for tasks to queue
[2024-05-18T04:51:03.919+0000] {logging_mixin.py:188} INFO - [2024-05-18T04:51:03.919+0000] {dagbag.py:545} INFO - Filling up the DagBag from /home/ubuntu/chch-fuel-recommendator/airflow/af_env/lib/python3.12/site-packages/airflow/example_dags/example_branch_labels.py
[2024-05-18T04:51:03.926+0000] {processor.py:840} INFO - DAG(s) 'example_branch_labels' retrieved from /home/ubuntu/chch-fuel-recommendator/airflow/af_env/lib/python3.12/site-packages/airflow/example_dags/example_branch_labels.py
[2024-05-18T04:51:03.943+0000] {logging_mixin.py:188} INFO - [2024-05-18T04:51:03.942+0000] {dag.py:3096} INFO - Sync 1 DAGs
[2024-05-18T04:51:03.961+0000] {logging_mixin.py:188} INFO - [2024-05-18T04:51:03.961+0000] {dag.py:3954} INFO - Setting next_dagrun for example_branch_labels to 2024-05-17 00:00:00+00:00, run_after=2024-05-18 00:00:00+00:00
[2024-05-18T04:51:03.984+0000] {processor.py:183} INFO - Processing /home/ubuntu/chch-fuel-recommendator/airflow/af_env/lib/python3.12/site-packages/airflow/example_dags/example_branch_labels.py took 0.074 seconds
[2024-05-18T04:52:09.188+0000] {processor.py:161} INFO - Started process (PID=12733) to work on /home/ubuntu/chch-fuel-recommendator/airflow/af_env/lib/python3.12/site-packages/airflow/example_dags/example_branch_labels.py
[2024-05-18T04:52:09.189+0000] {processor.py:830} INFO - Processing file /home/ubuntu/chch-fuel-recommendator/airflow/af_env/lib/python3.12/site-packages/airflow/example_dags/example_branch_labels.py for tasks to queue
[2024-05-18T04:52:09.192+0000] {logging_mixin.py:188} INFO - [2024-05-18T04:52:09.191+0000] {dagbag.py:545} INFO - Filling up the DagBag from /home/ubuntu/chch-fuel-recommendator/airflow/af_env/lib/python3.12/site-packages/airflow/example_dags/example_branch_labels.py
[2024-05-18T04:52:09.202+0000] {processor.py:840} INFO - DAG(s) 'example_branch_labels' retrieved from /home/ubuntu/chch-fuel-recommendator/airflow/af_env/lib/python3.12/site-packages/airflow/example_dags/example_branch_labels.py
[2024-05-18T04:52:09.224+0000] {logging_mixin.py:188} INFO - [2024-05-18T04:52:09.224+0000] {dag.py:3096} INFO - Sync 1 DAGs
[2024-05-18T04:52:09.246+0000] {logging_mixin.py:188} INFO - [2024-05-18T04:52:09.246+0000] {dag.py:3954} INFO - Setting next_dagrun for example_branch_labels to 2024-05-17 00:00:00+00:00, run_after=2024-05-18 00:00:00+00:00
[2024-05-18T04:52:09.273+0000] {processor.py:183} INFO - Processing /home/ubuntu/chch-fuel-recommendator/airflow/af_env/lib/python3.12/site-packages/airflow/example_dags/example_branch_labels.py took 0.092 seconds
[2024-05-18T04:53:19.276+0000] {processor.py:161} INFO - Started process (PID=12802) to work on /home/ubuntu/chch-fuel-recommendator/airflow/af_env/lib/python3.12/site-packages/airflow/example_dags/example_branch_labels.py
[2024-05-18T04:53:19.277+0000] {processor.py:830} INFO - Processing file /home/ubuntu/chch-fuel-recommendator/airflow/af_env/lib/python3.12/site-packages/airflow/example_dags/example_branch_labels.py for tasks to queue
[2024-05-18T04:53:19.279+0000] {logging_mixin.py:188} INFO - [2024-05-18T04:53:19.279+0000] {dagbag.py:545} INFO - Filling up the DagBag from /home/ubuntu/chch-fuel-recommendator/airflow/af_env/lib/python3.12/site-packages/airflow/example_dags/example_branch_labels.py
[2024-05-18T04:53:19.288+0000] {processor.py:840} INFO - DAG(s) 'example_branch_labels' retrieved from /home/ubuntu/chch-fuel-recommendator/airflow/af_env/lib/python3.12/site-packages/airflow/example_dags/example_branch_labels.py
[2024-05-18T04:53:19.309+0000] {logging_mixin.py:188} INFO - [2024-05-18T04:53:19.308+0000] {dag.py:3096} INFO - Sync 1 DAGs
[2024-05-18T04:53:19.331+0000] {logging_mixin.py:188} INFO - [2024-05-18T04:53:19.331+0000] {dag.py:3954} INFO - Setting next_dagrun for example_branch_labels to 2024-05-17 00:00:00+00:00, run_after=2024-05-18 00:00:00+00:00
[2024-05-18T04:53:19.361+0000] {processor.py:183} INFO - Processing /home/ubuntu/chch-fuel-recommendator/airflow/af_env/lib/python3.12/site-packages/airflow/example_dags/example_branch_labels.py took 0.091 seconds
[2024-05-18T05:32:19.475+0000] {processor.py:161} INFO - Started process (PID=15101) to work on /home/ubuntu/airflow/airflow_env/lib/python3.12/site-packages/airflow/example_dags/example_branch_labels.py
[2024-05-18T05:32:19.477+0000] {processor.py:830} INFO - Processing file /home/ubuntu/airflow/airflow_env/lib/python3.12/site-packages/airflow/example_dags/example_branch_labels.py for tasks to queue
[2024-05-18T05:32:19.481+0000] {logging_mixin.py:188} INFO - [2024-05-18T05:32:19.480+0000] {dagbag.py:545} INFO - Filling up the DagBag from /home/ubuntu/airflow/airflow_env/lib/python3.12/site-packages/airflow/example_dags/example_branch_labels.py
[2024-05-18T05:32:19.493+0000] {processor.py:840} INFO - DAG(s) 'example_branch_labels' retrieved from /home/ubuntu/airflow/airflow_env/lib/python3.12/site-packages/airflow/example_dags/example_branch_labels.py
[2024-05-18T05:32:19.687+0000] {logging_mixin.py:188} INFO - [2024-05-18T05:32:19.686+0000] {dag.py:3096} INFO - Sync 1 DAGs
[2024-05-18T05:32:19.727+0000] {logging_mixin.py:188} INFO - [2024-05-18T05:32:19.727+0000] {dag.py:3954} INFO - Setting next_dagrun for example_branch_labels to 2024-05-17 00:00:00+00:00, run_after=2024-05-18 00:00:00+00:00
[2024-05-18T05:32:19.761+0000] {processor.py:183} INFO - Processing /home/ubuntu/airflow/airflow_env/lib/python3.12/site-packages/airflow/example_dags/example_branch_labels.py took 0.296 seconds
[2024-05-18T05:32:50.455+0000] {processor.py:161} INFO - Started process (PID=15155) to work on /home/ubuntu/airflow/airflow_env/lib/python3.12/site-packages/airflow/example_dags/example_branch_labels.py
[2024-05-18T05:32:50.456+0000] {processor.py:830} INFO - Processing file /home/ubuntu/airflow/airflow_env/lib/python3.12/site-packages/airflow/example_dags/example_branch_labels.py for tasks to queue
[2024-05-18T05:32:50.459+0000] {logging_mixin.py:188} INFO - [2024-05-18T05:32:50.458+0000] {dagbag.py:545} INFO - Filling up the DagBag from /home/ubuntu/airflow/airflow_env/lib/python3.12/site-packages/airflow/example_dags/example_branch_labels.py
[2024-05-18T05:32:50.469+0000] {processor.py:840} INFO - DAG(s) 'example_branch_labels' retrieved from /home/ubuntu/airflow/airflow_env/lib/python3.12/site-packages/airflow/example_dags/example_branch_labels.py
[2024-05-18T05:32:50.542+0000] {logging_mixin.py:188} INFO - [2024-05-18T05:32:50.542+0000] {dag.py:3096} INFO - Sync 1 DAGs
[2024-05-18T05:32:50.577+0000] {logging_mixin.py:188} INFO - [2024-05-18T05:32:50.577+0000] {dag.py:3954} INFO - Setting next_dagrun for example_branch_labels to 2024-05-17 00:00:00+00:00, run_after=2024-05-18 00:00:00+00:00
[2024-05-18T05:32:50.610+0000] {processor.py:183} INFO - Processing /home/ubuntu/airflow/airflow_env/lib/python3.12/site-packages/airflow/example_dags/example_branch_labels.py took 0.167 seconds
[2024-05-18T05:33:20.969+0000] {processor.py:161} INFO - Started process (PID=15210) to work on /home/ubuntu/airflow/airflow_env/lib/python3.12/site-packages/airflow/example_dags/example_branch_labels.py
[2024-05-18T05:33:20.971+0000] {processor.py:830} INFO - Processing file /home/ubuntu/airflow/airflow_env/lib/python3.12/site-packages/airflow/example_dags/example_branch_labels.py for tasks to queue
[2024-05-18T05:33:20.973+0000] {logging_mixin.py:188} INFO - [2024-05-18T05:33:20.973+0000] {dagbag.py:545} INFO - Filling up the DagBag from /home/ubuntu/airflow/airflow_env/lib/python3.12/site-packages/airflow/example_dags/example_branch_labels.py
[2024-05-18T05:33:20.986+0000] {processor.py:840} INFO - DAG(s) 'example_branch_labels' retrieved from /home/ubuntu/airflow/airflow_env/lib/python3.12/site-packages/airflow/example_dags/example_branch_labels.py
[2024-05-18T05:33:21.055+0000] {logging_mixin.py:188} INFO - [2024-05-18T05:33:21.055+0000] {dag.py:3096} INFO - Sync 1 DAGs
[2024-05-18T05:33:21.100+0000] {logging_mixin.py:188} INFO - [2024-05-18T05:33:21.100+0000] {dag.py:3954} INFO - Setting next_dagrun for example_branch_labels to 2024-05-17 00:00:00+00:00, run_after=2024-05-18 00:00:00+00:00
[2024-05-18T05:33:21.148+0000] {processor.py:183} INFO - Processing /home/ubuntu/airflow/airflow_env/lib/python3.12/site-packages/airflow/example_dags/example_branch_labels.py took 0.189 seconds
[2024-05-18T05:33:51.303+0000] {processor.py:161} INFO - Started process (PID=15263) to work on /home/ubuntu/airflow/airflow_env/lib/python3.12/site-packages/airflow/example_dags/example_branch_labels.py
[2024-05-18T05:33:51.304+0000] {processor.py:830} INFO - Processing file /home/ubuntu/airflow/airflow_env/lib/python3.12/site-packages/airflow/example_dags/example_branch_labels.py for tasks to queue
[2024-05-18T05:33:51.306+0000] {logging_mixin.py:188} INFO - [2024-05-18T05:33:51.306+0000] {dagbag.py:545} INFO - Filling up the DagBag from /home/ubuntu/airflow/airflow_env/lib/python3.12/site-packages/airflow/example_dags/example_branch_labels.py
[2024-05-18T05:33:51.315+0000] {processor.py:840} INFO - DAG(s) 'example_branch_labels' retrieved from /home/ubuntu/airflow/airflow_env/lib/python3.12/site-packages/airflow/example_dags/example_branch_labels.py
[2024-05-18T05:33:51.395+0000] {logging_mixin.py:188} INFO - [2024-05-18T05:33:51.392+0000] {dag.py:3096} INFO - Sync 1 DAGs
[2024-05-18T05:33:51.452+0000] {logging_mixin.py:188} INFO - [2024-05-18T05:33:51.451+0000] {dag.py:3954} INFO - Setting next_dagrun for example_branch_labels to 2024-05-17 00:00:00+00:00, run_after=2024-05-18 00:00:00+00:00
[2024-05-18T05:33:51.480+0000] {processor.py:183} INFO - Processing /home/ubuntu/airflow/airflow_env/lib/python3.12/site-packages/airflow/example_dags/example_branch_labels.py took 0.185 seconds
[2024-05-18T05:34:22.098+0000] {processor.py:161} INFO - Started process (PID=15314) to work on /home/ubuntu/airflow/airflow_env/lib/python3.12/site-packages/airflow/example_dags/example_branch_labels.py
[2024-05-18T05:34:22.099+0000] {processor.py:830} INFO - Processing file /home/ubuntu/airflow/airflow_env/lib/python3.12/site-packages/airflow/example_dags/example_branch_labels.py for tasks to queue
[2024-05-18T05:34:22.102+0000] {logging_mixin.py:188} INFO - [2024-05-18T05:34:22.102+0000] {dagbag.py:545} INFO - Filling up the DagBag from /home/ubuntu/airflow/airflow_env/lib/python3.12/site-packages/airflow/example_dags/example_branch_labels.py
[2024-05-18T05:34:22.118+0000] {processor.py:840} INFO - DAG(s) 'example_branch_labels' retrieved from /home/ubuntu/airflow/airflow_env/lib/python3.12/site-packages/airflow/example_dags/example_branch_labels.py
[2024-05-18T05:34:22.194+0000] {logging_mixin.py:188} INFO - [2024-05-18T05:34:22.194+0000] {dag.py:3096} INFO - Sync 1 DAGs
[2024-05-18T05:34:22.242+0000] {logging_mixin.py:188} INFO - [2024-05-18T05:34:22.242+0000] {dag.py:3954} INFO - Setting next_dagrun for example_branch_labels to 2024-05-17 00:00:00+00:00, run_after=2024-05-18 00:00:00+00:00
[2024-05-18T05:34:22.291+0000] {processor.py:183} INFO - Processing /home/ubuntu/airflow/airflow_env/lib/python3.12/site-packages/airflow/example_dags/example_branch_labels.py took 0.199 seconds
[2024-05-18T05:34:52.516+0000] {processor.py:161} INFO - Started process (PID=15365) to work on /home/ubuntu/airflow/airflow_env/lib/python3.12/site-packages/airflow/example_dags/example_branch_labels.py
[2024-05-18T05:34:52.517+0000] {processor.py:830} INFO - Processing file /home/ubuntu/airflow/airflow_env/lib/python3.12/site-packages/airflow/example_dags/example_branch_labels.py for tasks to queue
[2024-05-18T05:34:52.520+0000] {logging_mixin.py:188} INFO - [2024-05-18T05:34:52.520+0000] {dagbag.py:545} INFO - Filling up the DagBag from /home/ubuntu/airflow/airflow_env/lib/python3.12/site-packages/airflow/example_dags/example_branch_labels.py
[2024-05-18T05:34:52.533+0000] {processor.py:840} INFO - DAG(s) 'example_branch_labels' retrieved from /home/ubuntu/airflow/airflow_env/lib/python3.12/site-packages/airflow/example_dags/example_branch_labels.py
[2024-05-18T05:34:52.604+0000] {logging_mixin.py:188} INFO - [2024-05-18T05:34:52.604+0000] {dag.py:3096} INFO - Sync 1 DAGs
[2024-05-18T05:34:52.638+0000] {logging_mixin.py:188} INFO - [2024-05-18T05:34:52.638+0000] {dag.py:3954} INFO - Setting next_dagrun for example_branch_labels to 2024-05-17 00:00:00+00:00, run_after=2024-05-18 00:00:00+00:00
[2024-05-18T05:34:52.663+0000] {processor.py:183} INFO - Processing /home/ubuntu/airflow/airflow_env/lib/python3.12/site-packages/airflow/example_dags/example_branch_labels.py took 0.161 seconds
[2024-05-18T05:35:22.830+0000] {processor.py:161} INFO - Started process (PID=15419) to work on /home/ubuntu/airflow/airflow_env/lib/python3.12/site-packages/airflow/example_dags/example_branch_labels.py
[2024-05-18T05:35:22.831+0000] {processor.py:830} INFO - Processing file /home/ubuntu/airflow/airflow_env/lib/python3.12/site-packages/airflow/example_dags/example_branch_labels.py for tasks to queue
[2024-05-18T05:35:22.833+0000] {logging_mixin.py:188} INFO - [2024-05-18T05:35:22.833+0000] {dagbag.py:545} INFO - Filling up the DagBag from /home/ubuntu/airflow/airflow_env/lib/python3.12/site-packages/airflow/example_dags/example_branch_labels.py
[2024-05-18T05:35:22.843+0000] {processor.py:840} INFO - DAG(s) 'example_branch_labels' retrieved from /home/ubuntu/airflow/airflow_env/lib/python3.12/site-packages/airflow/example_dags/example_branch_labels.py
[2024-05-18T05:35:22.893+0000] {logging_mixin.py:188} INFO - [2024-05-18T05:35:22.892+0000] {dag.py:3096} INFO - Sync 1 DAGs
[2024-05-18T05:35:22.920+0000] {logging_mixin.py:188} INFO - [2024-05-18T05:35:22.920+0000] {dag.py:3954} INFO - Setting next_dagrun for example_branch_labels to 2024-05-17 00:00:00+00:00, run_after=2024-05-18 00:00:00+00:00
[2024-05-18T05:35:22.942+0000] {processor.py:183} INFO - Processing /home/ubuntu/airflow/airflow_env/lib/python3.12/site-packages/airflow/example_dags/example_branch_labels.py took 0.119 seconds
[2024-05-18T05:35:53.262+0000] {processor.py:161} INFO - Started process (PID=15468) to work on /home/ubuntu/airflow/airflow_env/lib/python3.12/site-packages/airflow/example_dags/example_branch_labels.py
[2024-05-18T05:35:53.263+0000] {processor.py:830} INFO - Processing file /home/ubuntu/airflow/airflow_env/lib/python3.12/site-packages/airflow/example_dags/example_branch_labels.py for tasks to queue
[2024-05-18T05:35:53.265+0000] {logging_mixin.py:188} INFO - [2024-05-18T05:35:53.265+0000] {dagbag.py:545} INFO - Filling up the DagBag from /home/ubuntu/airflow/airflow_env/lib/python3.12/site-packages/airflow/example_dags/example_branch_labels.py
[2024-05-18T05:35:53.280+0000] {processor.py:840} INFO - DAG(s) 'example_branch_labels' retrieved from /home/ubuntu/airflow/airflow_env/lib/python3.12/site-packages/airflow/example_dags/example_branch_labels.py
[2024-05-18T05:35:53.346+0000] {logging_mixin.py:188} INFO - [2024-05-18T05:35:53.346+0000] {dag.py:3096} INFO - Sync 1 DAGs
[2024-05-18T05:35:53.384+0000] {logging_mixin.py:188} INFO - [2024-05-18T05:35:53.383+0000] {dag.py:3954} INFO - Setting next_dagrun for example_branch_labels to 2024-05-17 00:00:00+00:00, run_after=2024-05-18 00:00:00+00:00
[2024-05-18T05:35:53.418+0000] {processor.py:183} INFO - Processing /home/ubuntu/airflow/airflow_env/lib/python3.12/site-packages/airflow/example_dags/example_branch_labels.py took 0.167 seconds
[2024-05-18T05:36:23.878+0000] {processor.py:161} INFO - Started process (PID=15519) to work on /home/ubuntu/airflow/airflow_env/lib/python3.12/site-packages/airflow/example_dags/example_branch_labels.py
[2024-05-18T05:36:23.879+0000] {processor.py:830} INFO - Processing file /home/ubuntu/airflow/airflow_env/lib/python3.12/site-packages/airflow/example_dags/example_branch_labels.py for tasks to queue
[2024-05-18T05:36:23.882+0000] {logging_mixin.py:188} INFO - [2024-05-18T05:36:23.881+0000] {dagbag.py:545} INFO - Filling up the DagBag from /home/ubuntu/airflow/airflow_env/lib/python3.12/site-packages/airflow/example_dags/example_branch_labels.py
[2024-05-18T05:36:23.892+0000] {processor.py:840} INFO - DAG(s) 'example_branch_labels' retrieved from /home/ubuntu/airflow/airflow_env/lib/python3.12/site-packages/airflow/example_dags/example_branch_labels.py
[2024-05-18T05:36:23.957+0000] {logging_mixin.py:188} INFO - [2024-05-18T05:36:23.957+0000] {dag.py:3096} INFO - Sync 1 DAGs
[2024-05-18T05:36:23.996+0000] {logging_mixin.py:188} INFO - [2024-05-18T05:36:23.995+0000] {dag.py:3954} INFO - Setting next_dagrun for example_branch_labels to 2024-05-17 00:00:00+00:00, run_after=2024-05-18 00:00:00+00:00
[2024-05-18T05:36:24.030+0000] {processor.py:183} INFO - Processing /home/ubuntu/airflow/airflow_env/lib/python3.12/site-packages/airflow/example_dags/example_branch_labels.py took 0.162 seconds
[2024-05-18T05:36:54.760+0000] {processor.py:161} INFO - Started process (PID=15570) to work on /home/ubuntu/airflow/airflow_env/lib/python3.12/site-packages/airflow/example_dags/example_branch_labels.py
[2024-05-18T05:36:54.762+0000] {processor.py:830} INFO - Processing file /home/ubuntu/airflow/airflow_env/lib/python3.12/site-packages/airflow/example_dags/example_branch_labels.py for tasks to queue
[2024-05-18T05:36:54.765+0000] {logging_mixin.py:188} INFO - [2024-05-18T05:36:54.764+0000] {dagbag.py:545} INFO - Filling up the DagBag from /home/ubuntu/airflow/airflow_env/lib/python3.12/site-packages/airflow/example_dags/example_branch_labels.py
[2024-05-18T05:36:54.784+0000] {processor.py:840} INFO - DAG(s) 'example_branch_labels' retrieved from /home/ubuntu/airflow/airflow_env/lib/python3.12/site-packages/airflow/example_dags/example_branch_labels.py
[2024-05-18T05:36:54.848+0000] {logging_mixin.py:188} INFO - [2024-05-18T05:36:54.848+0000] {dag.py:3096} INFO - Sync 1 DAGs
[2024-05-18T05:36:54.897+0000] {logging_mixin.py:188} INFO - [2024-05-18T05:36:54.896+0000] {dag.py:3954} INFO - Setting next_dagrun for example_branch_labels to 2024-05-17 00:00:00+00:00, run_after=2024-05-18 00:00:00+00:00
[2024-05-18T05:36:54.929+0000] {processor.py:183} INFO - Processing /home/ubuntu/airflow/airflow_env/lib/python3.12/site-packages/airflow/example_dags/example_branch_labels.py took 0.178 seconds
[2024-05-18T05:37:26.014+0000] {processor.py:161} INFO - Started process (PID=15621) to work on /home/ubuntu/airflow/airflow_env/lib/python3.12/site-packages/airflow/example_dags/example_branch_labels.py
[2024-05-18T05:37:26.016+0000] {processor.py:830} INFO - Processing file /home/ubuntu/airflow/airflow_env/lib/python3.12/site-packages/airflow/example_dags/example_branch_labels.py for tasks to queue
[2024-05-18T05:37:26.019+0000] {logging_mixin.py:188} INFO - [2024-05-18T05:37:26.018+0000] {dagbag.py:545} INFO - Filling up the DagBag from /home/ubuntu/airflow/airflow_env/lib/python3.12/site-packages/airflow/example_dags/example_branch_labels.py
[2024-05-18T05:37:26.030+0000] {processor.py:840} INFO - DAG(s) 'example_branch_labels' retrieved from /home/ubuntu/airflow/airflow_env/lib/python3.12/site-packages/airflow/example_dags/example_branch_labels.py
[2024-05-18T05:37:26.126+0000] {logging_mixin.py:188} INFO - [2024-05-18T05:37:26.126+0000] {dag.py:3096} INFO - Sync 1 DAGs
[2024-05-18T05:37:26.165+0000] {logging_mixin.py:188} INFO - [2024-05-18T05:37:26.164+0000] {dag.py:3954} INFO - Setting next_dagrun for example_branch_labels to 2024-05-17 00:00:00+00:00, run_after=2024-05-18 00:00:00+00:00
[2024-05-18T05:37:26.196+0000] {processor.py:183} INFO - Processing /home/ubuntu/airflow/airflow_env/lib/python3.12/site-packages/airflow/example_dags/example_branch_labels.py took 0.190 seconds
[2024-05-18T05:37:57.176+0000] {processor.py:161} INFO - Started process (PID=15673) to work on /home/ubuntu/airflow/airflow_env/lib/python3.12/site-packages/airflow/example_dags/example_branch_labels.py
[2024-05-18T05:37:57.179+0000] {processor.py:830} INFO - Processing file /home/ubuntu/airflow/airflow_env/lib/python3.12/site-packages/airflow/example_dags/example_branch_labels.py for tasks to queue
[2024-05-18T05:37:57.182+0000] {logging_mixin.py:188} INFO - [2024-05-18T05:37:57.181+0000] {dagbag.py:545} INFO - Filling up the DagBag from /home/ubuntu/airflow/airflow_env/lib/python3.12/site-packages/airflow/example_dags/example_branch_labels.py
[2024-05-18T05:37:57.196+0000] {processor.py:840} INFO - DAG(s) 'example_branch_labels' retrieved from /home/ubuntu/airflow/airflow_env/lib/python3.12/site-packages/airflow/example_dags/example_branch_labels.py
[2024-05-18T05:37:57.279+0000] {logging_mixin.py:188} INFO - [2024-05-18T05:37:57.279+0000] {dag.py:3096} INFO - Sync 1 DAGs
[2024-05-18T05:37:57.319+0000] {logging_mixin.py:188} INFO - [2024-05-18T05:37:57.318+0000] {dag.py:3954} INFO - Setting next_dagrun for example_branch_labels to 2024-05-17 00:00:00+00:00, run_after=2024-05-18 00:00:00+00:00
[2024-05-18T05:37:57.359+0000] {processor.py:183} INFO - Processing /home/ubuntu/airflow/airflow_env/lib/python3.12/site-packages/airflow/example_dags/example_branch_labels.py took 0.205 seconds
[2024-05-18T05:38:28.253+0000] {processor.py:161} INFO - Started process (PID=15724) to work on /home/ubuntu/airflow/airflow_env/lib/python3.12/site-packages/airflow/example_dags/example_branch_labels.py
[2024-05-18T05:38:28.256+0000] {processor.py:830} INFO - Processing file /home/ubuntu/airflow/airflow_env/lib/python3.12/site-packages/airflow/example_dags/example_branch_labels.py for tasks to queue
[2024-05-18T05:38:28.261+0000] {logging_mixin.py:188} INFO - [2024-05-18T05:38:28.260+0000] {dagbag.py:545} INFO - Filling up the DagBag from /home/ubuntu/airflow/airflow_env/lib/python3.12/site-packages/airflow/example_dags/example_branch_labels.py
[2024-05-18T05:38:28.288+0000] {processor.py:840} INFO - DAG(s) 'example_branch_labels' retrieved from /home/ubuntu/airflow/airflow_env/lib/python3.12/site-packages/airflow/example_dags/example_branch_labels.py
[2024-05-18T05:38:28.369+0000] {logging_mixin.py:188} INFO - [2024-05-18T05:38:28.369+0000] {dag.py:3096} INFO - Sync 1 DAGs
[2024-05-18T05:38:28.403+0000] {logging_mixin.py:188} INFO - [2024-05-18T05:38:28.403+0000] {dag.py:3954} INFO - Setting next_dagrun for example_branch_labels to 2024-05-17 00:00:00+00:00, run_after=2024-05-18 00:00:00+00:00
[2024-05-18T05:38:28.429+0000] {processor.py:183} INFO - Processing /home/ubuntu/airflow/airflow_env/lib/python3.12/site-packages/airflow/example_dags/example_branch_labels.py took 0.187 seconds
[2024-05-18T05:38:58.559+0000] {processor.py:161} INFO - Started process (PID=15774) to work on /home/ubuntu/airflow/airflow_env/lib/python3.12/site-packages/airflow/example_dags/example_branch_labels.py
[2024-05-18T05:38:58.560+0000] {processor.py:830} INFO - Processing file /home/ubuntu/airflow/airflow_env/lib/python3.12/site-packages/airflow/example_dags/example_branch_labels.py for tasks to queue
[2024-05-18T05:38:58.562+0000] {logging_mixin.py:188} INFO - [2024-05-18T05:38:58.561+0000] {dagbag.py:545} INFO - Filling up the DagBag from /home/ubuntu/airflow/airflow_env/lib/python3.12/site-packages/airflow/example_dags/example_branch_labels.py
[2024-05-18T05:38:58.570+0000] {processor.py:840} INFO - DAG(s) 'example_branch_labels' retrieved from /home/ubuntu/airflow/airflow_env/lib/python3.12/site-packages/airflow/example_dags/example_branch_labels.py
[2024-05-18T05:38:58.620+0000] {logging_mixin.py:188} INFO - [2024-05-18T05:38:58.619+0000] {dag.py:3096} INFO - Sync 1 DAGs
[2024-05-18T05:38:58.651+0000] {logging_mixin.py:188} INFO - [2024-05-18T05:38:58.651+0000] {dag.py:3954} INFO - Setting next_dagrun for example_branch_labels to 2024-05-17 00:00:00+00:00, run_after=2024-05-18 00:00:00+00:00
[2024-05-18T05:38:58.677+0000] {processor.py:183} INFO - Processing /home/ubuntu/airflow/airflow_env/lib/python3.12/site-packages/airflow/example_dags/example_branch_labels.py took 0.124 seconds
[2024-05-18T05:39:29.630+0000] {processor.py:161} INFO - Started process (PID=15826) to work on /home/ubuntu/airflow/airflow_env/lib/python3.12/site-packages/airflow/example_dags/example_branch_labels.py
[2024-05-18T05:39:29.632+0000] {processor.py:830} INFO - Processing file /home/ubuntu/airflow/airflow_env/lib/python3.12/site-packages/airflow/example_dags/example_branch_labels.py for tasks to queue
[2024-05-18T05:39:29.635+0000] {logging_mixin.py:188} INFO - [2024-05-18T05:39:29.635+0000] {dagbag.py:545} INFO - Filling up the DagBag from /home/ubuntu/airflow/airflow_env/lib/python3.12/site-packages/airflow/example_dags/example_branch_labels.py
[2024-05-18T05:39:29.648+0000] {processor.py:840} INFO - DAG(s) 'example_branch_labels' retrieved from /home/ubuntu/airflow/airflow_env/lib/python3.12/site-packages/airflow/example_dags/example_branch_labels.py
[2024-05-18T05:39:29.729+0000] {logging_mixin.py:188} INFO - [2024-05-18T05:39:29.728+0000] {dag.py:3096} INFO - Sync 1 DAGs
[2024-05-18T05:39:29.786+0000] {logging_mixin.py:188} INFO - [2024-05-18T05:39:29.785+0000] {dag.py:3954} INFO - Setting next_dagrun for example_branch_labels to 2024-05-17 00:00:00+00:00, run_after=2024-05-18 00:00:00+00:00
[2024-05-18T05:39:29.813+0000] {processor.py:183} INFO - Processing /home/ubuntu/airflow/airflow_env/lib/python3.12/site-packages/airflow/example_dags/example_branch_labels.py took 0.194 seconds
[2024-05-18T05:40:00.322+0000] {processor.py:161} INFO - Started process (PID=15877) to work on /home/ubuntu/airflow/airflow_env/lib/python3.12/site-packages/airflow/example_dags/example_branch_labels.py
[2024-05-18T05:40:00.323+0000] {processor.py:830} INFO - Processing file /home/ubuntu/airflow/airflow_env/lib/python3.12/site-packages/airflow/example_dags/example_branch_labels.py for tasks to queue
[2024-05-18T05:40:00.326+0000] {logging_mixin.py:188} INFO - [2024-05-18T05:40:00.325+0000] {dagbag.py:545} INFO - Filling up the DagBag from /home/ubuntu/airflow/airflow_env/lib/python3.12/site-packages/airflow/example_dags/example_branch_labels.py
[2024-05-18T05:40:00.340+0000] {processor.py:840} INFO - DAG(s) 'example_branch_labels' retrieved from /home/ubuntu/airflow/airflow_env/lib/python3.12/site-packages/airflow/example_dags/example_branch_labels.py
[2024-05-18T05:40:00.439+0000] {logging_mixin.py:188} INFO - [2024-05-18T05:40:00.438+0000] {dag.py:3096} INFO - Sync 1 DAGs
[2024-05-18T05:40:00.500+0000] {logging_mixin.py:188} INFO - [2024-05-18T05:40:00.500+0000] {dag.py:3954} INFO - Setting next_dagrun for example_branch_labels to 2024-05-17 00:00:00+00:00, run_after=2024-05-18 00:00:00+00:00
[2024-05-18T05:40:00.556+0000] {processor.py:183} INFO - Processing /home/ubuntu/airflow/airflow_env/lib/python3.12/site-packages/airflow/example_dags/example_branch_labels.py took 0.249 seconds
[2024-05-18T05:40:30.736+0000] {processor.py:161} INFO - Started process (PID=16212) to work on /home/ubuntu/airflow/airflow_env/lib/python3.12/site-packages/airflow/example_dags/example_branch_labels.py
[2024-05-18T05:40:30.738+0000] {processor.py:830} INFO - Processing file /home/ubuntu/airflow/airflow_env/lib/python3.12/site-packages/airflow/example_dags/example_branch_labels.py for tasks to queue
[2024-05-18T05:40:30.740+0000] {logging_mixin.py:188} INFO - [2024-05-18T05:40:30.740+0000] {dagbag.py:545} INFO - Filling up the DagBag from /home/ubuntu/airflow/airflow_env/lib/python3.12/site-packages/airflow/example_dags/example_branch_labels.py
[2024-05-18T05:40:30.751+0000] {processor.py:840} INFO - DAG(s) 'example_branch_labels' retrieved from /home/ubuntu/airflow/airflow_env/lib/python3.12/site-packages/airflow/example_dags/example_branch_labels.py
[2024-05-18T05:40:30.819+0000] {logging_mixin.py:188} INFO - [2024-05-18T05:40:30.819+0000] {dag.py:3096} INFO - Sync 1 DAGs
[2024-05-18T05:40:30.852+0000] {logging_mixin.py:188} INFO - [2024-05-18T05:40:30.852+0000] {dag.py:3954} INFO - Setting next_dagrun for example_branch_labels to 2024-05-17 00:00:00+00:00, run_after=2024-05-18 00:00:00+00:00
[2024-05-18T05:40:30.880+0000] {processor.py:183} INFO - Processing /home/ubuntu/airflow/airflow_env/lib/python3.12/site-packages/airflow/example_dags/example_branch_labels.py took 0.153 seconds
[2024-05-18T05:41:01.224+0000] {processor.py:161} INFO - Started process (PID=16265) to work on /home/ubuntu/airflow/airflow_env/lib/python3.12/site-packages/airflow/example_dags/example_branch_labels.py
[2024-05-18T05:41:01.227+0000] {processor.py:830} INFO - Processing file /home/ubuntu/airflow/airflow_env/lib/python3.12/site-packages/airflow/example_dags/example_branch_labels.py for tasks to queue
[2024-05-18T05:41:01.237+0000] {logging_mixin.py:188} INFO - [2024-05-18T05:41:01.231+0000] {dagbag.py:545} INFO - Filling up the DagBag from /home/ubuntu/airflow/airflow_env/lib/python3.12/site-packages/airflow/example_dags/example_branch_labels.py
[2024-05-18T05:41:01.256+0000] {processor.py:840} INFO - DAG(s) 'example_branch_labels' retrieved from /home/ubuntu/airflow/airflow_env/lib/python3.12/site-packages/airflow/example_dags/example_branch_labels.py
[2024-05-18T05:41:01.362+0000] {logging_mixin.py:188} INFO - [2024-05-18T05:41:01.362+0000] {dag.py:3096} INFO - Sync 1 DAGs
[2024-05-18T05:41:01.402+0000] {logging_mixin.py:188} INFO - [2024-05-18T05:41:01.402+0000] {dag.py:3954} INFO - Setting next_dagrun for example_branch_labels to 2024-05-17 00:00:00+00:00, run_after=2024-05-18 00:00:00+00:00
[2024-05-18T05:41:01.435+0000] {processor.py:183} INFO - Processing /home/ubuntu/airflow/airflow_env/lib/python3.12/site-packages/airflow/example_dags/example_branch_labels.py took 0.229 seconds
[2024-05-18T05:41:31.756+0000] {processor.py:161} INFO - Started process (PID=16317) to work on /home/ubuntu/airflow/airflow_env/lib/python3.12/site-packages/airflow/example_dags/example_branch_labels.py
[2024-05-18T05:41:31.758+0000] {processor.py:830} INFO - Processing file /home/ubuntu/airflow/airflow_env/lib/python3.12/site-packages/airflow/example_dags/example_branch_labels.py for tasks to queue
[2024-05-18T05:41:31.761+0000] {logging_mixin.py:188} INFO - [2024-05-18T05:41:31.760+0000] {dagbag.py:545} INFO - Filling up the DagBag from /home/ubuntu/airflow/airflow_env/lib/python3.12/site-packages/airflow/example_dags/example_branch_labels.py
[2024-05-18T05:41:31.779+0000] {processor.py:840} INFO - DAG(s) 'example_branch_labels' retrieved from /home/ubuntu/airflow/airflow_env/lib/python3.12/site-packages/airflow/example_dags/example_branch_labels.py
[2024-05-18T05:41:31.853+0000] {logging_mixin.py:188} INFO - [2024-05-18T05:41:31.852+0000] {dag.py:3096} INFO - Sync 1 DAGs
[2024-05-18T05:41:31.893+0000] {logging_mixin.py:188} INFO - [2024-05-18T05:41:31.892+0000] {dag.py:3954} INFO - Setting next_dagrun for example_branch_labels to 2024-05-17 00:00:00+00:00, run_after=2024-05-18 00:00:00+00:00
[2024-05-18T05:41:31.925+0000] {processor.py:183} INFO - Processing /home/ubuntu/airflow/airflow_env/lib/python3.12/site-packages/airflow/example_dags/example_branch_labels.py took 0.178 seconds
[2024-05-18T05:42:03.155+0000] {processor.py:161} INFO - Started process (PID=16369) to work on /home/ubuntu/airflow/airflow_env/lib/python3.12/site-packages/airflow/example_dags/example_branch_labels.py
[2024-05-18T05:42:03.156+0000] {processor.py:830} INFO - Processing file /home/ubuntu/airflow/airflow_env/lib/python3.12/site-packages/airflow/example_dags/example_branch_labels.py for tasks to queue
[2024-05-18T05:42:03.158+0000] {logging_mixin.py:188} INFO - [2024-05-18T05:42:03.158+0000] {dagbag.py:545} INFO - Filling up the DagBag from /home/ubuntu/airflow/airflow_env/lib/python3.12/site-packages/airflow/example_dags/example_branch_labels.py
[2024-05-18T05:42:03.173+0000] {processor.py:840} INFO - DAG(s) 'example_branch_labels' retrieved from /home/ubuntu/airflow/airflow_env/lib/python3.12/site-packages/airflow/example_dags/example_branch_labels.py
[2024-05-18T05:42:03.245+0000] {logging_mixin.py:188} INFO - [2024-05-18T05:42:03.244+0000] {dag.py:3096} INFO - Sync 1 DAGs
[2024-05-18T05:42:03.280+0000] {logging_mixin.py:188} INFO - [2024-05-18T05:42:03.279+0000] {dag.py:3954} INFO - Setting next_dagrun for example_branch_labels to 2024-05-17 00:00:00+00:00, run_after=2024-05-18 00:00:00+00:00
[2024-05-18T05:42:03.322+0000] {processor.py:183} INFO - Processing /home/ubuntu/airflow/airflow_env/lib/python3.12/site-packages/airflow/example_dags/example_branch_labels.py took 0.177 seconds
[2024-05-18T05:42:34.157+0000] {processor.py:161} INFO - Started process (PID=16420) to work on /home/ubuntu/airflow/airflow_env/lib/python3.12/site-packages/airflow/example_dags/example_branch_labels.py
[2024-05-18T05:42:34.159+0000] {processor.py:830} INFO - Processing file /home/ubuntu/airflow/airflow_env/lib/python3.12/site-packages/airflow/example_dags/example_branch_labels.py for tasks to queue
[2024-05-18T05:42:34.161+0000] {logging_mixin.py:188} INFO - [2024-05-18T05:42:34.160+0000] {dagbag.py:545} INFO - Filling up the DagBag from /home/ubuntu/airflow/airflow_env/lib/python3.12/site-packages/airflow/example_dags/example_branch_labels.py
[2024-05-18T05:42:34.170+0000] {processor.py:840} INFO - DAG(s) 'example_branch_labels' retrieved from /home/ubuntu/airflow/airflow_env/lib/python3.12/site-packages/airflow/example_dags/example_branch_labels.py
[2024-05-18T05:42:34.233+0000] {logging_mixin.py:188} INFO - [2024-05-18T05:42:34.233+0000] {dag.py:3096} INFO - Sync 1 DAGs
[2024-05-18T05:42:34.267+0000] {logging_mixin.py:188} INFO - [2024-05-18T05:42:34.266+0000] {dag.py:3954} INFO - Setting next_dagrun for example_branch_labels to 2024-05-17 00:00:00+00:00, run_after=2024-05-18 00:00:00+00:00
[2024-05-18T05:42:34.309+0000] {processor.py:183} INFO - Processing /home/ubuntu/airflow/airflow_env/lib/python3.12/site-packages/airflow/example_dags/example_branch_labels.py took 0.159 seconds
[2024-05-18T05:43:05.232+0000] {processor.py:161} INFO - Started process (PID=16500) to work on /home/ubuntu/airflow/airflow_env/lib/python3.12/site-packages/airflow/example_dags/example_branch_labels.py
[2024-05-18T05:43:05.233+0000] {processor.py:830} INFO - Processing file /home/ubuntu/airflow/airflow_env/lib/python3.12/site-packages/airflow/example_dags/example_branch_labels.py for tasks to queue
[2024-05-18T05:43:05.235+0000] {logging_mixin.py:188} INFO - [2024-05-18T05:43:05.235+0000] {dagbag.py:545} INFO - Filling up the DagBag from /home/ubuntu/airflow/airflow_env/lib/python3.12/site-packages/airflow/example_dags/example_branch_labels.py
[2024-05-18T05:43:05.246+0000] {processor.py:840} INFO - DAG(s) 'example_branch_labels' retrieved from /home/ubuntu/airflow/airflow_env/lib/python3.12/site-packages/airflow/example_dags/example_branch_labels.py
[2024-05-18T05:43:05.301+0000] {logging_mixin.py:188} INFO - [2024-05-18T05:43:05.300+0000] {dag.py:3096} INFO - Sync 1 DAGs
[2024-05-18T05:43:05.337+0000] {logging_mixin.py:188} INFO - [2024-05-18T05:43:05.337+0000] {dag.py:3954} INFO - Setting next_dagrun for example_branch_labels to 2024-05-17 00:00:00+00:00, run_after=2024-05-18 00:00:00+00:00
[2024-05-18T05:43:05.363+0000] {processor.py:183} INFO - Processing /home/ubuntu/airflow/airflow_env/lib/python3.12/site-packages/airflow/example_dags/example_branch_labels.py took 0.138 seconds
[2024-05-18T05:43:35.969+0000] {processor.py:161} INFO - Started process (PID=16556) to work on /home/ubuntu/airflow/airflow_env/lib/python3.12/site-packages/airflow/example_dags/example_branch_labels.py
[2024-05-18T05:43:35.970+0000] {processor.py:830} INFO - Processing file /home/ubuntu/airflow/airflow_env/lib/python3.12/site-packages/airflow/example_dags/example_branch_labels.py for tasks to queue
[2024-05-18T05:43:35.972+0000] {logging_mixin.py:188} INFO - [2024-05-18T05:43:35.972+0000] {dagbag.py:545} INFO - Filling up the DagBag from /home/ubuntu/airflow/airflow_env/lib/python3.12/site-packages/airflow/example_dags/example_branch_labels.py
[2024-05-18T05:43:35.980+0000] {processor.py:840} INFO - DAG(s) 'example_branch_labels' retrieved from /home/ubuntu/airflow/airflow_env/lib/python3.12/site-packages/airflow/example_dags/example_branch_labels.py
[2024-05-18T05:43:36.073+0000] {logging_mixin.py:188} INFO - [2024-05-18T05:43:36.073+0000] {dag.py:3096} INFO - Sync 1 DAGs
[2024-05-18T05:43:36.115+0000] {logging_mixin.py:188} INFO - [2024-05-18T05:43:36.115+0000] {dag.py:3954} INFO - Setting next_dagrun for example_branch_labels to 2024-05-17 00:00:00+00:00, run_after=2024-05-18 00:00:00+00:00
[2024-05-18T05:43:36.149+0000] {processor.py:183} INFO - Processing /home/ubuntu/airflow/airflow_env/lib/python3.12/site-packages/airflow/example_dags/example_branch_labels.py took 0.186 seconds
