[2024-05-18T04:44:25.119+0000] {processor.py:161} INFO - Started process (PID=12273) to work on /home/ubuntu/chch-fuel-recommendator/airflow/af_env/lib/python3.12/site-packages/airflow/example_dags/example_sensor_decorator.py
[2024-05-18T04:44:25.119+0000] {processor.py:830} INFO - Processing file /home/ubuntu/chch-fuel-recommendator/airflow/af_env/lib/python3.12/site-packages/airflow/example_dags/example_sensor_decorator.py for tasks to queue
[2024-05-18T04:44:25.122+0000] {logging_mixin.py:188} INFO - [2024-05-18T04:44:25.122+0000] {dagbag.py:545} INFO - Filling up the DagBag from /home/ubuntu/chch-fuel-recommendator/airflow/af_env/lib/python3.12/site-packages/airflow/example_dags/example_sensor_decorator.py
[2024-05-18T04:44:25.128+0000] {processor.py:840} INFO - DAG(s) 'example_sensor_decorator' retrieved from /home/ubuntu/chch-fuel-recommendator/airflow/af_env/lib/python3.12/site-packages/airflow/example_dags/example_sensor_decorator.py
[2024-05-18T04:44:25.246+0000] {logging_mixin.py:188} INFO - [2024-05-18T04:44:25.245+0000] {override.py:1829} INFO - Created Permission View: can edit on DAG:example_sensor_decorator
[2024-05-18T04:44:25.259+0000] {logging_mixin.py:188} INFO - [2024-05-18T04:44:25.258+0000] {override.py:1829} INFO - Created Permission View: can read on DAG:example_sensor_decorator
[2024-05-18T04:44:25.268+0000] {logging_mixin.py:188} INFO - [2024-05-18T04:44:25.268+0000] {override.py:1829} INFO - Created Permission View: can delete on DAG:example_sensor_decorator
[2024-05-18T04:44:25.268+0000] {logging_mixin.py:188} INFO - [2024-05-18T04:44:25.268+0000] {dag.py:3096} INFO - Sync 1 DAGs
[2024-05-18T04:44:25.278+0000] {logging_mixin.py:188} INFO - [2024-05-18T04:44:25.277+0000] {dag.py:3118} INFO - Creating ORM DAG for example_sensor_decorator
[2024-05-18T04:44:25.278+0000] {logging_mixin.py:188} INFO - [2024-05-18T04:44:25.278+0000] {dag.py:3954} INFO - Setting next_dagrun for example_sensor_decorator to None, run_after=None
[2024-05-18T04:44:25.300+0000] {processor.py:183} INFO - Processing /home/ubuntu/chch-fuel-recommendator/airflow/af_env/lib/python3.12/site-packages/airflow/example_dags/example_sensor_decorator.py took 0.187 seconds
[2024-05-18T04:45:22.875+0000] {processor.py:161} INFO - Started process (PID=12327) to work on /home/ubuntu/chch-fuel-recommendator/airflow/af_env/lib/python3.12/site-packages/airflow/example_dags/example_sensor_decorator.py
[2024-05-18T04:45:22.876+0000] {processor.py:830} INFO - Processing file /home/ubuntu/chch-fuel-recommendator/airflow/af_env/lib/python3.12/site-packages/airflow/example_dags/example_sensor_decorator.py for tasks to queue
[2024-05-18T04:45:22.879+0000] {logging_mixin.py:188} INFO - [2024-05-18T04:45:22.878+0000] {dagbag.py:545} INFO - Filling up the DagBag from /home/ubuntu/chch-fuel-recommendator/airflow/af_env/lib/python3.12/site-packages/airflow/example_dags/example_sensor_decorator.py
[2024-05-18T04:45:22.886+0000] {processor.py:840} INFO - DAG(s) 'example_sensor_decorator' retrieved from /home/ubuntu/chch-fuel-recommendator/airflow/af_env/lib/python3.12/site-packages/airflow/example_dags/example_sensor_decorator.py
[2024-05-18T04:45:22.909+0000] {logging_mixin.py:188} INFO - [2024-05-18T04:45:22.909+0000] {dag.py:3096} INFO - Sync 1 DAGs
[2024-05-18T04:45:22.928+0000] {logging_mixin.py:188} INFO - [2024-05-18T04:45:22.928+0000] {dag.py:3954} INFO - Setting next_dagrun for example_sensor_decorator to None, run_after=None
[2024-05-18T04:45:22.959+0000] {processor.py:183} INFO - Processing /home/ubuntu/chch-fuel-recommendator/airflow/af_env/lib/python3.12/site-packages/airflow/example_dags/example_sensor_decorator.py took 0.092 seconds
[2024-05-18T04:46:20.241+0000] {processor.py:161} INFO - Started process (PID=12383) to work on /home/ubuntu/chch-fuel-recommendator/airflow/af_env/lib/python3.12/site-packages/airflow/example_dags/example_sensor_decorator.py
[2024-05-18T04:46:20.243+0000] {processor.py:830} INFO - Processing file /home/ubuntu/chch-fuel-recommendator/airflow/af_env/lib/python3.12/site-packages/airflow/example_dags/example_sensor_decorator.py for tasks to queue
[2024-05-18T04:46:20.247+0000] {logging_mixin.py:188} INFO - [2024-05-18T04:46:20.246+0000] {dagbag.py:545} INFO - Filling up the DagBag from /home/ubuntu/chch-fuel-recommendator/airflow/af_env/lib/python3.12/site-packages/airflow/example_dags/example_sensor_decorator.py
[2024-05-18T04:46:20.260+0000] {processor.py:840} INFO - DAG(s) 'example_sensor_decorator' retrieved from /home/ubuntu/chch-fuel-recommendator/airflow/af_env/lib/python3.12/site-packages/airflow/example_dags/example_sensor_decorator.py
[2024-05-18T04:46:20.280+0000] {logging_mixin.py:188} INFO - [2024-05-18T04:46:20.280+0000] {dag.py:3096} INFO - Sync 1 DAGs
[2024-05-18T04:46:20.294+0000] {logging_mixin.py:188} INFO - [2024-05-18T04:46:20.294+0000] {dag.py:3954} INFO - Setting next_dagrun for example_sensor_decorator to None, run_after=None
[2024-05-18T04:46:20.329+0000] {processor.py:183} INFO - Processing /home/ubuntu/chch-fuel-recommendator/airflow/af_env/lib/python3.12/site-packages/airflow/example_dags/example_sensor_decorator.py took 0.095 seconds
[2024-05-18T04:47:12.594+0000] {processor.py:161} INFO - Started process (PID=12436) to work on /home/ubuntu/chch-fuel-recommendator/airflow/af_env/lib/python3.12/site-packages/airflow/example_dags/example_sensor_decorator.py
[2024-05-18T04:47:12.597+0000] {processor.py:830} INFO - Processing file /home/ubuntu/chch-fuel-recommendator/airflow/af_env/lib/python3.12/site-packages/airflow/example_dags/example_sensor_decorator.py for tasks to queue
[2024-05-18T04:47:12.598+0000] {logging_mixin.py:188} INFO - [2024-05-18T04:47:12.598+0000] {dagbag.py:545} INFO - Filling up the DagBag from /home/ubuntu/chch-fuel-recommendator/airflow/af_env/lib/python3.12/site-packages/airflow/example_dags/example_sensor_decorator.py
[2024-05-18T04:47:12.619+0000] {processor.py:840} INFO - DAG(s) 'example_sensor_decorator' retrieved from /home/ubuntu/chch-fuel-recommendator/airflow/af_env/lib/python3.12/site-packages/airflow/example_dags/example_sensor_decorator.py
[2024-05-18T04:47:12.659+0000] {logging_mixin.py:188} INFO - [2024-05-18T04:47:12.659+0000] {dag.py:3096} INFO - Sync 1 DAGs
[2024-05-18T04:47:12.678+0000] {logging_mixin.py:188} INFO - [2024-05-18T04:47:12.678+0000] {dag.py:3954} INFO - Setting next_dagrun for example_sensor_decorator to None, run_after=None
[2024-05-18T04:47:12.706+0000] {processor.py:183} INFO - Processing /home/ubuntu/chch-fuel-recommendator/airflow/af_env/lib/python3.12/site-packages/airflow/example_dags/example_sensor_decorator.py took 0.123 seconds
[2024-05-18T04:48:04.997+0000] {processor.py:161} INFO - Started process (PID=12487) to work on /home/ubuntu/chch-fuel-recommendator/airflow/af_env/lib/python3.12/site-packages/airflow/example_dags/example_sensor_decorator.py
[2024-05-18T04:48:05.003+0000] {processor.py:830} INFO - Processing file /home/ubuntu/chch-fuel-recommendator/airflow/af_env/lib/python3.12/site-packages/airflow/example_dags/example_sensor_decorator.py for tasks to queue
[2024-05-18T04:48:05.006+0000] {logging_mixin.py:188} INFO - [2024-05-18T04:48:05.005+0000] {dagbag.py:545} INFO - Filling up the DagBag from /home/ubuntu/chch-fuel-recommendator/airflow/af_env/lib/python3.12/site-packages/airflow/example_dags/example_sensor_decorator.py
[2024-05-18T04:48:05.018+0000] {processor.py:840} INFO - DAG(s) 'example_sensor_decorator' retrieved from /home/ubuntu/chch-fuel-recommendator/airflow/af_env/lib/python3.12/site-packages/airflow/example_dags/example_sensor_decorator.py
[2024-05-18T04:48:05.045+0000] {logging_mixin.py:188} INFO - [2024-05-18T04:48:05.045+0000] {dag.py:3096} INFO - Sync 1 DAGs
[2024-05-18T04:48:05.058+0000] {logging_mixin.py:188} INFO - [2024-05-18T04:48:05.057+0000] {dag.py:3954} INFO - Setting next_dagrun for example_sensor_decorator to None, run_after=None
[2024-05-18T04:48:05.085+0000] {processor.py:183} INFO - Processing /home/ubuntu/chch-fuel-recommendator/airflow/af_env/lib/python3.12/site-packages/airflow/example_dags/example_sensor_decorator.py took 0.096 seconds
[2024-05-18T04:48:48.965+0000] {processor.py:161} INFO - Started process (PID=12530) to work on /home/ubuntu/chch-fuel-recommendator/airflow/af_env/lib/python3.12/site-packages/airflow/example_dags/example_sensor_decorator.py
[2024-05-18T04:48:48.968+0000] {processor.py:830} INFO - Processing file /home/ubuntu/chch-fuel-recommendator/airflow/af_env/lib/python3.12/site-packages/airflow/example_dags/example_sensor_decorator.py for tasks to queue
[2024-05-18T04:48:48.970+0000] {logging_mixin.py:188} INFO - [2024-05-18T04:48:48.969+0000] {dagbag.py:545} INFO - Filling up the DagBag from /home/ubuntu/chch-fuel-recommendator/airflow/af_env/lib/python3.12/site-packages/airflow/example_dags/example_sensor_decorator.py
[2024-05-18T04:48:48.979+0000] {processor.py:840} INFO - DAG(s) 'example_sensor_decorator' retrieved from /home/ubuntu/chch-fuel-recommendator/airflow/af_env/lib/python3.12/site-packages/airflow/example_dags/example_sensor_decorator.py
[2024-05-18T04:48:49.003+0000] {logging_mixin.py:188} INFO - [2024-05-18T04:48:49.002+0000] {dag.py:3096} INFO - Sync 1 DAGs
[2024-05-18T04:48:49.021+0000] {logging_mixin.py:188} INFO - [2024-05-18T04:48:49.020+0000] {dag.py:3954} INFO - Setting next_dagrun for example_sensor_decorator to None, run_after=None
[2024-05-18T04:48:49.053+0000] {processor.py:183} INFO - Processing /home/ubuntu/chch-fuel-recommendator/airflow/af_env/lib/python3.12/site-packages/airflow/example_dags/example_sensor_decorator.py took 0.095 seconds
[2024-05-18T04:49:53.150+0000] {processor.py:161} INFO - Started process (PID=12594) to work on /home/ubuntu/chch-fuel-recommendator/airflow/af_env/lib/python3.12/site-packages/airflow/example_dags/example_sensor_decorator.py
[2024-05-18T04:49:53.151+0000] {processor.py:830} INFO - Processing file /home/ubuntu/chch-fuel-recommendator/airflow/af_env/lib/python3.12/site-packages/airflow/example_dags/example_sensor_decorator.py for tasks to queue
[2024-05-18T04:49:53.153+0000] {logging_mixin.py:188} INFO - [2024-05-18T04:49:53.153+0000] {dagbag.py:545} INFO - Filling up the DagBag from /home/ubuntu/chch-fuel-recommendator/airflow/af_env/lib/python3.12/site-packages/airflow/example_dags/example_sensor_decorator.py
[2024-05-18T04:49:53.161+0000] {processor.py:840} INFO - DAG(s) 'example_sensor_decorator' retrieved from /home/ubuntu/chch-fuel-recommendator/airflow/af_env/lib/python3.12/site-packages/airflow/example_dags/example_sensor_decorator.py
[2024-05-18T04:49:53.179+0000] {logging_mixin.py:188} INFO - [2024-05-18T04:49:53.178+0000] {dag.py:3096} INFO - Sync 1 DAGs
[2024-05-18T04:49:53.193+0000] {logging_mixin.py:188} INFO - [2024-05-18T04:49:53.193+0000] {dag.py:3954} INFO - Setting next_dagrun for example_sensor_decorator to None, run_after=None
[2024-05-18T04:49:53.221+0000] {processor.py:183} INFO - Processing /home/ubuntu/chch-fuel-recommendator/airflow/af_env/lib/python3.12/site-packages/airflow/example_dags/example_sensor_decorator.py took 0.078 seconds
[2024-05-18T04:50:38.023+0000] {processor.py:161} INFO - Started process (PID=12642) to work on /home/ubuntu/chch-fuel-recommendator/airflow/af_env/lib/python3.12/site-packages/airflow/example_dags/example_sensor_decorator.py
[2024-05-18T04:50:38.025+0000] {processor.py:830} INFO - Processing file /home/ubuntu/chch-fuel-recommendator/airflow/af_env/lib/python3.12/site-packages/airflow/example_dags/example_sensor_decorator.py for tasks to queue
[2024-05-18T04:50:38.028+0000] {logging_mixin.py:188} INFO - [2024-05-18T04:50:38.027+0000] {dagbag.py:545} INFO - Filling up the DagBag from /home/ubuntu/chch-fuel-recommendator/airflow/af_env/lib/python3.12/site-packages/airflow/example_dags/example_sensor_decorator.py
[2024-05-18T04:50:38.040+0000] {processor.py:840} INFO - DAG(s) 'example_sensor_decorator' retrieved from /home/ubuntu/chch-fuel-recommendator/airflow/af_env/lib/python3.12/site-packages/airflow/example_dags/example_sensor_decorator.py
[2024-05-18T04:50:38.065+0000] {logging_mixin.py:188} INFO - [2024-05-18T04:50:38.065+0000] {dag.py:3096} INFO - Sync 1 DAGs
[2024-05-18T04:50:38.087+0000] {logging_mixin.py:188} INFO - [2024-05-18T04:50:38.087+0000] {dag.py:3954} INFO - Setting next_dagrun for example_sensor_decorator to None, run_after=None
[2024-05-18T04:50:38.137+0000] {processor.py:183} INFO - Processing /home/ubuntu/chch-fuel-recommendator/airflow/af_env/lib/python3.12/site-packages/airflow/example_dags/example_sensor_decorator.py took 0.123 seconds
[2024-05-18T04:51:22.469+0000] {processor.py:161} INFO - Started process (PID=12687) to work on /home/ubuntu/chch-fuel-recommendator/airflow/af_env/lib/python3.12/site-packages/airflow/example_dags/example_sensor_decorator.py
[2024-05-18T04:51:22.470+0000] {processor.py:830} INFO - Processing file /home/ubuntu/chch-fuel-recommendator/airflow/af_env/lib/python3.12/site-packages/airflow/example_dags/example_sensor_decorator.py for tasks to queue
[2024-05-18T04:51:22.472+0000] {logging_mixin.py:188} INFO - [2024-05-18T04:51:22.471+0000] {dagbag.py:545} INFO - Filling up the DagBag from /home/ubuntu/chch-fuel-recommendator/airflow/af_env/lib/python3.12/site-packages/airflow/example_dags/example_sensor_decorator.py
[2024-05-18T04:51:22.479+0000] {processor.py:840} INFO - DAG(s) 'example_sensor_decorator' retrieved from /home/ubuntu/chch-fuel-recommendator/airflow/af_env/lib/python3.12/site-packages/airflow/example_dags/example_sensor_decorator.py
[2024-05-18T04:51:22.495+0000] {logging_mixin.py:188} INFO - [2024-05-18T04:51:22.494+0000] {dag.py:3096} INFO - Sync 1 DAGs
[2024-05-18T04:51:22.508+0000] {logging_mixin.py:188} INFO - [2024-05-18T04:51:22.508+0000] {dag.py:3954} INFO - Setting next_dagrun for example_sensor_decorator to None, run_after=None
[2024-05-18T04:51:22.534+0000] {processor.py:183} INFO - Processing /home/ubuntu/chch-fuel-recommendator/airflow/af_env/lib/python3.12/site-packages/airflow/example_dags/example_sensor_decorator.py took 0.072 seconds
[2024-05-18T04:52:06.120+0000] {processor.py:161} INFO - Started process (PID=12730) to work on /home/ubuntu/chch-fuel-recommendator/airflow/af_env/lib/python3.12/site-packages/airflow/example_dags/example_sensor_decorator.py
[2024-05-18T04:52:06.121+0000] {processor.py:830} INFO - Processing file /home/ubuntu/chch-fuel-recommendator/airflow/af_env/lib/python3.12/site-packages/airflow/example_dags/example_sensor_decorator.py for tasks to queue
[2024-05-18T04:52:06.126+0000] {logging_mixin.py:188} INFO - [2024-05-18T04:52:06.125+0000] {dagbag.py:545} INFO - Filling up the DagBag from /home/ubuntu/chch-fuel-recommendator/airflow/af_env/lib/python3.12/site-packages/airflow/example_dags/example_sensor_decorator.py
[2024-05-18T04:52:06.140+0000] {processor.py:840} INFO - DAG(s) 'example_sensor_decorator' retrieved from /home/ubuntu/chch-fuel-recommendator/airflow/af_env/lib/python3.12/site-packages/airflow/example_dags/example_sensor_decorator.py
[2024-05-18T04:52:06.166+0000] {logging_mixin.py:188} INFO - [2024-05-18T04:52:06.166+0000] {dag.py:3096} INFO - Sync 1 DAGs
[2024-05-18T04:52:06.186+0000] {logging_mixin.py:188} INFO - [2024-05-18T04:52:06.186+0000] {dag.py:3954} INFO - Setting next_dagrun for example_sensor_decorator to None, run_after=None
[2024-05-18T04:52:06.218+0000] {processor.py:183} INFO - Processing /home/ubuntu/chch-fuel-recommendator/airflow/af_env/lib/python3.12/site-packages/airflow/example_dags/example_sensor_decorator.py took 0.105 seconds
[2024-05-18T04:52:53.154+0000] {processor.py:161} INFO - Started process (PID=12775) to work on /home/ubuntu/chch-fuel-recommendator/airflow/af_env/lib/python3.12/site-packages/airflow/example_dags/example_sensor_decorator.py
[2024-05-18T04:52:53.156+0000] {processor.py:830} INFO - Processing file /home/ubuntu/chch-fuel-recommendator/airflow/af_env/lib/python3.12/site-packages/airflow/example_dags/example_sensor_decorator.py for tasks to queue
[2024-05-18T04:52:53.158+0000] {logging_mixin.py:188} INFO - [2024-05-18T04:52:53.157+0000] {dagbag.py:545} INFO - Filling up the DagBag from /home/ubuntu/chch-fuel-recommendator/airflow/af_env/lib/python3.12/site-packages/airflow/example_dags/example_sensor_decorator.py
[2024-05-18T04:52:53.166+0000] {processor.py:840} INFO - DAG(s) 'example_sensor_decorator' retrieved from /home/ubuntu/chch-fuel-recommendator/airflow/af_env/lib/python3.12/site-packages/airflow/example_dags/example_sensor_decorator.py
[2024-05-18T04:52:53.184+0000] {logging_mixin.py:188} INFO - [2024-05-18T04:52:53.184+0000] {dag.py:3096} INFO - Sync 1 DAGs
[2024-05-18T04:52:53.199+0000] {logging_mixin.py:188} INFO - [2024-05-18T04:52:53.198+0000] {dag.py:3954} INFO - Setting next_dagrun for example_sensor_decorator to None, run_after=None
[2024-05-18T04:52:53.235+0000] {processor.py:183} INFO - Processing /home/ubuntu/chch-fuel-recommendator/airflow/af_env/lib/python3.12/site-packages/airflow/example_dags/example_sensor_decorator.py took 0.086 seconds
[2024-05-18T04:53:39.050+0000] {processor.py:161} INFO - Started process (PID=12821) to work on /home/ubuntu/chch-fuel-recommendator/airflow/af_env/lib/python3.12/site-packages/airflow/example_dags/example_sensor_decorator.py
[2024-05-18T04:53:39.051+0000] {processor.py:830} INFO - Processing file /home/ubuntu/chch-fuel-recommendator/airflow/af_env/lib/python3.12/site-packages/airflow/example_dags/example_sensor_decorator.py for tasks to queue
[2024-05-18T04:53:39.053+0000] {logging_mixin.py:188} INFO - [2024-05-18T04:53:39.053+0000] {dagbag.py:545} INFO - Filling up the DagBag from /home/ubuntu/chch-fuel-recommendator/airflow/af_env/lib/python3.12/site-packages/airflow/example_dags/example_sensor_decorator.py
[2024-05-18T04:53:39.061+0000] {processor.py:840} INFO - DAG(s) 'example_sensor_decorator' retrieved from /home/ubuntu/chch-fuel-recommendator/airflow/af_env/lib/python3.12/site-packages/airflow/example_dags/example_sensor_decorator.py
[2024-05-18T04:53:39.078+0000] {logging_mixin.py:188} INFO - [2024-05-18T04:53:39.077+0000] {dag.py:3096} INFO - Sync 1 DAGs
[2024-05-18T04:53:39.091+0000] {logging_mixin.py:188} INFO - [2024-05-18T04:53:39.091+0000] {dag.py:3954} INFO - Setting next_dagrun for example_sensor_decorator to None, run_after=None
[2024-05-18T04:53:39.138+0000] {processor.py:183} INFO - Processing /home/ubuntu/chch-fuel-recommendator/airflow/af_env/lib/python3.12/site-packages/airflow/example_dags/example_sensor_decorator.py took 0.094 seconds
[2024-05-18T05:32:16.369+0000] {processor.py:161} INFO - Started process (PID=15082) to work on /home/ubuntu/airflow/airflow_env/lib/python3.12/site-packages/airflow/example_dags/example_sensor_decorator.py
[2024-05-18T05:32:16.371+0000] {processor.py:830} INFO - Processing file /home/ubuntu/airflow/airflow_env/lib/python3.12/site-packages/airflow/example_dags/example_sensor_decorator.py for tasks to queue
[2024-05-18T05:32:16.373+0000] {logging_mixin.py:188} INFO - [2024-05-18T05:32:16.373+0000] {dagbag.py:545} INFO - Filling up the DagBag from /home/ubuntu/airflow/airflow_env/lib/python3.12/site-packages/airflow/example_dags/example_sensor_decorator.py
[2024-05-18T05:32:16.382+0000] {processor.py:840} INFO - DAG(s) 'example_sensor_decorator' retrieved from /home/ubuntu/airflow/airflow_env/lib/python3.12/site-packages/airflow/example_dags/example_sensor_decorator.py
[2024-05-18T05:32:16.622+0000] {logging_mixin.py:188} INFO - [2024-05-18T05:32:16.621+0000] {dag.py:3096} INFO - Sync 1 DAGs
[2024-05-18T05:32:16.642+0000] {logging_mixin.py:188} INFO - [2024-05-18T05:32:16.642+0000] {dag.py:3954} INFO - Setting next_dagrun for example_sensor_decorator to None, run_after=None
[2024-05-18T05:32:16.670+0000] {processor.py:183} INFO - Processing /home/ubuntu/airflow/airflow_env/lib/python3.12/site-packages/airflow/example_dags/example_sensor_decorator.py took 0.308 seconds
[2024-05-18T05:32:47.434+0000] {processor.py:161} INFO - Started process (PID=15136) to work on /home/ubuntu/airflow/airflow_env/lib/python3.12/site-packages/airflow/example_dags/example_sensor_decorator.py
[2024-05-18T05:32:47.435+0000] {processor.py:830} INFO - Processing file /home/ubuntu/airflow/airflow_env/lib/python3.12/site-packages/airflow/example_dags/example_sensor_decorator.py for tasks to queue
[2024-05-18T05:32:47.438+0000] {logging_mixin.py:188} INFO - [2024-05-18T05:32:47.437+0000] {dagbag.py:545} INFO - Filling up the DagBag from /home/ubuntu/airflow/airflow_env/lib/python3.12/site-packages/airflow/example_dags/example_sensor_decorator.py
[2024-05-18T05:32:47.447+0000] {processor.py:840} INFO - DAG(s) 'example_sensor_decorator' retrieved from /home/ubuntu/airflow/airflow_env/lib/python3.12/site-packages/airflow/example_dags/example_sensor_decorator.py
[2024-05-18T05:32:47.507+0000] {logging_mixin.py:188} INFO - [2024-05-18T05:32:47.506+0000] {dag.py:3096} INFO - Sync 1 DAGs
[2024-05-18T05:32:47.533+0000] {logging_mixin.py:188} INFO - [2024-05-18T05:32:47.533+0000] {dag.py:3954} INFO - Setting next_dagrun for example_sensor_decorator to None, run_after=None
[2024-05-18T05:32:47.569+0000] {processor.py:183} INFO - Processing /home/ubuntu/airflow/airflow_env/lib/python3.12/site-packages/airflow/example_dags/example_sensor_decorator.py took 0.144 seconds
[2024-05-18T05:33:17.605+0000] {processor.py:161} INFO - Started process (PID=15190) to work on /home/ubuntu/airflow/airflow_env/lib/python3.12/site-packages/airflow/example_dags/example_sensor_decorator.py
[2024-05-18T05:33:17.606+0000] {processor.py:830} INFO - Processing file /home/ubuntu/airflow/airflow_env/lib/python3.12/site-packages/airflow/example_dags/example_sensor_decorator.py for tasks to queue
[2024-05-18T05:33:17.609+0000] {logging_mixin.py:188} INFO - [2024-05-18T05:33:17.608+0000] {dagbag.py:545} INFO - Filling up the DagBag from /home/ubuntu/airflow/airflow_env/lib/python3.12/site-packages/airflow/example_dags/example_sensor_decorator.py
[2024-05-18T05:33:17.617+0000] {processor.py:840} INFO - DAG(s) 'example_sensor_decorator' retrieved from /home/ubuntu/airflow/airflow_env/lib/python3.12/site-packages/airflow/example_dags/example_sensor_decorator.py
[2024-05-18T05:33:17.685+0000] {logging_mixin.py:188} INFO - [2024-05-18T05:33:17.684+0000] {dag.py:3096} INFO - Sync 1 DAGs
[2024-05-18T05:33:17.709+0000] {logging_mixin.py:188} INFO - [2024-05-18T05:33:17.708+0000] {dag.py:3954} INFO - Setting next_dagrun for example_sensor_decorator to None, run_after=None
[2024-05-18T05:33:17.743+0000] {processor.py:183} INFO - Processing /home/ubuntu/airflow/airflow_env/lib/python3.12/site-packages/airflow/example_dags/example_sensor_decorator.py took 0.148 seconds
[2024-05-18T05:33:47.907+0000] {processor.py:161} INFO - Started process (PID=15242) to work on /home/ubuntu/airflow/airflow_env/lib/python3.12/site-packages/airflow/example_dags/example_sensor_decorator.py
[2024-05-18T05:33:47.908+0000] {processor.py:830} INFO - Processing file /home/ubuntu/airflow/airflow_env/lib/python3.12/site-packages/airflow/example_dags/example_sensor_decorator.py for tasks to queue
[2024-05-18T05:33:47.910+0000] {logging_mixin.py:188} INFO - [2024-05-18T05:33:47.910+0000] {dagbag.py:545} INFO - Filling up the DagBag from /home/ubuntu/airflow/airflow_env/lib/python3.12/site-packages/airflow/example_dags/example_sensor_decorator.py
[2024-05-18T05:33:47.918+0000] {processor.py:840} INFO - DAG(s) 'example_sensor_decorator' retrieved from /home/ubuntu/airflow/airflow_env/lib/python3.12/site-packages/airflow/example_dags/example_sensor_decorator.py
[2024-05-18T05:33:47.965+0000] {logging_mixin.py:188} INFO - [2024-05-18T05:33:47.965+0000] {dag.py:3096} INFO - Sync 1 DAGs
[2024-05-18T05:33:47.981+0000] {logging_mixin.py:188} INFO - [2024-05-18T05:33:47.981+0000] {dag.py:3954} INFO - Setting next_dagrun for example_sensor_decorator to None, run_after=None
[2024-05-18T05:33:48.021+0000] {processor.py:183} INFO - Processing /home/ubuntu/airflow/airflow_env/lib/python3.12/site-packages/airflow/example_dags/example_sensor_decorator.py took 0.122 seconds
[2024-05-18T05:34:18.880+0000] {processor.py:161} INFO - Started process (PID=15293) to work on /home/ubuntu/airflow/airflow_env/lib/python3.12/site-packages/airflow/example_dags/example_sensor_decorator.py
[2024-05-18T05:34:18.881+0000] {processor.py:830} INFO - Processing file /home/ubuntu/airflow/airflow_env/lib/python3.12/site-packages/airflow/example_dags/example_sensor_decorator.py for tasks to queue
[2024-05-18T05:34:18.883+0000] {logging_mixin.py:188} INFO - [2024-05-18T05:34:18.883+0000] {dagbag.py:545} INFO - Filling up the DagBag from /home/ubuntu/airflow/airflow_env/lib/python3.12/site-packages/airflow/example_dags/example_sensor_decorator.py
[2024-05-18T05:34:18.892+0000] {processor.py:840} INFO - DAG(s) 'example_sensor_decorator' retrieved from /home/ubuntu/airflow/airflow_env/lib/python3.12/site-packages/airflow/example_dags/example_sensor_decorator.py
[2024-05-18T05:34:18.955+0000] {logging_mixin.py:188} INFO - [2024-05-18T05:34:18.955+0000] {dag.py:3096} INFO - Sync 1 DAGs
[2024-05-18T05:34:18.976+0000] {logging_mixin.py:188} INFO - [2024-05-18T05:34:18.974+0000] {dag.py:3954} INFO - Setting next_dagrun for example_sensor_decorator to None, run_after=None
[2024-05-18T05:34:19.001+0000] {processor.py:183} INFO - Processing /home/ubuntu/airflow/airflow_env/lib/python3.12/site-packages/airflow/example_dags/example_sensor_decorator.py took 0.130 seconds
[2024-05-18T05:34:50.076+0000] {processor.py:161} INFO - Started process (PID=15344) to work on /home/ubuntu/airflow/airflow_env/lib/python3.12/site-packages/airflow/example_dags/example_sensor_decorator.py
[2024-05-18T05:34:50.077+0000] {processor.py:830} INFO - Processing file /home/ubuntu/airflow/airflow_env/lib/python3.12/site-packages/airflow/example_dags/example_sensor_decorator.py for tasks to queue
[2024-05-18T05:34:50.080+0000] {logging_mixin.py:188} INFO - [2024-05-18T05:34:50.079+0000] {dagbag.py:545} INFO - Filling up the DagBag from /home/ubuntu/airflow/airflow_env/lib/python3.12/site-packages/airflow/example_dags/example_sensor_decorator.py
[2024-05-18T05:34:50.096+0000] {processor.py:840} INFO - DAG(s) 'example_sensor_decorator' retrieved from /home/ubuntu/airflow/airflow_env/lib/python3.12/site-packages/airflow/example_dags/example_sensor_decorator.py
[2024-05-18T05:34:50.166+0000] {logging_mixin.py:188} INFO - [2024-05-18T05:34:50.166+0000] {dag.py:3096} INFO - Sync 1 DAGs
[2024-05-18T05:34:50.188+0000] {logging_mixin.py:188} INFO - [2024-05-18T05:34:50.187+0000] {dag.py:3954} INFO - Setting next_dagrun for example_sensor_decorator to None, run_after=None
[2024-05-18T05:34:50.224+0000] {processor.py:183} INFO - Processing /home/ubuntu/airflow/airflow_env/lib/python3.12/site-packages/airflow/example_dags/example_sensor_decorator.py took 0.158 seconds
[2024-05-18T05:35:20.493+0000] {processor.py:161} INFO - Started process (PID=15398) to work on /home/ubuntu/airflow/airflow_env/lib/python3.12/site-packages/airflow/example_dags/example_sensor_decorator.py
[2024-05-18T05:35:20.495+0000] {processor.py:830} INFO - Processing file /home/ubuntu/airflow/airflow_env/lib/python3.12/site-packages/airflow/example_dags/example_sensor_decorator.py for tasks to queue
[2024-05-18T05:35:20.497+0000] {logging_mixin.py:188} INFO - [2024-05-18T05:35:20.496+0000] {dagbag.py:545} INFO - Filling up the DagBag from /home/ubuntu/airflow/airflow_env/lib/python3.12/site-packages/airflow/example_dags/example_sensor_decorator.py
[2024-05-18T05:35:20.505+0000] {processor.py:840} INFO - DAG(s) 'example_sensor_decorator' retrieved from /home/ubuntu/airflow/airflow_env/lib/python3.12/site-packages/airflow/example_dags/example_sensor_decorator.py
[2024-05-18T05:35:20.566+0000] {logging_mixin.py:188} INFO - [2024-05-18T05:35:20.565+0000] {dag.py:3096} INFO - Sync 1 DAGs
[2024-05-18T05:35:20.587+0000] {logging_mixin.py:188} INFO - [2024-05-18T05:35:20.586+0000] {dag.py:3954} INFO - Setting next_dagrun for example_sensor_decorator to None, run_after=None
[2024-05-18T05:35:20.637+0000] {processor.py:183} INFO - Processing /home/ubuntu/airflow/airflow_env/lib/python3.12/site-packages/airflow/example_dags/example_sensor_decorator.py took 0.153 seconds
[2024-05-18T05:35:50.967+0000] {processor.py:161} INFO - Started process (PID=15449) to work on /home/ubuntu/airflow/airflow_env/lib/python3.12/site-packages/airflow/example_dags/example_sensor_decorator.py
[2024-05-18T05:35:50.968+0000] {processor.py:830} INFO - Processing file /home/ubuntu/airflow/airflow_env/lib/python3.12/site-packages/airflow/example_dags/example_sensor_decorator.py for tasks to queue
[2024-05-18T05:35:50.969+0000] {logging_mixin.py:188} INFO - [2024-05-18T05:35:50.969+0000] {dagbag.py:545} INFO - Filling up the DagBag from /home/ubuntu/airflow/airflow_env/lib/python3.12/site-packages/airflow/example_dags/example_sensor_decorator.py
[2024-05-18T05:35:50.977+0000] {processor.py:840} INFO - DAG(s) 'example_sensor_decorator' retrieved from /home/ubuntu/airflow/airflow_env/lib/python3.12/site-packages/airflow/example_dags/example_sensor_decorator.py
[2024-05-18T05:35:51.031+0000] {logging_mixin.py:188} INFO - [2024-05-18T05:35:51.030+0000] {dag.py:3096} INFO - Sync 1 DAGs
[2024-05-18T05:35:51.046+0000] {logging_mixin.py:188} INFO - [2024-05-18T05:35:51.046+0000] {dag.py:3954} INFO - Setting next_dagrun for example_sensor_decorator to None, run_after=None
[2024-05-18T05:35:51.073+0000] {processor.py:183} INFO - Processing /home/ubuntu/airflow/airflow_env/lib/python3.12/site-packages/airflow/example_dags/example_sensor_decorator.py took 0.112 seconds
[2024-05-18T05:36:21.757+0000] {processor.py:161} INFO - Started process (PID=15500) to work on /home/ubuntu/airflow/airflow_env/lib/python3.12/site-packages/airflow/example_dags/example_sensor_decorator.py
[2024-05-18T05:36:21.758+0000] {processor.py:830} INFO - Processing file /home/ubuntu/airflow/airflow_env/lib/python3.12/site-packages/airflow/example_dags/example_sensor_decorator.py for tasks to queue
[2024-05-18T05:36:21.761+0000] {logging_mixin.py:188} INFO - [2024-05-18T05:36:21.760+0000] {dagbag.py:545} INFO - Filling up the DagBag from /home/ubuntu/airflow/airflow_env/lib/python3.12/site-packages/airflow/example_dags/example_sensor_decorator.py
[2024-05-18T05:36:21.772+0000] {processor.py:840} INFO - DAG(s) 'example_sensor_decorator' retrieved from /home/ubuntu/airflow/airflow_env/lib/python3.12/site-packages/airflow/example_dags/example_sensor_decorator.py
[2024-05-18T05:36:21.854+0000] {logging_mixin.py:188} INFO - [2024-05-18T05:36:21.854+0000] {dag.py:3096} INFO - Sync 1 DAGs
[2024-05-18T05:36:21.878+0000] {logging_mixin.py:188} INFO - [2024-05-18T05:36:21.877+0000] {dag.py:3954} INFO - Setting next_dagrun for example_sensor_decorator to None, run_after=None
[2024-05-18T05:36:21.912+0000] {processor.py:183} INFO - Processing /home/ubuntu/airflow/airflow_env/lib/python3.12/site-packages/airflow/example_dags/example_sensor_decorator.py took 0.166 seconds
[2024-05-18T05:36:52.727+0000] {processor.py:161} INFO - Started process (PID=15551) to work on /home/ubuntu/airflow/airflow_env/lib/python3.12/site-packages/airflow/example_dags/example_sensor_decorator.py
[2024-05-18T05:36:52.728+0000] {processor.py:830} INFO - Processing file /home/ubuntu/airflow/airflow_env/lib/python3.12/site-packages/airflow/example_dags/example_sensor_decorator.py for tasks to queue
[2024-05-18T05:36:52.731+0000] {logging_mixin.py:188} INFO - [2024-05-18T05:36:52.730+0000] {dagbag.py:545} INFO - Filling up the DagBag from /home/ubuntu/airflow/airflow_env/lib/python3.12/site-packages/airflow/example_dags/example_sensor_decorator.py
[2024-05-18T05:36:52.740+0000] {processor.py:840} INFO - DAG(s) 'example_sensor_decorator' retrieved from /home/ubuntu/airflow/airflow_env/lib/python3.12/site-packages/airflow/example_dags/example_sensor_decorator.py
[2024-05-18T05:36:52.801+0000] {logging_mixin.py:188} INFO - [2024-05-18T05:36:52.800+0000] {dag.py:3096} INFO - Sync 1 DAGs
[2024-05-18T05:36:52.820+0000] {logging_mixin.py:188} INFO - [2024-05-18T05:36:52.819+0000] {dag.py:3954} INFO - Setting next_dagrun for example_sensor_decorator to None, run_after=None
[2024-05-18T05:36:52.845+0000] {processor.py:183} INFO - Processing /home/ubuntu/airflow/airflow_env/lib/python3.12/site-packages/airflow/example_dags/example_sensor_decorator.py took 0.129 seconds
[2024-05-18T05:37:23.890+0000] {processor.py:161} INFO - Started process (PID=15602) to work on /home/ubuntu/airflow/airflow_env/lib/python3.12/site-packages/airflow/example_dags/example_sensor_decorator.py
[2024-05-18T05:37:23.893+0000] {processor.py:830} INFO - Processing file /home/ubuntu/airflow/airflow_env/lib/python3.12/site-packages/airflow/example_dags/example_sensor_decorator.py for tasks to queue
[2024-05-18T05:37:23.896+0000] {logging_mixin.py:188} INFO - [2024-05-18T05:37:23.896+0000] {dagbag.py:545} INFO - Filling up the DagBag from /home/ubuntu/airflow/airflow_env/lib/python3.12/site-packages/airflow/example_dags/example_sensor_decorator.py
[2024-05-18T05:37:23.906+0000] {processor.py:840} INFO - DAG(s) 'example_sensor_decorator' retrieved from /home/ubuntu/airflow/airflow_env/lib/python3.12/site-packages/airflow/example_dags/example_sensor_decorator.py
[2024-05-18T05:37:23.988+0000] {logging_mixin.py:188} INFO - [2024-05-18T05:37:23.988+0000] {dag.py:3096} INFO - Sync 1 DAGs
[2024-05-18T05:37:24.015+0000] {logging_mixin.py:188} INFO - [2024-05-18T05:37:24.015+0000] {dag.py:3954} INFO - Setting next_dagrun for example_sensor_decorator to None, run_after=None
[2024-05-18T05:37:24.056+0000] {processor.py:183} INFO - Processing /home/ubuntu/airflow/airflow_env/lib/python3.12/site-packages/airflow/example_dags/example_sensor_decorator.py took 0.178 seconds
[2024-05-18T05:37:54.327+0000] {processor.py:161} INFO - Started process (PID=15654) to work on /home/ubuntu/airflow/airflow_env/lib/python3.12/site-packages/airflow/example_dags/example_sensor_decorator.py
[2024-05-18T05:37:54.329+0000] {processor.py:830} INFO - Processing file /home/ubuntu/airflow/airflow_env/lib/python3.12/site-packages/airflow/example_dags/example_sensor_decorator.py for tasks to queue
[2024-05-18T05:37:54.331+0000] {logging_mixin.py:188} INFO - [2024-05-18T05:37:54.330+0000] {dagbag.py:545} INFO - Filling up the DagBag from /home/ubuntu/airflow/airflow_env/lib/python3.12/site-packages/airflow/example_dags/example_sensor_decorator.py
[2024-05-18T05:37:54.342+0000] {processor.py:840} INFO - DAG(s) 'example_sensor_decorator' retrieved from /home/ubuntu/airflow/airflow_env/lib/python3.12/site-packages/airflow/example_dags/example_sensor_decorator.py
[2024-05-18T05:37:54.400+0000] {logging_mixin.py:188} INFO - [2024-05-18T05:37:54.399+0000] {dag.py:3096} INFO - Sync 1 DAGs
[2024-05-18T05:37:54.421+0000] {logging_mixin.py:188} INFO - [2024-05-18T05:37:54.421+0000] {dag.py:3954} INFO - Setting next_dagrun for example_sensor_decorator to None, run_after=None
[2024-05-18T05:37:54.450+0000] {processor.py:183} INFO - Processing /home/ubuntu/airflow/airflow_env/lib/python3.12/site-packages/airflow/example_dags/example_sensor_decorator.py took 0.135 seconds
[2024-05-18T05:38:25.215+0000] {processor.py:161} INFO - Started process (PID=15705) to work on /home/ubuntu/airflow/airflow_env/lib/python3.12/site-packages/airflow/example_dags/example_sensor_decorator.py
[2024-05-18T05:38:25.217+0000] {processor.py:830} INFO - Processing file /home/ubuntu/airflow/airflow_env/lib/python3.12/site-packages/airflow/example_dags/example_sensor_decorator.py for tasks to queue
[2024-05-18T05:38:25.219+0000] {logging_mixin.py:188} INFO - [2024-05-18T05:38:25.218+0000] {dagbag.py:545} INFO - Filling up the DagBag from /home/ubuntu/airflow/airflow_env/lib/python3.12/site-packages/airflow/example_dags/example_sensor_decorator.py
[2024-05-18T05:38:25.228+0000] {processor.py:840} INFO - DAG(s) 'example_sensor_decorator' retrieved from /home/ubuntu/airflow/airflow_env/lib/python3.12/site-packages/airflow/example_dags/example_sensor_decorator.py
[2024-05-18T05:38:25.283+0000] {logging_mixin.py:188} INFO - [2024-05-18T05:38:25.283+0000] {dag.py:3096} INFO - Sync 1 DAGs
[2024-05-18T05:38:25.302+0000] {logging_mixin.py:188} INFO - [2024-05-18T05:38:25.302+0000] {dag.py:3954} INFO - Setting next_dagrun for example_sensor_decorator to None, run_after=None
[2024-05-18T05:38:25.329+0000] {processor.py:183} INFO - Processing /home/ubuntu/airflow/airflow_env/lib/python3.12/site-packages/airflow/example_dags/example_sensor_decorator.py took 0.122 seconds
[2024-05-18T05:38:55.655+0000] {processor.py:161} INFO - Started process (PID=15756) to work on /home/ubuntu/airflow/airflow_env/lib/python3.12/site-packages/airflow/example_dags/example_sensor_decorator.py
[2024-05-18T05:38:55.657+0000] {processor.py:830} INFO - Processing file /home/ubuntu/airflow/airflow_env/lib/python3.12/site-packages/airflow/example_dags/example_sensor_decorator.py for tasks to queue
[2024-05-18T05:38:55.658+0000] {logging_mixin.py:188} INFO - [2024-05-18T05:38:55.658+0000] {dagbag.py:545} INFO - Filling up the DagBag from /home/ubuntu/airflow/airflow_env/lib/python3.12/site-packages/airflow/example_dags/example_sensor_decorator.py
[2024-05-18T05:38:55.665+0000] {processor.py:840} INFO - DAG(s) 'example_sensor_decorator' retrieved from /home/ubuntu/airflow/airflow_env/lib/python3.12/site-packages/airflow/example_dags/example_sensor_decorator.py
[2024-05-18T05:38:55.716+0000] {logging_mixin.py:188} INFO - [2024-05-18T05:38:55.716+0000] {dag.py:3096} INFO - Sync 1 DAGs
[2024-05-18T05:38:55.732+0000] {logging_mixin.py:188} INFO - [2024-05-18T05:38:55.731+0000] {dag.py:3954} INFO - Setting next_dagrun for example_sensor_decorator to None, run_after=None
[2024-05-18T05:38:55.758+0000] {processor.py:183} INFO - Processing /home/ubuntu/airflow/airflow_env/lib/python3.12/site-packages/airflow/example_dags/example_sensor_decorator.py took 0.114 seconds
[2024-05-18T05:39:26.718+0000] {processor.py:161} INFO - Started process (PID=15808) to work on /home/ubuntu/airflow/airflow_env/lib/python3.12/site-packages/airflow/example_dags/example_sensor_decorator.py
[2024-05-18T05:39:26.721+0000] {processor.py:830} INFO - Processing file /home/ubuntu/airflow/airflow_env/lib/python3.12/site-packages/airflow/example_dags/example_sensor_decorator.py for tasks to queue
[2024-05-18T05:39:26.724+0000] {logging_mixin.py:188} INFO - [2024-05-18T05:39:26.723+0000] {dagbag.py:545} INFO - Filling up the DagBag from /home/ubuntu/airflow/airflow_env/lib/python3.12/site-packages/airflow/example_dags/example_sensor_decorator.py
[2024-05-18T05:39:26.735+0000] {processor.py:840} INFO - DAG(s) 'example_sensor_decorator' retrieved from /home/ubuntu/airflow/airflow_env/lib/python3.12/site-packages/airflow/example_dags/example_sensor_decorator.py
[2024-05-18T05:39:26.801+0000] {logging_mixin.py:188} INFO - [2024-05-18T05:39:26.800+0000] {dag.py:3096} INFO - Sync 1 DAGs
[2024-05-18T05:39:26.826+0000] {logging_mixin.py:188} INFO - [2024-05-18T05:39:26.825+0000] {dag.py:3954} INFO - Setting next_dagrun for example_sensor_decorator to None, run_after=None
[2024-05-18T05:39:26.860+0000] {processor.py:183} INFO - Processing /home/ubuntu/airflow/airflow_env/lib/python3.12/site-packages/airflow/example_dags/example_sensor_decorator.py took 0.151 seconds
[2024-05-18T05:39:57.738+0000] {processor.py:161} INFO - Started process (PID=15859) to work on /home/ubuntu/airflow/airflow_env/lib/python3.12/site-packages/airflow/example_dags/example_sensor_decorator.py
[2024-05-18T05:39:57.740+0000] {processor.py:830} INFO - Processing file /home/ubuntu/airflow/airflow_env/lib/python3.12/site-packages/airflow/example_dags/example_sensor_decorator.py for tasks to queue
[2024-05-18T05:39:57.742+0000] {logging_mixin.py:188} INFO - [2024-05-18T05:39:57.742+0000] {dagbag.py:545} INFO - Filling up the DagBag from /home/ubuntu/airflow/airflow_env/lib/python3.12/site-packages/airflow/example_dags/example_sensor_decorator.py
[2024-05-18T05:39:57.752+0000] {processor.py:840} INFO - DAG(s) 'example_sensor_decorator' retrieved from /home/ubuntu/airflow/airflow_env/lib/python3.12/site-packages/airflow/example_dags/example_sensor_decorator.py
[2024-05-18T05:39:57.809+0000] {logging_mixin.py:188} INFO - [2024-05-18T05:39:57.808+0000] {dag.py:3096} INFO - Sync 1 DAGs
[2024-05-18T05:39:57.829+0000] {logging_mixin.py:188} INFO - [2024-05-18T05:39:57.828+0000] {dag.py:3954} INFO - Setting next_dagrun for example_sensor_decorator to None, run_after=None
[2024-05-18T05:39:57.864+0000] {processor.py:183} INFO - Processing /home/ubuntu/airflow/airflow_env/lib/python3.12/site-packages/airflow/example_dags/example_sensor_decorator.py took 0.142 seconds
[2024-05-18T05:40:28.023+0000] {processor.py:161} INFO - Started process (PID=16194) to work on /home/ubuntu/airflow/airflow_env/lib/python3.12/site-packages/airflow/example_dags/example_sensor_decorator.py
[2024-05-18T05:40:28.025+0000] {processor.py:830} INFO - Processing file /home/ubuntu/airflow/airflow_env/lib/python3.12/site-packages/airflow/example_dags/example_sensor_decorator.py for tasks to queue
[2024-05-18T05:40:28.028+0000] {logging_mixin.py:188} INFO - [2024-05-18T05:40:28.027+0000] {dagbag.py:545} INFO - Filling up the DagBag from /home/ubuntu/airflow/airflow_env/lib/python3.12/site-packages/airflow/example_dags/example_sensor_decorator.py
[2024-05-18T05:40:28.039+0000] {processor.py:840} INFO - DAG(s) 'example_sensor_decorator' retrieved from /home/ubuntu/airflow/airflow_env/lib/python3.12/site-packages/airflow/example_dags/example_sensor_decorator.py
[2024-05-18T05:40:28.127+0000] {logging_mixin.py:188} INFO - [2024-05-18T05:40:28.127+0000] {dag.py:3096} INFO - Sync 1 DAGs
[2024-05-18T05:40:28.145+0000] {logging_mixin.py:188} INFO - [2024-05-18T05:40:28.145+0000] {dag.py:3954} INFO - Setting next_dagrun for example_sensor_decorator to None, run_after=None
[2024-05-18T05:40:28.172+0000] {processor.py:183} INFO - Processing /home/ubuntu/airflow/airflow_env/lib/python3.12/site-packages/airflow/example_dags/example_sensor_decorator.py took 0.160 seconds
[2024-05-18T05:40:58.870+0000] {processor.py:161} INFO - Started process (PID=16247) to work on /home/ubuntu/airflow/airflow_env/lib/python3.12/site-packages/airflow/example_dags/example_sensor_decorator.py
[2024-05-18T05:40:58.871+0000] {processor.py:830} INFO - Processing file /home/ubuntu/airflow/airflow_env/lib/python3.12/site-packages/airflow/example_dags/example_sensor_decorator.py for tasks to queue
[2024-05-18T05:40:58.874+0000] {logging_mixin.py:188} INFO - [2024-05-18T05:40:58.873+0000] {dagbag.py:545} INFO - Filling up the DagBag from /home/ubuntu/airflow/airflow_env/lib/python3.12/site-packages/airflow/example_dags/example_sensor_decorator.py
[2024-05-18T05:40:58.887+0000] {processor.py:840} INFO - DAG(s) 'example_sensor_decorator' retrieved from /home/ubuntu/airflow/airflow_env/lib/python3.12/site-packages/airflow/example_dags/example_sensor_decorator.py
[2024-05-18T05:40:58.953+0000] {logging_mixin.py:188} INFO - [2024-05-18T05:40:58.952+0000] {dag.py:3096} INFO - Sync 1 DAGs
[2024-05-18T05:40:58.992+0000] {logging_mixin.py:188} INFO - [2024-05-18T05:40:58.992+0000] {dag.py:3954} INFO - Setting next_dagrun for example_sensor_decorator to None, run_after=None
[2024-05-18T05:40:59.042+0000] {processor.py:183} INFO - Processing /home/ubuntu/airflow/airflow_env/lib/python3.12/site-packages/airflow/example_dags/example_sensor_decorator.py took 0.181 seconds
[2024-05-18T05:41:29.322+0000] {processor.py:161} INFO - Started process (PID=16299) to work on /home/ubuntu/airflow/airflow_env/lib/python3.12/site-packages/airflow/example_dags/example_sensor_decorator.py
[2024-05-18T05:41:29.325+0000] {processor.py:830} INFO - Processing file /home/ubuntu/airflow/airflow_env/lib/python3.12/site-packages/airflow/example_dags/example_sensor_decorator.py for tasks to queue
[2024-05-18T05:41:29.330+0000] {logging_mixin.py:188} INFO - [2024-05-18T05:41:29.330+0000] {dagbag.py:545} INFO - Filling up the DagBag from /home/ubuntu/airflow/airflow_env/lib/python3.12/site-packages/airflow/example_dags/example_sensor_decorator.py
[2024-05-18T05:41:29.347+0000] {processor.py:840} INFO - DAG(s) 'example_sensor_decorator' retrieved from /home/ubuntu/airflow/airflow_env/lib/python3.12/site-packages/airflow/example_dags/example_sensor_decorator.py
[2024-05-18T05:41:29.464+0000] {logging_mixin.py:188} INFO - [2024-05-18T05:41:29.463+0000] {dag.py:3096} INFO - Sync 1 DAGs
[2024-05-18T05:41:29.503+0000] {logging_mixin.py:188} INFO - [2024-05-18T05:41:29.502+0000] {dag.py:3954} INFO - Setting next_dagrun for example_sensor_decorator to None, run_after=None
[2024-05-18T05:41:29.553+0000] {processor.py:183} INFO - Processing /home/ubuntu/airflow/airflow_env/lib/python3.12/site-packages/airflow/example_dags/example_sensor_decorator.py took 0.248 seconds
[2024-05-18T05:41:59.936+0000] {processor.py:161} INFO - Started process (PID=16351) to work on /home/ubuntu/airflow/airflow_env/lib/python3.12/site-packages/airflow/example_dags/example_sensor_decorator.py
[2024-05-18T05:41:59.938+0000] {processor.py:830} INFO - Processing file /home/ubuntu/airflow/airflow_env/lib/python3.12/site-packages/airflow/example_dags/example_sensor_decorator.py for tasks to queue
[2024-05-18T05:41:59.944+0000] {logging_mixin.py:188} INFO - [2024-05-18T05:41:59.943+0000] {dagbag.py:545} INFO - Filling up the DagBag from /home/ubuntu/airflow/airflow_env/lib/python3.12/site-packages/airflow/example_dags/example_sensor_decorator.py
[2024-05-18T05:41:59.964+0000] {processor.py:840} INFO - DAG(s) 'example_sensor_decorator' retrieved from /home/ubuntu/airflow/airflow_env/lib/python3.12/site-packages/airflow/example_dags/example_sensor_decorator.py
[2024-05-18T05:42:00.194+0000] {logging_mixin.py:188} INFO - [2024-05-18T05:42:00.194+0000] {dag.py:3096} INFO - Sync 1 DAGs
[2024-05-18T05:42:00.217+0000] {logging_mixin.py:188} INFO - [2024-05-18T05:42:00.216+0000] {dag.py:3954} INFO - Setting next_dagrun for example_sensor_decorator to None, run_after=None
[2024-05-18T05:42:00.254+0000] {processor.py:183} INFO - Processing /home/ubuntu/airflow/airflow_env/lib/python3.12/site-packages/airflow/example_dags/example_sensor_decorator.py took 0.332 seconds
[2024-05-18T05:42:30.360+0000] {processor.py:161} INFO - Started process (PID=16402) to work on /home/ubuntu/airflow/airflow_env/lib/python3.12/site-packages/airflow/example_dags/example_sensor_decorator.py
[2024-05-18T05:42:30.363+0000] {processor.py:830} INFO - Processing file /home/ubuntu/airflow/airflow_env/lib/python3.12/site-packages/airflow/example_dags/example_sensor_decorator.py for tasks to queue
[2024-05-18T05:42:30.365+0000] {logging_mixin.py:188} INFO - [2024-05-18T05:42:30.364+0000] {dagbag.py:545} INFO - Filling up the DagBag from /home/ubuntu/airflow/airflow_env/lib/python3.12/site-packages/airflow/example_dags/example_sensor_decorator.py
[2024-05-18T05:42:30.374+0000] {processor.py:840} INFO - DAG(s) 'example_sensor_decorator' retrieved from /home/ubuntu/airflow/airflow_env/lib/python3.12/site-packages/airflow/example_dags/example_sensor_decorator.py
[2024-05-18T05:42:30.434+0000] {logging_mixin.py:188} INFO - [2024-05-18T05:42:30.434+0000] {dag.py:3096} INFO - Sync 1 DAGs
[2024-05-18T05:42:30.463+0000] {logging_mixin.py:188} INFO - [2024-05-18T05:42:30.463+0000] {dag.py:3954} INFO - Setting next_dagrun for example_sensor_decorator to None, run_after=None
[2024-05-18T05:42:30.504+0000] {processor.py:183} INFO - Processing /home/ubuntu/airflow/airflow_env/lib/python3.12/site-packages/airflow/example_dags/example_sensor_decorator.py took 0.152 seconds
[2024-05-18T05:43:01.294+0000] {processor.py:161} INFO - Started process (PID=16454) to work on /home/ubuntu/airflow/airflow_env/lib/python3.12/site-packages/airflow/example_dags/example_sensor_decorator.py
[2024-05-18T05:43:01.297+0000] {processor.py:830} INFO - Processing file /home/ubuntu/airflow/airflow_env/lib/python3.12/site-packages/airflow/example_dags/example_sensor_decorator.py for tasks to queue
[2024-05-18T05:43:01.315+0000] {logging_mixin.py:188} INFO - [2024-05-18T05:43:01.315+0000] {dagbag.py:545} INFO - Filling up the DagBag from /home/ubuntu/airflow/airflow_env/lib/python3.12/site-packages/airflow/example_dags/example_sensor_decorator.py
[2024-05-18T05:43:01.333+0000] {processor.py:840} INFO - DAG(s) 'example_sensor_decorator' retrieved from /home/ubuntu/airflow/airflow_env/lib/python3.12/site-packages/airflow/example_dags/example_sensor_decorator.py
[2024-05-18T05:43:01.410+0000] {logging_mixin.py:188} INFO - [2024-05-18T05:43:01.410+0000] {dag.py:3096} INFO - Sync 1 DAGs
[2024-05-18T05:43:01.439+0000] {logging_mixin.py:188} INFO - [2024-05-18T05:43:01.438+0000] {dag.py:3954} INFO - Setting next_dagrun for example_sensor_decorator to None, run_after=None
[2024-05-18T05:43:01.483+0000] {processor.py:183} INFO - Processing /home/ubuntu/airflow/airflow_env/lib/python3.12/site-packages/airflow/example_dags/example_sensor_decorator.py took 0.201 seconds
[2024-05-18T05:43:32.055+0000] {processor.py:161} INFO - Started process (PID=16538) to work on /home/ubuntu/airflow/airflow_env/lib/python3.12/site-packages/airflow/example_dags/example_sensor_decorator.py
[2024-05-18T05:43:32.057+0000] {processor.py:830} INFO - Processing file /home/ubuntu/airflow/airflow_env/lib/python3.12/site-packages/airflow/example_dags/example_sensor_decorator.py for tasks to queue
[2024-05-18T05:43:32.059+0000] {logging_mixin.py:188} INFO - [2024-05-18T05:43:32.059+0000] {dagbag.py:545} INFO - Filling up the DagBag from /home/ubuntu/airflow/airflow_env/lib/python3.12/site-packages/airflow/example_dags/example_sensor_decorator.py
[2024-05-18T05:43:32.068+0000] {processor.py:840} INFO - DAG(s) 'example_sensor_decorator' retrieved from /home/ubuntu/airflow/airflow_env/lib/python3.12/site-packages/airflow/example_dags/example_sensor_decorator.py
[2024-05-18T05:43:32.119+0000] {logging_mixin.py:188} INFO - [2024-05-18T05:43:32.119+0000] {dag.py:3096} INFO - Sync 1 DAGs
[2024-05-18T05:43:32.138+0000] {logging_mixin.py:188} INFO - [2024-05-18T05:43:32.138+0000] {dag.py:3954} INFO - Setting next_dagrun for example_sensor_decorator to None, run_after=None
[2024-05-18T05:43:32.171+0000] {processor.py:183} INFO - Processing /home/ubuntu/airflow/airflow_env/lib/python3.12/site-packages/airflow/example_dags/example_sensor_decorator.py took 0.130 seconds
[2024-05-18T05:44:02.550+0000] {processor.py:161} INFO - Started process (PID=16589) to work on /home/ubuntu/airflow/airflow_env/lib/python3.12/site-packages/airflow/example_dags/example_sensor_decorator.py
[2024-05-18T05:44:02.554+0000] {processor.py:830} INFO - Processing file /home/ubuntu/airflow/airflow_env/lib/python3.12/site-packages/airflow/example_dags/example_sensor_decorator.py for tasks to queue
[2024-05-18T05:44:02.558+0000] {logging_mixin.py:188} INFO - [2024-05-18T05:44:02.557+0000] {dagbag.py:545} INFO - Filling up the DagBag from /home/ubuntu/airflow/airflow_env/lib/python3.12/site-packages/airflow/example_dags/example_sensor_decorator.py
[2024-05-18T05:44:02.568+0000] {processor.py:840} INFO - DAG(s) 'example_sensor_decorator' retrieved from /home/ubuntu/airflow/airflow_env/lib/python3.12/site-packages/airflow/example_dags/example_sensor_decorator.py
[2024-05-18T05:44:02.636+0000] {logging_mixin.py:188} INFO - [2024-05-18T05:44:02.636+0000] {dag.py:3096} INFO - Sync 1 DAGs
[2024-05-18T05:44:02.655+0000] {logging_mixin.py:188} INFO - [2024-05-18T05:44:02.654+0000] {dag.py:3954} INFO - Setting next_dagrun for example_sensor_decorator to None, run_after=None
[2024-05-18T05:44:02.690+0000] {processor.py:183} INFO - Processing /home/ubuntu/airflow/airflow_env/lib/python3.12/site-packages/airflow/example_dags/example_sensor_decorator.py took 0.149 seconds
