[2024-05-18T04:44:50.193+0000] {processor.py:161} INFO - Started process (PID=12293) to work on /home/ubuntu/chch-fuel-recommendator/airflow/af_env/lib/python3.12/site-packages/airflow/example_dags/example_branch_python_dop_operator_3.py
[2024-05-18T04:44:50.195+0000] {processor.py:830} INFO - Processing file /home/ubuntu/chch-fuel-recommendator/airflow/af_env/lib/python3.12/site-packages/airflow/example_dags/example_branch_python_dop_operator_3.py for tasks to queue
[2024-05-18T04:44:50.199+0000] {logging_mixin.py:188} INFO - [2024-05-18T04:44:50.198+0000] {dagbag.py:545} INFO - Filling up the DagBag from /home/ubuntu/chch-fuel-recommendator/airflow/af_env/lib/python3.12/site-packages/airflow/example_dags/example_branch_python_dop_operator_3.py
[2024-05-18T04:44:50.216+0000] {processor.py:840} INFO - DAG(s) 'example_branch_dop_operator_v3' retrieved from /home/ubuntu/chch-fuel-recommendator/airflow/af_env/lib/python3.12/site-packages/airflow/example_dags/example_branch_python_dop_operator_3.py
[2024-05-18T04:44:50.364+0000] {logging_mixin.py:188} INFO - [2024-05-18T04:44:50.363+0000] {override.py:1829} INFO - Created Permission View: can edit on DAG:example_branch_dop_operator_v3
[2024-05-18T04:44:50.379+0000] {logging_mixin.py:188} INFO - [2024-05-18T04:44:50.379+0000] {override.py:1829} INFO - Created Permission View: can read on DAG:example_branch_dop_operator_v3
[2024-05-18T04:44:50.389+0000] {logging_mixin.py:188} INFO - [2024-05-18T04:44:50.389+0000] {override.py:1829} INFO - Created Permission View: can delete on DAG:example_branch_dop_operator_v3
[2024-05-18T04:44:50.390+0000] {logging_mixin.py:188} INFO - [2024-05-18T04:44:50.389+0000] {dag.py:3096} INFO - Sync 1 DAGs
[2024-05-18T04:44:50.406+0000] {logging_mixin.py:188} INFO - [2024-05-18T04:44:50.405+0000] {dag.py:3118} INFO - Creating ORM DAG for example_branch_dop_operator_v3
[2024-05-18T04:44:50.428+0000] {logging_mixin.py:188} INFO - [2024-05-18T04:44:50.427+0000] {dag.py:3954} INFO - Setting next_dagrun for example_branch_dop_operator_v3 to 2024-05-18 04:43:00+00:00, run_after=2024-05-18 04:44:00+00:00
[2024-05-18T04:44:50.476+0000] {processor.py:183} INFO - Processing /home/ubuntu/chch-fuel-recommendator/airflow/af_env/lib/python3.12/site-packages/airflow/example_dags/example_branch_python_dop_operator_3.py took 0.292 seconds
[2024-05-18T04:45:51.495+0000] {processor.py:161} INFO - Started process (PID=12354) to work on /home/ubuntu/chch-fuel-recommendator/airflow/af_env/lib/python3.12/site-packages/airflow/example_dags/example_branch_python_dop_operator_3.py
[2024-05-18T04:45:51.497+0000] {processor.py:830} INFO - Processing file /home/ubuntu/chch-fuel-recommendator/airflow/af_env/lib/python3.12/site-packages/airflow/example_dags/example_branch_python_dop_operator_3.py for tasks to queue
[2024-05-18T04:45:51.499+0000] {logging_mixin.py:188} INFO - [2024-05-18T04:45:51.499+0000] {dagbag.py:545} INFO - Filling up the DagBag from /home/ubuntu/chch-fuel-recommendator/airflow/af_env/lib/python3.12/site-packages/airflow/example_dags/example_branch_python_dop_operator_3.py
[2024-05-18T04:45:51.510+0000] {processor.py:840} INFO - DAG(s) 'example_branch_dop_operator_v3' retrieved from /home/ubuntu/chch-fuel-recommendator/airflow/af_env/lib/python3.12/site-packages/airflow/example_dags/example_branch_python_dop_operator_3.py
[2024-05-18T04:45:51.532+0000] {logging_mixin.py:188} INFO - [2024-05-18T04:45:51.532+0000] {dag.py:3096} INFO - Sync 1 DAGs
[2024-05-18T04:45:51.562+0000] {logging_mixin.py:188} INFO - [2024-05-18T04:45:51.562+0000] {dag.py:3954} INFO - Setting next_dagrun for example_branch_dop_operator_v3 to 2024-05-18 04:44:00+00:00, run_after=2024-05-18 04:45:00+00:00
[2024-05-18T04:45:51.595+0000] {processor.py:183} INFO - Processing /home/ubuntu/chch-fuel-recommendator/airflow/af_env/lib/python3.12/site-packages/airflow/example_dags/example_branch_python_dop_operator_3.py took 0.107 seconds
[2024-05-18T04:46:45.043+0000] {processor.py:161} INFO - Started process (PID=12407) to work on /home/ubuntu/chch-fuel-recommendator/airflow/af_env/lib/python3.12/site-packages/airflow/example_dags/example_branch_python_dop_operator_3.py
[2024-05-18T04:46:45.045+0000] {processor.py:830} INFO - Processing file /home/ubuntu/chch-fuel-recommendator/airflow/af_env/lib/python3.12/site-packages/airflow/example_dags/example_branch_python_dop_operator_3.py for tasks to queue
[2024-05-18T04:46:45.048+0000] {logging_mixin.py:188} INFO - [2024-05-18T04:46:45.047+0000] {dagbag.py:545} INFO - Filling up the DagBag from /home/ubuntu/chch-fuel-recommendator/airflow/af_env/lib/python3.12/site-packages/airflow/example_dags/example_branch_python_dop_operator_3.py
[2024-05-18T04:46:45.061+0000] {processor.py:840} INFO - DAG(s) 'example_branch_dop_operator_v3' retrieved from /home/ubuntu/chch-fuel-recommendator/airflow/af_env/lib/python3.12/site-packages/airflow/example_dags/example_branch_python_dop_operator_3.py
[2024-05-18T04:46:45.079+0000] {logging_mixin.py:188} INFO - [2024-05-18T04:46:45.079+0000] {dag.py:3096} INFO - Sync 1 DAGs
[2024-05-18T04:46:45.105+0000] {logging_mixin.py:188} INFO - [2024-05-18T04:46:45.105+0000] {dag.py:3954} INFO - Setting next_dagrun for example_branch_dop_operator_v3 to 2024-05-18 04:45:00+00:00, run_after=2024-05-18 04:46:00+00:00
[2024-05-18T04:46:45.131+0000] {processor.py:183} INFO - Processing /home/ubuntu/chch-fuel-recommendator/airflow/af_env/lib/python3.12/site-packages/airflow/example_dags/example_branch_python_dop_operator_3.py took 0.096 seconds
[2024-05-18T04:47:49.856+0000] {processor.py:161} INFO - Started process (PID=12472) to work on /home/ubuntu/chch-fuel-recommendator/airflow/af_env/lib/python3.12/site-packages/airflow/example_dags/example_branch_python_dop_operator_3.py
[2024-05-18T04:47:49.857+0000] {processor.py:830} INFO - Processing file /home/ubuntu/chch-fuel-recommendator/airflow/af_env/lib/python3.12/site-packages/airflow/example_dags/example_branch_python_dop_operator_3.py for tasks to queue
[2024-05-18T04:47:49.859+0000] {logging_mixin.py:188} INFO - [2024-05-18T04:47:49.858+0000] {dagbag.py:545} INFO - Filling up the DagBag from /home/ubuntu/chch-fuel-recommendator/airflow/af_env/lib/python3.12/site-packages/airflow/example_dags/example_branch_python_dop_operator_3.py
[2024-05-18T04:47:49.867+0000] {processor.py:840} INFO - DAG(s) 'example_branch_dop_operator_v3' retrieved from /home/ubuntu/chch-fuel-recommendator/airflow/af_env/lib/python3.12/site-packages/airflow/example_dags/example_branch_python_dop_operator_3.py
[2024-05-18T04:47:49.882+0000] {logging_mixin.py:188} INFO - [2024-05-18T04:47:49.882+0000] {dag.py:3096} INFO - Sync 1 DAGs
[2024-05-18T04:47:49.903+0000] {logging_mixin.py:188} INFO - [2024-05-18T04:47:49.903+0000] {dag.py:3954} INFO - Setting next_dagrun for example_branch_dop_operator_v3 to 2024-05-18 04:46:00+00:00, run_after=2024-05-18 04:47:00+00:00
[2024-05-18T04:47:49.926+0000] {processor.py:183} INFO - Processing /home/ubuntu/chch-fuel-recommendator/airflow/af_env/lib/python3.12/site-packages/airflow/example_dags/example_branch_python_dop_operator_3.py took 0.075 seconds
[2024-05-18T04:48:54.579+0000] {processor.py:161} INFO - Started process (PID=12537) to work on /home/ubuntu/chch-fuel-recommendator/airflow/af_env/lib/python3.12/site-packages/airflow/example_dags/example_branch_python_dop_operator_3.py
[2024-05-18T04:48:54.581+0000] {processor.py:830} INFO - Processing file /home/ubuntu/chch-fuel-recommendator/airflow/af_env/lib/python3.12/site-packages/airflow/example_dags/example_branch_python_dop_operator_3.py for tasks to queue
[2024-05-18T04:48:54.584+0000] {logging_mixin.py:188} INFO - [2024-05-18T04:48:54.584+0000] {dagbag.py:545} INFO - Filling up the DagBag from /home/ubuntu/chch-fuel-recommendator/airflow/af_env/lib/python3.12/site-packages/airflow/example_dags/example_branch_python_dop_operator_3.py
[2024-05-18T04:48:54.598+0000] {processor.py:840} INFO - DAG(s) 'example_branch_dop_operator_v3' retrieved from /home/ubuntu/chch-fuel-recommendator/airflow/af_env/lib/python3.12/site-packages/airflow/example_dags/example_branch_python_dop_operator_3.py
[2024-05-18T04:48:54.627+0000] {logging_mixin.py:188} INFO - [2024-05-18T04:48:54.627+0000] {dag.py:3096} INFO - Sync 1 DAGs
[2024-05-18T04:48:54.669+0000] {logging_mixin.py:188} INFO - [2024-05-18T04:48:54.669+0000] {dag.py:3954} INFO - Setting next_dagrun for example_branch_dop_operator_v3 to 2024-05-18 04:47:00+00:00, run_after=2024-05-18 04:48:00+00:00
[2024-05-18T04:48:54.707+0000] {processor.py:183} INFO - Processing /home/ubuntu/chch-fuel-recommendator/airflow/af_env/lib/python3.12/site-packages/airflow/example_dags/example_branch_python_dop_operator_3.py took 0.142 seconds
[2024-05-18T04:50:00.800+0000] {processor.py:161} INFO - Started process (PID=12602) to work on /home/ubuntu/chch-fuel-recommendator/airflow/af_env/lib/python3.12/site-packages/airflow/example_dags/example_branch_python_dop_operator_3.py
[2024-05-18T04:50:00.801+0000] {processor.py:830} INFO - Processing file /home/ubuntu/chch-fuel-recommendator/airflow/af_env/lib/python3.12/site-packages/airflow/example_dags/example_branch_python_dop_operator_3.py for tasks to queue
[2024-05-18T04:50:00.803+0000] {logging_mixin.py:188} INFO - [2024-05-18T04:50:00.803+0000] {dagbag.py:545} INFO - Filling up the DagBag from /home/ubuntu/chch-fuel-recommendator/airflow/af_env/lib/python3.12/site-packages/airflow/example_dags/example_branch_python_dop_operator_3.py
[2024-05-18T04:50:00.812+0000] {processor.py:840} INFO - DAG(s) 'example_branch_dop_operator_v3' retrieved from /home/ubuntu/chch-fuel-recommendator/airflow/af_env/lib/python3.12/site-packages/airflow/example_dags/example_branch_python_dop_operator_3.py
[2024-05-18T04:50:00.833+0000] {logging_mixin.py:188} INFO - [2024-05-18T04:50:00.833+0000] {dag.py:3096} INFO - Sync 1 DAGs
[2024-05-18T04:50:00.858+0000] {logging_mixin.py:188} INFO - [2024-05-18T04:50:00.858+0000] {dag.py:3954} INFO - Setting next_dagrun for example_branch_dop_operator_v3 to 2024-05-18 04:49:00+00:00, run_after=2024-05-18 04:50:00+00:00
[2024-05-18T04:50:00.885+0000] {processor.py:183} INFO - Processing /home/ubuntu/chch-fuel-recommendator/airflow/af_env/lib/python3.12/site-packages/airflow/example_dags/example_branch_python_dop_operator_3.py took 0.091 seconds
[2024-05-18T04:51:07.930+0000] {processor.py:161} INFO - Started process (PID=12672) to work on /home/ubuntu/chch-fuel-recommendator/airflow/af_env/lib/python3.12/site-packages/airflow/example_dags/example_branch_python_dop_operator_3.py
[2024-05-18T04:51:07.932+0000] {processor.py:830} INFO - Processing file /home/ubuntu/chch-fuel-recommendator/airflow/af_env/lib/python3.12/site-packages/airflow/example_dags/example_branch_python_dop_operator_3.py for tasks to queue
[2024-05-18T04:51:07.935+0000] {logging_mixin.py:188} INFO - [2024-05-18T04:51:07.934+0000] {dagbag.py:545} INFO - Filling up the DagBag from /home/ubuntu/chch-fuel-recommendator/airflow/af_env/lib/python3.12/site-packages/airflow/example_dags/example_branch_python_dop_operator_3.py
[2024-05-18T04:51:07.947+0000] {processor.py:840} INFO - DAG(s) 'example_branch_dop_operator_v3' retrieved from /home/ubuntu/chch-fuel-recommendator/airflow/af_env/lib/python3.12/site-packages/airflow/example_dags/example_branch_python_dop_operator_3.py
[2024-05-18T04:51:07.970+0000] {logging_mixin.py:188} INFO - [2024-05-18T04:51:07.969+0000] {dag.py:3096} INFO - Sync 1 DAGs
[2024-05-18T04:51:08.020+0000] {logging_mixin.py:188} INFO - [2024-05-18T04:51:08.019+0000] {dag.py:3954} INFO - Setting next_dagrun for example_branch_dop_operator_v3 to 2024-05-18 04:50:00+00:00, run_after=2024-05-18 04:51:00+00:00
[2024-05-18T04:51:08.056+0000] {processor.py:183} INFO - Processing /home/ubuntu/chch-fuel-recommendator/airflow/af_env/lib/python3.12/site-packages/airflow/example_dags/example_branch_python_dop_operator_3.py took 0.135 seconds
[2024-05-18T04:52:13.101+0000] {processor.py:161} INFO - Started process (PID=12737) to work on /home/ubuntu/chch-fuel-recommendator/airflow/af_env/lib/python3.12/site-packages/airflow/example_dags/example_branch_python_dop_operator_3.py
[2024-05-18T04:52:13.102+0000] {processor.py:830} INFO - Processing file /home/ubuntu/chch-fuel-recommendator/airflow/af_env/lib/python3.12/site-packages/airflow/example_dags/example_branch_python_dop_operator_3.py for tasks to queue
[2024-05-18T04:52:13.104+0000] {logging_mixin.py:188} INFO - [2024-05-18T04:52:13.103+0000] {dagbag.py:545} INFO - Filling up the DagBag from /home/ubuntu/chch-fuel-recommendator/airflow/af_env/lib/python3.12/site-packages/airflow/example_dags/example_branch_python_dop_operator_3.py
[2024-05-18T04:52:13.113+0000] {processor.py:840} INFO - DAG(s) 'example_branch_dop_operator_v3' retrieved from /home/ubuntu/chch-fuel-recommendator/airflow/af_env/lib/python3.12/site-packages/airflow/example_dags/example_branch_python_dop_operator_3.py
[2024-05-18T04:52:13.131+0000] {logging_mixin.py:188} INFO - [2024-05-18T04:52:13.131+0000] {dag.py:3096} INFO - Sync 1 DAGs
[2024-05-18T04:52:13.155+0000] {logging_mixin.py:188} INFO - [2024-05-18T04:52:13.155+0000] {dag.py:3954} INFO - Setting next_dagrun for example_branch_dop_operator_v3 to 2024-05-18 04:51:00+00:00, run_after=2024-05-18 04:52:00+00:00
[2024-05-18T04:52:13.180+0000] {processor.py:183} INFO - Processing /home/ubuntu/chch-fuel-recommendator/airflow/af_env/lib/python3.12/site-packages/airflow/example_dags/example_branch_python_dop_operator_3.py took 0.085 seconds
[2024-05-18T04:53:23.978+0000] {processor.py:161} INFO - Started process (PID=12806) to work on /home/ubuntu/chch-fuel-recommendator/airflow/af_env/lib/python3.12/site-packages/airflow/example_dags/example_branch_python_dop_operator_3.py
[2024-05-18T04:53:23.980+0000] {processor.py:830} INFO - Processing file /home/ubuntu/chch-fuel-recommendator/airflow/af_env/lib/python3.12/site-packages/airflow/example_dags/example_branch_python_dop_operator_3.py for tasks to queue
[2024-05-18T04:53:23.982+0000] {logging_mixin.py:188} INFO - [2024-05-18T04:53:23.982+0000] {dagbag.py:545} INFO - Filling up the DagBag from /home/ubuntu/chch-fuel-recommendator/airflow/af_env/lib/python3.12/site-packages/airflow/example_dags/example_branch_python_dop_operator_3.py
[2024-05-18T04:53:24.002+0000] {processor.py:840} INFO - DAG(s) 'example_branch_dop_operator_v3' retrieved from /home/ubuntu/chch-fuel-recommendator/airflow/af_env/lib/python3.12/site-packages/airflow/example_dags/example_branch_python_dop_operator_3.py
[2024-05-18T04:53:24.033+0000] {logging_mixin.py:188} INFO - [2024-05-18T04:53:24.033+0000] {dag.py:3096} INFO - Sync 1 DAGs
[2024-05-18T04:53:24.063+0000] {logging_mixin.py:188} INFO - [2024-05-18T04:53:24.063+0000] {dag.py:3954} INFO - Setting next_dagrun for example_branch_dop_operator_v3 to 2024-05-18 04:52:00+00:00, run_after=2024-05-18 04:53:00+00:00
[2024-05-18T04:53:24.097+0000] {processor.py:183} INFO - Processing /home/ubuntu/chch-fuel-recommendator/airflow/af_env/lib/python3.12/site-packages/airflow/example_dags/example_branch_python_dop_operator_3.py took 0.127 seconds
[2024-05-18T05:32:19.407+0000] {processor.py:161} INFO - Started process (PID=15100) to work on /home/ubuntu/airflow/airflow_env/lib/python3.12/site-packages/airflow/example_dags/example_branch_python_dop_operator_3.py
[2024-05-18T05:32:19.409+0000] {processor.py:830} INFO - Processing file /home/ubuntu/airflow/airflow_env/lib/python3.12/site-packages/airflow/example_dags/example_branch_python_dop_operator_3.py for tasks to queue
[2024-05-18T05:32:19.412+0000] {logging_mixin.py:188} INFO - [2024-05-18T05:32:19.411+0000] {dagbag.py:545} INFO - Filling up the DagBag from /home/ubuntu/airflow/airflow_env/lib/python3.12/site-packages/airflow/example_dags/example_branch_python_dop_operator_3.py
[2024-05-18T05:32:19.427+0000] {processor.py:840} INFO - DAG(s) 'example_branch_dop_operator_v3' retrieved from /home/ubuntu/airflow/airflow_env/lib/python3.12/site-packages/airflow/example_dags/example_branch_python_dop_operator_3.py
[2024-05-18T05:32:19.631+0000] {logging_mixin.py:188} INFO - [2024-05-18T05:32:19.631+0000] {dag.py:3096} INFO - Sync 1 DAGs
[2024-05-18T05:32:19.666+0000] {logging_mixin.py:188} INFO - [2024-05-18T05:32:19.666+0000] {dag.py:3954} INFO - Setting next_dagrun for example_branch_dop_operator_v3 to 2024-05-18 05:31:00+00:00, run_after=2024-05-18 05:32:00+00:00
[2024-05-18T05:32:19.693+0000] {processor.py:183} INFO - Processing /home/ubuntu/airflow/airflow_env/lib/python3.12/site-packages/airflow/example_dags/example_branch_python_dop_operator_3.py took 0.295 seconds
[2024-05-18T05:32:50.273+0000] {processor.py:161} INFO - Started process (PID=15154) to work on /home/ubuntu/airflow/airflow_env/lib/python3.12/site-packages/airflow/example_dags/example_branch_python_dop_operator_3.py
[2024-05-18T05:32:50.274+0000] {processor.py:830} INFO - Processing file /home/ubuntu/airflow/airflow_env/lib/python3.12/site-packages/airflow/example_dags/example_branch_python_dop_operator_3.py for tasks to queue
[2024-05-18T05:32:50.277+0000] {logging_mixin.py:188} INFO - [2024-05-18T05:32:50.276+0000] {dagbag.py:545} INFO - Filling up the DagBag from /home/ubuntu/airflow/airflow_env/lib/python3.12/site-packages/airflow/example_dags/example_branch_python_dop_operator_3.py
[2024-05-18T05:32:50.290+0000] {processor.py:840} INFO - DAG(s) 'example_branch_dop_operator_v3' retrieved from /home/ubuntu/airflow/airflow_env/lib/python3.12/site-packages/airflow/example_dags/example_branch_python_dop_operator_3.py
[2024-05-18T05:32:50.347+0000] {logging_mixin.py:188} INFO - [2024-05-18T05:32:50.347+0000] {dag.py:3096} INFO - Sync 1 DAGs
[2024-05-18T05:32:50.402+0000] {logging_mixin.py:188} INFO - [2024-05-18T05:32:50.402+0000] {dag.py:3954} INFO - Setting next_dagrun for example_branch_dop_operator_v3 to 2024-05-18 05:31:00+00:00, run_after=2024-05-18 05:32:00+00:00
[2024-05-18T05:32:50.430+0000] {processor.py:183} INFO - Processing /home/ubuntu/airflow/airflow_env/lib/python3.12/site-packages/airflow/example_dags/example_branch_python_dop_operator_3.py took 0.167 seconds
[2024-05-18T05:33:20.728+0000] {processor.py:161} INFO - Started process (PID=15208) to work on /home/ubuntu/airflow/airflow_env/lib/python3.12/site-packages/airflow/example_dags/example_branch_python_dop_operator_3.py
[2024-05-18T05:33:20.730+0000] {processor.py:830} INFO - Processing file /home/ubuntu/airflow/airflow_env/lib/python3.12/site-packages/airflow/example_dags/example_branch_python_dop_operator_3.py for tasks to queue
[2024-05-18T05:33:20.732+0000] {logging_mixin.py:188} INFO - [2024-05-18T05:33:20.731+0000] {dagbag.py:545} INFO - Filling up the DagBag from /home/ubuntu/airflow/airflow_env/lib/python3.12/site-packages/airflow/example_dags/example_branch_python_dop_operator_3.py
[2024-05-18T05:33:20.745+0000] {processor.py:840} INFO - DAG(s) 'example_branch_dop_operator_v3' retrieved from /home/ubuntu/airflow/airflow_env/lib/python3.12/site-packages/airflow/example_dags/example_branch_python_dop_operator_3.py
[2024-05-18T05:33:20.807+0000] {logging_mixin.py:188} INFO - [2024-05-18T05:33:20.806+0000] {dag.py:3096} INFO - Sync 1 DAGs
[2024-05-18T05:33:20.858+0000] {logging_mixin.py:188} INFO - [2024-05-18T05:33:20.857+0000] {dag.py:3954} INFO - Setting next_dagrun for example_branch_dop_operator_v3 to 2024-05-18 05:32:00+00:00, run_after=2024-05-18 05:33:00+00:00
[2024-05-18T05:33:20.911+0000] {processor.py:183} INFO - Processing /home/ubuntu/airflow/airflow_env/lib/python3.12/site-packages/airflow/example_dags/example_branch_python_dop_operator_3.py took 0.193 seconds
[2024-05-18T05:33:51.120+0000] {processor.py:161} INFO - Started process (PID=15260) to work on /home/ubuntu/airflow/airflow_env/lib/python3.12/site-packages/airflow/example_dags/example_branch_python_dop_operator_3.py
[2024-05-18T05:33:51.121+0000] {processor.py:830} INFO - Processing file /home/ubuntu/airflow/airflow_env/lib/python3.12/site-packages/airflow/example_dags/example_branch_python_dop_operator_3.py for tasks to queue
[2024-05-18T05:33:51.123+0000] {logging_mixin.py:188} INFO - [2024-05-18T05:33:51.123+0000] {dagbag.py:545} INFO - Filling up the DagBag from /home/ubuntu/airflow/airflow_env/lib/python3.12/site-packages/airflow/example_dags/example_branch_python_dop_operator_3.py
[2024-05-18T05:33:51.134+0000] {processor.py:840} INFO - DAG(s) 'example_branch_dop_operator_v3' retrieved from /home/ubuntu/airflow/airflow_env/lib/python3.12/site-packages/airflow/example_dags/example_branch_python_dop_operator_3.py
[2024-05-18T05:33:51.195+0000] {logging_mixin.py:188} INFO - [2024-05-18T05:33:51.195+0000] {dag.py:3096} INFO - Sync 1 DAGs
[2024-05-18T05:33:51.232+0000] {logging_mixin.py:188} INFO - [2024-05-18T05:33:51.232+0000] {dag.py:3954} INFO - Setting next_dagrun for example_branch_dop_operator_v3 to 2024-05-18 05:32:00+00:00, run_after=2024-05-18 05:33:00+00:00
[2024-05-18T05:33:51.268+0000] {processor.py:183} INFO - Processing /home/ubuntu/airflow/airflow_env/lib/python3.12/site-packages/airflow/example_dags/example_branch_python_dop_operator_3.py took 0.156 seconds
[2024-05-18T05:34:21.798+0000] {processor.py:161} INFO - Started process (PID=15311) to work on /home/ubuntu/airflow/airflow_env/lib/python3.12/site-packages/airflow/example_dags/example_branch_python_dop_operator_3.py
[2024-05-18T05:34:21.800+0000] {processor.py:830} INFO - Processing file /home/ubuntu/airflow/airflow_env/lib/python3.12/site-packages/airflow/example_dags/example_branch_python_dop_operator_3.py for tasks to queue
[2024-05-18T05:34:21.803+0000] {logging_mixin.py:188} INFO - [2024-05-18T05:34:21.802+0000] {dagbag.py:545} INFO - Filling up the DagBag from /home/ubuntu/airflow/airflow_env/lib/python3.12/site-packages/airflow/example_dags/example_branch_python_dop_operator_3.py
[2024-05-18T05:34:21.817+0000] {processor.py:840} INFO - DAG(s) 'example_branch_dop_operator_v3' retrieved from /home/ubuntu/airflow/airflow_env/lib/python3.12/site-packages/airflow/example_dags/example_branch_python_dop_operator_3.py
[2024-05-18T05:34:21.872+0000] {logging_mixin.py:188} INFO - [2024-05-18T05:34:21.871+0000] {dag.py:3096} INFO - Sync 1 DAGs
[2024-05-18T05:34:21.915+0000] {logging_mixin.py:188} INFO - [2024-05-18T05:34:21.915+0000] {dag.py:3954} INFO - Setting next_dagrun for example_branch_dop_operator_v3 to 2024-05-18 05:33:00+00:00, run_after=2024-05-18 05:34:00+00:00
[2024-05-18T05:34:21.961+0000] {processor.py:183} INFO - Processing /home/ubuntu/airflow/airflow_env/lib/python3.12/site-packages/airflow/example_dags/example_branch_python_dop_operator_3.py took 0.170 seconds
[2024-05-18T05:34:52.297+0000] {processor.py:161} INFO - Started process (PID=15362) to work on /home/ubuntu/airflow/airflow_env/lib/python3.12/site-packages/airflow/example_dags/example_branch_python_dop_operator_3.py
[2024-05-18T05:34:52.299+0000] {processor.py:830} INFO - Processing file /home/ubuntu/airflow/airflow_env/lib/python3.12/site-packages/airflow/example_dags/example_branch_python_dop_operator_3.py for tasks to queue
[2024-05-18T05:34:52.302+0000] {logging_mixin.py:188} INFO - [2024-05-18T05:34:52.301+0000] {dagbag.py:545} INFO - Filling up the DagBag from /home/ubuntu/airflow/airflow_env/lib/python3.12/site-packages/airflow/example_dags/example_branch_python_dop_operator_3.py
[2024-05-18T05:34:52.315+0000] {processor.py:840} INFO - DAG(s) 'example_branch_dop_operator_v3' retrieved from /home/ubuntu/airflow/airflow_env/lib/python3.12/site-packages/airflow/example_dags/example_branch_python_dop_operator_3.py
[2024-05-18T05:34:52.383+0000] {logging_mixin.py:188} INFO - [2024-05-18T05:34:52.382+0000] {dag.py:3096} INFO - Sync 1 DAGs
[2024-05-18T05:34:52.426+0000] {logging_mixin.py:188} INFO - [2024-05-18T05:34:52.426+0000] {dag.py:3954} INFO - Setting next_dagrun for example_branch_dop_operator_v3 to 2024-05-18 05:33:00+00:00, run_after=2024-05-18 05:34:00+00:00
[2024-05-18T05:34:52.469+0000] {processor.py:183} INFO - Processing /home/ubuntu/airflow/airflow_env/lib/python3.12/site-packages/airflow/example_dags/example_branch_python_dop_operator_3.py took 0.183 seconds
[2024-05-18T05:35:22.616+0000] {processor.py:161} INFO - Started process (PID=15416) to work on /home/ubuntu/airflow/airflow_env/lib/python3.12/site-packages/airflow/example_dags/example_branch_python_dop_operator_3.py
[2024-05-18T05:35:22.617+0000] {processor.py:830} INFO - Processing file /home/ubuntu/airflow/airflow_env/lib/python3.12/site-packages/airflow/example_dags/example_branch_python_dop_operator_3.py for tasks to queue
[2024-05-18T05:35:22.621+0000] {logging_mixin.py:188} INFO - [2024-05-18T05:35:22.620+0000] {dagbag.py:545} INFO - Filling up the DagBag from /home/ubuntu/airflow/airflow_env/lib/python3.12/site-packages/airflow/example_dags/example_branch_python_dop_operator_3.py
[2024-05-18T05:35:22.645+0000] {processor.py:840} INFO - DAG(s) 'example_branch_dop_operator_v3' retrieved from /home/ubuntu/airflow/airflow_env/lib/python3.12/site-packages/airflow/example_dags/example_branch_python_dop_operator_3.py
[2024-05-18T05:35:22.728+0000] {logging_mixin.py:188} INFO - [2024-05-18T05:35:22.728+0000] {dag.py:3096} INFO - Sync 1 DAGs
[2024-05-18T05:35:22.771+0000] {logging_mixin.py:188} INFO - [2024-05-18T05:35:22.771+0000] {dag.py:3954} INFO - Setting next_dagrun for example_branch_dop_operator_v3 to 2024-05-18 05:34:00+00:00, run_after=2024-05-18 05:35:00+00:00
[2024-05-18T05:35:22.796+0000] {processor.py:183} INFO - Processing /home/ubuntu/airflow/airflow_env/lib/python3.12/site-packages/airflow/example_dags/example_branch_python_dop_operator_3.py took 0.192 seconds
[2024-05-18T05:35:53.038+0000] {processor.py:161} INFO - Started process (PID=15467) to work on /home/ubuntu/airflow/airflow_env/lib/python3.12/site-packages/airflow/example_dags/example_branch_python_dop_operator_3.py
[2024-05-18T05:35:53.039+0000] {processor.py:830} INFO - Processing file /home/ubuntu/airflow/airflow_env/lib/python3.12/site-packages/airflow/example_dags/example_branch_python_dop_operator_3.py for tasks to queue
[2024-05-18T05:35:53.043+0000] {logging_mixin.py:188} INFO - [2024-05-18T05:35:53.042+0000] {dagbag.py:545} INFO - Filling up the DagBag from /home/ubuntu/airflow/airflow_env/lib/python3.12/site-packages/airflow/example_dags/example_branch_python_dop_operator_3.py
[2024-05-18T05:35:53.054+0000] {processor.py:840} INFO - DAG(s) 'example_branch_dop_operator_v3' retrieved from /home/ubuntu/airflow/airflow_env/lib/python3.12/site-packages/airflow/example_dags/example_branch_python_dop_operator_3.py
[2024-05-18T05:35:53.142+0000] {logging_mixin.py:188} INFO - [2024-05-18T05:35:53.141+0000] {dag.py:3096} INFO - Sync 1 DAGs
[2024-05-18T05:35:53.188+0000] {logging_mixin.py:188} INFO - [2024-05-18T05:35:53.188+0000] {dag.py:3954} INFO - Setting next_dagrun for example_branch_dop_operator_v3 to 2024-05-18 05:34:00+00:00, run_after=2024-05-18 05:35:00+00:00
[2024-05-18T05:35:53.219+0000] {processor.py:183} INFO - Processing /home/ubuntu/airflow/airflow_env/lib/python3.12/site-packages/airflow/example_dags/example_branch_python_dop_operator_3.py took 0.189 seconds
[2024-05-18T05:36:23.685+0000] {processor.py:161} INFO - Started process (PID=15518) to work on /home/ubuntu/airflow/airflow_env/lib/python3.12/site-packages/airflow/example_dags/example_branch_python_dop_operator_3.py
[2024-05-18T05:36:23.686+0000] {processor.py:830} INFO - Processing file /home/ubuntu/airflow/airflow_env/lib/python3.12/site-packages/airflow/example_dags/example_branch_python_dop_operator_3.py for tasks to queue
[2024-05-18T05:36:23.688+0000] {logging_mixin.py:188} INFO - [2024-05-18T05:36:23.687+0000] {dagbag.py:545} INFO - Filling up the DagBag from /home/ubuntu/airflow/airflow_env/lib/python3.12/site-packages/airflow/example_dags/example_branch_python_dop_operator_3.py
[2024-05-18T05:36:23.700+0000] {processor.py:840} INFO - DAG(s) 'example_branch_dop_operator_v3' retrieved from /home/ubuntu/airflow/airflow_env/lib/python3.12/site-packages/airflow/example_dags/example_branch_python_dop_operator_3.py
[2024-05-18T05:36:23.764+0000] {logging_mixin.py:188} INFO - [2024-05-18T05:36:23.764+0000] {dag.py:3096} INFO - Sync 1 DAGs
[2024-05-18T05:36:23.804+0000] {logging_mixin.py:188} INFO - [2024-05-18T05:36:23.804+0000] {dag.py:3954} INFO - Setting next_dagrun for example_branch_dop_operator_v3 to 2024-05-18 05:35:00+00:00, run_after=2024-05-18 05:36:00+00:00
[2024-05-18T05:36:23.842+0000] {processor.py:183} INFO - Processing /home/ubuntu/airflow/airflow_env/lib/python3.12/site-packages/airflow/example_dags/example_branch_python_dop_operator_3.py took 0.165 seconds
[2024-05-18T05:36:54.548+0000] {processor.py:161} INFO - Started process (PID=15569) to work on /home/ubuntu/airflow/airflow_env/lib/python3.12/site-packages/airflow/example_dags/example_branch_python_dop_operator_3.py
[2024-05-18T05:36:54.550+0000] {processor.py:830} INFO - Processing file /home/ubuntu/airflow/airflow_env/lib/python3.12/site-packages/airflow/example_dags/example_branch_python_dop_operator_3.py for tasks to queue
[2024-05-18T05:36:54.552+0000] {logging_mixin.py:188} INFO - [2024-05-18T05:36:54.551+0000] {dagbag.py:545} INFO - Filling up the DagBag from /home/ubuntu/airflow/airflow_env/lib/python3.12/site-packages/airflow/example_dags/example_branch_python_dop_operator_3.py
[2024-05-18T05:36:54.574+0000] {processor.py:840} INFO - DAG(s) 'example_branch_dop_operator_v3' retrieved from /home/ubuntu/airflow/airflow_env/lib/python3.12/site-packages/airflow/example_dags/example_branch_python_dop_operator_3.py
[2024-05-18T05:36:54.629+0000] {logging_mixin.py:188} INFO - [2024-05-18T05:36:54.629+0000] {dag.py:3096} INFO - Sync 1 DAGs
[2024-05-18T05:36:54.677+0000] {logging_mixin.py:188} INFO - [2024-05-18T05:36:54.677+0000] {dag.py:3954} INFO - Setting next_dagrun for example_branch_dop_operator_v3 to 2024-05-18 05:35:00+00:00, run_after=2024-05-18 05:36:00+00:00
[2024-05-18T05:36:54.721+0000] {processor.py:183} INFO - Processing /home/ubuntu/airflow/airflow_env/lib/python3.12/site-packages/airflow/example_dags/example_branch_python_dop_operator_3.py took 0.182 seconds
[2024-05-18T05:37:25.791+0000] {processor.py:161} INFO - Started process (PID=15620) to work on /home/ubuntu/airflow/airflow_env/lib/python3.12/site-packages/airflow/example_dags/example_branch_python_dop_operator_3.py
[2024-05-18T05:37:25.793+0000] {processor.py:830} INFO - Processing file /home/ubuntu/airflow/airflow_env/lib/python3.12/site-packages/airflow/example_dags/example_branch_python_dop_operator_3.py for tasks to queue
[2024-05-18T05:37:25.796+0000] {logging_mixin.py:188} INFO - [2024-05-18T05:37:25.795+0000] {dagbag.py:545} INFO - Filling up the DagBag from /home/ubuntu/airflow/airflow_env/lib/python3.12/site-packages/airflow/example_dags/example_branch_python_dop_operator_3.py
[2024-05-18T05:37:25.807+0000] {processor.py:840} INFO - DAG(s) 'example_branch_dop_operator_v3' retrieved from /home/ubuntu/airflow/airflow_env/lib/python3.12/site-packages/airflow/example_dags/example_branch_python_dop_operator_3.py
[2024-05-18T05:37:25.885+0000] {logging_mixin.py:188} INFO - [2024-05-18T05:37:25.885+0000] {dag.py:3096} INFO - Sync 1 DAGs
[2024-05-18T05:37:25.938+0000] {logging_mixin.py:188} INFO - [2024-05-18T05:37:25.938+0000] {dag.py:3954} INFO - Setting next_dagrun for example_branch_dop_operator_v3 to 2024-05-18 05:36:00+00:00, run_after=2024-05-18 05:37:00+00:00
[2024-05-18T05:37:25.974+0000] {processor.py:183} INFO - Processing /home/ubuntu/airflow/airflow_env/lib/python3.12/site-packages/airflow/example_dags/example_branch_python_dop_operator_3.py took 0.194 seconds
[2024-05-18T05:37:56.911+0000] {processor.py:161} INFO - Started process (PID=15672) to work on /home/ubuntu/airflow/airflow_env/lib/python3.12/site-packages/airflow/example_dags/example_branch_python_dop_operator_3.py
[2024-05-18T05:37:56.916+0000] {processor.py:830} INFO - Processing file /home/ubuntu/airflow/airflow_env/lib/python3.12/site-packages/airflow/example_dags/example_branch_python_dop_operator_3.py for tasks to queue
[2024-05-18T05:37:56.921+0000] {logging_mixin.py:188} INFO - [2024-05-18T05:37:56.919+0000] {dagbag.py:545} INFO - Filling up the DagBag from /home/ubuntu/airflow/airflow_env/lib/python3.12/site-packages/airflow/example_dags/example_branch_python_dop_operator_3.py
[2024-05-18T05:37:56.954+0000] {processor.py:840} INFO - DAG(s) 'example_branch_dop_operator_v3' retrieved from /home/ubuntu/airflow/airflow_env/lib/python3.12/site-packages/airflow/example_dags/example_branch_python_dop_operator_3.py
[2024-05-18T05:37:57.031+0000] {logging_mixin.py:188} INFO - [2024-05-18T05:37:57.031+0000] {dag.py:3096} INFO - Sync 1 DAGs
[2024-05-18T05:37:57.076+0000] {logging_mixin.py:188} INFO - [2024-05-18T05:37:57.076+0000] {dag.py:3954} INFO - Setting next_dagrun for example_branch_dop_operator_v3 to 2024-05-18 05:36:00+00:00, run_after=2024-05-18 05:37:00+00:00
[2024-05-18T05:37:57.123+0000] {processor.py:183} INFO - Processing /home/ubuntu/airflow/airflow_env/lib/python3.12/site-packages/airflow/example_dags/example_branch_python_dop_operator_3.py took 0.225 seconds
[2024-05-18T05:38:27.212+0000] {processor.py:161} INFO - Started process (PID=15722) to work on /home/ubuntu/airflow/airflow_env/lib/python3.12/site-packages/airflow/example_dags/example_branch_python_dop_operator_3.py
[2024-05-18T05:38:27.213+0000] {processor.py:830} INFO - Processing file /home/ubuntu/airflow/airflow_env/lib/python3.12/site-packages/airflow/example_dags/example_branch_python_dop_operator_3.py for tasks to queue
[2024-05-18T05:38:27.215+0000] {logging_mixin.py:188} INFO - [2024-05-18T05:38:27.215+0000] {dagbag.py:545} INFO - Filling up the DagBag from /home/ubuntu/airflow/airflow_env/lib/python3.12/site-packages/airflow/example_dags/example_branch_python_dop_operator_3.py
[2024-05-18T05:38:27.225+0000] {processor.py:840} INFO - DAG(s) 'example_branch_dop_operator_v3' retrieved from /home/ubuntu/airflow/airflow_env/lib/python3.12/site-packages/airflow/example_dags/example_branch_python_dop_operator_3.py
[2024-05-18T05:38:27.271+0000] {logging_mixin.py:188} INFO - [2024-05-18T05:38:27.270+0000] {dag.py:3096} INFO - Sync 1 DAGs
[2024-05-18T05:38:27.302+0000] {logging_mixin.py:188} INFO - [2024-05-18T05:38:27.302+0000] {dag.py:3954} INFO - Setting next_dagrun for example_branch_dop_operator_v3 to 2024-05-18 05:37:00+00:00, run_after=2024-05-18 05:38:00+00:00
[2024-05-18T05:38:27.326+0000] {processor.py:183} INFO - Processing /home/ubuntu/airflow/airflow_env/lib/python3.12/site-packages/airflow/example_dags/example_branch_python_dop_operator_3.py took 0.122 seconds
[2024-05-18T05:38:57.435+0000] {processor.py:161} INFO - Started process (PID=15773) to work on /home/ubuntu/airflow/airflow_env/lib/python3.12/site-packages/airflow/example_dags/example_branch_python_dop_operator_3.py
[2024-05-18T05:38:57.436+0000] {processor.py:830} INFO - Processing file /home/ubuntu/airflow/airflow_env/lib/python3.12/site-packages/airflow/example_dags/example_branch_python_dop_operator_3.py for tasks to queue
[2024-05-18T05:38:57.438+0000] {logging_mixin.py:188} INFO - [2024-05-18T05:38:57.438+0000] {dagbag.py:545} INFO - Filling up the DagBag from /home/ubuntu/airflow/airflow_env/lib/python3.12/site-packages/airflow/example_dags/example_branch_python_dop_operator_3.py
[2024-05-18T05:38:57.451+0000] {processor.py:840} INFO - DAG(s) 'example_branch_dop_operator_v3' retrieved from /home/ubuntu/airflow/airflow_env/lib/python3.12/site-packages/airflow/example_dags/example_branch_python_dop_operator_3.py
[2024-05-18T05:38:57.528+0000] {logging_mixin.py:188} INFO - [2024-05-18T05:38:57.528+0000] {dag.py:3096} INFO - Sync 1 DAGs
[2024-05-18T05:38:57.561+0000] {logging_mixin.py:188} INFO - [2024-05-18T05:38:57.560+0000] {dag.py:3954} INFO - Setting next_dagrun for example_branch_dop_operator_v3 to 2024-05-18 05:37:00+00:00, run_after=2024-05-18 05:38:00+00:00
[2024-05-18T05:38:57.584+0000] {processor.py:183} INFO - Processing /home/ubuntu/airflow/airflow_env/lib/python3.12/site-packages/airflow/example_dags/example_branch_python_dop_operator_3.py took 0.159 seconds
[2024-05-18T05:39:28.519+0000] {processor.py:161} INFO - Started process (PID=15825) to work on /home/ubuntu/airflow/airflow_env/lib/python3.12/site-packages/airflow/example_dags/example_branch_python_dop_operator_3.py
[2024-05-18T05:39:28.521+0000] {processor.py:830} INFO - Processing file /home/ubuntu/airflow/airflow_env/lib/python3.12/site-packages/airflow/example_dags/example_branch_python_dop_operator_3.py for tasks to queue
[2024-05-18T05:39:28.526+0000] {logging_mixin.py:188} INFO - [2024-05-18T05:39:28.525+0000] {dagbag.py:545} INFO - Filling up the DagBag from /home/ubuntu/airflow/airflow_env/lib/python3.12/site-packages/airflow/example_dags/example_branch_python_dop_operator_3.py
[2024-05-18T05:39:28.545+0000] {processor.py:840} INFO - DAG(s) 'example_branch_dop_operator_v3' retrieved from /home/ubuntu/airflow/airflow_env/lib/python3.12/site-packages/airflow/example_dags/example_branch_python_dop_operator_3.py
[2024-05-18T05:39:28.599+0000] {logging_mixin.py:188} INFO - [2024-05-18T05:39:28.599+0000] {dag.py:3096} INFO - Sync 1 DAGs
[2024-05-18T05:39:28.628+0000] {logging_mixin.py:188} INFO - [2024-05-18T05:39:28.628+0000] {dag.py:3954} INFO - Setting next_dagrun for example_branch_dop_operator_v3 to 2024-05-18 05:38:00+00:00, run_after=2024-05-18 05:39:00+00:00
[2024-05-18T05:39:28.650+0000] {processor.py:183} INFO - Processing /home/ubuntu/airflow/airflow_env/lib/python3.12/site-packages/airflow/example_dags/example_branch_python_dop_operator_3.py took 0.146 seconds
[2024-05-18T05:39:59.177+0000] {processor.py:161} INFO - Started process (PID=15876) to work on /home/ubuntu/airflow/airflow_env/lib/python3.12/site-packages/airflow/example_dags/example_branch_python_dop_operator_3.py
[2024-05-18T05:39:59.179+0000] {processor.py:830} INFO - Processing file /home/ubuntu/airflow/airflow_env/lib/python3.12/site-packages/airflow/example_dags/example_branch_python_dop_operator_3.py for tasks to queue
[2024-05-18T05:39:59.181+0000] {logging_mixin.py:188} INFO - [2024-05-18T05:39:59.181+0000] {dagbag.py:545} INFO - Filling up the DagBag from /home/ubuntu/airflow/airflow_env/lib/python3.12/site-packages/airflow/example_dags/example_branch_python_dop_operator_3.py
[2024-05-18T05:39:59.197+0000] {processor.py:840} INFO - DAG(s) 'example_branch_dop_operator_v3' retrieved from /home/ubuntu/airflow/airflow_env/lib/python3.12/site-packages/airflow/example_dags/example_branch_python_dop_operator_3.py
[2024-05-18T05:39:59.265+0000] {logging_mixin.py:188} INFO - [2024-05-18T05:39:59.264+0000] {dag.py:3096} INFO - Sync 1 DAGs
[2024-05-18T05:39:59.304+0000] {logging_mixin.py:188} INFO - [2024-05-18T05:39:59.304+0000] {dag.py:3954} INFO - Setting next_dagrun for example_branch_dop_operator_v3 to 2024-05-18 05:38:00+00:00, run_after=2024-05-18 05:39:00+00:00
[2024-05-18T05:39:59.328+0000] {processor.py:183} INFO - Processing /home/ubuntu/airflow/airflow_env/lib/python3.12/site-packages/airflow/example_dags/example_branch_python_dop_operator_3.py took 0.164 seconds
[2024-05-18T05:40:29.700+0000] {processor.py:161} INFO - Started process (PID=16211) to work on /home/ubuntu/airflow/airflow_env/lib/python3.12/site-packages/airflow/example_dags/example_branch_python_dop_operator_3.py
[2024-05-18T05:40:29.702+0000] {processor.py:830} INFO - Processing file /home/ubuntu/airflow/airflow_env/lib/python3.12/site-packages/airflow/example_dags/example_branch_python_dop_operator_3.py for tasks to queue
[2024-05-18T05:40:29.706+0000] {logging_mixin.py:188} INFO - [2024-05-18T05:40:29.704+0000] {dagbag.py:545} INFO - Filling up the DagBag from /home/ubuntu/airflow/airflow_env/lib/python3.12/site-packages/airflow/example_dags/example_branch_python_dop_operator_3.py
[2024-05-18T05:40:29.714+0000] {processor.py:840} INFO - DAG(s) 'example_branch_dop_operator_v3' retrieved from /home/ubuntu/airflow/airflow_env/lib/python3.12/site-packages/airflow/example_dags/example_branch_python_dop_operator_3.py
[2024-05-18T05:40:29.762+0000] {logging_mixin.py:188} INFO - [2024-05-18T05:40:29.762+0000] {dag.py:3096} INFO - Sync 1 DAGs
[2024-05-18T05:40:29.798+0000] {logging_mixin.py:188} INFO - [2024-05-18T05:40:29.798+0000] {dag.py:3954} INFO - Setting next_dagrun for example_branch_dop_operator_v3 to 2024-05-18 05:39:00+00:00, run_after=2024-05-18 05:40:00+00:00
[2024-05-18T05:40:29.821+0000] {processor.py:183} INFO - Processing /home/ubuntu/airflow/airflow_env/lib/python3.12/site-packages/airflow/example_dags/example_branch_python_dop_operator_3.py took 0.129 seconds
[2024-05-18T05:41:01.211+0000] {processor.py:161} INFO - Started process (PID=16264) to work on /home/ubuntu/airflow/airflow_env/lib/python3.12/site-packages/airflow/example_dags/example_branch_python_dop_operator_3.py
[2024-05-18T05:41:01.213+0000] {processor.py:830} INFO - Processing file /home/ubuntu/airflow/airflow_env/lib/python3.12/site-packages/airflow/example_dags/example_branch_python_dop_operator_3.py for tasks to queue
[2024-05-18T05:41:01.216+0000] {logging_mixin.py:188} INFO - [2024-05-18T05:41:01.215+0000] {dagbag.py:545} INFO - Filling up the DagBag from /home/ubuntu/airflow/airflow_env/lib/python3.12/site-packages/airflow/example_dags/example_branch_python_dop_operator_3.py
[2024-05-18T05:41:01.231+0000] {processor.py:840} INFO - DAG(s) 'example_branch_dop_operator_v3' retrieved from /home/ubuntu/airflow/airflow_env/lib/python3.12/site-packages/airflow/example_dags/example_branch_python_dop_operator_3.py
[2024-05-18T05:41:01.364+0000] {logging_mixin.py:188} INFO - [2024-05-18T05:41:01.364+0000] {dag.py:3096} INFO - Sync 1 DAGs
[2024-05-18T05:41:01.410+0000] {logging_mixin.py:188} INFO - [2024-05-18T05:41:01.410+0000] {dag.py:3954} INFO - Setting next_dagrun for example_branch_dop_operator_v3 to 2024-05-18 05:40:00+00:00, run_after=2024-05-18 05:41:00+00:00
[2024-05-18T05:41:01.440+0000] {processor.py:183} INFO - Processing /home/ubuntu/airflow/airflow_env/lib/python3.12/site-packages/airflow/example_dags/example_branch_python_dop_operator_3.py took 0.245 seconds
[2024-05-18T05:41:31.666+0000] {processor.py:161} INFO - Started process (PID=16316) to work on /home/ubuntu/airflow/airflow_env/lib/python3.12/site-packages/airflow/example_dags/example_branch_python_dop_operator_3.py
[2024-05-18T05:41:31.668+0000] {processor.py:830} INFO - Processing file /home/ubuntu/airflow/airflow_env/lib/python3.12/site-packages/airflow/example_dags/example_branch_python_dop_operator_3.py for tasks to queue
[2024-05-18T05:41:31.671+0000] {logging_mixin.py:188} INFO - [2024-05-18T05:41:31.670+0000] {dagbag.py:545} INFO - Filling up the DagBag from /home/ubuntu/airflow/airflow_env/lib/python3.12/site-packages/airflow/example_dags/example_branch_python_dop_operator_3.py
[2024-05-18T05:41:31.688+0000] {processor.py:840} INFO - DAG(s) 'example_branch_dop_operator_v3' retrieved from /home/ubuntu/airflow/airflow_env/lib/python3.12/site-packages/airflow/example_dags/example_branch_python_dop_operator_3.py
[2024-05-18T05:41:31.748+0000] {logging_mixin.py:188} INFO - [2024-05-18T05:41:31.748+0000] {dag.py:3096} INFO - Sync 1 DAGs
[2024-05-18T05:41:31.798+0000] {logging_mixin.py:188} INFO - [2024-05-18T05:41:31.797+0000] {dag.py:3954} INFO - Setting next_dagrun for example_branch_dop_operator_v3 to 2024-05-18 05:40:00+00:00, run_after=2024-05-18 05:41:00+00:00
[2024-05-18T05:41:31.833+0000] {processor.py:183} INFO - Processing /home/ubuntu/airflow/airflow_env/lib/python3.12/site-packages/airflow/example_dags/example_branch_python_dop_operator_3.py took 0.177 seconds
[2024-05-18T05:42:03.089+0000] {processor.py:161} INFO - Started process (PID=16368) to work on /home/ubuntu/airflow/airflow_env/lib/python3.12/site-packages/airflow/example_dags/example_branch_python_dop_operator_3.py
[2024-05-18T05:42:03.090+0000] {processor.py:830} INFO - Processing file /home/ubuntu/airflow/airflow_env/lib/python3.12/site-packages/airflow/example_dags/example_branch_python_dop_operator_3.py for tasks to queue
[2024-05-18T05:42:03.092+0000] {logging_mixin.py:188} INFO - [2024-05-18T05:42:03.092+0000] {dagbag.py:545} INFO - Filling up the DagBag from /home/ubuntu/airflow/airflow_env/lib/python3.12/site-packages/airflow/example_dags/example_branch_python_dop_operator_3.py
[2024-05-18T05:42:03.102+0000] {processor.py:840} INFO - DAG(s) 'example_branch_dop_operator_v3' retrieved from /home/ubuntu/airflow/airflow_env/lib/python3.12/site-packages/airflow/example_dags/example_branch_python_dop_operator_3.py
[2024-05-18T05:42:03.171+0000] {logging_mixin.py:188} INFO - [2024-05-18T05:42:03.170+0000] {dag.py:3096} INFO - Sync 1 DAGs
[2024-05-18T05:42:03.213+0000] {logging_mixin.py:188} INFO - [2024-05-18T05:42:03.213+0000] {dag.py:3954} INFO - Setting next_dagrun for example_branch_dop_operator_v3 to 2024-05-18 05:41:00+00:00, run_after=2024-05-18 05:42:00+00:00
[2024-05-18T05:42:03.249+0000] {processor.py:183} INFO - Processing /home/ubuntu/airflow/airflow_env/lib/python3.12/site-packages/airflow/example_dags/example_branch_python_dop_operator_3.py took 0.171 seconds
[2024-05-18T05:42:34.054+0000] {processor.py:161} INFO - Started process (PID=16419) to work on /home/ubuntu/airflow/airflow_env/lib/python3.12/site-packages/airflow/example_dags/example_branch_python_dop_operator_3.py
[2024-05-18T05:42:34.056+0000] {processor.py:830} INFO - Processing file /home/ubuntu/airflow/airflow_env/lib/python3.12/site-packages/airflow/example_dags/example_branch_python_dop_operator_3.py for tasks to queue
[2024-05-18T05:42:34.058+0000] {logging_mixin.py:188} INFO - [2024-05-18T05:42:34.058+0000] {dagbag.py:545} INFO - Filling up the DagBag from /home/ubuntu/airflow/airflow_env/lib/python3.12/site-packages/airflow/example_dags/example_branch_python_dop_operator_3.py
[2024-05-18T05:42:34.069+0000] {processor.py:840} INFO - DAG(s) 'example_branch_dop_operator_v3' retrieved from /home/ubuntu/airflow/airflow_env/lib/python3.12/site-packages/airflow/example_dags/example_branch_python_dop_operator_3.py
[2024-05-18T05:42:34.125+0000] {logging_mixin.py:188} INFO - [2024-05-18T05:42:34.124+0000] {dag.py:3096} INFO - Sync 1 DAGs
[2024-05-18T05:42:34.158+0000] {logging_mixin.py:188} INFO - [2024-05-18T05:42:34.157+0000] {dag.py:3954} INFO - Setting next_dagrun for example_branch_dop_operator_v3 to 2024-05-18 05:41:00+00:00, run_after=2024-05-18 05:42:00+00:00
[2024-05-18T05:42:34.188+0000] {processor.py:183} INFO - Processing /home/ubuntu/airflow/airflow_env/lib/python3.12/site-packages/airflow/example_dags/example_branch_python_dop_operator_3.py took 0.140 seconds
[2024-05-18T05:43:05.171+0000] {processor.py:161} INFO - Started process (PID=16499) to work on /home/ubuntu/airflow/airflow_env/lib/python3.12/site-packages/airflow/example_dags/example_branch_python_dop_operator_3.py
[2024-05-18T05:43:05.172+0000] {processor.py:830} INFO - Processing file /home/ubuntu/airflow/airflow_env/lib/python3.12/site-packages/airflow/example_dags/example_branch_python_dop_operator_3.py for tasks to queue
[2024-05-18T05:43:05.174+0000] {logging_mixin.py:188} INFO - [2024-05-18T05:43:05.173+0000] {dagbag.py:545} INFO - Filling up the DagBag from /home/ubuntu/airflow/airflow_env/lib/python3.12/site-packages/airflow/example_dags/example_branch_python_dop_operator_3.py
[2024-05-18T05:43:05.185+0000] {processor.py:840} INFO - DAG(s) 'example_branch_dop_operator_v3' retrieved from /home/ubuntu/airflow/airflow_env/lib/python3.12/site-packages/airflow/example_dags/example_branch_python_dop_operator_3.py
[2024-05-18T05:43:05.247+0000] {logging_mixin.py:188} INFO - [2024-05-18T05:43:05.247+0000] {dag.py:3096} INFO - Sync 1 DAGs
[2024-05-18T05:43:05.282+0000] {logging_mixin.py:188} INFO - [2024-05-18T05:43:05.282+0000] {dag.py:3954} INFO - Setting next_dagrun for example_branch_dop_operator_v3 to 2024-05-18 05:42:00+00:00, run_after=2024-05-18 05:43:00+00:00
[2024-05-18T05:43:05.312+0000] {processor.py:183} INFO - Processing /home/ubuntu/airflow/airflow_env/lib/python3.12/site-packages/airflow/example_dags/example_branch_python_dop_operator_3.py took 0.149 seconds
[2024-05-18T05:43:35.892+0000] {processor.py:161} INFO - Started process (PID=16555) to work on /home/ubuntu/airflow/airflow_env/lib/python3.12/site-packages/airflow/example_dags/example_branch_python_dop_operator_3.py
[2024-05-18T05:43:35.895+0000] {processor.py:830} INFO - Processing file /home/ubuntu/airflow/airflow_env/lib/python3.12/site-packages/airflow/example_dags/example_branch_python_dop_operator_3.py for tasks to queue
[2024-05-18T05:43:35.899+0000] {logging_mixin.py:188} INFO - [2024-05-18T05:43:35.898+0000] {dagbag.py:545} INFO - Filling up the DagBag from /home/ubuntu/airflow/airflow_env/lib/python3.12/site-packages/airflow/example_dags/example_branch_python_dop_operator_3.py
[2024-05-18T05:43:35.913+0000] {processor.py:840} INFO - DAG(s) 'example_branch_dop_operator_v3' retrieved from /home/ubuntu/airflow/airflow_env/lib/python3.12/site-packages/airflow/example_dags/example_branch_python_dop_operator_3.py
[2024-05-18T05:43:36.004+0000] {logging_mixin.py:188} INFO - [2024-05-18T05:43:36.003+0000] {dag.py:3096} INFO - Sync 1 DAGs
[2024-05-18T05:43:36.063+0000] {logging_mixin.py:188} INFO - [2024-05-18T05:43:36.062+0000] {dag.py:3954} INFO - Setting next_dagrun for example_branch_dop_operator_v3 to 2024-05-18 05:42:00+00:00, run_after=2024-05-18 05:43:00+00:00
[2024-05-18T05:43:36.101+0000] {processor.py:183} INFO - Processing /home/ubuntu/airflow/airflow_env/lib/python3.12/site-packages/airflow/example_dags/example_branch_python_dop_operator_3.py took 0.223 seconds
