[2024-05-18T04:44:11.032+0000] {processor.py:161} INFO - Started process (PID=12262) to work on /home/ubuntu/chch-fuel-recommendator/airflow/af_env/lib/python3.12/site-packages/airflow/example_dags/example_task_group.py
[2024-05-18T04:44:11.033+0000] {processor.py:830} INFO - Processing file /home/ubuntu/chch-fuel-recommendator/airflow/af_env/lib/python3.12/site-packages/airflow/example_dags/example_task_group.py for tasks to queue
[2024-05-18T04:44:11.035+0000] {logging_mixin.py:188} INFO - [2024-05-18T04:44:11.034+0000] {dagbag.py:545} INFO - Filling up the DagBag from /home/ubuntu/chch-fuel-recommendator/airflow/af_env/lib/python3.12/site-packages/airflow/example_dags/example_task_group.py
[2024-05-18T04:44:11.043+0000] {processor.py:840} INFO - DAG(s) 'example_task_group' retrieved from /home/ubuntu/chch-fuel-recommendator/airflow/af_env/lib/python3.12/site-packages/airflow/example_dags/example_task_group.py
[2024-05-18T04:44:11.172+0000] {logging_mixin.py:188} INFO - [2024-05-18T04:44:11.172+0000] {override.py:1829} INFO - Created Permission View: can edit on DAG:example_task_group
[2024-05-18T04:44:11.188+0000] {logging_mixin.py:188} INFO - [2024-05-18T04:44:11.187+0000] {override.py:1829} INFO - Created Permission View: can read on DAG:example_task_group
[2024-05-18T04:44:11.198+0000] {logging_mixin.py:188} INFO - [2024-05-18T04:44:11.197+0000] {override.py:1829} INFO - Created Permission View: can delete on DAG:example_task_group
[2024-05-18T04:44:11.198+0000] {logging_mixin.py:188} INFO - [2024-05-18T04:44:11.198+0000] {dag.py:3096} INFO - Sync 1 DAGs
[2024-05-18T04:44:11.214+0000] {logging_mixin.py:188} INFO - [2024-05-18T04:44:11.214+0000] {dag.py:3118} INFO - Creating ORM DAG for example_task_group
[2024-05-18T04:44:11.224+0000] {logging_mixin.py:188} INFO - [2024-05-18T04:44:11.224+0000] {dag.py:3954} INFO - Setting next_dagrun for example_task_group to 2024-05-17 00:00:00+00:00, run_after=2024-05-18 00:00:00+00:00
[2024-05-18T04:44:11.248+0000] {processor.py:183} INFO - Processing /home/ubuntu/chch-fuel-recommendator/airflow/af_env/lib/python3.12/site-packages/airflow/example_dags/example_task_group.py took 0.221 seconds
[2024-05-18T04:45:11.183+0000] {processor.py:161} INFO - Started process (PID=12316) to work on /home/ubuntu/chch-fuel-recommendator/airflow/af_env/lib/python3.12/site-packages/airflow/example_dags/example_task_group.py
[2024-05-18T04:45:11.185+0000] {processor.py:830} INFO - Processing file /home/ubuntu/chch-fuel-recommendator/airflow/af_env/lib/python3.12/site-packages/airflow/example_dags/example_task_group.py for tasks to queue
[2024-05-18T04:45:11.187+0000] {logging_mixin.py:188} INFO - [2024-05-18T04:45:11.186+0000] {dagbag.py:545} INFO - Filling up the DagBag from /home/ubuntu/chch-fuel-recommendator/airflow/af_env/lib/python3.12/site-packages/airflow/example_dags/example_task_group.py
[2024-05-18T04:45:11.197+0000] {processor.py:840} INFO - DAG(s) 'example_task_group' retrieved from /home/ubuntu/chch-fuel-recommendator/airflow/af_env/lib/python3.12/site-packages/airflow/example_dags/example_task_group.py
[2024-05-18T04:45:11.220+0000] {logging_mixin.py:188} INFO - [2024-05-18T04:45:11.220+0000] {dag.py:3096} INFO - Sync 1 DAGs
[2024-05-18T04:45:11.261+0000] {logging_mixin.py:188} INFO - [2024-05-18T04:45:11.261+0000] {dag.py:3954} INFO - Setting next_dagrun for example_task_group to 2024-05-17 00:00:00+00:00, run_after=2024-05-18 00:00:00+00:00
[2024-05-18T04:45:11.313+0000] {processor.py:183} INFO - Processing /home/ubuntu/chch-fuel-recommendator/airflow/af_env/lib/python3.12/site-packages/airflow/example_dags/example_task_group.py took 0.143 seconds
[2024-05-18T04:46:08.547+0000] {processor.py:161} INFO - Started process (PID=12372) to work on /home/ubuntu/chch-fuel-recommendator/airflow/af_env/lib/python3.12/site-packages/airflow/example_dags/example_task_group.py
[2024-05-18T04:46:08.548+0000] {processor.py:830} INFO - Processing file /home/ubuntu/chch-fuel-recommendator/airflow/af_env/lib/python3.12/site-packages/airflow/example_dags/example_task_group.py for tasks to queue
[2024-05-18T04:46:08.550+0000] {logging_mixin.py:188} INFO - [2024-05-18T04:46:08.550+0000] {dagbag.py:545} INFO - Filling up the DagBag from /home/ubuntu/chch-fuel-recommendator/airflow/af_env/lib/python3.12/site-packages/airflow/example_dags/example_task_group.py
[2024-05-18T04:46:08.559+0000] {processor.py:840} INFO - DAG(s) 'example_task_group' retrieved from /home/ubuntu/chch-fuel-recommendator/airflow/af_env/lib/python3.12/site-packages/airflow/example_dags/example_task_group.py
[2024-05-18T04:46:08.578+0000] {logging_mixin.py:188} INFO - [2024-05-18T04:46:08.578+0000] {dag.py:3096} INFO - Sync 1 DAGs
[2024-05-18T04:46:08.606+0000] {logging_mixin.py:188} INFO - [2024-05-18T04:46:08.606+0000] {dag.py:3954} INFO - Setting next_dagrun for example_task_group to 2024-05-17 00:00:00+00:00, run_after=2024-05-18 00:00:00+00:00
[2024-05-18T04:46:08.646+0000] {processor.py:183} INFO - Processing /home/ubuntu/chch-fuel-recommendator/airflow/af_env/lib/python3.12/site-packages/airflow/example_dags/example_task_group.py took 0.105 seconds
[2024-05-18T04:47:00.272+0000] {processor.py:161} INFO - Started process (PID=12423) to work on /home/ubuntu/chch-fuel-recommendator/airflow/af_env/lib/python3.12/site-packages/airflow/example_dags/example_task_group.py
[2024-05-18T04:47:00.274+0000] {processor.py:830} INFO - Processing file /home/ubuntu/chch-fuel-recommendator/airflow/af_env/lib/python3.12/site-packages/airflow/example_dags/example_task_group.py for tasks to queue
[2024-05-18T04:47:00.275+0000] {logging_mixin.py:188} INFO - [2024-05-18T04:47:00.275+0000] {dagbag.py:545} INFO - Filling up the DagBag from /home/ubuntu/chch-fuel-recommendator/airflow/af_env/lib/python3.12/site-packages/airflow/example_dags/example_task_group.py
[2024-05-18T04:47:00.283+0000] {processor.py:840} INFO - DAG(s) 'example_task_group' retrieved from /home/ubuntu/chch-fuel-recommendator/airflow/af_env/lib/python3.12/site-packages/airflow/example_dags/example_task_group.py
[2024-05-18T04:47:00.300+0000] {logging_mixin.py:188} INFO - [2024-05-18T04:47:00.300+0000] {dag.py:3096} INFO - Sync 1 DAGs
[2024-05-18T04:47:00.319+0000] {logging_mixin.py:188} INFO - [2024-05-18T04:47:00.319+0000] {dag.py:3954} INFO - Setting next_dagrun for example_task_group to 2024-05-17 00:00:00+00:00, run_after=2024-05-18 00:00:00+00:00
[2024-05-18T04:47:00.344+0000] {processor.py:183} INFO - Processing /home/ubuntu/chch-fuel-recommendator/airflow/af_env/lib/python3.12/site-packages/airflow/example_dags/example_task_group.py took 0.078 seconds
[2024-05-18T04:47:53.819+0000] {processor.py:161} INFO - Started process (PID=12476) to work on /home/ubuntu/chch-fuel-recommendator/airflow/af_env/lib/python3.12/site-packages/airflow/example_dags/example_task_group.py
[2024-05-18T04:47:53.821+0000] {processor.py:830} INFO - Processing file /home/ubuntu/chch-fuel-recommendator/airflow/af_env/lib/python3.12/site-packages/airflow/example_dags/example_task_group.py for tasks to queue
[2024-05-18T04:47:53.823+0000] {logging_mixin.py:188} INFO - [2024-05-18T04:47:53.823+0000] {dagbag.py:545} INFO - Filling up the DagBag from /home/ubuntu/chch-fuel-recommendator/airflow/af_env/lib/python3.12/site-packages/airflow/example_dags/example_task_group.py
[2024-05-18T04:47:53.832+0000] {processor.py:840} INFO - DAG(s) 'example_task_group' retrieved from /home/ubuntu/chch-fuel-recommendator/airflow/af_env/lib/python3.12/site-packages/airflow/example_dags/example_task_group.py
[2024-05-18T04:47:53.856+0000] {logging_mixin.py:188} INFO - [2024-05-18T04:47:53.856+0000] {dag.py:3096} INFO - Sync 1 DAGs
[2024-05-18T04:47:53.885+0000] {logging_mixin.py:188} INFO - [2024-05-18T04:47:53.885+0000] {dag.py:3954} INFO - Setting next_dagrun for example_task_group to 2024-05-17 00:00:00+00:00, run_after=2024-05-18 00:00:00+00:00
[2024-05-18T04:47:53.923+0000] {processor.py:183} INFO - Processing /home/ubuntu/chch-fuel-recommendator/airflow/af_env/lib/python3.12/site-packages/airflow/example_dags/example_task_group.py took 0.114 seconds
[2024-05-18T04:48:38.332+0000] {processor.py:161} INFO - Started process (PID=12519) to work on /home/ubuntu/chch-fuel-recommendator/airflow/af_env/lib/python3.12/site-packages/airflow/example_dags/example_task_group.py
[2024-05-18T04:48:38.334+0000] {processor.py:830} INFO - Processing file /home/ubuntu/chch-fuel-recommendator/airflow/af_env/lib/python3.12/site-packages/airflow/example_dags/example_task_group.py for tasks to queue
[2024-05-18T04:48:38.336+0000] {logging_mixin.py:188} INFO - [2024-05-18T04:48:38.335+0000] {dagbag.py:545} INFO - Filling up the DagBag from /home/ubuntu/chch-fuel-recommendator/airflow/af_env/lib/python3.12/site-packages/airflow/example_dags/example_task_group.py
[2024-05-18T04:48:38.345+0000] {processor.py:840} INFO - DAG(s) 'example_task_group' retrieved from /home/ubuntu/chch-fuel-recommendator/airflow/af_env/lib/python3.12/site-packages/airflow/example_dags/example_task_group.py
[2024-05-18T04:48:38.366+0000] {logging_mixin.py:188} INFO - [2024-05-18T04:48:38.366+0000] {dag.py:3096} INFO - Sync 1 DAGs
[2024-05-18T04:48:38.389+0000] {logging_mixin.py:188} INFO - [2024-05-18T04:48:38.389+0000] {dag.py:3954} INFO - Setting next_dagrun for example_task_group to 2024-05-17 00:00:00+00:00, run_after=2024-05-18 00:00:00+00:00
[2024-05-18T04:48:38.422+0000] {processor.py:183} INFO - Processing /home/ubuntu/chch-fuel-recommendator/airflow/af_env/lib/python3.12/site-packages/airflow/example_dags/example_task_group.py took 0.096 seconds
[2024-05-18T04:49:21.857+0000] {processor.py:161} INFO - Started process (PID=12563) to work on /home/ubuntu/chch-fuel-recommendator/airflow/af_env/lib/python3.12/site-packages/airflow/example_dags/example_task_group.py
[2024-05-18T04:49:21.859+0000] {processor.py:830} INFO - Processing file /home/ubuntu/chch-fuel-recommendator/airflow/af_env/lib/python3.12/site-packages/airflow/example_dags/example_task_group.py for tasks to queue
[2024-05-18T04:49:21.863+0000] {logging_mixin.py:188} INFO - [2024-05-18T04:49:21.861+0000] {dagbag.py:545} INFO - Filling up the DagBag from /home/ubuntu/chch-fuel-recommendator/airflow/af_env/lib/python3.12/site-packages/airflow/example_dags/example_task_group.py
[2024-05-18T04:49:21.875+0000] {processor.py:840} INFO - DAG(s) 'example_task_group' retrieved from /home/ubuntu/chch-fuel-recommendator/airflow/af_env/lib/python3.12/site-packages/airflow/example_dags/example_task_group.py
[2024-05-18T04:49:21.903+0000] {logging_mixin.py:188} INFO - [2024-05-18T04:49:21.902+0000] {dag.py:3096} INFO - Sync 1 DAGs
[2024-05-18T04:49:21.930+0000] {logging_mixin.py:188} INFO - [2024-05-18T04:49:21.930+0000] {dag.py:3954} INFO - Setting next_dagrun for example_task_group to 2024-05-17 00:00:00+00:00, run_after=2024-05-18 00:00:00+00:00
[2024-05-18T04:49:21.955+0000] {processor.py:183} INFO - Processing /home/ubuntu/chch-fuel-recommendator/airflow/af_env/lib/python3.12/site-packages/airflow/example_dags/example_task_group.py took 0.115 seconds
[2024-05-18T04:50:06.201+0000] {processor.py:161} INFO - Started process (PID=12607) to work on /home/ubuntu/chch-fuel-recommendator/airflow/af_env/lib/python3.12/site-packages/airflow/example_dags/example_task_group.py
[2024-05-18T04:50:06.202+0000] {processor.py:830} INFO - Processing file /home/ubuntu/chch-fuel-recommendator/airflow/af_env/lib/python3.12/site-packages/airflow/example_dags/example_task_group.py for tasks to queue
[2024-05-18T04:50:06.204+0000] {logging_mixin.py:188} INFO - [2024-05-18T04:50:06.204+0000] {dagbag.py:545} INFO - Filling up the DagBag from /home/ubuntu/chch-fuel-recommendator/airflow/af_env/lib/python3.12/site-packages/airflow/example_dags/example_task_group.py
[2024-05-18T04:50:06.212+0000] {processor.py:840} INFO - DAG(s) 'example_task_group' retrieved from /home/ubuntu/chch-fuel-recommendator/airflow/af_env/lib/python3.12/site-packages/airflow/example_dags/example_task_group.py
[2024-05-18T04:50:06.232+0000] {logging_mixin.py:188} INFO - [2024-05-18T04:50:06.231+0000] {dag.py:3096} INFO - Sync 1 DAGs
[2024-05-18T04:50:06.252+0000] {logging_mixin.py:188} INFO - [2024-05-18T04:50:06.252+0000] {dag.py:3954} INFO - Setting next_dagrun for example_task_group to 2024-05-17 00:00:00+00:00, run_after=2024-05-18 00:00:00+00:00
[2024-05-18T04:50:06.277+0000] {processor.py:183} INFO - Processing /home/ubuntu/chch-fuel-recommendator/airflow/af_env/lib/python3.12/site-packages/airflow/example_dags/example_task_group.py took 0.082 seconds
[2024-05-18T04:50:50.068+0000] {processor.py:161} INFO - Started process (PID=12654) to work on /home/ubuntu/chch-fuel-recommendator/airflow/af_env/lib/python3.12/site-packages/airflow/example_dags/example_task_group.py
[2024-05-18T04:50:50.070+0000] {processor.py:830} INFO - Processing file /home/ubuntu/chch-fuel-recommendator/airflow/af_env/lib/python3.12/site-packages/airflow/example_dags/example_task_group.py for tasks to queue
[2024-05-18T04:50:50.074+0000] {logging_mixin.py:188} INFO - [2024-05-18T04:50:50.074+0000] {dagbag.py:545} INFO - Filling up the DagBag from /home/ubuntu/chch-fuel-recommendator/airflow/af_env/lib/python3.12/site-packages/airflow/example_dags/example_task_group.py
[2024-05-18T04:50:50.083+0000] {processor.py:840} INFO - DAG(s) 'example_task_group' retrieved from /home/ubuntu/chch-fuel-recommendator/airflow/af_env/lib/python3.12/site-packages/airflow/example_dags/example_task_group.py
[2024-05-18T04:50:50.110+0000] {logging_mixin.py:188} INFO - [2024-05-18T04:50:50.110+0000] {dag.py:3096} INFO - Sync 1 DAGs
[2024-05-18T04:50:50.138+0000] {logging_mixin.py:188} INFO - [2024-05-18T04:50:50.138+0000] {dag.py:3954} INFO - Setting next_dagrun for example_task_group to 2024-05-17 00:00:00+00:00, run_after=2024-05-18 00:00:00+00:00
[2024-05-18T04:50:50.161+0000] {processor.py:183} INFO - Processing /home/ubuntu/chch-fuel-recommendator/airflow/af_env/lib/python3.12/site-packages/airflow/example_dags/example_task_group.py took 0.106 seconds
[2024-05-18T04:51:34.344+0000] {processor.py:161} INFO - Started process (PID=12699) to work on /home/ubuntu/chch-fuel-recommendator/airflow/af_env/lib/python3.12/site-packages/airflow/example_dags/example_task_group.py
[2024-05-18T04:51:34.345+0000] {processor.py:830} INFO - Processing file /home/ubuntu/chch-fuel-recommendator/airflow/af_env/lib/python3.12/site-packages/airflow/example_dags/example_task_group.py for tasks to queue
[2024-05-18T04:51:34.347+0000] {logging_mixin.py:188} INFO - [2024-05-18T04:51:34.347+0000] {dagbag.py:545} INFO - Filling up the DagBag from /home/ubuntu/chch-fuel-recommendator/airflow/af_env/lib/python3.12/site-packages/airflow/example_dags/example_task_group.py
[2024-05-18T04:51:34.361+0000] {processor.py:840} INFO - DAG(s) 'example_task_group' retrieved from /home/ubuntu/chch-fuel-recommendator/airflow/af_env/lib/python3.12/site-packages/airflow/example_dags/example_task_group.py
[2024-05-18T04:51:34.391+0000] {logging_mixin.py:188} INFO - [2024-05-18T04:51:34.391+0000] {dag.py:3096} INFO - Sync 1 DAGs
[2024-05-18T04:51:34.428+0000] {logging_mixin.py:188} INFO - [2024-05-18T04:51:34.427+0000] {dag.py:3954} INFO - Setting next_dagrun for example_task_group to 2024-05-17 00:00:00+00:00, run_after=2024-05-18 00:00:00+00:00
[2024-05-18T04:51:34.457+0000] {processor.py:183} INFO - Processing /home/ubuntu/chch-fuel-recommendator/airflow/af_env/lib/python3.12/site-packages/airflow/example_dags/example_task_group.py took 0.119 seconds
[2024-05-18T04:52:17.112+0000] {processor.py:161} INFO - Started process (PID=12742) to work on /home/ubuntu/chch-fuel-recommendator/airflow/af_env/lib/python3.12/site-packages/airflow/example_dags/example_task_group.py
[2024-05-18T04:52:17.113+0000] {processor.py:830} INFO - Processing file /home/ubuntu/chch-fuel-recommendator/airflow/af_env/lib/python3.12/site-packages/airflow/example_dags/example_task_group.py for tasks to queue
[2024-05-18T04:52:17.115+0000] {logging_mixin.py:188} INFO - [2024-05-18T04:52:17.115+0000] {dagbag.py:545} INFO - Filling up the DagBag from /home/ubuntu/chch-fuel-recommendator/airflow/af_env/lib/python3.12/site-packages/airflow/example_dags/example_task_group.py
[2024-05-18T04:52:17.128+0000] {processor.py:840} INFO - DAG(s) 'example_task_group' retrieved from /home/ubuntu/chch-fuel-recommendator/airflow/af_env/lib/python3.12/site-packages/airflow/example_dags/example_task_group.py
[2024-05-18T04:52:17.163+0000] {logging_mixin.py:188} INFO - [2024-05-18T04:52:17.163+0000] {dag.py:3096} INFO - Sync 1 DAGs
[2024-05-18T04:52:17.191+0000] {logging_mixin.py:188} INFO - [2024-05-18T04:52:17.191+0000] {dag.py:3954} INFO - Setting next_dagrun for example_task_group to 2024-05-17 00:00:00+00:00, run_after=2024-05-18 00:00:00+00:00
[2024-05-18T04:52:17.226+0000] {processor.py:183} INFO - Processing /home/ubuntu/chch-fuel-recommendator/airflow/af_env/lib/python3.12/site-packages/airflow/example_dags/example_task_group.py took 0.123 seconds
[2024-05-18T04:53:05.092+0000] {processor.py:161} INFO - Started process (PID=12787) to work on /home/ubuntu/chch-fuel-recommendator/airflow/af_env/lib/python3.12/site-packages/airflow/example_dags/example_task_group.py
[2024-05-18T04:53:05.094+0000] {processor.py:830} INFO - Processing file /home/ubuntu/chch-fuel-recommendator/airflow/af_env/lib/python3.12/site-packages/airflow/example_dags/example_task_group.py for tasks to queue
[2024-05-18T04:53:05.097+0000] {logging_mixin.py:188} INFO - [2024-05-18T04:53:05.096+0000] {dagbag.py:545} INFO - Filling up the DagBag from /home/ubuntu/chch-fuel-recommendator/airflow/af_env/lib/python3.12/site-packages/airflow/example_dags/example_task_group.py
[2024-05-18T04:53:05.107+0000] {processor.py:840} INFO - DAG(s) 'example_task_group' retrieved from /home/ubuntu/chch-fuel-recommendator/airflow/af_env/lib/python3.12/site-packages/airflow/example_dags/example_task_group.py
[2024-05-18T04:53:05.133+0000] {logging_mixin.py:188} INFO - [2024-05-18T04:53:05.132+0000] {dag.py:3096} INFO - Sync 1 DAGs
[2024-05-18T04:53:05.164+0000] {logging_mixin.py:188} INFO - [2024-05-18T04:53:05.164+0000] {dag.py:3954} INFO - Setting next_dagrun for example_task_group to 2024-05-17 00:00:00+00:00, run_after=2024-05-18 00:00:00+00:00
[2024-05-18T04:53:05.201+0000] {processor.py:183} INFO - Processing /home/ubuntu/chch-fuel-recommendator/airflow/af_env/lib/python3.12/site-packages/airflow/example_dags/example_task_group.py took 0.115 seconds
[2024-05-18T04:53:51.452+0000] {processor.py:161} INFO - Started process (PID=12833) to work on /home/ubuntu/chch-fuel-recommendator/airflow/af_env/lib/python3.12/site-packages/airflow/example_dags/example_task_group.py
[2024-05-18T04:53:51.454+0000] {processor.py:830} INFO - Processing file /home/ubuntu/chch-fuel-recommendator/airflow/af_env/lib/python3.12/site-packages/airflow/example_dags/example_task_group.py for tasks to queue
[2024-05-18T04:53:51.456+0000] {logging_mixin.py:188} INFO - [2024-05-18T04:53:51.455+0000] {dagbag.py:545} INFO - Filling up the DagBag from /home/ubuntu/chch-fuel-recommendator/airflow/af_env/lib/python3.12/site-packages/airflow/example_dags/example_task_group.py
[2024-05-18T04:53:51.465+0000] {processor.py:840} INFO - DAG(s) 'example_task_group' retrieved from /home/ubuntu/chch-fuel-recommendator/airflow/af_env/lib/python3.12/site-packages/airflow/example_dags/example_task_group.py
[2024-05-18T04:53:51.487+0000] {logging_mixin.py:188} INFO - [2024-05-18T04:53:51.487+0000] {dag.py:3096} INFO - Sync 1 DAGs
[2024-05-18T04:53:51.510+0000] {logging_mixin.py:188} INFO - [2024-05-18T04:53:51.510+0000] {dag.py:3954} INFO - Setting next_dagrun for example_task_group to 2024-05-17 00:00:00+00:00, run_after=2024-05-18 00:00:00+00:00
[2024-05-18T04:53:51.536+0000] {processor.py:183} INFO - Processing /home/ubuntu/chch-fuel-recommendator/airflow/af_env/lib/python3.12/site-packages/airflow/example_dags/example_task_group.py took 0.093 seconds
[2024-05-18T05:32:14.887+0000] {processor.py:161} INFO - Started process (PID=15074) to work on /home/ubuntu/airflow/airflow_env/lib/python3.12/site-packages/airflow/example_dags/example_task_group.py
[2024-05-18T05:32:14.889+0000] {processor.py:830} INFO - Processing file /home/ubuntu/airflow/airflow_env/lib/python3.12/site-packages/airflow/example_dags/example_task_group.py for tasks to queue
[2024-05-18T05:32:14.891+0000] {logging_mixin.py:188} INFO - [2024-05-18T05:32:14.891+0000] {dagbag.py:545} INFO - Filling up the DagBag from /home/ubuntu/airflow/airflow_env/lib/python3.12/site-packages/airflow/example_dags/example_task_group.py
[2024-05-18T05:32:14.906+0000] {processor.py:840} INFO - DAG(s) 'example_task_group' retrieved from /home/ubuntu/airflow/airflow_env/lib/python3.12/site-packages/airflow/example_dags/example_task_group.py
[2024-05-18T05:32:15.155+0000] {logging_mixin.py:188} INFO - [2024-05-18T05:32:15.154+0000] {dag.py:3096} INFO - Sync 1 DAGs
[2024-05-18T05:32:15.206+0000] {logging_mixin.py:188} INFO - [2024-05-18T05:32:15.206+0000] {dag.py:3954} INFO - Setting next_dagrun for example_task_group to 2024-05-17 00:00:00+00:00, run_after=2024-05-18 00:00:00+00:00
[2024-05-18T05:32:15.233+0000] {processor.py:183} INFO - Processing /home/ubuntu/airflow/airflow_env/lib/python3.12/site-packages/airflow/example_dags/example_task_group.py took 0.355 seconds
[2024-05-18T05:32:45.481+0000] {processor.py:161} INFO - Started process (PID=15128) to work on /home/ubuntu/airflow/airflow_env/lib/python3.12/site-packages/airflow/example_dags/example_task_group.py
[2024-05-18T05:32:45.482+0000] {processor.py:830} INFO - Processing file /home/ubuntu/airflow/airflow_env/lib/python3.12/site-packages/airflow/example_dags/example_task_group.py for tasks to queue
[2024-05-18T05:32:45.484+0000] {logging_mixin.py:188} INFO - [2024-05-18T05:32:45.484+0000] {dagbag.py:545} INFO - Filling up the DagBag from /home/ubuntu/airflow/airflow_env/lib/python3.12/site-packages/airflow/example_dags/example_task_group.py
[2024-05-18T05:32:45.498+0000] {processor.py:840} INFO - DAG(s) 'example_task_group' retrieved from /home/ubuntu/airflow/airflow_env/lib/python3.12/site-packages/airflow/example_dags/example_task_group.py
[2024-05-18T05:32:45.574+0000] {logging_mixin.py:188} INFO - [2024-05-18T05:32:45.574+0000] {dag.py:3096} INFO - Sync 1 DAGs
[2024-05-18T05:32:45.616+0000] {logging_mixin.py:188} INFO - [2024-05-18T05:32:45.616+0000] {dag.py:3954} INFO - Setting next_dagrun for example_task_group to 2024-05-17 00:00:00+00:00, run_after=2024-05-18 00:00:00+00:00
[2024-05-18T05:32:45.657+0000] {processor.py:183} INFO - Processing /home/ubuntu/airflow/airflow_env/lib/python3.12/site-packages/airflow/example_dags/example_task_group.py took 0.186 seconds
[2024-05-18T05:33:15.814+0000] {processor.py:161} INFO - Started process (PID=15182) to work on /home/ubuntu/airflow/airflow_env/lib/python3.12/site-packages/airflow/example_dags/example_task_group.py
[2024-05-18T05:33:15.816+0000] {processor.py:830} INFO - Processing file /home/ubuntu/airflow/airflow_env/lib/python3.12/site-packages/airflow/example_dags/example_task_group.py for tasks to queue
[2024-05-18T05:33:15.818+0000] {logging_mixin.py:188} INFO - [2024-05-18T05:33:15.817+0000] {dagbag.py:545} INFO - Filling up the DagBag from /home/ubuntu/airflow/airflow_env/lib/python3.12/site-packages/airflow/example_dags/example_task_group.py
[2024-05-18T05:33:15.826+0000] {processor.py:840} INFO - DAG(s) 'example_task_group' retrieved from /home/ubuntu/airflow/airflow_env/lib/python3.12/site-packages/airflow/example_dags/example_task_group.py
[2024-05-18T05:33:15.878+0000] {logging_mixin.py:188} INFO - [2024-05-18T05:33:15.877+0000] {dag.py:3096} INFO - Sync 1 DAGs
[2024-05-18T05:33:15.902+0000] {logging_mixin.py:188} INFO - [2024-05-18T05:33:15.902+0000] {dag.py:3954} INFO - Setting next_dagrun for example_task_group to 2024-05-17 00:00:00+00:00, run_after=2024-05-18 00:00:00+00:00
[2024-05-18T05:33:15.923+0000] {processor.py:183} INFO - Processing /home/ubuntu/airflow/airflow_env/lib/python3.12/site-packages/airflow/example_dags/example_task_group.py took 0.117 seconds
[2024-05-18T05:33:46.090+0000] {processor.py:161} INFO - Started process (PID=15233) to work on /home/ubuntu/airflow/airflow_env/lib/python3.12/site-packages/airflow/example_dags/example_task_group.py
[2024-05-18T05:33:46.091+0000] {processor.py:830} INFO - Processing file /home/ubuntu/airflow/airflow_env/lib/python3.12/site-packages/airflow/example_dags/example_task_group.py for tasks to queue
[2024-05-18T05:33:46.093+0000] {logging_mixin.py:188} INFO - [2024-05-18T05:33:46.093+0000] {dagbag.py:545} INFO - Filling up the DagBag from /home/ubuntu/airflow/airflow_env/lib/python3.12/site-packages/airflow/example_dags/example_task_group.py
[2024-05-18T05:33:46.104+0000] {processor.py:840} INFO - DAG(s) 'example_task_group' retrieved from /home/ubuntu/airflow/airflow_env/lib/python3.12/site-packages/airflow/example_dags/example_task_group.py
[2024-05-18T05:33:46.187+0000] {logging_mixin.py:188} INFO - [2024-05-18T05:33:46.187+0000] {dag.py:3096} INFO - Sync 1 DAGs
[2024-05-18T05:33:46.232+0000] {logging_mixin.py:188} INFO - [2024-05-18T05:33:46.231+0000] {dag.py:3954} INFO - Setting next_dagrun for example_task_group to 2024-05-17 00:00:00+00:00, run_after=2024-05-18 00:00:00+00:00
[2024-05-18T05:33:46.292+0000] {processor.py:183} INFO - Processing /home/ubuntu/airflow/airflow_env/lib/python3.12/site-packages/airflow/example_dags/example_task_group.py took 0.212 seconds
[2024-05-18T05:34:17.248+0000] {processor.py:161} INFO - Started process (PID=15285) to work on /home/ubuntu/airflow/airflow_env/lib/python3.12/site-packages/airflow/example_dags/example_task_group.py
[2024-05-18T05:34:17.250+0000] {processor.py:830} INFO - Processing file /home/ubuntu/airflow/airflow_env/lib/python3.12/site-packages/airflow/example_dags/example_task_group.py for tasks to queue
[2024-05-18T05:34:17.253+0000] {logging_mixin.py:188} INFO - [2024-05-18T05:34:17.252+0000] {dagbag.py:545} INFO - Filling up the DagBag from /home/ubuntu/airflow/airflow_env/lib/python3.12/site-packages/airflow/example_dags/example_task_group.py
[2024-05-18T05:34:17.268+0000] {processor.py:840} INFO - DAG(s) 'example_task_group' retrieved from /home/ubuntu/airflow/airflow_env/lib/python3.12/site-packages/airflow/example_dags/example_task_group.py
[2024-05-18T05:34:17.349+0000] {logging_mixin.py:188} INFO - [2024-05-18T05:34:17.349+0000] {dag.py:3096} INFO - Sync 1 DAGs
[2024-05-18T05:34:17.397+0000] {logging_mixin.py:188} INFO - [2024-05-18T05:34:17.397+0000] {dag.py:3954} INFO - Setting next_dagrun for example_task_group to 2024-05-17 00:00:00+00:00, run_after=2024-05-18 00:00:00+00:00
[2024-05-18T05:34:17.431+0000] {processor.py:183} INFO - Processing /home/ubuntu/airflow/airflow_env/lib/python3.12/site-packages/airflow/example_dags/example_task_group.py took 0.193 seconds
[2024-05-18T05:34:48.089+0000] {processor.py:161} INFO - Started process (PID=15336) to work on /home/ubuntu/airflow/airflow_env/lib/python3.12/site-packages/airflow/example_dags/example_task_group.py
[2024-05-18T05:34:48.091+0000] {processor.py:830} INFO - Processing file /home/ubuntu/airflow/airflow_env/lib/python3.12/site-packages/airflow/example_dags/example_task_group.py for tasks to queue
[2024-05-18T05:34:48.094+0000] {logging_mixin.py:188} INFO - [2024-05-18T05:34:48.094+0000] {dagbag.py:545} INFO - Filling up the DagBag from /home/ubuntu/airflow/airflow_env/lib/python3.12/site-packages/airflow/example_dags/example_task_group.py
[2024-05-18T05:34:48.107+0000] {processor.py:840} INFO - DAG(s) 'example_task_group' retrieved from /home/ubuntu/airflow/airflow_env/lib/python3.12/site-packages/airflow/example_dags/example_task_group.py
[2024-05-18T05:34:48.183+0000] {logging_mixin.py:188} INFO - [2024-05-18T05:34:48.183+0000] {dag.py:3096} INFO - Sync 1 DAGs
[2024-05-18T05:34:48.215+0000] {logging_mixin.py:188} INFO - [2024-05-18T05:34:48.214+0000] {dag.py:3954} INFO - Setting next_dagrun for example_task_group to 2024-05-17 00:00:00+00:00, run_after=2024-05-18 00:00:00+00:00
[2024-05-18T05:34:48.251+0000] {processor.py:183} INFO - Processing /home/ubuntu/airflow/airflow_env/lib/python3.12/site-packages/airflow/example_dags/example_task_group.py took 0.173 seconds
[2024-05-18T05:35:18.713+0000] {processor.py:161} INFO - Started process (PID=15390) to work on /home/ubuntu/airflow/airflow_env/lib/python3.12/site-packages/airflow/example_dags/example_task_group.py
[2024-05-18T05:35:18.714+0000] {processor.py:830} INFO - Processing file /home/ubuntu/airflow/airflow_env/lib/python3.12/site-packages/airflow/example_dags/example_task_group.py for tasks to queue
[2024-05-18T05:35:18.718+0000] {logging_mixin.py:188} INFO - [2024-05-18T05:35:18.717+0000] {dagbag.py:545} INFO - Filling up the DagBag from /home/ubuntu/airflow/airflow_env/lib/python3.12/site-packages/airflow/example_dags/example_task_group.py
[2024-05-18T05:35:18.731+0000] {processor.py:840} INFO - DAG(s) 'example_task_group' retrieved from /home/ubuntu/airflow/airflow_env/lib/python3.12/site-packages/airflow/example_dags/example_task_group.py
[2024-05-18T05:35:18.792+0000] {logging_mixin.py:188} INFO - [2024-05-18T05:35:18.792+0000] {dag.py:3096} INFO - Sync 1 DAGs
[2024-05-18T05:35:18.819+0000] {logging_mixin.py:188} INFO - [2024-05-18T05:35:18.818+0000] {dag.py:3954} INFO - Setting next_dagrun for example_task_group to 2024-05-17 00:00:00+00:00, run_after=2024-05-18 00:00:00+00:00
[2024-05-18T05:35:18.850+0000] {processor.py:183} INFO - Processing /home/ubuntu/airflow/airflow_env/lib/python3.12/site-packages/airflow/example_dags/example_task_group.py took 0.144 seconds
[2024-05-18T05:35:48.954+0000] {processor.py:161} INFO - Started process (PID=15441) to work on /home/ubuntu/airflow/airflow_env/lib/python3.12/site-packages/airflow/example_dags/example_task_group.py
[2024-05-18T05:35:48.954+0000] {processor.py:830} INFO - Processing file /home/ubuntu/airflow/airflow_env/lib/python3.12/site-packages/airflow/example_dags/example_task_group.py for tasks to queue
[2024-05-18T05:35:48.956+0000] {logging_mixin.py:188} INFO - [2024-05-18T05:35:48.956+0000] {dagbag.py:545} INFO - Filling up the DagBag from /home/ubuntu/airflow/airflow_env/lib/python3.12/site-packages/airflow/example_dags/example_task_group.py
[2024-05-18T05:35:48.963+0000] {processor.py:840} INFO - DAG(s) 'example_task_group' retrieved from /home/ubuntu/airflow/airflow_env/lib/python3.12/site-packages/airflow/example_dags/example_task_group.py
[2024-05-18T05:35:49.013+0000] {logging_mixin.py:188} INFO - [2024-05-18T05:35:49.012+0000] {dag.py:3096} INFO - Sync 1 DAGs
[2024-05-18T05:35:49.049+0000] {logging_mixin.py:188} INFO - [2024-05-18T05:35:49.049+0000] {dag.py:3954} INFO - Setting next_dagrun for example_task_group to 2024-05-17 00:00:00+00:00, run_after=2024-05-18 00:00:00+00:00
[2024-05-18T05:35:49.074+0000] {processor.py:183} INFO - Processing /home/ubuntu/airflow/airflow_env/lib/python3.12/site-packages/airflow/example_dags/example_task_group.py took 0.126 seconds
[2024-05-18T05:36:19.896+0000] {processor.py:161} INFO - Started process (PID=15492) to work on /home/ubuntu/airflow/airflow_env/lib/python3.12/site-packages/airflow/example_dags/example_task_group.py
[2024-05-18T05:36:19.898+0000] {processor.py:830} INFO - Processing file /home/ubuntu/airflow/airflow_env/lib/python3.12/site-packages/airflow/example_dags/example_task_group.py for tasks to queue
[2024-05-18T05:36:19.905+0000] {logging_mixin.py:188} INFO - [2024-05-18T05:36:19.905+0000] {dagbag.py:545} INFO - Filling up the DagBag from /home/ubuntu/airflow/airflow_env/lib/python3.12/site-packages/airflow/example_dags/example_task_group.py
[2024-05-18T05:36:19.922+0000] {processor.py:840} INFO - DAG(s) 'example_task_group' retrieved from /home/ubuntu/airflow/airflow_env/lib/python3.12/site-packages/airflow/example_dags/example_task_group.py
[2024-05-18T05:36:19.994+0000] {logging_mixin.py:188} INFO - [2024-05-18T05:36:19.993+0000] {dag.py:3096} INFO - Sync 1 DAGs
[2024-05-18T05:36:20.041+0000] {logging_mixin.py:188} INFO - [2024-05-18T05:36:20.040+0000] {dag.py:3954} INFO - Setting next_dagrun for example_task_group to 2024-05-17 00:00:00+00:00, run_after=2024-05-18 00:00:00+00:00
[2024-05-18T05:36:20.077+0000] {processor.py:183} INFO - Processing /home/ubuntu/airflow/airflow_env/lib/python3.12/site-packages/airflow/example_dags/example_task_group.py took 0.195 seconds
[2024-05-18T05:36:51.121+0000] {processor.py:161} INFO - Started process (PID=15543) to work on /home/ubuntu/airflow/airflow_env/lib/python3.12/site-packages/airflow/example_dags/example_task_group.py
[2024-05-18T05:36:51.123+0000] {processor.py:830} INFO - Processing file /home/ubuntu/airflow/airflow_env/lib/python3.12/site-packages/airflow/example_dags/example_task_group.py for tasks to queue
[2024-05-18T05:36:51.125+0000] {logging_mixin.py:188} INFO - [2024-05-18T05:36:51.124+0000] {dagbag.py:545} INFO - Filling up the DagBag from /home/ubuntu/airflow/airflow_env/lib/python3.12/site-packages/airflow/example_dags/example_task_group.py
[2024-05-18T05:36:51.135+0000] {processor.py:840} INFO - DAG(s) 'example_task_group' retrieved from /home/ubuntu/airflow/airflow_env/lib/python3.12/site-packages/airflow/example_dags/example_task_group.py
[2024-05-18T05:36:51.190+0000] {logging_mixin.py:188} INFO - [2024-05-18T05:36:51.190+0000] {dag.py:3096} INFO - Sync 1 DAGs
[2024-05-18T05:36:51.222+0000] {logging_mixin.py:188} INFO - [2024-05-18T05:36:51.222+0000] {dag.py:3954} INFO - Setting next_dagrun for example_task_group to 2024-05-17 00:00:00+00:00, run_after=2024-05-18 00:00:00+00:00
[2024-05-18T05:36:51.247+0000] {processor.py:183} INFO - Processing /home/ubuntu/airflow/airflow_env/lib/python3.12/site-packages/airflow/example_dags/example_task_group.py took 0.134 seconds
[2024-05-18T05:37:21.928+0000] {processor.py:161} INFO - Started process (PID=15594) to work on /home/ubuntu/airflow/airflow_env/lib/python3.12/site-packages/airflow/example_dags/example_task_group.py
[2024-05-18T05:37:21.930+0000] {processor.py:830} INFO - Processing file /home/ubuntu/airflow/airflow_env/lib/python3.12/site-packages/airflow/example_dags/example_task_group.py for tasks to queue
[2024-05-18T05:37:21.933+0000] {logging_mixin.py:188} INFO - [2024-05-18T05:37:21.932+0000] {dagbag.py:545} INFO - Filling up the DagBag from /home/ubuntu/airflow/airflow_env/lib/python3.12/site-packages/airflow/example_dags/example_task_group.py
[2024-05-18T05:37:21.943+0000] {processor.py:840} INFO - DAG(s) 'example_task_group' retrieved from /home/ubuntu/airflow/airflow_env/lib/python3.12/site-packages/airflow/example_dags/example_task_group.py
[2024-05-18T05:37:22.015+0000] {logging_mixin.py:188} INFO - [2024-05-18T05:37:22.015+0000] {dag.py:3096} INFO - Sync 1 DAGs
[2024-05-18T05:37:22.054+0000] {logging_mixin.py:188} INFO - [2024-05-18T05:37:22.054+0000] {dag.py:3954} INFO - Setting next_dagrun for example_task_group to 2024-05-17 00:00:00+00:00, run_after=2024-05-18 00:00:00+00:00
[2024-05-18T05:37:22.083+0000] {processor.py:183} INFO - Processing /home/ubuntu/airflow/airflow_env/lib/python3.12/site-packages/airflow/example_dags/example_task_group.py took 0.164 seconds
[2024-05-18T05:37:52.435+0000] {processor.py:161} INFO - Started process (PID=15646) to work on /home/ubuntu/airflow/airflow_env/lib/python3.12/site-packages/airflow/example_dags/example_task_group.py
[2024-05-18T05:37:52.436+0000] {processor.py:830} INFO - Processing file /home/ubuntu/airflow/airflow_env/lib/python3.12/site-packages/airflow/example_dags/example_task_group.py for tasks to queue
[2024-05-18T05:37:52.437+0000] {logging_mixin.py:188} INFO - [2024-05-18T05:37:52.437+0000] {dagbag.py:545} INFO - Filling up the DagBag from /home/ubuntu/airflow/airflow_env/lib/python3.12/site-packages/airflow/example_dags/example_task_group.py
[2024-05-18T05:37:52.450+0000] {processor.py:840} INFO - DAG(s) 'example_task_group' retrieved from /home/ubuntu/airflow/airflow_env/lib/python3.12/site-packages/airflow/example_dags/example_task_group.py
[2024-05-18T05:37:52.508+0000] {logging_mixin.py:188} INFO - [2024-05-18T05:37:52.507+0000] {dag.py:3096} INFO - Sync 1 DAGs
[2024-05-18T05:37:52.545+0000] {logging_mixin.py:188} INFO - [2024-05-18T05:37:52.544+0000] {dag.py:3954} INFO - Setting next_dagrun for example_task_group to 2024-05-17 00:00:00+00:00, run_after=2024-05-18 00:00:00+00:00
[2024-05-18T05:37:52.575+0000] {processor.py:183} INFO - Processing /home/ubuntu/airflow/airflow_env/lib/python3.12/site-packages/airflow/example_dags/example_task_group.py took 0.146 seconds
[2024-05-18T05:38:22.627+0000] {processor.py:161} INFO - Started process (PID=15697) to work on /home/ubuntu/airflow/airflow_env/lib/python3.12/site-packages/airflow/example_dags/example_task_group.py
[2024-05-18T05:38:22.628+0000] {processor.py:830} INFO - Processing file /home/ubuntu/airflow/airflow_env/lib/python3.12/site-packages/airflow/example_dags/example_task_group.py for tasks to queue
[2024-05-18T05:38:22.632+0000] {logging_mixin.py:188} INFO - [2024-05-18T05:38:22.631+0000] {dagbag.py:545} INFO - Filling up the DagBag from /home/ubuntu/airflow/airflow_env/lib/python3.12/site-packages/airflow/example_dags/example_task_group.py
[2024-05-18T05:38:22.642+0000] {processor.py:840} INFO - DAG(s) 'example_task_group' retrieved from /home/ubuntu/airflow/airflow_env/lib/python3.12/site-packages/airflow/example_dags/example_task_group.py
[2024-05-18T05:38:22.708+0000] {logging_mixin.py:188} INFO - [2024-05-18T05:38:22.707+0000] {dag.py:3096} INFO - Sync 1 DAGs
[2024-05-18T05:38:22.743+0000] {logging_mixin.py:188} INFO - [2024-05-18T05:38:22.743+0000] {dag.py:3954} INFO - Setting next_dagrun for example_task_group to 2024-05-17 00:00:00+00:00, run_after=2024-05-18 00:00:00+00:00
[2024-05-18T05:38:22.773+0000] {processor.py:183} INFO - Processing /home/ubuntu/airflow/airflow_env/lib/python3.12/site-packages/airflow/example_dags/example_task_group.py took 0.154 seconds
[2024-05-18T05:38:52.936+0000] {processor.py:161} INFO - Started process (PID=15748) to work on /home/ubuntu/airflow/airflow_env/lib/python3.12/site-packages/airflow/example_dags/example_task_group.py
[2024-05-18T05:38:52.937+0000] {processor.py:830} INFO - Processing file /home/ubuntu/airflow/airflow_env/lib/python3.12/site-packages/airflow/example_dags/example_task_group.py for tasks to queue
[2024-05-18T05:38:52.941+0000] {logging_mixin.py:188} INFO - [2024-05-18T05:38:52.940+0000] {dagbag.py:545} INFO - Filling up the DagBag from /home/ubuntu/airflow/airflow_env/lib/python3.12/site-packages/airflow/example_dags/example_task_group.py
[2024-05-18T05:38:52.950+0000] {processor.py:840} INFO - DAG(s) 'example_task_group' retrieved from /home/ubuntu/airflow/airflow_env/lib/python3.12/site-packages/airflow/example_dags/example_task_group.py
[2024-05-18T05:38:53.000+0000] {logging_mixin.py:188} INFO - [2024-05-18T05:38:53.000+0000] {dag.py:3096} INFO - Sync 1 DAGs
[2024-05-18T05:38:53.032+0000] {logging_mixin.py:188} INFO - [2024-05-18T05:38:53.032+0000] {dag.py:3954} INFO - Setting next_dagrun for example_task_group to 2024-05-17 00:00:00+00:00, run_after=2024-05-18 00:00:00+00:00
[2024-05-18T05:38:53.072+0000] {processor.py:183} INFO - Processing /home/ubuntu/airflow/airflow_env/lib/python3.12/site-packages/airflow/example_dags/example_task_group.py took 0.143 seconds
[2024-05-18T05:39:23.824+0000] {processor.py:161} INFO - Started process (PID=15800) to work on /home/ubuntu/airflow/airflow_env/lib/python3.12/site-packages/airflow/example_dags/example_task_group.py
[2024-05-18T05:39:23.826+0000] {processor.py:830} INFO - Processing file /home/ubuntu/airflow/airflow_env/lib/python3.12/site-packages/airflow/example_dags/example_task_group.py for tasks to queue
[2024-05-18T05:39:23.829+0000] {logging_mixin.py:188} INFO - [2024-05-18T05:39:23.829+0000] {dagbag.py:545} INFO - Filling up the DagBag from /home/ubuntu/airflow/airflow_env/lib/python3.12/site-packages/airflow/example_dags/example_task_group.py
[2024-05-18T05:39:23.845+0000] {processor.py:840} INFO - DAG(s) 'example_task_group' retrieved from /home/ubuntu/airflow/airflow_env/lib/python3.12/site-packages/airflow/example_dags/example_task_group.py
[2024-05-18T05:39:23.924+0000] {logging_mixin.py:188} INFO - [2024-05-18T05:39:23.923+0000] {dag.py:3096} INFO - Sync 1 DAGs
[2024-05-18T05:39:23.959+0000] {logging_mixin.py:188} INFO - [2024-05-18T05:39:23.959+0000] {dag.py:3954} INFO - Setting next_dagrun for example_task_group to 2024-05-17 00:00:00+00:00, run_after=2024-05-18 00:00:00+00:00
[2024-05-18T05:39:24.007+0000] {processor.py:183} INFO - Processing /home/ubuntu/airflow/airflow_env/lib/python3.12/site-packages/airflow/example_dags/example_task_group.py took 0.195 seconds
[2024-05-18T05:39:54.126+0000] {processor.py:161} INFO - Started process (PID=15851) to work on /home/ubuntu/airflow/airflow_env/lib/python3.12/site-packages/airflow/example_dags/example_task_group.py
[2024-05-18T05:39:54.127+0000] {processor.py:830} INFO - Processing file /home/ubuntu/airflow/airflow_env/lib/python3.12/site-packages/airflow/example_dags/example_task_group.py for tasks to queue
[2024-05-18T05:39:54.131+0000] {logging_mixin.py:188} INFO - [2024-05-18T05:39:54.131+0000] {dagbag.py:545} INFO - Filling up the DagBag from /home/ubuntu/airflow/airflow_env/lib/python3.12/site-packages/airflow/example_dags/example_task_group.py
[2024-05-18T05:39:54.141+0000] {processor.py:840} INFO - DAG(s) 'example_task_group' retrieved from /home/ubuntu/airflow/airflow_env/lib/python3.12/site-packages/airflow/example_dags/example_task_group.py
[2024-05-18T05:39:54.202+0000] {logging_mixin.py:188} INFO - [2024-05-18T05:39:54.202+0000] {dag.py:3096} INFO - Sync 1 DAGs
[2024-05-18T05:39:54.241+0000] {logging_mixin.py:188} INFO - [2024-05-18T05:39:54.241+0000] {dag.py:3954} INFO - Setting next_dagrun for example_task_group to 2024-05-17 00:00:00+00:00, run_after=2024-05-18 00:00:00+00:00
[2024-05-18T05:39:54.269+0000] {processor.py:183} INFO - Processing /home/ubuntu/airflow/airflow_env/lib/python3.12/site-packages/airflow/example_dags/example_task_group.py took 0.151 seconds
[2024-05-18T05:40:24.305+0000] {processor.py:161} INFO - Started process (PID=16184) to work on /home/ubuntu/airflow/airflow_env/lib/python3.12/site-packages/airflow/example_dags/example_task_group.py
[2024-05-18T05:40:24.307+0000] {processor.py:830} INFO - Processing file /home/ubuntu/airflow/airflow_env/lib/python3.12/site-packages/airflow/example_dags/example_task_group.py for tasks to queue
[2024-05-18T05:40:24.310+0000] {logging_mixin.py:188} INFO - [2024-05-18T05:40:24.308+0000] {dagbag.py:545} INFO - Filling up the DagBag from /home/ubuntu/airflow/airflow_env/lib/python3.12/site-packages/airflow/example_dags/example_task_group.py
[2024-05-18T05:40:24.318+0000] {processor.py:840} INFO - DAG(s) 'example_task_group' retrieved from /home/ubuntu/airflow/airflow_env/lib/python3.12/site-packages/airflow/example_dags/example_task_group.py
[2024-05-18T05:40:24.383+0000] {logging_mixin.py:188} INFO - [2024-05-18T05:40:24.383+0000] {dag.py:3096} INFO - Sync 1 DAGs
[2024-05-18T05:40:24.417+0000] {logging_mixin.py:188} INFO - [2024-05-18T05:40:24.417+0000] {dag.py:3954} INFO - Setting next_dagrun for example_task_group to 2024-05-17 00:00:00+00:00, run_after=2024-05-18 00:00:00+00:00
[2024-05-18T05:40:24.444+0000] {processor.py:183} INFO - Processing /home/ubuntu/airflow/airflow_env/lib/python3.12/site-packages/airflow/example_dags/example_task_group.py took 0.147 seconds
[2024-05-18T05:40:54.922+0000] {processor.py:161} INFO - Started process (PID=16239) to work on /home/ubuntu/airflow/airflow_env/lib/python3.12/site-packages/airflow/example_dags/example_task_group.py
[2024-05-18T05:40:54.924+0000] {processor.py:830} INFO - Processing file /home/ubuntu/airflow/airflow_env/lib/python3.12/site-packages/airflow/example_dags/example_task_group.py for tasks to queue
[2024-05-18T05:40:54.926+0000] {logging_mixin.py:188} INFO - [2024-05-18T05:40:54.926+0000] {dagbag.py:545} INFO - Filling up the DagBag from /home/ubuntu/airflow/airflow_env/lib/python3.12/site-packages/airflow/example_dags/example_task_group.py
[2024-05-18T05:40:54.934+0000] {processor.py:840} INFO - DAG(s) 'example_task_group' retrieved from /home/ubuntu/airflow/airflow_env/lib/python3.12/site-packages/airflow/example_dags/example_task_group.py
[2024-05-18T05:40:55.007+0000] {logging_mixin.py:188} INFO - [2024-05-18T05:40:55.006+0000] {dag.py:3096} INFO - Sync 1 DAGs
[2024-05-18T05:40:55.058+0000] {logging_mixin.py:188} INFO - [2024-05-18T05:40:55.057+0000] {dag.py:3954} INFO - Setting next_dagrun for example_task_group to 2024-05-17 00:00:00+00:00, run_after=2024-05-18 00:00:00+00:00
[2024-05-18T05:40:55.106+0000] {processor.py:183} INFO - Processing /home/ubuntu/airflow/airflow_env/lib/python3.12/site-packages/airflow/example_dags/example_task_group.py took 0.191 seconds
[2024-05-18T05:41:25.461+0000] {processor.py:161} INFO - Started process (PID=16290) to work on /home/ubuntu/airflow/airflow_env/lib/python3.12/site-packages/airflow/example_dags/example_task_group.py
[2024-05-18T05:41:25.463+0000] {processor.py:830} INFO - Processing file /home/ubuntu/airflow/airflow_env/lib/python3.12/site-packages/airflow/example_dags/example_task_group.py for tasks to queue
[2024-05-18T05:41:25.473+0000] {logging_mixin.py:188} INFO - [2024-05-18T05:41:25.472+0000] {dagbag.py:545} INFO - Filling up the DagBag from /home/ubuntu/airflow/airflow_env/lib/python3.12/site-packages/airflow/example_dags/example_task_group.py
[2024-05-18T05:41:25.484+0000] {processor.py:840} INFO - DAG(s) 'example_task_group' retrieved from /home/ubuntu/airflow/airflow_env/lib/python3.12/site-packages/airflow/example_dags/example_task_group.py
[2024-05-18T05:41:25.537+0000] {logging_mixin.py:188} INFO - [2024-05-18T05:41:25.537+0000] {dag.py:3096} INFO - Sync 1 DAGs
[2024-05-18T05:41:25.566+0000] {logging_mixin.py:188} INFO - [2024-05-18T05:41:25.566+0000] {dag.py:3954} INFO - Setting next_dagrun for example_task_group to 2024-05-17 00:00:00+00:00, run_after=2024-05-18 00:00:00+00:00
[2024-05-18T05:41:25.596+0000] {processor.py:183} INFO - Processing /home/ubuntu/airflow/airflow_env/lib/python3.12/site-packages/airflow/example_dags/example_task_group.py took 0.145 seconds
[2024-05-18T05:41:56.183+0000] {processor.py:161} INFO - Started process (PID=16343) to work on /home/ubuntu/airflow/airflow_env/lib/python3.12/site-packages/airflow/example_dags/example_task_group.py
[2024-05-18T05:41:56.185+0000] {processor.py:830} INFO - Processing file /home/ubuntu/airflow/airflow_env/lib/python3.12/site-packages/airflow/example_dags/example_task_group.py for tasks to queue
[2024-05-18T05:41:56.189+0000] {logging_mixin.py:188} INFO - [2024-05-18T05:41:56.188+0000] {dagbag.py:545} INFO - Filling up the DagBag from /home/ubuntu/airflow/airflow_env/lib/python3.12/site-packages/airflow/example_dags/example_task_group.py
[2024-05-18T05:41:56.208+0000] {processor.py:840} INFO - DAG(s) 'example_task_group' retrieved from /home/ubuntu/airflow/airflow_env/lib/python3.12/site-packages/airflow/example_dags/example_task_group.py
[2024-05-18T05:41:56.256+0000] {logging_mixin.py:188} INFO - [2024-05-18T05:41:56.255+0000] {dag.py:3096} INFO - Sync 1 DAGs
[2024-05-18T05:41:56.287+0000] {logging_mixin.py:188} INFO - [2024-05-18T05:41:56.286+0000] {dag.py:3954} INFO - Setting next_dagrun for example_task_group to 2024-05-17 00:00:00+00:00, run_after=2024-05-18 00:00:00+00:00
[2024-05-18T05:41:56.308+0000] {processor.py:183} INFO - Processing /home/ubuntu/airflow/airflow_env/lib/python3.12/site-packages/airflow/example_dags/example_task_group.py took 0.144 seconds
[2024-05-18T05:42:27.204+0000] {processor.py:161} INFO - Started process (PID=16394) to work on /home/ubuntu/airflow/airflow_env/lib/python3.12/site-packages/airflow/example_dags/example_task_group.py
[2024-05-18T05:42:27.206+0000] {processor.py:830} INFO - Processing file /home/ubuntu/airflow/airflow_env/lib/python3.12/site-packages/airflow/example_dags/example_task_group.py for tasks to queue
[2024-05-18T05:42:27.209+0000] {logging_mixin.py:188} INFO - [2024-05-18T05:42:27.208+0000] {dagbag.py:545} INFO - Filling up the DagBag from /home/ubuntu/airflow/airflow_env/lib/python3.12/site-packages/airflow/example_dags/example_task_group.py
[2024-05-18T05:42:27.220+0000] {processor.py:840} INFO - DAG(s) 'example_task_group' retrieved from /home/ubuntu/airflow/airflow_env/lib/python3.12/site-packages/airflow/example_dags/example_task_group.py
[2024-05-18T05:42:27.338+0000] {logging_mixin.py:188} INFO - [2024-05-18T05:42:27.337+0000] {dag.py:3096} INFO - Sync 1 DAGs
[2024-05-18T05:42:27.375+0000] {logging_mixin.py:188} INFO - [2024-05-18T05:42:27.375+0000] {dag.py:3954} INFO - Setting next_dagrun for example_task_group to 2024-05-17 00:00:00+00:00, run_after=2024-05-18 00:00:00+00:00
[2024-05-18T05:42:27.403+0000] {processor.py:183} INFO - Processing /home/ubuntu/airflow/airflow_env/lib/python3.12/site-packages/airflow/example_dags/example_task_group.py took 0.209 seconds
[2024-05-18T05:42:57.654+0000] {processor.py:161} INFO - Started process (PID=16446) to work on /home/ubuntu/airflow/airflow_env/lib/python3.12/site-packages/airflow/example_dags/example_task_group.py
[2024-05-18T05:42:57.654+0000] {processor.py:830} INFO - Processing file /home/ubuntu/airflow/airflow_env/lib/python3.12/site-packages/airflow/example_dags/example_task_group.py for tasks to queue
[2024-05-18T05:42:57.657+0000] {logging_mixin.py:188} INFO - [2024-05-18T05:42:57.657+0000] {dagbag.py:545} INFO - Filling up the DagBag from /home/ubuntu/airflow/airflow_env/lib/python3.12/site-packages/airflow/example_dags/example_task_group.py
[2024-05-18T05:42:57.665+0000] {processor.py:840} INFO - DAG(s) 'example_task_group' retrieved from /home/ubuntu/airflow/airflow_env/lib/python3.12/site-packages/airflow/example_dags/example_task_group.py
[2024-05-18T05:42:57.718+0000] {logging_mixin.py:188} INFO - [2024-05-18T05:42:57.718+0000] {dag.py:3096} INFO - Sync 1 DAGs
[2024-05-18T05:42:57.748+0000] {logging_mixin.py:188} INFO - [2024-05-18T05:42:57.748+0000] {dag.py:3954} INFO - Setting next_dagrun for example_task_group to 2024-05-17 00:00:00+00:00, run_after=2024-05-18 00:00:00+00:00
[2024-05-18T05:42:57.774+0000] {processor.py:183} INFO - Processing /home/ubuntu/airflow/airflow_env/lib/python3.12/site-packages/airflow/example_dags/example_task_group.py took 0.127 seconds
[2024-05-18T05:43:28.858+0000] {processor.py:161} INFO - Started process (PID=16530) to work on /home/ubuntu/airflow/airflow_env/lib/python3.12/site-packages/airflow/example_dags/example_task_group.py
[2024-05-18T05:43:28.860+0000] {processor.py:830} INFO - Processing file /home/ubuntu/airflow/airflow_env/lib/python3.12/site-packages/airflow/example_dags/example_task_group.py for tasks to queue
[2024-05-18T05:43:28.867+0000] {logging_mixin.py:188} INFO - [2024-05-18T05:43:28.867+0000] {dagbag.py:545} INFO - Filling up the DagBag from /home/ubuntu/airflow/airflow_env/lib/python3.12/site-packages/airflow/example_dags/example_task_group.py
[2024-05-18T05:43:28.879+0000] {processor.py:840} INFO - DAG(s) 'example_task_group' retrieved from /home/ubuntu/airflow/airflow_env/lib/python3.12/site-packages/airflow/example_dags/example_task_group.py
[2024-05-18T05:43:28.939+0000] {logging_mixin.py:188} INFO - [2024-05-18T05:43:28.939+0000] {dag.py:3096} INFO - Sync 1 DAGs
[2024-05-18T05:43:28.982+0000] {logging_mixin.py:188} INFO - [2024-05-18T05:43:28.981+0000] {dag.py:3954} INFO - Setting next_dagrun for example_task_group to 2024-05-17 00:00:00+00:00, run_after=2024-05-18 00:00:00+00:00
[2024-05-18T05:43:29.221+0000] {processor.py:183} INFO - Processing /home/ubuntu/airflow/airflow_env/lib/python3.12/site-packages/airflow/example_dags/example_task_group.py took 0.379 seconds
[2024-05-18T05:43:59.313+0000] {processor.py:161} INFO - Started process (PID=16582) to work on /home/ubuntu/airflow/airflow_env/lib/python3.12/site-packages/airflow/example_dags/example_task_group.py
[2024-05-18T05:43:59.314+0000] {processor.py:830} INFO - Processing file /home/ubuntu/airflow/airflow_env/lib/python3.12/site-packages/airflow/example_dags/example_task_group.py for tasks to queue
[2024-05-18T05:43:59.316+0000] {logging_mixin.py:188} INFO - [2024-05-18T05:43:59.316+0000] {dagbag.py:545} INFO - Filling up the DagBag from /home/ubuntu/airflow/airflow_env/lib/python3.12/site-packages/airflow/example_dags/example_task_group.py
[2024-05-18T05:43:59.322+0000] {processor.py:840} INFO - DAG(s) 'example_task_group' retrieved from /home/ubuntu/airflow/airflow_env/lib/python3.12/site-packages/airflow/example_dags/example_task_group.py
[2024-05-18T05:43:59.363+0000] {logging_mixin.py:188} INFO - [2024-05-18T05:43:59.363+0000] {dag.py:3096} INFO - Sync 1 DAGs
[2024-05-18T05:43:59.386+0000] {logging_mixin.py:188} INFO - [2024-05-18T05:43:59.386+0000] {dag.py:3954} INFO - Setting next_dagrun for example_task_group to 2024-05-17 00:00:00+00:00, run_after=2024-05-18 00:00:00+00:00
[2024-05-18T05:43:59.408+0000] {processor.py:183} INFO - Processing /home/ubuntu/airflow/airflow_env/lib/python3.12/site-packages/airflow/example_dags/example_task_group.py took 0.102 seconds
