[2024-05-18T04:44:02.794+0000] {processor.py:161} INFO - Started process (PID=12255) to work on /home/ubuntu/chch-fuel-recommendator/airflow/af_env/lib/python3.12/site-packages/airflow/example_dags/example_xcom.py
[2024-05-18T04:44:02.795+0000] {processor.py:830} INFO - Processing file /home/ubuntu/chch-fuel-recommendator/airflow/af_env/lib/python3.12/site-packages/airflow/example_dags/example_xcom.py for tasks to queue
[2024-05-18T04:44:02.798+0000] {logging_mixin.py:188} INFO - [2024-05-18T04:44:02.797+0000] {dagbag.py:545} INFO - Filling up the DagBag from /home/ubuntu/chch-fuel-recommendator/airflow/af_env/lib/python3.12/site-packages/airflow/example_dags/example_xcom.py
[2024-05-18T04:44:02.816+0000] {processor.py:840} INFO - DAG(s) 'example_xcom' retrieved from /home/ubuntu/chch-fuel-recommendator/airflow/af_env/lib/python3.12/site-packages/airflow/example_dags/example_xcom.py
[2024-05-18T04:44:03.041+0000] {logging_mixin.py:188} INFO - [2024-05-18T04:44:03.040+0000] {override.py:1829} INFO - Created Permission View: can edit on DAG:example_xcom
[2024-05-18T04:44:03.059+0000] {logging_mixin.py:188} INFO - [2024-05-18T04:44:03.058+0000] {override.py:1829} INFO - Created Permission View: can read on DAG:example_xcom
[2024-05-18T04:44:03.071+0000] {logging_mixin.py:188} INFO - [2024-05-18T04:44:03.070+0000] {override.py:1829} INFO - Created Permission View: can delete on DAG:example_xcom
[2024-05-18T04:44:03.071+0000] {logging_mixin.py:188} INFO - [2024-05-18T04:44:03.071+0000] {dag.py:3096} INFO - Sync 1 DAGs
[2024-05-18T04:44:03.089+0000] {logging_mixin.py:188} INFO - [2024-05-18T04:44:03.087+0000] {dag.py:3118} INFO - Creating ORM DAG for example_xcom
[2024-05-18T04:44:03.103+0000] {logging_mixin.py:188} INFO - [2024-05-18T04:44:03.103+0000] {dag.py:3954} INFO - Setting next_dagrun for example_xcom to 2021-01-01 00:00:00+00:00, run_after=2021-01-01 00:00:00+00:00
[2024-05-18T04:44:03.152+0000] {processor.py:183} INFO - Processing /home/ubuntu/chch-fuel-recommendator/airflow/af_env/lib/python3.12/site-packages/airflow/example_dags/example_xcom.py took 0.365 seconds
[2024-05-18T04:45:04.451+0000] {processor.py:161} INFO - Started process (PID=12309) to work on /home/ubuntu/chch-fuel-recommendator/airflow/af_env/lib/python3.12/site-packages/airflow/example_dags/example_xcom.py
[2024-05-18T04:45:04.453+0000] {processor.py:830} INFO - Processing file /home/ubuntu/chch-fuel-recommendator/airflow/af_env/lib/python3.12/site-packages/airflow/example_dags/example_xcom.py for tasks to queue
[2024-05-18T04:45:04.458+0000] {logging_mixin.py:188} INFO - [2024-05-18T04:45:04.457+0000] {dagbag.py:545} INFO - Filling up the DagBag from /home/ubuntu/chch-fuel-recommendator/airflow/af_env/lib/python3.12/site-packages/airflow/example_dags/example_xcom.py
[2024-05-18T04:45:04.485+0000] {processor.py:840} INFO - DAG(s) 'example_xcom' retrieved from /home/ubuntu/chch-fuel-recommendator/airflow/af_env/lib/python3.12/site-packages/airflow/example_dags/example_xcom.py
[2024-05-18T04:45:04.543+0000] {logging_mixin.py:188} INFO - [2024-05-18T04:45:04.541+0000] {dag.py:3096} INFO - Sync 1 DAGs
[2024-05-18T04:45:04.587+0000] {logging_mixin.py:188} INFO - [2024-05-18T04:45:04.584+0000] {dag.py:3954} INFO - Setting next_dagrun for example_xcom to 2021-01-01 00:00:00+00:00, run_after=2021-01-01 00:00:00+00:00
[2024-05-18T04:45:04.650+0000] {processor.py:183} INFO - Processing /home/ubuntu/chch-fuel-recommendator/airflow/af_env/lib/python3.12/site-packages/airflow/example_dags/example_xcom.py took 0.211 seconds
[2024-05-18T04:46:01.711+0000] {processor.py:161} INFO - Started process (PID=12365) to work on /home/ubuntu/chch-fuel-recommendator/airflow/af_env/lib/python3.12/site-packages/airflow/example_dags/example_xcom.py
[2024-05-18T04:46:01.713+0000] {processor.py:830} INFO - Processing file /home/ubuntu/chch-fuel-recommendator/airflow/af_env/lib/python3.12/site-packages/airflow/example_dags/example_xcom.py for tasks to queue
[2024-05-18T04:46:01.717+0000] {logging_mixin.py:188} INFO - [2024-05-18T04:46:01.716+0000] {dagbag.py:545} INFO - Filling up the DagBag from /home/ubuntu/chch-fuel-recommendator/airflow/af_env/lib/python3.12/site-packages/airflow/example_dags/example_xcom.py
[2024-05-18T04:46:01.736+0000] {processor.py:840} INFO - DAG(s) 'example_xcom' retrieved from /home/ubuntu/chch-fuel-recommendator/airflow/af_env/lib/python3.12/site-packages/airflow/example_dags/example_xcom.py
[2024-05-18T04:46:01.775+0000] {logging_mixin.py:188} INFO - [2024-05-18T04:46:01.774+0000] {dag.py:3096} INFO - Sync 1 DAGs
[2024-05-18T04:46:01.825+0000] {logging_mixin.py:188} INFO - [2024-05-18T04:46:01.824+0000] {dag.py:3954} INFO - Setting next_dagrun for example_xcom to 2021-01-01 00:00:00+00:00, run_after=2021-01-01 00:00:00+00:00
[2024-05-18T04:46:01.867+0000] {processor.py:183} INFO - Processing /home/ubuntu/chch-fuel-recommendator/airflow/af_env/lib/python3.12/site-packages/airflow/example_dags/example_xcom.py took 0.169 seconds
[2024-05-18T04:46:53.572+0000] {processor.py:161} INFO - Started process (PID=12416) to work on /home/ubuntu/chch-fuel-recommendator/airflow/af_env/lib/python3.12/site-packages/airflow/example_dags/example_xcom.py
[2024-05-18T04:46:53.573+0000] {processor.py:830} INFO - Processing file /home/ubuntu/chch-fuel-recommendator/airflow/af_env/lib/python3.12/site-packages/airflow/example_dags/example_xcom.py for tasks to queue
[2024-05-18T04:46:53.575+0000] {logging_mixin.py:188} INFO - [2024-05-18T04:46:53.575+0000] {dagbag.py:545} INFO - Filling up the DagBag from /home/ubuntu/chch-fuel-recommendator/airflow/af_env/lib/python3.12/site-packages/airflow/example_dags/example_xcom.py
[2024-05-18T04:46:53.585+0000] {processor.py:840} INFO - DAG(s) 'example_xcom' retrieved from /home/ubuntu/chch-fuel-recommendator/airflow/af_env/lib/python3.12/site-packages/airflow/example_dags/example_xcom.py
[2024-05-18T04:46:53.607+0000] {logging_mixin.py:188} INFO - [2024-05-18T04:46:53.607+0000] {dag.py:3096} INFO - Sync 1 DAGs
[2024-05-18T04:46:53.652+0000] {logging_mixin.py:188} INFO - [2024-05-18T04:46:53.651+0000] {dag.py:3954} INFO - Setting next_dagrun for example_xcom to 2021-01-01 00:00:00+00:00, run_after=2021-01-01 00:00:00+00:00
[2024-05-18T04:46:53.703+0000] {processor.py:183} INFO - Processing /home/ubuntu/chch-fuel-recommendator/airflow/af_env/lib/python3.12/site-packages/airflow/example_dags/example_xcom.py took 0.139 seconds
[2024-05-18T04:47:36.661+0000] {processor.py:161} INFO - Started process (PID=12459) to work on /home/ubuntu/chch-fuel-recommendator/airflow/af_env/lib/python3.12/site-packages/airflow/example_dags/example_xcom.py
[2024-05-18T04:47:36.663+0000] {processor.py:830} INFO - Processing file /home/ubuntu/chch-fuel-recommendator/airflow/af_env/lib/python3.12/site-packages/airflow/example_dags/example_xcom.py for tasks to queue
[2024-05-18T04:47:36.665+0000] {logging_mixin.py:188} INFO - [2024-05-18T04:47:36.664+0000] {dagbag.py:545} INFO - Filling up the DagBag from /home/ubuntu/chch-fuel-recommendator/airflow/af_env/lib/python3.12/site-packages/airflow/example_dags/example_xcom.py
[2024-05-18T04:47:36.675+0000] {processor.py:840} INFO - DAG(s) 'example_xcom' retrieved from /home/ubuntu/chch-fuel-recommendator/airflow/af_env/lib/python3.12/site-packages/airflow/example_dags/example_xcom.py
[2024-05-18T04:47:36.695+0000] {logging_mixin.py:188} INFO - [2024-05-18T04:47:36.695+0000] {dag.py:3096} INFO - Sync 1 DAGs
[2024-05-18T04:47:36.717+0000] {logging_mixin.py:188} INFO - [2024-05-18T04:47:36.717+0000] {dag.py:3954} INFO - Setting next_dagrun for example_xcom to 2021-01-01 00:00:00+00:00, run_after=2021-01-01 00:00:00+00:00
[2024-05-18T04:47:36.743+0000] {processor.py:183} INFO - Processing /home/ubuntu/chch-fuel-recommendator/airflow/af_env/lib/python3.12/site-packages/airflow/example_dags/example_xcom.py took 0.088 seconds
[2024-05-18T04:48:21.643+0000] {processor.py:161} INFO - Started process (PID=12503) to work on /home/ubuntu/chch-fuel-recommendator/airflow/af_env/lib/python3.12/site-packages/airflow/example_dags/example_xcom.py
[2024-05-18T04:48:21.644+0000] {processor.py:830} INFO - Processing file /home/ubuntu/chch-fuel-recommendator/airflow/af_env/lib/python3.12/site-packages/airflow/example_dags/example_xcom.py for tasks to queue
[2024-05-18T04:48:21.646+0000] {logging_mixin.py:188} INFO - [2024-05-18T04:48:21.646+0000] {dagbag.py:545} INFO - Filling up the DagBag from /home/ubuntu/chch-fuel-recommendator/airflow/af_env/lib/python3.12/site-packages/airflow/example_dags/example_xcom.py
[2024-05-18T04:48:21.658+0000] {processor.py:840} INFO - DAG(s) 'example_xcom' retrieved from /home/ubuntu/chch-fuel-recommendator/airflow/af_env/lib/python3.12/site-packages/airflow/example_dags/example_xcom.py
[2024-05-18T04:48:21.678+0000] {logging_mixin.py:188} INFO - [2024-05-18T04:48:21.678+0000] {dag.py:3096} INFO - Sync 1 DAGs
[2024-05-18T04:48:21.701+0000] {logging_mixin.py:188} INFO - [2024-05-18T04:48:21.700+0000] {dag.py:3954} INFO - Setting next_dagrun for example_xcom to 2021-01-01 00:00:00+00:00, run_after=2021-01-01 00:00:00+00:00
[2024-05-18T04:48:21.724+0000] {processor.py:183} INFO - Processing /home/ubuntu/chch-fuel-recommendator/airflow/af_env/lib/python3.12/site-packages/airflow/example_dags/example_xcom.py took 0.092 seconds
[2024-05-18T04:49:03.977+0000] {processor.py:161} INFO - Started process (PID=12546) to work on /home/ubuntu/chch-fuel-recommendator/airflow/af_env/lib/python3.12/site-packages/airflow/example_dags/example_xcom.py
[2024-05-18T04:49:03.979+0000] {processor.py:830} INFO - Processing file /home/ubuntu/chch-fuel-recommendator/airflow/af_env/lib/python3.12/site-packages/airflow/example_dags/example_xcom.py for tasks to queue
[2024-05-18T04:49:03.983+0000] {logging_mixin.py:188} INFO - [2024-05-18T04:49:03.982+0000] {dagbag.py:545} INFO - Filling up the DagBag from /home/ubuntu/chch-fuel-recommendator/airflow/af_env/lib/python3.12/site-packages/airflow/example_dags/example_xcom.py
[2024-05-18T04:49:04.003+0000] {processor.py:840} INFO - DAG(s) 'example_xcom' retrieved from /home/ubuntu/chch-fuel-recommendator/airflow/af_env/lib/python3.12/site-packages/airflow/example_dags/example_xcom.py
[2024-05-18T04:49:04.039+0000] {logging_mixin.py:188} INFO - [2024-05-18T04:49:04.039+0000] {dag.py:3096} INFO - Sync 1 DAGs
[2024-05-18T04:49:04.089+0000] {logging_mixin.py:188} INFO - [2024-05-18T04:49:04.087+0000] {dag.py:3954} INFO - Setting next_dagrun for example_xcom to 2021-01-01 00:00:00+00:00, run_after=2021-01-01 00:00:00+00:00
[2024-05-18T04:49:04.147+0000] {processor.py:183} INFO - Processing /home/ubuntu/chch-fuel-recommendator/airflow/af_env/lib/python3.12/site-packages/airflow/example_dags/example_xcom.py took 0.190 seconds
[2024-05-18T04:49:47.960+0000] {processor.py:161} INFO - Started process (PID=12588) to work on /home/ubuntu/chch-fuel-recommendator/airflow/af_env/lib/python3.12/site-packages/airflow/example_dags/example_xcom.py
[2024-05-18T04:49:47.961+0000] {processor.py:830} INFO - Processing file /home/ubuntu/chch-fuel-recommendator/airflow/af_env/lib/python3.12/site-packages/airflow/example_dags/example_xcom.py for tasks to queue
[2024-05-18T04:49:47.964+0000] {logging_mixin.py:188} INFO - [2024-05-18T04:49:47.963+0000] {dagbag.py:545} INFO - Filling up the DagBag from /home/ubuntu/chch-fuel-recommendator/airflow/af_env/lib/python3.12/site-packages/airflow/example_dags/example_xcom.py
[2024-05-18T04:49:47.974+0000] {processor.py:840} INFO - DAG(s) 'example_xcom' retrieved from /home/ubuntu/chch-fuel-recommendator/airflow/af_env/lib/python3.12/site-packages/airflow/example_dags/example_xcom.py
[2024-05-18T04:49:47.993+0000] {logging_mixin.py:188} INFO - [2024-05-18T04:49:47.993+0000] {dag.py:3096} INFO - Sync 1 DAGs
[2024-05-18T04:49:48.017+0000] {logging_mixin.py:188} INFO - [2024-05-18T04:49:48.016+0000] {dag.py:3954} INFO - Setting next_dagrun for example_xcom to 2021-01-01 00:00:00+00:00, run_after=2021-01-01 00:00:00+00:00
[2024-05-18T04:49:48.047+0000] {processor.py:183} INFO - Processing /home/ubuntu/chch-fuel-recommendator/airflow/af_env/lib/python3.12/site-packages/airflow/example_dags/example_xcom.py took 0.093 seconds
[2024-05-18T04:50:32.577+0000] {processor.py:161} INFO - Started process (PID=12636) to work on /home/ubuntu/chch-fuel-recommendator/airflow/af_env/lib/python3.12/site-packages/airflow/example_dags/example_xcom.py
[2024-05-18T04:50:32.582+0000] {processor.py:830} INFO - Processing file /home/ubuntu/chch-fuel-recommendator/airflow/af_env/lib/python3.12/site-packages/airflow/example_dags/example_xcom.py for tasks to queue
[2024-05-18T04:50:32.585+0000] {logging_mixin.py:188} INFO - [2024-05-18T04:50:32.584+0000] {dagbag.py:545} INFO - Filling up the DagBag from /home/ubuntu/chch-fuel-recommendator/airflow/af_env/lib/python3.12/site-packages/airflow/example_dags/example_xcom.py
[2024-05-18T04:50:32.603+0000] {processor.py:840} INFO - DAG(s) 'example_xcom' retrieved from /home/ubuntu/chch-fuel-recommendator/airflow/af_env/lib/python3.12/site-packages/airflow/example_dags/example_xcom.py
[2024-05-18T04:50:32.629+0000] {logging_mixin.py:188} INFO - [2024-05-18T04:50:32.629+0000] {dag.py:3096} INFO - Sync 1 DAGs
[2024-05-18T04:50:32.655+0000] {logging_mixin.py:188} INFO - [2024-05-18T04:50:32.655+0000] {dag.py:3954} INFO - Setting next_dagrun for example_xcom to 2021-01-01 00:00:00+00:00, run_after=2021-01-01 00:00:00+00:00
[2024-05-18T04:50:32.683+0000] {processor.py:183} INFO - Processing /home/ubuntu/chch-fuel-recommendator/airflow/af_env/lib/python3.12/site-packages/airflow/example_dags/example_xcom.py took 0.117 seconds
[2024-05-18T04:51:15.973+0000] {processor.py:161} INFO - Started process (PID=12681) to work on /home/ubuntu/chch-fuel-recommendator/airflow/af_env/lib/python3.12/site-packages/airflow/example_dags/example_xcom.py
[2024-05-18T04:51:15.975+0000] {processor.py:830} INFO - Processing file /home/ubuntu/chch-fuel-recommendator/airflow/af_env/lib/python3.12/site-packages/airflow/example_dags/example_xcom.py for tasks to queue
[2024-05-18T04:51:15.977+0000] {logging_mixin.py:188} INFO - [2024-05-18T04:51:15.977+0000] {dagbag.py:545} INFO - Filling up the DagBag from /home/ubuntu/chch-fuel-recommendator/airflow/af_env/lib/python3.12/site-packages/airflow/example_dags/example_xcom.py
[2024-05-18T04:51:15.985+0000] {processor.py:840} INFO - DAG(s) 'example_xcom' retrieved from /home/ubuntu/chch-fuel-recommendator/airflow/af_env/lib/python3.12/site-packages/airflow/example_dags/example_xcom.py
[2024-05-18T04:51:16.009+0000] {logging_mixin.py:188} INFO - [2024-05-18T04:51:16.009+0000] {dag.py:3096} INFO - Sync 1 DAGs
[2024-05-18T04:51:16.032+0000] {logging_mixin.py:188} INFO - [2024-05-18T04:51:16.032+0000] {dag.py:3954} INFO - Setting next_dagrun for example_xcom to 2021-01-01 00:00:00+00:00, run_after=2021-01-01 00:00:00+00:00
[2024-05-18T04:51:16.072+0000] {processor.py:183} INFO - Processing /home/ubuntu/chch-fuel-recommendator/airflow/af_env/lib/python3.12/site-packages/airflow/example_dags/example_xcom.py took 0.105 seconds
[2024-05-18T04:51:59.779+0000] {processor.py:161} INFO - Started process (PID=12724) to work on /home/ubuntu/chch-fuel-recommendator/airflow/af_env/lib/python3.12/site-packages/airflow/example_dags/example_xcom.py
[2024-05-18T04:51:59.781+0000] {processor.py:830} INFO - Processing file /home/ubuntu/chch-fuel-recommendator/airflow/af_env/lib/python3.12/site-packages/airflow/example_dags/example_xcom.py for tasks to queue
[2024-05-18T04:51:59.787+0000] {logging_mixin.py:188} INFO - [2024-05-18T04:51:59.786+0000] {dagbag.py:545} INFO - Filling up the DagBag from /home/ubuntu/chch-fuel-recommendator/airflow/af_env/lib/python3.12/site-packages/airflow/example_dags/example_xcom.py
[2024-05-18T04:51:59.797+0000] {processor.py:840} INFO - DAG(s) 'example_xcom' retrieved from /home/ubuntu/chch-fuel-recommendator/airflow/af_env/lib/python3.12/site-packages/airflow/example_dags/example_xcom.py
[2024-05-18T04:51:59.843+0000] {logging_mixin.py:188} INFO - [2024-05-18T04:51:59.842+0000] {dag.py:3096} INFO - Sync 1 DAGs
[2024-05-18T04:51:59.886+0000] {logging_mixin.py:188} INFO - [2024-05-18T04:51:59.886+0000] {dag.py:3954} INFO - Setting next_dagrun for example_xcom to 2021-01-01 00:00:00+00:00, run_after=2021-01-01 00:00:00+00:00
[2024-05-18T04:51:59.915+0000] {processor.py:183} INFO - Processing /home/ubuntu/chch-fuel-recommendator/airflow/af_env/lib/python3.12/site-packages/airflow/example_dags/example_xcom.py took 0.149 seconds
[2024-05-18T04:52:46.773+0000] {processor.py:161} INFO - Started process (PID=12769) to work on /home/ubuntu/chch-fuel-recommendator/airflow/af_env/lib/python3.12/site-packages/airflow/example_dags/example_xcom.py
[2024-05-18T04:52:46.775+0000] {processor.py:830} INFO - Processing file /home/ubuntu/chch-fuel-recommendator/airflow/af_env/lib/python3.12/site-packages/airflow/example_dags/example_xcom.py for tasks to queue
[2024-05-18T04:52:46.780+0000] {logging_mixin.py:188} INFO - [2024-05-18T04:52:46.779+0000] {dagbag.py:545} INFO - Filling up the DagBag from /home/ubuntu/chch-fuel-recommendator/airflow/af_env/lib/python3.12/site-packages/airflow/example_dags/example_xcom.py
[2024-05-18T04:52:46.791+0000] {processor.py:840} INFO - DAG(s) 'example_xcom' retrieved from /home/ubuntu/chch-fuel-recommendator/airflow/af_env/lib/python3.12/site-packages/airflow/example_dags/example_xcom.py
[2024-05-18T04:52:46.821+0000] {logging_mixin.py:188} INFO - [2024-05-18T04:52:46.821+0000] {dag.py:3096} INFO - Sync 1 DAGs
[2024-05-18T04:52:46.849+0000] {logging_mixin.py:188} INFO - [2024-05-18T04:52:46.849+0000] {dag.py:3954} INFO - Setting next_dagrun for example_xcom to 2021-01-01 00:00:00+00:00, run_after=2021-01-01 00:00:00+00:00
[2024-05-18T04:52:46.890+0000] {processor.py:183} INFO - Processing /home/ubuntu/chch-fuel-recommendator/airflow/af_env/lib/python3.12/site-packages/airflow/example_dags/example_xcom.py took 0.125 seconds
[2024-05-18T04:53:32.408+0000] {processor.py:161} INFO - Started process (PID=12815) to work on /home/ubuntu/chch-fuel-recommendator/airflow/af_env/lib/python3.12/site-packages/airflow/example_dags/example_xcom.py
[2024-05-18T04:53:32.409+0000] {processor.py:830} INFO - Processing file /home/ubuntu/chch-fuel-recommendator/airflow/af_env/lib/python3.12/site-packages/airflow/example_dags/example_xcom.py for tasks to queue
[2024-05-18T04:53:32.411+0000] {logging_mixin.py:188} INFO - [2024-05-18T04:53:32.411+0000] {dagbag.py:545} INFO - Filling up the DagBag from /home/ubuntu/chch-fuel-recommendator/airflow/af_env/lib/python3.12/site-packages/airflow/example_dags/example_xcom.py
[2024-05-18T04:53:32.420+0000] {processor.py:840} INFO - DAG(s) 'example_xcom' retrieved from /home/ubuntu/chch-fuel-recommendator/airflow/af_env/lib/python3.12/site-packages/airflow/example_dags/example_xcom.py
[2024-05-18T04:53:32.444+0000] {logging_mixin.py:188} INFO - [2024-05-18T04:53:32.443+0000] {dag.py:3096} INFO - Sync 1 DAGs
[2024-05-18T04:53:32.473+0000] {logging_mixin.py:188} INFO - [2024-05-18T04:53:32.472+0000] {dag.py:3954} INFO - Setting next_dagrun for example_xcom to 2021-01-01 00:00:00+00:00, run_after=2021-01-01 00:00:00+00:00
[2024-05-18T04:53:32.519+0000] {processor.py:183} INFO - Processing /home/ubuntu/chch-fuel-recommendator/airflow/af_env/lib/python3.12/site-packages/airflow/example_dags/example_xcom.py took 0.120 seconds
[2024-05-18T05:32:13.838+0000] {processor.py:161} INFO - Started process (PID=15069) to work on /home/ubuntu/airflow/airflow_env/lib/python3.12/site-packages/airflow/example_dags/example_xcom.py
[2024-05-18T05:32:13.839+0000] {processor.py:830} INFO - Processing file /home/ubuntu/airflow/airflow_env/lib/python3.12/site-packages/airflow/example_dags/example_xcom.py for tasks to queue
[2024-05-18T05:32:13.841+0000] {logging_mixin.py:188} INFO - [2024-05-18T05:32:13.841+0000] {dagbag.py:545} INFO - Filling up the DagBag from /home/ubuntu/airflow/airflow_env/lib/python3.12/site-packages/airflow/example_dags/example_xcom.py
[2024-05-18T05:32:13.856+0000] {processor.py:840} INFO - DAG(s) 'example_xcom' retrieved from /home/ubuntu/airflow/airflow_env/lib/python3.12/site-packages/airflow/example_dags/example_xcom.py
[2024-05-18T05:32:14.111+0000] {logging_mixin.py:188} INFO - [2024-05-18T05:32:14.111+0000] {dag.py:3096} INFO - Sync 1 DAGs
[2024-05-18T05:32:14.148+0000] {logging_mixin.py:188} INFO - [2024-05-18T05:32:14.148+0000] {dag.py:3954} INFO - Setting next_dagrun for example_xcom to 2021-01-01 00:00:00+00:00, run_after=2021-01-01 00:00:00+00:00
[2024-05-18T05:32:14.184+0000] {processor.py:183} INFO - Processing /home/ubuntu/airflow/airflow_env/lib/python3.12/site-packages/airflow/example_dags/example_xcom.py took 0.355 seconds
[2024-05-18T05:32:44.728+0000] {processor.py:161} INFO - Started process (PID=15123) to work on /home/ubuntu/airflow/airflow_env/lib/python3.12/site-packages/airflow/example_dags/example_xcom.py
[2024-05-18T05:32:44.729+0000] {processor.py:830} INFO - Processing file /home/ubuntu/airflow/airflow_env/lib/python3.12/site-packages/airflow/example_dags/example_xcom.py for tasks to queue
[2024-05-18T05:32:44.732+0000] {logging_mixin.py:188} INFO - [2024-05-18T05:32:44.731+0000] {dagbag.py:545} INFO - Filling up the DagBag from /home/ubuntu/airflow/airflow_env/lib/python3.12/site-packages/airflow/example_dags/example_xcom.py
[2024-05-18T05:32:44.744+0000] {processor.py:840} INFO - DAG(s) 'example_xcom' retrieved from /home/ubuntu/airflow/airflow_env/lib/python3.12/site-packages/airflow/example_dags/example_xcom.py
[2024-05-18T05:32:44.815+0000] {logging_mixin.py:188} INFO - [2024-05-18T05:32:44.815+0000] {dag.py:3096} INFO - Sync 1 DAGs
[2024-05-18T05:32:44.888+0000] {logging_mixin.py:188} INFO - [2024-05-18T05:32:44.884+0000] {dag.py:3954} INFO - Setting next_dagrun for example_xcom to 2021-01-01 00:00:00+00:00, run_after=2021-01-01 00:00:00+00:00
[2024-05-18T05:32:44.940+0000] {processor.py:183} INFO - Processing /home/ubuntu/airflow/airflow_env/lib/python3.12/site-packages/airflow/example_dags/example_xcom.py took 0.226 seconds
[2024-05-18T05:33:15.233+0000] {processor.py:161} INFO - Started process (PID=15177) to work on /home/ubuntu/airflow/airflow_env/lib/python3.12/site-packages/airflow/example_dags/example_xcom.py
[2024-05-18T05:33:15.236+0000] {processor.py:830} INFO - Processing file /home/ubuntu/airflow/airflow_env/lib/python3.12/site-packages/airflow/example_dags/example_xcom.py for tasks to queue
[2024-05-18T05:33:15.239+0000] {logging_mixin.py:188} INFO - [2024-05-18T05:33:15.238+0000] {dagbag.py:545} INFO - Filling up the DagBag from /home/ubuntu/airflow/airflow_env/lib/python3.12/site-packages/airflow/example_dags/example_xcom.py
[2024-05-18T05:33:15.260+0000] {processor.py:840} INFO - DAG(s) 'example_xcom' retrieved from /home/ubuntu/airflow/airflow_env/lib/python3.12/site-packages/airflow/example_dags/example_xcom.py
[2024-05-18T05:33:15.329+0000] {logging_mixin.py:188} INFO - [2024-05-18T05:33:15.329+0000] {dag.py:3096} INFO - Sync 1 DAGs
[2024-05-18T05:33:15.375+0000] {logging_mixin.py:188} INFO - [2024-05-18T05:33:15.375+0000] {dag.py:3954} INFO - Setting next_dagrun for example_xcom to 2021-01-01 00:00:00+00:00, run_after=2021-01-01 00:00:00+00:00
[2024-05-18T05:33:15.408+0000] {processor.py:183} INFO - Processing /home/ubuntu/airflow/airflow_env/lib/python3.12/site-packages/airflow/example_dags/example_xcom.py took 0.186 seconds
[2024-05-18T05:33:45.652+0000] {processor.py:161} INFO - Started process (PID=15229) to work on /home/ubuntu/airflow/airflow_env/lib/python3.12/site-packages/airflow/example_dags/example_xcom.py
[2024-05-18T05:33:45.653+0000] {processor.py:830} INFO - Processing file /home/ubuntu/airflow/airflow_env/lib/python3.12/site-packages/airflow/example_dags/example_xcom.py for tasks to queue
[2024-05-18T05:33:45.656+0000] {logging_mixin.py:188} INFO - [2024-05-18T05:33:45.655+0000] {dagbag.py:545} INFO - Filling up the DagBag from /home/ubuntu/airflow/airflow_env/lib/python3.12/site-packages/airflow/example_dags/example_xcom.py
[2024-05-18T05:33:45.667+0000] {processor.py:840} INFO - DAG(s) 'example_xcom' retrieved from /home/ubuntu/airflow/airflow_env/lib/python3.12/site-packages/airflow/example_dags/example_xcom.py
[2024-05-18T05:33:45.735+0000] {logging_mixin.py:188} INFO - [2024-05-18T05:33:45.734+0000] {dag.py:3096} INFO - Sync 1 DAGs
[2024-05-18T05:33:45.771+0000] {logging_mixin.py:188} INFO - [2024-05-18T05:33:45.771+0000] {dag.py:3954} INFO - Setting next_dagrun for example_xcom to 2021-01-01 00:00:00+00:00, run_after=2021-01-01 00:00:00+00:00
[2024-05-18T05:33:45.811+0000] {processor.py:183} INFO - Processing /home/ubuntu/airflow/airflow_env/lib/python3.12/site-packages/airflow/example_dags/example_xcom.py took 0.167 seconds
[2024-05-18T05:34:16.709+0000] {processor.py:161} INFO - Started process (PID=15280) to work on /home/ubuntu/airflow/airflow_env/lib/python3.12/site-packages/airflow/example_dags/example_xcom.py
[2024-05-18T05:34:16.711+0000] {processor.py:830} INFO - Processing file /home/ubuntu/airflow/airflow_env/lib/python3.12/site-packages/airflow/example_dags/example_xcom.py for tasks to queue
[2024-05-18T05:34:16.713+0000] {logging_mixin.py:188} INFO - [2024-05-18T05:34:16.712+0000] {dagbag.py:545} INFO - Filling up the DagBag from /home/ubuntu/airflow/airflow_env/lib/python3.12/site-packages/airflow/example_dags/example_xcom.py
[2024-05-18T05:34:16.725+0000] {processor.py:840} INFO - DAG(s) 'example_xcom' retrieved from /home/ubuntu/airflow/airflow_env/lib/python3.12/site-packages/airflow/example_dags/example_xcom.py
[2024-05-18T05:34:16.777+0000] {logging_mixin.py:188} INFO - [2024-05-18T05:34:16.777+0000] {dag.py:3096} INFO - Sync 1 DAGs
[2024-05-18T05:34:16.806+0000] {logging_mixin.py:188} INFO - [2024-05-18T05:34:16.806+0000] {dag.py:3954} INFO - Setting next_dagrun for example_xcom to 2021-01-01 00:00:00+00:00, run_after=2021-01-01 00:00:00+00:00
[2024-05-18T05:34:16.832+0000] {processor.py:183} INFO - Processing /home/ubuntu/airflow/airflow_env/lib/python3.12/site-packages/airflow/example_dags/example_xcom.py took 0.133 seconds
[2024-05-18T05:34:47.657+0000] {processor.py:161} INFO - Started process (PID=15331) to work on /home/ubuntu/airflow/airflow_env/lib/python3.12/site-packages/airflow/example_dags/example_xcom.py
[2024-05-18T05:34:47.659+0000] {processor.py:830} INFO - Processing file /home/ubuntu/airflow/airflow_env/lib/python3.12/site-packages/airflow/example_dags/example_xcom.py for tasks to queue
[2024-05-18T05:34:47.661+0000] {logging_mixin.py:188} INFO - [2024-05-18T05:34:47.661+0000] {dagbag.py:545} INFO - Filling up the DagBag from /home/ubuntu/airflow/airflow_env/lib/python3.12/site-packages/airflow/example_dags/example_xcom.py
[2024-05-18T05:34:47.672+0000] {processor.py:840} INFO - DAG(s) 'example_xcom' retrieved from /home/ubuntu/airflow/airflow_env/lib/python3.12/site-packages/airflow/example_dags/example_xcom.py
[2024-05-18T05:34:47.732+0000] {logging_mixin.py:188} INFO - [2024-05-18T05:34:47.732+0000] {dag.py:3096} INFO - Sync 1 DAGs
[2024-05-18T05:34:47.764+0000] {logging_mixin.py:188} INFO - [2024-05-18T05:34:47.763+0000] {dag.py:3954} INFO - Setting next_dagrun for example_xcom to 2021-01-01 00:00:00+00:00, run_after=2021-01-01 00:00:00+00:00
[2024-05-18T05:34:47.799+0000] {processor.py:183} INFO - Processing /home/ubuntu/airflow/airflow_env/lib/python3.12/site-packages/airflow/example_dags/example_xcom.py took 0.151 seconds
[2024-05-18T05:35:18.091+0000] {processor.py:161} INFO - Started process (PID=15385) to work on /home/ubuntu/airflow/airflow_env/lib/python3.12/site-packages/airflow/example_dags/example_xcom.py
[2024-05-18T05:35:18.093+0000] {processor.py:830} INFO - Processing file /home/ubuntu/airflow/airflow_env/lib/python3.12/site-packages/airflow/example_dags/example_xcom.py for tasks to queue
[2024-05-18T05:35:18.096+0000] {logging_mixin.py:188} INFO - [2024-05-18T05:35:18.095+0000] {dagbag.py:545} INFO - Filling up the DagBag from /home/ubuntu/airflow/airflow_env/lib/python3.12/site-packages/airflow/example_dags/example_xcom.py
[2024-05-18T05:35:18.110+0000] {processor.py:840} INFO - DAG(s) 'example_xcom' retrieved from /home/ubuntu/airflow/airflow_env/lib/python3.12/site-packages/airflow/example_dags/example_xcom.py
[2024-05-18T05:35:18.180+0000] {logging_mixin.py:188} INFO - [2024-05-18T05:35:18.179+0000] {dag.py:3096} INFO - Sync 1 DAGs
[2024-05-18T05:35:18.227+0000] {logging_mixin.py:188} INFO - [2024-05-18T05:35:18.227+0000] {dag.py:3954} INFO - Setting next_dagrun for example_xcom to 2021-01-01 00:00:00+00:00, run_after=2021-01-01 00:00:00+00:00
[2024-05-18T05:35:18.259+0000] {processor.py:183} INFO - Processing /home/ubuntu/airflow/airflow_env/lib/python3.12/site-packages/airflow/example_dags/example_xcom.py took 0.176 seconds
[2024-05-18T05:35:48.324+0000] {processor.py:161} INFO - Started process (PID=15436) to work on /home/ubuntu/airflow/airflow_env/lib/python3.12/site-packages/airflow/example_dags/example_xcom.py
[2024-05-18T05:35:48.325+0000] {processor.py:830} INFO - Processing file /home/ubuntu/airflow/airflow_env/lib/python3.12/site-packages/airflow/example_dags/example_xcom.py for tasks to queue
[2024-05-18T05:35:48.327+0000] {logging_mixin.py:188} INFO - [2024-05-18T05:35:48.327+0000] {dagbag.py:545} INFO - Filling up the DagBag from /home/ubuntu/airflow/airflow_env/lib/python3.12/site-packages/airflow/example_dags/example_xcom.py
[2024-05-18T05:35:48.338+0000] {processor.py:840} INFO - DAG(s) 'example_xcom' retrieved from /home/ubuntu/airflow/airflow_env/lib/python3.12/site-packages/airflow/example_dags/example_xcom.py
[2024-05-18T05:35:48.399+0000] {logging_mixin.py:188} INFO - [2024-05-18T05:35:48.398+0000] {dag.py:3096} INFO - Sync 1 DAGs
[2024-05-18T05:35:48.438+0000] {logging_mixin.py:188} INFO - [2024-05-18T05:35:48.438+0000] {dag.py:3954} INFO - Setting next_dagrun for example_xcom to 2021-01-01 00:00:00+00:00, run_after=2021-01-01 00:00:00+00:00
[2024-05-18T05:35:48.467+0000] {processor.py:183} INFO - Processing /home/ubuntu/airflow/airflow_env/lib/python3.12/site-packages/airflow/example_dags/example_xcom.py took 0.152 seconds
[2024-05-18T05:36:18.525+0000] {processor.py:161} INFO - Started process (PID=15487) to work on /home/ubuntu/airflow/airflow_env/lib/python3.12/site-packages/airflow/example_dags/example_xcom.py
[2024-05-18T05:36:18.526+0000] {processor.py:830} INFO - Processing file /home/ubuntu/airflow/airflow_env/lib/python3.12/site-packages/airflow/example_dags/example_xcom.py for tasks to queue
[2024-05-18T05:36:18.529+0000] {logging_mixin.py:188} INFO - [2024-05-18T05:36:18.528+0000] {dagbag.py:545} INFO - Filling up the DagBag from /home/ubuntu/airflow/airflow_env/lib/python3.12/site-packages/airflow/example_dags/example_xcom.py
[2024-05-18T05:36:18.539+0000] {processor.py:840} INFO - DAG(s) 'example_xcom' retrieved from /home/ubuntu/airflow/airflow_env/lib/python3.12/site-packages/airflow/example_dags/example_xcom.py
[2024-05-18T05:36:18.593+0000] {logging_mixin.py:188} INFO - [2024-05-18T05:36:18.593+0000] {dag.py:3096} INFO - Sync 1 DAGs
[2024-05-18T05:36:18.625+0000] {logging_mixin.py:188} INFO - [2024-05-18T05:36:18.624+0000] {dag.py:3954} INFO - Setting next_dagrun for example_xcom to 2021-01-01 00:00:00+00:00, run_after=2021-01-01 00:00:00+00:00
[2024-05-18T05:36:18.649+0000] {processor.py:183} INFO - Processing /home/ubuntu/airflow/airflow_env/lib/python3.12/site-packages/airflow/example_dags/example_xcom.py took 0.133 seconds
[2024-05-18T05:36:49.540+0000] {processor.py:161} INFO - Started process (PID=15538) to work on /home/ubuntu/airflow/airflow_env/lib/python3.12/site-packages/airflow/example_dags/example_xcom.py
[2024-05-18T05:36:49.541+0000] {processor.py:830} INFO - Processing file /home/ubuntu/airflow/airflow_env/lib/python3.12/site-packages/airflow/example_dags/example_xcom.py for tasks to queue
[2024-05-18T05:36:49.543+0000] {logging_mixin.py:188} INFO - [2024-05-18T05:36:49.543+0000] {dagbag.py:545} INFO - Filling up the DagBag from /home/ubuntu/airflow/airflow_env/lib/python3.12/site-packages/airflow/example_dags/example_xcom.py
[2024-05-18T05:36:49.555+0000] {processor.py:840} INFO - DAG(s) 'example_xcom' retrieved from /home/ubuntu/airflow/airflow_env/lib/python3.12/site-packages/airflow/example_dags/example_xcom.py
[2024-05-18T05:36:49.620+0000] {logging_mixin.py:188} INFO - [2024-05-18T05:36:49.619+0000] {dag.py:3096} INFO - Sync 1 DAGs
[2024-05-18T05:36:49.654+0000] {logging_mixin.py:188} INFO - [2024-05-18T05:36:49.653+0000] {dag.py:3954} INFO - Setting next_dagrun for example_xcom to 2021-01-01 00:00:00+00:00, run_after=2021-01-01 00:00:00+00:00
[2024-05-18T05:36:49.685+0000] {processor.py:183} INFO - Processing /home/ubuntu/airflow/airflow_env/lib/python3.12/site-packages/airflow/example_dags/example_xcom.py took 0.154 seconds
[2024-05-18T05:37:20.521+0000] {processor.py:161} INFO - Started process (PID=15589) to work on /home/ubuntu/airflow/airflow_env/lib/python3.12/site-packages/airflow/example_dags/example_xcom.py
[2024-05-18T05:37:20.523+0000] {processor.py:830} INFO - Processing file /home/ubuntu/airflow/airflow_env/lib/python3.12/site-packages/airflow/example_dags/example_xcom.py for tasks to queue
[2024-05-18T05:37:20.525+0000] {logging_mixin.py:188} INFO - [2024-05-18T05:37:20.524+0000] {dagbag.py:545} INFO - Filling up the DagBag from /home/ubuntu/airflow/airflow_env/lib/python3.12/site-packages/airflow/example_dags/example_xcom.py
[2024-05-18T05:37:20.537+0000] {processor.py:840} INFO - DAG(s) 'example_xcom' retrieved from /home/ubuntu/airflow/airflow_env/lib/python3.12/site-packages/airflow/example_dags/example_xcom.py
[2024-05-18T05:37:20.594+0000] {logging_mixin.py:188} INFO - [2024-05-18T05:37:20.594+0000] {dag.py:3096} INFO - Sync 1 DAGs
[2024-05-18T05:37:20.623+0000] {logging_mixin.py:188} INFO - [2024-05-18T05:37:20.622+0000] {dag.py:3954} INFO - Setting next_dagrun for example_xcom to 2021-01-01 00:00:00+00:00, run_after=2021-01-01 00:00:00+00:00
[2024-05-18T05:37:20.649+0000] {processor.py:183} INFO - Processing /home/ubuntu/airflow/airflow_env/lib/python3.12/site-packages/airflow/example_dags/example_xcom.py took 0.135 seconds
[2024-05-18T05:37:50.794+0000] {processor.py:161} INFO - Started process (PID=15641) to work on /home/ubuntu/airflow/airflow_env/lib/python3.12/site-packages/airflow/example_dags/example_xcom.py
[2024-05-18T05:37:50.795+0000] {processor.py:830} INFO - Processing file /home/ubuntu/airflow/airflow_env/lib/python3.12/site-packages/airflow/example_dags/example_xcom.py for tasks to queue
[2024-05-18T05:37:50.798+0000] {logging_mixin.py:188} INFO - [2024-05-18T05:37:50.797+0000] {dagbag.py:545} INFO - Filling up the DagBag from /home/ubuntu/airflow/airflow_env/lib/python3.12/site-packages/airflow/example_dags/example_xcom.py
[2024-05-18T05:37:50.820+0000] {processor.py:840} INFO - DAG(s) 'example_xcom' retrieved from /home/ubuntu/airflow/airflow_env/lib/python3.12/site-packages/airflow/example_dags/example_xcom.py
[2024-05-18T05:37:50.886+0000] {logging_mixin.py:188} INFO - [2024-05-18T05:37:50.886+0000] {dag.py:3096} INFO - Sync 1 DAGs
[2024-05-18T05:37:50.927+0000] {logging_mixin.py:188} INFO - [2024-05-18T05:37:50.926+0000] {dag.py:3954} INFO - Setting next_dagrun for example_xcom to 2021-01-01 00:00:00+00:00, run_after=2021-01-01 00:00:00+00:00
[2024-05-18T05:37:50.956+0000] {processor.py:183} INFO - Processing /home/ubuntu/airflow/airflow_env/lib/python3.12/site-packages/airflow/example_dags/example_xcom.py took 0.174 seconds
[2024-05-18T05:38:21.044+0000] {processor.py:161} INFO - Started process (PID=15692) to work on /home/ubuntu/airflow/airflow_env/lib/python3.12/site-packages/airflow/example_dags/example_xcom.py
[2024-05-18T05:38:21.047+0000] {processor.py:830} INFO - Processing file /home/ubuntu/airflow/airflow_env/lib/python3.12/site-packages/airflow/example_dags/example_xcom.py for tasks to queue
[2024-05-18T05:38:21.052+0000] {logging_mixin.py:188} INFO - [2024-05-18T05:38:21.052+0000] {dagbag.py:545} INFO - Filling up the DagBag from /home/ubuntu/airflow/airflow_env/lib/python3.12/site-packages/airflow/example_dags/example_xcom.py
[2024-05-18T05:38:21.066+0000] {processor.py:840} INFO - DAG(s) 'example_xcom' retrieved from /home/ubuntu/airflow/airflow_env/lib/python3.12/site-packages/airflow/example_dags/example_xcom.py
[2024-05-18T05:38:21.135+0000] {logging_mixin.py:188} INFO - [2024-05-18T05:38:21.135+0000] {dag.py:3096} INFO - Sync 1 DAGs
[2024-05-18T05:38:21.185+0000] {logging_mixin.py:188} INFO - [2024-05-18T05:38:21.184+0000] {dag.py:3954} INFO - Setting next_dagrun for example_xcom to 2021-01-01 00:00:00+00:00, run_after=2021-01-01 00:00:00+00:00
[2024-05-18T05:38:21.227+0000] {processor.py:183} INFO - Processing /home/ubuntu/airflow/airflow_env/lib/python3.12/site-packages/airflow/example_dags/example_xcom.py took 0.197 seconds
[2024-05-18T05:38:51.264+0000] {processor.py:161} INFO - Started process (PID=15743) to work on /home/ubuntu/airflow/airflow_env/lib/python3.12/site-packages/airflow/example_dags/example_xcom.py
[2024-05-18T05:38:51.265+0000] {processor.py:830} INFO - Processing file /home/ubuntu/airflow/airflow_env/lib/python3.12/site-packages/airflow/example_dags/example_xcom.py for tasks to queue
[2024-05-18T05:38:51.266+0000] {logging_mixin.py:188} INFO - [2024-05-18T05:38:51.266+0000] {dagbag.py:545} INFO - Filling up the DagBag from /home/ubuntu/airflow/airflow_env/lib/python3.12/site-packages/airflow/example_dags/example_xcom.py
[2024-05-18T05:38:51.274+0000] {processor.py:840} INFO - DAG(s) 'example_xcom' retrieved from /home/ubuntu/airflow/airflow_env/lib/python3.12/site-packages/airflow/example_dags/example_xcom.py
[2024-05-18T05:38:51.331+0000] {logging_mixin.py:188} INFO - [2024-05-18T05:38:51.330+0000] {dag.py:3096} INFO - Sync 1 DAGs
[2024-05-18T05:38:51.354+0000] {logging_mixin.py:188} INFO - [2024-05-18T05:38:51.354+0000] {dag.py:3954} INFO - Setting next_dagrun for example_xcom to 2021-01-01 00:00:00+00:00, run_after=2021-01-01 00:00:00+00:00
[2024-05-18T05:38:51.378+0000] {processor.py:183} INFO - Processing /home/ubuntu/airflow/airflow_env/lib/python3.12/site-packages/airflow/example_dags/example_xcom.py took 0.120 seconds
[2024-05-18T05:39:22.262+0000] {processor.py:161} INFO - Started process (PID=15795) to work on /home/ubuntu/airflow/airflow_env/lib/python3.12/site-packages/airflow/example_dags/example_xcom.py
[2024-05-18T05:39:22.264+0000] {processor.py:830} INFO - Processing file /home/ubuntu/airflow/airflow_env/lib/python3.12/site-packages/airflow/example_dags/example_xcom.py for tasks to queue
[2024-05-18T05:39:22.266+0000] {logging_mixin.py:188} INFO - [2024-05-18T05:39:22.266+0000] {dagbag.py:545} INFO - Filling up the DagBag from /home/ubuntu/airflow/airflow_env/lib/python3.12/site-packages/airflow/example_dags/example_xcom.py
[2024-05-18T05:39:22.279+0000] {processor.py:840} INFO - DAG(s) 'example_xcom' retrieved from /home/ubuntu/airflow/airflow_env/lib/python3.12/site-packages/airflow/example_dags/example_xcom.py
[2024-05-18T05:39:22.353+0000] {logging_mixin.py:188} INFO - [2024-05-18T05:39:22.353+0000] {dag.py:3096} INFO - Sync 1 DAGs
[2024-05-18T05:39:22.390+0000] {logging_mixin.py:188} INFO - [2024-05-18T05:39:22.390+0000] {dag.py:3954} INFO - Setting next_dagrun for example_xcom to 2021-01-01 00:00:00+00:00, run_after=2021-01-01 00:00:00+00:00
[2024-05-18T05:39:22.422+0000] {processor.py:183} INFO - Processing /home/ubuntu/airflow/airflow_env/lib/python3.12/site-packages/airflow/example_dags/example_xcom.py took 0.168 seconds
[2024-05-18T05:39:52.574+0000] {processor.py:161} INFO - Started process (PID=15846) to work on /home/ubuntu/airflow/airflow_env/lib/python3.12/site-packages/airflow/example_dags/example_xcom.py
[2024-05-18T05:39:52.576+0000] {processor.py:830} INFO - Processing file /home/ubuntu/airflow/airflow_env/lib/python3.12/site-packages/airflow/example_dags/example_xcom.py for tasks to queue
[2024-05-18T05:39:52.578+0000] {logging_mixin.py:188} INFO - [2024-05-18T05:39:52.577+0000] {dagbag.py:545} INFO - Filling up the DagBag from /home/ubuntu/airflow/airflow_env/lib/python3.12/site-packages/airflow/example_dags/example_xcom.py
[2024-05-18T05:39:52.595+0000] {processor.py:840} INFO - DAG(s) 'example_xcom' retrieved from /home/ubuntu/airflow/airflow_env/lib/python3.12/site-packages/airflow/example_dags/example_xcom.py
[2024-05-18T05:39:52.688+0000] {logging_mixin.py:188} INFO - [2024-05-18T05:39:52.688+0000] {dag.py:3096} INFO - Sync 1 DAGs
[2024-05-18T05:39:52.729+0000] {logging_mixin.py:188} INFO - [2024-05-18T05:39:52.729+0000] {dag.py:3954} INFO - Setting next_dagrun for example_xcom to 2021-01-01 00:00:00+00:00, run_after=2021-01-01 00:00:00+00:00
[2024-05-18T05:39:52.766+0000] {processor.py:183} INFO - Processing /home/ubuntu/airflow/airflow_env/lib/python3.12/site-packages/airflow/example_dags/example_xcom.py took 0.202 seconds
[2024-05-18T05:40:22.903+0000] {processor.py:161} INFO - Started process (PID=16179) to work on /home/ubuntu/airflow/airflow_env/lib/python3.12/site-packages/airflow/example_dags/example_xcom.py
[2024-05-18T05:40:22.905+0000] {processor.py:830} INFO - Processing file /home/ubuntu/airflow/airflow_env/lib/python3.12/site-packages/airflow/example_dags/example_xcom.py for tasks to queue
[2024-05-18T05:40:22.908+0000] {logging_mixin.py:188} INFO - [2024-05-18T05:40:22.907+0000] {dagbag.py:545} INFO - Filling up the DagBag from /home/ubuntu/airflow/airflow_env/lib/python3.12/site-packages/airflow/example_dags/example_xcom.py
[2024-05-18T05:40:22.919+0000] {processor.py:840} INFO - DAG(s) 'example_xcom' retrieved from /home/ubuntu/airflow/airflow_env/lib/python3.12/site-packages/airflow/example_dags/example_xcom.py
[2024-05-18T05:40:22.977+0000] {logging_mixin.py:188} INFO - [2024-05-18T05:40:22.976+0000] {dag.py:3096} INFO - Sync 1 DAGs
[2024-05-18T05:40:23.015+0000] {logging_mixin.py:188} INFO - [2024-05-18T05:40:23.015+0000] {dag.py:3954} INFO - Setting next_dagrun for example_xcom to 2021-01-01 00:00:00+00:00, run_after=2021-01-01 00:00:00+00:00
[2024-05-18T05:40:23.048+0000] {processor.py:183} INFO - Processing /home/ubuntu/airflow/airflow_env/lib/python3.12/site-packages/airflow/example_dags/example_xcom.py took 0.152 seconds
[2024-05-18T05:40:53.300+0000] {processor.py:161} INFO - Started process (PID=16234) to work on /home/ubuntu/airflow/airflow_env/lib/python3.12/site-packages/airflow/example_dags/example_xcom.py
[2024-05-18T05:40:53.301+0000] {processor.py:830} INFO - Processing file /home/ubuntu/airflow/airflow_env/lib/python3.12/site-packages/airflow/example_dags/example_xcom.py for tasks to queue
[2024-05-18T05:40:53.303+0000] {logging_mixin.py:188} INFO - [2024-05-18T05:40:53.303+0000] {dagbag.py:545} INFO - Filling up the DagBag from /home/ubuntu/airflow/airflow_env/lib/python3.12/site-packages/airflow/example_dags/example_xcom.py
[2024-05-18T05:40:53.316+0000] {processor.py:840} INFO - DAG(s) 'example_xcom' retrieved from /home/ubuntu/airflow/airflow_env/lib/python3.12/site-packages/airflow/example_dags/example_xcom.py
[2024-05-18T05:40:53.389+0000] {logging_mixin.py:188} INFO - [2024-05-18T05:40:53.389+0000] {dag.py:3096} INFO - Sync 1 DAGs
[2024-05-18T05:40:53.431+0000] {logging_mixin.py:188} INFO - [2024-05-18T05:40:53.431+0000] {dag.py:3954} INFO - Setting next_dagrun for example_xcom to 2021-01-01 00:00:00+00:00, run_after=2021-01-01 00:00:00+00:00
[2024-05-18T05:40:53.474+0000] {processor.py:183} INFO - Processing /home/ubuntu/airflow/airflow_env/lib/python3.12/site-packages/airflow/example_dags/example_xcom.py took 0.184 seconds
[2024-05-18T05:41:23.816+0000] {processor.py:161} INFO - Started process (PID=16285) to work on /home/ubuntu/airflow/airflow_env/lib/python3.12/site-packages/airflow/example_dags/example_xcom.py
[2024-05-18T05:41:23.817+0000] {processor.py:830} INFO - Processing file /home/ubuntu/airflow/airflow_env/lib/python3.12/site-packages/airflow/example_dags/example_xcom.py for tasks to queue
[2024-05-18T05:41:23.820+0000] {logging_mixin.py:188} INFO - [2024-05-18T05:41:23.819+0000] {dagbag.py:545} INFO - Filling up the DagBag from /home/ubuntu/airflow/airflow_env/lib/python3.12/site-packages/airflow/example_dags/example_xcom.py
[2024-05-18T05:41:23.830+0000] {processor.py:840} INFO - DAG(s) 'example_xcom' retrieved from /home/ubuntu/airflow/airflow_env/lib/python3.12/site-packages/airflow/example_dags/example_xcom.py
[2024-05-18T05:41:23.899+0000] {logging_mixin.py:188} INFO - [2024-05-18T05:41:23.898+0000] {dag.py:3096} INFO - Sync 1 DAGs
[2024-05-18T05:41:23.935+0000] {logging_mixin.py:188} INFO - [2024-05-18T05:41:23.935+0000] {dag.py:3954} INFO - Setting next_dagrun for example_xcom to 2021-01-01 00:00:00+00:00, run_after=2021-01-01 00:00:00+00:00
[2024-05-18T05:41:23.965+0000] {processor.py:183} INFO - Processing /home/ubuntu/airflow/airflow_env/lib/python3.12/site-packages/airflow/example_dags/example_xcom.py took 0.157 seconds
[2024-05-18T05:41:54.525+0000] {processor.py:161} INFO - Started process (PID=16338) to work on /home/ubuntu/airflow/airflow_env/lib/python3.12/site-packages/airflow/example_dags/example_xcom.py
[2024-05-18T05:41:54.526+0000] {processor.py:830} INFO - Processing file /home/ubuntu/airflow/airflow_env/lib/python3.12/site-packages/airflow/example_dags/example_xcom.py for tasks to queue
[2024-05-18T05:41:54.528+0000] {logging_mixin.py:188} INFO - [2024-05-18T05:41:54.527+0000] {dagbag.py:545} INFO - Filling up the DagBag from /home/ubuntu/airflow/airflow_env/lib/python3.12/site-packages/airflow/example_dags/example_xcom.py
[2024-05-18T05:41:54.540+0000] {processor.py:840} INFO - DAG(s) 'example_xcom' retrieved from /home/ubuntu/airflow/airflow_env/lib/python3.12/site-packages/airflow/example_dags/example_xcom.py
[2024-05-18T05:41:54.629+0000] {logging_mixin.py:188} INFO - [2024-05-18T05:41:54.629+0000] {dag.py:3096} INFO - Sync 1 DAGs
[2024-05-18T05:41:54.671+0000] {logging_mixin.py:188} INFO - [2024-05-18T05:41:54.670+0000] {dag.py:3954} INFO - Setting next_dagrun for example_xcom to 2021-01-01 00:00:00+00:00, run_after=2021-01-01 00:00:00+00:00
[2024-05-18T05:41:54.699+0000] {processor.py:183} INFO - Processing /home/ubuntu/airflow/airflow_env/lib/python3.12/site-packages/airflow/example_dags/example_xcom.py took 0.182 seconds
[2024-05-18T05:42:25.592+0000] {processor.py:161} INFO - Started process (PID=16389) to work on /home/ubuntu/airflow/airflow_env/lib/python3.12/site-packages/airflow/example_dags/example_xcom.py
[2024-05-18T05:42:25.594+0000] {processor.py:830} INFO - Processing file /home/ubuntu/airflow/airflow_env/lib/python3.12/site-packages/airflow/example_dags/example_xcom.py for tasks to queue
[2024-05-18T05:42:25.596+0000] {logging_mixin.py:188} INFO - [2024-05-18T05:42:25.595+0000] {dagbag.py:545} INFO - Filling up the DagBag from /home/ubuntu/airflow/airflow_env/lib/python3.12/site-packages/airflow/example_dags/example_xcom.py
[2024-05-18T05:42:25.604+0000] {processor.py:840} INFO - DAG(s) 'example_xcom' retrieved from /home/ubuntu/airflow/airflow_env/lib/python3.12/site-packages/airflow/example_dags/example_xcom.py
[2024-05-18T05:42:25.651+0000] {logging_mixin.py:188} INFO - [2024-05-18T05:42:25.651+0000] {dag.py:3096} INFO - Sync 1 DAGs
[2024-05-18T05:42:25.680+0000] {logging_mixin.py:188} INFO - [2024-05-18T05:42:25.680+0000] {dag.py:3954} INFO - Setting next_dagrun for example_xcom to 2021-01-01 00:00:00+00:00, run_after=2021-01-01 00:00:00+00:00
[2024-05-18T05:42:25.712+0000] {processor.py:183} INFO - Processing /home/ubuntu/airflow/airflow_env/lib/python3.12/site-packages/airflow/example_dags/example_xcom.py took 0.126 seconds
[2024-05-18T05:42:55.815+0000] {processor.py:161} INFO - Started process (PID=16440) to work on /home/ubuntu/airflow/airflow_env/lib/python3.12/site-packages/airflow/example_dags/example_xcom.py
[2024-05-18T05:42:55.818+0000] {processor.py:830} INFO - Processing file /home/ubuntu/airflow/airflow_env/lib/python3.12/site-packages/airflow/example_dags/example_xcom.py for tasks to queue
[2024-05-18T05:42:55.820+0000] {logging_mixin.py:188} INFO - [2024-05-18T05:42:55.819+0000] {dagbag.py:545} INFO - Filling up the DagBag from /home/ubuntu/airflow/airflow_env/lib/python3.12/site-packages/airflow/example_dags/example_xcom.py
[2024-05-18T05:42:55.832+0000] {processor.py:840} INFO - DAG(s) 'example_xcom' retrieved from /home/ubuntu/airflow/airflow_env/lib/python3.12/site-packages/airflow/example_dags/example_xcom.py
[2024-05-18T05:42:55.880+0000] {logging_mixin.py:188} INFO - [2024-05-18T05:42:55.879+0000] {dag.py:3096} INFO - Sync 1 DAGs
[2024-05-18T05:42:55.909+0000] {logging_mixin.py:188} INFO - [2024-05-18T05:42:55.909+0000] {dag.py:3954} INFO - Setting next_dagrun for example_xcom to 2021-01-01 00:00:00+00:00, run_after=2021-01-01 00:00:00+00:00
[2024-05-18T05:42:55.935+0000] {processor.py:183} INFO - Processing /home/ubuntu/airflow/airflow_env/lib/python3.12/site-packages/airflow/example_dags/example_xcom.py took 0.131 seconds
[2024-05-18T05:43:26.116+0000] {processor.py:161} INFO - Started process (PID=16525) to work on /home/ubuntu/airflow/airflow_env/lib/python3.12/site-packages/airflow/example_dags/example_xcom.py
[2024-05-18T05:43:26.117+0000] {processor.py:830} INFO - Processing file /home/ubuntu/airflow/airflow_env/lib/python3.12/site-packages/airflow/example_dags/example_xcom.py for tasks to queue
[2024-05-18T05:43:26.119+0000] {logging_mixin.py:188} INFO - [2024-05-18T05:43:26.119+0000] {dagbag.py:545} INFO - Filling up the DagBag from /home/ubuntu/airflow/airflow_env/lib/python3.12/site-packages/airflow/example_dags/example_xcom.py
[2024-05-18T05:43:26.129+0000] {processor.py:840} INFO - DAG(s) 'example_xcom' retrieved from /home/ubuntu/airflow/airflow_env/lib/python3.12/site-packages/airflow/example_dags/example_xcom.py
[2024-05-18T05:43:26.182+0000] {logging_mixin.py:188} INFO - [2024-05-18T05:43:26.182+0000] {dag.py:3096} INFO - Sync 1 DAGs
[2024-05-18T05:43:26.212+0000] {logging_mixin.py:188} INFO - [2024-05-18T05:43:26.212+0000] {dag.py:3954} INFO - Setting next_dagrun for example_xcom to 2021-01-01 00:00:00+00:00, run_after=2021-01-01 00:00:00+00:00
[2024-05-18T05:43:26.238+0000] {processor.py:183} INFO - Processing /home/ubuntu/airflow/airflow_env/lib/python3.12/site-packages/airflow/example_dags/example_xcom.py took 0.129 seconds
[2024-05-18T05:43:56.763+0000] {processor.py:161} INFO - Started process (PID=16576) to work on /home/ubuntu/airflow/airflow_env/lib/python3.12/site-packages/airflow/example_dags/example_xcom.py
[2024-05-18T05:43:56.765+0000] {processor.py:830} INFO - Processing file /home/ubuntu/airflow/airflow_env/lib/python3.12/site-packages/airflow/example_dags/example_xcom.py for tasks to queue
[2024-05-18T05:43:56.767+0000] {logging_mixin.py:188} INFO - [2024-05-18T05:43:56.766+0000] {dagbag.py:545} INFO - Filling up the DagBag from /home/ubuntu/airflow/airflow_env/lib/python3.12/site-packages/airflow/example_dags/example_xcom.py
[2024-05-18T05:43:56.778+0000] {processor.py:840} INFO - DAG(s) 'example_xcom' retrieved from /home/ubuntu/airflow/airflow_env/lib/python3.12/site-packages/airflow/example_dags/example_xcom.py
[2024-05-18T05:43:56.858+0000] {logging_mixin.py:188} INFO - [2024-05-18T05:43:56.858+0000] {dag.py:3096} INFO - Sync 1 DAGs
[2024-05-18T05:43:56.889+0000] {logging_mixin.py:188} INFO - [2024-05-18T05:43:56.889+0000] {dag.py:3954} INFO - Setting next_dagrun for example_xcom to 2021-01-01 00:00:00+00:00, run_after=2021-01-01 00:00:00+00:00
[2024-05-18T05:43:56.940+0000] {processor.py:183} INFO - Processing /home/ubuntu/airflow/airflow_env/lib/python3.12/site-packages/airflow/example_dags/example_xcom.py took 0.188 seconds
