[2024-05-18T04:44:09.685+0000] {processor.py:161} INFO - Started process (PID=12261) to work on /home/ubuntu/chch-fuel-recommendator/airflow/af_env/lib/python3.12/site-packages/airflow/example_dags/example_task_group_decorator.py
[2024-05-18T04:44:09.686+0000] {processor.py:830} INFO - Processing file /home/ubuntu/chch-fuel-recommendator/airflow/af_env/lib/python3.12/site-packages/airflow/example_dags/example_task_group_decorator.py for tasks to queue
[2024-05-18T04:44:09.688+0000] {logging_mixin.py:188} INFO - [2024-05-18T04:44:09.687+0000] {dagbag.py:545} INFO - Filling up the DagBag from /home/ubuntu/chch-fuel-recommendator/airflow/af_env/lib/python3.12/site-packages/airflow/example_dags/example_task_group_decorator.py
[2024-05-18T04:44:09.702+0000] {processor.py:840} INFO - DAG(s) 'example_task_group_decorator' retrieved from /home/ubuntu/chch-fuel-recommendator/airflow/af_env/lib/python3.12/site-packages/airflow/example_dags/example_task_group_decorator.py
[2024-05-18T04:44:09.822+0000] {logging_mixin.py:188} INFO - [2024-05-18T04:44:09.821+0000] {override.py:1829} INFO - Created Permission View: can edit on DAG:example_task_group_decorator
[2024-05-18T04:44:09.836+0000] {logging_mixin.py:188} INFO - [2024-05-18T04:44:09.836+0000] {override.py:1829} INFO - Created Permission View: can read on DAG:example_task_group_decorator
[2024-05-18T04:44:09.847+0000] {logging_mixin.py:188} INFO - [2024-05-18T04:44:09.847+0000] {override.py:1829} INFO - Created Permission View: can delete on DAG:example_task_group_decorator
[2024-05-18T04:44:09.848+0000] {logging_mixin.py:188} INFO - [2024-05-18T04:44:09.847+0000] {dag.py:3096} INFO - Sync 1 DAGs
[2024-05-18T04:44:09.858+0000] {logging_mixin.py:188} INFO - [2024-05-18T04:44:09.858+0000] {dag.py:3118} INFO - Creating ORM DAG for example_task_group_decorator
[2024-05-18T04:44:09.870+0000] {logging_mixin.py:188} INFO - [2024-05-18T04:44:09.869+0000] {dag.py:3954} INFO - Setting next_dagrun for example_task_group_decorator to 2024-05-17 00:00:00+00:00, run_after=2024-05-18 00:00:00+00:00
[2024-05-18T04:44:09.893+0000] {processor.py:183} INFO - Processing /home/ubuntu/chch-fuel-recommendator/airflow/af_env/lib/python3.12/site-packages/airflow/example_dags/example_task_group_decorator.py took 0.214 seconds
[2024-05-18T04:45:10.768+0000] {processor.py:161} INFO - Started process (PID=12315) to work on /home/ubuntu/chch-fuel-recommendator/airflow/af_env/lib/python3.12/site-packages/airflow/example_dags/example_task_group_decorator.py
[2024-05-18T04:45:10.773+0000] {processor.py:830} INFO - Processing file /home/ubuntu/chch-fuel-recommendator/airflow/af_env/lib/python3.12/site-packages/airflow/example_dags/example_task_group_decorator.py for tasks to queue
[2024-05-18T04:45:10.776+0000] {logging_mixin.py:188} INFO - [2024-05-18T04:45:10.775+0000] {dagbag.py:545} INFO - Filling up the DagBag from /home/ubuntu/chch-fuel-recommendator/airflow/af_env/lib/python3.12/site-packages/airflow/example_dags/example_task_group_decorator.py
[2024-05-18T04:45:10.796+0000] {processor.py:840} INFO - DAG(s) 'example_task_group_decorator' retrieved from /home/ubuntu/chch-fuel-recommendator/airflow/af_env/lib/python3.12/site-packages/airflow/example_dags/example_task_group_decorator.py
[2024-05-18T04:45:10.840+0000] {logging_mixin.py:188} INFO - [2024-05-18T04:45:10.840+0000] {dag.py:3096} INFO - Sync 1 DAGs
[2024-05-18T04:45:10.875+0000] {logging_mixin.py:188} INFO - [2024-05-18T04:45:10.875+0000] {dag.py:3954} INFO - Setting next_dagrun for example_task_group_decorator to 2024-05-17 00:00:00+00:00, run_after=2024-05-18 00:00:00+00:00
[2024-05-18T04:45:10.902+0000] {processor.py:183} INFO - Processing /home/ubuntu/chch-fuel-recommendator/airflow/af_env/lib/python3.12/site-packages/airflow/example_dags/example_task_group_decorator.py took 0.143 seconds
[2024-05-18T04:46:08.117+0000] {processor.py:161} INFO - Started process (PID=12371) to work on /home/ubuntu/chch-fuel-recommendator/airflow/af_env/lib/python3.12/site-packages/airflow/example_dags/example_task_group_decorator.py
[2024-05-18T04:46:08.118+0000] {processor.py:830} INFO - Processing file /home/ubuntu/chch-fuel-recommendator/airflow/af_env/lib/python3.12/site-packages/airflow/example_dags/example_task_group_decorator.py for tasks to queue
[2024-05-18T04:46:08.121+0000] {logging_mixin.py:188} INFO - [2024-05-18T04:46:08.120+0000] {dagbag.py:545} INFO - Filling up the DagBag from /home/ubuntu/chch-fuel-recommendator/airflow/af_env/lib/python3.12/site-packages/airflow/example_dags/example_task_group_decorator.py
[2024-05-18T04:46:08.143+0000] {processor.py:840} INFO - DAG(s) 'example_task_group_decorator' retrieved from /home/ubuntu/chch-fuel-recommendator/airflow/af_env/lib/python3.12/site-packages/airflow/example_dags/example_task_group_decorator.py
[2024-05-18T04:46:08.172+0000] {logging_mixin.py:188} INFO - [2024-05-18T04:46:08.171+0000] {dag.py:3096} INFO - Sync 1 DAGs
[2024-05-18T04:46:08.200+0000] {logging_mixin.py:188} INFO - [2024-05-18T04:46:08.199+0000] {dag.py:3954} INFO - Setting next_dagrun for example_task_group_decorator to 2024-05-17 00:00:00+00:00, run_after=2024-05-18 00:00:00+00:00
[2024-05-18T04:46:08.230+0000] {processor.py:183} INFO - Processing /home/ubuntu/chch-fuel-recommendator/airflow/af_env/lib/python3.12/site-packages/airflow/example_dags/example_task_group_decorator.py took 0.121 seconds
[2024-05-18T04:46:59.022+0000] {processor.py:161} INFO - Started process (PID=12422) to work on /home/ubuntu/chch-fuel-recommendator/airflow/af_env/lib/python3.12/site-packages/airflow/example_dags/example_task_group_decorator.py
[2024-05-18T04:46:59.024+0000] {processor.py:830} INFO - Processing file /home/ubuntu/chch-fuel-recommendator/airflow/af_env/lib/python3.12/site-packages/airflow/example_dags/example_task_group_decorator.py for tasks to queue
[2024-05-18T04:46:59.030+0000] {logging_mixin.py:188} INFO - [2024-05-18T04:46:59.028+0000] {dagbag.py:545} INFO - Filling up the DagBag from /home/ubuntu/chch-fuel-recommendator/airflow/af_env/lib/python3.12/site-packages/airflow/example_dags/example_task_group_decorator.py
[2024-05-18T04:46:59.063+0000] {processor.py:840} INFO - DAG(s) 'example_task_group_decorator' retrieved from /home/ubuntu/chch-fuel-recommendator/airflow/af_env/lib/python3.12/site-packages/airflow/example_dags/example_task_group_decorator.py
[2024-05-18T04:46:59.101+0000] {logging_mixin.py:188} INFO - [2024-05-18T04:46:59.100+0000] {dag.py:3096} INFO - Sync 1 DAGs
[2024-05-18T04:46:59.136+0000] {logging_mixin.py:188} INFO - [2024-05-18T04:46:59.136+0000] {dag.py:3954} INFO - Setting next_dagrun for example_task_group_decorator to 2024-05-17 00:00:00+00:00, run_after=2024-05-18 00:00:00+00:00
[2024-05-18T04:46:59.167+0000] {processor.py:183} INFO - Processing /home/ubuntu/chch-fuel-recommendator/airflow/af_env/lib/python3.12/site-packages/airflow/example_dags/example_task_group_decorator.py took 0.152 seconds
[2024-05-18T04:47:43.033+0000] {processor.py:161} INFO - Started process (PID=12465) to work on /home/ubuntu/chch-fuel-recommendator/airflow/af_env/lib/python3.12/site-packages/airflow/example_dags/example_task_group_decorator.py
[2024-05-18T04:47:43.035+0000] {processor.py:830} INFO - Processing file /home/ubuntu/chch-fuel-recommendator/airflow/af_env/lib/python3.12/site-packages/airflow/example_dags/example_task_group_decorator.py for tasks to queue
[2024-05-18T04:47:43.038+0000] {logging_mixin.py:188} INFO - [2024-05-18T04:47:43.037+0000] {dagbag.py:545} INFO - Filling up the DagBag from /home/ubuntu/chch-fuel-recommendator/airflow/af_env/lib/python3.12/site-packages/airflow/example_dags/example_task_group_decorator.py
[2024-05-18T04:47:43.065+0000] {processor.py:840} INFO - DAG(s) 'example_task_group_decorator' retrieved from /home/ubuntu/chch-fuel-recommendator/airflow/af_env/lib/python3.12/site-packages/airflow/example_dags/example_task_group_decorator.py
[2024-05-18T04:47:43.105+0000] {logging_mixin.py:188} INFO - [2024-05-18T04:47:43.104+0000] {dag.py:3096} INFO - Sync 1 DAGs
[2024-05-18T04:47:43.136+0000] {logging_mixin.py:188} INFO - [2024-05-18T04:47:43.135+0000] {dag.py:3954} INFO - Setting next_dagrun for example_task_group_decorator to 2024-05-17 00:00:00+00:00, run_after=2024-05-18 00:00:00+00:00
[2024-05-18T04:47:43.191+0000] {processor.py:183} INFO - Processing /home/ubuntu/chch-fuel-recommendator/airflow/af_env/lib/python3.12/site-packages/airflow/example_dags/example_task_group_decorator.py took 0.168 seconds
[2024-05-18T04:48:27.303+0000] {processor.py:161} INFO - Started process (PID=12509) to work on /home/ubuntu/chch-fuel-recommendator/airflow/af_env/lib/python3.12/site-packages/airflow/example_dags/example_task_group_decorator.py
[2024-05-18T04:48:27.306+0000] {processor.py:830} INFO - Processing file /home/ubuntu/chch-fuel-recommendator/airflow/af_env/lib/python3.12/site-packages/airflow/example_dags/example_task_group_decorator.py for tasks to queue
[2024-05-18T04:48:27.307+0000] {logging_mixin.py:188} INFO - [2024-05-18T04:48:27.307+0000] {dagbag.py:545} INFO - Filling up the DagBag from /home/ubuntu/chch-fuel-recommendator/airflow/af_env/lib/python3.12/site-packages/airflow/example_dags/example_task_group_decorator.py
[2024-05-18T04:48:27.333+0000] {processor.py:840} INFO - DAG(s) 'example_task_group_decorator' retrieved from /home/ubuntu/chch-fuel-recommendator/airflow/af_env/lib/python3.12/site-packages/airflow/example_dags/example_task_group_decorator.py
[2024-05-18T04:48:27.359+0000] {logging_mixin.py:188} INFO - [2024-05-18T04:48:27.359+0000] {dag.py:3096} INFO - Sync 1 DAGs
[2024-05-18T04:48:27.382+0000] {logging_mixin.py:188} INFO - [2024-05-18T04:48:27.382+0000] {dag.py:3954} INFO - Setting next_dagrun for example_task_group_decorator to 2024-05-17 00:00:00+00:00, run_after=2024-05-18 00:00:00+00:00
[2024-05-18T04:48:27.411+0000] {processor.py:183} INFO - Processing /home/ubuntu/chch-fuel-recommendator/airflow/af_env/lib/python3.12/site-packages/airflow/example_dags/example_task_group_decorator.py took 0.115 seconds
[2024-05-18T04:49:20.641+0000] {processor.py:161} INFO - Started process (PID=12562) to work on /home/ubuntu/chch-fuel-recommendator/airflow/af_env/lib/python3.12/site-packages/airflow/example_dags/example_task_group_decorator.py
[2024-05-18T04:49:20.642+0000] {processor.py:830} INFO - Processing file /home/ubuntu/chch-fuel-recommendator/airflow/af_env/lib/python3.12/site-packages/airflow/example_dags/example_task_group_decorator.py for tasks to queue
[2024-05-18T04:49:20.645+0000] {logging_mixin.py:188} INFO - [2024-05-18T04:49:20.644+0000] {dagbag.py:545} INFO - Filling up the DagBag from /home/ubuntu/chch-fuel-recommendator/airflow/af_env/lib/python3.12/site-packages/airflow/example_dags/example_task_group_decorator.py
[2024-05-18T04:49:20.664+0000] {processor.py:840} INFO - DAG(s) 'example_task_group_decorator' retrieved from /home/ubuntu/chch-fuel-recommendator/airflow/af_env/lib/python3.12/site-packages/airflow/example_dags/example_task_group_decorator.py
[2024-05-18T04:49:20.693+0000] {logging_mixin.py:188} INFO - [2024-05-18T04:49:20.693+0000] {dag.py:3096} INFO - Sync 1 DAGs
[2024-05-18T04:49:20.720+0000] {logging_mixin.py:188} INFO - [2024-05-18T04:49:20.718+0000] {dag.py:3954} INFO - Setting next_dagrun for example_task_group_decorator to 2024-05-17 00:00:00+00:00, run_after=2024-05-18 00:00:00+00:00
[2024-05-18T04:49:20.750+0000] {processor.py:183} INFO - Processing /home/ubuntu/chch-fuel-recommendator/airflow/af_env/lib/python3.12/site-packages/airflow/example_dags/example_task_group_decorator.py took 0.122 seconds
[2024-05-18T04:50:04.966+0000] {processor.py:161} INFO - Started process (PID=12606) to work on /home/ubuntu/chch-fuel-recommendator/airflow/af_env/lib/python3.12/site-packages/airflow/example_dags/example_task_group_decorator.py
[2024-05-18T04:50:04.968+0000] {processor.py:830} INFO - Processing file /home/ubuntu/chch-fuel-recommendator/airflow/af_env/lib/python3.12/site-packages/airflow/example_dags/example_task_group_decorator.py for tasks to queue
[2024-05-18T04:50:04.970+0000] {logging_mixin.py:188} INFO - [2024-05-18T04:50:04.969+0000] {dagbag.py:545} INFO - Filling up the DagBag from /home/ubuntu/chch-fuel-recommendator/airflow/af_env/lib/python3.12/site-packages/airflow/example_dags/example_task_group_decorator.py
[2024-05-18T04:50:04.989+0000] {processor.py:840} INFO - DAG(s) 'example_task_group_decorator' retrieved from /home/ubuntu/chch-fuel-recommendator/airflow/af_env/lib/python3.12/site-packages/airflow/example_dags/example_task_group_decorator.py
[2024-05-18T04:50:05.028+0000] {logging_mixin.py:188} INFO - [2024-05-18T04:50:05.028+0000] {dag.py:3096} INFO - Sync 1 DAGs
[2024-05-18T04:50:05.062+0000] {logging_mixin.py:188} INFO - [2024-05-18T04:50:05.061+0000] {dag.py:3954} INFO - Setting next_dagrun for example_task_group_decorator to 2024-05-17 00:00:00+00:00, run_after=2024-05-18 00:00:00+00:00
[2024-05-18T04:50:05.116+0000] {processor.py:183} INFO - Processing /home/ubuntu/chch-fuel-recommendator/airflow/af_env/lib/python3.12/site-packages/airflow/example_dags/example_task_group_decorator.py took 0.158 seconds
[2024-05-18T04:50:48.808+0000] {processor.py:161} INFO - Started process (PID=12653) to work on /home/ubuntu/chch-fuel-recommendator/airflow/af_env/lib/python3.12/site-packages/airflow/example_dags/example_task_group_decorator.py
[2024-05-18T04:50:48.809+0000] {processor.py:830} INFO - Processing file /home/ubuntu/chch-fuel-recommendator/airflow/af_env/lib/python3.12/site-packages/airflow/example_dags/example_task_group_decorator.py for tasks to queue
[2024-05-18T04:50:48.811+0000] {logging_mixin.py:188} INFO - [2024-05-18T04:50:48.811+0000] {dagbag.py:545} INFO - Filling up the DagBag from /home/ubuntu/chch-fuel-recommendator/airflow/af_env/lib/python3.12/site-packages/airflow/example_dags/example_task_group_decorator.py
[2024-05-18T04:50:48.833+0000] {processor.py:840} INFO - DAG(s) 'example_task_group_decorator' retrieved from /home/ubuntu/chch-fuel-recommendator/airflow/af_env/lib/python3.12/site-packages/airflow/example_dags/example_task_group_decorator.py
[2024-05-18T04:50:48.860+0000] {logging_mixin.py:188} INFO - [2024-05-18T04:50:48.859+0000] {dag.py:3096} INFO - Sync 1 DAGs
[2024-05-18T04:50:48.885+0000] {logging_mixin.py:188} INFO - [2024-05-18T04:50:48.885+0000] {dag.py:3954} INFO - Setting next_dagrun for example_task_group_decorator to 2024-05-17 00:00:00+00:00, run_after=2024-05-18 00:00:00+00:00
[2024-05-18T04:50:48.914+0000] {processor.py:183} INFO - Processing /home/ubuntu/chch-fuel-recommendator/airflow/af_env/lib/python3.12/site-packages/airflow/example_dags/example_task_group_decorator.py took 0.112 seconds
[2024-05-18T04:51:33.951+0000] {processor.py:161} INFO - Started process (PID=12698) to work on /home/ubuntu/chch-fuel-recommendator/airflow/af_env/lib/python3.12/site-packages/airflow/example_dags/example_task_group_decorator.py
[2024-05-18T04:51:33.956+0000] {processor.py:830} INFO - Processing file /home/ubuntu/chch-fuel-recommendator/airflow/af_env/lib/python3.12/site-packages/airflow/example_dags/example_task_group_decorator.py for tasks to queue
[2024-05-18T04:51:33.959+0000] {logging_mixin.py:188} INFO - [2024-05-18T04:51:33.958+0000] {dagbag.py:545} INFO - Filling up the DagBag from /home/ubuntu/chch-fuel-recommendator/airflow/af_env/lib/python3.12/site-packages/airflow/example_dags/example_task_group_decorator.py
[2024-05-18T04:51:33.990+0000] {processor.py:840} INFO - DAG(s) 'example_task_group_decorator' retrieved from /home/ubuntu/chch-fuel-recommendator/airflow/af_env/lib/python3.12/site-packages/airflow/example_dags/example_task_group_decorator.py
[2024-05-18T04:51:34.032+0000] {logging_mixin.py:188} INFO - [2024-05-18T04:51:34.032+0000] {dag.py:3096} INFO - Sync 1 DAGs
[2024-05-18T04:51:34.062+0000] {logging_mixin.py:188} INFO - [2024-05-18T04:51:34.061+0000] {dag.py:3954} INFO - Setting next_dagrun for example_task_group_decorator to 2024-05-17 00:00:00+00:00, run_after=2024-05-18 00:00:00+00:00
[2024-05-18T04:51:34.084+0000] {processor.py:183} INFO - Processing /home/ubuntu/chch-fuel-recommendator/airflow/af_env/lib/python3.12/site-packages/airflow/example_dags/example_task_group_decorator.py took 0.145 seconds
[2024-05-18T04:52:16.494+0000] {processor.py:161} INFO - Started process (PID=12741) to work on /home/ubuntu/chch-fuel-recommendator/airflow/af_env/lib/python3.12/site-packages/airflow/example_dags/example_task_group_decorator.py
[2024-05-18T04:52:16.496+0000] {processor.py:830} INFO - Processing file /home/ubuntu/chch-fuel-recommendator/airflow/af_env/lib/python3.12/site-packages/airflow/example_dags/example_task_group_decorator.py for tasks to queue
[2024-05-18T04:52:16.499+0000] {logging_mixin.py:188} INFO - [2024-05-18T04:52:16.499+0000] {dagbag.py:545} INFO - Filling up the DagBag from /home/ubuntu/chch-fuel-recommendator/airflow/af_env/lib/python3.12/site-packages/airflow/example_dags/example_task_group_decorator.py
[2024-05-18T04:52:16.516+0000] {processor.py:840} INFO - DAG(s) 'example_task_group_decorator' retrieved from /home/ubuntu/chch-fuel-recommendator/airflow/af_env/lib/python3.12/site-packages/airflow/example_dags/example_task_group_decorator.py
[2024-05-18T04:52:16.538+0000] {logging_mixin.py:188} INFO - [2024-05-18T04:52:16.538+0000] {dag.py:3096} INFO - Sync 1 DAGs
[2024-05-18T04:52:16.558+0000] {logging_mixin.py:188} INFO - [2024-05-18T04:52:16.558+0000] {dag.py:3954} INFO - Setting next_dagrun for example_task_group_decorator to 2024-05-17 00:00:00+00:00, run_after=2024-05-18 00:00:00+00:00
[2024-05-18T04:52:16.582+0000] {processor.py:183} INFO - Processing /home/ubuntu/chch-fuel-recommendator/airflow/af_env/lib/python3.12/site-packages/airflow/example_dags/example_task_group_decorator.py took 0.105 seconds
[2024-05-18T04:53:03.835+0000] {processor.py:161} INFO - Started process (PID=12786) to work on /home/ubuntu/chch-fuel-recommendator/airflow/af_env/lib/python3.12/site-packages/airflow/example_dags/example_task_group_decorator.py
[2024-05-18T04:53:03.836+0000] {processor.py:830} INFO - Processing file /home/ubuntu/chch-fuel-recommendator/airflow/af_env/lib/python3.12/site-packages/airflow/example_dags/example_task_group_decorator.py for tasks to queue
[2024-05-18T04:53:03.839+0000] {logging_mixin.py:188} INFO - [2024-05-18T04:53:03.838+0000] {dagbag.py:545} INFO - Filling up the DagBag from /home/ubuntu/chch-fuel-recommendator/airflow/af_env/lib/python3.12/site-packages/airflow/example_dags/example_task_group_decorator.py
[2024-05-18T04:53:03.864+0000] {processor.py:840} INFO - DAG(s) 'example_task_group_decorator' retrieved from /home/ubuntu/chch-fuel-recommendator/airflow/af_env/lib/python3.12/site-packages/airflow/example_dags/example_task_group_decorator.py
[2024-05-18T04:53:03.893+0000] {logging_mixin.py:188} INFO - [2024-05-18T04:53:03.893+0000] {dag.py:3096} INFO - Sync 1 DAGs
[2024-05-18T04:53:03.921+0000] {logging_mixin.py:188} INFO - [2024-05-18T04:53:03.921+0000] {dag.py:3954} INFO - Setting next_dagrun for example_task_group_decorator to 2024-05-17 00:00:00+00:00, run_after=2024-05-18 00:00:00+00:00
[2024-05-18T04:53:03.952+0000] {processor.py:183} INFO - Processing /home/ubuntu/chch-fuel-recommendator/airflow/af_env/lib/python3.12/site-packages/airflow/example_dags/example_task_group_decorator.py took 0.127 seconds
[2024-05-18T04:53:50.190+0000] {processor.py:161} INFO - Started process (PID=12832) to work on /home/ubuntu/chch-fuel-recommendator/airflow/af_env/lib/python3.12/site-packages/airflow/example_dags/example_task_group_decorator.py
[2024-05-18T04:53:50.192+0000] {processor.py:830} INFO - Processing file /home/ubuntu/chch-fuel-recommendator/airflow/af_env/lib/python3.12/site-packages/airflow/example_dags/example_task_group_decorator.py for tasks to queue
[2024-05-18T04:53:50.194+0000] {logging_mixin.py:188} INFO - [2024-05-18T04:53:50.194+0000] {dagbag.py:545} INFO - Filling up the DagBag from /home/ubuntu/chch-fuel-recommendator/airflow/af_env/lib/python3.12/site-packages/airflow/example_dags/example_task_group_decorator.py
[2024-05-18T04:53:50.214+0000] {processor.py:840} INFO - DAG(s) 'example_task_group_decorator' retrieved from /home/ubuntu/chch-fuel-recommendator/airflow/af_env/lib/python3.12/site-packages/airflow/example_dags/example_task_group_decorator.py
[2024-05-18T04:53:50.244+0000] {logging_mixin.py:188} INFO - [2024-05-18T04:53:50.243+0000] {dag.py:3096} INFO - Sync 1 DAGs
[2024-05-18T04:53:50.268+0000] {logging_mixin.py:188} INFO - [2024-05-18T04:53:50.268+0000] {dag.py:3954} INFO - Setting next_dagrun for example_task_group_decorator to 2024-05-17 00:00:00+00:00, run_after=2024-05-18 00:00:00+00:00
[2024-05-18T04:53:50.299+0000] {processor.py:183} INFO - Processing /home/ubuntu/chch-fuel-recommendator/airflow/af_env/lib/python3.12/site-packages/airflow/example_dags/example_task_group_decorator.py took 0.115 seconds
[2024-05-18T05:32:14.253+0000] {processor.py:161} INFO - Started process (PID=15072) to work on /home/ubuntu/airflow/airflow_env/lib/python3.12/site-packages/airflow/example_dags/example_task_group_decorator.py
[2024-05-18T05:32:14.255+0000] {processor.py:830} INFO - Processing file /home/ubuntu/airflow/airflow_env/lib/python3.12/site-packages/airflow/example_dags/example_task_group_decorator.py for tasks to queue
[2024-05-18T05:32:14.257+0000] {logging_mixin.py:188} INFO - [2024-05-18T05:32:14.257+0000] {dagbag.py:545} INFO - Filling up the DagBag from /home/ubuntu/airflow/airflow_env/lib/python3.12/site-packages/airflow/example_dags/example_task_group_decorator.py
[2024-05-18T05:32:14.280+0000] {processor.py:840} INFO - DAG(s) 'example_task_group_decorator' retrieved from /home/ubuntu/airflow/airflow_env/lib/python3.12/site-packages/airflow/example_dags/example_task_group_decorator.py
[2024-05-18T05:32:14.491+0000] {logging_mixin.py:188} INFO - [2024-05-18T05:32:14.491+0000] {dag.py:3096} INFO - Sync 1 DAGs
[2024-05-18T05:32:14.522+0000] {logging_mixin.py:188} INFO - [2024-05-18T05:32:14.522+0000] {dag.py:3954} INFO - Setting next_dagrun for example_task_group_decorator to 2024-05-17 00:00:00+00:00, run_after=2024-05-18 00:00:00+00:00
[2024-05-18T05:32:14.560+0000] {processor.py:183} INFO - Processing /home/ubuntu/airflow/airflow_env/lib/python3.12/site-packages/airflow/example_dags/example_task_group_decorator.py took 0.316 seconds
[2024-05-18T05:32:45.186+0000] {processor.py:161} INFO - Started process (PID=15126) to work on /home/ubuntu/airflow/airflow_env/lib/python3.12/site-packages/airflow/example_dags/example_task_group_decorator.py
[2024-05-18T05:32:45.187+0000] {processor.py:830} INFO - Processing file /home/ubuntu/airflow/airflow_env/lib/python3.12/site-packages/airflow/example_dags/example_task_group_decorator.py for tasks to queue
[2024-05-18T05:32:45.189+0000] {logging_mixin.py:188} INFO - [2024-05-18T05:32:45.188+0000] {dagbag.py:545} INFO - Filling up the DagBag from /home/ubuntu/airflow/airflow_env/lib/python3.12/site-packages/airflow/example_dags/example_task_group_decorator.py
[2024-05-18T05:32:45.217+0000] {processor.py:840} INFO - DAG(s) 'example_task_group_decorator' retrieved from /home/ubuntu/airflow/airflow_env/lib/python3.12/site-packages/airflow/example_dags/example_task_group_decorator.py
[2024-05-18T05:32:45.366+0000] {logging_mixin.py:188} INFO - [2024-05-18T05:32:45.366+0000] {dag.py:3096} INFO - Sync 1 DAGs
[2024-05-18T05:32:45.417+0000] {logging_mixin.py:188} INFO - [2024-05-18T05:32:45.417+0000] {dag.py:3954} INFO - Setting next_dagrun for example_task_group_decorator to 2024-05-17 00:00:00+00:00, run_after=2024-05-18 00:00:00+00:00
[2024-05-18T05:32:45.446+0000] {processor.py:183} INFO - Processing /home/ubuntu/airflow/airflow_env/lib/python3.12/site-packages/airflow/example_dags/example_task_group_decorator.py took 0.270 seconds
[2024-05-18T05:33:15.626+0000] {processor.py:161} INFO - Started process (PID=15180) to work on /home/ubuntu/airflow/airflow_env/lib/python3.12/site-packages/airflow/example_dags/example_task_group_decorator.py
[2024-05-18T05:33:15.628+0000] {processor.py:830} INFO - Processing file /home/ubuntu/airflow/airflow_env/lib/python3.12/site-packages/airflow/example_dags/example_task_group_decorator.py for tasks to queue
[2024-05-18T05:33:15.630+0000] {logging_mixin.py:188} INFO - [2024-05-18T05:33:15.630+0000] {dagbag.py:545} INFO - Filling up the DagBag from /home/ubuntu/airflow/airflow_env/lib/python3.12/site-packages/airflow/example_dags/example_task_group_decorator.py
[2024-05-18T05:33:15.651+0000] {processor.py:840} INFO - DAG(s) 'example_task_group_decorator' retrieved from /home/ubuntu/airflow/airflow_env/lib/python3.12/site-packages/airflow/example_dags/example_task_group_decorator.py
[2024-05-18T05:33:15.726+0000] {logging_mixin.py:188} INFO - [2024-05-18T05:33:15.726+0000] {dag.py:3096} INFO - Sync 1 DAGs
[2024-05-18T05:33:15.761+0000] {logging_mixin.py:188} INFO - [2024-05-18T05:33:15.761+0000] {dag.py:3954} INFO - Setting next_dagrun for example_task_group_decorator to 2024-05-17 00:00:00+00:00, run_after=2024-05-18 00:00:00+00:00
[2024-05-18T05:33:15.788+0000] {processor.py:183} INFO - Processing /home/ubuntu/airflow/airflow_env/lib/python3.12/site-packages/airflow/example_dags/example_task_group_decorator.py took 0.170 seconds
[2024-05-18T05:33:45.847+0000] {processor.py:161} INFO - Started process (PID=15231) to work on /home/ubuntu/airflow/airflow_env/lib/python3.12/site-packages/airflow/example_dags/example_task_group_decorator.py
[2024-05-18T05:33:45.848+0000] {processor.py:830} INFO - Processing file /home/ubuntu/airflow/airflow_env/lib/python3.12/site-packages/airflow/example_dags/example_task_group_decorator.py for tasks to queue
[2024-05-18T05:33:45.850+0000] {logging_mixin.py:188} INFO - [2024-05-18T05:33:45.850+0000] {dagbag.py:545} INFO - Filling up the DagBag from /home/ubuntu/airflow/airflow_env/lib/python3.12/site-packages/airflow/example_dags/example_task_group_decorator.py
[2024-05-18T05:33:45.873+0000] {processor.py:840} INFO - DAG(s) 'example_task_group_decorator' retrieved from /home/ubuntu/airflow/airflow_env/lib/python3.12/site-packages/airflow/example_dags/example_task_group_decorator.py
[2024-05-18T05:33:45.953+0000] {logging_mixin.py:188} INFO - [2024-05-18T05:33:45.953+0000] {dag.py:3096} INFO - Sync 1 DAGs
[2024-05-18T05:33:46.012+0000] {logging_mixin.py:188} INFO - [2024-05-18T05:33:46.012+0000] {dag.py:3954} INFO - Setting next_dagrun for example_task_group_decorator to 2024-05-17 00:00:00+00:00, run_after=2024-05-18 00:00:00+00:00
[2024-05-18T05:33:46.051+0000] {processor.py:183} INFO - Processing /home/ubuntu/airflow/airflow_env/lib/python3.12/site-packages/airflow/example_dags/example_task_group_decorator.py took 0.213 seconds
[2024-05-18T05:34:17.004+0000] {processor.py:161} INFO - Started process (PID=15283) to work on /home/ubuntu/airflow/airflow_env/lib/python3.12/site-packages/airflow/example_dags/example_task_group_decorator.py
[2024-05-18T05:34:17.006+0000] {processor.py:830} INFO - Processing file /home/ubuntu/airflow/airflow_env/lib/python3.12/site-packages/airflow/example_dags/example_task_group_decorator.py for tasks to queue
[2024-05-18T05:34:17.012+0000] {logging_mixin.py:188} INFO - [2024-05-18T05:34:17.011+0000] {dagbag.py:545} INFO - Filling up the DagBag from /home/ubuntu/airflow/airflow_env/lib/python3.12/site-packages/airflow/example_dags/example_task_group_decorator.py
[2024-05-18T05:34:17.054+0000] {processor.py:840} INFO - DAG(s) 'example_task_group_decorator' retrieved from /home/ubuntu/airflow/airflow_env/lib/python3.12/site-packages/airflow/example_dags/example_task_group_decorator.py
[2024-05-18T05:34:17.144+0000] {logging_mixin.py:188} INFO - [2024-05-18T05:34:17.144+0000] {dag.py:3096} INFO - Sync 1 DAGs
[2024-05-18T05:34:17.178+0000] {logging_mixin.py:188} INFO - [2024-05-18T05:34:17.178+0000] {dag.py:3954} INFO - Setting next_dagrun for example_task_group_decorator to 2024-05-17 00:00:00+00:00, run_after=2024-05-18 00:00:00+00:00
[2024-05-18T05:34:17.209+0000] {processor.py:183} INFO - Processing /home/ubuntu/airflow/airflow_env/lib/python3.12/site-packages/airflow/example_dags/example_task_group_decorator.py took 0.214 seconds
[2024-05-18T05:34:47.879+0000] {processor.py:161} INFO - Started process (PID=15334) to work on /home/ubuntu/airflow/airflow_env/lib/python3.12/site-packages/airflow/example_dags/example_task_group_decorator.py
[2024-05-18T05:34:47.880+0000] {processor.py:830} INFO - Processing file /home/ubuntu/airflow/airflow_env/lib/python3.12/site-packages/airflow/example_dags/example_task_group_decorator.py for tasks to queue
[2024-05-18T05:34:47.882+0000] {logging_mixin.py:188} INFO - [2024-05-18T05:34:47.882+0000] {dagbag.py:545} INFO - Filling up the DagBag from /home/ubuntu/airflow/airflow_env/lib/python3.12/site-packages/airflow/example_dags/example_task_group_decorator.py
[2024-05-18T05:34:47.904+0000] {processor.py:840} INFO - DAG(s) 'example_task_group_decorator' retrieved from /home/ubuntu/airflow/airflow_env/lib/python3.12/site-packages/airflow/example_dags/example_task_group_decorator.py
[2024-05-18T05:34:47.974+0000] {logging_mixin.py:188} INFO - [2024-05-18T05:34:47.974+0000] {dag.py:3096} INFO - Sync 1 DAGs
[2024-05-18T05:34:48.009+0000] {logging_mixin.py:188} INFO - [2024-05-18T05:34:48.008+0000] {dag.py:3954} INFO - Setting next_dagrun for example_task_group_decorator to 2024-05-17 00:00:00+00:00, run_after=2024-05-18 00:00:00+00:00
[2024-05-18T05:34:48.038+0000] {processor.py:183} INFO - Processing /home/ubuntu/airflow/airflow_env/lib/python3.12/site-packages/airflow/example_dags/example_task_group_decorator.py took 0.170 seconds
[2024-05-18T05:35:18.476+0000] {processor.py:161} INFO - Started process (PID=15388) to work on /home/ubuntu/airflow/airflow_env/lib/python3.12/site-packages/airflow/example_dags/example_task_group_decorator.py
[2024-05-18T05:35:18.477+0000] {processor.py:830} INFO - Processing file /home/ubuntu/airflow/airflow_env/lib/python3.12/site-packages/airflow/example_dags/example_task_group_decorator.py for tasks to queue
[2024-05-18T05:35:18.480+0000] {logging_mixin.py:188} INFO - [2024-05-18T05:35:18.480+0000] {dagbag.py:545} INFO - Filling up the DagBag from /home/ubuntu/airflow/airflow_env/lib/python3.12/site-packages/airflow/example_dags/example_task_group_decorator.py
[2024-05-18T05:35:18.507+0000] {processor.py:840} INFO - DAG(s) 'example_task_group_decorator' retrieved from /home/ubuntu/airflow/airflow_env/lib/python3.12/site-packages/airflow/example_dags/example_task_group_decorator.py
[2024-05-18T05:35:18.594+0000] {logging_mixin.py:188} INFO - [2024-05-18T05:35:18.593+0000] {dag.py:3096} INFO - Sync 1 DAGs
[2024-05-18T05:35:18.661+0000] {logging_mixin.py:188} INFO - [2024-05-18T05:35:18.660+0000] {dag.py:3954} INFO - Setting next_dagrun for example_task_group_decorator to 2024-05-17 00:00:00+00:00, run_after=2024-05-18 00:00:00+00:00
[2024-05-18T05:35:18.693+0000] {processor.py:183} INFO - Processing /home/ubuntu/airflow/airflow_env/lib/python3.12/site-packages/airflow/example_dags/example_task_group_decorator.py took 0.227 seconds
[2024-05-18T05:35:48.731+0000] {processor.py:161} INFO - Started process (PID=15439) to work on /home/ubuntu/airflow/airflow_env/lib/python3.12/site-packages/airflow/example_dags/example_task_group_decorator.py
[2024-05-18T05:35:48.732+0000] {processor.py:830} INFO - Processing file /home/ubuntu/airflow/airflow_env/lib/python3.12/site-packages/airflow/example_dags/example_task_group_decorator.py for tasks to queue
[2024-05-18T05:35:48.736+0000] {logging_mixin.py:188} INFO - [2024-05-18T05:35:48.735+0000] {dagbag.py:545} INFO - Filling up the DagBag from /home/ubuntu/airflow/airflow_env/lib/python3.12/site-packages/airflow/example_dags/example_task_group_decorator.py
[2024-05-18T05:35:48.767+0000] {processor.py:840} INFO - DAG(s) 'example_task_group_decorator' retrieved from /home/ubuntu/airflow/airflow_env/lib/python3.12/site-packages/airflow/example_dags/example_task_group_decorator.py
[2024-05-18T05:35:48.862+0000] {logging_mixin.py:188} INFO - [2024-05-18T05:35:48.862+0000] {dag.py:3096} INFO - Sync 1 DAGs
[2024-05-18T05:35:48.902+0000] {logging_mixin.py:188} INFO - [2024-05-18T05:35:48.902+0000] {dag.py:3954} INFO - Setting next_dagrun for example_task_group_decorator to 2024-05-17 00:00:00+00:00, run_after=2024-05-18 00:00:00+00:00
[2024-05-18T05:35:48.936+0000] {processor.py:183} INFO - Processing /home/ubuntu/airflow/airflow_env/lib/python3.12/site-packages/airflow/example_dags/example_task_group_decorator.py took 0.217 seconds
[2024-05-18T05:36:19.696+0000] {processor.py:161} INFO - Started process (PID=15490) to work on /home/ubuntu/airflow/airflow_env/lib/python3.12/site-packages/airflow/example_dags/example_task_group_decorator.py
[2024-05-18T05:36:19.698+0000] {processor.py:830} INFO - Processing file /home/ubuntu/airflow/airflow_env/lib/python3.12/site-packages/airflow/example_dags/example_task_group_decorator.py for tasks to queue
[2024-05-18T05:36:19.700+0000] {logging_mixin.py:188} INFO - [2024-05-18T05:36:19.700+0000] {dagbag.py:545} INFO - Filling up the DagBag from /home/ubuntu/airflow/airflow_env/lib/python3.12/site-packages/airflow/example_dags/example_task_group_decorator.py
[2024-05-18T05:36:19.717+0000] {processor.py:840} INFO - DAG(s) 'example_task_group_decorator' retrieved from /home/ubuntu/airflow/airflow_env/lib/python3.12/site-packages/airflow/example_dags/example_task_group_decorator.py
[2024-05-18T05:36:19.779+0000] {logging_mixin.py:188} INFO - [2024-05-18T05:36:19.778+0000] {dag.py:3096} INFO - Sync 1 DAGs
[2024-05-18T05:36:19.810+0000] {logging_mixin.py:188} INFO - [2024-05-18T05:36:19.810+0000] {dag.py:3954} INFO - Setting next_dagrun for example_task_group_decorator to 2024-05-17 00:00:00+00:00, run_after=2024-05-18 00:00:00+00:00
[2024-05-18T05:36:19.838+0000] {processor.py:183} INFO - Processing /home/ubuntu/airflow/airflow_env/lib/python3.12/site-packages/airflow/example_dags/example_task_group_decorator.py took 0.152 seconds
[2024-05-18T05:36:50.782+0000] {processor.py:161} INFO - Started process (PID=15541) to work on /home/ubuntu/airflow/airflow_env/lib/python3.12/site-packages/airflow/example_dags/example_task_group_decorator.py
[2024-05-18T05:36:50.784+0000] {processor.py:830} INFO - Processing file /home/ubuntu/airflow/airflow_env/lib/python3.12/site-packages/airflow/example_dags/example_task_group_decorator.py for tasks to queue
[2024-05-18T05:36:50.787+0000] {logging_mixin.py:188} INFO - [2024-05-18T05:36:50.786+0000] {dagbag.py:545} INFO - Filling up the DagBag from /home/ubuntu/airflow/airflow_env/lib/python3.12/site-packages/airflow/example_dags/example_task_group_decorator.py
[2024-05-18T05:36:50.817+0000] {processor.py:840} INFO - DAG(s) 'example_task_group_decorator' retrieved from /home/ubuntu/airflow/airflow_env/lib/python3.12/site-packages/airflow/example_dags/example_task_group_decorator.py
[2024-05-18T05:36:50.895+0000] {logging_mixin.py:188} INFO - [2024-05-18T05:36:50.895+0000] {dag.py:3096} INFO - Sync 1 DAGs
[2024-05-18T05:36:50.928+0000] {logging_mixin.py:188} INFO - [2024-05-18T05:36:50.928+0000] {dag.py:3954} INFO - Setting next_dagrun for example_task_group_decorator to 2024-05-17 00:00:00+00:00, run_after=2024-05-18 00:00:00+00:00
[2024-05-18T05:36:50.955+0000] {processor.py:183} INFO - Processing /home/ubuntu/airflow/airflow_env/lib/python3.12/site-packages/airflow/example_dags/example_task_group_decorator.py took 0.206 seconds
[2024-05-18T05:37:21.699+0000] {processor.py:161} INFO - Started process (PID=15592) to work on /home/ubuntu/airflow/airflow_env/lib/python3.12/site-packages/airflow/example_dags/example_task_group_decorator.py
[2024-05-18T05:37:21.701+0000] {processor.py:830} INFO - Processing file /home/ubuntu/airflow/airflow_env/lib/python3.12/site-packages/airflow/example_dags/example_task_group_decorator.py for tasks to queue
[2024-05-18T05:37:21.703+0000] {logging_mixin.py:188} INFO - [2024-05-18T05:37:21.703+0000] {dagbag.py:545} INFO - Filling up the DagBag from /home/ubuntu/airflow/airflow_env/lib/python3.12/site-packages/airflow/example_dags/example_task_group_decorator.py
[2024-05-18T05:37:21.726+0000] {processor.py:840} INFO - DAG(s) 'example_task_group_decorator' retrieved from /home/ubuntu/airflow/airflow_env/lib/python3.12/site-packages/airflow/example_dags/example_task_group_decorator.py
[2024-05-18T05:37:21.796+0000] {logging_mixin.py:188} INFO - [2024-05-18T05:37:21.796+0000] {dag.py:3096} INFO - Sync 1 DAGs
[2024-05-18T05:37:21.831+0000] {logging_mixin.py:188} INFO - [2024-05-18T05:37:21.830+0000] {dag.py:3954} INFO - Setting next_dagrun for example_task_group_decorator to 2024-05-17 00:00:00+00:00, run_after=2024-05-18 00:00:00+00:00
[2024-05-18T05:37:21.869+0000] {processor.py:183} INFO - Processing /home/ubuntu/airflow/airflow_env/lib/python3.12/site-packages/airflow/example_dags/example_task_group_decorator.py took 0.180 seconds
[2024-05-18T05:37:52.008+0000] {processor.py:161} INFO - Started process (PID=15644) to work on /home/ubuntu/airflow/airflow_env/lib/python3.12/site-packages/airflow/example_dags/example_task_group_decorator.py
[2024-05-18T05:37:52.009+0000] {processor.py:830} INFO - Processing file /home/ubuntu/airflow/airflow_env/lib/python3.12/site-packages/airflow/example_dags/example_task_group_decorator.py for tasks to queue
[2024-05-18T05:37:52.012+0000] {logging_mixin.py:188} INFO - [2024-05-18T05:37:52.011+0000] {dagbag.py:545} INFO - Filling up the DagBag from /home/ubuntu/airflow/airflow_env/lib/python3.12/site-packages/airflow/example_dags/example_task_group_decorator.py
[2024-05-18T05:37:52.036+0000] {processor.py:840} INFO - DAG(s) 'example_task_group_decorator' retrieved from /home/ubuntu/airflow/airflow_env/lib/python3.12/site-packages/airflow/example_dags/example_task_group_decorator.py
[2024-05-18T05:37:52.155+0000] {logging_mixin.py:188} INFO - [2024-05-18T05:37:52.155+0000] {dag.py:3096} INFO - Sync 1 DAGs
[2024-05-18T05:37:52.209+0000] {logging_mixin.py:188} INFO - [2024-05-18T05:37:52.209+0000] {dag.py:3954} INFO - Setting next_dagrun for example_task_group_decorator to 2024-05-17 00:00:00+00:00, run_after=2024-05-18 00:00:00+00:00
[2024-05-18T05:37:52.237+0000] {processor.py:183} INFO - Processing /home/ubuntu/airflow/airflow_env/lib/python3.12/site-packages/airflow/example_dags/example_task_group_decorator.py took 0.239 seconds
[2024-05-18T05:38:22.277+0000] {processor.py:161} INFO - Started process (PID=15694) to work on /home/ubuntu/airflow/airflow_env/lib/python3.12/site-packages/airflow/example_dags/example_task_group_decorator.py
[2024-05-18T05:38:22.278+0000] {processor.py:830} INFO - Processing file /home/ubuntu/airflow/airflow_env/lib/python3.12/site-packages/airflow/example_dags/example_task_group_decorator.py for tasks to queue
[2024-05-18T05:38:22.281+0000] {logging_mixin.py:188} INFO - [2024-05-18T05:38:22.280+0000] {dagbag.py:545} INFO - Filling up the DagBag from /home/ubuntu/airflow/airflow_env/lib/python3.12/site-packages/airflow/example_dags/example_task_group_decorator.py
[2024-05-18T05:38:22.309+0000] {processor.py:840} INFO - DAG(s) 'example_task_group_decorator' retrieved from /home/ubuntu/airflow/airflow_env/lib/python3.12/site-packages/airflow/example_dags/example_task_group_decorator.py
[2024-05-18T05:38:22.387+0000] {logging_mixin.py:188} INFO - [2024-05-18T05:38:22.386+0000] {dag.py:3096} INFO - Sync 1 DAGs
[2024-05-18T05:38:22.432+0000] {logging_mixin.py:188} INFO - [2024-05-18T05:38:22.431+0000] {dag.py:3954} INFO - Setting next_dagrun for example_task_group_decorator to 2024-05-17 00:00:00+00:00, run_after=2024-05-18 00:00:00+00:00
[2024-05-18T05:38:22.459+0000] {processor.py:183} INFO - Processing /home/ubuntu/airflow/airflow_env/lib/python3.12/site-packages/airflow/example_dags/example_task_group_decorator.py took 0.192 seconds
[2024-05-18T05:38:52.526+0000] {processor.py:161} INFO - Started process (PID=15745) to work on /home/ubuntu/airflow/airflow_env/lib/python3.12/site-packages/airflow/example_dags/example_task_group_decorator.py
[2024-05-18T05:38:52.527+0000] {processor.py:830} INFO - Processing file /home/ubuntu/airflow/airflow_env/lib/python3.12/site-packages/airflow/example_dags/example_task_group_decorator.py for tasks to queue
[2024-05-18T05:38:52.528+0000] {logging_mixin.py:188} INFO - [2024-05-18T05:38:52.528+0000] {dagbag.py:545} INFO - Filling up the DagBag from /home/ubuntu/airflow/airflow_env/lib/python3.12/site-packages/airflow/example_dags/example_task_group_decorator.py
[2024-05-18T05:38:52.558+0000] {processor.py:840} INFO - DAG(s) 'example_task_group_decorator' retrieved from /home/ubuntu/airflow/airflow_env/lib/python3.12/site-packages/airflow/example_dags/example_task_group_decorator.py
[2024-05-18T05:38:52.614+0000] {logging_mixin.py:188} INFO - [2024-05-18T05:38:52.614+0000] {dag.py:3096} INFO - Sync 1 DAGs
[2024-05-18T05:38:52.642+0000] {logging_mixin.py:188} INFO - [2024-05-18T05:38:52.641+0000] {dag.py:3954} INFO - Setting next_dagrun for example_task_group_decorator to 2024-05-17 00:00:00+00:00, run_after=2024-05-18 00:00:00+00:00
[2024-05-18T05:38:52.684+0000] {processor.py:183} INFO - Processing /home/ubuntu/airflow/airflow_env/lib/python3.12/site-packages/airflow/example_dags/example_task_group_decorator.py took 0.165 seconds
[2024-05-18T05:39:23.484+0000] {processor.py:161} INFO - Started process (PID=15798) to work on /home/ubuntu/airflow/airflow_env/lib/python3.12/site-packages/airflow/example_dags/example_task_group_decorator.py
[2024-05-18T05:39:23.485+0000] {processor.py:830} INFO - Processing file /home/ubuntu/airflow/airflow_env/lib/python3.12/site-packages/airflow/example_dags/example_task_group_decorator.py for tasks to queue
[2024-05-18T05:39:23.488+0000] {logging_mixin.py:188} INFO - [2024-05-18T05:39:23.487+0000] {dagbag.py:545} INFO - Filling up the DagBag from /home/ubuntu/airflow/airflow_env/lib/python3.12/site-packages/airflow/example_dags/example_task_group_decorator.py
[2024-05-18T05:39:23.509+0000] {processor.py:840} INFO - DAG(s) 'example_task_group_decorator' retrieved from /home/ubuntu/airflow/airflow_env/lib/python3.12/site-packages/airflow/example_dags/example_task_group_decorator.py
[2024-05-18T05:39:23.577+0000] {logging_mixin.py:188} INFO - [2024-05-18T05:39:23.576+0000] {dag.py:3096} INFO - Sync 1 DAGs
[2024-05-18T05:39:23.613+0000] {logging_mixin.py:188} INFO - [2024-05-18T05:39:23.613+0000] {dag.py:3954} INFO - Setting next_dagrun for example_task_group_decorator to 2024-05-17 00:00:00+00:00, run_after=2024-05-18 00:00:00+00:00
[2024-05-18T05:39:23.644+0000] {processor.py:183} INFO - Processing /home/ubuntu/airflow/airflow_env/lib/python3.12/site-packages/airflow/example_dags/example_task_group_decorator.py took 0.173 seconds
[2024-05-18T05:39:53.817+0000] {processor.py:161} INFO - Started process (PID=15849) to work on /home/ubuntu/airflow/airflow_env/lib/python3.12/site-packages/airflow/example_dags/example_task_group_decorator.py
[2024-05-18T05:39:53.818+0000] {processor.py:830} INFO - Processing file /home/ubuntu/airflow/airflow_env/lib/python3.12/site-packages/airflow/example_dags/example_task_group_decorator.py for tasks to queue
[2024-05-18T05:39:53.820+0000] {logging_mixin.py:188} INFO - [2024-05-18T05:39:53.820+0000] {dagbag.py:545} INFO - Filling up the DagBag from /home/ubuntu/airflow/airflow_env/lib/python3.12/site-packages/airflow/example_dags/example_task_group_decorator.py
[2024-05-18T05:39:53.851+0000] {processor.py:840} INFO - DAG(s) 'example_task_group_decorator' retrieved from /home/ubuntu/airflow/airflow_env/lib/python3.12/site-packages/airflow/example_dags/example_task_group_decorator.py
[2024-05-18T05:39:53.921+0000] {logging_mixin.py:188} INFO - [2024-05-18T05:39:53.921+0000] {dag.py:3096} INFO - Sync 1 DAGs
[2024-05-18T05:39:53.953+0000] {logging_mixin.py:188} INFO - [2024-05-18T05:39:53.953+0000] {dag.py:3954} INFO - Setting next_dagrun for example_task_group_decorator to 2024-05-17 00:00:00+00:00, run_after=2024-05-18 00:00:00+00:00
[2024-05-18T05:39:53.977+0000] {processor.py:183} INFO - Processing /home/ubuntu/airflow/airflow_env/lib/python3.12/site-packages/airflow/example_dags/example_task_group_decorator.py took 0.173 seconds
[2024-05-18T05:40:24.099+0000] {processor.py:161} INFO - Started process (PID=16182) to work on /home/ubuntu/airflow/airflow_env/lib/python3.12/site-packages/airflow/example_dags/example_task_group_decorator.py
[2024-05-18T05:40:24.101+0000] {processor.py:830} INFO - Processing file /home/ubuntu/airflow/airflow_env/lib/python3.12/site-packages/airflow/example_dags/example_task_group_decorator.py for tasks to queue
[2024-05-18T05:40:24.103+0000] {logging_mixin.py:188} INFO - [2024-05-18T05:40:24.103+0000] {dagbag.py:545} INFO - Filling up the DagBag from /home/ubuntu/airflow/airflow_env/lib/python3.12/site-packages/airflow/example_dags/example_task_group_decorator.py
[2024-05-18T05:40:24.123+0000] {processor.py:840} INFO - DAG(s) 'example_task_group_decorator' retrieved from /home/ubuntu/airflow/airflow_env/lib/python3.12/site-packages/airflow/example_dags/example_task_group_decorator.py
[2024-05-18T05:40:24.192+0000] {logging_mixin.py:188} INFO - [2024-05-18T05:40:24.192+0000] {dag.py:3096} INFO - Sync 1 DAGs
[2024-05-18T05:40:24.230+0000] {logging_mixin.py:188} INFO - [2024-05-18T05:40:24.230+0000] {dag.py:3954} INFO - Setting next_dagrun for example_task_group_decorator to 2024-05-17 00:00:00+00:00, run_after=2024-05-18 00:00:00+00:00
[2024-05-18T05:40:24.257+0000] {processor.py:183} INFO - Processing /home/ubuntu/airflow/airflow_env/lib/python3.12/site-packages/airflow/example_dags/example_task_group_decorator.py took 0.167 seconds
[2024-05-18T05:40:54.544+0000] {processor.py:161} INFO - Started process (PID=16237) to work on /home/ubuntu/airflow/airflow_env/lib/python3.12/site-packages/airflow/example_dags/example_task_group_decorator.py
[2024-05-18T05:40:54.545+0000] {processor.py:830} INFO - Processing file /home/ubuntu/airflow/airflow_env/lib/python3.12/site-packages/airflow/example_dags/example_task_group_decorator.py for tasks to queue
[2024-05-18T05:40:54.548+0000] {logging_mixin.py:188} INFO - [2024-05-18T05:40:54.547+0000] {dagbag.py:545} INFO - Filling up the DagBag from /home/ubuntu/airflow/airflow_env/lib/python3.12/site-packages/airflow/example_dags/example_task_group_decorator.py
[2024-05-18T05:40:54.572+0000] {processor.py:840} INFO - DAG(s) 'example_task_group_decorator' retrieved from /home/ubuntu/airflow/airflow_env/lib/python3.12/site-packages/airflow/example_dags/example_task_group_decorator.py
[2024-05-18T05:40:54.654+0000] {logging_mixin.py:188} INFO - [2024-05-18T05:40:54.653+0000] {dag.py:3096} INFO - Sync 1 DAGs
[2024-05-18T05:40:54.698+0000] {logging_mixin.py:188} INFO - [2024-05-18T05:40:54.698+0000] {dag.py:3954} INFO - Setting next_dagrun for example_task_group_decorator to 2024-05-17 00:00:00+00:00, run_after=2024-05-18 00:00:00+00:00
[2024-05-18T05:40:54.734+0000] {processor.py:183} INFO - Processing /home/ubuntu/airflow/airflow_env/lib/python3.12/site-packages/airflow/example_dags/example_task_group_decorator.py took 0.203 seconds
[2024-05-18T05:41:25.046+0000] {processor.py:161} INFO - Started process (PID=16288) to work on /home/ubuntu/airflow/airflow_env/lib/python3.12/site-packages/airflow/example_dags/example_task_group_decorator.py
[2024-05-18T05:41:25.049+0000] {processor.py:830} INFO - Processing file /home/ubuntu/airflow/airflow_env/lib/python3.12/site-packages/airflow/example_dags/example_task_group_decorator.py for tasks to queue
[2024-05-18T05:41:25.054+0000] {logging_mixin.py:188} INFO - [2024-05-18T05:41:25.054+0000] {dagbag.py:545} INFO - Filling up the DagBag from /home/ubuntu/airflow/airflow_env/lib/python3.12/site-packages/airflow/example_dags/example_task_group_decorator.py
[2024-05-18T05:41:25.093+0000] {processor.py:840} INFO - DAG(s) 'example_task_group_decorator' retrieved from /home/ubuntu/airflow/airflow_env/lib/python3.12/site-packages/airflow/example_dags/example_task_group_decorator.py
[2024-05-18T05:41:25.173+0000] {logging_mixin.py:188} INFO - [2024-05-18T05:41:25.172+0000] {dag.py:3096} INFO - Sync 1 DAGs
[2024-05-18T05:41:25.216+0000] {logging_mixin.py:188} INFO - [2024-05-18T05:41:25.215+0000] {dag.py:3954} INFO - Setting next_dagrun for example_task_group_decorator to 2024-05-17 00:00:00+00:00, run_after=2024-05-18 00:00:00+00:00
[2024-05-18T05:41:25.258+0000] {processor.py:183} INFO - Processing /home/ubuntu/airflow/airflow_env/lib/python3.12/site-packages/airflow/example_dags/example_task_group_decorator.py took 0.228 seconds
[2024-05-18T05:41:55.755+0000] {processor.py:161} INFO - Started process (PID=16341) to work on /home/ubuntu/airflow/airflow_env/lib/python3.12/site-packages/airflow/example_dags/example_task_group_decorator.py
[2024-05-18T05:41:55.756+0000] {processor.py:830} INFO - Processing file /home/ubuntu/airflow/airflow_env/lib/python3.12/site-packages/airflow/example_dags/example_task_group_decorator.py for tasks to queue
[2024-05-18T05:41:55.759+0000] {logging_mixin.py:188} INFO - [2024-05-18T05:41:55.758+0000] {dagbag.py:545} INFO - Filling up the DagBag from /home/ubuntu/airflow/airflow_env/lib/python3.12/site-packages/airflow/example_dags/example_task_group_decorator.py
[2024-05-18T05:41:55.808+0000] {processor.py:840} INFO - DAG(s) 'example_task_group_decorator' retrieved from /home/ubuntu/airflow/airflow_env/lib/python3.12/site-packages/airflow/example_dags/example_task_group_decorator.py
[2024-05-18T05:41:55.880+0000] {logging_mixin.py:188} INFO - [2024-05-18T05:41:55.880+0000] {dag.py:3096} INFO - Sync 1 DAGs
[2024-05-18T05:41:55.920+0000] {logging_mixin.py:188} INFO - [2024-05-18T05:41:55.920+0000] {dag.py:3954} INFO - Setting next_dagrun for example_task_group_decorator to 2024-05-17 00:00:00+00:00, run_after=2024-05-18 00:00:00+00:00
[2024-05-18T05:41:55.959+0000] {processor.py:183} INFO - Processing /home/ubuntu/airflow/airflow_env/lib/python3.12/site-packages/airflow/example_dags/example_task_group_decorator.py took 0.213 seconds
[2024-05-18T05:42:26.782+0000] {processor.py:161} INFO - Started process (PID=16392) to work on /home/ubuntu/airflow/airflow_env/lib/python3.12/site-packages/airflow/example_dags/example_task_group_decorator.py
[2024-05-18T05:42:26.783+0000] {processor.py:830} INFO - Processing file /home/ubuntu/airflow/airflow_env/lib/python3.12/site-packages/airflow/example_dags/example_task_group_decorator.py for tasks to queue
[2024-05-18T05:42:26.787+0000] {logging_mixin.py:188} INFO - [2024-05-18T05:42:26.786+0000] {dagbag.py:545} INFO - Filling up the DagBag from /home/ubuntu/airflow/airflow_env/lib/python3.12/site-packages/airflow/example_dags/example_task_group_decorator.py
[2024-05-18T05:42:26.809+0000] {processor.py:840} INFO - DAG(s) 'example_task_group_decorator' retrieved from /home/ubuntu/airflow/airflow_env/lib/python3.12/site-packages/airflow/example_dags/example_task_group_decorator.py
[2024-05-18T05:42:26.907+0000] {logging_mixin.py:188} INFO - [2024-05-18T05:42:26.906+0000] {dag.py:3096} INFO - Sync 1 DAGs
[2024-05-18T05:42:26.947+0000] {logging_mixin.py:188} INFO - [2024-05-18T05:42:26.946+0000] {dag.py:3954} INFO - Setting next_dagrun for example_task_group_decorator to 2024-05-17 00:00:00+00:00, run_after=2024-05-18 00:00:00+00:00
[2024-05-18T05:42:26.985+0000] {processor.py:183} INFO - Processing /home/ubuntu/airflow/airflow_env/lib/python3.12/site-packages/airflow/example_dags/example_task_group_decorator.py took 0.217 seconds
[2024-05-18T05:42:57.195+0000] {processor.py:161} INFO - Started process (PID=16443) to work on /home/ubuntu/airflow/airflow_env/lib/python3.12/site-packages/airflow/example_dags/example_task_group_decorator.py
[2024-05-18T05:42:57.196+0000] {processor.py:830} INFO - Processing file /home/ubuntu/airflow/airflow_env/lib/python3.12/site-packages/airflow/example_dags/example_task_group_decorator.py for tasks to queue
[2024-05-18T05:42:57.199+0000] {logging_mixin.py:188} INFO - [2024-05-18T05:42:57.198+0000] {dagbag.py:545} INFO - Filling up the DagBag from /home/ubuntu/airflow/airflow_env/lib/python3.12/site-packages/airflow/example_dags/example_task_group_decorator.py
[2024-05-18T05:42:57.221+0000] {processor.py:840} INFO - DAG(s) 'example_task_group_decorator' retrieved from /home/ubuntu/airflow/airflow_env/lib/python3.12/site-packages/airflow/example_dags/example_task_group_decorator.py
[2024-05-18T05:42:57.326+0000] {logging_mixin.py:188} INFO - [2024-05-18T05:42:57.325+0000] {dag.py:3096} INFO - Sync 1 DAGs
[2024-05-18T05:42:57.358+0000] {logging_mixin.py:188} INFO - [2024-05-18T05:42:57.357+0000] {dag.py:3954} INFO - Setting next_dagrun for example_task_group_decorator to 2024-05-17 00:00:00+00:00, run_after=2024-05-18 00:00:00+00:00
[2024-05-18T05:42:57.389+0000] {processor.py:183} INFO - Processing /home/ubuntu/airflow/airflow_env/lib/python3.12/site-packages/airflow/example_dags/example_task_group_decorator.py took 0.205 seconds
[2024-05-18T05:43:28.319+0000] {processor.py:161} INFO - Started process (PID=16528) to work on /home/ubuntu/airflow/airflow_env/lib/python3.12/site-packages/airflow/example_dags/example_task_group_decorator.py
[2024-05-18T05:43:28.321+0000] {processor.py:830} INFO - Processing file /home/ubuntu/airflow/airflow_env/lib/python3.12/site-packages/airflow/example_dags/example_task_group_decorator.py for tasks to queue
[2024-05-18T05:43:28.323+0000] {logging_mixin.py:188} INFO - [2024-05-18T05:43:28.323+0000] {dagbag.py:545} INFO - Filling up the DagBag from /home/ubuntu/airflow/airflow_env/lib/python3.12/site-packages/airflow/example_dags/example_task_group_decorator.py
[2024-05-18T05:43:28.342+0000] {processor.py:840} INFO - DAG(s) 'example_task_group_decorator' retrieved from /home/ubuntu/airflow/airflow_env/lib/python3.12/site-packages/airflow/example_dags/example_task_group_decorator.py
[2024-05-18T05:43:28.416+0000] {logging_mixin.py:188} INFO - [2024-05-18T05:43:28.416+0000] {dag.py:3096} INFO - Sync 1 DAGs
[2024-05-18T05:43:28.448+0000] {logging_mixin.py:188} INFO - [2024-05-18T05:43:28.448+0000] {dag.py:3954} INFO - Setting next_dagrun for example_task_group_decorator to 2024-05-17 00:00:00+00:00, run_after=2024-05-18 00:00:00+00:00
[2024-05-18T05:43:28.674+0000] {processor.py:183} INFO - Processing /home/ubuntu/airflow/airflow_env/lib/python3.12/site-packages/airflow/example_dags/example_task_group_decorator.py took 0.368 seconds
[2024-05-18T05:43:58.994+0000] {processor.py:161} INFO - Started process (PID=16579) to work on /home/ubuntu/airflow/airflow_env/lib/python3.12/site-packages/airflow/example_dags/example_task_group_decorator.py
[2024-05-18T05:43:58.995+0000] {processor.py:830} INFO - Processing file /home/ubuntu/airflow/airflow_env/lib/python3.12/site-packages/airflow/example_dags/example_task_group_decorator.py for tasks to queue
[2024-05-18T05:43:58.998+0000] {logging_mixin.py:188} INFO - [2024-05-18T05:43:58.998+0000] {dagbag.py:545} INFO - Filling up the DagBag from /home/ubuntu/airflow/airflow_env/lib/python3.12/site-packages/airflow/example_dags/example_task_group_decorator.py
[2024-05-18T05:43:59.017+0000] {processor.py:840} INFO - DAG(s) 'example_task_group_decorator' retrieved from /home/ubuntu/airflow/airflow_env/lib/python3.12/site-packages/airflow/example_dags/example_task_group_decorator.py
[2024-05-18T05:43:59.070+0000] {logging_mixin.py:188} INFO - [2024-05-18T05:43:59.069+0000] {dag.py:3096} INFO - Sync 1 DAGs
[2024-05-18T05:43:59.101+0000] {logging_mixin.py:188} INFO - [2024-05-18T05:43:59.101+0000] {dag.py:3954} INFO - Setting next_dagrun for example_task_group_decorator to 2024-05-17 00:00:00+00:00, run_after=2024-05-18 00:00:00+00:00
[2024-05-18T05:43:59.127+0000] {processor.py:183} INFO - Processing /home/ubuntu/airflow/airflow_env/lib/python3.12/site-packages/airflow/example_dags/example_task_group_decorator.py took 0.141 seconds
