[2024-05-18T04:44:35.573+0000] {processor.py:161} INFO - Started process (PID=12281) to work on /home/ubuntu/chch-fuel-recommendator/airflow/af_env/lib/python3.12/site-packages/airflow/example_dags/example_external_task_marker_dag.py
[2024-05-18T04:44:35.574+0000] {processor.py:830} INFO - Processing file /home/ubuntu/chch-fuel-recommendator/airflow/af_env/lib/python3.12/site-packages/airflow/example_dags/example_external_task_marker_dag.py for tasks to queue
[2024-05-18T04:44:35.577+0000] {logging_mixin.py:188} INFO - [2024-05-18T04:44:35.576+0000] {dagbag.py:545} INFO - Filling up the DagBag from /home/ubuntu/chch-fuel-recommendator/airflow/af_env/lib/python3.12/site-packages/airflow/example_dags/example_external_task_marker_dag.py
[2024-05-18T04:44:35.583+0000] {processor.py:840} INFO - DAG(s) 'example_external_task_marker_child', 'example_external_task_marker_parent' retrieved from /home/ubuntu/chch-fuel-recommendator/airflow/af_env/lib/python3.12/site-packages/airflow/example_dags/example_external_task_marker_dag.py
[2024-05-18T04:44:35.710+0000] {logging_mixin.py:188} INFO - [2024-05-18T04:44:35.709+0000] {override.py:1829} INFO - Created Permission View: can edit on DAG:example_external_task_marker_child
[2024-05-18T04:44:35.726+0000] {logging_mixin.py:188} INFO - [2024-05-18T04:44:35.725+0000] {override.py:1829} INFO - Created Permission View: can read on DAG:example_external_task_marker_child
[2024-05-18T04:44:35.737+0000] {logging_mixin.py:188} INFO - [2024-05-18T04:44:35.737+0000] {override.py:1829} INFO - Created Permission View: can delete on DAG:example_external_task_marker_child
[2024-05-18T04:44:35.760+0000] {logging_mixin.py:188} INFO - [2024-05-18T04:44:35.759+0000] {override.py:1829} INFO - Created Permission View: can edit on DAG:example_external_task_marker_parent
[2024-05-18T04:44:35.773+0000] {logging_mixin.py:188} INFO - [2024-05-18T04:44:35.772+0000] {override.py:1829} INFO - Created Permission View: can read on DAG:example_external_task_marker_parent
[2024-05-18T04:44:35.783+0000] {logging_mixin.py:188} INFO - [2024-05-18T04:44:35.782+0000] {override.py:1829} INFO - Created Permission View: can delete on DAG:example_external_task_marker_parent
[2024-05-18T04:44:35.783+0000] {logging_mixin.py:188} INFO - [2024-05-18T04:44:35.783+0000] {dag.py:3096} INFO - Sync 2 DAGs
[2024-05-18T04:44:35.794+0000] {logging_mixin.py:188} INFO - [2024-05-18T04:44:35.793+0000] {dag.py:3118} INFO - Creating ORM DAG for example_external_task_marker_child
[2024-05-18T04:44:35.794+0000] {logging_mixin.py:188} INFO - [2024-05-18T04:44:35.794+0000] {dag.py:3118} INFO - Creating ORM DAG for example_external_task_marker_parent
[2024-05-18T04:44:35.795+0000] {logging_mixin.py:188} INFO - [2024-05-18T04:44:35.794+0000] {dag.py:3954} INFO - Setting next_dagrun for example_external_task_marker_child to None, run_after=None
[2024-05-18T04:44:35.795+0000] {logging_mixin.py:188} INFO - [2024-05-18T04:44:35.795+0000] {dag.py:3954} INFO - Setting next_dagrun for example_external_task_marker_parent to None, run_after=None
[2024-05-18T04:44:35.820+0000] {processor.py:183} INFO - Processing /home/ubuntu/chch-fuel-recommendator/airflow/af_env/lib/python3.12/site-packages/airflow/example_dags/example_external_task_marker_dag.py took 0.253 seconds
[2024-05-18T04:45:30.495+0000] {processor.py:161} INFO - Started process (PID=12335) to work on /home/ubuntu/chch-fuel-recommendator/airflow/af_env/lib/python3.12/site-packages/airflow/example_dags/example_external_task_marker_dag.py
[2024-05-18T04:45:30.497+0000] {processor.py:830} INFO - Processing file /home/ubuntu/chch-fuel-recommendator/airflow/af_env/lib/python3.12/site-packages/airflow/example_dags/example_external_task_marker_dag.py for tasks to queue
[2024-05-18T04:45:30.500+0000] {logging_mixin.py:188} INFO - [2024-05-18T04:45:30.499+0000] {dagbag.py:545} INFO - Filling up the DagBag from /home/ubuntu/chch-fuel-recommendator/airflow/af_env/lib/python3.12/site-packages/airflow/example_dags/example_external_task_marker_dag.py
[2024-05-18T04:45:30.507+0000] {processor.py:840} INFO - DAG(s) 'example_external_task_marker_child', 'example_external_task_marker_parent' retrieved from /home/ubuntu/chch-fuel-recommendator/airflow/af_env/lib/python3.12/site-packages/airflow/example_dags/example_external_task_marker_dag.py
[2024-05-18T04:45:30.533+0000] {logging_mixin.py:188} INFO - [2024-05-18T04:45:30.532+0000] {dag.py:3096} INFO - Sync 2 DAGs
[2024-05-18T04:45:30.550+0000] {logging_mixin.py:188} INFO - [2024-05-18T04:45:30.550+0000] {dag.py:3954} INFO - Setting next_dagrun for example_external_task_marker_child to None, run_after=None
[2024-05-18T04:45:30.555+0000] {logging_mixin.py:188} INFO - [2024-05-18T04:45:30.555+0000] {dag.py:3954} INFO - Setting next_dagrun for example_external_task_marker_parent to None, run_after=None
[2024-05-18T04:45:30.580+0000] {processor.py:183} INFO - Processing /home/ubuntu/chch-fuel-recommendator/airflow/af_env/lib/python3.12/site-packages/airflow/example_dags/example_external_task_marker_dag.py took 0.090 seconds
[2024-05-18T04:46:31.913+0000] {processor.py:161} INFO - Started process (PID=12395) to work on /home/ubuntu/chch-fuel-recommendator/airflow/af_env/lib/python3.12/site-packages/airflow/example_dags/example_external_task_marker_dag.py
[2024-05-18T04:46:31.914+0000] {processor.py:830} INFO - Processing file /home/ubuntu/chch-fuel-recommendator/airflow/af_env/lib/python3.12/site-packages/airflow/example_dags/example_external_task_marker_dag.py for tasks to queue
[2024-05-18T04:46:31.916+0000] {logging_mixin.py:188} INFO - [2024-05-18T04:46:31.915+0000] {dagbag.py:545} INFO - Filling up the DagBag from /home/ubuntu/chch-fuel-recommendator/airflow/af_env/lib/python3.12/site-packages/airflow/example_dags/example_external_task_marker_dag.py
[2024-05-18T04:46:31.924+0000] {processor.py:840} INFO - DAG(s) 'example_external_task_marker_parent', 'example_external_task_marker_child' retrieved from /home/ubuntu/chch-fuel-recommendator/airflow/af_env/lib/python3.12/site-packages/airflow/example_dags/example_external_task_marker_dag.py
[2024-05-18T04:46:31.947+0000] {logging_mixin.py:188} INFO - [2024-05-18T04:46:31.947+0000] {dag.py:3096} INFO - Sync 2 DAGs
[2024-05-18T04:46:31.963+0000] {logging_mixin.py:188} INFO - [2024-05-18T04:46:31.962+0000] {dag.py:3954} INFO - Setting next_dagrun for example_external_task_marker_child to None, run_after=None
[2024-05-18T04:46:31.966+0000] {logging_mixin.py:188} INFO - [2024-05-18T04:46:31.966+0000] {dag.py:3954} INFO - Setting next_dagrun for example_external_task_marker_parent to None, run_after=None
[2024-05-18T04:46:31.991+0000] {processor.py:183} INFO - Processing /home/ubuntu/chch-fuel-recommendator/airflow/af_env/lib/python3.12/site-packages/airflow/example_dags/example_external_task_marker_dag.py took 0.085 seconds
[2024-05-18T04:47:21.311+0000] {processor.py:161} INFO - Started process (PID=12444) to work on /home/ubuntu/chch-fuel-recommendator/airflow/af_env/lib/python3.12/site-packages/airflow/example_dags/example_external_task_marker_dag.py
[2024-05-18T04:47:21.313+0000] {processor.py:830} INFO - Processing file /home/ubuntu/chch-fuel-recommendator/airflow/af_env/lib/python3.12/site-packages/airflow/example_dags/example_external_task_marker_dag.py for tasks to queue
[2024-05-18T04:47:21.315+0000] {logging_mixin.py:188} INFO - [2024-05-18T04:47:21.315+0000] {dagbag.py:545} INFO - Filling up the DagBag from /home/ubuntu/chch-fuel-recommendator/airflow/af_env/lib/python3.12/site-packages/airflow/example_dags/example_external_task_marker_dag.py
[2024-05-18T04:47:21.322+0000] {processor.py:840} INFO - DAG(s) 'example_external_task_marker_child', 'example_external_task_marker_parent' retrieved from /home/ubuntu/chch-fuel-recommendator/airflow/af_env/lib/python3.12/site-packages/airflow/example_dags/example_external_task_marker_dag.py
[2024-05-18T04:47:21.345+0000] {logging_mixin.py:188} INFO - [2024-05-18T04:47:21.345+0000] {dag.py:3096} INFO - Sync 2 DAGs
[2024-05-18T04:47:21.358+0000] {logging_mixin.py:188} INFO - [2024-05-18T04:47:21.358+0000] {dag.py:3954} INFO - Setting next_dagrun for example_external_task_marker_child to None, run_after=None
[2024-05-18T04:47:21.362+0000] {logging_mixin.py:188} INFO - [2024-05-18T04:47:21.362+0000] {dag.py:3954} INFO - Setting next_dagrun for example_external_task_marker_parent to None, run_after=None
[2024-05-18T04:47:21.385+0000] {processor.py:183} INFO - Processing /home/ubuntu/chch-fuel-recommendator/airflow/af_env/lib/python3.12/site-packages/airflow/example_dags/example_external_task_marker_dag.py took 0.083 seconds
[2024-05-18T04:48:12.875+0000] {processor.py:161} INFO - Started process (PID=12495) to work on /home/ubuntu/chch-fuel-recommendator/airflow/af_env/lib/python3.12/site-packages/airflow/example_dags/example_external_task_marker_dag.py
[2024-05-18T04:48:12.876+0000] {processor.py:830} INFO - Processing file /home/ubuntu/chch-fuel-recommendator/airflow/af_env/lib/python3.12/site-packages/airflow/example_dags/example_external_task_marker_dag.py for tasks to queue
[2024-05-18T04:48:12.881+0000] {logging_mixin.py:188} INFO - [2024-05-18T04:48:12.879+0000] {dagbag.py:545} INFO - Filling up the DagBag from /home/ubuntu/chch-fuel-recommendator/airflow/af_env/lib/python3.12/site-packages/airflow/example_dags/example_external_task_marker_dag.py
[2024-05-18T04:48:12.888+0000] {processor.py:840} INFO - DAG(s) 'example_external_task_marker_child', 'example_external_task_marker_parent' retrieved from /home/ubuntu/chch-fuel-recommendator/airflow/af_env/lib/python3.12/site-packages/airflow/example_dags/example_external_task_marker_dag.py
[2024-05-18T04:48:12.913+0000] {logging_mixin.py:188} INFO - [2024-05-18T04:48:12.913+0000] {dag.py:3096} INFO - Sync 2 DAGs
[2024-05-18T04:48:12.933+0000] {logging_mixin.py:188} INFO - [2024-05-18T04:48:12.933+0000] {dag.py:3954} INFO - Setting next_dagrun for example_external_task_marker_child to None, run_after=None
[2024-05-18T04:48:12.937+0000] {logging_mixin.py:188} INFO - [2024-05-18T04:48:12.937+0000] {dag.py:3954} INFO - Setting next_dagrun for example_external_task_marker_parent to None, run_after=None
[2024-05-18T04:48:12.965+0000] {processor.py:183} INFO - Processing /home/ubuntu/chch-fuel-recommendator/airflow/af_env/lib/python3.12/site-packages/airflow/example_dags/example_external_task_marker_dag.py took 0.096 seconds
[2024-05-18T04:49:17.768+0000] {processor.py:161} INFO - Started process (PID=12559) to work on /home/ubuntu/chch-fuel-recommendator/airflow/af_env/lib/python3.12/site-packages/airflow/example_dags/example_external_task_marker_dag.py
[2024-05-18T04:49:17.770+0000] {processor.py:830} INFO - Processing file /home/ubuntu/chch-fuel-recommendator/airflow/af_env/lib/python3.12/site-packages/airflow/example_dags/example_external_task_marker_dag.py for tasks to queue
[2024-05-18T04:49:17.771+0000] {logging_mixin.py:188} INFO - [2024-05-18T04:49:17.771+0000] {dagbag.py:545} INFO - Filling up the DagBag from /home/ubuntu/chch-fuel-recommendator/airflow/af_env/lib/python3.12/site-packages/airflow/example_dags/example_external_task_marker_dag.py
[2024-05-18T04:49:17.778+0000] {processor.py:840} INFO - DAG(s) 'example_external_task_marker_parent', 'example_external_task_marker_child' retrieved from /home/ubuntu/chch-fuel-recommendator/airflow/af_env/lib/python3.12/site-packages/airflow/example_dags/example_external_task_marker_dag.py
[2024-05-18T04:49:17.806+0000] {logging_mixin.py:188} INFO - [2024-05-18T04:49:17.805+0000] {dag.py:3096} INFO - Sync 2 DAGs
[2024-05-18T04:49:17.824+0000] {logging_mixin.py:188} INFO - [2024-05-18T04:49:17.824+0000] {dag.py:3954} INFO - Setting next_dagrun for example_external_task_marker_child to None, run_after=None
[2024-05-18T04:49:17.829+0000] {logging_mixin.py:188} INFO - [2024-05-18T04:49:17.829+0000] {dag.py:3954} INFO - Setting next_dagrun for example_external_task_marker_parent to None, run_after=None
[2024-05-18T04:49:17.853+0000] {processor.py:183} INFO - Processing /home/ubuntu/chch-fuel-recommendator/airflow/af_env/lib/python3.12/site-packages/airflow/example_dags/example_external_task_marker_dag.py took 0.091 seconds
[2024-05-18T04:50:23.945+0000] {processor.py:161} INFO - Started process (PID=12628) to work on /home/ubuntu/chch-fuel-recommendator/airflow/af_env/lib/python3.12/site-packages/airflow/example_dags/example_external_task_marker_dag.py
[2024-05-18T04:50:23.947+0000] {processor.py:830} INFO - Processing file /home/ubuntu/chch-fuel-recommendator/airflow/af_env/lib/python3.12/site-packages/airflow/example_dags/example_external_task_marker_dag.py for tasks to queue
[2024-05-18T04:50:23.949+0000] {logging_mixin.py:188} INFO - [2024-05-18T04:50:23.948+0000] {dagbag.py:545} INFO - Filling up the DagBag from /home/ubuntu/chch-fuel-recommendator/airflow/af_env/lib/python3.12/site-packages/airflow/example_dags/example_external_task_marker_dag.py
[2024-05-18T04:50:23.956+0000] {processor.py:840} INFO - DAG(s) 'example_external_task_marker_child', 'example_external_task_marker_parent' retrieved from /home/ubuntu/chch-fuel-recommendator/airflow/af_env/lib/python3.12/site-packages/airflow/example_dags/example_external_task_marker_dag.py
[2024-05-18T04:50:23.979+0000] {logging_mixin.py:188} INFO - [2024-05-18T04:50:23.978+0000] {dag.py:3096} INFO - Sync 2 DAGs
[2024-05-18T04:50:23.993+0000] {logging_mixin.py:188} INFO - [2024-05-18T04:50:23.993+0000] {dag.py:3954} INFO - Setting next_dagrun for example_external_task_marker_child to None, run_after=None
[2024-05-18T04:50:23.997+0000] {logging_mixin.py:188} INFO - [2024-05-18T04:50:23.997+0000] {dag.py:3954} INFO - Setting next_dagrun for example_external_task_marker_parent to None, run_after=None
[2024-05-18T04:50:24.025+0000] {processor.py:183} INFO - Processing /home/ubuntu/chch-fuel-recommendator/airflow/af_env/lib/python3.12/site-packages/airflow/example_dags/example_external_task_marker_dag.py took 0.086 seconds
[2024-05-18T04:51:30.389+0000] {processor.py:161} INFO - Started process (PID=12695) to work on /home/ubuntu/chch-fuel-recommendator/airflow/af_env/lib/python3.12/site-packages/airflow/example_dags/example_external_task_marker_dag.py
[2024-05-18T04:51:30.391+0000] {processor.py:830} INFO - Processing file /home/ubuntu/chch-fuel-recommendator/airflow/af_env/lib/python3.12/site-packages/airflow/example_dags/example_external_task_marker_dag.py for tasks to queue
[2024-05-18T04:51:30.393+0000] {logging_mixin.py:188} INFO - [2024-05-18T04:51:30.393+0000] {dagbag.py:545} INFO - Filling up the DagBag from /home/ubuntu/chch-fuel-recommendator/airflow/af_env/lib/python3.12/site-packages/airflow/example_dags/example_external_task_marker_dag.py
[2024-05-18T04:51:30.403+0000] {processor.py:840} INFO - DAG(s) 'example_external_task_marker_child', 'example_external_task_marker_parent' retrieved from /home/ubuntu/chch-fuel-recommendator/airflow/af_env/lib/python3.12/site-packages/airflow/example_dags/example_external_task_marker_dag.py
[2024-05-18T04:51:30.428+0000] {logging_mixin.py:188} INFO - [2024-05-18T04:51:30.427+0000] {dag.py:3096} INFO - Sync 2 DAGs
[2024-05-18T04:51:30.443+0000] {logging_mixin.py:188} INFO - [2024-05-18T04:51:30.443+0000] {dag.py:3954} INFO - Setting next_dagrun for example_external_task_marker_child to None, run_after=None
[2024-05-18T04:51:30.448+0000] {logging_mixin.py:188} INFO - [2024-05-18T04:51:30.447+0000] {dag.py:3954} INFO - Setting next_dagrun for example_external_task_marker_parent to None, run_after=None
[2024-05-18T04:51:30.482+0000] {processor.py:183} INFO - Processing /home/ubuntu/chch-fuel-recommendator/airflow/af_env/lib/python3.12/site-packages/airflow/example_dags/example_external_task_marker_dag.py took 0.101 seconds
[2024-05-18T04:52:36.694+0000] {processor.py:161} INFO - Started process (PID=12760) to work on /home/ubuntu/chch-fuel-recommendator/airflow/af_env/lib/python3.12/site-packages/airflow/example_dags/example_external_task_marker_dag.py
[2024-05-18T04:52:36.696+0000] {processor.py:830} INFO - Processing file /home/ubuntu/chch-fuel-recommendator/airflow/af_env/lib/python3.12/site-packages/airflow/example_dags/example_external_task_marker_dag.py for tasks to queue
[2024-05-18T04:52:36.698+0000] {logging_mixin.py:188} INFO - [2024-05-18T04:52:36.698+0000] {dagbag.py:545} INFO - Filling up the DagBag from /home/ubuntu/chch-fuel-recommendator/airflow/af_env/lib/python3.12/site-packages/airflow/example_dags/example_external_task_marker_dag.py
[2024-05-18T04:52:36.711+0000] {processor.py:840} INFO - DAG(s) 'example_external_task_marker_child', 'example_external_task_marker_parent' retrieved from /home/ubuntu/chch-fuel-recommendator/airflow/af_env/lib/python3.12/site-packages/airflow/example_dags/example_external_task_marker_dag.py
[2024-05-18T04:52:36.756+0000] {logging_mixin.py:188} INFO - [2024-05-18T04:52:36.756+0000] {dag.py:3096} INFO - Sync 2 DAGs
[2024-05-18T04:52:36.783+0000] {logging_mixin.py:188} INFO - [2024-05-18T04:52:36.783+0000] {dag.py:3954} INFO - Setting next_dagrun for example_external_task_marker_child to None, run_after=None
[2024-05-18T04:52:36.788+0000] {logging_mixin.py:188} INFO - [2024-05-18T04:52:36.787+0000] {dag.py:3954} INFO - Setting next_dagrun for example_external_task_marker_parent to None, run_after=None
[2024-05-18T04:52:36.836+0000] {processor.py:183} INFO - Processing /home/ubuntu/chch-fuel-recommendator/airflow/af_env/lib/python3.12/site-packages/airflow/example_dags/example_external_task_marker_dag.py took 0.148 seconds
[2024-05-18T04:53:44.932+0000] {processor.py:161} INFO - Started process (PID=12826) to work on /home/ubuntu/chch-fuel-recommendator/airflow/af_env/lib/python3.12/site-packages/airflow/example_dags/example_external_task_marker_dag.py
[2024-05-18T04:53:44.933+0000] {processor.py:830} INFO - Processing file /home/ubuntu/chch-fuel-recommendator/airflow/af_env/lib/python3.12/site-packages/airflow/example_dags/example_external_task_marker_dag.py for tasks to queue
[2024-05-18T04:53:44.936+0000] {logging_mixin.py:188} INFO - [2024-05-18T04:53:44.935+0000] {dagbag.py:545} INFO - Filling up the DagBag from /home/ubuntu/chch-fuel-recommendator/airflow/af_env/lib/python3.12/site-packages/airflow/example_dags/example_external_task_marker_dag.py
[2024-05-18T04:53:44.945+0000] {processor.py:840} INFO - DAG(s) 'example_external_task_marker_child', 'example_external_task_marker_parent' retrieved from /home/ubuntu/chch-fuel-recommendator/airflow/af_env/lib/python3.12/site-packages/airflow/example_dags/example_external_task_marker_dag.py
[2024-05-18T04:53:44.968+0000] {logging_mixin.py:188} INFO - [2024-05-18T04:53:44.968+0000] {dag.py:3096} INFO - Sync 2 DAGs
[2024-05-18T04:53:44.982+0000] {logging_mixin.py:188} INFO - [2024-05-18T04:53:44.982+0000] {dag.py:3954} INFO - Setting next_dagrun for example_external_task_marker_child to None, run_after=None
[2024-05-18T04:53:44.986+0000] {logging_mixin.py:188} INFO - [2024-05-18T04:53:44.986+0000] {dag.py:3954} INFO - Setting next_dagrun for example_external_task_marker_parent to None, run_after=None
[2024-05-18T04:53:45.013+0000] {processor.py:183} INFO - Processing /home/ubuntu/chch-fuel-recommendator/airflow/af_env/lib/python3.12/site-packages/airflow/example_dags/example_external_task_marker_dag.py took 0.099 seconds
[2024-05-18T05:32:17.779+0000] {processor.py:161} INFO - Started process (PID=15090) to work on /home/ubuntu/airflow/airflow_env/lib/python3.12/site-packages/airflow/example_dags/example_external_task_marker_dag.py
[2024-05-18T05:32:17.781+0000] {processor.py:830} INFO - Processing file /home/ubuntu/airflow/airflow_env/lib/python3.12/site-packages/airflow/example_dags/example_external_task_marker_dag.py for tasks to queue
[2024-05-18T05:32:17.783+0000] {logging_mixin.py:188} INFO - [2024-05-18T05:32:17.783+0000] {dagbag.py:545} INFO - Filling up the DagBag from /home/ubuntu/airflow/airflow_env/lib/python3.12/site-packages/airflow/example_dags/example_external_task_marker_dag.py
[2024-05-18T05:32:17.793+0000] {processor.py:840} INFO - DAG(s) 'example_external_task_marker_parent', 'example_external_task_marker_child' retrieved from /home/ubuntu/airflow/airflow_env/lib/python3.12/site-packages/airflow/example_dags/example_external_task_marker_dag.py
[2024-05-18T05:32:18.083+0000] {logging_mixin.py:188} INFO - [2024-05-18T05:32:18.082+0000] {dag.py:3096} INFO - Sync 2 DAGs
[2024-05-18T05:32:18.100+0000] {logging_mixin.py:188} INFO - [2024-05-18T05:32:18.099+0000] {dag.py:3954} INFO - Setting next_dagrun for example_external_task_marker_child to None, run_after=None
[2024-05-18T05:32:18.107+0000] {logging_mixin.py:188} INFO - [2024-05-18T05:32:18.107+0000] {dag.py:3954} INFO - Setting next_dagrun for example_external_task_marker_parent to None, run_after=None
[2024-05-18T05:32:18.139+0000] {processor.py:183} INFO - Processing /home/ubuntu/airflow/airflow_env/lib/python3.12/site-packages/airflow/example_dags/example_external_task_marker_dag.py took 0.370 seconds
[2024-05-18T05:32:48.289+0000] {processor.py:161} INFO - Started process (PID=15145) to work on /home/ubuntu/airflow/airflow_env/lib/python3.12/site-packages/airflow/example_dags/example_external_task_marker_dag.py
[2024-05-18T05:32:48.290+0000] {processor.py:830} INFO - Processing file /home/ubuntu/airflow/airflow_env/lib/python3.12/site-packages/airflow/example_dags/example_external_task_marker_dag.py for tasks to queue
[2024-05-18T05:32:48.293+0000] {logging_mixin.py:188} INFO - [2024-05-18T05:32:48.293+0000] {dagbag.py:545} INFO - Filling up the DagBag from /home/ubuntu/airflow/airflow_env/lib/python3.12/site-packages/airflow/example_dags/example_external_task_marker_dag.py
[2024-05-18T05:32:48.302+0000] {processor.py:840} INFO - DAG(s) 'example_external_task_marker_child', 'example_external_task_marker_parent' retrieved from /home/ubuntu/airflow/airflow_env/lib/python3.12/site-packages/airflow/example_dags/example_external_task_marker_dag.py
[2024-05-18T05:32:48.377+0000] {logging_mixin.py:188} INFO - [2024-05-18T05:32:48.376+0000] {dag.py:3096} INFO - Sync 2 DAGs
[2024-05-18T05:32:48.397+0000] {logging_mixin.py:188} INFO - [2024-05-18T05:32:48.397+0000] {dag.py:3954} INFO - Setting next_dagrun for example_external_task_marker_child to None, run_after=None
[2024-05-18T05:32:48.407+0000] {logging_mixin.py:188} INFO - [2024-05-18T05:32:48.407+0000] {dag.py:3954} INFO - Setting next_dagrun for example_external_task_marker_parent to None, run_after=None
[2024-05-18T05:32:48.442+0000] {processor.py:183} INFO - Processing /home/ubuntu/airflow/airflow_env/lib/python3.12/site-packages/airflow/example_dags/example_external_task_marker_dag.py took 0.161 seconds
[2024-05-18T05:33:18.493+0000] {processor.py:161} INFO - Started process (PID=15199) to work on /home/ubuntu/airflow/airflow_env/lib/python3.12/site-packages/airflow/example_dags/example_external_task_marker_dag.py
[2024-05-18T05:33:18.495+0000] {processor.py:830} INFO - Processing file /home/ubuntu/airflow/airflow_env/lib/python3.12/site-packages/airflow/example_dags/example_external_task_marker_dag.py for tasks to queue
[2024-05-18T05:33:18.497+0000] {logging_mixin.py:188} INFO - [2024-05-18T05:33:18.496+0000] {dagbag.py:545} INFO - Filling up the DagBag from /home/ubuntu/airflow/airflow_env/lib/python3.12/site-packages/airflow/example_dags/example_external_task_marker_dag.py
[2024-05-18T05:33:18.504+0000] {processor.py:840} INFO - DAG(s) 'example_external_task_marker_child', 'example_external_task_marker_parent' retrieved from /home/ubuntu/airflow/airflow_env/lib/python3.12/site-packages/airflow/example_dags/example_external_task_marker_dag.py
[2024-05-18T05:33:18.557+0000] {logging_mixin.py:188} INFO - [2024-05-18T05:33:18.557+0000] {dag.py:3096} INFO - Sync 2 DAGs
[2024-05-18T05:33:18.574+0000] {logging_mixin.py:188} INFO - [2024-05-18T05:33:18.574+0000] {dag.py:3954} INFO - Setting next_dagrun for example_external_task_marker_child to None, run_after=None
[2024-05-18T05:33:18.579+0000] {logging_mixin.py:188} INFO - [2024-05-18T05:33:18.579+0000] {dag.py:3954} INFO - Setting next_dagrun for example_external_task_marker_parent to None, run_after=None
[2024-05-18T05:33:18.598+0000] {processor.py:183} INFO - Processing /home/ubuntu/airflow/airflow_env/lib/python3.12/site-packages/airflow/example_dags/example_external_task_marker_dag.py took 0.112 seconds
[2024-05-18T05:33:48.847+0000] {processor.py:161} INFO - Started process (PID=15251) to work on /home/ubuntu/airflow/airflow_env/lib/python3.12/site-packages/airflow/example_dags/example_external_task_marker_dag.py
[2024-05-18T05:33:48.847+0000] {processor.py:830} INFO - Processing file /home/ubuntu/airflow/airflow_env/lib/python3.12/site-packages/airflow/example_dags/example_external_task_marker_dag.py for tasks to queue
[2024-05-18T05:33:48.849+0000] {logging_mixin.py:188} INFO - [2024-05-18T05:33:48.849+0000] {dagbag.py:545} INFO - Filling up the DagBag from /home/ubuntu/airflow/airflow_env/lib/python3.12/site-packages/airflow/example_dags/example_external_task_marker_dag.py
[2024-05-18T05:33:48.862+0000] {processor.py:840} INFO - DAG(s) 'example_external_task_marker_child', 'example_external_task_marker_parent' retrieved from /home/ubuntu/airflow/airflow_env/lib/python3.12/site-packages/airflow/example_dags/example_external_task_marker_dag.py
[2024-05-18T05:33:48.926+0000] {logging_mixin.py:188} INFO - [2024-05-18T05:33:48.925+0000] {dag.py:3096} INFO - Sync 2 DAGs
[2024-05-18T05:33:48.950+0000] {logging_mixin.py:188} INFO - [2024-05-18T05:33:48.950+0000] {dag.py:3954} INFO - Setting next_dagrun for example_external_task_marker_child to None, run_after=None
[2024-05-18T05:33:48.956+0000] {logging_mixin.py:188} INFO - [2024-05-18T05:33:48.956+0000] {dag.py:3954} INFO - Setting next_dagrun for example_external_task_marker_parent to None, run_after=None
[2024-05-18T05:33:48.979+0000] {processor.py:183} INFO - Processing /home/ubuntu/airflow/airflow_env/lib/python3.12/site-packages/airflow/example_dags/example_external_task_marker_dag.py took 0.141 seconds
[2024-05-18T05:34:19.783+0000] {processor.py:161} INFO - Started process (PID=15301) to work on /home/ubuntu/airflow/airflow_env/lib/python3.12/site-packages/airflow/example_dags/example_external_task_marker_dag.py
[2024-05-18T05:34:19.787+0000] {processor.py:830} INFO - Processing file /home/ubuntu/airflow/airflow_env/lib/python3.12/site-packages/airflow/example_dags/example_external_task_marker_dag.py for tasks to queue
[2024-05-18T05:34:19.789+0000] {logging_mixin.py:188} INFO - [2024-05-18T05:34:19.788+0000] {dagbag.py:545} INFO - Filling up the DagBag from /home/ubuntu/airflow/airflow_env/lib/python3.12/site-packages/airflow/example_dags/example_external_task_marker_dag.py
[2024-05-18T05:34:19.797+0000] {processor.py:840} INFO - DAG(s) 'example_external_task_marker_child', 'example_external_task_marker_parent' retrieved from /home/ubuntu/airflow/airflow_env/lib/python3.12/site-packages/airflow/example_dags/example_external_task_marker_dag.py
[2024-05-18T05:34:19.871+0000] {logging_mixin.py:188} INFO - [2024-05-18T05:34:19.871+0000] {dag.py:3096} INFO - Sync 2 DAGs
[2024-05-18T05:34:19.894+0000] {logging_mixin.py:188} INFO - [2024-05-18T05:34:19.893+0000] {dag.py:3954} INFO - Setting next_dagrun for example_external_task_marker_child to None, run_after=None
[2024-05-18T05:34:19.904+0000] {logging_mixin.py:188} INFO - [2024-05-18T05:34:19.904+0000] {dag.py:3954} INFO - Setting next_dagrun for example_external_task_marker_parent to None, run_after=None
[2024-05-18T05:34:19.931+0000] {processor.py:183} INFO - Processing /home/ubuntu/airflow/airflow_env/lib/python3.12/site-packages/airflow/example_dags/example_external_task_marker_dag.py took 0.156 seconds
[2024-05-18T05:34:50.892+0000] {processor.py:161} INFO - Started process (PID=15352) to work on /home/ubuntu/airflow/airflow_env/lib/python3.12/site-packages/airflow/example_dags/example_external_task_marker_dag.py
[2024-05-18T05:34:50.894+0000] {processor.py:830} INFO - Processing file /home/ubuntu/airflow/airflow_env/lib/python3.12/site-packages/airflow/example_dags/example_external_task_marker_dag.py for tasks to queue
[2024-05-18T05:34:50.897+0000] {logging_mixin.py:188} INFO - [2024-05-18T05:34:50.897+0000] {dagbag.py:545} INFO - Filling up the DagBag from /home/ubuntu/airflow/airflow_env/lib/python3.12/site-packages/airflow/example_dags/example_external_task_marker_dag.py
[2024-05-18T05:34:50.908+0000] {processor.py:840} INFO - DAG(s) 'example_external_task_marker_parent', 'example_external_task_marker_child' retrieved from /home/ubuntu/airflow/airflow_env/lib/python3.12/site-packages/airflow/example_dags/example_external_task_marker_dag.py
[2024-05-18T05:34:50.996+0000] {logging_mixin.py:188} INFO - [2024-05-18T05:34:50.995+0000] {dag.py:3096} INFO - Sync 2 DAGs
[2024-05-18T05:34:51.019+0000] {logging_mixin.py:188} INFO - [2024-05-18T05:34:51.019+0000] {dag.py:3954} INFO - Setting next_dagrun for example_external_task_marker_child to None, run_after=None
[2024-05-18T05:34:51.025+0000] {logging_mixin.py:188} INFO - [2024-05-18T05:34:51.025+0000] {dag.py:3954} INFO - Setting next_dagrun for example_external_task_marker_parent to None, run_after=None
[2024-05-18T05:34:51.059+0000] {processor.py:183} INFO - Processing /home/ubuntu/airflow/airflow_env/lib/python3.12/site-packages/airflow/example_dags/example_external_task_marker_dag.py took 0.183 seconds
[2024-05-18T05:35:21.397+0000] {processor.py:161} INFO - Started process (PID=15406) to work on /home/ubuntu/airflow/airflow_env/lib/python3.12/site-packages/airflow/example_dags/example_external_task_marker_dag.py
[2024-05-18T05:35:21.399+0000] {processor.py:830} INFO - Processing file /home/ubuntu/airflow/airflow_env/lib/python3.12/site-packages/airflow/example_dags/example_external_task_marker_dag.py for tasks to queue
[2024-05-18T05:35:21.401+0000] {logging_mixin.py:188} INFO - [2024-05-18T05:35:21.400+0000] {dagbag.py:545} INFO - Filling up the DagBag from /home/ubuntu/airflow/airflow_env/lib/python3.12/site-packages/airflow/example_dags/example_external_task_marker_dag.py
[2024-05-18T05:35:21.410+0000] {processor.py:840} INFO - DAG(s) 'example_external_task_marker_child', 'example_external_task_marker_parent' retrieved from /home/ubuntu/airflow/airflow_env/lib/python3.12/site-packages/airflow/example_dags/example_external_task_marker_dag.py
[2024-05-18T05:35:21.507+0000] {logging_mixin.py:188} INFO - [2024-05-18T05:35:21.507+0000] {dag.py:3096} INFO - Sync 2 DAGs
[2024-05-18T05:35:21.527+0000] {logging_mixin.py:188} INFO - [2024-05-18T05:35:21.527+0000] {dag.py:3954} INFO - Setting next_dagrun for example_external_task_marker_child to None, run_after=None
[2024-05-18T05:35:21.532+0000] {logging_mixin.py:188} INFO - [2024-05-18T05:35:21.532+0000] {dag.py:3954} INFO - Setting next_dagrun for example_external_task_marker_parent to None, run_after=None
[2024-05-18T05:35:21.557+0000] {processor.py:183} INFO - Processing /home/ubuntu/airflow/airflow_env/lib/python3.12/site-packages/airflow/example_dags/example_external_task_marker_dag.py took 0.170 seconds
[2024-05-18T05:35:51.795+0000] {processor.py:161} INFO - Started process (PID=15457) to work on /home/ubuntu/airflow/airflow_env/lib/python3.12/site-packages/airflow/example_dags/example_external_task_marker_dag.py
[2024-05-18T05:35:51.797+0000] {processor.py:830} INFO - Processing file /home/ubuntu/airflow/airflow_env/lib/python3.12/site-packages/airflow/example_dags/example_external_task_marker_dag.py for tasks to queue
[2024-05-18T05:35:51.799+0000] {logging_mixin.py:188} INFO - [2024-05-18T05:35:51.798+0000] {dagbag.py:545} INFO - Filling up the DagBag from /home/ubuntu/airflow/airflow_env/lib/python3.12/site-packages/airflow/example_dags/example_external_task_marker_dag.py
[2024-05-18T05:35:51.806+0000] {processor.py:840} INFO - DAG(s) 'example_external_task_marker_child', 'example_external_task_marker_parent' retrieved from /home/ubuntu/airflow/airflow_env/lib/python3.12/site-packages/airflow/example_dags/example_external_task_marker_dag.py
[2024-05-18T05:35:51.889+0000] {logging_mixin.py:188} INFO - [2024-05-18T05:35:51.889+0000] {dag.py:3096} INFO - Sync 2 DAGs
[2024-05-18T05:35:51.909+0000] {logging_mixin.py:188} INFO - [2024-05-18T05:35:51.909+0000] {dag.py:3954} INFO - Setting next_dagrun for example_external_task_marker_child to None, run_after=None
[2024-05-18T05:35:51.915+0000] {logging_mixin.py:188} INFO - [2024-05-18T05:35:51.915+0000] {dag.py:3954} INFO - Setting next_dagrun for example_external_task_marker_parent to None, run_after=None
[2024-05-18T05:35:51.963+0000] {processor.py:183} INFO - Processing /home/ubuntu/airflow/airflow_env/lib/python3.12/site-packages/airflow/example_dags/example_external_task_marker_dag.py took 0.175 seconds
[2024-05-18T05:36:22.691+0000] {processor.py:161} INFO - Started process (PID=15508) to work on /home/ubuntu/airflow/airflow_env/lib/python3.12/site-packages/airflow/example_dags/example_external_task_marker_dag.py
[2024-05-18T05:36:22.693+0000] {processor.py:830} INFO - Processing file /home/ubuntu/airflow/airflow_env/lib/python3.12/site-packages/airflow/example_dags/example_external_task_marker_dag.py for tasks to queue
[2024-05-18T05:36:22.695+0000] {logging_mixin.py:188} INFO - [2024-05-18T05:36:22.694+0000] {dagbag.py:545} INFO - Filling up the DagBag from /home/ubuntu/airflow/airflow_env/lib/python3.12/site-packages/airflow/example_dags/example_external_task_marker_dag.py
[2024-05-18T05:36:22.709+0000] {processor.py:840} INFO - DAG(s) 'example_external_task_marker_child', 'example_external_task_marker_parent' retrieved from /home/ubuntu/airflow/airflow_env/lib/python3.12/site-packages/airflow/example_dags/example_external_task_marker_dag.py
[2024-05-18T05:36:22.780+0000] {logging_mixin.py:188} INFO - [2024-05-18T05:36:22.780+0000] {dag.py:3096} INFO - Sync 2 DAGs
[2024-05-18T05:36:22.800+0000] {logging_mixin.py:188} INFO - [2024-05-18T05:36:22.800+0000] {dag.py:3954} INFO - Setting next_dagrun for example_external_task_marker_child to None, run_after=None
[2024-05-18T05:36:22.809+0000] {logging_mixin.py:188} INFO - [2024-05-18T05:36:22.808+0000] {dag.py:3954} INFO - Setting next_dagrun for example_external_task_marker_parent to None, run_after=None
[2024-05-18T05:36:22.842+0000] {processor.py:183} INFO - Processing /home/ubuntu/airflow/airflow_env/lib/python3.12/site-packages/airflow/example_dags/example_external_task_marker_dag.py took 0.160 seconds
[2024-05-18T05:36:53.546+0000] {processor.py:161} INFO - Started process (PID=15559) to work on /home/ubuntu/airflow/airflow_env/lib/python3.12/site-packages/airflow/example_dags/example_external_task_marker_dag.py
[2024-05-18T05:36:53.547+0000] {processor.py:830} INFO - Processing file /home/ubuntu/airflow/airflow_env/lib/python3.12/site-packages/airflow/example_dags/example_external_task_marker_dag.py for tasks to queue
[2024-05-18T05:36:53.552+0000] {logging_mixin.py:188} INFO - [2024-05-18T05:36:53.551+0000] {dagbag.py:545} INFO - Filling up the DagBag from /home/ubuntu/airflow/airflow_env/lib/python3.12/site-packages/airflow/example_dags/example_external_task_marker_dag.py
[2024-05-18T05:36:53.560+0000] {processor.py:840} INFO - DAG(s) 'example_external_task_marker_parent', 'example_external_task_marker_child' retrieved from /home/ubuntu/airflow/airflow_env/lib/python3.12/site-packages/airflow/example_dags/example_external_task_marker_dag.py
[2024-05-18T05:36:53.623+0000] {logging_mixin.py:188} INFO - [2024-05-18T05:36:53.623+0000] {dag.py:3096} INFO - Sync 2 DAGs
[2024-05-18T05:36:53.641+0000] {logging_mixin.py:188} INFO - [2024-05-18T05:36:53.640+0000] {dag.py:3954} INFO - Setting next_dagrun for example_external_task_marker_child to None, run_after=None
[2024-05-18T05:36:53.646+0000] {logging_mixin.py:188} INFO - [2024-05-18T05:36:53.646+0000] {dag.py:3954} INFO - Setting next_dagrun for example_external_task_marker_parent to None, run_after=None
[2024-05-18T05:36:53.676+0000] {processor.py:183} INFO - Processing /home/ubuntu/airflow/airflow_env/lib/python3.12/site-packages/airflow/example_dags/example_external_task_marker_dag.py took 0.139 seconds
[2024-05-18T05:37:24.707+0000] {processor.py:161} INFO - Started process (PID=15610) to work on /home/ubuntu/airflow/airflow_env/lib/python3.12/site-packages/airflow/example_dags/example_external_task_marker_dag.py
[2024-05-18T05:37:24.709+0000] {processor.py:830} INFO - Processing file /home/ubuntu/airflow/airflow_env/lib/python3.12/site-packages/airflow/example_dags/example_external_task_marker_dag.py for tasks to queue
[2024-05-18T05:37:24.712+0000] {logging_mixin.py:188} INFO - [2024-05-18T05:37:24.712+0000] {dagbag.py:545} INFO - Filling up the DagBag from /home/ubuntu/airflow/airflow_env/lib/python3.12/site-packages/airflow/example_dags/example_external_task_marker_dag.py
[2024-05-18T05:37:24.722+0000] {processor.py:840} INFO - DAG(s) 'example_external_task_marker_parent', 'example_external_task_marker_child' retrieved from /home/ubuntu/airflow/airflow_env/lib/python3.12/site-packages/airflow/example_dags/example_external_task_marker_dag.py
[2024-05-18T05:37:24.811+0000] {logging_mixin.py:188} INFO - [2024-05-18T05:37:24.811+0000] {dag.py:3096} INFO - Sync 2 DAGs
[2024-05-18T05:37:24.834+0000] {logging_mixin.py:188} INFO - [2024-05-18T05:37:24.834+0000] {dag.py:3954} INFO - Setting next_dagrun for example_external_task_marker_child to None, run_after=None
[2024-05-18T05:37:24.856+0000] {logging_mixin.py:188} INFO - [2024-05-18T05:37:24.856+0000] {dag.py:3954} INFO - Setting next_dagrun for example_external_task_marker_parent to None, run_after=None
[2024-05-18T05:37:24.888+0000] {processor.py:183} INFO - Processing /home/ubuntu/airflow/airflow_env/lib/python3.12/site-packages/airflow/example_dags/example_external_task_marker_dag.py took 0.193 seconds
[2024-05-18T05:37:54.982+0000] {processor.py:161} INFO - Started process (PID=15662) to work on /home/ubuntu/airflow/airflow_env/lib/python3.12/site-packages/airflow/example_dags/example_external_task_marker_dag.py
[2024-05-18T05:37:54.983+0000] {processor.py:830} INFO - Processing file /home/ubuntu/airflow/airflow_env/lib/python3.12/site-packages/airflow/example_dags/example_external_task_marker_dag.py for tasks to queue
[2024-05-18T05:37:54.986+0000] {logging_mixin.py:188} INFO - [2024-05-18T05:37:54.985+0000] {dagbag.py:545} INFO - Filling up the DagBag from /home/ubuntu/airflow/airflow_env/lib/python3.12/site-packages/airflow/example_dags/example_external_task_marker_dag.py
[2024-05-18T05:37:54.993+0000] {processor.py:840} INFO - DAG(s) 'example_external_task_marker_child', 'example_external_task_marker_parent' retrieved from /home/ubuntu/airflow/airflow_env/lib/python3.12/site-packages/airflow/example_dags/example_external_task_marker_dag.py
[2024-05-18T05:37:55.081+0000] {logging_mixin.py:188} INFO - [2024-05-18T05:37:55.080+0000] {dag.py:3096} INFO - Sync 2 DAGs
[2024-05-18T05:37:55.113+0000] {logging_mixin.py:188} INFO - [2024-05-18T05:37:55.112+0000] {dag.py:3954} INFO - Setting next_dagrun for example_external_task_marker_child to None, run_after=None
[2024-05-18T05:37:55.121+0000] {logging_mixin.py:188} INFO - [2024-05-18T05:37:55.121+0000] {dag.py:3954} INFO - Setting next_dagrun for example_external_task_marker_parent to None, run_after=None
[2024-05-18T05:37:55.155+0000] {processor.py:183} INFO - Processing /home/ubuntu/airflow/airflow_env/lib/python3.12/site-packages/airflow/example_dags/example_external_task_marker_dag.py took 0.180 seconds
[2024-05-18T05:38:26.186+0000] {processor.py:161} INFO - Started process (PID=15713) to work on /home/ubuntu/airflow/airflow_env/lib/python3.12/site-packages/airflow/example_dags/example_external_task_marker_dag.py
[2024-05-18T05:38:26.188+0000] {processor.py:830} INFO - Processing file /home/ubuntu/airflow/airflow_env/lib/python3.12/site-packages/airflow/example_dags/example_external_task_marker_dag.py for tasks to queue
[2024-05-18T05:38:26.191+0000] {logging_mixin.py:188} INFO - [2024-05-18T05:38:26.191+0000] {dagbag.py:545} INFO - Filling up the DagBag from /home/ubuntu/airflow/airflow_env/lib/python3.12/site-packages/airflow/example_dags/example_external_task_marker_dag.py
[2024-05-18T05:38:26.204+0000] {processor.py:840} INFO - DAG(s) 'example_external_task_marker_parent', 'example_external_task_marker_child' retrieved from /home/ubuntu/airflow/airflow_env/lib/python3.12/site-packages/airflow/example_dags/example_external_task_marker_dag.py
[2024-05-18T05:38:26.306+0000] {logging_mixin.py:188} INFO - [2024-05-18T05:38:26.305+0000] {dag.py:3096} INFO - Sync 2 DAGs
[2024-05-18T05:38:26.328+0000] {logging_mixin.py:188} INFO - [2024-05-18T05:38:26.327+0000] {dag.py:3954} INFO - Setting next_dagrun for example_external_task_marker_child to None, run_after=None
[2024-05-18T05:38:26.336+0000] {logging_mixin.py:188} INFO - [2024-05-18T05:38:26.336+0000] {dag.py:3954} INFO - Setting next_dagrun for example_external_task_marker_parent to None, run_after=None
[2024-05-18T05:38:26.374+0000] {processor.py:183} INFO - Processing /home/ubuntu/airflow/airflow_env/lib/python3.12/site-packages/airflow/example_dags/example_external_task_marker_dag.py took 0.199 seconds
[2024-05-18T05:38:56.627+0000] {processor.py:161} INFO - Started process (PID=15764) to work on /home/ubuntu/airflow/airflow_env/lib/python3.12/site-packages/airflow/example_dags/example_external_task_marker_dag.py
[2024-05-18T05:38:56.628+0000] {processor.py:830} INFO - Processing file /home/ubuntu/airflow/airflow_env/lib/python3.12/site-packages/airflow/example_dags/example_external_task_marker_dag.py for tasks to queue
[2024-05-18T05:38:56.630+0000] {logging_mixin.py:188} INFO - [2024-05-18T05:38:56.630+0000] {dagbag.py:545} INFO - Filling up the DagBag from /home/ubuntu/airflow/airflow_env/lib/python3.12/site-packages/airflow/example_dags/example_external_task_marker_dag.py
[2024-05-18T05:38:56.639+0000] {processor.py:840} INFO - DAG(s) 'example_external_task_marker_child', 'example_external_task_marker_parent' retrieved from /home/ubuntu/airflow/airflow_env/lib/python3.12/site-packages/airflow/example_dags/example_external_task_marker_dag.py
[2024-05-18T05:38:56.699+0000] {logging_mixin.py:188} INFO - [2024-05-18T05:38:56.699+0000] {dag.py:3096} INFO - Sync 2 DAGs
[2024-05-18T05:38:56.722+0000] {logging_mixin.py:188} INFO - [2024-05-18T05:38:56.722+0000] {dag.py:3954} INFO - Setting next_dagrun for example_external_task_marker_child to None, run_after=None
[2024-05-18T05:38:56.727+0000] {logging_mixin.py:188} INFO - [2024-05-18T05:38:56.727+0000] {dag.py:3954} INFO - Setting next_dagrun for example_external_task_marker_parent to None, run_after=None
[2024-05-18T05:38:56.752+0000] {processor.py:183} INFO - Processing /home/ubuntu/airflow/airflow_env/lib/python3.12/site-packages/airflow/example_dags/example_external_task_marker_dag.py took 0.134 seconds
[2024-05-18T05:39:27.621+0000] {processor.py:161} INFO - Started process (PID=15816) to work on /home/ubuntu/airflow/airflow_env/lib/python3.12/site-packages/airflow/example_dags/example_external_task_marker_dag.py
[2024-05-18T05:39:27.624+0000] {processor.py:830} INFO - Processing file /home/ubuntu/airflow/airflow_env/lib/python3.12/site-packages/airflow/example_dags/example_external_task_marker_dag.py for tasks to queue
[2024-05-18T05:39:27.627+0000] {logging_mixin.py:188} INFO - [2024-05-18T05:39:27.627+0000] {dagbag.py:545} INFO - Filling up the DagBag from /home/ubuntu/airflow/airflow_env/lib/python3.12/site-packages/airflow/example_dags/example_external_task_marker_dag.py
[2024-05-18T05:39:27.637+0000] {processor.py:840} INFO - DAG(s) 'example_external_task_marker_child', 'example_external_task_marker_parent' retrieved from /home/ubuntu/airflow/airflow_env/lib/python3.12/site-packages/airflow/example_dags/example_external_task_marker_dag.py
[2024-05-18T05:39:27.719+0000] {logging_mixin.py:188} INFO - [2024-05-18T05:39:27.719+0000] {dag.py:3096} INFO - Sync 2 DAGs
[2024-05-18T05:39:27.750+0000] {logging_mixin.py:188} INFO - [2024-05-18T05:39:27.750+0000] {dag.py:3954} INFO - Setting next_dagrun for example_external_task_marker_child to None, run_after=None
[2024-05-18T05:39:27.760+0000] {logging_mixin.py:188} INFO - [2024-05-18T05:39:27.760+0000] {dag.py:3954} INFO - Setting next_dagrun for example_external_task_marker_parent to None, run_after=None
[2024-05-18T05:39:27.785+0000] {processor.py:183} INFO - Processing /home/ubuntu/airflow/airflow_env/lib/python3.12/site-packages/airflow/example_dags/example_external_task_marker_dag.py took 0.175 seconds
[2024-05-18T05:39:58.393+0000] {processor.py:161} INFO - Started process (PID=15867) to work on /home/ubuntu/airflow/airflow_env/lib/python3.12/site-packages/airflow/example_dags/example_external_task_marker_dag.py
[2024-05-18T05:39:58.394+0000] {processor.py:830} INFO - Processing file /home/ubuntu/airflow/airflow_env/lib/python3.12/site-packages/airflow/example_dags/example_external_task_marker_dag.py for tasks to queue
[2024-05-18T05:39:58.397+0000] {logging_mixin.py:188} INFO - [2024-05-18T05:39:58.396+0000] {dagbag.py:545} INFO - Filling up the DagBag from /home/ubuntu/airflow/airflow_env/lib/python3.12/site-packages/airflow/example_dags/example_external_task_marker_dag.py
[2024-05-18T05:39:58.404+0000] {processor.py:840} INFO - DAG(s) 'example_external_task_marker_parent', 'example_external_task_marker_child' retrieved from /home/ubuntu/airflow/airflow_env/lib/python3.12/site-packages/airflow/example_dags/example_external_task_marker_dag.py
[2024-05-18T05:39:58.476+0000] {logging_mixin.py:188} INFO - [2024-05-18T05:39:58.476+0000] {dag.py:3096} INFO - Sync 2 DAGs
[2024-05-18T05:39:58.493+0000] {logging_mixin.py:188} INFO - [2024-05-18T05:39:58.493+0000] {dag.py:3954} INFO - Setting next_dagrun for example_external_task_marker_child to None, run_after=None
[2024-05-18T05:39:58.498+0000] {logging_mixin.py:188} INFO - [2024-05-18T05:39:58.498+0000] {dag.py:3954} INFO - Setting next_dagrun for example_external_task_marker_parent to None, run_after=None
[2024-05-18T05:39:58.536+0000] {processor.py:183} INFO - Processing /home/ubuntu/airflow/airflow_env/lib/python3.12/site-packages/airflow/example_dags/example_external_task_marker_dag.py took 0.151 seconds
[2024-05-18T05:40:28.743+0000] {processor.py:161} INFO - Started process (PID=16202) to work on /home/ubuntu/airflow/airflow_env/lib/python3.12/site-packages/airflow/example_dags/example_external_task_marker_dag.py
[2024-05-18T05:40:28.745+0000] {processor.py:830} INFO - Processing file /home/ubuntu/airflow/airflow_env/lib/python3.12/site-packages/airflow/example_dags/example_external_task_marker_dag.py for tasks to queue
[2024-05-18T05:40:28.747+0000] {logging_mixin.py:188} INFO - [2024-05-18T05:40:28.746+0000] {dagbag.py:545} INFO - Filling up the DagBag from /home/ubuntu/airflow/airflow_env/lib/python3.12/site-packages/airflow/example_dags/example_external_task_marker_dag.py
[2024-05-18T05:40:28.754+0000] {processor.py:840} INFO - DAG(s) 'example_external_task_marker_child', 'example_external_task_marker_parent' retrieved from /home/ubuntu/airflow/airflow_env/lib/python3.12/site-packages/airflow/example_dags/example_external_task_marker_dag.py
[2024-05-18T05:40:28.823+0000] {logging_mixin.py:188} INFO - [2024-05-18T05:40:28.823+0000] {dag.py:3096} INFO - Sync 2 DAGs
[2024-05-18T05:40:28.844+0000] {logging_mixin.py:188} INFO - [2024-05-18T05:40:28.843+0000] {dag.py:3954} INFO - Setting next_dagrun for example_external_task_marker_child to None, run_after=None
[2024-05-18T05:40:28.849+0000] {logging_mixin.py:188} INFO - [2024-05-18T05:40:28.849+0000] {dag.py:3954} INFO - Setting next_dagrun for example_external_task_marker_parent to None, run_after=None
[2024-05-18T05:40:28.883+0000] {processor.py:183} INFO - Processing /home/ubuntu/airflow/airflow_env/lib/python3.12/site-packages/airflow/example_dags/example_external_task_marker_dag.py took 0.148 seconds
[2024-05-18T05:40:59.745+0000] {processor.py:161} INFO - Started process (PID=16255) to work on /home/ubuntu/airflow/airflow_env/lib/python3.12/site-packages/airflow/example_dags/example_external_task_marker_dag.py
[2024-05-18T05:40:59.746+0000] {processor.py:830} INFO - Processing file /home/ubuntu/airflow/airflow_env/lib/python3.12/site-packages/airflow/example_dags/example_external_task_marker_dag.py for tasks to queue
[2024-05-18T05:40:59.748+0000] {logging_mixin.py:188} INFO - [2024-05-18T05:40:59.748+0000] {dagbag.py:545} INFO - Filling up the DagBag from /home/ubuntu/airflow/airflow_env/lib/python3.12/site-packages/airflow/example_dags/example_external_task_marker_dag.py
[2024-05-18T05:40:59.756+0000] {processor.py:840} INFO - DAG(s) 'example_external_task_marker_child', 'example_external_task_marker_parent' retrieved from /home/ubuntu/airflow/airflow_env/lib/python3.12/site-packages/airflow/example_dags/example_external_task_marker_dag.py
[2024-05-18T05:40:59.815+0000] {logging_mixin.py:188} INFO - [2024-05-18T05:40:59.815+0000] {dag.py:3096} INFO - Sync 2 DAGs
[2024-05-18T05:40:59.837+0000] {logging_mixin.py:188} INFO - [2024-05-18T05:40:59.836+0000] {dag.py:3954} INFO - Setting next_dagrun for example_external_task_marker_child to None, run_after=None
[2024-05-18T05:40:59.843+0000] {logging_mixin.py:188} INFO - [2024-05-18T05:40:59.843+0000] {dag.py:3954} INFO - Setting next_dagrun for example_external_task_marker_parent to None, run_after=None
[2024-05-18T05:40:59.868+0000] {processor.py:183} INFO - Processing /home/ubuntu/airflow/airflow_env/lib/python3.12/site-packages/airflow/example_dags/example_external_task_marker_dag.py took 0.131 seconds
[2024-05-18T05:41:30.701+0000] {processor.py:161} INFO - Started process (PID=16307) to work on /home/ubuntu/airflow/airflow_env/lib/python3.12/site-packages/airflow/example_dags/example_external_task_marker_dag.py
[2024-05-18T05:41:30.703+0000] {processor.py:830} INFO - Processing file /home/ubuntu/airflow/airflow_env/lib/python3.12/site-packages/airflow/example_dags/example_external_task_marker_dag.py for tasks to queue
[2024-05-18T05:41:30.706+0000] {logging_mixin.py:188} INFO - [2024-05-18T05:41:30.705+0000] {dagbag.py:545} INFO - Filling up the DagBag from /home/ubuntu/airflow/airflow_env/lib/python3.12/site-packages/airflow/example_dags/example_external_task_marker_dag.py
[2024-05-18T05:41:30.721+0000] {processor.py:840} INFO - DAG(s) 'example_external_task_marker_child', 'example_external_task_marker_parent' retrieved from /home/ubuntu/airflow/airflow_env/lib/python3.12/site-packages/airflow/example_dags/example_external_task_marker_dag.py
[2024-05-18T05:41:30.833+0000] {logging_mixin.py:188} INFO - [2024-05-18T05:41:30.832+0000] {dag.py:3096} INFO - Sync 2 DAGs
[2024-05-18T05:41:30.862+0000] {logging_mixin.py:188} INFO - [2024-05-18T05:41:30.862+0000] {dag.py:3954} INFO - Setting next_dagrun for example_external_task_marker_child to None, run_after=None
[2024-05-18T05:41:30.876+0000] {logging_mixin.py:188} INFO - [2024-05-18T05:41:30.875+0000] {dag.py:3954} INFO - Setting next_dagrun for example_external_task_marker_parent to None, run_after=None
[2024-05-18T05:41:30.923+0000] {processor.py:183} INFO - Processing /home/ubuntu/airflow/airflow_env/lib/python3.12/site-packages/airflow/example_dags/example_external_task_marker_dag.py took 0.234 seconds
[2024-05-18T05:42:01.191+0000] {processor.py:161} INFO - Started process (PID=16359) to work on /home/ubuntu/airflow/airflow_env/lib/python3.12/site-packages/airflow/example_dags/example_external_task_marker_dag.py
[2024-05-18T05:42:01.193+0000] {processor.py:830} INFO - Processing file /home/ubuntu/airflow/airflow_env/lib/python3.12/site-packages/airflow/example_dags/example_external_task_marker_dag.py for tasks to queue
[2024-05-18T05:42:01.195+0000] {logging_mixin.py:188} INFO - [2024-05-18T05:42:01.195+0000] {dagbag.py:545} INFO - Filling up the DagBag from /home/ubuntu/airflow/airflow_env/lib/python3.12/site-packages/airflow/example_dags/example_external_task_marker_dag.py
[2024-05-18T05:42:01.208+0000] {processor.py:840} INFO - DAG(s) 'example_external_task_marker_child', 'example_external_task_marker_parent' retrieved from /home/ubuntu/airflow/airflow_env/lib/python3.12/site-packages/airflow/example_dags/example_external_task_marker_dag.py
[2024-05-18T05:42:01.308+0000] {logging_mixin.py:188} INFO - [2024-05-18T05:42:01.308+0000] {dag.py:3096} INFO - Sync 2 DAGs
[2024-05-18T05:42:01.329+0000] {logging_mixin.py:188} INFO - [2024-05-18T05:42:01.328+0000] {dag.py:3954} INFO - Setting next_dagrun for example_external_task_marker_child to None, run_after=None
[2024-05-18T05:42:01.337+0000] {logging_mixin.py:188} INFO - [2024-05-18T05:42:01.337+0000] {dag.py:3954} INFO - Setting next_dagrun for example_external_task_marker_parent to None, run_after=None
[2024-05-18T05:42:01.382+0000] {processor.py:183} INFO - Processing /home/ubuntu/airflow/airflow_env/lib/python3.12/site-packages/airflow/example_dags/example_external_task_marker_dag.py took 0.199 seconds
[2024-05-18T05:42:32.213+0000] {processor.py:161} INFO - Started process (PID=16410) to work on /home/ubuntu/airflow/airflow_env/lib/python3.12/site-packages/airflow/example_dags/example_external_task_marker_dag.py
[2024-05-18T05:42:32.217+0000] {processor.py:830} INFO - Processing file /home/ubuntu/airflow/airflow_env/lib/python3.12/site-packages/airflow/example_dags/example_external_task_marker_dag.py for tasks to queue
[2024-05-18T05:42:32.220+0000] {logging_mixin.py:188} INFO - [2024-05-18T05:42:32.219+0000] {dagbag.py:545} INFO - Filling up the DagBag from /home/ubuntu/airflow/airflow_env/lib/python3.12/site-packages/airflow/example_dags/example_external_task_marker_dag.py
[2024-05-18T05:42:32.227+0000] {processor.py:840} INFO - DAG(s) 'example_external_task_marker_parent', 'example_external_task_marker_child' retrieved from /home/ubuntu/airflow/airflow_env/lib/python3.12/site-packages/airflow/example_dags/example_external_task_marker_dag.py
[2024-05-18T05:42:32.294+0000] {logging_mixin.py:188} INFO - [2024-05-18T05:42:32.293+0000] {dag.py:3096} INFO - Sync 2 DAGs
[2024-05-18T05:42:32.316+0000] {logging_mixin.py:188} INFO - [2024-05-18T05:42:32.315+0000] {dag.py:3954} INFO - Setting next_dagrun for example_external_task_marker_child to None, run_after=None
[2024-05-18T05:42:32.322+0000] {logging_mixin.py:188} INFO - [2024-05-18T05:42:32.322+0000] {dag.py:3954} INFO - Setting next_dagrun for example_external_task_marker_parent to None, run_after=None
[2024-05-18T05:42:32.372+0000] {processor.py:183} INFO - Processing /home/ubuntu/airflow/airflow_env/lib/python3.12/site-packages/airflow/example_dags/example_external_task_marker_dag.py took 0.168 seconds
[2024-05-18T05:43:03.312+0000] {processor.py:161} INFO - Started process (PID=16472) to work on /home/ubuntu/airflow/airflow_env/lib/python3.12/site-packages/airflow/example_dags/example_external_task_marker_dag.py
[2024-05-18T05:43:03.313+0000] {processor.py:830} INFO - Processing file /home/ubuntu/airflow/airflow_env/lib/python3.12/site-packages/airflow/example_dags/example_external_task_marker_dag.py for tasks to queue
[2024-05-18T05:43:03.315+0000] {logging_mixin.py:188} INFO - [2024-05-18T05:43:03.314+0000] {dagbag.py:545} INFO - Filling up the DagBag from /home/ubuntu/airflow/airflow_env/lib/python3.12/site-packages/airflow/example_dags/example_external_task_marker_dag.py
[2024-05-18T05:43:03.327+0000] {processor.py:840} INFO - DAG(s) 'example_external_task_marker_child', 'example_external_task_marker_parent' retrieved from /home/ubuntu/airflow/airflow_env/lib/python3.12/site-packages/airflow/example_dags/example_external_task_marker_dag.py
[2024-05-18T05:43:03.401+0000] {logging_mixin.py:188} INFO - [2024-05-18T05:43:03.401+0000] {dag.py:3096} INFO - Sync 2 DAGs
[2024-05-18T05:43:03.422+0000] {logging_mixin.py:188} INFO - [2024-05-18T05:43:03.421+0000] {dag.py:3954} INFO - Setting next_dagrun for example_external_task_marker_child to None, run_after=None
[2024-05-18T05:43:03.428+0000] {logging_mixin.py:188} INFO - [2024-05-18T05:43:03.428+0000] {dag.py:3954} INFO - Setting next_dagrun for example_external_task_marker_parent to None, run_after=None
[2024-05-18T05:43:03.461+0000] {processor.py:183} INFO - Processing /home/ubuntu/airflow/airflow_env/lib/python3.12/site-packages/airflow/example_dags/example_external_task_marker_dag.py took 0.159 seconds
[2024-05-18T05:43:34.019+0000] {processor.py:161} INFO - Started process (PID=16546) to work on /home/ubuntu/airflow/airflow_env/lib/python3.12/site-packages/airflow/example_dags/example_external_task_marker_dag.py
[2024-05-18T05:43:34.021+0000] {processor.py:830} INFO - Processing file /home/ubuntu/airflow/airflow_env/lib/python3.12/site-packages/airflow/example_dags/example_external_task_marker_dag.py for tasks to queue
[2024-05-18T05:43:34.025+0000] {logging_mixin.py:188} INFO - [2024-05-18T05:43:34.024+0000] {dagbag.py:545} INFO - Filling up the DagBag from /home/ubuntu/airflow/airflow_env/lib/python3.12/site-packages/airflow/example_dags/example_external_task_marker_dag.py
[2024-05-18T05:43:34.036+0000] {processor.py:840} INFO - DAG(s) 'example_external_task_marker_parent', 'example_external_task_marker_child' retrieved from /home/ubuntu/airflow/airflow_env/lib/python3.12/site-packages/airflow/example_dags/example_external_task_marker_dag.py
[2024-05-18T05:43:34.101+0000] {logging_mixin.py:188} INFO - [2024-05-18T05:43:34.100+0000] {dag.py:3096} INFO - Sync 2 DAGs
[2024-05-18T05:43:34.122+0000] {logging_mixin.py:188} INFO - [2024-05-18T05:43:34.122+0000] {dag.py:3954} INFO - Setting next_dagrun for example_external_task_marker_child to None, run_after=None
[2024-05-18T05:43:34.129+0000] {logging_mixin.py:188} INFO - [2024-05-18T05:43:34.128+0000] {dag.py:3954} INFO - Setting next_dagrun for example_external_task_marker_parent to None, run_after=None
[2024-05-18T05:43:34.156+0000] {processor.py:183} INFO - Processing /home/ubuntu/airflow/airflow_env/lib/python3.12/site-packages/airflow/example_dags/example_external_task_marker_dag.py took 0.144 seconds
