[2024-05-18T04:44:43.980+0000] {processor.py:161} INFO - Started process (PID=12287) to work on /home/ubuntu/chch-fuel-recommendator/airflow/af_env/lib/python3.12/site-packages/airflow/example_dags/example_dynamic_task_mapping.py
[2024-05-18T04:44:43.981+0000] {processor.py:830} INFO - Processing file /home/ubuntu/chch-fuel-recommendator/airflow/af_env/lib/python3.12/site-packages/airflow/example_dags/example_dynamic_task_mapping.py for tasks to queue
[2024-05-18T04:44:43.982+0000] {logging_mixin.py:188} INFO - [2024-05-18T04:44:43.982+0000] {dagbag.py:545} INFO - Filling up the DagBag from /home/ubuntu/chch-fuel-recommendator/airflow/af_env/lib/python3.12/site-packages/airflow/example_dags/example_dynamic_task_mapping.py
[2024-05-18T04:44:43.990+0000] {processor.py:840} INFO - DAG(s) 'example_dynamic_task_mapping' retrieved from /home/ubuntu/chch-fuel-recommendator/airflow/af_env/lib/python3.12/site-packages/airflow/example_dags/example_dynamic_task_mapping.py
[2024-05-18T04:44:44.125+0000] {logging_mixin.py:188} INFO - [2024-05-18T04:44:44.124+0000] {override.py:1829} INFO - Created Permission View: can edit on DAG:example_dynamic_task_mapping
[2024-05-18T04:44:44.140+0000] {logging_mixin.py:188} INFO - [2024-05-18T04:44:44.139+0000] {override.py:1829} INFO - Created Permission View: can read on DAG:example_dynamic_task_mapping
[2024-05-18T04:44:44.154+0000] {logging_mixin.py:188} INFO - [2024-05-18T04:44:44.154+0000] {override.py:1829} INFO - Created Permission View: can delete on DAG:example_dynamic_task_mapping
[2024-05-18T04:44:44.155+0000] {logging_mixin.py:188} INFO - [2024-05-18T04:44:44.155+0000] {dag.py:3096} INFO - Sync 1 DAGs
[2024-05-18T04:44:44.168+0000] {logging_mixin.py:188} INFO - [2024-05-18T04:44:44.167+0000] {dag.py:3118} INFO - Creating ORM DAG for example_dynamic_task_mapping
[2024-05-18T04:44:44.178+0000] {logging_mixin.py:188} INFO - [2024-05-18T04:44:44.177+0000] {dag.py:3954} INFO - Setting next_dagrun for example_dynamic_task_mapping to 2022-03-04 00:00:00+00:00, run_after=2022-03-05 00:00:00+00:00
[2024-05-18T04:44:44.202+0000] {processor.py:183} INFO - Processing /home/ubuntu/chch-fuel-recommendator/airflow/af_env/lib/python3.12/site-packages/airflow/example_dags/example_dynamic_task_mapping.py took 0.228 seconds
[2024-05-18T04:45:36.857+0000] {processor.py:161} INFO - Started process (PID=12341) to work on /home/ubuntu/chch-fuel-recommendator/airflow/af_env/lib/python3.12/site-packages/airflow/example_dags/example_dynamic_task_mapping.py
[2024-05-18T04:45:36.859+0000] {processor.py:830} INFO - Processing file /home/ubuntu/chch-fuel-recommendator/airflow/af_env/lib/python3.12/site-packages/airflow/example_dags/example_dynamic_task_mapping.py for tasks to queue
[2024-05-18T04:45:36.862+0000] {logging_mixin.py:188} INFO - [2024-05-18T04:45:36.861+0000] {dagbag.py:545} INFO - Filling up the DagBag from /home/ubuntu/chch-fuel-recommendator/airflow/af_env/lib/python3.12/site-packages/airflow/example_dags/example_dynamic_task_mapping.py
[2024-05-18T04:45:36.874+0000] {processor.py:840} INFO - DAG(s) 'example_dynamic_task_mapping' retrieved from /home/ubuntu/chch-fuel-recommendator/airflow/af_env/lib/python3.12/site-packages/airflow/example_dags/example_dynamic_task_mapping.py
[2024-05-18T04:45:36.897+0000] {logging_mixin.py:188} INFO - [2024-05-18T04:45:36.896+0000] {dag.py:3096} INFO - Sync 1 DAGs
[2024-05-18T04:45:36.927+0000] {logging_mixin.py:188} INFO - [2024-05-18T04:45:36.926+0000] {dag.py:3954} INFO - Setting next_dagrun for example_dynamic_task_mapping to 2022-03-04 00:00:00+00:00, run_after=2022-03-05 00:00:00+00:00
[2024-05-18T04:45:36.964+0000] {processor.py:183} INFO - Processing /home/ubuntu/chch-fuel-recommendator/airflow/af_env/lib/python3.12/site-packages/airflow/example_dags/example_dynamic_task_mapping.py took 0.114 seconds
[2024-05-18T04:46:38.634+0000] {processor.py:161} INFO - Started process (PID=12401) to work on /home/ubuntu/chch-fuel-recommendator/airflow/af_env/lib/python3.12/site-packages/airflow/example_dags/example_dynamic_task_mapping.py
[2024-05-18T04:46:38.635+0000] {processor.py:830} INFO - Processing file /home/ubuntu/chch-fuel-recommendator/airflow/af_env/lib/python3.12/site-packages/airflow/example_dags/example_dynamic_task_mapping.py for tasks to queue
[2024-05-18T04:46:38.638+0000] {logging_mixin.py:188} INFO - [2024-05-18T04:46:38.637+0000] {dagbag.py:545} INFO - Filling up the DagBag from /home/ubuntu/chch-fuel-recommendator/airflow/af_env/lib/python3.12/site-packages/airflow/example_dags/example_dynamic_task_mapping.py
[2024-05-18T04:46:38.647+0000] {processor.py:840} INFO - DAG(s) 'example_dynamic_task_mapping' retrieved from /home/ubuntu/chch-fuel-recommendator/airflow/af_env/lib/python3.12/site-packages/airflow/example_dags/example_dynamic_task_mapping.py
[2024-05-18T04:46:38.675+0000] {logging_mixin.py:188} INFO - [2024-05-18T04:46:38.675+0000] {dag.py:3096} INFO - Sync 1 DAGs
[2024-05-18T04:46:38.699+0000] {logging_mixin.py:188} INFO - [2024-05-18T04:46:38.699+0000] {dag.py:3954} INFO - Setting next_dagrun for example_dynamic_task_mapping to 2022-03-04 00:00:00+00:00, run_after=2022-03-05 00:00:00+00:00
[2024-05-18T04:46:38.747+0000] {processor.py:183} INFO - Processing /home/ubuntu/chch-fuel-recommendator/airflow/af_env/lib/python3.12/site-packages/airflow/example_dags/example_dynamic_task_mapping.py took 0.125 seconds
[2024-05-18T04:47:44.282+0000] {processor.py:161} INFO - Started process (PID=12466) to work on /home/ubuntu/chch-fuel-recommendator/airflow/af_env/lib/python3.12/site-packages/airflow/example_dags/example_dynamic_task_mapping.py
[2024-05-18T04:47:44.283+0000] {processor.py:830} INFO - Processing file /home/ubuntu/chch-fuel-recommendator/airflow/af_env/lib/python3.12/site-packages/airflow/example_dags/example_dynamic_task_mapping.py for tasks to queue
[2024-05-18T04:47:44.285+0000] {logging_mixin.py:188} INFO - [2024-05-18T04:47:44.285+0000] {dagbag.py:545} INFO - Filling up the DagBag from /home/ubuntu/chch-fuel-recommendator/airflow/af_env/lib/python3.12/site-packages/airflow/example_dags/example_dynamic_task_mapping.py
[2024-05-18T04:47:44.296+0000] {processor.py:840} INFO - DAG(s) 'example_dynamic_task_mapping' retrieved from /home/ubuntu/chch-fuel-recommendator/airflow/af_env/lib/python3.12/site-packages/airflow/example_dags/example_dynamic_task_mapping.py
[2024-05-18T04:47:44.318+0000] {logging_mixin.py:188} INFO - [2024-05-18T04:47:44.317+0000] {dag.py:3096} INFO - Sync 1 DAGs
[2024-05-18T04:47:44.347+0000] {logging_mixin.py:188} INFO - [2024-05-18T04:47:44.347+0000] {dag.py:3954} INFO - Setting next_dagrun for example_dynamic_task_mapping to 2022-03-04 00:00:00+00:00, run_after=2022-03-05 00:00:00+00:00
[2024-05-18T04:47:44.380+0000] {processor.py:183} INFO - Processing /home/ubuntu/chch-fuel-recommendator/airflow/af_env/lib/python3.12/site-packages/airflow/example_dags/example_dynamic_task_mapping.py took 0.105 seconds
[2024-05-18T04:48:49.314+0000] {processor.py:161} INFO - Started process (PID=12531) to work on /home/ubuntu/chch-fuel-recommendator/airflow/af_env/lib/python3.12/site-packages/airflow/example_dags/example_dynamic_task_mapping.py
[2024-05-18T04:48:49.315+0000] {processor.py:830} INFO - Processing file /home/ubuntu/chch-fuel-recommendator/airflow/af_env/lib/python3.12/site-packages/airflow/example_dags/example_dynamic_task_mapping.py for tasks to queue
[2024-05-18T04:48:49.318+0000] {logging_mixin.py:188} INFO - [2024-05-18T04:48:49.318+0000] {dagbag.py:545} INFO - Filling up the DagBag from /home/ubuntu/chch-fuel-recommendator/airflow/af_env/lib/python3.12/site-packages/airflow/example_dags/example_dynamic_task_mapping.py
[2024-05-18T04:48:49.327+0000] {processor.py:840} INFO - DAG(s) 'example_dynamic_task_mapping' retrieved from /home/ubuntu/chch-fuel-recommendator/airflow/af_env/lib/python3.12/site-packages/airflow/example_dags/example_dynamic_task_mapping.py
[2024-05-18T04:48:49.347+0000] {logging_mixin.py:188} INFO - [2024-05-18T04:48:49.347+0000] {dag.py:3096} INFO - Sync 1 DAGs
[2024-05-18T04:48:49.373+0000] {logging_mixin.py:188} INFO - [2024-05-18T04:48:49.373+0000] {dag.py:3954} INFO - Setting next_dagrun for example_dynamic_task_mapping to 2022-03-04 00:00:00+00:00, run_after=2022-03-05 00:00:00+00:00
[2024-05-18T04:48:49.403+0000] {processor.py:183} INFO - Processing /home/ubuntu/chch-fuel-recommendator/airflow/af_env/lib/python3.12/site-packages/airflow/example_dags/example_dynamic_task_mapping.py took 0.095 seconds
[2024-05-18T04:49:55.461+0000] {processor.py:161} INFO - Started process (PID=12596) to work on /home/ubuntu/chch-fuel-recommendator/airflow/af_env/lib/python3.12/site-packages/airflow/example_dags/example_dynamic_task_mapping.py
[2024-05-18T04:49:55.462+0000] {processor.py:830} INFO - Processing file /home/ubuntu/chch-fuel-recommendator/airflow/af_env/lib/python3.12/site-packages/airflow/example_dags/example_dynamic_task_mapping.py for tasks to queue
[2024-05-18T04:49:55.465+0000] {logging_mixin.py:188} INFO - [2024-05-18T04:49:55.463+0000] {dagbag.py:545} INFO - Filling up the DagBag from /home/ubuntu/chch-fuel-recommendator/airflow/af_env/lib/python3.12/site-packages/airflow/example_dags/example_dynamic_task_mapping.py
[2024-05-18T04:49:55.482+0000] {processor.py:840} INFO - DAG(s) 'example_dynamic_task_mapping' retrieved from /home/ubuntu/chch-fuel-recommendator/airflow/af_env/lib/python3.12/site-packages/airflow/example_dags/example_dynamic_task_mapping.py
[2024-05-18T04:49:55.512+0000] {logging_mixin.py:188} INFO - [2024-05-18T04:49:55.511+0000] {dag.py:3096} INFO - Sync 1 DAGs
[2024-05-18T04:49:55.538+0000] {logging_mixin.py:188} INFO - [2024-05-18T04:49:55.538+0000] {dag.py:3954} INFO - Setting next_dagrun for example_dynamic_task_mapping to 2022-03-04 00:00:00+00:00, run_after=2022-03-05 00:00:00+00:00
[2024-05-18T04:49:55.572+0000] {processor.py:183} INFO - Processing /home/ubuntu/chch-fuel-recommendator/airflow/af_env/lib/python3.12/site-packages/airflow/example_dags/example_dynamic_task_mapping.py took 0.119 seconds
[2024-05-18T04:51:01.635+0000] {processor.py:161} INFO - Started process (PID=12666) to work on /home/ubuntu/chch-fuel-recommendator/airflow/af_env/lib/python3.12/site-packages/airflow/example_dags/example_dynamic_task_mapping.py
[2024-05-18T04:51:01.637+0000] {processor.py:830} INFO - Processing file /home/ubuntu/chch-fuel-recommendator/airflow/af_env/lib/python3.12/site-packages/airflow/example_dags/example_dynamic_task_mapping.py for tasks to queue
[2024-05-18T04:51:01.639+0000] {logging_mixin.py:188} INFO - [2024-05-18T04:51:01.638+0000] {dagbag.py:545} INFO - Filling up the DagBag from /home/ubuntu/chch-fuel-recommendator/airflow/af_env/lib/python3.12/site-packages/airflow/example_dags/example_dynamic_task_mapping.py
[2024-05-18T04:51:01.647+0000] {processor.py:840} INFO - DAG(s) 'example_dynamic_task_mapping' retrieved from /home/ubuntu/chch-fuel-recommendator/airflow/af_env/lib/python3.12/site-packages/airflow/example_dags/example_dynamic_task_mapping.py
[2024-05-18T04:51:01.678+0000] {logging_mixin.py:188} INFO - [2024-05-18T04:51:01.677+0000] {dag.py:3096} INFO - Sync 1 DAGs
[2024-05-18T04:51:01.717+0000] {logging_mixin.py:188} INFO - [2024-05-18T04:51:01.717+0000] {dag.py:3954} INFO - Setting next_dagrun for example_dynamic_task_mapping to 2022-03-04 00:00:00+00:00, run_after=2022-03-05 00:00:00+00:00
[2024-05-18T04:51:01.765+0000] {processor.py:183} INFO - Processing /home/ubuntu/chch-fuel-recommendator/airflow/af_env/lib/python3.12/site-packages/airflow/example_dags/example_dynamic_task_mapping.py took 0.137 seconds
[2024-05-18T04:52:06.674+0000] {processor.py:161} INFO - Started process (PID=12731) to work on /home/ubuntu/chch-fuel-recommendator/airflow/af_env/lib/python3.12/site-packages/airflow/example_dags/example_dynamic_task_mapping.py
[2024-05-18T04:52:06.676+0000] {processor.py:830} INFO - Processing file /home/ubuntu/chch-fuel-recommendator/airflow/af_env/lib/python3.12/site-packages/airflow/example_dags/example_dynamic_task_mapping.py for tasks to queue
[2024-05-18T04:52:06.678+0000] {logging_mixin.py:188} INFO - [2024-05-18T04:52:06.678+0000] {dagbag.py:545} INFO - Filling up the DagBag from /home/ubuntu/chch-fuel-recommendator/airflow/af_env/lib/python3.12/site-packages/airflow/example_dags/example_dynamic_task_mapping.py
[2024-05-18T04:52:06.688+0000] {processor.py:840} INFO - DAG(s) 'example_dynamic_task_mapping' retrieved from /home/ubuntu/chch-fuel-recommendator/airflow/af_env/lib/python3.12/site-packages/airflow/example_dags/example_dynamic_task_mapping.py
[2024-05-18T04:52:06.706+0000] {logging_mixin.py:188} INFO - [2024-05-18T04:52:06.706+0000] {dag.py:3096} INFO - Sync 1 DAGs
[2024-05-18T04:52:06.736+0000] {logging_mixin.py:188} INFO - [2024-05-18T04:52:06.736+0000] {dag.py:3954} INFO - Setting next_dagrun for example_dynamic_task_mapping to 2022-03-04 00:00:00+00:00, run_after=2022-03-05 00:00:00+00:00
[2024-05-18T04:52:06.771+0000] {processor.py:183} INFO - Processing /home/ubuntu/chch-fuel-recommendator/airflow/af_env/lib/python3.12/site-packages/airflow/example_dags/example_dynamic_task_mapping.py took 0.103 seconds
[2024-05-18T04:52:58.184+0000] {processor.py:161} INFO - Started process (PID=12780) to work on /home/ubuntu/chch-fuel-recommendator/airflow/af_env/lib/python3.12/site-packages/airflow/example_dags/example_dynamic_task_mapping.py
[2024-05-18T04:52:58.186+0000] {processor.py:830} INFO - Processing file /home/ubuntu/chch-fuel-recommendator/airflow/af_env/lib/python3.12/site-packages/airflow/example_dags/example_dynamic_task_mapping.py for tasks to queue
[2024-05-18T04:52:58.188+0000] {logging_mixin.py:188} INFO - [2024-05-18T04:52:58.187+0000] {dagbag.py:545} INFO - Filling up the DagBag from /home/ubuntu/chch-fuel-recommendator/airflow/af_env/lib/python3.12/site-packages/airflow/example_dags/example_dynamic_task_mapping.py
[2024-05-18T04:52:58.195+0000] {processor.py:840} INFO - DAG(s) 'example_dynamic_task_mapping' retrieved from /home/ubuntu/chch-fuel-recommendator/airflow/af_env/lib/python3.12/site-packages/airflow/example_dags/example_dynamic_task_mapping.py
[2024-05-18T04:52:58.221+0000] {logging_mixin.py:188} INFO - [2024-05-18T04:52:58.221+0000] {dag.py:3096} INFO - Sync 1 DAGs
[2024-05-18T04:52:58.246+0000] {logging_mixin.py:188} INFO - [2024-05-18T04:52:58.244+0000] {dag.py:3954} INFO - Setting next_dagrun for example_dynamic_task_mapping to 2022-03-04 00:00:00+00:00, run_after=2022-03-05 00:00:00+00:00
[2024-05-18T04:52:58.270+0000] {processor.py:183} INFO - Processing /home/ubuntu/chch-fuel-recommendator/airflow/af_env/lib/python3.12/site-packages/airflow/example_dags/example_dynamic_task_mapping.py took 0.104 seconds
[2024-05-18T05:32:19.091+0000] {processor.py:161} INFO - Started process (PID=15098) to work on /home/ubuntu/airflow/airflow_env/lib/python3.12/site-packages/airflow/example_dags/example_dynamic_task_mapping.py
[2024-05-18T05:32:19.093+0000] {processor.py:830} INFO - Processing file /home/ubuntu/airflow/airflow_env/lib/python3.12/site-packages/airflow/example_dags/example_dynamic_task_mapping.py for tasks to queue
[2024-05-18T05:32:19.095+0000] {logging_mixin.py:188} INFO - [2024-05-18T05:32:19.094+0000] {dagbag.py:545} INFO - Filling up the DagBag from /home/ubuntu/airflow/airflow_env/lib/python3.12/site-packages/airflow/example_dags/example_dynamic_task_mapping.py
[2024-05-18T05:32:19.103+0000] {processor.py:840} INFO - DAG(s) 'example_dynamic_task_mapping' retrieved from /home/ubuntu/airflow/airflow_env/lib/python3.12/site-packages/airflow/example_dags/example_dynamic_task_mapping.py
[2024-05-18T05:32:19.292+0000] {logging_mixin.py:188} INFO - [2024-05-18T05:32:19.291+0000] {dag.py:3096} INFO - Sync 1 DAGs
[2024-05-18T05:32:19.333+0000] {logging_mixin.py:188} INFO - [2024-05-18T05:32:19.333+0000] {dag.py:3954} INFO - Setting next_dagrun for example_dynamic_task_mapping to 2022-03-04 00:00:00+00:00, run_after=2022-03-05 00:00:00+00:00
[2024-05-18T05:32:19.368+0000] {processor.py:183} INFO - Processing /home/ubuntu/airflow/airflow_env/lib/python3.12/site-packages/airflow/example_dags/example_dynamic_task_mapping.py took 0.284 seconds
[2024-05-18T05:32:50.057+0000] {processor.py:161} INFO - Started process (PID=15152) to work on /home/ubuntu/airflow/airflow_env/lib/python3.12/site-packages/airflow/example_dags/example_dynamic_task_mapping.py
[2024-05-18T05:32:50.058+0000] {processor.py:830} INFO - Processing file /home/ubuntu/airflow/airflow_env/lib/python3.12/site-packages/airflow/example_dags/example_dynamic_task_mapping.py for tasks to queue
[2024-05-18T05:32:50.061+0000] {logging_mixin.py:188} INFO - [2024-05-18T05:32:50.060+0000] {dagbag.py:545} INFO - Filling up the DagBag from /home/ubuntu/airflow/airflow_env/lib/python3.12/site-packages/airflow/example_dags/example_dynamic_task_mapping.py
[2024-05-18T05:32:50.074+0000] {processor.py:840} INFO - DAG(s) 'example_dynamic_task_mapping' retrieved from /home/ubuntu/airflow/airflow_env/lib/python3.12/site-packages/airflow/example_dags/example_dynamic_task_mapping.py
[2024-05-18T05:32:50.166+0000] {logging_mixin.py:188} INFO - [2024-05-18T05:32:50.153+0000] {dag.py:3096} INFO - Sync 1 DAGs
[2024-05-18T05:32:50.204+0000] {logging_mixin.py:188} INFO - [2024-05-18T05:32:50.204+0000] {dag.py:3954} INFO - Setting next_dagrun for example_dynamic_task_mapping to 2022-03-04 00:00:00+00:00, run_after=2022-03-05 00:00:00+00:00
[2024-05-18T05:32:50.230+0000] {processor.py:183} INFO - Processing /home/ubuntu/airflow/airflow_env/lib/python3.12/site-packages/airflow/example_dags/example_dynamic_task_mapping.py took 0.183 seconds
[2024-05-18T05:33:20.464+0000] {processor.py:161} INFO - Started process (PID=15206) to work on /home/ubuntu/airflow/airflow_env/lib/python3.12/site-packages/airflow/example_dags/example_dynamic_task_mapping.py
[2024-05-18T05:33:20.465+0000] {processor.py:830} INFO - Processing file /home/ubuntu/airflow/airflow_env/lib/python3.12/site-packages/airflow/example_dags/example_dynamic_task_mapping.py for tasks to queue
[2024-05-18T05:33:20.468+0000] {logging_mixin.py:188} INFO - [2024-05-18T05:33:20.468+0000] {dagbag.py:545} INFO - Filling up the DagBag from /home/ubuntu/airflow/airflow_env/lib/python3.12/site-packages/airflow/example_dags/example_dynamic_task_mapping.py
[2024-05-18T05:33:20.476+0000] {processor.py:840} INFO - DAG(s) 'example_dynamic_task_mapping' retrieved from /home/ubuntu/airflow/airflow_env/lib/python3.12/site-packages/airflow/example_dags/example_dynamic_task_mapping.py
[2024-05-18T05:33:20.534+0000] {logging_mixin.py:188} INFO - [2024-05-18T05:33:20.534+0000] {dag.py:3096} INFO - Sync 1 DAGs
[2024-05-18T05:33:20.572+0000] {logging_mixin.py:188} INFO - [2024-05-18T05:33:20.572+0000] {dag.py:3954} INFO - Setting next_dagrun for example_dynamic_task_mapping to 2022-03-04 00:00:00+00:00, run_after=2022-03-05 00:00:00+00:00
[2024-05-18T05:33:20.603+0000] {processor.py:183} INFO - Processing /home/ubuntu/airflow/airflow_env/lib/python3.12/site-packages/airflow/example_dags/example_dynamic_task_mapping.py took 0.149 seconds
[2024-05-18T05:33:50.745+0000] {processor.py:161} INFO - Started process (PID=15258) to work on /home/ubuntu/airflow/airflow_env/lib/python3.12/site-packages/airflow/example_dags/example_dynamic_task_mapping.py
[2024-05-18T05:33:50.746+0000] {processor.py:830} INFO - Processing file /home/ubuntu/airflow/airflow_env/lib/python3.12/site-packages/airflow/example_dags/example_dynamic_task_mapping.py for tasks to queue
[2024-05-18T05:33:50.749+0000] {logging_mixin.py:188} INFO - [2024-05-18T05:33:50.748+0000] {dagbag.py:545} INFO - Filling up the DagBag from /home/ubuntu/airflow/airflow_env/lib/python3.12/site-packages/airflow/example_dags/example_dynamic_task_mapping.py
[2024-05-18T05:33:50.764+0000] {processor.py:840} INFO - DAG(s) 'example_dynamic_task_mapping' retrieved from /home/ubuntu/airflow/airflow_env/lib/python3.12/site-packages/airflow/example_dags/example_dynamic_task_mapping.py
[2024-05-18T05:33:50.835+0000] {logging_mixin.py:188} INFO - [2024-05-18T05:33:50.835+0000] {dag.py:3096} INFO - Sync 1 DAGs
[2024-05-18T05:33:50.870+0000] {logging_mixin.py:188} INFO - [2024-05-18T05:33:50.870+0000] {dag.py:3954} INFO - Setting next_dagrun for example_dynamic_task_mapping to 2022-03-04 00:00:00+00:00, run_after=2022-03-05 00:00:00+00:00
[2024-05-18T05:33:50.900+0000] {processor.py:183} INFO - Processing /home/ubuntu/airflow/airflow_env/lib/python3.12/site-packages/airflow/example_dags/example_dynamic_task_mapping.py took 0.165 seconds
[2024-05-18T05:34:21.410+0000] {processor.py:161} INFO - Started process (PID=15308) to work on /home/ubuntu/airflow/airflow_env/lib/python3.12/site-packages/airflow/example_dags/example_dynamic_task_mapping.py
[2024-05-18T05:34:21.411+0000] {processor.py:830} INFO - Processing file /home/ubuntu/airflow/airflow_env/lib/python3.12/site-packages/airflow/example_dags/example_dynamic_task_mapping.py for tasks to queue
[2024-05-18T05:34:21.415+0000] {logging_mixin.py:188} INFO - [2024-05-18T05:34:21.414+0000] {dagbag.py:545} INFO - Filling up the DagBag from /home/ubuntu/airflow/airflow_env/lib/python3.12/site-packages/airflow/example_dags/example_dynamic_task_mapping.py
[2024-05-18T05:34:21.424+0000] {processor.py:840} INFO - DAG(s) 'example_dynamic_task_mapping' retrieved from /home/ubuntu/airflow/airflow_env/lib/python3.12/site-packages/airflow/example_dags/example_dynamic_task_mapping.py
[2024-05-18T05:34:21.478+0000] {logging_mixin.py:188} INFO - [2024-05-18T05:34:21.478+0000] {dag.py:3096} INFO - Sync 1 DAGs
[2024-05-18T05:34:21.513+0000] {logging_mixin.py:188} INFO - [2024-05-18T05:34:21.512+0000] {dag.py:3954} INFO - Setting next_dagrun for example_dynamic_task_mapping to 2022-03-04 00:00:00+00:00, run_after=2022-03-05 00:00:00+00:00
[2024-05-18T05:34:21.560+0000] {processor.py:183} INFO - Processing /home/ubuntu/airflow/airflow_env/lib/python3.12/site-packages/airflow/example_dags/example_dynamic_task_mapping.py took 0.157 seconds
[2024-05-18T05:34:51.677+0000] {processor.py:161} INFO - Started process (PID=15359) to work on /home/ubuntu/airflow/airflow_env/lib/python3.12/site-packages/airflow/example_dags/example_dynamic_task_mapping.py
[2024-05-18T05:34:51.679+0000] {processor.py:830} INFO - Processing file /home/ubuntu/airflow/airflow_env/lib/python3.12/site-packages/airflow/example_dags/example_dynamic_task_mapping.py for tasks to queue
[2024-05-18T05:34:51.684+0000] {logging_mixin.py:188} INFO - [2024-05-18T05:34:51.682+0000] {dagbag.py:545} INFO - Filling up the DagBag from /home/ubuntu/airflow/airflow_env/lib/python3.12/site-packages/airflow/example_dags/example_dynamic_task_mapping.py
[2024-05-18T05:34:51.695+0000] {processor.py:840} INFO - DAG(s) 'example_dynamic_task_mapping' retrieved from /home/ubuntu/airflow/airflow_env/lib/python3.12/site-packages/airflow/example_dags/example_dynamic_task_mapping.py
[2024-05-18T05:34:51.758+0000] {logging_mixin.py:188} INFO - [2024-05-18T05:34:51.757+0000] {dag.py:3096} INFO - Sync 1 DAGs
[2024-05-18T05:34:51.797+0000] {logging_mixin.py:188} INFO - [2024-05-18T05:34:51.796+0000] {dag.py:3954} INFO - Setting next_dagrun for example_dynamic_task_mapping to 2022-03-04 00:00:00+00:00, run_after=2022-03-05 00:00:00+00:00
[2024-05-18T05:34:51.827+0000] {processor.py:183} INFO - Processing /home/ubuntu/airflow/airflow_env/lib/python3.12/site-packages/airflow/example_dags/example_dynamic_task_mapping.py took 0.165 seconds
[2024-05-18T05:35:22.123+0000] {processor.py:161} INFO - Started process (PID=15413) to work on /home/ubuntu/airflow/airflow_env/lib/python3.12/site-packages/airflow/example_dags/example_dynamic_task_mapping.py
[2024-05-18T05:35:22.124+0000] {processor.py:830} INFO - Processing file /home/ubuntu/airflow/airflow_env/lib/python3.12/site-packages/airflow/example_dags/example_dynamic_task_mapping.py for tasks to queue
[2024-05-18T05:35:22.125+0000] {logging_mixin.py:188} INFO - [2024-05-18T05:35:22.125+0000] {dagbag.py:545} INFO - Filling up the DagBag from /home/ubuntu/airflow/airflow_env/lib/python3.12/site-packages/airflow/example_dags/example_dynamic_task_mapping.py
[2024-05-18T05:35:22.135+0000] {processor.py:840} INFO - DAG(s) 'example_dynamic_task_mapping' retrieved from /home/ubuntu/airflow/airflow_env/lib/python3.12/site-packages/airflow/example_dags/example_dynamic_task_mapping.py
[2024-05-18T05:35:22.189+0000] {logging_mixin.py:188} INFO - [2024-05-18T05:35:22.189+0000] {dag.py:3096} INFO - Sync 1 DAGs
[2024-05-18T05:35:22.233+0000] {logging_mixin.py:188} INFO - [2024-05-18T05:35:22.232+0000] {dag.py:3954} INFO - Setting next_dagrun for example_dynamic_task_mapping to 2022-03-04 00:00:00+00:00, run_after=2022-03-05 00:00:00+00:00
[2024-05-18T05:35:22.267+0000] {processor.py:183} INFO - Processing /home/ubuntu/airflow/airflow_env/lib/python3.12/site-packages/airflow/example_dags/example_dynamic_task_mapping.py took 0.153 seconds
[2024-05-18T05:35:52.611+0000] {processor.py:161} INFO - Started process (PID=15464) to work on /home/ubuntu/airflow/airflow_env/lib/python3.12/site-packages/airflow/example_dags/example_dynamic_task_mapping.py
[2024-05-18T05:35:52.613+0000] {processor.py:830} INFO - Processing file /home/ubuntu/airflow/airflow_env/lib/python3.12/site-packages/airflow/example_dags/example_dynamic_task_mapping.py for tasks to queue
[2024-05-18T05:35:52.615+0000] {logging_mixin.py:188} INFO - [2024-05-18T05:35:52.614+0000] {dagbag.py:545} INFO - Filling up the DagBag from /home/ubuntu/airflow/airflow_env/lib/python3.12/site-packages/airflow/example_dags/example_dynamic_task_mapping.py
[2024-05-18T05:35:52.625+0000] {processor.py:840} INFO - DAG(s) 'example_dynamic_task_mapping' retrieved from /home/ubuntu/airflow/airflow_env/lib/python3.12/site-packages/airflow/example_dags/example_dynamic_task_mapping.py
[2024-05-18T05:35:52.700+0000] {logging_mixin.py:188} INFO - [2024-05-18T05:35:52.699+0000] {dag.py:3096} INFO - Sync 1 DAGs
[2024-05-18T05:35:52.738+0000] {logging_mixin.py:188} INFO - [2024-05-18T05:35:52.737+0000] {dag.py:3954} INFO - Setting next_dagrun for example_dynamic_task_mapping to 2022-03-04 00:00:00+00:00, run_after=2022-03-05 00:00:00+00:00
[2024-05-18T05:35:52.770+0000] {processor.py:183} INFO - Processing /home/ubuntu/airflow/airflow_env/lib/python3.12/site-packages/airflow/example_dags/example_dynamic_task_mapping.py took 0.166 seconds
[2024-05-18T05:36:23.455+0000] {processor.py:161} INFO - Started process (PID=15515) to work on /home/ubuntu/airflow/airflow_env/lib/python3.12/site-packages/airflow/example_dags/example_dynamic_task_mapping.py
[2024-05-18T05:36:23.456+0000] {processor.py:830} INFO - Processing file /home/ubuntu/airflow/airflow_env/lib/python3.12/site-packages/airflow/example_dags/example_dynamic_task_mapping.py for tasks to queue
[2024-05-18T05:36:23.458+0000] {logging_mixin.py:188} INFO - [2024-05-18T05:36:23.458+0000] {dagbag.py:545} INFO - Filling up the DagBag from /home/ubuntu/airflow/airflow_env/lib/python3.12/site-packages/airflow/example_dags/example_dynamic_task_mapping.py
[2024-05-18T05:36:23.469+0000] {processor.py:840} INFO - DAG(s) 'example_dynamic_task_mapping' retrieved from /home/ubuntu/airflow/airflow_env/lib/python3.12/site-packages/airflow/example_dags/example_dynamic_task_mapping.py
[2024-05-18T05:36:23.533+0000] {logging_mixin.py:188} INFO - [2024-05-18T05:36:23.532+0000] {dag.py:3096} INFO - Sync 1 DAGs
[2024-05-18T05:36:23.563+0000] {logging_mixin.py:188} INFO - [2024-05-18T05:36:23.562+0000] {dag.py:3954} INFO - Setting next_dagrun for example_dynamic_task_mapping to 2022-03-04 00:00:00+00:00, run_after=2022-03-05 00:00:00+00:00
[2024-05-18T05:36:23.593+0000] {processor.py:183} INFO - Processing /home/ubuntu/airflow/airflow_env/lib/python3.12/site-packages/airflow/example_dags/example_dynamic_task_mapping.py took 0.145 seconds
[2024-05-18T05:36:54.208+0000] {processor.py:161} INFO - Started process (PID=15566) to work on /home/ubuntu/airflow/airflow_env/lib/python3.12/site-packages/airflow/example_dags/example_dynamic_task_mapping.py
[2024-05-18T05:36:54.211+0000] {processor.py:830} INFO - Processing file /home/ubuntu/airflow/airflow_env/lib/python3.12/site-packages/airflow/example_dags/example_dynamic_task_mapping.py for tasks to queue
[2024-05-18T05:36:54.213+0000] {logging_mixin.py:188} INFO - [2024-05-18T05:36:54.213+0000] {dagbag.py:545} INFO - Filling up the DagBag from /home/ubuntu/airflow/airflow_env/lib/python3.12/site-packages/airflow/example_dags/example_dynamic_task_mapping.py
[2024-05-18T05:36:54.224+0000] {processor.py:840} INFO - DAG(s) 'example_dynamic_task_mapping' retrieved from /home/ubuntu/airflow/airflow_env/lib/python3.12/site-packages/airflow/example_dags/example_dynamic_task_mapping.py
[2024-05-18T05:36:54.291+0000] {logging_mixin.py:188} INFO - [2024-05-18T05:36:54.291+0000] {dag.py:3096} INFO - Sync 1 DAGs
[2024-05-18T05:36:54.338+0000] {logging_mixin.py:188} INFO - [2024-05-18T05:36:54.336+0000] {dag.py:3954} INFO - Setting next_dagrun for example_dynamic_task_mapping to 2022-03-04 00:00:00+00:00, run_after=2022-03-05 00:00:00+00:00
[2024-05-18T05:36:54.370+0000] {processor.py:183} INFO - Processing /home/ubuntu/airflow/airflow_env/lib/python3.12/site-packages/airflow/example_dags/example_dynamic_task_mapping.py took 0.172 seconds
[2024-05-18T05:37:25.337+0000] {processor.py:161} INFO - Started process (PID=15617) to work on /home/ubuntu/airflow/airflow_env/lib/python3.12/site-packages/airflow/example_dags/example_dynamic_task_mapping.py
[2024-05-18T05:37:25.338+0000] {processor.py:830} INFO - Processing file /home/ubuntu/airflow/airflow_env/lib/python3.12/site-packages/airflow/example_dags/example_dynamic_task_mapping.py for tasks to queue
[2024-05-18T05:37:25.341+0000] {logging_mixin.py:188} INFO - [2024-05-18T05:37:25.340+0000] {dagbag.py:545} INFO - Filling up the DagBag from /home/ubuntu/airflow/airflow_env/lib/python3.12/site-packages/airflow/example_dags/example_dynamic_task_mapping.py
[2024-05-18T05:37:25.357+0000] {processor.py:840} INFO - DAG(s) 'example_dynamic_task_mapping' retrieved from /home/ubuntu/airflow/airflow_env/lib/python3.12/site-packages/airflow/example_dags/example_dynamic_task_mapping.py
[2024-05-18T05:37:25.413+0000] {logging_mixin.py:188} INFO - [2024-05-18T05:37:25.412+0000] {dag.py:3096} INFO - Sync 1 DAGs
[2024-05-18T05:37:25.448+0000] {logging_mixin.py:188} INFO - [2024-05-18T05:37:25.447+0000] {dag.py:3954} INFO - Setting next_dagrun for example_dynamic_task_mapping to 2022-03-04 00:00:00+00:00, run_after=2022-03-05 00:00:00+00:00
[2024-05-18T05:37:25.486+0000] {processor.py:183} INFO - Processing /home/ubuntu/airflow/airflow_env/lib/python3.12/site-packages/airflow/example_dags/example_dynamic_task_mapping.py took 0.158 seconds
[2024-05-18T05:37:55.689+0000] {processor.py:161} INFO - Started process (PID=15669) to work on /home/ubuntu/airflow/airflow_env/lib/python3.12/site-packages/airflow/example_dags/example_dynamic_task_mapping.py
[2024-05-18T05:37:55.690+0000] {processor.py:830} INFO - Processing file /home/ubuntu/airflow/airflow_env/lib/python3.12/site-packages/airflow/example_dags/example_dynamic_task_mapping.py for tasks to queue
[2024-05-18T05:37:55.692+0000] {logging_mixin.py:188} INFO - [2024-05-18T05:37:55.692+0000] {dagbag.py:545} INFO - Filling up the DagBag from /home/ubuntu/airflow/airflow_env/lib/python3.12/site-packages/airflow/example_dags/example_dynamic_task_mapping.py
[2024-05-18T05:37:55.702+0000] {processor.py:840} INFO - DAG(s) 'example_dynamic_task_mapping' retrieved from /home/ubuntu/airflow/airflow_env/lib/python3.12/site-packages/airflow/example_dags/example_dynamic_task_mapping.py
[2024-05-18T05:37:55.778+0000] {logging_mixin.py:188} INFO - [2024-05-18T05:37:55.777+0000] {dag.py:3096} INFO - Sync 1 DAGs
[2024-05-18T05:37:55.816+0000] {logging_mixin.py:188} INFO - [2024-05-18T05:37:55.816+0000] {dag.py:3954} INFO - Setting next_dagrun for example_dynamic_task_mapping to 2022-03-04 00:00:00+00:00, run_after=2022-03-05 00:00:00+00:00
[2024-05-18T05:37:55.851+0000] {processor.py:183} INFO - Processing /home/ubuntu/airflow/airflow_env/lib/python3.12/site-packages/airflow/example_dags/example_dynamic_task_mapping.py took 0.170 seconds
[2024-05-18T05:38:26.862+0000] {processor.py:161} INFO - Started process (PID=15720) to work on /home/ubuntu/airflow/airflow_env/lib/python3.12/site-packages/airflow/example_dags/example_dynamic_task_mapping.py
[2024-05-18T05:38:26.864+0000] {processor.py:830} INFO - Processing file /home/ubuntu/airflow/airflow_env/lib/python3.12/site-packages/airflow/example_dags/example_dynamic_task_mapping.py for tasks to queue
[2024-05-18T05:38:26.867+0000] {logging_mixin.py:188} INFO - [2024-05-18T05:38:26.866+0000] {dagbag.py:545} INFO - Filling up the DagBag from /home/ubuntu/airflow/airflow_env/lib/python3.12/site-packages/airflow/example_dags/example_dynamic_task_mapping.py
[2024-05-18T05:38:26.877+0000] {processor.py:840} INFO - DAG(s) 'example_dynamic_task_mapping' retrieved from /home/ubuntu/airflow/airflow_env/lib/python3.12/site-packages/airflow/example_dags/example_dynamic_task_mapping.py
[2024-05-18T05:38:26.972+0000] {logging_mixin.py:188} INFO - [2024-05-18T05:38:26.971+0000] {dag.py:3096} INFO - Sync 1 DAGs
[2024-05-18T05:38:27.017+0000] {logging_mixin.py:188} INFO - [2024-05-18T05:38:27.017+0000] {dag.py:3954} INFO - Setting next_dagrun for example_dynamic_task_mapping to 2022-03-04 00:00:00+00:00, run_after=2022-03-05 00:00:00+00:00
[2024-05-18T05:38:27.054+0000] {processor.py:183} INFO - Processing /home/ubuntu/airflow/airflow_env/lib/python3.12/site-packages/airflow/example_dags/example_dynamic_task_mapping.py took 0.200 seconds
[2024-05-18T05:38:57.263+0000] {processor.py:161} INFO - Started process (PID=15771) to work on /home/ubuntu/airflow/airflow_env/lib/python3.12/site-packages/airflow/example_dags/example_dynamic_task_mapping.py
[2024-05-18T05:38:57.264+0000] {processor.py:830} INFO - Processing file /home/ubuntu/airflow/airflow_env/lib/python3.12/site-packages/airflow/example_dags/example_dynamic_task_mapping.py for tasks to queue
[2024-05-18T05:38:57.267+0000] {logging_mixin.py:188} INFO - [2024-05-18T05:38:57.267+0000] {dagbag.py:545} INFO - Filling up the DagBag from /home/ubuntu/airflow/airflow_env/lib/python3.12/site-packages/airflow/example_dags/example_dynamic_task_mapping.py
[2024-05-18T05:38:57.280+0000] {processor.py:840} INFO - DAG(s) 'example_dynamic_task_mapping' retrieved from /home/ubuntu/airflow/airflow_env/lib/python3.12/site-packages/airflow/example_dags/example_dynamic_task_mapping.py
[2024-05-18T05:38:57.342+0000] {logging_mixin.py:188} INFO - [2024-05-18T05:38:57.342+0000] {dag.py:3096} INFO - Sync 1 DAGs
[2024-05-18T05:38:57.374+0000] {logging_mixin.py:188} INFO - [2024-05-18T05:38:57.373+0000] {dag.py:3954} INFO - Setting next_dagrun for example_dynamic_task_mapping to 2022-03-04 00:00:00+00:00, run_after=2022-03-05 00:00:00+00:00
[2024-05-18T05:38:57.403+0000] {processor.py:183} INFO - Processing /home/ubuntu/airflow/airflow_env/lib/python3.12/site-packages/airflow/example_dags/example_dynamic_task_mapping.py took 0.151 seconds
[2024-05-18T05:39:28.335+0000] {processor.py:161} INFO - Started process (PID=15823) to work on /home/ubuntu/airflow/airflow_env/lib/python3.12/site-packages/airflow/example_dags/example_dynamic_task_mapping.py
[2024-05-18T05:39:28.337+0000] {processor.py:830} INFO - Processing file /home/ubuntu/airflow/airflow_env/lib/python3.12/site-packages/airflow/example_dags/example_dynamic_task_mapping.py for tasks to queue
[2024-05-18T05:39:28.340+0000] {logging_mixin.py:188} INFO - [2024-05-18T05:39:28.339+0000] {dagbag.py:545} INFO - Filling up the DagBag from /home/ubuntu/airflow/airflow_env/lib/python3.12/site-packages/airflow/example_dags/example_dynamic_task_mapping.py
[2024-05-18T05:39:28.350+0000] {processor.py:840} INFO - DAG(s) 'example_dynamic_task_mapping' retrieved from /home/ubuntu/airflow/airflow_env/lib/python3.12/site-packages/airflow/example_dags/example_dynamic_task_mapping.py
[2024-05-18T05:39:28.403+0000] {logging_mixin.py:188} INFO - [2024-05-18T05:39:28.403+0000] {dag.py:3096} INFO - Sync 1 DAGs
[2024-05-18T05:39:28.437+0000] {logging_mixin.py:188} INFO - [2024-05-18T05:39:28.436+0000] {dag.py:3954} INFO - Setting next_dagrun for example_dynamic_task_mapping to 2022-03-04 00:00:00+00:00, run_after=2022-03-05 00:00:00+00:00
[2024-05-18T05:39:28.473+0000] {processor.py:183} INFO - Processing /home/ubuntu/airflow/airflow_env/lib/python3.12/site-packages/airflow/example_dags/example_dynamic_task_mapping.py took 0.145 seconds
[2024-05-18T05:39:58.965+0000] {processor.py:161} INFO - Started process (PID=15874) to work on /home/ubuntu/airflow/airflow_env/lib/python3.12/site-packages/airflow/example_dags/example_dynamic_task_mapping.py
[2024-05-18T05:39:58.966+0000] {processor.py:830} INFO - Processing file /home/ubuntu/airflow/airflow_env/lib/python3.12/site-packages/airflow/example_dags/example_dynamic_task_mapping.py for tasks to queue
[2024-05-18T05:39:58.969+0000] {logging_mixin.py:188} INFO - [2024-05-18T05:39:58.968+0000] {dagbag.py:545} INFO - Filling up the DagBag from /home/ubuntu/airflow/airflow_env/lib/python3.12/site-packages/airflow/example_dags/example_dynamic_task_mapping.py
[2024-05-18T05:39:58.981+0000] {processor.py:840} INFO - DAG(s) 'example_dynamic_task_mapping' retrieved from /home/ubuntu/airflow/airflow_env/lib/python3.12/site-packages/airflow/example_dags/example_dynamic_task_mapping.py
[2024-05-18T05:39:59.045+0000] {logging_mixin.py:188} INFO - [2024-05-18T05:39:59.045+0000] {dag.py:3096} INFO - Sync 1 DAGs
[2024-05-18T05:39:59.098+0000] {logging_mixin.py:188} INFO - [2024-05-18T05:39:59.097+0000] {dag.py:3954} INFO - Setting next_dagrun for example_dynamic_task_mapping to 2022-03-04 00:00:00+00:00, run_after=2022-03-05 00:00:00+00:00
[2024-05-18T05:39:59.133+0000] {processor.py:183} INFO - Processing /home/ubuntu/airflow/airflow_env/lib/python3.12/site-packages/airflow/example_dags/example_dynamic_task_mapping.py took 0.176 seconds
[2024-05-18T05:40:29.528+0000] {processor.py:161} INFO - Started process (PID=16209) to work on /home/ubuntu/airflow/airflow_env/lib/python3.12/site-packages/airflow/example_dags/example_dynamic_task_mapping.py
[2024-05-18T05:40:29.530+0000] {processor.py:830} INFO - Processing file /home/ubuntu/airflow/airflow_env/lib/python3.12/site-packages/airflow/example_dags/example_dynamic_task_mapping.py for tasks to queue
[2024-05-18T05:40:29.532+0000] {logging_mixin.py:188} INFO - [2024-05-18T05:40:29.532+0000] {dagbag.py:545} INFO - Filling up the DagBag from /home/ubuntu/airflow/airflow_env/lib/python3.12/site-packages/airflow/example_dags/example_dynamic_task_mapping.py
[2024-05-18T05:40:29.541+0000] {processor.py:840} INFO - DAG(s) 'example_dynamic_task_mapping' retrieved from /home/ubuntu/airflow/airflow_env/lib/python3.12/site-packages/airflow/example_dags/example_dynamic_task_mapping.py
[2024-05-18T05:40:29.600+0000] {logging_mixin.py:188} INFO - [2024-05-18T05:40:29.600+0000] {dag.py:3096} INFO - Sync 1 DAGs
[2024-05-18T05:40:29.634+0000] {logging_mixin.py:188} INFO - [2024-05-18T05:40:29.634+0000] {dag.py:3954} INFO - Setting next_dagrun for example_dynamic_task_mapping to 2022-03-04 00:00:00+00:00, run_after=2022-03-05 00:00:00+00:00
[2024-05-18T05:40:29.665+0000] {processor.py:183} INFO - Processing /home/ubuntu/airflow/airflow_env/lib/python3.12/site-packages/airflow/example_dags/example_dynamic_task_mapping.py took 0.151 seconds
[2024-05-18T05:41:00.780+0000] {processor.py:161} INFO - Started process (PID=16262) to work on /home/ubuntu/airflow/airflow_env/lib/python3.12/site-packages/airflow/example_dags/example_dynamic_task_mapping.py
[2024-05-18T05:41:00.782+0000] {processor.py:830} INFO - Processing file /home/ubuntu/airflow/airflow_env/lib/python3.12/site-packages/airflow/example_dags/example_dynamic_task_mapping.py for tasks to queue
[2024-05-18T05:41:00.784+0000] {logging_mixin.py:188} INFO - [2024-05-18T05:41:00.784+0000] {dagbag.py:545} INFO - Filling up the DagBag from /home/ubuntu/airflow/airflow_env/lib/python3.12/site-packages/airflow/example_dags/example_dynamic_task_mapping.py
[2024-05-18T05:41:00.791+0000] {processor.py:840} INFO - DAG(s) 'example_dynamic_task_mapping' retrieved from /home/ubuntu/airflow/airflow_env/lib/python3.12/site-packages/airflow/example_dags/example_dynamic_task_mapping.py
[2024-05-18T05:41:00.844+0000] {logging_mixin.py:188} INFO - [2024-05-18T05:41:00.844+0000] {dag.py:3096} INFO - Sync 1 DAGs
[2024-05-18T05:41:00.879+0000] {logging_mixin.py:188} INFO - [2024-05-18T05:41:00.879+0000] {dag.py:3954} INFO - Setting next_dagrun for example_dynamic_task_mapping to 2022-03-04 00:00:00+00:00, run_after=2022-03-05 00:00:00+00:00
[2024-05-18T05:41:00.930+0000] {processor.py:183} INFO - Processing /home/ubuntu/airflow/airflow_env/lib/python3.12/site-packages/airflow/example_dags/example_dynamic_task_mapping.py took 0.156 seconds
[2024-05-18T05:41:31.466+0000] {processor.py:161} INFO - Started process (PID=16314) to work on /home/ubuntu/airflow/airflow_env/lib/python3.12/site-packages/airflow/example_dags/example_dynamic_task_mapping.py
[2024-05-18T05:41:31.467+0000] {processor.py:830} INFO - Processing file /home/ubuntu/airflow/airflow_env/lib/python3.12/site-packages/airflow/example_dags/example_dynamic_task_mapping.py for tasks to queue
[2024-05-18T05:41:31.469+0000] {logging_mixin.py:188} INFO - [2024-05-18T05:41:31.468+0000] {dagbag.py:545} INFO - Filling up the DagBag from /home/ubuntu/airflow/airflow_env/lib/python3.12/site-packages/airflow/example_dags/example_dynamic_task_mapping.py
[2024-05-18T05:41:31.478+0000] {processor.py:840} INFO - DAG(s) 'example_dynamic_task_mapping' retrieved from /home/ubuntu/airflow/airflow_env/lib/python3.12/site-packages/airflow/example_dags/example_dynamic_task_mapping.py
[2024-05-18T05:41:31.548+0000] {logging_mixin.py:188} INFO - [2024-05-18T05:41:31.547+0000] {dag.py:3096} INFO - Sync 1 DAGs
[2024-05-18T05:41:31.580+0000] {logging_mixin.py:188} INFO - [2024-05-18T05:41:31.580+0000] {dag.py:3954} INFO - Setting next_dagrun for example_dynamic_task_mapping to 2022-03-04 00:00:00+00:00, run_after=2022-03-05 00:00:00+00:00
[2024-05-18T05:41:31.620+0000] {processor.py:183} INFO - Processing /home/ubuntu/airflow/airflow_env/lib/python3.12/site-packages/airflow/example_dags/example_dynamic_task_mapping.py took 0.162 seconds
[2024-05-18T05:42:02.895+0000] {processor.py:161} INFO - Started process (PID=16366) to work on /home/ubuntu/airflow/airflow_env/lib/python3.12/site-packages/airflow/example_dags/example_dynamic_task_mapping.py
[2024-05-18T05:42:02.897+0000] {processor.py:830} INFO - Processing file /home/ubuntu/airflow/airflow_env/lib/python3.12/site-packages/airflow/example_dags/example_dynamic_task_mapping.py for tasks to queue
[2024-05-18T05:42:02.899+0000] {logging_mixin.py:188} INFO - [2024-05-18T05:42:02.898+0000] {dagbag.py:545} INFO - Filling up the DagBag from /home/ubuntu/airflow/airflow_env/lib/python3.12/site-packages/airflow/example_dags/example_dynamic_task_mapping.py
[2024-05-18T05:42:02.908+0000] {processor.py:840} INFO - DAG(s) 'example_dynamic_task_mapping' retrieved from /home/ubuntu/airflow/airflow_env/lib/python3.12/site-packages/airflow/example_dags/example_dynamic_task_mapping.py
[2024-05-18T05:42:02.966+0000] {logging_mixin.py:188} INFO - [2024-05-18T05:42:02.966+0000] {dag.py:3096} INFO - Sync 1 DAGs
[2024-05-18T05:42:03.008+0000] {logging_mixin.py:188} INFO - [2024-05-18T05:42:03.008+0000] {dag.py:3954} INFO - Setting next_dagrun for example_dynamic_task_mapping to 2022-03-04 00:00:00+00:00, run_after=2022-03-05 00:00:00+00:00
[2024-05-18T05:42:03.046+0000] {processor.py:183} INFO - Processing /home/ubuntu/airflow/airflow_env/lib/python3.12/site-packages/airflow/example_dags/example_dynamic_task_mapping.py took 0.161 seconds
[2024-05-18T05:42:33.899+0000] {processor.py:161} INFO - Started process (PID=16417) to work on /home/ubuntu/airflow/airflow_env/lib/python3.12/site-packages/airflow/example_dags/example_dynamic_task_mapping.py
[2024-05-18T05:42:33.901+0000] {processor.py:830} INFO - Processing file /home/ubuntu/airflow/airflow_env/lib/python3.12/site-packages/airflow/example_dags/example_dynamic_task_mapping.py for tasks to queue
[2024-05-18T05:42:33.903+0000] {logging_mixin.py:188} INFO - [2024-05-18T05:42:33.902+0000] {dagbag.py:545} INFO - Filling up the DagBag from /home/ubuntu/airflow/airflow_env/lib/python3.12/site-packages/airflow/example_dags/example_dynamic_task_mapping.py
[2024-05-18T05:42:33.911+0000] {processor.py:840} INFO - DAG(s) 'example_dynamic_task_mapping' retrieved from /home/ubuntu/airflow/airflow_env/lib/python3.12/site-packages/airflow/example_dags/example_dynamic_task_mapping.py
[2024-05-18T05:42:33.968+0000] {logging_mixin.py:188} INFO - [2024-05-18T05:42:33.967+0000] {dag.py:3096} INFO - Sync 1 DAGs
[2024-05-18T05:42:33.997+0000] {logging_mixin.py:188} INFO - [2024-05-18T05:42:33.997+0000] {dag.py:3954} INFO - Setting next_dagrun for example_dynamic_task_mapping to 2022-03-04 00:00:00+00:00, run_after=2022-03-05 00:00:00+00:00
[2024-05-18T05:42:34.026+0000] {processor.py:183} INFO - Processing /home/ubuntu/airflow/airflow_env/lib/python3.12/site-packages/airflow/example_dags/example_dynamic_task_mapping.py took 0.134 seconds
[2024-05-18T05:43:04.978+0000] {processor.py:161} INFO - Started process (PID=16497) to work on /home/ubuntu/airflow/airflow_env/lib/python3.12/site-packages/airflow/example_dags/example_dynamic_task_mapping.py
[2024-05-18T05:43:04.978+0000] {processor.py:830} INFO - Processing file /home/ubuntu/airflow/airflow_env/lib/python3.12/site-packages/airflow/example_dags/example_dynamic_task_mapping.py for tasks to queue
[2024-05-18T05:43:04.980+0000] {logging_mixin.py:188} INFO - [2024-05-18T05:43:04.980+0000] {dagbag.py:545} INFO - Filling up the DagBag from /home/ubuntu/airflow/airflow_env/lib/python3.12/site-packages/airflow/example_dags/example_dynamic_task_mapping.py
[2024-05-18T05:43:04.989+0000] {processor.py:840} INFO - DAG(s) 'example_dynamic_task_mapping' retrieved from /home/ubuntu/airflow/airflow_env/lib/python3.12/site-packages/airflow/example_dags/example_dynamic_task_mapping.py
[2024-05-18T05:43:05.051+0000] {logging_mixin.py:188} INFO - [2024-05-18T05:43:05.050+0000] {dag.py:3096} INFO - Sync 1 DAGs
[2024-05-18T05:43:05.083+0000] {logging_mixin.py:188} INFO - [2024-05-18T05:43:05.083+0000] {dag.py:3954} INFO - Setting next_dagrun for example_dynamic_task_mapping to 2022-03-04 00:00:00+00:00, run_after=2022-03-05 00:00:00+00:00
[2024-05-18T05:43:05.128+0000] {processor.py:183} INFO - Processing /home/ubuntu/airflow/airflow_env/lib/python3.12/site-packages/airflow/example_dags/example_dynamic_task_mapping.py took 0.156 seconds
[2024-05-18T05:43:35.647+0000] {processor.py:161} INFO - Started process (PID=16553) to work on /home/ubuntu/airflow/airflow_env/lib/python3.12/site-packages/airflow/example_dags/example_dynamic_task_mapping.py
[2024-05-18T05:43:35.650+0000] {processor.py:830} INFO - Processing file /home/ubuntu/airflow/airflow_env/lib/python3.12/site-packages/airflow/example_dags/example_dynamic_task_mapping.py for tasks to queue
[2024-05-18T05:43:35.652+0000] {logging_mixin.py:188} INFO - [2024-05-18T05:43:35.652+0000] {dagbag.py:545} INFO - Filling up the DagBag from /home/ubuntu/airflow/airflow_env/lib/python3.12/site-packages/airflow/example_dags/example_dynamic_task_mapping.py
[2024-05-18T05:43:35.664+0000] {processor.py:840} INFO - DAG(s) 'example_dynamic_task_mapping' retrieved from /home/ubuntu/airflow/airflow_env/lib/python3.12/site-packages/airflow/example_dags/example_dynamic_task_mapping.py
[2024-05-18T05:43:35.753+0000] {logging_mixin.py:188} INFO - [2024-05-18T05:43:35.753+0000] {dag.py:3096} INFO - Sync 1 DAGs
[2024-05-18T05:43:35.797+0000] {logging_mixin.py:188} INFO - [2024-05-18T05:43:35.797+0000] {dag.py:3954} INFO - Setting next_dagrun for example_dynamic_task_mapping to 2022-03-04 00:00:00+00:00, run_after=2022-03-05 00:00:00+00:00
[2024-05-18T05:43:35.841+0000] {processor.py:183} INFO - Processing /home/ubuntu/airflow/airflow_env/lib/python3.12/site-packages/airflow/example_dags/example_dynamic_task_mapping.py took 0.203 seconds
