[2024-05-18T04:44:34.119+0000] {processor.py:161} INFO - Started process (PID=12280) to work on /home/ubuntu/chch-fuel-recommendator/airflow/af_env/lib/python3.12/site-packages/airflow/example_dags/example_latest_only.py
[2024-05-18T04:44:34.120+0000] {processor.py:830} INFO - Processing file /home/ubuntu/chch-fuel-recommendator/airflow/af_env/lib/python3.12/site-packages/airflow/example_dags/example_latest_only.py for tasks to queue
[2024-05-18T04:44:34.122+0000] {logging_mixin.py:188} INFO - [2024-05-18T04:44:34.122+0000] {dagbag.py:545} INFO - Filling up the DagBag from /home/ubuntu/chch-fuel-recommendator/airflow/af_env/lib/python3.12/site-packages/airflow/example_dags/example_latest_only.py
[2024-05-18T04:44:34.128+0000] {processor.py:840} INFO - DAG(s) 'latest_only' retrieved from /home/ubuntu/chch-fuel-recommendator/airflow/af_env/lib/python3.12/site-packages/airflow/example_dags/example_latest_only.py
[2024-05-18T04:44:34.301+0000] {logging_mixin.py:188} INFO - [2024-05-18T04:44:34.299+0000] {override.py:1829} INFO - Created Permission View: can edit on DAG:latest_only
[2024-05-18T04:44:34.323+0000] {logging_mixin.py:188} INFO - [2024-05-18T04:44:34.322+0000] {override.py:1829} INFO - Created Permission View: can read on DAG:latest_only
[2024-05-18T04:44:34.340+0000] {logging_mixin.py:188} INFO - [2024-05-18T04:44:34.339+0000] {override.py:1829} INFO - Created Permission View: can delete on DAG:latest_only
[2024-05-18T04:44:34.341+0000] {logging_mixin.py:188} INFO - [2024-05-18T04:44:34.341+0000] {dag.py:3096} INFO - Sync 1 DAGs
[2024-05-18T04:44:34.359+0000] {logging_mixin.py:188} INFO - [2024-05-18T04:44:34.358+0000] {dag.py:3118} INFO - Creating ORM DAG for latest_only
[2024-05-18T04:44:34.376+0000] {logging_mixin.py:188} INFO - [2024-05-18T04:44:34.375+0000] {dag.py:3954} INFO - Setting next_dagrun for latest_only to 2024-05-18 00:00:00+00:00, run_after=2024-05-18 04:00:00+00:00
[2024-05-18T04:44:34.412+0000] {processor.py:183} INFO - Processing /home/ubuntu/chch-fuel-recommendator/airflow/af_env/lib/python3.12/site-packages/airflow/example_dags/example_latest_only.py took 0.299 seconds
[2024-05-18T04:45:29.359+0000] {processor.py:161} INFO - Started process (PID=12334) to work on /home/ubuntu/chch-fuel-recommendator/airflow/af_env/lib/python3.12/site-packages/airflow/example_dags/example_latest_only.py
[2024-05-18T04:45:29.361+0000] {processor.py:830} INFO - Processing file /home/ubuntu/chch-fuel-recommendator/airflow/af_env/lib/python3.12/site-packages/airflow/example_dags/example_latest_only.py for tasks to queue
[2024-05-18T04:45:29.364+0000] {logging_mixin.py:188} INFO - [2024-05-18T04:45:29.363+0000] {dagbag.py:545} INFO - Filling up the DagBag from /home/ubuntu/chch-fuel-recommendator/airflow/af_env/lib/python3.12/site-packages/airflow/example_dags/example_latest_only.py
[2024-05-18T04:45:29.369+0000] {processor.py:840} INFO - DAG(s) 'latest_only' retrieved from /home/ubuntu/chch-fuel-recommendator/airflow/af_env/lib/python3.12/site-packages/airflow/example_dags/example_latest_only.py
[2024-05-18T04:45:29.386+0000] {logging_mixin.py:188} INFO - [2024-05-18T04:45:29.385+0000] {dag.py:3096} INFO - Sync 1 DAGs
[2024-05-18T04:45:29.407+0000] {logging_mixin.py:188} INFO - [2024-05-18T04:45:29.407+0000] {dag.py:3954} INFO - Setting next_dagrun for latest_only to 2024-05-18 00:00:00+00:00, run_after=2024-05-18 04:00:00+00:00
[2024-05-18T04:45:29.431+0000] {processor.py:183} INFO - Processing /home/ubuntu/chch-fuel-recommendator/airflow/af_env/lib/python3.12/site-packages/airflow/example_dags/example_latest_only.py took 0.079 seconds
[2024-05-18T04:46:30.674+0000] {processor.py:161} INFO - Started process (PID=12394) to work on /home/ubuntu/chch-fuel-recommendator/airflow/af_env/lib/python3.12/site-packages/airflow/example_dags/example_latest_only.py
[2024-05-18T04:46:30.675+0000] {processor.py:830} INFO - Processing file /home/ubuntu/chch-fuel-recommendator/airflow/af_env/lib/python3.12/site-packages/airflow/example_dags/example_latest_only.py for tasks to queue
[2024-05-18T04:46:30.680+0000] {logging_mixin.py:188} INFO - [2024-05-18T04:46:30.680+0000] {dagbag.py:545} INFO - Filling up the DagBag from /home/ubuntu/chch-fuel-recommendator/airflow/af_env/lib/python3.12/site-packages/airflow/example_dags/example_latest_only.py
[2024-05-18T04:46:30.687+0000] {processor.py:840} INFO - DAG(s) 'latest_only' retrieved from /home/ubuntu/chch-fuel-recommendator/airflow/af_env/lib/python3.12/site-packages/airflow/example_dags/example_latest_only.py
[2024-05-18T04:46:30.715+0000] {logging_mixin.py:188} INFO - [2024-05-18T04:46:30.715+0000] {dag.py:3096} INFO - Sync 1 DAGs
[2024-05-18T04:46:30.748+0000] {logging_mixin.py:188} INFO - [2024-05-18T04:46:30.748+0000] {dag.py:3954} INFO - Setting next_dagrun for latest_only to 2024-05-18 00:00:00+00:00, run_after=2024-05-18 04:00:00+00:00
[2024-05-18T04:46:30.789+0000] {processor.py:183} INFO - Processing /home/ubuntu/chch-fuel-recommendator/airflow/af_env/lib/python3.12/site-packages/airflow/example_dags/example_latest_only.py took 0.121 seconds
[2024-05-18T04:47:20.567+0000] {processor.py:161} INFO - Started process (PID=12443) to work on /home/ubuntu/chch-fuel-recommendator/airflow/af_env/lib/python3.12/site-packages/airflow/example_dags/example_latest_only.py
[2024-05-18T04:47:20.569+0000] {processor.py:830} INFO - Processing file /home/ubuntu/chch-fuel-recommendator/airflow/af_env/lib/python3.12/site-packages/airflow/example_dags/example_latest_only.py for tasks to queue
[2024-05-18T04:47:20.571+0000] {logging_mixin.py:188} INFO - [2024-05-18T04:47:20.570+0000] {dagbag.py:545} INFO - Filling up the DagBag from /home/ubuntu/chch-fuel-recommendator/airflow/af_env/lib/python3.12/site-packages/airflow/example_dags/example_latest_only.py
[2024-05-18T04:47:20.582+0000] {processor.py:840} INFO - DAG(s) 'latest_only' retrieved from /home/ubuntu/chch-fuel-recommendator/airflow/af_env/lib/python3.12/site-packages/airflow/example_dags/example_latest_only.py
[2024-05-18T04:47:20.611+0000] {logging_mixin.py:188} INFO - [2024-05-18T04:47:20.611+0000] {dag.py:3096} INFO - Sync 1 DAGs
[2024-05-18T04:47:20.643+0000] {logging_mixin.py:188} INFO - [2024-05-18T04:47:20.643+0000] {dag.py:3954} INFO - Setting next_dagrun for latest_only to 2024-05-18 00:00:00+00:00, run_after=2024-05-18 04:00:00+00:00
[2024-05-18T04:47:20.672+0000] {processor.py:183} INFO - Processing /home/ubuntu/chch-fuel-recommendator/airflow/af_env/lib/python3.12/site-packages/airflow/example_dags/example_latest_only.py took 0.111 seconds
[2024-05-18T04:48:12.157+0000] {processor.py:161} INFO - Started process (PID=12494) to work on /home/ubuntu/chch-fuel-recommendator/airflow/af_env/lib/python3.12/site-packages/airflow/example_dags/example_latest_only.py
[2024-05-18T04:48:12.159+0000] {processor.py:830} INFO - Processing file /home/ubuntu/chch-fuel-recommendator/airflow/af_env/lib/python3.12/site-packages/airflow/example_dags/example_latest_only.py for tasks to queue
[2024-05-18T04:48:12.161+0000] {logging_mixin.py:188} INFO - [2024-05-18T04:48:12.160+0000] {dagbag.py:545} INFO - Filling up the DagBag from /home/ubuntu/chch-fuel-recommendator/airflow/af_env/lib/python3.12/site-packages/airflow/example_dags/example_latest_only.py
[2024-05-18T04:48:12.166+0000] {processor.py:840} INFO - DAG(s) 'latest_only' retrieved from /home/ubuntu/chch-fuel-recommendator/airflow/af_env/lib/python3.12/site-packages/airflow/example_dags/example_latest_only.py
[2024-05-18T04:48:12.183+0000] {logging_mixin.py:188} INFO - [2024-05-18T04:48:12.183+0000] {dag.py:3096} INFO - Sync 1 DAGs
[2024-05-18T04:48:12.206+0000] {logging_mixin.py:188} INFO - [2024-05-18T04:48:12.206+0000] {dag.py:3954} INFO - Setting next_dagrun for latest_only to 2024-05-18 00:00:00+00:00, run_after=2024-05-18 04:00:00+00:00
[2024-05-18T04:48:12.230+0000] {processor.py:183} INFO - Processing /home/ubuntu/chch-fuel-recommendator/airflow/af_env/lib/python3.12/site-packages/airflow/example_dags/example_latest_only.py took 0.079 seconds
[2024-05-18T04:49:16.625+0000] {processor.py:161} INFO - Started process (PID=12558) to work on /home/ubuntu/chch-fuel-recommendator/airflow/af_env/lib/python3.12/site-packages/airflow/example_dags/example_latest_only.py
[2024-05-18T04:49:16.627+0000] {processor.py:830} INFO - Processing file /home/ubuntu/chch-fuel-recommendator/airflow/af_env/lib/python3.12/site-packages/airflow/example_dags/example_latest_only.py for tasks to queue
[2024-05-18T04:49:16.628+0000] {logging_mixin.py:188} INFO - [2024-05-18T04:49:16.628+0000] {dagbag.py:545} INFO - Filling up the DagBag from /home/ubuntu/chch-fuel-recommendator/airflow/af_env/lib/python3.12/site-packages/airflow/example_dags/example_latest_only.py
[2024-05-18T04:49:16.635+0000] {processor.py:840} INFO - DAG(s) 'latest_only' retrieved from /home/ubuntu/chch-fuel-recommendator/airflow/af_env/lib/python3.12/site-packages/airflow/example_dags/example_latest_only.py
[2024-05-18T04:49:16.658+0000] {logging_mixin.py:188} INFO - [2024-05-18T04:49:16.658+0000] {dag.py:3096} INFO - Sync 1 DAGs
[2024-05-18T04:49:16.685+0000] {logging_mixin.py:188} INFO - [2024-05-18T04:49:16.685+0000] {dag.py:3954} INFO - Setting next_dagrun for latest_only to 2024-05-18 00:00:00+00:00, run_after=2024-05-18 04:00:00+00:00
[2024-05-18T04:49:16.713+0000] {processor.py:183} INFO - Processing /home/ubuntu/chch-fuel-recommendator/airflow/af_env/lib/python3.12/site-packages/airflow/example_dags/example_latest_only.py took 0.094 seconds
[2024-05-18T04:50:22.691+0000] {processor.py:161} INFO - Started process (PID=12627) to work on /home/ubuntu/chch-fuel-recommendator/airflow/af_env/lib/python3.12/site-packages/airflow/example_dags/example_latest_only.py
[2024-05-18T04:50:22.693+0000] {processor.py:830} INFO - Processing file /home/ubuntu/chch-fuel-recommendator/airflow/af_env/lib/python3.12/site-packages/airflow/example_dags/example_latest_only.py for tasks to queue
[2024-05-18T04:50:22.695+0000] {logging_mixin.py:188} INFO - [2024-05-18T04:50:22.694+0000] {dagbag.py:545} INFO - Filling up the DagBag from /home/ubuntu/chch-fuel-recommendator/airflow/af_env/lib/python3.12/site-packages/airflow/example_dags/example_latest_only.py
[2024-05-18T04:50:22.701+0000] {processor.py:840} INFO - DAG(s) 'latest_only' retrieved from /home/ubuntu/chch-fuel-recommendator/airflow/af_env/lib/python3.12/site-packages/airflow/example_dags/example_latest_only.py
[2024-05-18T04:50:22.722+0000] {logging_mixin.py:188} INFO - [2024-05-18T04:50:22.722+0000] {dag.py:3096} INFO - Sync 1 DAGs
[2024-05-18T04:50:22.754+0000] {logging_mixin.py:188} INFO - [2024-05-18T04:50:22.754+0000] {dag.py:3954} INFO - Setting next_dagrun for latest_only to 2024-05-18 00:00:00+00:00, run_after=2024-05-18 04:00:00+00:00
[2024-05-18T04:50:22.792+0000] {processor.py:183} INFO - Processing /home/ubuntu/chch-fuel-recommendator/airflow/af_env/lib/python3.12/site-packages/airflow/example_dags/example_latest_only.py took 0.109 seconds
[2024-05-18T04:51:29.637+0000] {processor.py:161} INFO - Started process (PID=12694) to work on /home/ubuntu/chch-fuel-recommendator/airflow/af_env/lib/python3.12/site-packages/airflow/example_dags/example_latest_only.py
[2024-05-18T04:51:29.639+0000] {processor.py:830} INFO - Processing file /home/ubuntu/chch-fuel-recommendator/airflow/af_env/lib/python3.12/site-packages/airflow/example_dags/example_latest_only.py for tasks to queue
[2024-05-18T04:51:29.641+0000] {logging_mixin.py:188} INFO - [2024-05-18T04:51:29.641+0000] {dagbag.py:545} INFO - Filling up the DagBag from /home/ubuntu/chch-fuel-recommendator/airflow/af_env/lib/python3.12/site-packages/airflow/example_dags/example_latest_only.py
[2024-05-18T04:51:29.646+0000] {processor.py:840} INFO - DAG(s) 'latest_only' retrieved from /home/ubuntu/chch-fuel-recommendator/airflow/af_env/lib/python3.12/site-packages/airflow/example_dags/example_latest_only.py
[2024-05-18T04:51:29.670+0000] {logging_mixin.py:188} INFO - [2024-05-18T04:51:29.670+0000] {dag.py:3096} INFO - Sync 1 DAGs
[2024-05-18T04:51:29.693+0000] {logging_mixin.py:188} INFO - [2024-05-18T04:51:29.692+0000] {dag.py:3954} INFO - Setting next_dagrun for latest_only to 2024-05-18 00:00:00+00:00, run_after=2024-05-18 04:00:00+00:00
[2024-05-18T04:51:29.728+0000] {processor.py:183} INFO - Processing /home/ubuntu/chch-fuel-recommendator/airflow/af_env/lib/python3.12/site-packages/airflow/example_dags/example_latest_only.py took 0.098 seconds
[2024-05-18T04:52:35.546+0000] {processor.py:161} INFO - Started process (PID=12759) to work on /home/ubuntu/chch-fuel-recommendator/airflow/af_env/lib/python3.12/site-packages/airflow/example_dags/example_latest_only.py
[2024-05-18T04:52:35.548+0000] {processor.py:830} INFO - Processing file /home/ubuntu/chch-fuel-recommendator/airflow/af_env/lib/python3.12/site-packages/airflow/example_dags/example_latest_only.py for tasks to queue
[2024-05-18T04:52:35.551+0000] {logging_mixin.py:188} INFO - [2024-05-18T04:52:35.549+0000] {dagbag.py:545} INFO - Filling up the DagBag from /home/ubuntu/chch-fuel-recommendator/airflow/af_env/lib/python3.12/site-packages/airflow/example_dags/example_latest_only.py
[2024-05-18T04:52:35.560+0000] {processor.py:840} INFO - DAG(s) 'latest_only' retrieved from /home/ubuntu/chch-fuel-recommendator/airflow/af_env/lib/python3.12/site-packages/airflow/example_dags/example_latest_only.py
[2024-05-18T04:52:35.582+0000] {logging_mixin.py:188} INFO - [2024-05-18T04:52:35.581+0000] {dag.py:3096} INFO - Sync 1 DAGs
[2024-05-18T04:52:35.601+0000] {logging_mixin.py:188} INFO - [2024-05-18T04:52:35.601+0000] {dag.py:3954} INFO - Setting next_dagrun for latest_only to 2024-05-18 00:00:00+00:00, run_after=2024-05-18 04:00:00+00:00
[2024-05-18T04:52:35.623+0000] {processor.py:183} INFO - Processing /home/ubuntu/chch-fuel-recommendator/airflow/af_env/lib/python3.12/site-packages/airflow/example_dags/example_latest_only.py took 0.088 seconds
[2024-05-18T04:53:43.678+0000] {processor.py:161} INFO - Started process (PID=12825) to work on /home/ubuntu/chch-fuel-recommendator/airflow/af_env/lib/python3.12/site-packages/airflow/example_dags/example_latest_only.py
[2024-05-18T04:53:43.680+0000] {processor.py:830} INFO - Processing file /home/ubuntu/chch-fuel-recommendator/airflow/af_env/lib/python3.12/site-packages/airflow/example_dags/example_latest_only.py for tasks to queue
[2024-05-18T04:53:43.682+0000] {logging_mixin.py:188} INFO - [2024-05-18T04:53:43.682+0000] {dagbag.py:545} INFO - Filling up the DagBag from /home/ubuntu/chch-fuel-recommendator/airflow/af_env/lib/python3.12/site-packages/airflow/example_dags/example_latest_only.py
[2024-05-18T04:53:43.688+0000] {processor.py:840} INFO - DAG(s) 'latest_only' retrieved from /home/ubuntu/chch-fuel-recommendator/airflow/af_env/lib/python3.12/site-packages/airflow/example_dags/example_latest_only.py
[2024-05-18T04:53:43.709+0000] {logging_mixin.py:188} INFO - [2024-05-18T04:53:43.709+0000] {dag.py:3096} INFO - Sync 1 DAGs
[2024-05-18T04:53:43.736+0000] {logging_mixin.py:188} INFO - [2024-05-18T04:53:43.736+0000] {dag.py:3954} INFO - Setting next_dagrun for latest_only to 2024-05-18 00:00:00+00:00, run_after=2024-05-18 04:00:00+00:00
[2024-05-18T04:53:43.770+0000] {processor.py:183} INFO - Processing /home/ubuntu/chch-fuel-recommendator/airflow/af_env/lib/python3.12/site-packages/airflow/example_dags/example_latest_only.py took 0.099 seconds
[2024-05-18T05:32:17.590+0000] {processor.py:161} INFO - Started process (PID=15089) to work on /home/ubuntu/airflow/airflow_env/lib/python3.12/site-packages/airflow/example_dags/example_latest_only.py
[2024-05-18T05:32:17.592+0000] {processor.py:830} INFO - Processing file /home/ubuntu/airflow/airflow_env/lib/python3.12/site-packages/airflow/example_dags/example_latest_only.py for tasks to queue
[2024-05-18T05:32:17.594+0000] {logging_mixin.py:188} INFO - [2024-05-18T05:32:17.593+0000] {dagbag.py:545} INFO - Filling up the DagBag from /home/ubuntu/airflow/airflow_env/lib/python3.12/site-packages/airflow/example_dags/example_latest_only.py
[2024-05-18T05:32:17.602+0000] {processor.py:840} INFO - DAG(s) 'latest_only' retrieved from /home/ubuntu/airflow/airflow_env/lib/python3.12/site-packages/airflow/example_dags/example_latest_only.py
[2024-05-18T05:32:17.829+0000] {logging_mixin.py:188} INFO - [2024-05-18T05:32:17.829+0000] {dag.py:3096} INFO - Sync 1 DAGs
[2024-05-18T05:32:17.891+0000] {logging_mixin.py:188} INFO - [2024-05-18T05:32:17.890+0000] {dag.py:3954} INFO - Setting next_dagrun for latest_only to 2024-05-18 00:00:00+00:00, run_after=2024-05-18 04:00:00+00:00
[2024-05-18T05:32:17.954+0000] {processor.py:183} INFO - Processing /home/ubuntu/airflow/airflow_env/lib/python3.12/site-packages/airflow/example_dags/example_latest_only.py took 0.375 seconds
[2024-05-18T05:32:48.140+0000] {processor.py:161} INFO - Started process (PID=15143) to work on /home/ubuntu/airflow/airflow_env/lib/python3.12/site-packages/airflow/example_dags/example_latest_only.py
[2024-05-18T05:32:48.141+0000] {processor.py:830} INFO - Processing file /home/ubuntu/airflow/airflow_env/lib/python3.12/site-packages/airflow/example_dags/example_latest_only.py for tasks to queue
[2024-05-18T05:32:48.143+0000] {logging_mixin.py:188} INFO - [2024-05-18T05:32:48.143+0000] {dagbag.py:545} INFO - Filling up the DagBag from /home/ubuntu/airflow/airflow_env/lib/python3.12/site-packages/airflow/example_dags/example_latest_only.py
[2024-05-18T05:32:48.150+0000] {processor.py:840} INFO - DAG(s) 'latest_only' retrieved from /home/ubuntu/airflow/airflow_env/lib/python3.12/site-packages/airflow/example_dags/example_latest_only.py
[2024-05-18T05:32:48.215+0000] {logging_mixin.py:188} INFO - [2024-05-18T05:32:48.215+0000] {dag.py:3096} INFO - Sync 1 DAGs
[2024-05-18T05:32:48.248+0000] {logging_mixin.py:188} INFO - [2024-05-18T05:32:48.248+0000] {dag.py:3954} INFO - Setting next_dagrun for latest_only to 2024-05-18 00:00:00+00:00, run_after=2024-05-18 04:00:00+00:00
[2024-05-18T05:32:48.282+0000] {processor.py:183} INFO - Processing /home/ubuntu/airflow/airflow_env/lib/python3.12/site-packages/airflow/example_dags/example_latest_only.py took 0.156 seconds
[2024-05-18T05:33:18.323+0000] {processor.py:161} INFO - Started process (PID=15197) to work on /home/ubuntu/airflow/airflow_env/lib/python3.12/site-packages/airflow/example_dags/example_latest_only.py
[2024-05-18T05:33:18.325+0000] {processor.py:830} INFO - Processing file /home/ubuntu/airflow/airflow_env/lib/python3.12/site-packages/airflow/example_dags/example_latest_only.py for tasks to queue
[2024-05-18T05:33:18.327+0000] {logging_mixin.py:188} INFO - [2024-05-18T05:33:18.327+0000] {dagbag.py:545} INFO - Filling up the DagBag from /home/ubuntu/airflow/airflow_env/lib/python3.12/site-packages/airflow/example_dags/example_latest_only.py
[2024-05-18T05:33:18.333+0000] {processor.py:840} INFO - DAG(s) 'latest_only' retrieved from /home/ubuntu/airflow/airflow_env/lib/python3.12/site-packages/airflow/example_dags/example_latest_only.py
[2024-05-18T05:33:18.403+0000] {logging_mixin.py:188} INFO - [2024-05-18T05:33:18.403+0000] {dag.py:3096} INFO - Sync 1 DAGs
[2024-05-18T05:33:18.437+0000] {logging_mixin.py:188} INFO - [2024-05-18T05:33:18.437+0000] {dag.py:3954} INFO - Setting next_dagrun for latest_only to 2024-05-18 00:00:00+00:00, run_after=2024-05-18 04:00:00+00:00
[2024-05-18T05:33:18.463+0000] {processor.py:183} INFO - Processing /home/ubuntu/airflow/airflow_env/lib/python3.12/site-packages/airflow/example_dags/example_latest_only.py took 0.147 seconds
[2024-05-18T05:33:48.662+0000] {processor.py:161} INFO - Started process (PID=15249) to work on /home/ubuntu/airflow/airflow_env/lib/python3.12/site-packages/airflow/example_dags/example_latest_only.py
[2024-05-18T05:33:48.663+0000] {processor.py:830} INFO - Processing file /home/ubuntu/airflow/airflow_env/lib/python3.12/site-packages/airflow/example_dags/example_latest_only.py for tasks to queue
[2024-05-18T05:33:48.666+0000] {logging_mixin.py:188} INFO - [2024-05-18T05:33:48.666+0000] {dagbag.py:545} INFO - Filling up the DagBag from /home/ubuntu/airflow/airflow_env/lib/python3.12/site-packages/airflow/example_dags/example_latest_only.py
[2024-05-18T05:33:48.672+0000] {processor.py:840} INFO - DAG(s) 'latest_only' retrieved from /home/ubuntu/airflow/airflow_env/lib/python3.12/site-packages/airflow/example_dags/example_latest_only.py
[2024-05-18T05:33:48.732+0000] {logging_mixin.py:188} INFO - [2024-05-18T05:33:48.731+0000] {dag.py:3096} INFO - Sync 1 DAGs
[2024-05-18T05:33:48.772+0000] {logging_mixin.py:188} INFO - [2024-05-18T05:33:48.772+0000] {dag.py:3954} INFO - Setting next_dagrun for latest_only to 2024-05-18 00:00:00+00:00, run_after=2024-05-18 04:00:00+00:00
[2024-05-18T05:33:48.807+0000] {processor.py:183} INFO - Processing /home/ubuntu/airflow/airflow_env/lib/python3.12/site-packages/airflow/example_dags/example_latest_only.py took 0.155 seconds
[2024-05-18T05:34:19.710+0000] {processor.py:161} INFO - Started process (PID=15300) to work on /home/ubuntu/airflow/airflow_env/lib/python3.12/site-packages/airflow/example_dags/example_latest_only.py
[2024-05-18T05:34:19.712+0000] {processor.py:830} INFO - Processing file /home/ubuntu/airflow/airflow_env/lib/python3.12/site-packages/airflow/example_dags/example_latest_only.py for tasks to queue
[2024-05-18T05:34:19.714+0000] {logging_mixin.py:188} INFO - [2024-05-18T05:34:19.714+0000] {dagbag.py:545} INFO - Filling up the DagBag from /home/ubuntu/airflow/airflow_env/lib/python3.12/site-packages/airflow/example_dags/example_latest_only.py
[2024-05-18T05:34:19.720+0000] {processor.py:840} INFO - DAG(s) 'latest_only' retrieved from /home/ubuntu/airflow/airflow_env/lib/python3.12/site-packages/airflow/example_dags/example_latest_only.py
[2024-05-18T05:34:19.787+0000] {logging_mixin.py:188} INFO - [2024-05-18T05:34:19.786+0000] {dag.py:3096} INFO - Sync 1 DAGs
[2024-05-18T05:34:19.821+0000] {logging_mixin.py:188} INFO - [2024-05-18T05:34:19.821+0000] {dag.py:3954} INFO - Setting next_dagrun for latest_only to 2024-05-18 00:00:00+00:00, run_after=2024-05-18 04:00:00+00:00
[2024-05-18T05:34:19.851+0000] {processor.py:183} INFO - Processing /home/ubuntu/airflow/airflow_env/lib/python3.12/site-packages/airflow/example_dags/example_latest_only.py took 0.148 seconds
[2024-05-18T05:34:50.808+0000] {processor.py:161} INFO - Started process (PID=15351) to work on /home/ubuntu/airflow/airflow_env/lib/python3.12/site-packages/airflow/example_dags/example_latest_only.py
[2024-05-18T05:34:50.811+0000] {processor.py:830} INFO - Processing file /home/ubuntu/airflow/airflow_env/lib/python3.12/site-packages/airflow/example_dags/example_latest_only.py for tasks to queue
[2024-05-18T05:34:50.816+0000] {logging_mixin.py:188} INFO - [2024-05-18T05:34:50.815+0000] {dagbag.py:545} INFO - Filling up the DagBag from /home/ubuntu/airflow/airflow_env/lib/python3.12/site-packages/airflow/example_dags/example_latest_only.py
[2024-05-18T05:34:50.823+0000] {processor.py:840} INFO - DAG(s) 'latest_only' retrieved from /home/ubuntu/airflow/airflow_env/lib/python3.12/site-packages/airflow/example_dags/example_latest_only.py
[2024-05-18T05:34:50.899+0000] {logging_mixin.py:188} INFO - [2024-05-18T05:34:50.899+0000] {dag.py:3096} INFO - Sync 1 DAGs
[2024-05-18T05:34:50.952+0000] {logging_mixin.py:188} INFO - [2024-05-18T05:34:50.952+0000] {dag.py:3954} INFO - Setting next_dagrun for latest_only to 2024-05-18 00:00:00+00:00, run_after=2024-05-18 04:00:00+00:00
[2024-05-18T05:34:50.986+0000] {processor.py:183} INFO - Processing /home/ubuntu/airflow/airflow_env/lib/python3.12/site-packages/airflow/example_dags/example_latest_only.py took 0.190 seconds
[2024-05-18T05:35:21.315+0000] {processor.py:161} INFO - Started process (PID=15405) to work on /home/ubuntu/airflow/airflow_env/lib/python3.12/site-packages/airflow/example_dags/example_latest_only.py
[2024-05-18T05:35:21.317+0000] {processor.py:830} INFO - Processing file /home/ubuntu/airflow/airflow_env/lib/python3.12/site-packages/airflow/example_dags/example_latest_only.py for tasks to queue
[2024-05-18T05:35:21.319+0000] {logging_mixin.py:188} INFO - [2024-05-18T05:35:21.319+0000] {dagbag.py:545} INFO - Filling up the DagBag from /home/ubuntu/airflow/airflow_env/lib/python3.12/site-packages/airflow/example_dags/example_latest_only.py
[2024-05-18T05:35:21.326+0000] {processor.py:840} INFO - DAG(s) 'latest_only' retrieved from /home/ubuntu/airflow/airflow_env/lib/python3.12/site-packages/airflow/example_dags/example_latest_only.py
[2024-05-18T05:35:21.386+0000] {logging_mixin.py:188} INFO - [2024-05-18T05:35:21.385+0000] {dag.py:3096} INFO - Sync 1 DAGs
[2024-05-18T05:35:21.421+0000] {logging_mixin.py:188} INFO - [2024-05-18T05:35:21.421+0000] {dag.py:3954} INFO - Setting next_dagrun for latest_only to 2024-05-18 00:00:00+00:00, run_after=2024-05-18 04:00:00+00:00
[2024-05-18T05:35:21.459+0000] {processor.py:183} INFO - Processing /home/ubuntu/airflow/airflow_env/lib/python3.12/site-packages/airflow/example_dags/example_latest_only.py took 0.153 seconds
[2024-05-18T05:35:51.697+0000] {processor.py:161} INFO - Started process (PID=15456) to work on /home/ubuntu/airflow/airflow_env/lib/python3.12/site-packages/airflow/example_dags/example_latest_only.py
[2024-05-18T05:35:51.697+0000] {processor.py:830} INFO - Processing file /home/ubuntu/airflow/airflow_env/lib/python3.12/site-packages/airflow/example_dags/example_latest_only.py for tasks to queue
[2024-05-18T05:35:51.699+0000] {logging_mixin.py:188} INFO - [2024-05-18T05:35:51.699+0000] {dagbag.py:545} INFO - Filling up the DagBag from /home/ubuntu/airflow/airflow_env/lib/python3.12/site-packages/airflow/example_dags/example_latest_only.py
[2024-05-18T05:35:51.705+0000] {processor.py:840} INFO - DAG(s) 'latest_only' retrieved from /home/ubuntu/airflow/airflow_env/lib/python3.12/site-packages/airflow/example_dags/example_latest_only.py
[2024-05-18T05:35:51.766+0000] {logging_mixin.py:188} INFO - [2024-05-18T05:35:51.766+0000] {dag.py:3096} INFO - Sync 1 DAGs
[2024-05-18T05:35:51.802+0000] {logging_mixin.py:188} INFO - [2024-05-18T05:35:51.802+0000] {dag.py:3954} INFO - Setting next_dagrun for latest_only to 2024-05-18 00:00:00+00:00, run_after=2024-05-18 04:00:00+00:00
[2024-05-18T05:35:51.838+0000] {processor.py:183} INFO - Processing /home/ubuntu/airflow/airflow_env/lib/python3.12/site-packages/airflow/example_dags/example_latest_only.py took 0.149 seconds
[2024-05-18T05:36:22.581+0000] {processor.py:161} INFO - Started process (PID=15507) to work on /home/ubuntu/airflow/airflow_env/lib/python3.12/site-packages/airflow/example_dags/example_latest_only.py
[2024-05-18T05:36:22.591+0000] {processor.py:830} INFO - Processing file /home/ubuntu/airflow/airflow_env/lib/python3.12/site-packages/airflow/example_dags/example_latest_only.py for tasks to queue
[2024-05-18T05:36:22.597+0000] {logging_mixin.py:188} INFO - [2024-05-18T05:36:22.597+0000] {dagbag.py:545} INFO - Filling up the DagBag from /home/ubuntu/airflow/airflow_env/lib/python3.12/site-packages/airflow/example_dags/example_latest_only.py
[2024-05-18T05:36:22.605+0000] {processor.py:840} INFO - DAG(s) 'latest_only' retrieved from /home/ubuntu/airflow/airflow_env/lib/python3.12/site-packages/airflow/example_dags/example_latest_only.py
[2024-05-18T05:36:22.667+0000] {logging_mixin.py:188} INFO - [2024-05-18T05:36:22.667+0000] {dag.py:3096} INFO - Sync 1 DAGs
[2024-05-18T05:36:22.700+0000] {logging_mixin.py:188} INFO - [2024-05-18T05:36:22.700+0000] {dag.py:3954} INFO - Setting next_dagrun for latest_only to 2024-05-18 00:00:00+00:00, run_after=2024-05-18 04:00:00+00:00
[2024-05-18T05:36:22.744+0000] {processor.py:183} INFO - Processing /home/ubuntu/airflow/airflow_env/lib/python3.12/site-packages/airflow/example_dags/example_latest_only.py took 0.172 seconds
[2024-05-18T05:36:53.432+0000] {processor.py:161} INFO - Started process (PID=15558) to work on /home/ubuntu/airflow/airflow_env/lib/python3.12/site-packages/airflow/example_dags/example_latest_only.py
[2024-05-18T05:36:53.433+0000] {processor.py:830} INFO - Processing file /home/ubuntu/airflow/airflow_env/lib/python3.12/site-packages/airflow/example_dags/example_latest_only.py for tasks to queue
[2024-05-18T05:36:53.435+0000] {logging_mixin.py:188} INFO - [2024-05-18T05:36:53.435+0000] {dagbag.py:545} INFO - Filling up the DagBag from /home/ubuntu/airflow/airflow_env/lib/python3.12/site-packages/airflow/example_dags/example_latest_only.py
[2024-05-18T05:36:53.441+0000] {processor.py:840} INFO - DAG(s) 'latest_only' retrieved from /home/ubuntu/airflow/airflow_env/lib/python3.12/site-packages/airflow/example_dags/example_latest_only.py
[2024-05-18T05:36:53.495+0000] {logging_mixin.py:188} INFO - [2024-05-18T05:36:53.495+0000] {dag.py:3096} INFO - Sync 1 DAGs
[2024-05-18T05:36:53.526+0000] {logging_mixin.py:188} INFO - [2024-05-18T05:36:53.526+0000] {dag.py:3954} INFO - Setting next_dagrun for latest_only to 2024-05-18 00:00:00+00:00, run_after=2024-05-18 04:00:00+00:00
[2024-05-18T05:36:53.560+0000] {processor.py:183} INFO - Processing /home/ubuntu/airflow/airflow_env/lib/python3.12/site-packages/airflow/example_dags/example_latest_only.py took 0.137 seconds
[2024-05-18T05:37:24.640+0000] {processor.py:161} INFO - Started process (PID=15609) to work on /home/ubuntu/airflow/airflow_env/lib/python3.12/site-packages/airflow/example_dags/example_latest_only.py
[2024-05-18T05:37:24.643+0000] {processor.py:830} INFO - Processing file /home/ubuntu/airflow/airflow_env/lib/python3.12/site-packages/airflow/example_dags/example_latest_only.py for tasks to queue
[2024-05-18T05:37:24.646+0000] {logging_mixin.py:188} INFO - [2024-05-18T05:37:24.645+0000] {dagbag.py:545} INFO - Filling up the DagBag from /home/ubuntu/airflow/airflow_env/lib/python3.12/site-packages/airflow/example_dags/example_latest_only.py
[2024-05-18T05:37:24.653+0000] {processor.py:840} INFO - DAG(s) 'latest_only' retrieved from /home/ubuntu/airflow/airflow_env/lib/python3.12/site-packages/airflow/example_dags/example_latest_only.py
[2024-05-18T05:37:24.719+0000] {logging_mixin.py:188} INFO - [2024-05-18T05:37:24.718+0000] {dag.py:3096} INFO - Sync 1 DAGs
[2024-05-18T05:37:24.775+0000] {logging_mixin.py:188} INFO - [2024-05-18T05:37:24.775+0000] {dag.py:3954} INFO - Setting next_dagrun for latest_only to 2024-05-18 00:00:00+00:00, run_after=2024-05-18 04:00:00+00:00
[2024-05-18T05:37:24.807+0000] {processor.py:183} INFO - Processing /home/ubuntu/airflow/airflow_env/lib/python3.12/site-packages/airflow/example_dags/example_latest_only.py took 0.184 seconds
[2024-05-18T05:37:54.917+0000] {processor.py:161} INFO - Started process (PID=15661) to work on /home/ubuntu/airflow/airflow_env/lib/python3.12/site-packages/airflow/example_dags/example_latest_only.py
[2024-05-18T05:37:54.918+0000] {processor.py:830} INFO - Processing file /home/ubuntu/airflow/airflow_env/lib/python3.12/site-packages/airflow/example_dags/example_latest_only.py for tasks to queue
[2024-05-18T05:37:54.920+0000] {logging_mixin.py:188} INFO - [2024-05-18T05:37:54.920+0000] {dagbag.py:545} INFO - Filling up the DagBag from /home/ubuntu/airflow/airflow_env/lib/python3.12/site-packages/airflow/example_dags/example_latest_only.py
[2024-05-18T05:37:54.926+0000] {processor.py:840} INFO - DAG(s) 'latest_only' retrieved from /home/ubuntu/airflow/airflow_env/lib/python3.12/site-packages/airflow/example_dags/example_latest_only.py
[2024-05-18T05:37:54.978+0000] {logging_mixin.py:188} INFO - [2024-05-18T05:37:54.978+0000] {dag.py:3096} INFO - Sync 1 DAGs
[2024-05-18T05:37:55.018+0000] {logging_mixin.py:188} INFO - [2024-05-18T05:37:55.018+0000] {dag.py:3954} INFO - Setting next_dagrun for latest_only to 2024-05-18 00:00:00+00:00, run_after=2024-05-18 04:00:00+00:00
[2024-05-18T05:37:55.068+0000] {processor.py:183} INFO - Processing /home/ubuntu/airflow/airflow_env/lib/python3.12/site-packages/airflow/example_dags/example_latest_only.py took 0.159 seconds
[2024-05-18T05:38:26.042+0000] {processor.py:161} INFO - Started process (PID=15712) to work on /home/ubuntu/airflow/airflow_env/lib/python3.12/site-packages/airflow/example_dags/example_latest_only.py
[2024-05-18T05:38:26.043+0000] {processor.py:830} INFO - Processing file /home/ubuntu/airflow/airflow_env/lib/python3.12/site-packages/airflow/example_dags/example_latest_only.py for tasks to queue
[2024-05-18T05:38:26.046+0000] {logging_mixin.py:188} INFO - [2024-05-18T05:38:26.045+0000] {dagbag.py:545} INFO - Filling up the DagBag from /home/ubuntu/airflow/airflow_env/lib/python3.12/site-packages/airflow/example_dags/example_latest_only.py
[2024-05-18T05:38:26.053+0000] {processor.py:840} INFO - DAG(s) 'latest_only' retrieved from /home/ubuntu/airflow/airflow_env/lib/python3.12/site-packages/airflow/example_dags/example_latest_only.py
[2024-05-18T05:38:26.123+0000] {logging_mixin.py:188} INFO - [2024-05-18T05:38:26.123+0000] {dag.py:3096} INFO - Sync 1 DAGs
[2024-05-18T05:38:26.165+0000] {logging_mixin.py:188} INFO - [2024-05-18T05:38:26.164+0000] {dag.py:3954} INFO - Setting next_dagrun for latest_only to 2024-05-18 00:00:00+00:00, run_after=2024-05-18 04:00:00+00:00
[2024-05-18T05:38:26.205+0000] {processor.py:183} INFO - Processing /home/ubuntu/airflow/airflow_env/lib/python3.12/site-packages/airflow/example_dags/example_latest_only.py took 0.176 seconds
[2024-05-18T05:38:56.506+0000] {processor.py:161} INFO - Started process (PID=15763) to work on /home/ubuntu/airflow/airflow_env/lib/python3.12/site-packages/airflow/example_dags/example_latest_only.py
[2024-05-18T05:38:56.508+0000] {processor.py:830} INFO - Processing file /home/ubuntu/airflow/airflow_env/lib/python3.12/site-packages/airflow/example_dags/example_latest_only.py for tasks to queue
[2024-05-18T05:38:56.512+0000] {logging_mixin.py:188} INFO - [2024-05-18T05:38:56.511+0000] {dagbag.py:545} INFO - Filling up the DagBag from /home/ubuntu/airflow/airflow_env/lib/python3.12/site-packages/airflow/example_dags/example_latest_only.py
[2024-05-18T05:38:56.521+0000] {processor.py:840} INFO - DAG(s) 'latest_only' retrieved from /home/ubuntu/airflow/airflow_env/lib/python3.12/site-packages/airflow/example_dags/example_latest_only.py
[2024-05-18T05:38:56.580+0000] {logging_mixin.py:188} INFO - [2024-05-18T05:38:56.580+0000] {dag.py:3096} INFO - Sync 1 DAGs
[2024-05-18T05:38:56.616+0000] {logging_mixin.py:188} INFO - [2024-05-18T05:38:56.616+0000] {dag.py:3954} INFO - Setting next_dagrun for latest_only to 2024-05-18 00:00:00+00:00, run_after=2024-05-18 04:00:00+00:00
[2024-05-18T05:38:56.650+0000] {processor.py:183} INFO - Processing /home/ubuntu/airflow/airflow_env/lib/python3.12/site-packages/airflow/example_dags/example_latest_only.py took 0.159 seconds
[2024-05-18T05:39:27.534+0000] {processor.py:161} INFO - Started process (PID=15815) to work on /home/ubuntu/airflow/airflow_env/lib/python3.12/site-packages/airflow/example_dags/example_latest_only.py
[2024-05-18T05:39:27.536+0000] {processor.py:830} INFO - Processing file /home/ubuntu/airflow/airflow_env/lib/python3.12/site-packages/airflow/example_dags/example_latest_only.py for tasks to queue
[2024-05-18T05:39:27.538+0000] {logging_mixin.py:188} INFO - [2024-05-18T05:39:27.538+0000] {dagbag.py:545} INFO - Filling up the DagBag from /home/ubuntu/airflow/airflow_env/lib/python3.12/site-packages/airflow/example_dags/example_latest_only.py
[2024-05-18T05:39:27.546+0000] {processor.py:840} INFO - DAG(s) 'latest_only' retrieved from /home/ubuntu/airflow/airflow_env/lib/python3.12/site-packages/airflow/example_dags/example_latest_only.py
[2024-05-18T05:39:27.614+0000] {logging_mixin.py:188} INFO - [2024-05-18T05:39:27.614+0000] {dag.py:3096} INFO - Sync 1 DAGs
[2024-05-18T05:39:27.656+0000] {logging_mixin.py:188} INFO - [2024-05-18T05:39:27.655+0000] {dag.py:3954} INFO - Setting next_dagrun for latest_only to 2024-05-18 00:00:00+00:00, run_after=2024-05-18 04:00:00+00:00
[2024-05-18T05:39:27.698+0000] {processor.py:183} INFO - Processing /home/ubuntu/airflow/airflow_env/lib/python3.12/site-packages/airflow/example_dags/example_latest_only.py took 0.178 seconds
[2024-05-18T05:39:58.324+0000] {processor.py:161} INFO - Started process (PID=15866) to work on /home/ubuntu/airflow/airflow_env/lib/python3.12/site-packages/airflow/example_dags/example_latest_only.py
[2024-05-18T05:39:58.325+0000] {processor.py:830} INFO - Processing file /home/ubuntu/airflow/airflow_env/lib/python3.12/site-packages/airflow/example_dags/example_latest_only.py for tasks to queue
[2024-05-18T05:39:58.327+0000] {logging_mixin.py:188} INFO - [2024-05-18T05:39:58.327+0000] {dagbag.py:545} INFO - Filling up the DagBag from /home/ubuntu/airflow/airflow_env/lib/python3.12/site-packages/airflow/example_dags/example_latest_only.py
[2024-05-18T05:39:58.333+0000] {processor.py:840} INFO - DAG(s) 'latest_only' retrieved from /home/ubuntu/airflow/airflow_env/lib/python3.12/site-packages/airflow/example_dags/example_latest_only.py
[2024-05-18T05:39:58.385+0000] {logging_mixin.py:188} INFO - [2024-05-18T05:39:58.385+0000] {dag.py:3096} INFO - Sync 1 DAGs
[2024-05-18T05:39:58.418+0000] {logging_mixin.py:188} INFO - [2024-05-18T05:39:58.417+0000] {dag.py:3954} INFO - Setting next_dagrun for latest_only to 2024-05-18 00:00:00+00:00, run_after=2024-05-18 04:00:00+00:00
[2024-05-18T05:39:58.442+0000] {processor.py:183} INFO - Processing /home/ubuntu/airflow/airflow_env/lib/python3.12/site-packages/airflow/example_dags/example_latest_only.py took 0.126 seconds
[2024-05-18T05:40:28.695+0000] {processor.py:161} INFO - Started process (PID=16201) to work on /home/ubuntu/airflow/airflow_env/lib/python3.12/site-packages/airflow/example_dags/example_latest_only.py
[2024-05-18T05:40:28.697+0000] {processor.py:830} INFO - Processing file /home/ubuntu/airflow/airflow_env/lib/python3.12/site-packages/airflow/example_dags/example_latest_only.py for tasks to queue
[2024-05-18T05:40:28.699+0000] {logging_mixin.py:188} INFO - [2024-05-18T05:40:28.699+0000] {dagbag.py:545} INFO - Filling up the DagBag from /home/ubuntu/airflow/airflow_env/lib/python3.12/site-packages/airflow/example_dags/example_latest_only.py
[2024-05-18T05:40:28.706+0000] {processor.py:840} INFO - DAG(s) 'latest_only' retrieved from /home/ubuntu/airflow/airflow_env/lib/python3.12/site-packages/airflow/example_dags/example_latest_only.py
[2024-05-18T05:40:28.772+0000] {logging_mixin.py:188} INFO - [2024-05-18T05:40:28.771+0000] {dag.py:3096} INFO - Sync 1 DAGs
[2024-05-18T05:40:28.806+0000] {logging_mixin.py:188} INFO - [2024-05-18T05:40:28.806+0000] {dag.py:3954} INFO - Setting next_dagrun for latest_only to 2024-05-18 00:00:00+00:00, run_after=2024-05-18 04:00:00+00:00
[2024-05-18T05:40:28.838+0000] {processor.py:183} INFO - Processing /home/ubuntu/airflow/airflow_env/lib/python3.12/site-packages/airflow/example_dags/example_latest_only.py took 0.153 seconds
[2024-05-18T05:40:59.547+0000] {processor.py:161} INFO - Started process (PID=16254) to work on /home/ubuntu/airflow/airflow_env/lib/python3.12/site-packages/airflow/example_dags/example_latest_only.py
[2024-05-18T05:40:59.548+0000] {processor.py:830} INFO - Processing file /home/ubuntu/airflow/airflow_env/lib/python3.12/site-packages/airflow/example_dags/example_latest_only.py for tasks to queue
[2024-05-18T05:40:59.552+0000] {logging_mixin.py:188} INFO - [2024-05-18T05:40:59.552+0000] {dagbag.py:545} INFO - Filling up the DagBag from /home/ubuntu/airflow/airflow_env/lib/python3.12/site-packages/airflow/example_dags/example_latest_only.py
[2024-05-18T05:40:59.566+0000] {processor.py:840} INFO - DAG(s) 'latest_only' retrieved from /home/ubuntu/airflow/airflow_env/lib/python3.12/site-packages/airflow/example_dags/example_latest_only.py
[2024-05-18T05:40:59.636+0000] {logging_mixin.py:188} INFO - [2024-05-18T05:40:59.635+0000] {dag.py:3096} INFO - Sync 1 DAGs
[2024-05-18T05:40:59.666+0000] {logging_mixin.py:188} INFO - [2024-05-18T05:40:59.666+0000] {dag.py:3954} INFO - Setting next_dagrun for latest_only to 2024-05-18 00:00:00+00:00, run_after=2024-05-18 04:00:00+00:00
[2024-05-18T05:40:59.710+0000] {processor.py:183} INFO - Processing /home/ubuntu/airflow/airflow_env/lib/python3.12/site-packages/airflow/example_dags/example_latest_only.py took 0.173 seconds
[2024-05-18T05:41:30.611+0000] {processor.py:161} INFO - Started process (PID=16306) to work on /home/ubuntu/airflow/airflow_env/lib/python3.12/site-packages/airflow/example_dags/example_latest_only.py
[2024-05-18T05:41:30.614+0000] {processor.py:830} INFO - Processing file /home/ubuntu/airflow/airflow_env/lib/python3.12/site-packages/airflow/example_dags/example_latest_only.py for tasks to queue
[2024-05-18T05:41:30.619+0000] {logging_mixin.py:188} INFO - [2024-05-18T05:41:30.616+0000] {dagbag.py:545} INFO - Filling up the DagBag from /home/ubuntu/airflow/airflow_env/lib/python3.12/site-packages/airflow/example_dags/example_latest_only.py
[2024-05-18T05:41:30.631+0000] {processor.py:840} INFO - DAG(s) 'latest_only' retrieved from /home/ubuntu/airflow/airflow_env/lib/python3.12/site-packages/airflow/example_dags/example_latest_only.py
[2024-05-18T05:41:30.719+0000] {logging_mixin.py:188} INFO - [2024-05-18T05:41:30.719+0000] {dag.py:3096} INFO - Sync 1 DAGs
[2024-05-18T05:41:30.772+0000] {logging_mixin.py:188} INFO - [2024-05-18T05:41:30.771+0000] {dag.py:3954} INFO - Setting next_dagrun for latest_only to 2024-05-18 00:00:00+00:00, run_after=2024-05-18 04:00:00+00:00
[2024-05-18T05:41:30.830+0000] {processor.py:183} INFO - Processing /home/ubuntu/airflow/airflow_env/lib/python3.12/site-packages/airflow/example_dags/example_latest_only.py took 0.233 seconds
[2024-05-18T05:42:01.013+0000] {processor.py:161} INFO - Started process (PID=16358) to work on /home/ubuntu/airflow/airflow_env/lib/python3.12/site-packages/airflow/example_dags/example_latest_only.py
[2024-05-18T05:42:01.014+0000] {processor.py:830} INFO - Processing file /home/ubuntu/airflow/airflow_env/lib/python3.12/site-packages/airflow/example_dags/example_latest_only.py for tasks to queue
[2024-05-18T05:42:01.017+0000] {logging_mixin.py:188} INFO - [2024-05-18T05:42:01.017+0000] {dagbag.py:545} INFO - Filling up the DagBag from /home/ubuntu/airflow/airflow_env/lib/python3.12/site-packages/airflow/example_dags/example_latest_only.py
[2024-05-18T05:42:01.025+0000] {processor.py:840} INFO - DAG(s) 'latest_only' retrieved from /home/ubuntu/airflow/airflow_env/lib/python3.12/site-packages/airflow/example_dags/example_latest_only.py
[2024-05-18T05:42:01.105+0000] {logging_mixin.py:188} INFO - [2024-05-18T05:42:01.104+0000] {dag.py:3096} INFO - Sync 1 DAGs
[2024-05-18T05:42:01.154+0000] {logging_mixin.py:188} INFO - [2024-05-18T05:42:01.154+0000] {dag.py:3954} INFO - Setting next_dagrun for latest_only to 2024-05-18 00:00:00+00:00, run_after=2024-05-18 04:00:00+00:00
[2024-05-18T05:42:01.205+0000] {processor.py:183} INFO - Processing /home/ubuntu/airflow/airflow_env/lib/python3.12/site-packages/airflow/example_dags/example_latest_only.py took 0.206 seconds
[2024-05-18T05:42:32.177+0000] {processor.py:161} INFO - Started process (PID=16409) to work on /home/ubuntu/airflow/airflow_env/lib/python3.12/site-packages/airflow/example_dags/example_latest_only.py
[2024-05-18T05:42:32.178+0000] {processor.py:830} INFO - Processing file /home/ubuntu/airflow/airflow_env/lib/python3.12/site-packages/airflow/example_dags/example_latest_only.py for tasks to queue
[2024-05-18T05:42:32.181+0000] {logging_mixin.py:188} INFO - [2024-05-18T05:42:32.180+0000] {dagbag.py:545} INFO - Filling up the DagBag from /home/ubuntu/airflow/airflow_env/lib/python3.12/site-packages/airflow/example_dags/example_latest_only.py
[2024-05-18T05:42:32.188+0000] {processor.py:840} INFO - DAG(s) 'latest_only' retrieved from /home/ubuntu/airflow/airflow_env/lib/python3.12/site-packages/airflow/example_dags/example_latest_only.py
[2024-05-18T05:42:32.248+0000] {logging_mixin.py:188} INFO - [2024-05-18T05:42:32.247+0000] {dag.py:3096} INFO - Sync 1 DAGs
[2024-05-18T05:42:32.286+0000] {logging_mixin.py:188} INFO - [2024-05-18T05:42:32.285+0000] {dag.py:3954} INFO - Setting next_dagrun for latest_only to 2024-05-18 00:00:00+00:00, run_after=2024-05-18 04:00:00+00:00
[2024-05-18T05:42:32.319+0000] {processor.py:183} INFO - Processing /home/ubuntu/airflow/airflow_env/lib/python3.12/site-packages/airflow/example_dags/example_latest_only.py took 0.151 seconds
[2024-05-18T05:43:03.249+0000] {processor.py:161} INFO - Started process (PID=16471) to work on /home/ubuntu/airflow/airflow_env/lib/python3.12/site-packages/airflow/example_dags/example_latest_only.py
[2024-05-18T05:43:03.250+0000] {processor.py:830} INFO - Processing file /home/ubuntu/airflow/airflow_env/lib/python3.12/site-packages/airflow/example_dags/example_latest_only.py for tasks to queue
[2024-05-18T05:43:03.253+0000] {logging_mixin.py:188} INFO - [2024-05-18T05:43:03.252+0000] {dagbag.py:545} INFO - Filling up the DagBag from /home/ubuntu/airflow/airflow_env/lib/python3.12/site-packages/airflow/example_dags/example_latest_only.py
[2024-05-18T05:43:03.266+0000] {processor.py:840} INFO - DAG(s) 'latest_only' retrieved from /home/ubuntu/airflow/airflow_env/lib/python3.12/site-packages/airflow/example_dags/example_latest_only.py
[2024-05-18T05:43:03.331+0000] {logging_mixin.py:188} INFO - [2024-05-18T05:43:03.330+0000] {dag.py:3096} INFO - Sync 1 DAGs
[2024-05-18T05:43:03.369+0000] {logging_mixin.py:188} INFO - [2024-05-18T05:43:03.369+0000] {dag.py:3954} INFO - Setting next_dagrun for latest_only to 2024-05-18 00:00:00+00:00, run_after=2024-05-18 04:00:00+00:00
[2024-05-18T05:43:03.413+0000] {processor.py:183} INFO - Processing /home/ubuntu/airflow/airflow_env/lib/python3.12/site-packages/airflow/example_dags/example_latest_only.py took 0.174 seconds
[2024-05-18T05:43:33.961+0000] {processor.py:161} INFO - Started process (PID=16545) to work on /home/ubuntu/airflow/airflow_env/lib/python3.12/site-packages/airflow/example_dags/example_latest_only.py
[2024-05-18T05:43:33.962+0000] {processor.py:830} INFO - Processing file /home/ubuntu/airflow/airflow_env/lib/python3.12/site-packages/airflow/example_dags/example_latest_only.py for tasks to queue
[2024-05-18T05:43:33.964+0000] {logging_mixin.py:188} INFO - [2024-05-18T05:43:33.964+0000] {dagbag.py:545} INFO - Filling up the DagBag from /home/ubuntu/airflow/airflow_env/lib/python3.12/site-packages/airflow/example_dags/example_latest_only.py
[2024-05-18T05:43:33.971+0000] {processor.py:840} INFO - DAG(s) 'latest_only' retrieved from /home/ubuntu/airflow/airflow_env/lib/python3.12/site-packages/airflow/example_dags/example_latest_only.py
[2024-05-18T05:43:34.044+0000] {logging_mixin.py:188} INFO - [2024-05-18T05:43:34.044+0000] {dag.py:3096} INFO - Sync 1 DAGs
[2024-05-18T05:43:34.077+0000] {logging_mixin.py:188} INFO - [2024-05-18T05:43:34.077+0000] {dag.py:3954} INFO - Setting next_dagrun for latest_only to 2024-05-18 00:00:00+00:00, run_after=2024-05-18 04:00:00+00:00
[2024-05-18T05:43:34.108+0000] {processor.py:183} INFO - Processing /home/ubuntu/airflow/airflow_env/lib/python3.12/site-packages/airflow/example_dags/example_latest_only.py took 0.155 seconds
