[2024-05-18T04:44:13.322+0000] {processor.py:161} INFO - Started process (PID=12264) to work on /home/ubuntu/chch-fuel-recommendator/airflow/af_env/lib/python3.12/site-packages/airflow/example_dags/example_short_circuit_operator.py
[2024-05-18T04:44:13.322+0000] {processor.py:830} INFO - Processing file /home/ubuntu/chch-fuel-recommendator/airflow/af_env/lib/python3.12/site-packages/airflow/example_dags/example_short_circuit_operator.py for tasks to queue
[2024-05-18T04:44:13.325+0000] {logging_mixin.py:188} INFO - [2024-05-18T04:44:13.324+0000] {dagbag.py:545} INFO - Filling up the DagBag from /home/ubuntu/chch-fuel-recommendator/airflow/af_env/lib/python3.12/site-packages/airflow/example_dags/example_short_circuit_operator.py
[2024-05-18T04:44:13.347+0000] {processor.py:840} INFO - DAG(s) 'example_short_circuit_operator' retrieved from /home/ubuntu/chch-fuel-recommendator/airflow/af_env/lib/python3.12/site-packages/airflow/example_dags/example_short_circuit_operator.py
[2024-05-18T04:44:13.556+0000] {logging_mixin.py:188} INFO - [2024-05-18T04:44:13.555+0000] {override.py:1829} INFO - Created Permission View: can edit on DAG:example_short_circuit_operator
[2024-05-18T04:44:13.572+0000] {logging_mixin.py:188} INFO - [2024-05-18T04:44:13.571+0000] {override.py:1829} INFO - Created Permission View: can read on DAG:example_short_circuit_operator
[2024-05-18T04:44:13.582+0000] {logging_mixin.py:188} INFO - [2024-05-18T04:44:13.582+0000] {override.py:1829} INFO - Created Permission View: can delete on DAG:example_short_circuit_operator
[2024-05-18T04:44:13.583+0000] {logging_mixin.py:188} INFO - [2024-05-18T04:44:13.583+0000] {dag.py:3096} INFO - Sync 1 DAGs
[2024-05-18T04:44:13.593+0000] {logging_mixin.py:188} INFO - [2024-05-18T04:44:13.593+0000] {dag.py:3118} INFO - Creating ORM DAG for example_short_circuit_operator
[2024-05-18T04:44:13.602+0000] {logging_mixin.py:188} INFO - [2024-05-18T04:44:13.602+0000] {dag.py:3954} INFO - Setting next_dagrun for example_short_circuit_operator to 2024-05-17 00:00:00+00:00, run_after=2024-05-18 00:00:00+00:00
[2024-05-18T04:44:13.627+0000] {processor.py:183} INFO - Processing /home/ubuntu/chch-fuel-recommendator/airflow/af_env/lib/python3.12/site-packages/airflow/example_dags/example_short_circuit_operator.py took 0.312 seconds
[2024-05-18T04:45:13.703+0000] {processor.py:161} INFO - Started process (PID=12318) to work on /home/ubuntu/chch-fuel-recommendator/airflow/af_env/lib/python3.12/site-packages/airflow/example_dags/example_short_circuit_operator.py
[2024-05-18T04:45:13.704+0000] {processor.py:830} INFO - Processing file /home/ubuntu/chch-fuel-recommendator/airflow/af_env/lib/python3.12/site-packages/airflow/example_dags/example_short_circuit_operator.py for tasks to queue
[2024-05-18T04:45:13.708+0000] {logging_mixin.py:188} INFO - [2024-05-18T04:45:13.707+0000] {dagbag.py:545} INFO - Filling up the DagBag from /home/ubuntu/chch-fuel-recommendator/airflow/af_env/lib/python3.12/site-packages/airflow/example_dags/example_short_circuit_operator.py
[2024-05-18T04:45:13.717+0000] {processor.py:840} INFO - DAG(s) 'example_short_circuit_operator' retrieved from /home/ubuntu/chch-fuel-recommendator/airflow/af_env/lib/python3.12/site-packages/airflow/example_dags/example_short_circuit_operator.py
[2024-05-18T04:45:13.748+0000] {logging_mixin.py:188} INFO - [2024-05-18T04:45:13.747+0000] {dag.py:3096} INFO - Sync 1 DAGs
[2024-05-18T04:45:13.786+0000] {logging_mixin.py:188} INFO - [2024-05-18T04:45:13.786+0000] {dag.py:3954} INFO - Setting next_dagrun for example_short_circuit_operator to 2024-05-17 00:00:00+00:00, run_after=2024-05-18 00:00:00+00:00
[2024-05-18T04:45:13.819+0000] {processor.py:183} INFO - Processing /home/ubuntu/chch-fuel-recommendator/airflow/af_env/lib/python3.12/site-packages/airflow/example_dags/example_short_circuit_operator.py took 0.130 seconds
[2024-05-18T04:46:10.673+0000] {processor.py:161} INFO - Started process (PID=12374) to work on /home/ubuntu/chch-fuel-recommendator/airflow/af_env/lib/python3.12/site-packages/airflow/example_dags/example_short_circuit_operator.py
[2024-05-18T04:46:10.675+0000] {processor.py:830} INFO - Processing file /home/ubuntu/chch-fuel-recommendator/airflow/af_env/lib/python3.12/site-packages/airflow/example_dags/example_short_circuit_operator.py for tasks to queue
[2024-05-18T04:46:10.680+0000] {logging_mixin.py:188} INFO - [2024-05-18T04:46:10.680+0000] {dagbag.py:545} INFO - Filling up the DagBag from /home/ubuntu/chch-fuel-recommendator/airflow/af_env/lib/python3.12/site-packages/airflow/example_dags/example_short_circuit_operator.py
[2024-05-18T04:46:10.693+0000] {processor.py:840} INFO - DAG(s) 'example_short_circuit_operator' retrieved from /home/ubuntu/chch-fuel-recommendator/airflow/af_env/lib/python3.12/site-packages/airflow/example_dags/example_short_circuit_operator.py
[2024-05-18T04:46:10.712+0000] {logging_mixin.py:188} INFO - [2024-05-18T04:46:10.712+0000] {dag.py:3096} INFO - Sync 1 DAGs
[2024-05-18T04:46:10.731+0000] {logging_mixin.py:188} INFO - [2024-05-18T04:46:10.731+0000] {dag.py:3954} INFO - Setting next_dagrun for example_short_circuit_operator to 2024-05-17 00:00:00+00:00, run_after=2024-05-18 00:00:00+00:00
[2024-05-18T04:46:10.759+0000] {processor.py:183} INFO - Processing /home/ubuntu/chch-fuel-recommendator/airflow/af_env/lib/python3.12/site-packages/airflow/example_dags/example_short_circuit_operator.py took 0.091 seconds
[2024-05-18T04:47:01.878+0000] {processor.py:161} INFO - Started process (PID=12425) to work on /home/ubuntu/chch-fuel-recommendator/airflow/af_env/lib/python3.12/site-packages/airflow/example_dags/example_short_circuit_operator.py
[2024-05-18T04:47:01.881+0000] {processor.py:830} INFO - Processing file /home/ubuntu/chch-fuel-recommendator/airflow/af_env/lib/python3.12/site-packages/airflow/example_dags/example_short_circuit_operator.py for tasks to queue
[2024-05-18T04:47:01.884+0000] {logging_mixin.py:188} INFO - [2024-05-18T04:47:01.883+0000] {dagbag.py:545} INFO - Filling up the DagBag from /home/ubuntu/chch-fuel-recommendator/airflow/af_env/lib/python3.12/site-packages/airflow/example_dags/example_short_circuit_operator.py
[2024-05-18T04:47:01.898+0000] {processor.py:840} INFO - DAG(s) 'example_short_circuit_operator' retrieved from /home/ubuntu/chch-fuel-recommendator/airflow/af_env/lib/python3.12/site-packages/airflow/example_dags/example_short_circuit_operator.py
[2024-05-18T04:47:01.937+0000] {logging_mixin.py:188} INFO - [2024-05-18T04:47:01.935+0000] {dag.py:3096} INFO - Sync 1 DAGs
[2024-05-18T04:47:01.975+0000] {logging_mixin.py:188} INFO - [2024-05-18T04:47:01.975+0000] {dag.py:3954} INFO - Setting next_dagrun for example_short_circuit_operator to 2024-05-17 00:00:00+00:00, run_after=2024-05-18 00:00:00+00:00
[2024-05-18T04:47:02.012+0000] {processor.py:183} INFO - Processing /home/ubuntu/chch-fuel-recommendator/airflow/af_env/lib/python3.12/site-packages/airflow/example_dags/example_short_circuit_operator.py took 0.151 seconds
[2024-05-18T04:47:56.227+0000] {processor.py:161} INFO - Started process (PID=12478) to work on /home/ubuntu/chch-fuel-recommendator/airflow/af_env/lib/python3.12/site-packages/airflow/example_dags/example_short_circuit_operator.py
[2024-05-18T04:47:56.228+0000] {processor.py:830} INFO - Processing file /home/ubuntu/chch-fuel-recommendator/airflow/af_env/lib/python3.12/site-packages/airflow/example_dags/example_short_circuit_operator.py for tasks to queue
[2024-05-18T04:47:56.230+0000] {logging_mixin.py:188} INFO - [2024-05-18T04:47:56.230+0000] {dagbag.py:545} INFO - Filling up the DagBag from /home/ubuntu/chch-fuel-recommendator/airflow/af_env/lib/python3.12/site-packages/airflow/example_dags/example_short_circuit_operator.py
[2024-05-18T04:47:56.245+0000] {processor.py:840} INFO - DAG(s) 'example_short_circuit_operator' retrieved from /home/ubuntu/chch-fuel-recommendator/airflow/af_env/lib/python3.12/site-packages/airflow/example_dags/example_short_circuit_operator.py
[2024-05-18T04:47:56.275+0000] {logging_mixin.py:188} INFO - [2024-05-18T04:47:56.274+0000] {dag.py:3096} INFO - Sync 1 DAGs
[2024-05-18T04:47:56.306+0000] {logging_mixin.py:188} INFO - [2024-05-18T04:47:56.306+0000] {dag.py:3954} INFO - Setting next_dagrun for example_short_circuit_operator to 2024-05-17 00:00:00+00:00, run_after=2024-05-18 00:00:00+00:00
[2024-05-18T04:47:56.346+0000] {processor.py:183} INFO - Processing /home/ubuntu/chch-fuel-recommendator/airflow/af_env/lib/python3.12/site-packages/airflow/example_dags/example_short_circuit_operator.py took 0.125 seconds
[2024-05-18T04:48:40.054+0000] {processor.py:161} INFO - Started process (PID=12521) to work on /home/ubuntu/chch-fuel-recommendator/airflow/af_env/lib/python3.12/site-packages/airflow/example_dags/example_short_circuit_operator.py
[2024-05-18T04:48:40.057+0000] {processor.py:830} INFO - Processing file /home/ubuntu/chch-fuel-recommendator/airflow/af_env/lib/python3.12/site-packages/airflow/example_dags/example_short_circuit_operator.py for tasks to queue
[2024-05-18T04:48:40.059+0000] {logging_mixin.py:188} INFO - [2024-05-18T04:48:40.059+0000] {dagbag.py:545} INFO - Filling up the DagBag from /home/ubuntu/chch-fuel-recommendator/airflow/af_env/lib/python3.12/site-packages/airflow/example_dags/example_short_circuit_operator.py
[2024-05-18T04:48:40.068+0000] {processor.py:840} INFO - DAG(s) 'example_short_circuit_operator' retrieved from /home/ubuntu/chch-fuel-recommendator/airflow/af_env/lib/python3.12/site-packages/airflow/example_dags/example_short_circuit_operator.py
[2024-05-18T04:48:40.103+0000] {logging_mixin.py:188} INFO - [2024-05-18T04:48:40.103+0000] {dag.py:3096} INFO - Sync 1 DAGs
[2024-05-18T04:48:40.130+0000] {logging_mixin.py:188} INFO - [2024-05-18T04:48:40.130+0000] {dag.py:3954} INFO - Setting next_dagrun for example_short_circuit_operator to 2024-05-17 00:00:00+00:00, run_after=2024-05-18 00:00:00+00:00
[2024-05-18T04:48:40.160+0000] {processor.py:183} INFO - Processing /home/ubuntu/chch-fuel-recommendator/airflow/af_env/lib/python3.12/site-packages/airflow/example_dags/example_short_circuit_operator.py took 0.113 seconds
[2024-05-18T04:49:24.342+0000] {processor.py:161} INFO - Started process (PID=12565) to work on /home/ubuntu/chch-fuel-recommendator/airflow/af_env/lib/python3.12/site-packages/airflow/example_dags/example_short_circuit_operator.py
[2024-05-18T04:49:24.344+0000] {processor.py:830} INFO - Processing file /home/ubuntu/chch-fuel-recommendator/airflow/af_env/lib/python3.12/site-packages/airflow/example_dags/example_short_circuit_operator.py for tasks to queue
[2024-05-18T04:49:24.346+0000] {logging_mixin.py:188} INFO - [2024-05-18T04:49:24.346+0000] {dagbag.py:545} INFO - Filling up the DagBag from /home/ubuntu/chch-fuel-recommendator/airflow/af_env/lib/python3.12/site-packages/airflow/example_dags/example_short_circuit_operator.py
[2024-05-18T04:49:24.356+0000] {processor.py:840} INFO - DAG(s) 'example_short_circuit_operator' retrieved from /home/ubuntu/chch-fuel-recommendator/airflow/af_env/lib/python3.12/site-packages/airflow/example_dags/example_short_circuit_operator.py
[2024-05-18T04:49:24.376+0000] {logging_mixin.py:188} INFO - [2024-05-18T04:49:24.376+0000] {dag.py:3096} INFO - Sync 1 DAGs
[2024-05-18T04:49:24.396+0000] {logging_mixin.py:188} INFO - [2024-05-18T04:49:24.396+0000] {dag.py:3954} INFO - Setting next_dagrun for example_short_circuit_operator to 2024-05-17 00:00:00+00:00, run_after=2024-05-18 00:00:00+00:00
[2024-05-18T04:49:24.421+0000] {processor.py:183} INFO - Processing /home/ubuntu/chch-fuel-recommendator/airflow/af_env/lib/python3.12/site-packages/airflow/example_dags/example_short_circuit_operator.py took 0.091 seconds
[2024-05-18T04:50:08.591+0000] {processor.py:161} INFO - Started process (PID=12609) to work on /home/ubuntu/chch-fuel-recommendator/airflow/af_env/lib/python3.12/site-packages/airflow/example_dags/example_short_circuit_operator.py
[2024-05-18T04:50:08.592+0000] {processor.py:830} INFO - Processing file /home/ubuntu/chch-fuel-recommendator/airflow/af_env/lib/python3.12/site-packages/airflow/example_dags/example_short_circuit_operator.py for tasks to queue
[2024-05-18T04:50:08.594+0000] {logging_mixin.py:188} INFO - [2024-05-18T04:50:08.593+0000] {dagbag.py:545} INFO - Filling up the DagBag from /home/ubuntu/chch-fuel-recommendator/airflow/af_env/lib/python3.12/site-packages/airflow/example_dags/example_short_circuit_operator.py
[2024-05-18T04:50:08.603+0000] {processor.py:840} INFO - DAG(s) 'example_short_circuit_operator' retrieved from /home/ubuntu/chch-fuel-recommendator/airflow/af_env/lib/python3.12/site-packages/airflow/example_dags/example_short_circuit_operator.py
[2024-05-18T04:50:08.627+0000] {logging_mixin.py:188} INFO - [2024-05-18T04:50:08.627+0000] {dag.py:3096} INFO - Sync 1 DAGs
[2024-05-18T04:50:08.650+0000] {logging_mixin.py:188} INFO - [2024-05-18T04:50:08.649+0000] {dag.py:3954} INFO - Setting next_dagrun for example_short_circuit_operator to 2024-05-17 00:00:00+00:00, run_after=2024-05-18 00:00:00+00:00
[2024-05-18T04:50:08.701+0000] {processor.py:183} INFO - Processing /home/ubuntu/chch-fuel-recommendator/airflow/af_env/lib/python3.12/site-packages/airflow/example_dags/example_short_circuit_operator.py took 0.117 seconds
[2024-05-18T04:50:52.469+0000] {processor.py:161} INFO - Started process (PID=12656) to work on /home/ubuntu/chch-fuel-recommendator/airflow/af_env/lib/python3.12/site-packages/airflow/example_dags/example_short_circuit_operator.py
[2024-05-18T04:50:52.471+0000] {processor.py:830} INFO - Processing file /home/ubuntu/chch-fuel-recommendator/airflow/af_env/lib/python3.12/site-packages/airflow/example_dags/example_short_circuit_operator.py for tasks to queue
[2024-05-18T04:50:52.473+0000] {logging_mixin.py:188} INFO - [2024-05-18T04:50:52.473+0000] {dagbag.py:545} INFO - Filling up the DagBag from /home/ubuntu/chch-fuel-recommendator/airflow/af_env/lib/python3.12/site-packages/airflow/example_dags/example_short_circuit_operator.py
[2024-05-18T04:50:52.482+0000] {processor.py:840} INFO - DAG(s) 'example_short_circuit_operator' retrieved from /home/ubuntu/chch-fuel-recommendator/airflow/af_env/lib/python3.12/site-packages/airflow/example_dags/example_short_circuit_operator.py
[2024-05-18T04:50:52.504+0000] {logging_mixin.py:188} INFO - [2024-05-18T04:50:52.504+0000] {dag.py:3096} INFO - Sync 1 DAGs
[2024-05-18T04:50:52.527+0000] {logging_mixin.py:188} INFO - [2024-05-18T04:50:52.526+0000] {dag.py:3954} INFO - Setting next_dagrun for example_short_circuit_operator to 2024-05-17 00:00:00+00:00, run_after=2024-05-18 00:00:00+00:00
[2024-05-18T04:50:52.556+0000] {processor.py:183} INFO - Processing /home/ubuntu/chch-fuel-recommendator/airflow/af_env/lib/python3.12/site-packages/airflow/example_dags/example_short_circuit_operator.py took 0.112 seconds
[2024-05-18T04:51:36.755+0000] {processor.py:161} INFO - Started process (PID=12701) to work on /home/ubuntu/chch-fuel-recommendator/airflow/af_env/lib/python3.12/site-packages/airflow/example_dags/example_short_circuit_operator.py
[2024-05-18T04:51:36.756+0000] {processor.py:830} INFO - Processing file /home/ubuntu/chch-fuel-recommendator/airflow/af_env/lib/python3.12/site-packages/airflow/example_dags/example_short_circuit_operator.py for tasks to queue
[2024-05-18T04:51:36.758+0000] {logging_mixin.py:188} INFO - [2024-05-18T04:51:36.758+0000] {dagbag.py:545} INFO - Filling up the DagBag from /home/ubuntu/chch-fuel-recommendator/airflow/af_env/lib/python3.12/site-packages/airflow/example_dags/example_short_circuit_operator.py
[2024-05-18T04:51:36.766+0000] {processor.py:840} INFO - DAG(s) 'example_short_circuit_operator' retrieved from /home/ubuntu/chch-fuel-recommendator/airflow/af_env/lib/python3.12/site-packages/airflow/example_dags/example_short_circuit_operator.py
[2024-05-18T04:51:36.789+0000] {logging_mixin.py:188} INFO - [2024-05-18T04:51:36.789+0000] {dag.py:3096} INFO - Sync 1 DAGs
[2024-05-18T04:51:36.813+0000] {logging_mixin.py:188} INFO - [2024-05-18T04:51:36.812+0000] {dag.py:3954} INFO - Setting next_dagrun for example_short_circuit_operator to 2024-05-17 00:00:00+00:00, run_after=2024-05-18 00:00:00+00:00
[2024-05-18T04:51:36.843+0000] {processor.py:183} INFO - Processing /home/ubuntu/chch-fuel-recommendator/airflow/af_env/lib/python3.12/site-packages/airflow/example_dags/example_short_circuit_operator.py took 0.094 seconds
[2024-05-18T04:52:19.500+0000] {processor.py:161} INFO - Started process (PID=12744) to work on /home/ubuntu/chch-fuel-recommendator/airflow/af_env/lib/python3.12/site-packages/airflow/example_dags/example_short_circuit_operator.py
[2024-05-18T04:52:19.502+0000] {processor.py:830} INFO - Processing file /home/ubuntu/chch-fuel-recommendator/airflow/af_env/lib/python3.12/site-packages/airflow/example_dags/example_short_circuit_operator.py for tasks to queue
[2024-05-18T04:52:19.503+0000] {logging_mixin.py:188} INFO - [2024-05-18T04:52:19.503+0000] {dagbag.py:545} INFO - Filling up the DagBag from /home/ubuntu/chch-fuel-recommendator/airflow/af_env/lib/python3.12/site-packages/airflow/example_dags/example_short_circuit_operator.py
[2024-05-18T04:52:19.510+0000] {processor.py:840} INFO - DAG(s) 'example_short_circuit_operator' retrieved from /home/ubuntu/chch-fuel-recommendator/airflow/af_env/lib/python3.12/site-packages/airflow/example_dags/example_short_circuit_operator.py
[2024-05-18T04:52:19.530+0000] {logging_mixin.py:188} INFO - [2024-05-18T04:52:19.529+0000] {dag.py:3096} INFO - Sync 1 DAGs
[2024-05-18T04:52:19.555+0000] {logging_mixin.py:188} INFO - [2024-05-18T04:52:19.554+0000] {dag.py:3954} INFO - Setting next_dagrun for example_short_circuit_operator to 2024-05-17 00:00:00+00:00, run_after=2024-05-18 00:00:00+00:00
[2024-05-18T04:52:19.579+0000] {processor.py:183} INFO - Processing /home/ubuntu/chch-fuel-recommendator/airflow/af_env/lib/python3.12/site-packages/airflow/example_dags/example_short_circuit_operator.py took 0.084 seconds
[2024-05-18T04:53:07.262+0000] {processor.py:161} INFO - Started process (PID=12790) to work on /home/ubuntu/chch-fuel-recommendator/airflow/af_env/lib/python3.12/site-packages/airflow/example_dags/example_short_circuit_operator.py
[2024-05-18T04:53:07.264+0000] {processor.py:830} INFO - Processing file /home/ubuntu/chch-fuel-recommendator/airflow/af_env/lib/python3.12/site-packages/airflow/example_dags/example_short_circuit_operator.py for tasks to queue
[2024-05-18T04:53:07.267+0000] {logging_mixin.py:188} INFO - [2024-05-18T04:53:07.266+0000] {dagbag.py:545} INFO - Filling up the DagBag from /home/ubuntu/chch-fuel-recommendator/airflow/af_env/lib/python3.12/site-packages/airflow/example_dags/example_short_circuit_operator.py
[2024-05-18T04:53:07.279+0000] {processor.py:840} INFO - DAG(s) 'example_short_circuit_operator' retrieved from /home/ubuntu/chch-fuel-recommendator/airflow/af_env/lib/python3.12/site-packages/airflow/example_dags/example_short_circuit_operator.py
[2024-05-18T04:53:07.311+0000] {logging_mixin.py:188} INFO - [2024-05-18T04:53:07.310+0000] {dag.py:3096} INFO - Sync 1 DAGs
[2024-05-18T04:53:07.334+0000] {logging_mixin.py:188} INFO - [2024-05-18T04:53:07.334+0000] {dag.py:3954} INFO - Setting next_dagrun for example_short_circuit_operator to 2024-05-17 00:00:00+00:00, run_after=2024-05-18 00:00:00+00:00
[2024-05-18T04:53:07.361+0000] {processor.py:183} INFO - Processing /home/ubuntu/chch-fuel-recommendator/airflow/af_env/lib/python3.12/site-packages/airflow/example_dags/example_short_circuit_operator.py took 0.107 seconds
[2024-05-18T04:53:53.042+0000] {processor.py:161} INFO - Started process (PID=12835) to work on /home/ubuntu/chch-fuel-recommendator/airflow/af_env/lib/python3.12/site-packages/airflow/example_dags/example_short_circuit_operator.py
[2024-05-18T04:53:53.043+0000] {processor.py:830} INFO - Processing file /home/ubuntu/chch-fuel-recommendator/airflow/af_env/lib/python3.12/site-packages/airflow/example_dags/example_short_circuit_operator.py for tasks to queue
[2024-05-18T04:53:53.045+0000] {logging_mixin.py:188} INFO - [2024-05-18T04:53:53.045+0000] {dagbag.py:545} INFO - Filling up the DagBag from /home/ubuntu/chch-fuel-recommendator/airflow/af_env/lib/python3.12/site-packages/airflow/example_dags/example_short_circuit_operator.py
[2024-05-18T04:53:53.053+0000] {processor.py:840} INFO - DAG(s) 'example_short_circuit_operator' retrieved from /home/ubuntu/chch-fuel-recommendator/airflow/af_env/lib/python3.12/site-packages/airflow/example_dags/example_short_circuit_operator.py
[2024-05-18T04:53:53.076+0000] {logging_mixin.py:188} INFO - [2024-05-18T04:53:53.076+0000] {dag.py:3096} INFO - Sync 1 DAGs
[2024-05-18T04:53:53.108+0000] {logging_mixin.py:188} INFO - [2024-05-18T04:53:53.107+0000] {dag.py:3954} INFO - Setting next_dagrun for example_short_circuit_operator to 2024-05-17 00:00:00+00:00, run_after=2024-05-18 00:00:00+00:00
[2024-05-18T04:53:53.147+0000] {processor.py:183} INFO - Processing /home/ubuntu/chch-fuel-recommendator/airflow/af_env/lib/python3.12/site-packages/airflow/example_dags/example_short_circuit_operator.py took 0.112 seconds
[2024-05-18T05:32:15.266+0000] {processor.py:161} INFO - Started process (PID=15076) to work on /home/ubuntu/airflow/airflow_env/lib/python3.12/site-packages/airflow/example_dags/example_short_circuit_operator.py
[2024-05-18T05:32:15.268+0000] {processor.py:830} INFO - Processing file /home/ubuntu/airflow/airflow_env/lib/python3.12/site-packages/airflow/example_dags/example_short_circuit_operator.py for tasks to queue
[2024-05-18T05:32:15.269+0000] {logging_mixin.py:188} INFO - [2024-05-18T05:32:15.269+0000] {dagbag.py:545} INFO - Filling up the DagBag from /home/ubuntu/airflow/airflow_env/lib/python3.12/site-packages/airflow/example_dags/example_short_circuit_operator.py
[2024-05-18T05:32:15.280+0000] {processor.py:840} INFO - DAG(s) 'example_short_circuit_operator' retrieved from /home/ubuntu/airflow/airflow_env/lib/python3.12/site-packages/airflow/example_dags/example_short_circuit_operator.py
[2024-05-18T05:32:15.451+0000] {logging_mixin.py:188} INFO - [2024-05-18T05:32:15.451+0000] {dag.py:3096} INFO - Sync 1 DAGs
[2024-05-18T05:32:15.474+0000] {logging_mixin.py:188} INFO - [2024-05-18T05:32:15.474+0000] {dag.py:3954} INFO - Setting next_dagrun for example_short_circuit_operator to 2024-05-17 00:00:00+00:00, run_after=2024-05-18 00:00:00+00:00
[2024-05-18T05:32:15.494+0000] {processor.py:183} INFO - Processing /home/ubuntu/airflow/airflow_env/lib/python3.12/site-packages/airflow/example_dags/example_short_circuit_operator.py took 0.234 seconds
[2024-05-18T05:32:45.688+0000] {processor.py:161} INFO - Started process (PID=15130) to work on /home/ubuntu/airflow/airflow_env/lib/python3.12/site-packages/airflow/example_dags/example_short_circuit_operator.py
[2024-05-18T05:32:45.689+0000] {processor.py:830} INFO - Processing file /home/ubuntu/airflow/airflow_env/lib/python3.12/site-packages/airflow/example_dags/example_short_circuit_operator.py for tasks to queue
[2024-05-18T05:32:45.692+0000] {logging_mixin.py:188} INFO - [2024-05-18T05:32:45.691+0000] {dagbag.py:545} INFO - Filling up the DagBag from /home/ubuntu/airflow/airflow_env/lib/python3.12/site-packages/airflow/example_dags/example_short_circuit_operator.py
[2024-05-18T05:32:45.699+0000] {processor.py:840} INFO - DAG(s) 'example_short_circuit_operator' retrieved from /home/ubuntu/airflow/airflow_env/lib/python3.12/site-packages/airflow/example_dags/example_short_circuit_operator.py
[2024-05-18T05:32:45.748+0000] {logging_mixin.py:188} INFO - [2024-05-18T05:32:45.748+0000] {dag.py:3096} INFO - Sync 1 DAGs
[2024-05-18T05:32:45.782+0000] {logging_mixin.py:188} INFO - [2024-05-18T05:32:45.781+0000] {dag.py:3954} INFO - Setting next_dagrun for example_short_circuit_operator to 2024-05-17 00:00:00+00:00, run_after=2024-05-18 00:00:00+00:00
[2024-05-18T05:32:45.809+0000] {processor.py:183} INFO - Processing /home/ubuntu/airflow/airflow_env/lib/python3.12/site-packages/airflow/example_dags/example_short_circuit_operator.py took 0.129 seconds
[2024-05-18T05:33:16.069+0000] {processor.py:161} INFO - Started process (PID=15184) to work on /home/ubuntu/airflow/airflow_env/lib/python3.12/site-packages/airflow/example_dags/example_short_circuit_operator.py
[2024-05-18T05:33:16.070+0000] {processor.py:830} INFO - Processing file /home/ubuntu/airflow/airflow_env/lib/python3.12/site-packages/airflow/example_dags/example_short_circuit_operator.py for tasks to queue
[2024-05-18T05:33:16.073+0000] {logging_mixin.py:188} INFO - [2024-05-18T05:33:16.072+0000] {dagbag.py:545} INFO - Filling up the DagBag from /home/ubuntu/airflow/airflow_env/lib/python3.12/site-packages/airflow/example_dags/example_short_circuit_operator.py
[2024-05-18T05:33:16.083+0000] {processor.py:840} INFO - DAG(s) 'example_short_circuit_operator' retrieved from /home/ubuntu/airflow/airflow_env/lib/python3.12/site-packages/airflow/example_dags/example_short_circuit_operator.py
[2024-05-18T05:33:16.139+0000] {logging_mixin.py:188} INFO - [2024-05-18T05:33:16.138+0000] {dag.py:3096} INFO - Sync 1 DAGs
[2024-05-18T05:33:16.172+0000] {logging_mixin.py:188} INFO - [2024-05-18T05:33:16.171+0000] {dag.py:3954} INFO - Setting next_dagrun for example_short_circuit_operator to 2024-05-17 00:00:00+00:00, run_after=2024-05-18 00:00:00+00:00
[2024-05-18T05:33:16.196+0000] {processor.py:183} INFO - Processing /home/ubuntu/airflow/airflow_env/lib/python3.12/site-packages/airflow/example_dags/example_short_circuit_operator.py took 0.135 seconds
[2024-05-18T05:33:46.338+0000] {processor.py:161} INFO - Started process (PID=15235) to work on /home/ubuntu/airflow/airflow_env/lib/python3.12/site-packages/airflow/example_dags/example_short_circuit_operator.py
[2024-05-18T05:33:46.339+0000] {processor.py:830} INFO - Processing file /home/ubuntu/airflow/airflow_env/lib/python3.12/site-packages/airflow/example_dags/example_short_circuit_operator.py for tasks to queue
[2024-05-18T05:33:46.342+0000] {logging_mixin.py:188} INFO - [2024-05-18T05:33:46.341+0000] {dagbag.py:545} INFO - Filling up the DagBag from /home/ubuntu/airflow/airflow_env/lib/python3.12/site-packages/airflow/example_dags/example_short_circuit_operator.py
[2024-05-18T05:33:46.355+0000] {processor.py:840} INFO - DAG(s) 'example_short_circuit_operator' retrieved from /home/ubuntu/airflow/airflow_env/lib/python3.12/site-packages/airflow/example_dags/example_short_circuit_operator.py
[2024-05-18T05:33:46.432+0000] {logging_mixin.py:188} INFO - [2024-05-18T05:33:46.431+0000] {dag.py:3096} INFO - Sync 1 DAGs
[2024-05-18T05:33:46.494+0000] {logging_mixin.py:188} INFO - [2024-05-18T05:33:46.493+0000] {dag.py:3954} INFO - Setting next_dagrun for example_short_circuit_operator to 2024-05-17 00:00:00+00:00, run_after=2024-05-18 00:00:00+00:00
[2024-05-18T05:33:46.527+0000] {processor.py:183} INFO - Processing /home/ubuntu/airflow/airflow_env/lib/python3.12/site-packages/airflow/example_dags/example_short_circuit_operator.py took 0.200 seconds
[2024-05-18T05:34:17.467+0000] {processor.py:161} INFO - Started process (PID=15287) to work on /home/ubuntu/airflow/airflow_env/lib/python3.12/site-packages/airflow/example_dags/example_short_circuit_operator.py
[2024-05-18T05:34:17.469+0000] {processor.py:830} INFO - Processing file /home/ubuntu/airflow/airflow_env/lib/python3.12/site-packages/airflow/example_dags/example_short_circuit_operator.py for tasks to queue
[2024-05-18T05:34:17.472+0000] {logging_mixin.py:188} INFO - [2024-05-18T05:34:17.471+0000] {dagbag.py:545} INFO - Filling up the DagBag from /home/ubuntu/airflow/airflow_env/lib/python3.12/site-packages/airflow/example_dags/example_short_circuit_operator.py
[2024-05-18T05:34:17.485+0000] {processor.py:840} INFO - DAG(s) 'example_short_circuit_operator' retrieved from /home/ubuntu/airflow/airflow_env/lib/python3.12/site-packages/airflow/example_dags/example_short_circuit_operator.py
[2024-05-18T05:34:17.565+0000] {logging_mixin.py:188} INFO - [2024-05-18T05:34:17.564+0000] {dag.py:3096} INFO - Sync 1 DAGs
[2024-05-18T05:34:17.606+0000] {logging_mixin.py:188} INFO - [2024-05-18T05:34:17.606+0000] {dag.py:3954} INFO - Setting next_dagrun for example_short_circuit_operator to 2024-05-17 00:00:00+00:00, run_after=2024-05-18 00:00:00+00:00
[2024-05-18T05:34:17.648+0000] {processor.py:183} INFO - Processing /home/ubuntu/airflow/airflow_env/lib/python3.12/site-packages/airflow/example_dags/example_short_circuit_operator.py took 0.191 seconds
[2024-05-18T05:34:48.315+0000] {processor.py:161} INFO - Started process (PID=15338) to work on /home/ubuntu/airflow/airflow_env/lib/python3.12/site-packages/airflow/example_dags/example_short_circuit_operator.py
[2024-05-18T05:34:48.316+0000] {processor.py:830} INFO - Processing file /home/ubuntu/airflow/airflow_env/lib/python3.12/site-packages/airflow/example_dags/example_short_circuit_operator.py for tasks to queue
[2024-05-18T05:34:48.319+0000] {logging_mixin.py:188} INFO - [2024-05-18T05:34:48.318+0000] {dagbag.py:545} INFO - Filling up the DagBag from /home/ubuntu/airflow/airflow_env/lib/python3.12/site-packages/airflow/example_dags/example_short_circuit_operator.py
[2024-05-18T05:34:48.330+0000] {processor.py:840} INFO - DAG(s) 'example_short_circuit_operator' retrieved from /home/ubuntu/airflow/airflow_env/lib/python3.12/site-packages/airflow/example_dags/example_short_circuit_operator.py
[2024-05-18T05:34:48.398+0000] {logging_mixin.py:188} INFO - [2024-05-18T05:34:48.398+0000] {dag.py:3096} INFO - Sync 1 DAGs
[2024-05-18T05:34:48.438+0000] {logging_mixin.py:188} INFO - [2024-05-18T05:34:48.437+0000] {dag.py:3954} INFO - Setting next_dagrun for example_short_circuit_operator to 2024-05-17 00:00:00+00:00, run_after=2024-05-18 00:00:00+00:00
[2024-05-18T05:34:48.478+0000] {processor.py:183} INFO - Processing /home/ubuntu/airflow/airflow_env/lib/python3.12/site-packages/airflow/example_dags/example_short_circuit_operator.py took 0.184 seconds
[2024-05-18T05:35:18.908+0000] {processor.py:161} INFO - Started process (PID=15392) to work on /home/ubuntu/airflow/airflow_env/lib/python3.12/site-packages/airflow/example_dags/example_short_circuit_operator.py
[2024-05-18T05:35:18.909+0000] {processor.py:830} INFO - Processing file /home/ubuntu/airflow/airflow_env/lib/python3.12/site-packages/airflow/example_dags/example_short_circuit_operator.py for tasks to queue
[2024-05-18T05:35:18.912+0000] {logging_mixin.py:188} INFO - [2024-05-18T05:35:18.912+0000] {dagbag.py:545} INFO - Filling up the DagBag from /home/ubuntu/airflow/airflow_env/lib/python3.12/site-packages/airflow/example_dags/example_short_circuit_operator.py
[2024-05-18T05:35:18.924+0000] {processor.py:840} INFO - DAG(s) 'example_short_circuit_operator' retrieved from /home/ubuntu/airflow/airflow_env/lib/python3.12/site-packages/airflow/example_dags/example_short_circuit_operator.py
[2024-05-18T05:35:18.992+0000] {logging_mixin.py:188} INFO - [2024-05-18T05:35:18.992+0000] {dag.py:3096} INFO - Sync 1 DAGs
[2024-05-18T05:35:19.037+0000] {logging_mixin.py:188} INFO - [2024-05-18T05:35:19.036+0000] {dag.py:3954} INFO - Setting next_dagrun for example_short_circuit_operator to 2024-05-17 00:00:00+00:00, run_after=2024-05-18 00:00:00+00:00
[2024-05-18T05:35:19.079+0000] {processor.py:183} INFO - Processing /home/ubuntu/airflow/airflow_env/lib/python3.12/site-packages/airflow/example_dags/example_short_circuit_operator.py took 0.181 seconds
[2024-05-18T05:35:49.242+0000] {processor.py:161} INFO - Started process (PID=15443) to work on /home/ubuntu/airflow/airflow_env/lib/python3.12/site-packages/airflow/example_dags/example_short_circuit_operator.py
[2024-05-18T05:35:49.243+0000] {processor.py:830} INFO - Processing file /home/ubuntu/airflow/airflow_env/lib/python3.12/site-packages/airflow/example_dags/example_short_circuit_operator.py for tasks to queue
[2024-05-18T05:35:49.244+0000] {logging_mixin.py:188} INFO - [2024-05-18T05:35:49.244+0000] {dagbag.py:545} INFO - Filling up the DagBag from /home/ubuntu/airflow/airflow_env/lib/python3.12/site-packages/airflow/example_dags/example_short_circuit_operator.py
[2024-05-18T05:35:49.252+0000] {processor.py:840} INFO - DAG(s) 'example_short_circuit_operator' retrieved from /home/ubuntu/airflow/airflow_env/lib/python3.12/site-packages/airflow/example_dags/example_short_circuit_operator.py
[2024-05-18T05:35:49.300+0000] {logging_mixin.py:188} INFO - [2024-05-18T05:35:49.300+0000] {dag.py:3096} INFO - Sync 1 DAGs
[2024-05-18T05:35:49.337+0000] {logging_mixin.py:188} INFO - [2024-05-18T05:35:49.337+0000] {dag.py:3954} INFO - Setting next_dagrun for example_short_circuit_operator to 2024-05-17 00:00:00+00:00, run_after=2024-05-18 00:00:00+00:00
[2024-05-18T05:35:49.370+0000] {processor.py:183} INFO - Processing /home/ubuntu/airflow/airflow_env/lib/python3.12/site-packages/airflow/example_dags/example_short_circuit_operator.py took 0.136 seconds
[2024-05-18T05:36:20.268+0000] {processor.py:161} INFO - Started process (PID=15494) to work on /home/ubuntu/airflow/airflow_env/lib/python3.12/site-packages/airflow/example_dags/example_short_circuit_operator.py
[2024-05-18T05:36:20.270+0000] {processor.py:830} INFO - Processing file /home/ubuntu/airflow/airflow_env/lib/python3.12/site-packages/airflow/example_dags/example_short_circuit_operator.py for tasks to queue
[2024-05-18T05:36:20.274+0000] {logging_mixin.py:188} INFO - [2024-05-18T05:36:20.273+0000] {dagbag.py:545} INFO - Filling up the DagBag from /home/ubuntu/airflow/airflow_env/lib/python3.12/site-packages/airflow/example_dags/example_short_circuit_operator.py
[2024-05-18T05:36:20.287+0000] {processor.py:840} INFO - DAG(s) 'example_short_circuit_operator' retrieved from /home/ubuntu/airflow/airflow_env/lib/python3.12/site-packages/airflow/example_dags/example_short_circuit_operator.py
[2024-05-18T05:36:20.353+0000] {logging_mixin.py:188} INFO - [2024-05-18T05:36:20.353+0000] {dag.py:3096} INFO - Sync 1 DAGs
[2024-05-18T05:36:20.394+0000] {logging_mixin.py:188} INFO - [2024-05-18T05:36:20.394+0000] {dag.py:3954} INFO - Setting next_dagrun for example_short_circuit_operator to 2024-05-17 00:00:00+00:00, run_after=2024-05-18 00:00:00+00:00
[2024-05-18T05:36:20.434+0000] {processor.py:183} INFO - Processing /home/ubuntu/airflow/airflow_env/lib/python3.12/site-packages/airflow/example_dags/example_short_circuit_operator.py took 0.180 seconds
[2024-05-18T05:36:51.274+0000] {processor.py:161} INFO - Started process (PID=15545) to work on /home/ubuntu/airflow/airflow_env/lib/python3.12/site-packages/airflow/example_dags/example_short_circuit_operator.py
[2024-05-18T05:36:51.276+0000] {processor.py:830} INFO - Processing file /home/ubuntu/airflow/airflow_env/lib/python3.12/site-packages/airflow/example_dags/example_short_circuit_operator.py for tasks to queue
[2024-05-18T05:36:51.278+0000] {logging_mixin.py:188} INFO - [2024-05-18T05:36:51.277+0000] {dagbag.py:545} INFO - Filling up the DagBag from /home/ubuntu/airflow/airflow_env/lib/python3.12/site-packages/airflow/example_dags/example_short_circuit_operator.py
[2024-05-18T05:36:51.287+0000] {processor.py:840} INFO - DAG(s) 'example_short_circuit_operator' retrieved from /home/ubuntu/airflow/airflow_env/lib/python3.12/site-packages/airflow/example_dags/example_short_circuit_operator.py
[2024-05-18T05:36:51.336+0000] {logging_mixin.py:188} INFO - [2024-05-18T05:36:51.336+0000] {dag.py:3096} INFO - Sync 1 DAGs
[2024-05-18T05:36:51.366+0000] {logging_mixin.py:188} INFO - [2024-05-18T05:36:51.366+0000] {dag.py:3954} INFO - Setting next_dagrun for example_short_circuit_operator to 2024-05-17 00:00:00+00:00, run_after=2024-05-18 00:00:00+00:00
[2024-05-18T05:36:51.391+0000] {processor.py:183} INFO - Processing /home/ubuntu/airflow/airflow_env/lib/python3.12/site-packages/airflow/example_dags/example_short_circuit_operator.py took 0.125 seconds
[2024-05-18T05:37:22.253+0000] {processor.py:161} INFO - Started process (PID=15596) to work on /home/ubuntu/airflow/airflow_env/lib/python3.12/site-packages/airflow/example_dags/example_short_circuit_operator.py
[2024-05-18T05:37:22.255+0000] {processor.py:830} INFO - Processing file /home/ubuntu/airflow/airflow_env/lib/python3.12/site-packages/airflow/example_dags/example_short_circuit_operator.py for tasks to queue
[2024-05-18T05:37:22.258+0000] {logging_mixin.py:188} INFO - [2024-05-18T05:37:22.257+0000] {dagbag.py:545} INFO - Filling up the DagBag from /home/ubuntu/airflow/airflow_env/lib/python3.12/site-packages/airflow/example_dags/example_short_circuit_operator.py
[2024-05-18T05:37:22.271+0000] {processor.py:840} INFO - DAG(s) 'example_short_circuit_operator' retrieved from /home/ubuntu/airflow/airflow_env/lib/python3.12/site-packages/airflow/example_dags/example_short_circuit_operator.py
[2024-05-18T05:37:22.348+0000] {logging_mixin.py:188} INFO - [2024-05-18T05:37:22.348+0000] {dag.py:3096} INFO - Sync 1 DAGs
[2024-05-18T05:37:22.387+0000] {logging_mixin.py:188} INFO - [2024-05-18T05:37:22.386+0000] {dag.py:3954} INFO - Setting next_dagrun for example_short_circuit_operator to 2024-05-17 00:00:00+00:00, run_after=2024-05-18 00:00:00+00:00
[2024-05-18T05:37:22.421+0000] {processor.py:183} INFO - Processing /home/ubuntu/airflow/airflow_env/lib/python3.12/site-packages/airflow/example_dags/example_short_circuit_operator.py took 0.178 seconds
[2024-05-18T05:37:52.610+0000] {processor.py:161} INFO - Started process (PID=15648) to work on /home/ubuntu/airflow/airflow_env/lib/python3.12/site-packages/airflow/example_dags/example_short_circuit_operator.py
[2024-05-18T05:37:52.611+0000] {processor.py:830} INFO - Processing file /home/ubuntu/airflow/airflow_env/lib/python3.12/site-packages/airflow/example_dags/example_short_circuit_operator.py for tasks to queue
[2024-05-18T05:37:52.613+0000] {logging_mixin.py:188} INFO - [2024-05-18T05:37:52.612+0000] {dagbag.py:545} INFO - Filling up the DagBag from /home/ubuntu/airflow/airflow_env/lib/python3.12/site-packages/airflow/example_dags/example_short_circuit_operator.py
[2024-05-18T05:37:52.622+0000] {processor.py:840} INFO - DAG(s) 'example_short_circuit_operator' retrieved from /home/ubuntu/airflow/airflow_env/lib/python3.12/site-packages/airflow/example_dags/example_short_circuit_operator.py
[2024-05-18T05:37:52.687+0000] {logging_mixin.py:188} INFO - [2024-05-18T05:37:52.686+0000] {dag.py:3096} INFO - Sync 1 DAGs
[2024-05-18T05:37:52.711+0000] {logging_mixin.py:188} INFO - [2024-05-18T05:37:52.711+0000] {dag.py:3954} INFO - Setting next_dagrun for example_short_circuit_operator to 2024-05-17 00:00:00+00:00, run_after=2024-05-18 00:00:00+00:00
[2024-05-18T05:37:52.737+0000] {processor.py:183} INFO - Processing /home/ubuntu/airflow/airflow_env/lib/python3.12/site-packages/airflow/example_dags/example_short_circuit_operator.py took 0.134 seconds
[2024-05-18T05:38:22.805+0000] {processor.py:161} INFO - Started process (PID=15699) to work on /home/ubuntu/airflow/airflow_env/lib/python3.12/site-packages/airflow/example_dags/example_short_circuit_operator.py
[2024-05-18T05:38:22.807+0000] {processor.py:830} INFO - Processing file /home/ubuntu/airflow/airflow_env/lib/python3.12/site-packages/airflow/example_dags/example_short_circuit_operator.py for tasks to queue
[2024-05-18T05:38:22.809+0000] {logging_mixin.py:188} INFO - [2024-05-18T05:38:22.808+0000] {dagbag.py:545} INFO - Filling up the DagBag from /home/ubuntu/airflow/airflow_env/lib/python3.12/site-packages/airflow/example_dags/example_short_circuit_operator.py
[2024-05-18T05:38:22.817+0000] {processor.py:840} INFO - DAG(s) 'example_short_circuit_operator' retrieved from /home/ubuntu/airflow/airflow_env/lib/python3.12/site-packages/airflow/example_dags/example_short_circuit_operator.py
[2024-05-18T05:38:22.864+0000] {logging_mixin.py:188} INFO - [2024-05-18T05:38:22.863+0000] {dag.py:3096} INFO - Sync 1 DAGs
[2024-05-18T05:38:22.891+0000] {logging_mixin.py:188} INFO - [2024-05-18T05:38:22.891+0000] {dag.py:3954} INFO - Setting next_dagrun for example_short_circuit_operator to 2024-05-17 00:00:00+00:00, run_after=2024-05-18 00:00:00+00:00
[2024-05-18T05:38:22.916+0000] {processor.py:183} INFO - Processing /home/ubuntu/airflow/airflow_env/lib/python3.12/site-packages/airflow/example_dags/example_short_circuit_operator.py took 0.117 seconds
[2024-05-18T05:38:53.106+0000] {processor.py:161} INFO - Started process (PID=15750) to work on /home/ubuntu/airflow/airflow_env/lib/python3.12/site-packages/airflow/example_dags/example_short_circuit_operator.py
[2024-05-18T05:38:53.106+0000] {processor.py:830} INFO - Processing file /home/ubuntu/airflow/airflow_env/lib/python3.12/site-packages/airflow/example_dags/example_short_circuit_operator.py for tasks to queue
[2024-05-18T05:38:53.108+0000] {logging_mixin.py:188} INFO - [2024-05-18T05:38:53.108+0000] {dagbag.py:545} INFO - Filling up the DagBag from /home/ubuntu/airflow/airflow_env/lib/python3.12/site-packages/airflow/example_dags/example_short_circuit_operator.py
[2024-05-18T05:38:53.116+0000] {processor.py:840} INFO - DAG(s) 'example_short_circuit_operator' retrieved from /home/ubuntu/airflow/airflow_env/lib/python3.12/site-packages/airflow/example_dags/example_short_circuit_operator.py
[2024-05-18T05:38:53.170+0000] {logging_mixin.py:188} INFO - [2024-05-18T05:38:53.170+0000] {dag.py:3096} INFO - Sync 1 DAGs
[2024-05-18T05:38:53.200+0000] {logging_mixin.py:188} INFO - [2024-05-18T05:38:53.199+0000] {dag.py:3954} INFO - Setting next_dagrun for example_short_circuit_operator to 2024-05-17 00:00:00+00:00, run_after=2024-05-18 00:00:00+00:00
[2024-05-18T05:38:53.240+0000] {processor.py:183} INFO - Processing /home/ubuntu/airflow/airflow_env/lib/python3.12/site-packages/airflow/example_dags/example_short_circuit_operator.py took 0.143 seconds
[2024-05-18T05:39:24.067+0000] {processor.py:161} INFO - Started process (PID=15802) to work on /home/ubuntu/airflow/airflow_env/lib/python3.12/site-packages/airflow/example_dags/example_short_circuit_operator.py
[2024-05-18T05:39:24.069+0000] {processor.py:830} INFO - Processing file /home/ubuntu/airflow/airflow_env/lib/python3.12/site-packages/airflow/example_dags/example_short_circuit_operator.py for tasks to queue
[2024-05-18T05:39:24.071+0000] {logging_mixin.py:188} INFO - [2024-05-18T05:39:24.070+0000] {dagbag.py:545} INFO - Filling up the DagBag from /home/ubuntu/airflow/airflow_env/lib/python3.12/site-packages/airflow/example_dags/example_short_circuit_operator.py
[2024-05-18T05:39:24.081+0000] {processor.py:840} INFO - DAG(s) 'example_short_circuit_operator' retrieved from /home/ubuntu/airflow/airflow_env/lib/python3.12/site-packages/airflow/example_dags/example_short_circuit_operator.py
[2024-05-18T05:39:24.176+0000] {logging_mixin.py:188} INFO - [2024-05-18T05:39:24.175+0000] {dag.py:3096} INFO - Sync 1 DAGs
[2024-05-18T05:39:24.230+0000] {logging_mixin.py:188} INFO - [2024-05-18T05:39:24.230+0000] {dag.py:3954} INFO - Setting next_dagrun for example_short_circuit_operator to 2024-05-17 00:00:00+00:00, run_after=2024-05-18 00:00:00+00:00
[2024-05-18T05:39:24.260+0000] {processor.py:183} INFO - Processing /home/ubuntu/airflow/airflow_env/lib/python3.12/site-packages/airflow/example_dags/example_short_circuit_operator.py took 0.215 seconds
[2024-05-18T05:39:54.296+0000] {processor.py:161} INFO - Started process (PID=15853) to work on /home/ubuntu/airflow/airflow_env/lib/python3.12/site-packages/airflow/example_dags/example_short_circuit_operator.py
[2024-05-18T05:39:54.297+0000] {processor.py:830} INFO - Processing file /home/ubuntu/airflow/airflow_env/lib/python3.12/site-packages/airflow/example_dags/example_short_circuit_operator.py for tasks to queue
[2024-05-18T05:39:54.299+0000] {logging_mixin.py:188} INFO - [2024-05-18T05:39:54.299+0000] {dagbag.py:545} INFO - Filling up the DagBag from /home/ubuntu/airflow/airflow_env/lib/python3.12/site-packages/airflow/example_dags/example_short_circuit_operator.py
[2024-05-18T05:39:54.309+0000] {processor.py:840} INFO - DAG(s) 'example_short_circuit_operator' retrieved from /home/ubuntu/airflow/airflow_env/lib/python3.12/site-packages/airflow/example_dags/example_short_circuit_operator.py
[2024-05-18T05:39:54.384+0000] {logging_mixin.py:188} INFO - [2024-05-18T05:39:54.384+0000] {dag.py:3096} INFO - Sync 1 DAGs
[2024-05-18T05:39:54.422+0000] {logging_mixin.py:188} INFO - [2024-05-18T05:39:54.421+0000] {dag.py:3954} INFO - Setting next_dagrun for example_short_circuit_operator to 2024-05-17 00:00:00+00:00, run_after=2024-05-18 00:00:00+00:00
[2024-05-18T05:39:54.490+0000] {processor.py:183} INFO - Processing /home/ubuntu/airflow/airflow_env/lib/python3.12/site-packages/airflow/example_dags/example_short_circuit_operator.py took 0.201 seconds
[2024-05-18T05:40:24.591+0000] {processor.py:161} INFO - Started process (PID=16186) to work on /home/ubuntu/airflow/airflow_env/lib/python3.12/site-packages/airflow/example_dags/example_short_circuit_operator.py
[2024-05-18T05:40:24.593+0000] {processor.py:830} INFO - Processing file /home/ubuntu/airflow/airflow_env/lib/python3.12/site-packages/airflow/example_dags/example_short_circuit_operator.py for tasks to queue
[2024-05-18T05:40:24.596+0000] {logging_mixin.py:188} INFO - [2024-05-18T05:40:24.595+0000] {dagbag.py:545} INFO - Filling up the DagBag from /home/ubuntu/airflow/airflow_env/lib/python3.12/site-packages/airflow/example_dags/example_short_circuit_operator.py
[2024-05-18T05:40:24.606+0000] {processor.py:840} INFO - DAG(s) 'example_short_circuit_operator' retrieved from /home/ubuntu/airflow/airflow_env/lib/python3.12/site-packages/airflow/example_dags/example_short_circuit_operator.py
[2024-05-18T05:40:24.678+0000] {logging_mixin.py:188} INFO - [2024-05-18T05:40:24.678+0000] {dag.py:3096} INFO - Sync 1 DAGs
[2024-05-18T05:40:24.714+0000] {logging_mixin.py:188} INFO - [2024-05-18T05:40:24.714+0000] {dag.py:3954} INFO - Setting next_dagrun for example_short_circuit_operator to 2024-05-17 00:00:00+00:00, run_after=2024-05-18 00:00:00+00:00
[2024-05-18T05:40:24.744+0000] {processor.py:183} INFO - Processing /home/ubuntu/airflow/airflow_env/lib/python3.12/site-packages/airflow/example_dags/example_short_circuit_operator.py took 0.161 seconds
[2024-05-18T05:40:55.175+0000] {processor.py:161} INFO - Started process (PID=16241) to work on /home/ubuntu/airflow/airflow_env/lib/python3.12/site-packages/airflow/example_dags/example_short_circuit_operator.py
[2024-05-18T05:40:55.176+0000] {processor.py:830} INFO - Processing file /home/ubuntu/airflow/airflow_env/lib/python3.12/site-packages/airflow/example_dags/example_short_circuit_operator.py for tasks to queue
[2024-05-18T05:40:55.179+0000] {logging_mixin.py:188} INFO - [2024-05-18T05:40:55.179+0000] {dagbag.py:545} INFO - Filling up the DagBag from /home/ubuntu/airflow/airflow_env/lib/python3.12/site-packages/airflow/example_dags/example_short_circuit_operator.py
[2024-05-18T05:40:55.207+0000] {processor.py:840} INFO - DAG(s) 'example_short_circuit_operator' retrieved from /home/ubuntu/airflow/airflow_env/lib/python3.12/site-packages/airflow/example_dags/example_short_circuit_operator.py
[2024-05-18T05:40:55.312+0000] {logging_mixin.py:188} INFO - [2024-05-18T05:40:55.311+0000] {dag.py:3096} INFO - Sync 1 DAGs
[2024-05-18T05:40:55.400+0000] {logging_mixin.py:188} INFO - [2024-05-18T05:40:55.399+0000] {dag.py:3954} INFO - Setting next_dagrun for example_short_circuit_operator to 2024-05-17 00:00:00+00:00, run_after=2024-05-18 00:00:00+00:00
[2024-05-18T05:40:55.461+0000] {processor.py:183} INFO - Processing /home/ubuntu/airflow/airflow_env/lib/python3.12/site-packages/airflow/example_dags/example_short_circuit_operator.py took 0.296 seconds
[2024-05-18T05:41:25.648+0000] {processor.py:161} INFO - Started process (PID=16292) to work on /home/ubuntu/airflow/airflow_env/lib/python3.12/site-packages/airflow/example_dags/example_short_circuit_operator.py
[2024-05-18T05:41:25.650+0000] {processor.py:830} INFO - Processing file /home/ubuntu/airflow/airflow_env/lib/python3.12/site-packages/airflow/example_dags/example_short_circuit_operator.py for tasks to queue
[2024-05-18T05:41:25.652+0000] {logging_mixin.py:188} INFO - [2024-05-18T05:41:25.652+0000] {dagbag.py:545} INFO - Filling up the DagBag from /home/ubuntu/airflow/airflow_env/lib/python3.12/site-packages/airflow/example_dags/example_short_circuit_operator.py
[2024-05-18T05:41:25.660+0000] {processor.py:840} INFO - DAG(s) 'example_short_circuit_operator' retrieved from /home/ubuntu/airflow/airflow_env/lib/python3.12/site-packages/airflow/example_dags/example_short_circuit_operator.py
[2024-05-18T05:41:25.727+0000] {logging_mixin.py:188} INFO - [2024-05-18T05:41:25.727+0000] {dag.py:3096} INFO - Sync 1 DAGs
[2024-05-18T05:41:25.758+0000] {logging_mixin.py:188} INFO - [2024-05-18T05:41:25.758+0000] {dag.py:3954} INFO - Setting next_dagrun for example_short_circuit_operator to 2024-05-17 00:00:00+00:00, run_after=2024-05-18 00:00:00+00:00
[2024-05-18T05:41:25.785+0000] {processor.py:183} INFO - Processing /home/ubuntu/airflow/airflow_env/lib/python3.12/site-packages/airflow/example_dags/example_short_circuit_operator.py took 0.146 seconds
[2024-05-18T05:41:56.346+0000] {processor.py:161} INFO - Started process (PID=16345) to work on /home/ubuntu/airflow/airflow_env/lib/python3.12/site-packages/airflow/example_dags/example_short_circuit_operator.py
[2024-05-18T05:41:56.348+0000] {processor.py:830} INFO - Processing file /home/ubuntu/airflow/airflow_env/lib/python3.12/site-packages/airflow/example_dags/example_short_circuit_operator.py for tasks to queue
[2024-05-18T05:41:56.350+0000] {logging_mixin.py:188} INFO - [2024-05-18T05:41:56.350+0000] {dagbag.py:545} INFO - Filling up the DagBag from /home/ubuntu/airflow/airflow_env/lib/python3.12/site-packages/airflow/example_dags/example_short_circuit_operator.py
[2024-05-18T05:41:56.360+0000] {processor.py:840} INFO - DAG(s) 'example_short_circuit_operator' retrieved from /home/ubuntu/airflow/airflow_env/lib/python3.12/site-packages/airflow/example_dags/example_short_circuit_operator.py
[2024-05-18T05:41:56.418+0000] {logging_mixin.py:188} INFO - [2024-05-18T05:41:56.418+0000] {dag.py:3096} INFO - Sync 1 DAGs
[2024-05-18T05:41:56.448+0000] {logging_mixin.py:188} INFO - [2024-05-18T05:41:56.448+0000] {dag.py:3954} INFO - Setting next_dagrun for example_short_circuit_operator to 2024-05-17 00:00:00+00:00, run_after=2024-05-18 00:00:00+00:00
[2024-05-18T05:41:56.484+0000] {processor.py:183} INFO - Processing /home/ubuntu/airflow/airflow_env/lib/python3.12/site-packages/airflow/example_dags/example_short_circuit_operator.py took 0.146 seconds
[2024-05-18T05:42:27.435+0000] {processor.py:161} INFO - Started process (PID=16396) to work on /home/ubuntu/airflow/airflow_env/lib/python3.12/site-packages/airflow/example_dags/example_short_circuit_operator.py
[2024-05-18T05:42:27.436+0000] {processor.py:830} INFO - Processing file /home/ubuntu/airflow/airflow_env/lib/python3.12/site-packages/airflow/example_dags/example_short_circuit_operator.py for tasks to queue
[2024-05-18T05:42:27.438+0000] {logging_mixin.py:188} INFO - [2024-05-18T05:42:27.438+0000] {dagbag.py:545} INFO - Filling up the DagBag from /home/ubuntu/airflow/airflow_env/lib/python3.12/site-packages/airflow/example_dags/example_short_circuit_operator.py
[2024-05-18T05:42:27.445+0000] {processor.py:840} INFO - DAG(s) 'example_short_circuit_operator' retrieved from /home/ubuntu/airflow/airflow_env/lib/python3.12/site-packages/airflow/example_dags/example_short_circuit_operator.py
[2024-05-18T05:42:27.489+0000] {logging_mixin.py:188} INFO - [2024-05-18T05:42:27.489+0000] {dag.py:3096} INFO - Sync 1 DAGs
[2024-05-18T05:42:27.513+0000] {logging_mixin.py:188} INFO - [2024-05-18T05:42:27.512+0000] {dag.py:3954} INFO - Setting next_dagrun for example_short_circuit_operator to 2024-05-17 00:00:00+00:00, run_after=2024-05-18 00:00:00+00:00
[2024-05-18T05:42:27.552+0000] {processor.py:183} INFO - Processing /home/ubuntu/airflow/airflow_env/lib/python3.12/site-packages/airflow/example_dags/example_short_circuit_operator.py took 0.124 seconds
[2024-05-18T05:42:57.805+0000] {processor.py:161} INFO - Started process (PID=16447) to work on /home/ubuntu/airflow/airflow_env/lib/python3.12/site-packages/airflow/example_dags/example_short_circuit_operator.py
[2024-05-18T05:42:57.805+0000] {processor.py:830} INFO - Processing file /home/ubuntu/airflow/airflow_env/lib/python3.12/site-packages/airflow/example_dags/example_short_circuit_operator.py for tasks to queue
[2024-05-18T05:42:57.807+0000] {logging_mixin.py:188} INFO - [2024-05-18T05:42:57.807+0000] {dagbag.py:545} INFO - Filling up the DagBag from /home/ubuntu/airflow/airflow_env/lib/python3.12/site-packages/airflow/example_dags/example_short_circuit_operator.py
[2024-05-18T05:42:57.817+0000] {processor.py:840} INFO - DAG(s) 'example_short_circuit_operator' retrieved from /home/ubuntu/airflow/airflow_env/lib/python3.12/site-packages/airflow/example_dags/example_short_circuit_operator.py
[2024-05-18T05:42:57.886+0000] {logging_mixin.py:188} INFO - [2024-05-18T05:42:57.885+0000] {dag.py:3096} INFO - Sync 1 DAGs
[2024-05-18T05:42:57.915+0000] {logging_mixin.py:188} INFO - [2024-05-18T05:42:57.914+0000] {dag.py:3954} INFO - Setting next_dagrun for example_short_circuit_operator to 2024-05-17 00:00:00+00:00, run_after=2024-05-18 00:00:00+00:00
[2024-05-18T05:42:57.939+0000] {processor.py:183} INFO - Processing /home/ubuntu/airflow/airflow_env/lib/python3.12/site-packages/airflow/example_dags/example_short_circuit_operator.py took 0.143 seconds
[2024-05-18T05:43:29.092+0000] {processor.py:161} INFO - Started process (PID=16532) to work on /home/ubuntu/airflow/airflow_env/lib/python3.12/site-packages/airflow/example_dags/example_short_circuit_operator.py
[2024-05-18T05:43:29.093+0000] {processor.py:830} INFO - Processing file /home/ubuntu/airflow/airflow_env/lib/python3.12/site-packages/airflow/example_dags/example_short_circuit_operator.py for tasks to queue
[2024-05-18T05:43:29.100+0000] {logging_mixin.py:188} INFO - [2024-05-18T05:43:29.099+0000] {dagbag.py:545} INFO - Filling up the DagBag from /home/ubuntu/airflow/airflow_env/lib/python3.12/site-packages/airflow/example_dags/example_short_circuit_operator.py
[2024-05-18T05:43:29.116+0000] {processor.py:840} INFO - DAG(s) 'example_short_circuit_operator' retrieved from /home/ubuntu/airflow/airflow_env/lib/python3.12/site-packages/airflow/example_dags/example_short_circuit_operator.py
[2024-05-18T05:43:29.198+0000] {logging_mixin.py:188} INFO - [2024-05-18T05:43:29.197+0000] {dag.py:3096} INFO - Sync 1 DAGs
[2024-05-18T05:43:29.242+0000] {logging_mixin.py:188} INFO - [2024-05-18T05:43:29.242+0000] {dag.py:3954} INFO - Setting next_dagrun for example_short_circuit_operator to 2024-05-17 00:00:00+00:00, run_after=2024-05-18 00:00:00+00:00
[2024-05-18T05:43:29.469+0000] {processor.py:183} INFO - Processing /home/ubuntu/airflow/airflow_env/lib/python3.12/site-packages/airflow/example_dags/example_short_circuit_operator.py took 0.396 seconds
[2024-05-18T05:44:00.328+0000] {processor.py:161} INFO - Started process (PID=16583) to work on /home/ubuntu/airflow/airflow_env/lib/python3.12/site-packages/airflow/example_dags/example_short_circuit_operator.py
[2024-05-18T05:44:00.329+0000] {processor.py:830} INFO - Processing file /home/ubuntu/airflow/airflow_env/lib/python3.12/site-packages/airflow/example_dags/example_short_circuit_operator.py for tasks to queue
[2024-05-18T05:44:00.331+0000] {logging_mixin.py:188} INFO - [2024-05-18T05:44:00.331+0000] {dagbag.py:545} INFO - Filling up the DagBag from /home/ubuntu/airflow/airflow_env/lib/python3.12/site-packages/airflow/example_dags/example_short_circuit_operator.py
[2024-05-18T05:44:00.344+0000] {processor.py:840} INFO - DAG(s) 'example_short_circuit_operator' retrieved from /home/ubuntu/airflow/airflow_env/lib/python3.12/site-packages/airflow/example_dags/example_short_circuit_operator.py
[2024-05-18T05:44:00.439+0000] {logging_mixin.py:188} INFO - [2024-05-18T05:44:00.439+0000] {dag.py:3096} INFO - Sync 1 DAGs
[2024-05-18T05:44:00.497+0000] {logging_mixin.py:188} INFO - [2024-05-18T05:44:00.497+0000] {dag.py:3954} INFO - Setting next_dagrun for example_short_circuit_operator to 2024-05-17 00:00:00+00:00, run_after=2024-05-18 00:00:00+00:00
[2024-05-18T05:44:00.546+0000] {processor.py:183} INFO - Processing /home/ubuntu/airflow/airflow_env/lib/python3.12/site-packages/airflow/example_dags/example_short_circuit_operator.py took 0.227 seconds
