[2024-05-18T04:44:44.580+0000] {processor.py:161} INFO - Started process (PID=12288) to work on /home/ubuntu/chch-fuel-recommendator/airflow/af_env/lib/python3.12/site-packages/airflow/example_dags/example_complex.py
[2024-05-18T04:44:44.582+0000] {processor.py:830} INFO - Processing file /home/ubuntu/chch-fuel-recommendator/airflow/af_env/lib/python3.12/site-packages/airflow/example_dags/example_complex.py for tasks to queue
[2024-05-18T04:44:44.585+0000] {logging_mixin.py:188} INFO - [2024-05-18T04:44:44.585+0000] {dagbag.py:545} INFO - Filling up the DagBag from /home/ubuntu/chch-fuel-recommendator/airflow/af_env/lib/python3.12/site-packages/airflow/example_dags/example_complex.py
[2024-05-18T04:44:44.610+0000] {processor.py:840} INFO - DAG(s) 'example_complex' retrieved from /home/ubuntu/chch-fuel-recommendator/airflow/af_env/lib/python3.12/site-packages/airflow/example_dags/example_complex.py
[2024-05-18T04:44:44.824+0000] {logging_mixin.py:188} INFO - [2024-05-18T04:44:44.823+0000] {override.py:1829} INFO - Created Permission View: can edit on DAG:example_complex
[2024-05-18T04:44:44.854+0000] {logging_mixin.py:188} INFO - [2024-05-18T04:44:44.854+0000] {override.py:1829} INFO - Created Permission View: can read on DAG:example_complex
[2024-05-18T04:44:44.867+0000] {logging_mixin.py:188} INFO - [2024-05-18T04:44:44.866+0000] {override.py:1829} INFO - Created Permission View: can delete on DAG:example_complex
[2024-05-18T04:44:44.868+0000] {logging_mixin.py:188} INFO - [2024-05-18T04:44:44.867+0000] {dag.py:3096} INFO - Sync 1 DAGs
[2024-05-18T04:44:44.883+0000] {logging_mixin.py:188} INFO - [2024-05-18T04:44:44.883+0000] {dag.py:3118} INFO - Creating ORM DAG for example_complex
[2024-05-18T04:44:44.884+0000] {logging_mixin.py:188} INFO - [2024-05-18T04:44:44.884+0000] {dag.py:3954} INFO - Setting next_dagrun for example_complex to None, run_after=None
[2024-05-18T04:44:44.914+0000] {processor.py:183} INFO - Processing /home/ubuntu/chch-fuel-recommendator/airflow/af_env/lib/python3.12/site-packages/airflow/example_dags/example_complex.py took 0.345 seconds
[2024-05-18T04:45:40.528+0000] {processor.py:161} INFO - Started process (PID=12344) to work on /home/ubuntu/chch-fuel-recommendator/airflow/af_env/lib/python3.12/site-packages/airflow/example_dags/example_complex.py
[2024-05-18T04:45:40.529+0000] {processor.py:830} INFO - Processing file /home/ubuntu/chch-fuel-recommendator/airflow/af_env/lib/python3.12/site-packages/airflow/example_dags/example_complex.py for tasks to queue
[2024-05-18T04:45:40.531+0000] {logging_mixin.py:188} INFO - [2024-05-18T04:45:40.531+0000] {dagbag.py:545} INFO - Filling up the DagBag from /home/ubuntu/chch-fuel-recommendator/airflow/af_env/lib/python3.12/site-packages/airflow/example_dags/example_complex.py
[2024-05-18T04:45:40.556+0000] {processor.py:840} INFO - DAG(s) 'example_complex' retrieved from /home/ubuntu/chch-fuel-recommendator/airflow/af_env/lib/python3.12/site-packages/airflow/example_dags/example_complex.py
[2024-05-18T04:45:40.615+0000] {logging_mixin.py:188} INFO - [2024-05-18T04:45:40.614+0000] {dag.py:3096} INFO - Sync 1 DAGs
[2024-05-18T04:45:40.633+0000] {logging_mixin.py:188} INFO - [2024-05-18T04:45:40.633+0000] {dag.py:3954} INFO - Setting next_dagrun for example_complex to None, run_after=None
[2024-05-18T04:45:40.661+0000] {processor.py:183} INFO - Processing /home/ubuntu/chch-fuel-recommendator/airflow/af_env/lib/python3.12/site-packages/airflow/example_dags/example_complex.py took 0.139 seconds
[2024-05-18T04:46:39.872+0000] {processor.py:161} INFO - Started process (PID=12402) to work on /home/ubuntu/chch-fuel-recommendator/airflow/af_env/lib/python3.12/site-packages/airflow/example_dags/example_complex.py
[2024-05-18T04:46:39.873+0000] {processor.py:830} INFO - Processing file /home/ubuntu/chch-fuel-recommendator/airflow/af_env/lib/python3.12/site-packages/airflow/example_dags/example_complex.py for tasks to queue
[2024-05-18T04:46:39.875+0000] {logging_mixin.py:188} INFO - [2024-05-18T04:46:39.875+0000] {dagbag.py:545} INFO - Filling up the DagBag from /home/ubuntu/chch-fuel-recommendator/airflow/af_env/lib/python3.12/site-packages/airflow/example_dags/example_complex.py
[2024-05-18T04:46:39.890+0000] {processor.py:840} INFO - DAG(s) 'example_complex' retrieved from /home/ubuntu/chch-fuel-recommendator/airflow/af_env/lib/python3.12/site-packages/airflow/example_dags/example_complex.py
[2024-05-18T04:46:39.922+0000] {logging_mixin.py:188} INFO - [2024-05-18T04:46:39.921+0000] {dag.py:3096} INFO - Sync 1 DAGs
[2024-05-18T04:46:39.935+0000] {logging_mixin.py:188} INFO - [2024-05-18T04:46:39.934+0000] {dag.py:3954} INFO - Setting next_dagrun for example_complex to None, run_after=None
[2024-05-18T04:46:39.961+0000] {processor.py:183} INFO - Processing /home/ubuntu/chch-fuel-recommendator/airflow/af_env/lib/python3.12/site-packages/airflow/example_dags/example_complex.py took 0.096 seconds
[2024-05-18T04:47:45.532+0000] {processor.py:161} INFO - Started process (PID=12467) to work on /home/ubuntu/chch-fuel-recommendator/airflow/af_env/lib/python3.12/site-packages/airflow/example_dags/example_complex.py
[2024-05-18T04:47:45.534+0000] {processor.py:830} INFO - Processing file /home/ubuntu/chch-fuel-recommendator/airflow/af_env/lib/python3.12/site-packages/airflow/example_dags/example_complex.py for tasks to queue
[2024-05-18T04:47:45.536+0000] {logging_mixin.py:188} INFO - [2024-05-18T04:47:45.535+0000] {dagbag.py:545} INFO - Filling up the DagBag from /home/ubuntu/chch-fuel-recommendator/airflow/af_env/lib/python3.12/site-packages/airflow/example_dags/example_complex.py
[2024-05-18T04:47:45.547+0000] {processor.py:840} INFO - DAG(s) 'example_complex' retrieved from /home/ubuntu/chch-fuel-recommendator/airflow/af_env/lib/python3.12/site-packages/airflow/example_dags/example_complex.py
[2024-05-18T04:47:45.577+0000] {logging_mixin.py:188} INFO - [2024-05-18T04:47:45.576+0000] {dag.py:3096} INFO - Sync 1 DAGs
[2024-05-18T04:47:45.590+0000] {logging_mixin.py:188} INFO - [2024-05-18T04:47:45.589+0000] {dag.py:3954} INFO - Setting next_dagrun for example_complex to None, run_after=None
[2024-05-18T04:47:45.613+0000] {processor.py:183} INFO - Processing /home/ubuntu/chch-fuel-recommendator/airflow/af_env/lib/python3.12/site-packages/airflow/example_dags/example_complex.py took 0.087 seconds
[2024-05-18T04:48:50.573+0000] {processor.py:161} INFO - Started process (PID=12532) to work on /home/ubuntu/chch-fuel-recommendator/airflow/af_env/lib/python3.12/site-packages/airflow/example_dags/example_complex.py
[2024-05-18T04:48:50.576+0000] {processor.py:830} INFO - Processing file /home/ubuntu/chch-fuel-recommendator/airflow/af_env/lib/python3.12/site-packages/airflow/example_dags/example_complex.py for tasks to queue
[2024-05-18T04:48:50.578+0000] {logging_mixin.py:188} INFO - [2024-05-18T04:48:50.578+0000] {dagbag.py:545} INFO - Filling up the DagBag from /home/ubuntu/chch-fuel-recommendator/airflow/af_env/lib/python3.12/site-packages/airflow/example_dags/example_complex.py
[2024-05-18T04:48:50.590+0000] {processor.py:840} INFO - DAG(s) 'example_complex' retrieved from /home/ubuntu/chch-fuel-recommendator/airflow/af_env/lib/python3.12/site-packages/airflow/example_dags/example_complex.py
[2024-05-18T04:48:50.627+0000] {logging_mixin.py:188} INFO - [2024-05-18T04:48:50.627+0000] {dag.py:3096} INFO - Sync 1 DAGs
[2024-05-18T04:48:50.648+0000] {logging_mixin.py:188} INFO - [2024-05-18T04:48:50.648+0000] {dag.py:3954} INFO - Setting next_dagrun for example_complex to None, run_after=None
[2024-05-18T04:48:50.693+0000] {processor.py:183} INFO - Processing /home/ubuntu/chch-fuel-recommendator/airflow/af_env/lib/python3.12/site-packages/airflow/example_dags/example_complex.py took 0.127 seconds
[2024-05-18T04:49:56.697+0000] {processor.py:161} INFO - Started process (PID=12597) to work on /home/ubuntu/chch-fuel-recommendator/airflow/af_env/lib/python3.12/site-packages/airflow/example_dags/example_complex.py
[2024-05-18T04:49:56.698+0000] {processor.py:830} INFO - Processing file /home/ubuntu/chch-fuel-recommendator/airflow/af_env/lib/python3.12/site-packages/airflow/example_dags/example_complex.py for tasks to queue
[2024-05-18T04:49:56.700+0000] {logging_mixin.py:188} INFO - [2024-05-18T04:49:56.700+0000] {dagbag.py:545} INFO - Filling up the DagBag from /home/ubuntu/chch-fuel-recommendator/airflow/af_env/lib/python3.12/site-packages/airflow/example_dags/example_complex.py
[2024-05-18T04:49:56.714+0000] {processor.py:840} INFO - DAG(s) 'example_complex' retrieved from /home/ubuntu/chch-fuel-recommendator/airflow/af_env/lib/python3.12/site-packages/airflow/example_dags/example_complex.py
[2024-05-18T04:49:56.744+0000] {logging_mixin.py:188} INFO - [2024-05-18T04:49:56.744+0000] {dag.py:3096} INFO - Sync 1 DAGs
[2024-05-18T04:49:56.756+0000] {logging_mixin.py:188} INFO - [2024-05-18T04:49:56.755+0000] {dag.py:3954} INFO - Setting next_dagrun for example_complex to None, run_after=None
[2024-05-18T04:49:56.784+0000] {processor.py:183} INFO - Processing /home/ubuntu/chch-fuel-recommendator/airflow/af_env/lib/python3.12/site-packages/airflow/example_dags/example_complex.py took 0.094 seconds
[2024-05-18T04:51:02.935+0000] {processor.py:161} INFO - Started process (PID=12667) to work on /home/ubuntu/chch-fuel-recommendator/airflow/af_env/lib/python3.12/site-packages/airflow/example_dags/example_complex.py
[2024-05-18T04:51:02.937+0000] {processor.py:830} INFO - Processing file /home/ubuntu/chch-fuel-recommendator/airflow/af_env/lib/python3.12/site-packages/airflow/example_dags/example_complex.py for tasks to queue
[2024-05-18T04:51:02.938+0000] {logging_mixin.py:188} INFO - [2024-05-18T04:51:02.938+0000] {dagbag.py:545} INFO - Filling up the DagBag from /home/ubuntu/chch-fuel-recommendator/airflow/af_env/lib/python3.12/site-packages/airflow/example_dags/example_complex.py
[2024-05-18T04:51:02.948+0000] {processor.py:840} INFO - DAG(s) 'example_complex' retrieved from /home/ubuntu/chch-fuel-recommendator/airflow/af_env/lib/python3.12/site-packages/airflow/example_dags/example_complex.py
[2024-05-18T04:51:02.979+0000] {logging_mixin.py:188} INFO - [2024-05-18T04:51:02.979+0000] {dag.py:3096} INFO - Sync 1 DAGs
[2024-05-18T04:51:02.991+0000] {logging_mixin.py:188} INFO - [2024-05-18T04:51:02.990+0000] {dag.py:3954} INFO - Setting next_dagrun for example_complex to None, run_after=None
[2024-05-18T04:51:03.014+0000] {processor.py:183} INFO - Processing /home/ubuntu/chch-fuel-recommendator/airflow/af_env/lib/python3.12/site-packages/airflow/example_dags/example_complex.py took 0.084 seconds
[2024-05-18T04:52:07.934+0000] {processor.py:161} INFO - Started process (PID=12732) to work on /home/ubuntu/chch-fuel-recommendator/airflow/af_env/lib/python3.12/site-packages/airflow/example_dags/example_complex.py
[2024-05-18T04:52:07.935+0000] {processor.py:830} INFO - Processing file /home/ubuntu/chch-fuel-recommendator/airflow/af_env/lib/python3.12/site-packages/airflow/example_dags/example_complex.py for tasks to queue
[2024-05-18T04:52:07.937+0000] {logging_mixin.py:188} INFO - [2024-05-18T04:52:07.937+0000] {dagbag.py:545} INFO - Filling up the DagBag from /home/ubuntu/chch-fuel-recommendator/airflow/af_env/lib/python3.12/site-packages/airflow/example_dags/example_complex.py
[2024-05-18T04:52:07.952+0000] {processor.py:840} INFO - DAG(s) 'example_complex' retrieved from /home/ubuntu/chch-fuel-recommendator/airflow/af_env/lib/python3.12/site-packages/airflow/example_dags/example_complex.py
[2024-05-18T04:52:07.988+0000] {logging_mixin.py:188} INFO - [2024-05-18T04:52:07.987+0000] {dag.py:3096} INFO - Sync 1 DAGs
[2024-05-18T04:52:08.002+0000] {logging_mixin.py:188} INFO - [2024-05-18T04:52:08.002+0000] {dag.py:3954} INFO - Setting next_dagrun for example_complex to None, run_after=None
[2024-05-18T04:52:08.030+0000] {processor.py:183} INFO - Processing /home/ubuntu/chch-fuel-recommendator/airflow/af_env/lib/python3.12/site-packages/airflow/example_dags/example_complex.py took 0.103 seconds
[2024-05-18T04:52:58.669+0000] {processor.py:161} INFO - Started process (PID=12781) to work on /home/ubuntu/chch-fuel-recommendator/airflow/af_env/lib/python3.12/site-packages/airflow/example_dags/example_complex.py
[2024-05-18T04:52:58.671+0000] {processor.py:830} INFO - Processing file /home/ubuntu/chch-fuel-recommendator/airflow/af_env/lib/python3.12/site-packages/airflow/example_dags/example_complex.py for tasks to queue
[2024-05-18T04:52:58.672+0000] {logging_mixin.py:188} INFO - [2024-05-18T04:52:58.672+0000] {dagbag.py:545} INFO - Filling up the DagBag from /home/ubuntu/chch-fuel-recommendator/airflow/af_env/lib/python3.12/site-packages/airflow/example_dags/example_complex.py
[2024-05-18T04:52:58.682+0000] {processor.py:840} INFO - DAG(s) 'example_complex' retrieved from /home/ubuntu/chch-fuel-recommendator/airflow/af_env/lib/python3.12/site-packages/airflow/example_dags/example_complex.py
[2024-05-18T04:52:58.713+0000] {logging_mixin.py:188} INFO - [2024-05-18T04:52:58.713+0000] {dag.py:3096} INFO - Sync 1 DAGs
[2024-05-18T04:52:58.727+0000] {logging_mixin.py:188} INFO - [2024-05-18T04:52:58.727+0000] {dag.py:3954} INFO - Setting next_dagrun for example_complex to None, run_after=None
[2024-05-18T04:52:58.752+0000] {processor.py:183} INFO - Processing /home/ubuntu/chch-fuel-recommendator/airflow/af_env/lib/python3.12/site-packages/airflow/example_dags/example_complex.py took 0.090 seconds
[2024-05-18T05:32:19.132+0000] {processor.py:161} INFO - Started process (PID=15099) to work on /home/ubuntu/airflow/airflow_env/lib/python3.12/site-packages/airflow/example_dags/example_complex.py
[2024-05-18T05:32:19.134+0000] {processor.py:830} INFO - Processing file /home/ubuntu/airflow/airflow_env/lib/python3.12/site-packages/airflow/example_dags/example_complex.py for tasks to queue
[2024-05-18T05:32:19.136+0000] {logging_mixin.py:188} INFO - [2024-05-18T05:32:19.136+0000] {dagbag.py:545} INFO - Filling up the DagBag from /home/ubuntu/airflow/airflow_env/lib/python3.12/site-packages/airflow/example_dags/example_complex.py
[2024-05-18T05:32:19.156+0000] {processor.py:840} INFO - DAG(s) 'example_complex' retrieved from /home/ubuntu/airflow/airflow_env/lib/python3.12/site-packages/airflow/example_dags/example_complex.py
[2024-05-18T05:32:19.373+0000] {logging_mixin.py:188} INFO - [2024-05-18T05:32:19.373+0000] {dag.py:3096} INFO - Sync 1 DAGs
[2024-05-18T05:32:19.396+0000] {logging_mixin.py:188} INFO - [2024-05-18T05:32:19.395+0000] {dag.py:3954} INFO - Setting next_dagrun for example_complex to None, run_after=None
[2024-05-18T05:32:19.439+0000] {processor.py:183} INFO - Processing /home/ubuntu/airflow/airflow_env/lib/python3.12/site-packages/airflow/example_dags/example_complex.py took 0.314 seconds
[2024-05-18T05:32:50.247+0000] {processor.py:161} INFO - Started process (PID=15153) to work on /home/ubuntu/airflow/airflow_env/lib/python3.12/site-packages/airflow/example_dags/example_complex.py
[2024-05-18T05:32:50.249+0000] {processor.py:830} INFO - Processing file /home/ubuntu/airflow/airflow_env/lib/python3.12/site-packages/airflow/example_dags/example_complex.py for tasks to queue
[2024-05-18T05:32:50.251+0000] {logging_mixin.py:188} INFO - [2024-05-18T05:32:50.250+0000] {dagbag.py:545} INFO - Filling up the DagBag from /home/ubuntu/airflow/airflow_env/lib/python3.12/site-packages/airflow/example_dags/example_complex.py
[2024-05-18T05:32:50.269+0000] {processor.py:840} INFO - DAG(s) 'example_complex' retrieved from /home/ubuntu/airflow/airflow_env/lib/python3.12/site-packages/airflow/example_dags/example_complex.py
[2024-05-18T05:32:50.345+0000] {logging_mixin.py:188} INFO - [2024-05-18T05:32:50.344+0000] {dag.py:3096} INFO - Sync 1 DAGs
[2024-05-18T05:32:50.382+0000] {logging_mixin.py:188} INFO - [2024-05-18T05:32:50.381+0000] {dag.py:3954} INFO - Setting next_dagrun for example_complex to None, run_after=None
[2024-05-18T05:32:50.411+0000] {processor.py:183} INFO - Processing /home/ubuntu/airflow/airflow_env/lib/python3.12/site-packages/airflow/example_dags/example_complex.py took 0.173 seconds
[2024-05-18T05:33:20.640+0000] {processor.py:161} INFO - Started process (PID=15207) to work on /home/ubuntu/airflow/airflow_env/lib/python3.12/site-packages/airflow/example_dags/example_complex.py
[2024-05-18T05:33:20.642+0000] {processor.py:830} INFO - Processing file /home/ubuntu/airflow/airflow_env/lib/python3.12/site-packages/airflow/example_dags/example_complex.py for tasks to queue
[2024-05-18T05:33:20.644+0000] {logging_mixin.py:188} INFO - [2024-05-18T05:33:20.644+0000] {dagbag.py:545} INFO - Filling up the DagBag from /home/ubuntu/airflow/airflow_env/lib/python3.12/site-packages/airflow/example_dags/example_complex.py
[2024-05-18T05:33:20.664+0000] {processor.py:840} INFO - DAG(s) 'example_complex' retrieved from /home/ubuntu/airflow/airflow_env/lib/python3.12/site-packages/airflow/example_dags/example_complex.py
[2024-05-18T05:33:20.753+0000] {logging_mixin.py:188} INFO - [2024-05-18T05:33:20.752+0000] {dag.py:3096} INFO - Sync 1 DAGs
[2024-05-18T05:33:20.771+0000] {logging_mixin.py:188} INFO - [2024-05-18T05:33:20.771+0000] {dag.py:3954} INFO - Setting next_dagrun for example_complex to None, run_after=None
[2024-05-18T05:33:20.800+0000] {processor.py:183} INFO - Processing /home/ubuntu/airflow/airflow_env/lib/python3.12/site-packages/airflow/example_dags/example_complex.py took 0.168 seconds
[2024-05-18T05:33:50.933+0000] {processor.py:161} INFO - Started process (PID=15259) to work on /home/ubuntu/airflow/airflow_env/lib/python3.12/site-packages/airflow/example_dags/example_complex.py
[2024-05-18T05:33:50.934+0000] {processor.py:830} INFO - Processing file /home/ubuntu/airflow/airflow_env/lib/python3.12/site-packages/airflow/example_dags/example_complex.py for tasks to queue
[2024-05-18T05:33:50.936+0000] {logging_mixin.py:188} INFO - [2024-05-18T05:33:50.936+0000] {dagbag.py:545} INFO - Filling up the DagBag from /home/ubuntu/airflow/airflow_env/lib/python3.12/site-packages/airflow/example_dags/example_complex.py
[2024-05-18T05:33:50.951+0000] {processor.py:840} INFO - DAG(s) 'example_complex' retrieved from /home/ubuntu/airflow/airflow_env/lib/python3.12/site-packages/airflow/example_dags/example_complex.py
[2024-05-18T05:33:51.037+0000] {logging_mixin.py:188} INFO - [2024-05-18T05:33:51.037+0000] {dag.py:3096} INFO - Sync 1 DAGs
[2024-05-18T05:33:51.059+0000] {logging_mixin.py:188} INFO - [2024-05-18T05:33:51.059+0000] {dag.py:3954} INFO - Setting next_dagrun for example_complex to None, run_after=None
[2024-05-18T05:33:51.086+0000] {processor.py:183} INFO - Processing /home/ubuntu/airflow/airflow_env/lib/python3.12/site-packages/airflow/example_dags/example_complex.py took 0.160 seconds
[2024-05-18T05:34:21.608+0000] {processor.py:161} INFO - Started process (PID=15310) to work on /home/ubuntu/airflow/airflow_env/lib/python3.12/site-packages/airflow/example_dags/example_complex.py
[2024-05-18T05:34:21.610+0000] {processor.py:830} INFO - Processing file /home/ubuntu/airflow/airflow_env/lib/python3.12/site-packages/airflow/example_dags/example_complex.py for tasks to queue
[2024-05-18T05:34:21.613+0000] {logging_mixin.py:188} INFO - [2024-05-18T05:34:21.612+0000] {dagbag.py:545} INFO - Filling up the DagBag from /home/ubuntu/airflow/airflow_env/lib/python3.12/site-packages/airflow/example_dags/example_complex.py
[2024-05-18T05:34:21.629+0000] {processor.py:840} INFO - DAG(s) 'example_complex' retrieved from /home/ubuntu/airflow/airflow_env/lib/python3.12/site-packages/airflow/example_dags/example_complex.py
[2024-05-18T05:34:21.710+0000] {logging_mixin.py:188} INFO - [2024-05-18T05:34:21.710+0000] {dag.py:3096} INFO - Sync 1 DAGs
[2024-05-18T05:34:21.732+0000] {logging_mixin.py:188} INFO - [2024-05-18T05:34:21.732+0000] {dag.py:3954} INFO - Setting next_dagrun for example_complex to None, run_after=None
[2024-05-18T05:34:21.766+0000] {processor.py:183} INFO - Processing /home/ubuntu/airflow/airflow_env/lib/python3.12/site-packages/airflow/example_dags/example_complex.py took 0.169 seconds
[2024-05-18T05:34:51.806+0000] {processor.py:161} INFO - Started process (PID=15360) to work on /home/ubuntu/airflow/airflow_env/lib/python3.12/site-packages/airflow/example_dags/example_complex.py
[2024-05-18T05:34:51.808+0000] {processor.py:830} INFO - Processing file /home/ubuntu/airflow/airflow_env/lib/python3.12/site-packages/airflow/example_dags/example_complex.py for tasks to queue
[2024-05-18T05:34:51.810+0000] {logging_mixin.py:188} INFO - [2024-05-18T05:34:51.810+0000] {dagbag.py:545} INFO - Filling up the DagBag from /home/ubuntu/airflow/airflow_env/lib/python3.12/site-packages/airflow/example_dags/example_complex.py
[2024-05-18T05:34:51.827+0000] {processor.py:840} INFO - DAG(s) 'example_complex' retrieved from /home/ubuntu/airflow/airflow_env/lib/python3.12/site-packages/airflow/example_dags/example_complex.py
[2024-05-18T05:34:51.892+0000] {logging_mixin.py:188} INFO - [2024-05-18T05:34:51.891+0000] {dag.py:3096} INFO - Sync 1 DAGs
[2024-05-18T05:34:51.906+0000] {logging_mixin.py:188} INFO - [2024-05-18T05:34:51.906+0000] {dag.py:3954} INFO - Setting next_dagrun for example_complex to None, run_after=None
[2024-05-18T05:34:51.933+0000] {processor.py:183} INFO - Processing /home/ubuntu/airflow/airflow_env/lib/python3.12/site-packages/airflow/example_dags/example_complex.py took 0.135 seconds
[2024-05-18T05:35:22.162+0000] {processor.py:161} INFO - Started process (PID=15414) to work on /home/ubuntu/airflow/airflow_env/lib/python3.12/site-packages/airflow/example_dags/example_complex.py
[2024-05-18T05:35:22.163+0000] {processor.py:830} INFO - Processing file /home/ubuntu/airflow/airflow_env/lib/python3.12/site-packages/airflow/example_dags/example_complex.py for tasks to queue
[2024-05-18T05:35:22.165+0000] {logging_mixin.py:188} INFO - [2024-05-18T05:35:22.165+0000] {dagbag.py:545} INFO - Filling up the DagBag from /home/ubuntu/airflow/airflow_env/lib/python3.12/site-packages/airflow/example_dags/example_complex.py
[2024-05-18T05:35:22.177+0000] {processor.py:840} INFO - DAG(s) 'example_complex' retrieved from /home/ubuntu/airflow/airflow_env/lib/python3.12/site-packages/airflow/example_dags/example_complex.py
[2024-05-18T05:35:22.253+0000] {logging_mixin.py:188} INFO - [2024-05-18T05:35:22.252+0000] {dag.py:3096} INFO - Sync 1 DAGs
[2024-05-18T05:35:22.267+0000] {logging_mixin.py:188} INFO - [2024-05-18T05:35:22.266+0000] {dag.py:3954} INFO - Setting next_dagrun for example_complex to None, run_after=None
[2024-05-18T05:35:22.301+0000] {processor.py:183} INFO - Processing /home/ubuntu/airflow/airflow_env/lib/python3.12/site-packages/airflow/example_dags/example_complex.py took 0.148 seconds
[2024-05-18T05:35:52.810+0000] {processor.py:161} INFO - Started process (PID=15466) to work on /home/ubuntu/airflow/airflow_env/lib/python3.12/site-packages/airflow/example_dags/example_complex.py
[2024-05-18T05:35:52.819+0000] {processor.py:830} INFO - Processing file /home/ubuntu/airflow/airflow_env/lib/python3.12/site-packages/airflow/example_dags/example_complex.py for tasks to queue
[2024-05-18T05:35:52.828+0000] {logging_mixin.py:188} INFO - [2024-05-18T05:35:52.827+0000] {dagbag.py:545} INFO - Filling up the DagBag from /home/ubuntu/airflow/airflow_env/lib/python3.12/site-packages/airflow/example_dags/example_complex.py
[2024-05-18T05:35:52.851+0000] {processor.py:840} INFO - DAG(s) 'example_complex' retrieved from /home/ubuntu/airflow/airflow_env/lib/python3.12/site-packages/airflow/example_dags/example_complex.py
[2024-05-18T05:35:52.935+0000] {logging_mixin.py:188} INFO - [2024-05-18T05:35:52.935+0000] {dag.py:3096} INFO - Sync 1 DAGs
[2024-05-18T05:35:52.956+0000] {logging_mixin.py:188} INFO - [2024-05-18T05:35:52.955+0000] {dag.py:3954} INFO - Setting next_dagrun for example_complex to None, run_after=None
[2024-05-18T05:35:53.003+0000] {processor.py:183} INFO - Processing /home/ubuntu/airflow/airflow_env/lib/python3.12/site-packages/airflow/example_dags/example_complex.py took 0.202 seconds
[2024-05-18T05:36:23.505+0000] {processor.py:161} INFO - Started process (PID=15516) to work on /home/ubuntu/airflow/airflow_env/lib/python3.12/site-packages/airflow/example_dags/example_complex.py
[2024-05-18T05:36:23.506+0000] {processor.py:830} INFO - Processing file /home/ubuntu/airflow/airflow_env/lib/python3.12/site-packages/airflow/example_dags/example_complex.py for tasks to queue
[2024-05-18T05:36:23.508+0000] {logging_mixin.py:188} INFO - [2024-05-18T05:36:23.507+0000] {dagbag.py:545} INFO - Filling up the DagBag from /home/ubuntu/airflow/airflow_env/lib/python3.12/site-packages/airflow/example_dags/example_complex.py
[2024-05-18T05:36:23.527+0000] {processor.py:840} INFO - DAG(s) 'example_complex' retrieved from /home/ubuntu/airflow/airflow_env/lib/python3.12/site-packages/airflow/example_dags/example_complex.py
[2024-05-18T05:36:23.593+0000] {logging_mixin.py:188} INFO - [2024-05-18T05:36:23.593+0000] {dag.py:3096} INFO - Sync 1 DAGs
[2024-05-18T05:36:23.613+0000] {logging_mixin.py:188} INFO - [2024-05-18T05:36:23.612+0000] {dag.py:3954} INFO - Setting next_dagrun for example_complex to None, run_after=None
[2024-05-18T05:36:23.643+0000] {processor.py:183} INFO - Processing /home/ubuntu/airflow/airflow_env/lib/python3.12/site-packages/airflow/example_dags/example_complex.py took 0.147 seconds
[2024-05-18T05:36:54.317+0000] {processor.py:161} INFO - Started process (PID=15567) to work on /home/ubuntu/airflow/airflow_env/lib/python3.12/site-packages/airflow/example_dags/example_complex.py
[2024-05-18T05:36:54.318+0000] {processor.py:830} INFO - Processing file /home/ubuntu/airflow/airflow_env/lib/python3.12/site-packages/airflow/example_dags/example_complex.py for tasks to queue
[2024-05-18T05:36:54.321+0000] {logging_mixin.py:188} INFO - [2024-05-18T05:36:54.321+0000] {dagbag.py:545} INFO - Filling up the DagBag from /home/ubuntu/airflow/airflow_env/lib/python3.12/site-packages/airflow/example_dags/example_complex.py
[2024-05-18T05:36:54.351+0000] {processor.py:840} INFO - DAG(s) 'example_complex' retrieved from /home/ubuntu/airflow/airflow_env/lib/python3.12/site-packages/airflow/example_dags/example_complex.py
[2024-05-18T05:36:54.432+0000] {logging_mixin.py:188} INFO - [2024-05-18T05:36:54.432+0000] {dag.py:3096} INFO - Sync 1 DAGs
[2024-05-18T05:36:54.456+0000] {logging_mixin.py:188} INFO - [2024-05-18T05:36:54.455+0000] {dag.py:3954} INFO - Setting next_dagrun for example_complex to None, run_after=None
[2024-05-18T05:36:54.505+0000] {processor.py:183} INFO - Processing /home/ubuntu/airflow/airflow_env/lib/python3.12/site-packages/airflow/example_dags/example_complex.py took 0.197 seconds
[2024-05-18T05:37:25.540+0000] {processor.py:161} INFO - Started process (PID=15619) to work on /home/ubuntu/airflow/airflow_env/lib/python3.12/site-packages/airflow/example_dags/example_complex.py
[2024-05-18T05:37:25.541+0000] {processor.py:830} INFO - Processing file /home/ubuntu/airflow/airflow_env/lib/python3.12/site-packages/airflow/example_dags/example_complex.py for tasks to queue
[2024-05-18T05:37:25.544+0000] {logging_mixin.py:188} INFO - [2024-05-18T05:37:25.543+0000] {dagbag.py:545} INFO - Filling up the DagBag from /home/ubuntu/airflow/airflow_env/lib/python3.12/site-packages/airflow/example_dags/example_complex.py
[2024-05-18T05:37:25.560+0000] {processor.py:840} INFO - DAG(s) 'example_complex' retrieved from /home/ubuntu/airflow/airflow_env/lib/python3.12/site-packages/airflow/example_dags/example_complex.py
[2024-05-18T05:37:25.670+0000] {logging_mixin.py:188} INFO - [2024-05-18T05:37:25.670+0000] {dag.py:3096} INFO - Sync 1 DAGs
[2024-05-18T05:37:25.697+0000] {logging_mixin.py:188} INFO - [2024-05-18T05:37:25.697+0000] {dag.py:3954} INFO - Setting next_dagrun for example_complex to None, run_after=None
[2024-05-18T05:37:25.750+0000] {processor.py:183} INFO - Processing /home/ubuntu/airflow/airflow_env/lib/python3.12/site-packages/airflow/example_dags/example_complex.py took 0.221 seconds
[2024-05-18T05:37:55.828+0000] {processor.py:161} INFO - Started process (PID=15670) to work on /home/ubuntu/airflow/airflow_env/lib/python3.12/site-packages/airflow/example_dags/example_complex.py
[2024-05-18T05:37:55.829+0000] {processor.py:830} INFO - Processing file /home/ubuntu/airflow/airflow_env/lib/python3.12/site-packages/airflow/example_dags/example_complex.py for tasks to queue
[2024-05-18T05:37:55.832+0000] {logging_mixin.py:188} INFO - [2024-05-18T05:37:55.831+0000] {dagbag.py:545} INFO - Filling up the DagBag from /home/ubuntu/airflow/airflow_env/lib/python3.12/site-packages/airflow/example_dags/example_complex.py
[2024-05-18T05:37:55.845+0000] {processor.py:840} INFO - DAG(s) 'example_complex' retrieved from /home/ubuntu/airflow/airflow_env/lib/python3.12/site-packages/airflow/example_dags/example_complex.py
[2024-05-18T05:37:55.920+0000] {logging_mixin.py:188} INFO - [2024-05-18T05:37:55.920+0000] {dag.py:3096} INFO - Sync 1 DAGs
[2024-05-18T05:37:55.936+0000] {logging_mixin.py:188} INFO - [2024-05-18T05:37:55.935+0000] {dag.py:3954} INFO - Setting next_dagrun for example_complex to None, run_after=None
[2024-05-18T05:37:55.960+0000] {processor.py:183} INFO - Processing /home/ubuntu/airflow/airflow_env/lib/python3.12/site-packages/airflow/example_dags/example_complex.py took 0.142 seconds
[2024-05-18T05:38:27.011+0000] {processor.py:161} INFO - Started process (PID=15721) to work on /home/ubuntu/airflow/airflow_env/lib/python3.12/site-packages/airflow/example_dags/example_complex.py
[2024-05-18T05:38:27.013+0000] {processor.py:830} INFO - Processing file /home/ubuntu/airflow/airflow_env/lib/python3.12/site-packages/airflow/example_dags/example_complex.py for tasks to queue
[2024-05-18T05:38:27.017+0000] {logging_mixin.py:188} INFO - [2024-05-18T05:38:27.017+0000] {dagbag.py:545} INFO - Filling up the DagBag from /home/ubuntu/airflow/airflow_env/lib/python3.12/site-packages/airflow/example_dags/example_complex.py
[2024-05-18T05:38:27.033+0000] {processor.py:840} INFO - DAG(s) 'example_complex' retrieved from /home/ubuntu/airflow/airflow_env/lib/python3.12/site-packages/airflow/example_dags/example_complex.py
[2024-05-18T05:38:27.118+0000] {logging_mixin.py:188} INFO - [2024-05-18T05:38:27.118+0000] {dag.py:3096} INFO - Sync 1 DAGs
[2024-05-18T05:38:27.140+0000] {logging_mixin.py:188} INFO - [2024-05-18T05:38:27.139+0000] {dag.py:3954} INFO - Setting next_dagrun for example_complex to None, run_after=None
[2024-05-18T05:38:27.183+0000] {processor.py:183} INFO - Processing /home/ubuntu/airflow/airflow_env/lib/python3.12/site-packages/airflow/example_dags/example_complex.py took 0.181 seconds
[2024-05-18T05:38:57.374+0000] {processor.py:161} INFO - Started process (PID=15772) to work on /home/ubuntu/airflow/airflow_env/lib/python3.12/site-packages/airflow/example_dags/example_complex.py
[2024-05-18T05:38:57.375+0000] {processor.py:830} INFO - Processing file /home/ubuntu/airflow/airflow_env/lib/python3.12/site-packages/airflow/example_dags/example_complex.py for tasks to queue
[2024-05-18T05:38:57.377+0000] {logging_mixin.py:188} INFO - [2024-05-18T05:38:57.377+0000] {dagbag.py:545} INFO - Filling up the DagBag from /home/ubuntu/airflow/airflow_env/lib/python3.12/site-packages/airflow/example_dags/example_complex.py
[2024-05-18T05:38:57.391+0000] {processor.py:840} INFO - DAG(s) 'example_complex' retrieved from /home/ubuntu/airflow/airflow_env/lib/python3.12/site-packages/airflow/example_dags/example_complex.py
[2024-05-18T05:38:57.462+0000] {logging_mixin.py:188} INFO - [2024-05-18T05:38:57.462+0000] {dag.py:3096} INFO - Sync 1 DAGs
[2024-05-18T05:38:57.487+0000] {logging_mixin.py:188} INFO - [2024-05-18T05:38:57.486+0000] {dag.py:3954} INFO - Setting next_dagrun for example_complex to None, run_after=None
[2024-05-18T05:38:57.525+0000] {processor.py:183} INFO - Processing /home/ubuntu/airflow/airflow_env/lib/python3.12/site-packages/airflow/example_dags/example_complex.py took 0.158 seconds
[2024-05-18T05:39:28.425+0000] {processor.py:161} INFO - Started process (PID=15824) to work on /home/ubuntu/airflow/airflow_env/lib/python3.12/site-packages/airflow/example_dags/example_complex.py
[2024-05-18T05:39:28.426+0000] {processor.py:830} INFO - Processing file /home/ubuntu/airflow/airflow_env/lib/python3.12/site-packages/airflow/example_dags/example_complex.py for tasks to queue
[2024-05-18T05:39:28.429+0000] {logging_mixin.py:188} INFO - [2024-05-18T05:39:28.428+0000] {dagbag.py:545} INFO - Filling up the DagBag from /home/ubuntu/airflow/airflow_env/lib/python3.12/site-packages/airflow/example_dags/example_complex.py
[2024-05-18T05:39:28.445+0000] {processor.py:840} INFO - DAG(s) 'example_complex' retrieved from /home/ubuntu/airflow/airflow_env/lib/python3.12/site-packages/airflow/example_dags/example_complex.py
[2024-05-18T05:39:28.549+0000] {logging_mixin.py:188} INFO - [2024-05-18T05:39:28.549+0000] {dag.py:3096} INFO - Sync 1 DAGs
[2024-05-18T05:39:28.566+0000] {logging_mixin.py:188} INFO - [2024-05-18T05:39:28.566+0000] {dag.py:3954} INFO - Setting next_dagrun for example_complex to None, run_after=None
[2024-05-18T05:39:28.591+0000] {processor.py:183} INFO - Processing /home/ubuntu/airflow/airflow_env/lib/python3.12/site-packages/airflow/example_dags/example_complex.py took 0.174 seconds
[2024-05-18T05:39:59.083+0000] {processor.py:161} INFO - Started process (PID=15875) to work on /home/ubuntu/airflow/airflow_env/lib/python3.12/site-packages/airflow/example_dags/example_complex.py
[2024-05-18T05:39:59.085+0000] {processor.py:830} INFO - Processing file /home/ubuntu/airflow/airflow_env/lib/python3.12/site-packages/airflow/example_dags/example_complex.py for tasks to queue
[2024-05-18T05:39:59.086+0000] {logging_mixin.py:188} INFO - [2024-05-18T05:39:59.086+0000] {dagbag.py:545} INFO - Filling up the DagBag from /home/ubuntu/airflow/airflow_env/lib/python3.12/site-packages/airflow/example_dags/example_complex.py
[2024-05-18T05:39:59.109+0000] {processor.py:840} INFO - DAG(s) 'example_complex' retrieved from /home/ubuntu/airflow/airflow_env/lib/python3.12/site-packages/airflow/example_dags/example_complex.py
[2024-05-18T05:39:59.206+0000] {logging_mixin.py:188} INFO - [2024-05-18T05:39:59.205+0000] {dag.py:3096} INFO - Sync 1 DAGs
[2024-05-18T05:39:59.229+0000] {logging_mixin.py:188} INFO - [2024-05-18T05:39:59.228+0000] {dag.py:3954} INFO - Setting next_dagrun for example_complex to None, run_after=None
[2024-05-18T05:39:59.268+0000] {processor.py:183} INFO - Processing /home/ubuntu/airflow/airflow_env/lib/python3.12/site-packages/airflow/example_dags/example_complex.py took 0.198 seconds
[2024-05-18T05:40:29.541+0000] {processor.py:161} INFO - Started process (PID=16210) to work on /home/ubuntu/airflow/airflow_env/lib/python3.12/site-packages/airflow/example_dags/example_complex.py
[2024-05-18T05:40:29.543+0000] {processor.py:830} INFO - Processing file /home/ubuntu/airflow/airflow_env/lib/python3.12/site-packages/airflow/example_dags/example_complex.py for tasks to queue
[2024-05-18T05:40:29.545+0000] {logging_mixin.py:188} INFO - [2024-05-18T05:40:29.544+0000] {dagbag.py:545} INFO - Filling up the DagBag from /home/ubuntu/airflow/airflow_env/lib/python3.12/site-packages/airflow/example_dags/example_complex.py
[2024-05-18T05:40:29.556+0000] {processor.py:840} INFO - DAG(s) 'example_complex' retrieved from /home/ubuntu/airflow/airflow_env/lib/python3.12/site-packages/airflow/example_dags/example_complex.py
[2024-05-18T05:40:29.630+0000] {logging_mixin.py:188} INFO - [2024-05-18T05:40:29.630+0000] {dag.py:3096} INFO - Sync 1 DAGs
[2024-05-18T05:40:29.650+0000] {logging_mixin.py:188} INFO - [2024-05-18T05:40:29.649+0000] {dag.py:3954} INFO - Setting next_dagrun for example_complex to None, run_after=None
[2024-05-18T05:40:29.684+0000] {processor.py:183} INFO - Processing /home/ubuntu/airflow/airflow_env/lib/python3.12/site-packages/airflow/example_dags/example_complex.py took 0.151 seconds
[2024-05-18T05:41:00.977+0000] {processor.py:161} INFO - Started process (PID=16263) to work on /home/ubuntu/airflow/airflow_env/lib/python3.12/site-packages/airflow/example_dags/example_complex.py
[2024-05-18T05:41:00.978+0000] {processor.py:830} INFO - Processing file /home/ubuntu/airflow/airflow_env/lib/python3.12/site-packages/airflow/example_dags/example_complex.py for tasks to queue
[2024-05-18T05:41:00.980+0000] {logging_mixin.py:188} INFO - [2024-05-18T05:41:00.979+0000] {dagbag.py:545} INFO - Filling up the DagBag from /home/ubuntu/airflow/airflow_env/lib/python3.12/site-packages/airflow/example_dags/example_complex.py
[2024-05-18T05:41:00.993+0000] {processor.py:840} INFO - DAG(s) 'example_complex' retrieved from /home/ubuntu/airflow/airflow_env/lib/python3.12/site-packages/airflow/example_dags/example_complex.py
[2024-05-18T05:41:01.066+0000] {logging_mixin.py:188} INFO - [2024-05-18T05:41:01.062+0000] {dag.py:3096} INFO - Sync 1 DAGs
[2024-05-18T05:41:01.085+0000] {logging_mixin.py:188} INFO - [2024-05-18T05:41:01.085+0000] {dag.py:3954} INFO - Setting next_dagrun for example_complex to None, run_after=None
[2024-05-18T05:41:01.164+0000] {processor.py:183} INFO - Processing /home/ubuntu/airflow/airflow_env/lib/python3.12/site-packages/airflow/example_dags/example_complex.py took 0.195 seconds
[2024-05-18T05:41:31.540+0000] {processor.py:161} INFO - Started process (PID=16315) to work on /home/ubuntu/airflow/airflow_env/lib/python3.12/site-packages/airflow/example_dags/example_complex.py
[2024-05-18T05:41:31.542+0000] {processor.py:830} INFO - Processing file /home/ubuntu/airflow/airflow_env/lib/python3.12/site-packages/airflow/example_dags/example_complex.py for tasks to queue
[2024-05-18T05:41:31.544+0000] {logging_mixin.py:188} INFO - [2024-05-18T05:41:31.544+0000] {dagbag.py:545} INFO - Filling up the DagBag from /home/ubuntu/airflow/airflow_env/lib/python3.12/site-packages/airflow/example_dags/example_complex.py
[2024-05-18T05:41:31.561+0000] {processor.py:840} INFO - DAG(s) 'example_complex' retrieved from /home/ubuntu/airflow/airflow_env/lib/python3.12/site-packages/airflow/example_dags/example_complex.py
[2024-05-18T05:41:31.656+0000] {logging_mixin.py:188} INFO - [2024-05-18T05:41:31.656+0000] {dag.py:3096} INFO - Sync 1 DAGs
[2024-05-18T05:41:31.683+0000] {logging_mixin.py:188} INFO - [2024-05-18T05:41:31.682+0000] {dag.py:3954} INFO - Setting next_dagrun for example_complex to None, run_after=None
[2024-05-18T05:41:31.717+0000] {processor.py:183} INFO - Processing /home/ubuntu/airflow/airflow_env/lib/python3.12/site-packages/airflow/example_dags/example_complex.py took 0.187 seconds
[2024-05-18T05:42:02.954+0000] {processor.py:161} INFO - Started process (PID=16367) to work on /home/ubuntu/airflow/airflow_env/lib/python3.12/site-packages/airflow/example_dags/example_complex.py
[2024-05-18T05:42:02.956+0000] {processor.py:830} INFO - Processing file /home/ubuntu/airflow/airflow_env/lib/python3.12/site-packages/airflow/example_dags/example_complex.py for tasks to queue
[2024-05-18T05:42:02.958+0000] {logging_mixin.py:188} INFO - [2024-05-18T05:42:02.958+0000] {dagbag.py:545} INFO - Filling up the DagBag from /home/ubuntu/airflow/airflow_env/lib/python3.12/site-packages/airflow/example_dags/example_complex.py
[2024-05-18T05:42:02.974+0000] {processor.py:840} INFO - DAG(s) 'example_complex' retrieved from /home/ubuntu/airflow/airflow_env/lib/python3.12/site-packages/airflow/example_dags/example_complex.py
[2024-05-18T05:42:03.060+0000] {logging_mixin.py:188} INFO - [2024-05-18T05:42:03.060+0000] {dag.py:3096} INFO - Sync 1 DAGs
[2024-05-18T05:42:03.078+0000] {logging_mixin.py:188} INFO - [2024-05-18T05:42:03.078+0000] {dag.py:3954} INFO - Setting next_dagrun for example_complex to None, run_after=None
[2024-05-18T05:42:03.120+0000] {processor.py:183} INFO - Processing /home/ubuntu/airflow/airflow_env/lib/python3.12/site-packages/airflow/example_dags/example_complex.py took 0.174 seconds
[2024-05-18T05:42:33.999+0000] {processor.py:161} INFO - Started process (PID=16418) to work on /home/ubuntu/airflow/airflow_env/lib/python3.12/site-packages/airflow/example_dags/example_complex.py
[2024-05-18T05:42:34.001+0000] {processor.py:830} INFO - Processing file /home/ubuntu/airflow/airflow_env/lib/python3.12/site-packages/airflow/example_dags/example_complex.py for tasks to queue
[2024-05-18T05:42:34.003+0000] {logging_mixin.py:188} INFO - [2024-05-18T05:42:34.003+0000] {dagbag.py:545} INFO - Filling up the DagBag from /home/ubuntu/airflow/airflow_env/lib/python3.12/site-packages/airflow/example_dags/example_complex.py
[2024-05-18T05:42:34.019+0000] {processor.py:840} INFO - DAG(s) 'example_complex' retrieved from /home/ubuntu/airflow/airflow_env/lib/python3.12/site-packages/airflow/example_dags/example_complex.py
[2024-05-18T05:42:34.086+0000] {logging_mixin.py:188} INFO - [2024-05-18T05:42:34.085+0000] {dag.py:3096} INFO - Sync 1 DAGs
[2024-05-18T05:42:34.104+0000] {logging_mixin.py:188} INFO - [2024-05-18T05:42:34.104+0000] {dag.py:3954} INFO - Setting next_dagrun for example_complex to None, run_after=None
[2024-05-18T05:42:34.128+0000] {processor.py:183} INFO - Processing /home/ubuntu/airflow/airflow_env/lib/python3.12/site-packages/airflow/example_dags/example_complex.py took 0.136 seconds
[2024-05-18T05:43:05.019+0000] {processor.py:161} INFO - Started process (PID=16498) to work on /home/ubuntu/airflow/airflow_env/lib/python3.12/site-packages/airflow/example_dags/example_complex.py
[2024-05-18T05:43:05.020+0000] {processor.py:830} INFO - Processing file /home/ubuntu/airflow/airflow_env/lib/python3.12/site-packages/airflow/example_dags/example_complex.py for tasks to queue
[2024-05-18T05:43:05.022+0000] {logging_mixin.py:188} INFO - [2024-05-18T05:43:05.022+0000] {dagbag.py:545} INFO - Filling up the DagBag from /home/ubuntu/airflow/airflow_env/lib/python3.12/site-packages/airflow/example_dags/example_complex.py
[2024-05-18T05:43:05.038+0000] {processor.py:840} INFO - DAG(s) 'example_complex' retrieved from /home/ubuntu/airflow/airflow_env/lib/python3.12/site-packages/airflow/example_dags/example_complex.py
[2024-05-18T05:43:05.137+0000] {logging_mixin.py:188} INFO - [2024-05-18T05:43:05.135+0000] {dag.py:3096} INFO - Sync 1 DAGs
[2024-05-18T05:43:05.165+0000] {logging_mixin.py:188} INFO - [2024-05-18T05:43:05.164+0000] {dag.py:3954} INFO - Setting next_dagrun for example_complex to None, run_after=None
[2024-05-18T05:43:05.198+0000] {processor.py:183} INFO - Processing /home/ubuntu/airflow/airflow_env/lib/python3.12/site-packages/airflow/example_dags/example_complex.py took 0.188 seconds
[2024-05-18T05:43:35.722+0000] {processor.py:161} INFO - Started process (PID=16554) to work on /home/ubuntu/airflow/airflow_env/lib/python3.12/site-packages/airflow/example_dags/example_complex.py
[2024-05-18T05:43:35.725+0000] {processor.py:830} INFO - Processing file /home/ubuntu/airflow/airflow_env/lib/python3.12/site-packages/airflow/example_dags/example_complex.py for tasks to queue
[2024-05-18T05:43:35.727+0000] {logging_mixin.py:188} INFO - [2024-05-18T05:43:35.727+0000] {dagbag.py:545} INFO - Filling up the DagBag from /home/ubuntu/airflow/airflow_env/lib/python3.12/site-packages/airflow/example_dags/example_complex.py
[2024-05-18T05:43:35.748+0000] {processor.py:840} INFO - DAG(s) 'example_complex' retrieved from /home/ubuntu/airflow/airflow_env/lib/python3.12/site-packages/airflow/example_dags/example_complex.py
[2024-05-18T05:43:35.853+0000] {logging_mixin.py:188} INFO - [2024-05-18T05:43:35.852+0000] {dag.py:3096} INFO - Sync 1 DAGs
[2024-05-18T05:43:35.879+0000] {logging_mixin.py:188} INFO - [2024-05-18T05:43:35.878+0000] {dag.py:3954} INFO - Setting next_dagrun for example_complex to None, run_after=None
[2024-05-18T05:43:35.934+0000] {processor.py:183} INFO - Processing /home/ubuntu/airflow/airflow_env/lib/python3.12/site-packages/airflow/example_dags/example_complex.py took 0.223 seconds
