[2024-05-18T04:44:07.044+0000] {processor.py:161} INFO - Started process (PID=12258) to work on /home/ubuntu/chch-fuel-recommendator/airflow/af_env/lib/python3.12/site-packages/airflow/example_dags/example_trigger_target_dag.py
[2024-05-18T04:44:07.045+0000] {processor.py:830} INFO - Processing file /home/ubuntu/chch-fuel-recommendator/airflow/af_env/lib/python3.12/site-packages/airflow/example_dags/example_trigger_target_dag.py for tasks to queue
[2024-05-18T04:44:07.047+0000] {logging_mixin.py:188} INFO - [2024-05-18T04:44:07.047+0000] {dagbag.py:545} INFO - Filling up the DagBag from /home/ubuntu/chch-fuel-recommendator/airflow/af_env/lib/python3.12/site-packages/airflow/example_dags/example_trigger_target_dag.py
[2024-05-18T04:44:07.058+0000] {processor.py:840} INFO - DAG(s) 'example_trigger_target_dag' retrieved from /home/ubuntu/chch-fuel-recommendator/airflow/af_env/lib/python3.12/site-packages/airflow/example_dags/example_trigger_target_dag.py
[2024-05-18T04:44:07.246+0000] {logging_mixin.py:188} INFO - [2024-05-18T04:44:07.244+0000] {override.py:1829} INFO - Created Permission View: can edit on DAG:example_trigger_target_dag
[2024-05-18T04:44:07.263+0000] {logging_mixin.py:188} INFO - [2024-05-18T04:44:07.262+0000] {override.py:1829} INFO - Created Permission View: can read on DAG:example_trigger_target_dag
[2024-05-18T04:44:07.275+0000] {logging_mixin.py:188} INFO - [2024-05-18T04:44:07.274+0000] {override.py:1829} INFO - Created Permission View: can delete on DAG:example_trigger_target_dag
[2024-05-18T04:44:07.275+0000] {logging_mixin.py:188} INFO - [2024-05-18T04:44:07.275+0000] {dag.py:3096} INFO - Sync 1 DAGs
[2024-05-18T04:44:07.291+0000] {logging_mixin.py:188} INFO - [2024-05-18T04:44:07.291+0000] {dag.py:3118} INFO - Creating ORM DAG for example_trigger_target_dag
[2024-05-18T04:44:07.292+0000] {logging_mixin.py:188} INFO - [2024-05-18T04:44:07.292+0000] {dag.py:3954} INFO - Setting next_dagrun for example_trigger_target_dag to None, run_after=None
[2024-05-18T04:44:07.322+0000] {processor.py:183} INFO - Processing /home/ubuntu/chch-fuel-recommendator/airflow/af_env/lib/python3.12/site-packages/airflow/example_dags/example_trigger_target_dag.py took 0.285 seconds
[2024-05-18T04:45:07.177+0000] {processor.py:161} INFO - Started process (PID=12312) to work on /home/ubuntu/chch-fuel-recommendator/airflow/af_env/lib/python3.12/site-packages/airflow/example_dags/example_trigger_target_dag.py
[2024-05-18T04:45:07.181+0000] {processor.py:830} INFO - Processing file /home/ubuntu/chch-fuel-recommendator/airflow/af_env/lib/python3.12/site-packages/airflow/example_dags/example_trigger_target_dag.py for tasks to queue
[2024-05-18T04:45:07.183+0000] {logging_mixin.py:188} INFO - [2024-05-18T04:45:07.183+0000] {dagbag.py:545} INFO - Filling up the DagBag from /home/ubuntu/chch-fuel-recommendator/airflow/af_env/lib/python3.12/site-packages/airflow/example_dags/example_trigger_target_dag.py
[2024-05-18T04:45:07.194+0000] {processor.py:840} INFO - DAG(s) 'example_trigger_target_dag' retrieved from /home/ubuntu/chch-fuel-recommendator/airflow/af_env/lib/python3.12/site-packages/airflow/example_dags/example_trigger_target_dag.py
[2024-05-18T04:45:07.217+0000] {logging_mixin.py:188} INFO - [2024-05-18T04:45:07.216+0000] {dag.py:3096} INFO - Sync 1 DAGs
[2024-05-18T04:45:07.235+0000] {logging_mixin.py:188} INFO - [2024-05-18T04:45:07.235+0000] {dag.py:3954} INFO - Setting next_dagrun for example_trigger_target_dag to None, run_after=None
[2024-05-18T04:45:07.270+0000] {processor.py:183} INFO - Processing /home/ubuntu/chch-fuel-recommendator/airflow/af_env/lib/python3.12/site-packages/airflow/example_dags/example_trigger_target_dag.py took 0.103 seconds
[2024-05-18T04:46:04.546+0000] {processor.py:161} INFO - Started process (PID=12368) to work on /home/ubuntu/chch-fuel-recommendator/airflow/af_env/lib/python3.12/site-packages/airflow/example_dags/example_trigger_target_dag.py
[2024-05-18T04:46:04.548+0000] {processor.py:830} INFO - Processing file /home/ubuntu/chch-fuel-recommendator/airflow/af_env/lib/python3.12/site-packages/airflow/example_dags/example_trigger_target_dag.py for tasks to queue
[2024-05-18T04:46:04.550+0000] {logging_mixin.py:188} INFO - [2024-05-18T04:46:04.549+0000] {dagbag.py:545} INFO - Filling up the DagBag from /home/ubuntu/chch-fuel-recommendator/airflow/af_env/lib/python3.12/site-packages/airflow/example_dags/example_trigger_target_dag.py
[2024-05-18T04:46:04.558+0000] {processor.py:840} INFO - DAG(s) 'example_trigger_target_dag' retrieved from /home/ubuntu/chch-fuel-recommendator/airflow/af_env/lib/python3.12/site-packages/airflow/example_dags/example_trigger_target_dag.py
[2024-05-18T04:46:04.583+0000] {logging_mixin.py:188} INFO - [2024-05-18T04:46:04.582+0000] {dag.py:3096} INFO - Sync 1 DAGs
[2024-05-18T04:46:04.601+0000] {logging_mixin.py:188} INFO - [2024-05-18T04:46:04.601+0000] {dag.py:3954} INFO - Setting next_dagrun for example_trigger_target_dag to None, run_after=None
[2024-05-18T04:46:04.640+0000] {processor.py:183} INFO - Processing /home/ubuntu/chch-fuel-recommendator/airflow/af_env/lib/python3.12/site-packages/airflow/example_dags/example_trigger_target_dag.py took 0.100 seconds
[2024-05-18T04:46:56.172+0000] {processor.py:161} INFO - Started process (PID=12419) to work on /home/ubuntu/chch-fuel-recommendator/airflow/af_env/lib/python3.12/site-packages/airflow/example_dags/example_trigger_target_dag.py
[2024-05-18T04:46:56.174+0000] {processor.py:830} INFO - Processing file /home/ubuntu/chch-fuel-recommendator/airflow/af_env/lib/python3.12/site-packages/airflow/example_dags/example_trigger_target_dag.py for tasks to queue
[2024-05-18T04:46:56.176+0000] {logging_mixin.py:188} INFO - [2024-05-18T04:46:56.175+0000] {dagbag.py:545} INFO - Filling up the DagBag from /home/ubuntu/chch-fuel-recommendator/airflow/af_env/lib/python3.12/site-packages/airflow/example_dags/example_trigger_target_dag.py
[2024-05-18T04:46:56.184+0000] {processor.py:840} INFO - DAG(s) 'example_trigger_target_dag' retrieved from /home/ubuntu/chch-fuel-recommendator/airflow/af_env/lib/python3.12/site-packages/airflow/example_dags/example_trigger_target_dag.py
[2024-05-18T04:46:56.206+0000] {logging_mixin.py:188} INFO - [2024-05-18T04:46:56.206+0000] {dag.py:3096} INFO - Sync 1 DAGs
[2024-05-18T04:46:56.220+0000] {logging_mixin.py:188} INFO - [2024-05-18T04:46:56.219+0000] {dag.py:3954} INFO - Setting next_dagrun for example_trigger_target_dag to None, run_after=None
[2024-05-18T04:46:56.259+0000] {processor.py:183} INFO - Processing /home/ubuntu/chch-fuel-recommendator/airflow/af_env/lib/python3.12/site-packages/airflow/example_dags/example_trigger_target_dag.py took 0.094 seconds
[2024-05-18T04:47:39.715+0000] {processor.py:161} INFO - Started process (PID=12462) to work on /home/ubuntu/chch-fuel-recommendator/airflow/af_env/lib/python3.12/site-packages/airflow/example_dags/example_trigger_target_dag.py
[2024-05-18T04:47:39.717+0000] {processor.py:830} INFO - Processing file /home/ubuntu/chch-fuel-recommendator/airflow/af_env/lib/python3.12/site-packages/airflow/example_dags/example_trigger_target_dag.py for tasks to queue
[2024-05-18T04:47:39.719+0000] {logging_mixin.py:188} INFO - [2024-05-18T04:47:39.718+0000] {dagbag.py:545} INFO - Filling up the DagBag from /home/ubuntu/chch-fuel-recommendator/airflow/af_env/lib/python3.12/site-packages/airflow/example_dags/example_trigger_target_dag.py
[2024-05-18T04:47:39.727+0000] {processor.py:840} INFO - DAG(s) 'example_trigger_target_dag' retrieved from /home/ubuntu/chch-fuel-recommendator/airflow/af_env/lib/python3.12/site-packages/airflow/example_dags/example_trigger_target_dag.py
[2024-05-18T04:47:39.748+0000] {logging_mixin.py:188} INFO - [2024-05-18T04:47:39.748+0000] {dag.py:3096} INFO - Sync 1 DAGs
[2024-05-18T04:47:39.764+0000] {logging_mixin.py:188} INFO - [2024-05-18T04:47:39.764+0000] {dag.py:3954} INFO - Setting next_dagrun for example_trigger_target_dag to None, run_after=None
[2024-05-18T04:47:39.797+0000] {processor.py:183} INFO - Processing /home/ubuntu/chch-fuel-recommendator/airflow/af_env/lib/python3.12/site-packages/airflow/example_dags/example_trigger_target_dag.py took 0.089 seconds
[2024-05-18T04:48:24.389+0000] {processor.py:161} INFO - Started process (PID=12506) to work on /home/ubuntu/chch-fuel-recommendator/airflow/af_env/lib/python3.12/site-packages/airflow/example_dags/example_trigger_target_dag.py
[2024-05-18T04:48:24.393+0000] {processor.py:830} INFO - Processing file /home/ubuntu/chch-fuel-recommendator/airflow/af_env/lib/python3.12/site-packages/airflow/example_dags/example_trigger_target_dag.py for tasks to queue
[2024-05-18T04:48:24.395+0000] {logging_mixin.py:188} INFO - [2024-05-18T04:48:24.395+0000] {dagbag.py:545} INFO - Filling up the DagBag from /home/ubuntu/chch-fuel-recommendator/airflow/af_env/lib/python3.12/site-packages/airflow/example_dags/example_trigger_target_dag.py
[2024-05-18T04:48:24.410+0000] {processor.py:840} INFO - DAG(s) 'example_trigger_target_dag' retrieved from /home/ubuntu/chch-fuel-recommendator/airflow/af_env/lib/python3.12/site-packages/airflow/example_dags/example_trigger_target_dag.py
[2024-05-18T04:48:24.444+0000] {logging_mixin.py:188} INFO - [2024-05-18T04:48:24.443+0000] {dag.py:3096} INFO - Sync 1 DAGs
[2024-05-18T04:48:24.459+0000] {logging_mixin.py:188} INFO - [2024-05-18T04:48:24.459+0000] {dag.py:3954} INFO - Setting next_dagrun for example_trigger_target_dag to None, run_after=None
[2024-05-18T04:48:24.499+0000] {processor.py:183} INFO - Processing /home/ubuntu/chch-fuel-recommendator/airflow/af_env/lib/python3.12/site-packages/airflow/example_dags/example_trigger_target_dag.py took 0.133 seconds
[2024-05-18T04:49:07.385+0000] {processor.py:161} INFO - Started process (PID=12549) to work on /home/ubuntu/chch-fuel-recommendator/airflow/af_env/lib/python3.12/site-packages/airflow/example_dags/example_trigger_target_dag.py
[2024-05-18T04:49:07.387+0000] {processor.py:830} INFO - Processing file /home/ubuntu/chch-fuel-recommendator/airflow/af_env/lib/python3.12/site-packages/airflow/example_dags/example_trigger_target_dag.py for tasks to queue
[2024-05-18T04:49:07.389+0000] {logging_mixin.py:188} INFO - [2024-05-18T04:49:07.388+0000] {dagbag.py:545} INFO - Filling up the DagBag from /home/ubuntu/chch-fuel-recommendator/airflow/af_env/lib/python3.12/site-packages/airflow/example_dags/example_trigger_target_dag.py
[2024-05-18T04:49:07.398+0000] {processor.py:840} INFO - DAG(s) 'example_trigger_target_dag' retrieved from /home/ubuntu/chch-fuel-recommendator/airflow/af_env/lib/python3.12/site-packages/airflow/example_dags/example_trigger_target_dag.py
[2024-05-18T04:49:07.420+0000] {logging_mixin.py:188} INFO - [2024-05-18T04:49:07.420+0000] {dag.py:3096} INFO - Sync 1 DAGs
[2024-05-18T04:49:07.435+0000] {logging_mixin.py:188} INFO - [2024-05-18T04:49:07.435+0000] {dag.py:3954} INFO - Setting next_dagrun for example_trigger_target_dag to None, run_after=None
[2024-05-18T04:49:07.459+0000] {processor.py:183} INFO - Processing /home/ubuntu/chch-fuel-recommendator/airflow/af_env/lib/python3.12/site-packages/airflow/example_dags/example_trigger_target_dag.py took 0.081 seconds
[2024-05-18T04:49:51.484+0000] {processor.py:161} INFO - Started process (PID=12591) to work on /home/ubuntu/chch-fuel-recommendator/airflow/af_env/lib/python3.12/site-packages/airflow/example_dags/example_trigger_target_dag.py
[2024-05-18T04:49:51.486+0000] {processor.py:830} INFO - Processing file /home/ubuntu/chch-fuel-recommendator/airflow/af_env/lib/python3.12/site-packages/airflow/example_dags/example_trigger_target_dag.py for tasks to queue
[2024-05-18T04:49:51.489+0000] {logging_mixin.py:188} INFO - [2024-05-18T04:49:51.489+0000] {dagbag.py:545} INFO - Filling up the DagBag from /home/ubuntu/chch-fuel-recommendator/airflow/af_env/lib/python3.12/site-packages/airflow/example_dags/example_trigger_target_dag.py
[2024-05-18T04:49:51.500+0000] {processor.py:840} INFO - DAG(s) 'example_trigger_target_dag' retrieved from /home/ubuntu/chch-fuel-recommendator/airflow/af_env/lib/python3.12/site-packages/airflow/example_dags/example_trigger_target_dag.py
[2024-05-18T04:49:51.524+0000] {logging_mixin.py:188} INFO - [2024-05-18T04:49:51.523+0000] {dag.py:3096} INFO - Sync 1 DAGs
[2024-05-18T04:49:51.549+0000] {logging_mixin.py:188} INFO - [2024-05-18T04:49:51.541+0000] {dag.py:3954} INFO - Setting next_dagrun for example_trigger_target_dag to None, run_after=None
[2024-05-18T04:49:51.607+0000] {processor.py:183} INFO - Processing /home/ubuntu/chch-fuel-recommendator/airflow/af_env/lib/python3.12/site-packages/airflow/example_dags/example_trigger_target_dag.py took 0.130 seconds
[2024-05-18T04:50:34.371+0000] {processor.py:161} INFO - Started process (PID=12639) to work on /home/ubuntu/chch-fuel-recommendator/airflow/af_env/lib/python3.12/site-packages/airflow/example_dags/example_trigger_target_dag.py
[2024-05-18T04:50:34.373+0000] {processor.py:830} INFO - Processing file /home/ubuntu/chch-fuel-recommendator/airflow/af_env/lib/python3.12/site-packages/airflow/example_dags/example_trigger_target_dag.py for tasks to queue
[2024-05-18T04:50:34.379+0000] {logging_mixin.py:188} INFO - [2024-05-18T04:50:34.377+0000] {dagbag.py:545} INFO - Filling up the DagBag from /home/ubuntu/chch-fuel-recommendator/airflow/af_env/lib/python3.12/site-packages/airflow/example_dags/example_trigger_target_dag.py
[2024-05-18T04:50:34.388+0000] {processor.py:840} INFO - DAG(s) 'example_trigger_target_dag' retrieved from /home/ubuntu/chch-fuel-recommendator/airflow/af_env/lib/python3.12/site-packages/airflow/example_dags/example_trigger_target_dag.py
[2024-05-18T04:50:34.413+0000] {logging_mixin.py:188} INFO - [2024-05-18T04:50:34.413+0000] {dag.py:3096} INFO - Sync 1 DAGs
[2024-05-18T04:50:34.428+0000] {logging_mixin.py:188} INFO - [2024-05-18T04:50:34.428+0000] {dag.py:3954} INFO - Setting next_dagrun for example_trigger_target_dag to None, run_after=None
[2024-05-18T04:50:34.455+0000] {processor.py:183} INFO - Processing /home/ubuntu/chch-fuel-recommendator/airflow/af_env/lib/python3.12/site-packages/airflow/example_dags/example_trigger_target_dag.py took 0.092 seconds
[2024-05-18T04:51:19.613+0000] {processor.py:161} INFO - Started process (PID=12684) to work on /home/ubuntu/chch-fuel-recommendator/airflow/af_env/lib/python3.12/site-packages/airflow/example_dags/example_trigger_target_dag.py
[2024-05-18T04:51:19.614+0000] {processor.py:830} INFO - Processing file /home/ubuntu/chch-fuel-recommendator/airflow/af_env/lib/python3.12/site-packages/airflow/example_dags/example_trigger_target_dag.py for tasks to queue
[2024-05-18T04:51:19.617+0000] {logging_mixin.py:188} INFO - [2024-05-18T04:51:19.616+0000] {dagbag.py:545} INFO - Filling up the DagBag from /home/ubuntu/chch-fuel-recommendator/airflow/af_env/lib/python3.12/site-packages/airflow/example_dags/example_trigger_target_dag.py
[2024-05-18T04:51:19.625+0000] {processor.py:840} INFO - DAG(s) 'example_trigger_target_dag' retrieved from /home/ubuntu/chch-fuel-recommendator/airflow/af_env/lib/python3.12/site-packages/airflow/example_dags/example_trigger_target_dag.py
[2024-05-18T04:51:19.645+0000] {logging_mixin.py:188} INFO - [2024-05-18T04:51:19.645+0000] {dag.py:3096} INFO - Sync 1 DAGs
[2024-05-18T04:51:19.657+0000] {logging_mixin.py:188} INFO - [2024-05-18T04:51:19.657+0000] {dag.py:3954} INFO - Setting next_dagrun for example_trigger_target_dag to None, run_after=None
[2024-05-18T04:51:19.685+0000] {processor.py:183} INFO - Processing /home/ubuntu/chch-fuel-recommendator/airflow/af_env/lib/python3.12/site-packages/airflow/example_dags/example_trigger_target_dag.py took 0.078 seconds
[2024-05-18T04:52:02.715+0000] {processor.py:161} INFO - Started process (PID=12727) to work on /home/ubuntu/chch-fuel-recommendator/airflow/af_env/lib/python3.12/site-packages/airflow/example_dags/example_trigger_target_dag.py
[2024-05-18T04:52:02.717+0000] {processor.py:830} INFO - Processing file /home/ubuntu/chch-fuel-recommendator/airflow/af_env/lib/python3.12/site-packages/airflow/example_dags/example_trigger_target_dag.py for tasks to queue
[2024-05-18T04:52:02.727+0000] {logging_mixin.py:188} INFO - [2024-05-18T04:52:02.718+0000] {dagbag.py:545} INFO - Filling up the DagBag from /home/ubuntu/chch-fuel-recommendator/airflow/af_env/lib/python3.12/site-packages/airflow/example_dags/example_trigger_target_dag.py
[2024-05-18T04:52:02.763+0000] {processor.py:840} INFO - DAG(s) 'example_trigger_target_dag' retrieved from /home/ubuntu/chch-fuel-recommendator/airflow/af_env/lib/python3.12/site-packages/airflow/example_dags/example_trigger_target_dag.py
[2024-05-18T04:52:02.834+0000] {logging_mixin.py:188} INFO - [2024-05-18T04:52:02.831+0000] {dag.py:3096} INFO - Sync 1 DAGs
[2024-05-18T04:52:02.850+0000] {logging_mixin.py:188} INFO - [2024-05-18T04:52:02.850+0000] {dag.py:3954} INFO - Setting next_dagrun for example_trigger_target_dag to None, run_after=None
[2024-05-18T04:52:02.879+0000] {processor.py:183} INFO - Processing /home/ubuntu/chch-fuel-recommendator/airflow/af_env/lib/python3.12/site-packages/airflow/example_dags/example_trigger_target_dag.py took 0.198 seconds
[2024-05-18T04:52:49.514+0000] {processor.py:161} INFO - Started process (PID=12772) to work on /home/ubuntu/chch-fuel-recommendator/airflow/af_env/lib/python3.12/site-packages/airflow/example_dags/example_trigger_target_dag.py
[2024-05-18T04:52:49.515+0000] {processor.py:830} INFO - Processing file /home/ubuntu/chch-fuel-recommendator/airflow/af_env/lib/python3.12/site-packages/airflow/example_dags/example_trigger_target_dag.py for tasks to queue
[2024-05-18T04:52:49.517+0000] {logging_mixin.py:188} INFO - [2024-05-18T04:52:49.516+0000] {dagbag.py:545} INFO - Filling up the DagBag from /home/ubuntu/chch-fuel-recommendator/airflow/af_env/lib/python3.12/site-packages/airflow/example_dags/example_trigger_target_dag.py
[2024-05-18T04:52:49.524+0000] {processor.py:840} INFO - DAG(s) 'example_trigger_target_dag' retrieved from /home/ubuntu/chch-fuel-recommendator/airflow/af_env/lib/python3.12/site-packages/airflow/example_dags/example_trigger_target_dag.py
[2024-05-18T04:52:49.547+0000] {logging_mixin.py:188} INFO - [2024-05-18T04:52:49.546+0000] {dag.py:3096} INFO - Sync 1 DAGs
[2024-05-18T04:52:49.567+0000] {logging_mixin.py:188} INFO - [2024-05-18T04:52:49.567+0000] {dag.py:3954} INFO - Setting next_dagrun for example_trigger_target_dag to None, run_after=None
[2024-05-18T04:52:49.599+0000] {processor.py:183} INFO - Processing /home/ubuntu/chch-fuel-recommendator/airflow/af_env/lib/python3.12/site-packages/airflow/example_dags/example_trigger_target_dag.py took 0.091 seconds
[2024-05-18T04:53:35.904+0000] {processor.py:161} INFO - Started process (PID=12818) to work on /home/ubuntu/chch-fuel-recommendator/airflow/af_env/lib/python3.12/site-packages/airflow/example_dags/example_trigger_target_dag.py
[2024-05-18T04:53:35.906+0000] {processor.py:830} INFO - Processing file /home/ubuntu/chch-fuel-recommendator/airflow/af_env/lib/python3.12/site-packages/airflow/example_dags/example_trigger_target_dag.py for tasks to queue
[2024-05-18T04:53:35.908+0000] {logging_mixin.py:188} INFO - [2024-05-18T04:53:35.907+0000] {dagbag.py:545} INFO - Filling up the DagBag from /home/ubuntu/chch-fuel-recommendator/airflow/af_env/lib/python3.12/site-packages/airflow/example_dags/example_trigger_target_dag.py
[2024-05-18T04:53:35.915+0000] {processor.py:840} INFO - DAG(s) 'example_trigger_target_dag' retrieved from /home/ubuntu/chch-fuel-recommendator/airflow/af_env/lib/python3.12/site-packages/airflow/example_dags/example_trigger_target_dag.py
[2024-05-18T04:53:35.938+0000] {logging_mixin.py:188} INFO - [2024-05-18T04:53:35.938+0000] {dag.py:3096} INFO - Sync 1 DAGs
[2024-05-18T04:53:35.951+0000] {logging_mixin.py:188} INFO - [2024-05-18T04:53:35.951+0000] {dag.py:3954} INFO - Setting next_dagrun for example_trigger_target_dag to None, run_after=None
[2024-05-18T04:53:35.979+0000] {processor.py:183} INFO - Processing /home/ubuntu/chch-fuel-recommendator/airflow/af_env/lib/python3.12/site-packages/airflow/example_dags/example_trigger_target_dag.py took 0.082 seconds
[2024-05-18T05:32:13.490+0000] {processor.py:161} INFO - Started process (PID=15067) to work on /home/ubuntu/airflow/airflow_env/lib/python3.12/site-packages/airflow/example_dags/example_trigger_target_dag.py
[2024-05-18T05:32:13.492+0000] {processor.py:830} INFO - Processing file /home/ubuntu/airflow/airflow_env/lib/python3.12/site-packages/airflow/example_dags/example_trigger_target_dag.py for tasks to queue
[2024-05-18T05:32:13.495+0000] {logging_mixin.py:188} INFO - [2024-05-18T05:32:13.494+0000] {dagbag.py:545} INFO - Filling up the DagBag from /home/ubuntu/airflow/airflow_env/lib/python3.12/site-packages/airflow/example_dags/example_trigger_target_dag.py
[2024-05-18T05:32:13.515+0000] {processor.py:840} INFO - DAG(s) 'example_trigger_target_dag' retrieved from /home/ubuntu/airflow/airflow_env/lib/python3.12/site-packages/airflow/example_dags/example_trigger_target_dag.py
[2024-05-18T05:32:13.759+0000] {logging_mixin.py:188} INFO - [2024-05-18T05:32:13.758+0000] {dag.py:3096} INFO - Sync 1 DAGs
[2024-05-18T05:32:13.778+0000] {logging_mixin.py:188} INFO - [2024-05-18T05:32:13.778+0000] {dag.py:3954} INFO - Setting next_dagrun for example_trigger_target_dag to None, run_after=None
[2024-05-18T05:32:13.806+0000] {processor.py:183} INFO - Processing /home/ubuntu/airflow/airflow_env/lib/python3.12/site-packages/airflow/example_dags/example_trigger_target_dag.py took 0.327 seconds
[2024-05-18T05:32:44.513+0000] {processor.py:161} INFO - Started process (PID=15121) to work on /home/ubuntu/airflow/airflow_env/lib/python3.12/site-packages/airflow/example_dags/example_trigger_target_dag.py
[2024-05-18T05:32:44.515+0000] {processor.py:830} INFO - Processing file /home/ubuntu/airflow/airflow_env/lib/python3.12/site-packages/airflow/example_dags/example_trigger_target_dag.py for tasks to queue
[2024-05-18T05:32:44.517+0000] {logging_mixin.py:188} INFO - [2024-05-18T05:32:44.516+0000] {dagbag.py:545} INFO - Filling up the DagBag from /home/ubuntu/airflow/airflow_env/lib/python3.12/site-packages/airflow/example_dags/example_trigger_target_dag.py
[2024-05-18T05:32:44.530+0000] {processor.py:840} INFO - DAG(s) 'example_trigger_target_dag' retrieved from /home/ubuntu/airflow/airflow_env/lib/python3.12/site-packages/airflow/example_dags/example_trigger_target_dag.py
[2024-05-18T05:32:44.615+0000] {logging_mixin.py:188} INFO - [2024-05-18T05:32:44.614+0000] {dag.py:3096} INFO - Sync 1 DAGs
[2024-05-18T05:32:44.652+0000] {logging_mixin.py:188} INFO - [2024-05-18T05:32:44.652+0000] {dag.py:3954} INFO - Setting next_dagrun for example_trigger_target_dag to None, run_after=None
[2024-05-18T05:32:44.689+0000] {processor.py:183} INFO - Processing /home/ubuntu/airflow/airflow_env/lib/python3.12/site-packages/airflow/example_dags/example_trigger_target_dag.py took 0.193 seconds
[2024-05-18T05:33:15.042+0000] {processor.py:161} INFO - Started process (PID=15175) to work on /home/ubuntu/airflow/airflow_env/lib/python3.12/site-packages/airflow/example_dags/example_trigger_target_dag.py
[2024-05-18T05:33:15.044+0000] {processor.py:830} INFO - Processing file /home/ubuntu/airflow/airflow_env/lib/python3.12/site-packages/airflow/example_dags/example_trigger_target_dag.py for tasks to queue
[2024-05-18T05:33:15.046+0000] {logging_mixin.py:188} INFO - [2024-05-18T05:33:15.046+0000] {dagbag.py:545} INFO - Filling up the DagBag from /home/ubuntu/airflow/airflow_env/lib/python3.12/site-packages/airflow/example_dags/example_trigger_target_dag.py
[2024-05-18T05:33:15.058+0000] {processor.py:840} INFO - DAG(s) 'example_trigger_target_dag' retrieved from /home/ubuntu/airflow/airflow_env/lib/python3.12/site-packages/airflow/example_dags/example_trigger_target_dag.py
[2024-05-18T05:33:15.123+0000] {logging_mixin.py:188} INFO - [2024-05-18T05:33:15.123+0000] {dag.py:3096} INFO - Sync 1 DAGs
[2024-05-18T05:33:15.152+0000] {logging_mixin.py:188} INFO - [2024-05-18T05:33:15.151+0000] {dag.py:3954} INFO - Setting next_dagrun for example_trigger_target_dag to None, run_after=None
[2024-05-18T05:33:15.185+0000] {processor.py:183} INFO - Processing /home/ubuntu/airflow/airflow_env/lib/python3.12/site-packages/airflow/example_dags/example_trigger_target_dag.py took 0.166 seconds
[2024-05-18T05:33:45.428+0000] {processor.py:161} INFO - Started process (PID=15226) to work on /home/ubuntu/airflow/airflow_env/lib/python3.12/site-packages/airflow/example_dags/example_trigger_target_dag.py
[2024-05-18T05:33:45.429+0000] {processor.py:830} INFO - Processing file /home/ubuntu/airflow/airflow_env/lib/python3.12/site-packages/airflow/example_dags/example_trigger_target_dag.py for tasks to queue
[2024-05-18T05:33:45.432+0000] {logging_mixin.py:188} INFO - [2024-05-18T05:33:45.431+0000] {dagbag.py:545} INFO - Filling up the DagBag from /home/ubuntu/airflow/airflow_env/lib/python3.12/site-packages/airflow/example_dags/example_trigger_target_dag.py
[2024-05-18T05:33:45.442+0000] {processor.py:840} INFO - DAG(s) 'example_trigger_target_dag' retrieved from /home/ubuntu/airflow/airflow_env/lib/python3.12/site-packages/airflow/example_dags/example_trigger_target_dag.py
[2024-05-18T05:33:45.508+0000] {logging_mixin.py:188} INFO - [2024-05-18T05:33:45.508+0000] {dag.py:3096} INFO - Sync 1 DAGs
[2024-05-18T05:33:45.530+0000] {logging_mixin.py:188} INFO - [2024-05-18T05:33:45.529+0000] {dag.py:3954} INFO - Setting next_dagrun for example_trigger_target_dag to None, run_after=None
[2024-05-18T05:33:45.573+0000] {processor.py:183} INFO - Processing /home/ubuntu/airflow/airflow_env/lib/python3.12/site-packages/airflow/example_dags/example_trigger_target_dag.py took 0.154 seconds
[2024-05-18T05:34:16.554+0000] {processor.py:161} INFO - Started process (PID=15278) to work on /home/ubuntu/airflow/airflow_env/lib/python3.12/site-packages/airflow/example_dags/example_trigger_target_dag.py
[2024-05-18T05:34:16.555+0000] {processor.py:830} INFO - Processing file /home/ubuntu/airflow/airflow_env/lib/python3.12/site-packages/airflow/example_dags/example_trigger_target_dag.py for tasks to queue
[2024-05-18T05:34:16.558+0000] {logging_mixin.py:188} INFO - [2024-05-18T05:34:16.558+0000] {dagbag.py:545} INFO - Filling up the DagBag from /home/ubuntu/airflow/airflow_env/lib/python3.12/site-packages/airflow/example_dags/example_trigger_target_dag.py
[2024-05-18T05:34:16.568+0000] {processor.py:840} INFO - DAG(s) 'example_trigger_target_dag' retrieved from /home/ubuntu/airflow/airflow_env/lib/python3.12/site-packages/airflow/example_dags/example_trigger_target_dag.py
[2024-05-18T05:34:16.635+0000] {logging_mixin.py:188} INFO - [2024-05-18T05:34:16.634+0000] {dag.py:3096} INFO - Sync 1 DAGs
[2024-05-18T05:34:16.653+0000] {logging_mixin.py:188} INFO - [2024-05-18T05:34:16.653+0000] {dag.py:3954} INFO - Setting next_dagrun for example_trigger_target_dag to None, run_after=None
[2024-05-18T05:34:16.678+0000] {processor.py:183} INFO - Processing /home/ubuntu/airflow/airflow_env/lib/python3.12/site-packages/airflow/example_dags/example_trigger_target_dag.py took 0.133 seconds
[2024-05-18T05:34:47.493+0000] {processor.py:161} INFO - Started process (PID=15329) to work on /home/ubuntu/airflow/airflow_env/lib/python3.12/site-packages/airflow/example_dags/example_trigger_target_dag.py
[2024-05-18T05:34:47.494+0000] {processor.py:830} INFO - Processing file /home/ubuntu/airflow/airflow_env/lib/python3.12/site-packages/airflow/example_dags/example_trigger_target_dag.py for tasks to queue
[2024-05-18T05:34:47.497+0000] {logging_mixin.py:188} INFO - [2024-05-18T05:34:47.497+0000] {dagbag.py:545} INFO - Filling up the DagBag from /home/ubuntu/airflow/airflow_env/lib/python3.12/site-packages/airflow/example_dags/example_trigger_target_dag.py
[2024-05-18T05:34:47.507+0000] {processor.py:840} INFO - DAG(s) 'example_trigger_target_dag' retrieved from /home/ubuntu/airflow/airflow_env/lib/python3.12/site-packages/airflow/example_dags/example_trigger_target_dag.py
[2024-05-18T05:34:47.567+0000] {logging_mixin.py:188} INFO - [2024-05-18T05:34:47.567+0000] {dag.py:3096} INFO - Sync 1 DAGs
[2024-05-18T05:34:47.587+0000] {logging_mixin.py:188} INFO - [2024-05-18T05:34:47.587+0000] {dag.py:3954} INFO - Setting next_dagrun for example_trigger_target_dag to None, run_after=None
[2024-05-18T05:34:47.622+0000] {processor.py:183} INFO - Processing /home/ubuntu/airflow/airflow_env/lib/python3.12/site-packages/airflow/example_dags/example_trigger_target_dag.py took 0.140 seconds
[2024-05-18T05:35:17.921+0000] {processor.py:161} INFO - Started process (PID=15383) to work on /home/ubuntu/airflow/airflow_env/lib/python3.12/site-packages/airflow/example_dags/example_trigger_target_dag.py
[2024-05-18T05:35:17.922+0000] {processor.py:830} INFO - Processing file /home/ubuntu/airflow/airflow_env/lib/python3.12/site-packages/airflow/example_dags/example_trigger_target_dag.py for tasks to queue
[2024-05-18T05:35:17.925+0000] {logging_mixin.py:188} INFO - [2024-05-18T05:35:17.924+0000] {dagbag.py:545} INFO - Filling up the DagBag from /home/ubuntu/airflow/airflow_env/lib/python3.12/site-packages/airflow/example_dags/example_trigger_target_dag.py
[2024-05-18T05:35:17.937+0000] {processor.py:840} INFO - DAG(s) 'example_trigger_target_dag' retrieved from /home/ubuntu/airflow/airflow_env/lib/python3.12/site-packages/airflow/example_dags/example_trigger_target_dag.py
[2024-05-18T05:35:18.003+0000] {logging_mixin.py:188} INFO - [2024-05-18T05:35:18.003+0000] {dag.py:3096} INFO - Sync 1 DAGs
[2024-05-18T05:35:18.025+0000] {logging_mixin.py:188} INFO - [2024-05-18T05:35:18.025+0000] {dag.py:3954} INFO - Setting next_dagrun for example_trigger_target_dag to None, run_after=None
[2024-05-18T05:35:18.057+0000] {processor.py:183} INFO - Processing /home/ubuntu/airflow/airflow_env/lib/python3.12/site-packages/airflow/example_dags/example_trigger_target_dag.py took 0.146 seconds
[2024-05-18T05:35:48.090+0000] {processor.py:161} INFO - Started process (PID=15434) to work on /home/ubuntu/airflow/airflow_env/lib/python3.12/site-packages/airflow/example_dags/example_trigger_target_dag.py
[2024-05-18T05:35:48.091+0000] {processor.py:830} INFO - Processing file /home/ubuntu/airflow/airflow_env/lib/python3.12/site-packages/airflow/example_dags/example_trigger_target_dag.py for tasks to queue
[2024-05-18T05:35:48.094+0000] {logging_mixin.py:188} INFO - [2024-05-18T05:35:48.093+0000] {dagbag.py:545} INFO - Filling up the DagBag from /home/ubuntu/airflow/airflow_env/lib/python3.12/site-packages/airflow/example_dags/example_trigger_target_dag.py
[2024-05-18T05:35:48.101+0000] {processor.py:840} INFO - DAG(s) 'example_trigger_target_dag' retrieved from /home/ubuntu/airflow/airflow_env/lib/python3.12/site-packages/airflow/example_dags/example_trigger_target_dag.py
[2024-05-18T05:35:48.152+0000] {logging_mixin.py:188} INFO - [2024-05-18T05:35:48.152+0000] {dag.py:3096} INFO - Sync 1 DAGs
[2024-05-18T05:35:48.166+0000] {logging_mixin.py:188} INFO - [2024-05-18T05:35:48.166+0000] {dag.py:3954} INFO - Setting next_dagrun for example_trigger_target_dag to None, run_after=None
[2024-05-18T05:35:48.200+0000] {processor.py:183} INFO - Processing /home/ubuntu/airflow/airflow_env/lib/python3.12/site-packages/airflow/example_dags/example_trigger_target_dag.py took 0.117 seconds
[2024-05-18T05:36:18.362+0000] {processor.py:161} INFO - Started process (PID=15485) to work on /home/ubuntu/airflow/airflow_env/lib/python3.12/site-packages/airflow/example_dags/example_trigger_target_dag.py
[2024-05-18T05:36:18.365+0000] {processor.py:830} INFO - Processing file /home/ubuntu/airflow/airflow_env/lib/python3.12/site-packages/airflow/example_dags/example_trigger_target_dag.py for tasks to queue
[2024-05-18T05:36:18.370+0000] {logging_mixin.py:188} INFO - [2024-05-18T05:36:18.368+0000] {dagbag.py:545} INFO - Filling up the DagBag from /home/ubuntu/airflow/airflow_env/lib/python3.12/site-packages/airflow/example_dags/example_trigger_target_dag.py
[2024-05-18T05:36:18.385+0000] {processor.py:840} INFO - DAG(s) 'example_trigger_target_dag' retrieved from /home/ubuntu/airflow/airflow_env/lib/python3.12/site-packages/airflow/example_dags/example_trigger_target_dag.py
[2024-05-18T05:36:18.450+0000] {logging_mixin.py:188} INFO - [2024-05-18T05:36:18.449+0000] {dag.py:3096} INFO - Sync 1 DAGs
[2024-05-18T05:36:18.467+0000] {logging_mixin.py:188} INFO - [2024-05-18T05:36:18.467+0000] {dag.py:3954} INFO - Setting next_dagrun for example_trigger_target_dag to None, run_after=None
[2024-05-18T05:36:18.494+0000] {processor.py:183} INFO - Processing /home/ubuntu/airflow/airflow_env/lib/python3.12/site-packages/airflow/example_dags/example_trigger_target_dag.py took 0.143 seconds
[2024-05-18T05:36:49.340+0000] {processor.py:161} INFO - Started process (PID=15536) to work on /home/ubuntu/airflow/airflow_env/lib/python3.12/site-packages/airflow/example_dags/example_trigger_target_dag.py
[2024-05-18T05:36:49.342+0000] {processor.py:830} INFO - Processing file /home/ubuntu/airflow/airflow_env/lib/python3.12/site-packages/airflow/example_dags/example_trigger_target_dag.py for tasks to queue
[2024-05-18T05:36:49.346+0000] {logging_mixin.py:188} INFO - [2024-05-18T05:36:49.344+0000] {dagbag.py:545} INFO - Filling up the DagBag from /home/ubuntu/airflow/airflow_env/lib/python3.12/site-packages/airflow/example_dags/example_trigger_target_dag.py
[2024-05-18T05:36:49.364+0000] {processor.py:840} INFO - DAG(s) 'example_trigger_target_dag' retrieved from /home/ubuntu/airflow/airflow_env/lib/python3.12/site-packages/airflow/example_dags/example_trigger_target_dag.py
[2024-05-18T05:36:49.442+0000] {logging_mixin.py:188} INFO - [2024-05-18T05:36:49.442+0000] {dag.py:3096} INFO - Sync 1 DAGs
[2024-05-18T05:36:49.463+0000] {logging_mixin.py:188} INFO - [2024-05-18T05:36:49.463+0000] {dag.py:3954} INFO - Setting next_dagrun for example_trigger_target_dag to None, run_after=None
[2024-05-18T05:36:49.505+0000] {processor.py:183} INFO - Processing /home/ubuntu/airflow/airflow_env/lib/python3.12/site-packages/airflow/example_dags/example_trigger_target_dag.py took 0.183 seconds
[2024-05-18T05:37:20.351+0000] {processor.py:161} INFO - Started process (PID=15587) to work on /home/ubuntu/airflow/airflow_env/lib/python3.12/site-packages/airflow/example_dags/example_trigger_target_dag.py
[2024-05-18T05:37:20.355+0000] {processor.py:830} INFO - Processing file /home/ubuntu/airflow/airflow_env/lib/python3.12/site-packages/airflow/example_dags/example_trigger_target_dag.py for tasks to queue
[2024-05-18T05:37:20.357+0000] {logging_mixin.py:188} INFO - [2024-05-18T05:37:20.357+0000] {dagbag.py:545} INFO - Filling up the DagBag from /home/ubuntu/airflow/airflow_env/lib/python3.12/site-packages/airflow/example_dags/example_trigger_target_dag.py
[2024-05-18T05:37:20.368+0000] {processor.py:840} INFO - DAG(s) 'example_trigger_target_dag' retrieved from /home/ubuntu/airflow/airflow_env/lib/python3.12/site-packages/airflow/example_dags/example_trigger_target_dag.py
[2024-05-18T05:37:20.435+0000] {logging_mixin.py:188} INFO - [2024-05-18T05:37:20.435+0000] {dag.py:3096} INFO - Sync 1 DAGs
[2024-05-18T05:37:20.459+0000] {logging_mixin.py:188} INFO - [2024-05-18T05:37:20.458+0000] {dag.py:3954} INFO - Setting next_dagrun for example_trigger_target_dag to None, run_after=None
[2024-05-18T05:37:20.492+0000] {processor.py:183} INFO - Processing /home/ubuntu/airflow/airflow_env/lib/python3.12/site-packages/airflow/example_dags/example_trigger_target_dag.py took 0.167 seconds
[2024-05-18T05:37:50.572+0000] {processor.py:161} INFO - Started process (PID=15639) to work on /home/ubuntu/airflow/airflow_env/lib/python3.12/site-packages/airflow/example_dags/example_trigger_target_dag.py
[2024-05-18T05:37:50.574+0000] {processor.py:830} INFO - Processing file /home/ubuntu/airflow/airflow_env/lib/python3.12/site-packages/airflow/example_dags/example_trigger_target_dag.py for tasks to queue
[2024-05-18T05:37:50.577+0000] {logging_mixin.py:188} INFO - [2024-05-18T05:37:50.576+0000] {dagbag.py:545} INFO - Filling up the DagBag from /home/ubuntu/airflow/airflow_env/lib/python3.12/site-packages/airflow/example_dags/example_trigger_target_dag.py
[2024-05-18T05:37:50.596+0000] {processor.py:840} INFO - DAG(s) 'example_trigger_target_dag' retrieved from /home/ubuntu/airflow/airflow_env/lib/python3.12/site-packages/airflow/example_dags/example_trigger_target_dag.py
[2024-05-18T05:37:50.671+0000] {logging_mixin.py:188} INFO - [2024-05-18T05:37:50.671+0000] {dag.py:3096} INFO - Sync 1 DAGs
[2024-05-18T05:37:50.695+0000] {logging_mixin.py:188} INFO - [2024-05-18T05:37:50.694+0000] {dag.py:3954} INFO - Setting next_dagrun for example_trigger_target_dag to None, run_after=None
[2024-05-18T05:37:50.737+0000] {processor.py:183} INFO - Processing /home/ubuntu/airflow/airflow_env/lib/python3.12/site-packages/airflow/example_dags/example_trigger_target_dag.py took 0.188 seconds
[2024-05-18T05:38:20.853+0000] {processor.py:161} INFO - Started process (PID=15690) to work on /home/ubuntu/airflow/airflow_env/lib/python3.12/site-packages/airflow/example_dags/example_trigger_target_dag.py
[2024-05-18T05:38:20.854+0000] {processor.py:830} INFO - Processing file /home/ubuntu/airflow/airflow_env/lib/python3.12/site-packages/airflow/example_dags/example_trigger_target_dag.py for tasks to queue
[2024-05-18T05:38:20.857+0000] {logging_mixin.py:188} INFO - [2024-05-18T05:38:20.856+0000] {dagbag.py:545} INFO - Filling up the DagBag from /home/ubuntu/airflow/airflow_env/lib/python3.12/site-packages/airflow/example_dags/example_trigger_target_dag.py
[2024-05-18T05:38:20.865+0000] {processor.py:840} INFO - DAG(s) 'example_trigger_target_dag' retrieved from /home/ubuntu/airflow/airflow_env/lib/python3.12/site-packages/airflow/example_dags/example_trigger_target_dag.py
[2024-05-18T05:38:20.947+0000] {logging_mixin.py:188} INFO - [2024-05-18T05:38:20.947+0000] {dag.py:3096} INFO - Sync 1 DAGs
[2024-05-18T05:38:20.968+0000] {logging_mixin.py:188} INFO - [2024-05-18T05:38:20.968+0000] {dag.py:3954} INFO - Setting next_dagrun for example_trigger_target_dag to None, run_after=None
[2024-05-18T05:38:21.005+0000] {processor.py:183} INFO - Processing /home/ubuntu/airflow/airflow_env/lib/python3.12/site-packages/airflow/example_dags/example_trigger_target_dag.py took 0.162 seconds
[2024-05-18T05:38:51.103+0000] {processor.py:161} INFO - Started process (PID=15741) to work on /home/ubuntu/airflow/airflow_env/lib/python3.12/site-packages/airflow/example_dags/example_trigger_target_dag.py
[2024-05-18T05:38:51.105+0000] {processor.py:830} INFO - Processing file /home/ubuntu/airflow/airflow_env/lib/python3.12/site-packages/airflow/example_dags/example_trigger_target_dag.py for tasks to queue
[2024-05-18T05:38:51.107+0000] {logging_mixin.py:188} INFO - [2024-05-18T05:38:51.106+0000] {dagbag.py:545} INFO - Filling up the DagBag from /home/ubuntu/airflow/airflow_env/lib/python3.12/site-packages/airflow/example_dags/example_trigger_target_dag.py
[2024-05-18T05:38:51.117+0000] {processor.py:840} INFO - DAG(s) 'example_trigger_target_dag' retrieved from /home/ubuntu/airflow/airflow_env/lib/python3.12/site-packages/airflow/example_dags/example_trigger_target_dag.py
[2024-05-18T05:38:51.170+0000] {logging_mixin.py:188} INFO - [2024-05-18T05:38:51.169+0000] {dag.py:3096} INFO - Sync 1 DAGs
[2024-05-18T05:38:51.189+0000] {logging_mixin.py:188} INFO - [2024-05-18T05:38:51.189+0000] {dag.py:3954} INFO - Setting next_dagrun for example_trigger_target_dag to None, run_after=None
[2024-05-18T05:38:51.220+0000] {processor.py:183} INFO - Processing /home/ubuntu/airflow/airflow_env/lib/python3.12/site-packages/airflow/example_dags/example_trigger_target_dag.py took 0.125 seconds
[2024-05-18T05:39:22.116+0000] {processor.py:161} INFO - Started process (PID=15793) to work on /home/ubuntu/airflow/airflow_env/lib/python3.12/site-packages/airflow/example_dags/example_trigger_target_dag.py
[2024-05-18T05:39:22.117+0000] {processor.py:830} INFO - Processing file /home/ubuntu/airflow/airflow_env/lib/python3.12/site-packages/airflow/example_dags/example_trigger_target_dag.py for tasks to queue
[2024-05-18T05:39:22.120+0000] {logging_mixin.py:188} INFO - [2024-05-18T05:39:22.119+0000] {dagbag.py:545} INFO - Filling up the DagBag from /home/ubuntu/airflow/airflow_env/lib/python3.12/site-packages/airflow/example_dags/example_trigger_target_dag.py
[2024-05-18T05:39:22.128+0000] {processor.py:840} INFO - DAG(s) 'example_trigger_target_dag' retrieved from /home/ubuntu/airflow/airflow_env/lib/python3.12/site-packages/airflow/example_dags/example_trigger_target_dag.py
[2024-05-18T05:39:22.179+0000] {logging_mixin.py:188} INFO - [2024-05-18T05:39:22.178+0000] {dag.py:3096} INFO - Sync 1 DAGs
[2024-05-18T05:39:22.198+0000] {logging_mixin.py:188} INFO - [2024-05-18T05:39:22.198+0000] {dag.py:3954} INFO - Setting next_dagrun for example_trigger_target_dag to None, run_after=None
[2024-05-18T05:39:22.230+0000] {processor.py:183} INFO - Processing /home/ubuntu/airflow/airflow_env/lib/python3.12/site-packages/airflow/example_dags/example_trigger_target_dag.py took 0.122 seconds
[2024-05-18T05:39:52.338+0000] {processor.py:161} INFO - Started process (PID=15844) to work on /home/ubuntu/airflow/airflow_env/lib/python3.12/site-packages/airflow/example_dags/example_trigger_target_dag.py
[2024-05-18T05:39:52.339+0000] {processor.py:830} INFO - Processing file /home/ubuntu/airflow/airflow_env/lib/python3.12/site-packages/airflow/example_dags/example_trigger_target_dag.py for tasks to queue
[2024-05-18T05:39:52.350+0000] {logging_mixin.py:188} INFO - [2024-05-18T05:39:52.349+0000] {dagbag.py:545} INFO - Filling up the DagBag from /home/ubuntu/airflow/airflow_env/lib/python3.12/site-packages/airflow/example_dags/example_trigger_target_dag.py
[2024-05-18T05:39:52.377+0000] {processor.py:840} INFO - DAG(s) 'example_trigger_target_dag' retrieved from /home/ubuntu/airflow/airflow_env/lib/python3.12/site-packages/airflow/example_dags/example_trigger_target_dag.py
[2024-05-18T05:39:52.466+0000] {logging_mixin.py:188} INFO - [2024-05-18T05:39:52.465+0000] {dag.py:3096} INFO - Sync 1 DAGs
[2024-05-18T05:39:52.498+0000] {logging_mixin.py:188} INFO - [2024-05-18T05:39:52.498+0000] {dag.py:3954} INFO - Setting next_dagrun for example_trigger_target_dag to None, run_after=None
[2024-05-18T05:39:52.536+0000] {processor.py:183} INFO - Processing /home/ubuntu/airflow/airflow_env/lib/python3.12/site-packages/airflow/example_dags/example_trigger_target_dag.py took 0.210 seconds
[2024-05-18T05:40:22.731+0000] {processor.py:161} INFO - Started process (PID=16177) to work on /home/ubuntu/airflow/airflow_env/lib/python3.12/site-packages/airflow/example_dags/example_trigger_target_dag.py
[2024-05-18T05:40:22.733+0000] {processor.py:830} INFO - Processing file /home/ubuntu/airflow/airflow_env/lib/python3.12/site-packages/airflow/example_dags/example_trigger_target_dag.py for tasks to queue
[2024-05-18T05:40:22.736+0000] {logging_mixin.py:188} INFO - [2024-05-18T05:40:22.735+0000] {dagbag.py:545} INFO - Filling up the DagBag from /home/ubuntu/airflow/airflow_env/lib/python3.12/site-packages/airflow/example_dags/example_trigger_target_dag.py
[2024-05-18T05:40:22.749+0000] {processor.py:840} INFO - DAG(s) 'example_trigger_target_dag' retrieved from /home/ubuntu/airflow/airflow_env/lib/python3.12/site-packages/airflow/example_dags/example_trigger_target_dag.py
[2024-05-18T05:40:22.802+0000] {logging_mixin.py:188} INFO - [2024-05-18T05:40:22.802+0000] {dag.py:3096} INFO - Sync 1 DAGs
[2024-05-18T05:40:22.820+0000] {logging_mixin.py:188} INFO - [2024-05-18T05:40:22.820+0000] {dag.py:3954} INFO - Setting next_dagrun for example_trigger_target_dag to None, run_after=None
[2024-05-18T05:40:22.851+0000] {processor.py:183} INFO - Processing /home/ubuntu/airflow/airflow_env/lib/python3.12/site-packages/airflow/example_dags/example_trigger_target_dag.py took 0.133 seconds
[2024-05-18T05:40:53.115+0000] {processor.py:161} INFO - Started process (PID=16232) to work on /home/ubuntu/airflow/airflow_env/lib/python3.12/site-packages/airflow/example_dags/example_trigger_target_dag.py
[2024-05-18T05:40:53.116+0000] {processor.py:830} INFO - Processing file /home/ubuntu/airflow/airflow_env/lib/python3.12/site-packages/airflow/example_dags/example_trigger_target_dag.py for tasks to queue
[2024-05-18T05:40:53.119+0000] {logging_mixin.py:188} INFO - [2024-05-18T05:40:53.118+0000] {dagbag.py:545} INFO - Filling up the DagBag from /home/ubuntu/airflow/airflow_env/lib/python3.12/site-packages/airflow/example_dags/example_trigger_target_dag.py
[2024-05-18T05:40:53.129+0000] {processor.py:840} INFO - DAG(s) 'example_trigger_target_dag' retrieved from /home/ubuntu/airflow/airflow_env/lib/python3.12/site-packages/airflow/example_dags/example_trigger_target_dag.py
[2024-05-18T05:40:53.207+0000] {logging_mixin.py:188} INFO - [2024-05-18T05:40:53.207+0000] {dag.py:3096} INFO - Sync 1 DAGs
[2024-05-18T05:40:53.231+0000] {logging_mixin.py:188} INFO - [2024-05-18T05:40:53.230+0000] {dag.py:3954} INFO - Setting next_dagrun for example_trigger_target_dag to None, run_after=None
[2024-05-18T05:40:53.262+0000] {processor.py:183} INFO - Processing /home/ubuntu/airflow/airflow_env/lib/python3.12/site-packages/airflow/example_dags/example_trigger_target_dag.py took 0.158 seconds
[2024-05-18T05:41:23.672+0000] {processor.py:161} INFO - Started process (PID=16283) to work on /home/ubuntu/airflow/airflow_env/lib/python3.12/site-packages/airflow/example_dags/example_trigger_target_dag.py
[2024-05-18T05:41:23.674+0000] {processor.py:830} INFO - Processing file /home/ubuntu/airflow/airflow_env/lib/python3.12/site-packages/airflow/example_dags/example_trigger_target_dag.py for tasks to queue
[2024-05-18T05:41:23.677+0000] {logging_mixin.py:188} INFO - [2024-05-18T05:41:23.676+0000] {dagbag.py:545} INFO - Filling up the DagBag from /home/ubuntu/airflow/airflow_env/lib/python3.12/site-packages/airflow/example_dags/example_trigger_target_dag.py
[2024-05-18T05:41:23.685+0000] {processor.py:840} INFO - DAG(s) 'example_trigger_target_dag' retrieved from /home/ubuntu/airflow/airflow_env/lib/python3.12/site-packages/airflow/example_dags/example_trigger_target_dag.py
[2024-05-18T05:41:23.734+0000] {logging_mixin.py:188} INFO - [2024-05-18T05:41:23.734+0000] {dag.py:3096} INFO - Sync 1 DAGs
[2024-05-18T05:41:23.752+0000] {logging_mixin.py:188} INFO - [2024-05-18T05:41:23.751+0000] {dag.py:3954} INFO - Setting next_dagrun for example_trigger_target_dag to None, run_after=None
[2024-05-18T05:41:23.784+0000] {processor.py:183} INFO - Processing /home/ubuntu/airflow/airflow_env/lib/python3.12/site-packages/airflow/example_dags/example_trigger_target_dag.py took 0.119 seconds
[2024-05-18T05:41:54.340+0000] {processor.py:161} INFO - Started process (PID=16336) to work on /home/ubuntu/airflow/airflow_env/lib/python3.12/site-packages/airflow/example_dags/example_trigger_target_dag.py
[2024-05-18T05:41:54.342+0000] {processor.py:830} INFO - Processing file /home/ubuntu/airflow/airflow_env/lib/python3.12/site-packages/airflow/example_dags/example_trigger_target_dag.py for tasks to queue
[2024-05-18T05:41:54.345+0000] {logging_mixin.py:188} INFO - [2024-05-18T05:41:54.344+0000] {dagbag.py:545} INFO - Filling up the DagBag from /home/ubuntu/airflow/airflow_env/lib/python3.12/site-packages/airflow/example_dags/example_trigger_target_dag.py
[2024-05-18T05:41:54.355+0000] {processor.py:840} INFO - DAG(s) 'example_trigger_target_dag' retrieved from /home/ubuntu/airflow/airflow_env/lib/python3.12/site-packages/airflow/example_dags/example_trigger_target_dag.py
[2024-05-18T05:41:54.429+0000] {logging_mixin.py:188} INFO - [2024-05-18T05:41:54.428+0000] {dag.py:3096} INFO - Sync 1 DAGs
[2024-05-18T05:41:54.450+0000] {logging_mixin.py:188} INFO - [2024-05-18T05:41:54.449+0000] {dag.py:3954} INFO - Setting next_dagrun for example_trigger_target_dag to None, run_after=None
[2024-05-18T05:41:54.491+0000] {processor.py:183} INFO - Processing /home/ubuntu/airflow/airflow_env/lib/python3.12/site-packages/airflow/example_dags/example_trigger_target_dag.py took 0.161 seconds
[2024-05-18T05:42:25.390+0000] {processor.py:161} INFO - Started process (PID=16387) to work on /home/ubuntu/airflow/airflow_env/lib/python3.12/site-packages/airflow/example_dags/example_trigger_target_dag.py
[2024-05-18T05:42:25.392+0000] {processor.py:830} INFO - Processing file /home/ubuntu/airflow/airflow_env/lib/python3.12/site-packages/airflow/example_dags/example_trigger_target_dag.py for tasks to queue
[2024-05-18T05:42:25.395+0000] {logging_mixin.py:188} INFO - [2024-05-18T05:42:25.394+0000] {dagbag.py:545} INFO - Filling up the DagBag from /home/ubuntu/airflow/airflow_env/lib/python3.12/site-packages/airflow/example_dags/example_trigger_target_dag.py
[2024-05-18T05:42:25.405+0000] {processor.py:840} INFO - DAG(s) 'example_trigger_target_dag' retrieved from /home/ubuntu/airflow/airflow_env/lib/python3.12/site-packages/airflow/example_dags/example_trigger_target_dag.py
[2024-05-18T05:42:25.465+0000] {logging_mixin.py:188} INFO - [2024-05-18T05:42:25.465+0000] {dag.py:3096} INFO - Sync 1 DAGs
[2024-05-18T05:42:25.493+0000] {logging_mixin.py:188} INFO - [2024-05-18T05:42:25.493+0000] {dag.py:3954} INFO - Setting next_dagrun for example_trigger_target_dag to None, run_after=None
[2024-05-18T05:42:25.551+0000] {processor.py:183} INFO - Processing /home/ubuntu/airflow/airflow_env/lib/python3.12/site-packages/airflow/example_dags/example_trigger_target_dag.py took 0.171 seconds
[2024-05-18T05:42:55.613+0000] {processor.py:161} INFO - Started process (PID=16438) to work on /home/ubuntu/airflow/airflow_env/lib/python3.12/site-packages/airflow/example_dags/example_trigger_target_dag.py
[2024-05-18T05:42:55.615+0000] {processor.py:830} INFO - Processing file /home/ubuntu/airflow/airflow_env/lib/python3.12/site-packages/airflow/example_dags/example_trigger_target_dag.py for tasks to queue
[2024-05-18T05:42:55.622+0000] {logging_mixin.py:188} INFO - [2024-05-18T05:42:55.620+0000] {dagbag.py:545} INFO - Filling up the DagBag from /home/ubuntu/airflow/airflow_env/lib/python3.12/site-packages/airflow/example_dags/example_trigger_target_dag.py
[2024-05-18T05:42:55.638+0000] {processor.py:840} INFO - DAG(s) 'example_trigger_target_dag' retrieved from /home/ubuntu/airflow/airflow_env/lib/python3.12/site-packages/airflow/example_dags/example_trigger_target_dag.py
[2024-05-18T05:42:55.706+0000] {logging_mixin.py:188} INFO - [2024-05-18T05:42:55.706+0000] {dag.py:3096} INFO - Sync 1 DAGs
[2024-05-18T05:42:55.732+0000] {logging_mixin.py:188} INFO - [2024-05-18T05:42:55.732+0000] {dag.py:3954} INFO - Setting next_dagrun for example_trigger_target_dag to None, run_after=None
[2024-05-18T05:42:55.772+0000] {processor.py:183} INFO - Processing /home/ubuntu/airflow/airflow_env/lib/python3.12/site-packages/airflow/example_dags/example_trigger_target_dag.py took 0.173 seconds
[2024-05-18T05:43:25.888+0000] {processor.py:161} INFO - Started process (PID=16523) to work on /home/ubuntu/airflow/airflow_env/lib/python3.12/site-packages/airflow/example_dags/example_trigger_target_dag.py
[2024-05-18T05:43:25.889+0000] {processor.py:830} INFO - Processing file /home/ubuntu/airflow/airflow_env/lib/python3.12/site-packages/airflow/example_dags/example_trigger_target_dag.py for tasks to queue
[2024-05-18T05:43:25.892+0000] {logging_mixin.py:188} INFO - [2024-05-18T05:43:25.891+0000] {dagbag.py:545} INFO - Filling up the DagBag from /home/ubuntu/airflow/airflow_env/lib/python3.12/site-packages/airflow/example_dags/example_trigger_target_dag.py
[2024-05-18T05:43:25.908+0000] {processor.py:840} INFO - DAG(s) 'example_trigger_target_dag' retrieved from /home/ubuntu/airflow/airflow_env/lib/python3.12/site-packages/airflow/example_dags/example_trigger_target_dag.py
[2024-05-18T05:43:26.002+0000] {logging_mixin.py:188} INFO - [2024-05-18T05:43:26.002+0000] {dag.py:3096} INFO - Sync 1 DAGs
[2024-05-18T05:43:26.022+0000] {logging_mixin.py:188} INFO - [2024-05-18T05:43:26.021+0000] {dag.py:3954} INFO - Setting next_dagrun for example_trigger_target_dag to None, run_after=None
[2024-05-18T05:43:26.082+0000] {processor.py:183} INFO - Processing /home/ubuntu/airflow/airflow_env/lib/python3.12/site-packages/airflow/example_dags/example_trigger_target_dag.py took 0.208 seconds
[2024-05-18T05:43:56.607+0000] {processor.py:161} INFO - Started process (PID=16574) to work on /home/ubuntu/airflow/airflow_env/lib/python3.12/site-packages/airflow/example_dags/example_trigger_target_dag.py
[2024-05-18T05:43:56.608+0000] {processor.py:830} INFO - Processing file /home/ubuntu/airflow/airflow_env/lib/python3.12/site-packages/airflow/example_dags/example_trigger_target_dag.py for tasks to queue
[2024-05-18T05:43:56.611+0000] {logging_mixin.py:188} INFO - [2024-05-18T05:43:56.611+0000] {dagbag.py:545} INFO - Filling up the DagBag from /home/ubuntu/airflow/airflow_env/lib/python3.12/site-packages/airflow/example_dags/example_trigger_target_dag.py
[2024-05-18T05:43:56.621+0000] {processor.py:840} INFO - DAG(s) 'example_trigger_target_dag' retrieved from /home/ubuntu/airflow/airflow_env/lib/python3.12/site-packages/airflow/example_dags/example_trigger_target_dag.py
[2024-05-18T05:43:56.676+0000] {logging_mixin.py:188} INFO - [2024-05-18T05:43:56.676+0000] {dag.py:3096} INFO - Sync 1 DAGs
[2024-05-18T05:43:56.695+0000] {logging_mixin.py:188} INFO - [2024-05-18T05:43:56.695+0000] {dag.py:3954} INFO - Setting next_dagrun for example_trigger_target_dag to None, run_after=None
[2024-05-18T05:43:56.727+0000] {processor.py:183} INFO - Processing /home/ubuntu/airflow/airflow_env/lib/python3.12/site-packages/airflow/example_dags/example_trigger_target_dag.py took 0.136 seconds
