[2024-05-18T04:44:20.121+0000] {processor.py:161} INFO - Started process (PID=12269) to work on /home/ubuntu/chch-fuel-recommendator/airflow/af_env/lib/python3.12/site-packages/airflow/example_dags/example_sensors.py
[2024-05-18T04:44:20.122+0000] {processor.py:830} INFO - Processing file /home/ubuntu/chch-fuel-recommendator/airflow/af_env/lib/python3.12/site-packages/airflow/example_dags/example_sensors.py for tasks to queue
[2024-05-18T04:44:20.123+0000] {logging_mixin.py:188} INFO - [2024-05-18T04:44:20.123+0000] {dagbag.py:545} INFO - Filling up the DagBag from /home/ubuntu/chch-fuel-recommendator/airflow/af_env/lib/python3.12/site-packages/airflow/example_dags/example_sensors.py
[2024-05-18T04:44:20.134+0000] {processor.py:840} INFO - DAG(s) 'example_sensors' retrieved from /home/ubuntu/chch-fuel-recommendator/airflow/af_env/lib/python3.12/site-packages/airflow/example_dags/example_sensors.py
[2024-05-18T04:44:20.318+0000] {logging_mixin.py:188} INFO - [2024-05-18T04:44:20.317+0000] {override.py:1829} INFO - Created Permission View: can edit on DAG:example_sensors
[2024-05-18T04:44:20.338+0000] {logging_mixin.py:188} INFO - [2024-05-18T04:44:20.338+0000] {override.py:1829} INFO - Created Permission View: can read on DAG:example_sensors
[2024-05-18T04:44:20.353+0000] {logging_mixin.py:188} INFO - [2024-05-18T04:44:20.353+0000] {override.py:1829} INFO - Created Permission View: can delete on DAG:example_sensors
[2024-05-18T04:44:20.354+0000] {logging_mixin.py:188} INFO - [2024-05-18T04:44:20.354+0000] {dag.py:3096} INFO - Sync 1 DAGs
[2024-05-18T04:44:20.370+0000] {logging_mixin.py:188} INFO - [2024-05-18T04:44:20.369+0000] {dag.py:3118} INFO - Creating ORM DAG for example_sensors
[2024-05-18T04:44:20.370+0000] {logging_mixin.py:188} INFO - [2024-05-18T04:44:20.370+0000] {dag.py:3954} INFO - Setting next_dagrun for example_sensors to None, run_after=None
[2024-05-18T04:44:20.395+0000] {processor.py:183} INFO - Processing /home/ubuntu/chch-fuel-recommendator/airflow/af_env/lib/python3.12/site-packages/airflow/example_dags/example_sensors.py took 0.282 seconds
[2024-05-18T04:45:18.967+0000] {processor.py:161} INFO - Started process (PID=12323) to work on /home/ubuntu/chch-fuel-recommendator/airflow/af_env/lib/python3.12/site-packages/airflow/example_dags/example_sensors.py
[2024-05-18T04:45:18.969+0000] {processor.py:830} INFO - Processing file /home/ubuntu/chch-fuel-recommendator/airflow/af_env/lib/python3.12/site-packages/airflow/example_dags/example_sensors.py for tasks to queue
[2024-05-18T04:45:18.971+0000] {logging_mixin.py:188} INFO - [2024-05-18T04:45:18.970+0000] {dagbag.py:545} INFO - Filling up the DagBag from /home/ubuntu/chch-fuel-recommendator/airflow/af_env/lib/python3.12/site-packages/airflow/example_dags/example_sensors.py
[2024-05-18T04:45:18.983+0000] {processor.py:840} INFO - DAG(s) 'example_sensors' retrieved from /home/ubuntu/chch-fuel-recommendator/airflow/af_env/lib/python3.12/site-packages/airflow/example_dags/example_sensors.py
[2024-05-18T04:45:19.019+0000] {logging_mixin.py:188} INFO - [2024-05-18T04:45:19.019+0000] {dag.py:3096} INFO - Sync 1 DAGs
[2024-05-18T04:45:19.036+0000] {logging_mixin.py:188} INFO - [2024-05-18T04:45:19.036+0000] {dag.py:3954} INFO - Setting next_dagrun for example_sensors to None, run_after=None
[2024-05-18T04:45:19.070+0000] {processor.py:183} INFO - Processing /home/ubuntu/chch-fuel-recommendator/airflow/af_env/lib/python3.12/site-packages/airflow/example_dags/example_sensors.py took 0.109 seconds
[2024-05-18T04:46:16.338+0000] {processor.py:161} INFO - Started process (PID=12379) to work on /home/ubuntu/chch-fuel-recommendator/airflow/af_env/lib/python3.12/site-packages/airflow/example_dags/example_sensors.py
[2024-05-18T04:46:16.339+0000] {processor.py:830} INFO - Processing file /home/ubuntu/chch-fuel-recommendator/airflow/af_env/lib/python3.12/site-packages/airflow/example_dags/example_sensors.py for tasks to queue
[2024-05-18T04:46:16.341+0000] {logging_mixin.py:188} INFO - [2024-05-18T04:46:16.341+0000] {dagbag.py:545} INFO - Filling up the DagBag from /home/ubuntu/chch-fuel-recommendator/airflow/af_env/lib/python3.12/site-packages/airflow/example_dags/example_sensors.py
[2024-05-18T04:46:16.351+0000] {processor.py:840} INFO - DAG(s) 'example_sensors' retrieved from /home/ubuntu/chch-fuel-recommendator/airflow/af_env/lib/python3.12/site-packages/airflow/example_dags/example_sensors.py
[2024-05-18T04:46:16.390+0000] {logging_mixin.py:188} INFO - [2024-05-18T04:46:16.390+0000] {dag.py:3096} INFO - Sync 1 DAGs
[2024-05-18T04:46:16.405+0000] {logging_mixin.py:188} INFO - [2024-05-18T04:46:16.405+0000] {dag.py:3954} INFO - Setting next_dagrun for example_sensors to None, run_after=None
[2024-05-18T04:46:16.432+0000] {processor.py:183} INFO - Processing /home/ubuntu/chch-fuel-recommendator/airflow/af_env/lib/python3.12/site-packages/airflow/example_dags/example_sensors.py took 0.103 seconds
[2024-05-18T04:47:07.005+0000] {processor.py:161} INFO - Started process (PID=12430) to work on /home/ubuntu/chch-fuel-recommendator/airflow/af_env/lib/python3.12/site-packages/airflow/example_dags/example_sensors.py
[2024-05-18T04:47:07.006+0000] {processor.py:830} INFO - Processing file /home/ubuntu/chch-fuel-recommendator/airflow/af_env/lib/python3.12/site-packages/airflow/example_dags/example_sensors.py for tasks to queue
[2024-05-18T04:47:07.009+0000] {logging_mixin.py:188} INFO - [2024-05-18T04:47:07.008+0000] {dagbag.py:545} INFO - Filling up the DagBag from /home/ubuntu/chch-fuel-recommendator/airflow/af_env/lib/python3.12/site-packages/airflow/example_dags/example_sensors.py
[2024-05-18T04:47:07.018+0000] {processor.py:840} INFO - DAG(s) 'example_sensors' retrieved from /home/ubuntu/chch-fuel-recommendator/airflow/af_env/lib/python3.12/site-packages/airflow/example_dags/example_sensors.py
[2024-05-18T04:47:07.041+0000] {logging_mixin.py:188} INFO - [2024-05-18T04:47:07.041+0000] {dag.py:3096} INFO - Sync 1 DAGs
[2024-05-18T04:47:07.054+0000] {logging_mixin.py:188} INFO - [2024-05-18T04:47:07.054+0000] {dag.py:3954} INFO - Setting next_dagrun for example_sensors to None, run_after=None
[2024-05-18T04:47:07.079+0000] {processor.py:183} INFO - Processing /home/ubuntu/chch-fuel-recommendator/airflow/af_env/lib/python3.12/site-packages/airflow/example_dags/example_sensors.py took 0.080 seconds
[2024-05-18T04:48:00.005+0000] {processor.py:161} INFO - Started process (PID=12483) to work on /home/ubuntu/chch-fuel-recommendator/airflow/af_env/lib/python3.12/site-packages/airflow/example_dags/example_sensors.py
[2024-05-18T04:48:00.007+0000] {processor.py:830} INFO - Processing file /home/ubuntu/chch-fuel-recommendator/airflow/af_env/lib/python3.12/site-packages/airflow/example_dags/example_sensors.py for tasks to queue
[2024-05-18T04:48:00.009+0000] {logging_mixin.py:188} INFO - [2024-05-18T04:48:00.008+0000] {dagbag.py:545} INFO - Filling up the DagBag from /home/ubuntu/chch-fuel-recommendator/airflow/af_env/lib/python3.12/site-packages/airflow/example_dags/example_sensors.py
[2024-05-18T04:48:00.023+0000] {processor.py:840} INFO - DAG(s) 'example_sensors' retrieved from /home/ubuntu/chch-fuel-recommendator/airflow/af_env/lib/python3.12/site-packages/airflow/example_dags/example_sensors.py
[2024-05-18T04:48:00.056+0000] {logging_mixin.py:188} INFO - [2024-05-18T04:48:00.053+0000] {dag.py:3096} INFO - Sync 1 DAGs
[2024-05-18T04:48:00.104+0000] {logging_mixin.py:188} INFO - [2024-05-18T04:48:00.104+0000] {dag.py:3954} INFO - Setting next_dagrun for example_sensors to None, run_after=None
[2024-05-18T04:48:00.180+0000] {processor.py:183} INFO - Processing /home/ubuntu/chch-fuel-recommendator/airflow/af_env/lib/python3.12/site-packages/airflow/example_dags/example_sensors.py took 0.185 seconds
[2024-05-18T04:48:44.050+0000] {processor.py:161} INFO - Started process (PID=12526) to work on /home/ubuntu/chch-fuel-recommendator/airflow/af_env/lib/python3.12/site-packages/airflow/example_dags/example_sensors.py
[2024-05-18T04:48:44.052+0000] {processor.py:830} INFO - Processing file /home/ubuntu/chch-fuel-recommendator/airflow/af_env/lib/python3.12/site-packages/airflow/example_dags/example_sensors.py for tasks to queue
[2024-05-18T04:48:44.054+0000] {logging_mixin.py:188} INFO - [2024-05-18T04:48:44.054+0000] {dagbag.py:545} INFO - Filling up the DagBag from /home/ubuntu/chch-fuel-recommendator/airflow/af_env/lib/python3.12/site-packages/airflow/example_dags/example_sensors.py
[2024-05-18T04:48:44.064+0000] {processor.py:840} INFO - DAG(s) 'example_sensors' retrieved from /home/ubuntu/chch-fuel-recommendator/airflow/af_env/lib/python3.12/site-packages/airflow/example_dags/example_sensors.py
[2024-05-18T04:48:44.089+0000] {logging_mixin.py:188} INFO - [2024-05-18T04:48:44.089+0000] {dag.py:3096} INFO - Sync 1 DAGs
[2024-05-18T04:48:44.103+0000] {logging_mixin.py:188} INFO - [2024-05-18T04:48:44.103+0000] {dag.py:3954} INFO - Setting next_dagrun for example_sensors to None, run_after=None
[2024-05-18T04:48:44.140+0000] {processor.py:183} INFO - Processing /home/ubuntu/chch-fuel-recommendator/airflow/af_env/lib/python3.12/site-packages/airflow/example_dags/example_sensors.py took 0.097 seconds
[2024-05-18T04:49:29.353+0000] {processor.py:161} INFO - Started process (PID=12570) to work on /home/ubuntu/chch-fuel-recommendator/airflow/af_env/lib/python3.12/site-packages/airflow/example_dags/example_sensors.py
[2024-05-18T04:49:29.355+0000] {processor.py:830} INFO - Processing file /home/ubuntu/chch-fuel-recommendator/airflow/af_env/lib/python3.12/site-packages/airflow/example_dags/example_sensors.py for tasks to queue
[2024-05-18T04:49:29.357+0000] {logging_mixin.py:188} INFO - [2024-05-18T04:49:29.357+0000] {dagbag.py:545} INFO - Filling up the DagBag from /home/ubuntu/chch-fuel-recommendator/airflow/af_env/lib/python3.12/site-packages/airflow/example_dags/example_sensors.py
[2024-05-18T04:49:29.372+0000] {processor.py:840} INFO - DAG(s) 'example_sensors' retrieved from /home/ubuntu/chch-fuel-recommendator/airflow/af_env/lib/python3.12/site-packages/airflow/example_dags/example_sensors.py
[2024-05-18T04:49:29.405+0000] {logging_mixin.py:188} INFO - [2024-05-18T04:49:29.404+0000] {dag.py:3096} INFO - Sync 1 DAGs
[2024-05-18T04:49:29.428+0000] {logging_mixin.py:188} INFO - [2024-05-18T04:49:29.428+0000] {dag.py:3954} INFO - Setting next_dagrun for example_sensors to None, run_after=None
[2024-05-18T04:49:29.472+0000] {processor.py:183} INFO - Processing /home/ubuntu/chch-fuel-recommendator/airflow/af_env/lib/python3.12/site-packages/airflow/example_dags/example_sensors.py took 0.129 seconds
[2024-05-18T04:50:12.794+0000] {processor.py:161} INFO - Started process (PID=12618) to work on /home/ubuntu/chch-fuel-recommendator/airflow/af_env/lib/python3.12/site-packages/airflow/example_dags/example_sensors.py
[2024-05-18T04:50:12.795+0000] {processor.py:830} INFO - Processing file /home/ubuntu/chch-fuel-recommendator/airflow/af_env/lib/python3.12/site-packages/airflow/example_dags/example_sensors.py for tasks to queue
[2024-05-18T04:50:12.798+0000] {logging_mixin.py:188} INFO - [2024-05-18T04:50:12.797+0000] {dagbag.py:545} INFO - Filling up the DagBag from /home/ubuntu/chch-fuel-recommendator/airflow/af_env/lib/python3.12/site-packages/airflow/example_dags/example_sensors.py
[2024-05-18T04:50:12.808+0000] {processor.py:840} INFO - DAG(s) 'example_sensors' retrieved from /home/ubuntu/chch-fuel-recommendator/airflow/af_env/lib/python3.12/site-packages/airflow/example_dags/example_sensors.py
[2024-05-18T04:50:12.833+0000] {logging_mixin.py:188} INFO - [2024-05-18T04:50:12.833+0000] {dag.py:3096} INFO - Sync 1 DAGs
[2024-05-18T04:50:12.847+0000] {logging_mixin.py:188} INFO - [2024-05-18T04:50:12.846+0000] {dag.py:3954} INFO - Setting next_dagrun for example_sensors to None, run_after=None
[2024-05-18T04:50:12.874+0000] {processor.py:183} INFO - Processing /home/ubuntu/chch-fuel-recommendator/airflow/af_env/lib/python3.12/site-packages/airflow/example_dags/example_sensors.py took 0.086 seconds
[2024-05-18T04:50:56.837+0000] {processor.py:161} INFO - Started process (PID=12662) to work on /home/ubuntu/chch-fuel-recommendator/airflow/af_env/lib/python3.12/site-packages/airflow/example_dags/example_sensors.py
[2024-05-18T04:50:56.838+0000] {processor.py:830} INFO - Processing file /home/ubuntu/chch-fuel-recommendator/airflow/af_env/lib/python3.12/site-packages/airflow/example_dags/example_sensors.py for tasks to queue
[2024-05-18T04:50:56.840+0000] {logging_mixin.py:188} INFO - [2024-05-18T04:50:56.840+0000] {dagbag.py:545} INFO - Filling up the DagBag from /home/ubuntu/chch-fuel-recommendator/airflow/af_env/lib/python3.12/site-packages/airflow/example_dags/example_sensors.py
[2024-05-18T04:50:56.852+0000] {processor.py:840} INFO - DAG(s) 'example_sensors' retrieved from /home/ubuntu/chch-fuel-recommendator/airflow/af_env/lib/python3.12/site-packages/airflow/example_dags/example_sensors.py
[2024-05-18T04:50:56.876+0000] {logging_mixin.py:188} INFO - [2024-05-18T04:50:56.876+0000] {dag.py:3096} INFO - Sync 1 DAGs
[2024-05-18T04:50:56.889+0000] {logging_mixin.py:188} INFO - [2024-05-18T04:50:56.889+0000] {dag.py:3954} INFO - Setting next_dagrun for example_sensors to None, run_after=None
[2024-05-18T04:50:56.917+0000] {processor.py:183} INFO - Processing /home/ubuntu/chch-fuel-recommendator/airflow/af_env/lib/python3.12/site-packages/airflow/example_dags/example_sensors.py took 0.087 seconds
[2024-05-18T04:51:41.910+0000] {processor.py:161} INFO - Started process (PID=12706) to work on /home/ubuntu/chch-fuel-recommendator/airflow/af_env/lib/python3.12/site-packages/airflow/example_dags/example_sensors.py
[2024-05-18T04:51:41.911+0000] {processor.py:830} INFO - Processing file /home/ubuntu/chch-fuel-recommendator/airflow/af_env/lib/python3.12/site-packages/airflow/example_dags/example_sensors.py for tasks to queue
[2024-05-18T04:51:41.913+0000] {logging_mixin.py:188} INFO - [2024-05-18T04:51:41.913+0000] {dagbag.py:545} INFO - Filling up the DagBag from /home/ubuntu/chch-fuel-recommendator/airflow/af_env/lib/python3.12/site-packages/airflow/example_dags/example_sensors.py
[2024-05-18T04:51:41.925+0000] {processor.py:840} INFO - DAG(s) 'example_sensors' retrieved from /home/ubuntu/chch-fuel-recommendator/airflow/af_env/lib/python3.12/site-packages/airflow/example_dags/example_sensors.py
[2024-05-18T04:51:41.951+0000] {logging_mixin.py:188} INFO - [2024-05-18T04:51:41.951+0000] {dag.py:3096} INFO - Sync 1 DAGs
[2024-05-18T04:51:41.966+0000] {logging_mixin.py:188} INFO - [2024-05-18T04:51:41.965+0000] {dag.py:3954} INFO - Setting next_dagrun for example_sensors to None, run_after=None
[2024-05-18T04:51:41.993+0000] {processor.py:183} INFO - Processing /home/ubuntu/chch-fuel-recommendator/airflow/af_env/lib/python3.12/site-packages/airflow/example_dags/example_sensors.py took 0.091 seconds
[2024-05-18T04:52:24.780+0000] {processor.py:161} INFO - Started process (PID=12749) to work on /home/ubuntu/chch-fuel-recommendator/airflow/af_env/lib/python3.12/site-packages/airflow/example_dags/example_sensors.py
[2024-05-18T04:52:24.782+0000] {processor.py:830} INFO - Processing file /home/ubuntu/chch-fuel-recommendator/airflow/af_env/lib/python3.12/site-packages/airflow/example_dags/example_sensors.py for tasks to queue
[2024-05-18T04:52:24.787+0000] {logging_mixin.py:188} INFO - [2024-05-18T04:52:24.786+0000] {dagbag.py:545} INFO - Filling up the DagBag from /home/ubuntu/chch-fuel-recommendator/airflow/af_env/lib/python3.12/site-packages/airflow/example_dags/example_sensors.py
[2024-05-18T04:52:24.800+0000] {processor.py:840} INFO - DAG(s) 'example_sensors' retrieved from /home/ubuntu/chch-fuel-recommendator/airflow/af_env/lib/python3.12/site-packages/airflow/example_dags/example_sensors.py
[2024-05-18T04:52:24.838+0000] {logging_mixin.py:188} INFO - [2024-05-18T04:52:24.837+0000] {dag.py:3096} INFO - Sync 1 DAGs
[2024-05-18T04:52:24.855+0000] {logging_mixin.py:188} INFO - [2024-05-18T04:52:24.854+0000] {dag.py:3954} INFO - Setting next_dagrun for example_sensors to None, run_after=None
[2024-05-18T04:52:24.899+0000] {processor.py:183} INFO - Processing /home/ubuntu/chch-fuel-recommendator/airflow/af_env/lib/python3.12/site-packages/airflow/example_dags/example_sensors.py took 0.128 seconds
[2024-05-18T04:53:12.730+0000] {processor.py:161} INFO - Started process (PID=12795) to work on /home/ubuntu/chch-fuel-recommendator/airflow/af_env/lib/python3.12/site-packages/airflow/example_dags/example_sensors.py
[2024-05-18T04:53:12.732+0000] {processor.py:830} INFO - Processing file /home/ubuntu/chch-fuel-recommendator/airflow/af_env/lib/python3.12/site-packages/airflow/example_dags/example_sensors.py for tasks to queue
[2024-05-18T04:53:12.734+0000] {logging_mixin.py:188} INFO - [2024-05-18T04:53:12.733+0000] {dagbag.py:545} INFO - Filling up the DagBag from /home/ubuntu/chch-fuel-recommendator/airflow/af_env/lib/python3.12/site-packages/airflow/example_dags/example_sensors.py
[2024-05-18T04:53:12.745+0000] {processor.py:840} INFO - DAG(s) 'example_sensors' retrieved from /home/ubuntu/chch-fuel-recommendator/airflow/af_env/lib/python3.12/site-packages/airflow/example_dags/example_sensors.py
[2024-05-18T04:53:12.776+0000] {logging_mixin.py:188} INFO - [2024-05-18T04:53:12.776+0000] {dag.py:3096} INFO - Sync 1 DAGs
[2024-05-18T04:53:12.794+0000] {logging_mixin.py:188} INFO - [2024-05-18T04:53:12.793+0000] {dag.py:3954} INFO - Setting next_dagrun for example_sensors to None, run_after=None
[2024-05-18T04:53:12.842+0000] {processor.py:183} INFO - Processing /home/ubuntu/chch-fuel-recommendator/airflow/af_env/lib/python3.12/site-packages/airflow/example_dags/example_sensors.py took 0.119 seconds
[2024-05-18T05:32:15.538+0000] {processor.py:161} INFO - Started process (PID=15078) to work on /home/ubuntu/airflow/airflow_env/lib/python3.12/site-packages/airflow/example_dags/example_sensors.py
[2024-05-18T05:32:15.540+0000] {processor.py:830} INFO - Processing file /home/ubuntu/airflow/airflow_env/lib/python3.12/site-packages/airflow/example_dags/example_sensors.py for tasks to queue
[2024-05-18T05:32:15.542+0000] {logging_mixin.py:188} INFO - [2024-05-18T05:32:15.542+0000] {dagbag.py:545} INFO - Filling up the DagBag from /home/ubuntu/airflow/airflow_env/lib/python3.12/site-packages/airflow/example_dags/example_sensors.py
[2024-05-18T05:32:15.553+0000] {processor.py:840} INFO - DAG(s) 'example_sensors' retrieved from /home/ubuntu/airflow/airflow_env/lib/python3.12/site-packages/airflow/example_dags/example_sensors.py
[2024-05-18T05:32:15.757+0000] {logging_mixin.py:188} INFO - [2024-05-18T05:32:15.757+0000] {dag.py:3096} INFO - Sync 1 DAGs
[2024-05-18T05:32:15.774+0000] {logging_mixin.py:188} INFO - [2024-05-18T05:32:15.773+0000] {dag.py:3954} INFO - Setting next_dagrun for example_sensors to None, run_after=None
[2024-05-18T05:32:15.802+0000] {processor.py:183} INFO - Processing /home/ubuntu/airflow/airflow_env/lib/python3.12/site-packages/airflow/example_dags/example_sensors.py took 0.272 seconds
[2024-05-18T05:32:45.851+0000] {processor.py:161} INFO - Started process (PID=15132) to work on /home/ubuntu/airflow/airflow_env/lib/python3.12/site-packages/airflow/example_dags/example_sensors.py
[2024-05-18T05:32:45.852+0000] {processor.py:830} INFO - Processing file /home/ubuntu/airflow/airflow_env/lib/python3.12/site-packages/airflow/example_dags/example_sensors.py for tasks to queue
[2024-05-18T05:32:45.855+0000] {logging_mixin.py:188} INFO - [2024-05-18T05:32:45.855+0000] {dagbag.py:545} INFO - Filling up the DagBag from /home/ubuntu/airflow/airflow_env/lib/python3.12/site-packages/airflow/example_dags/example_sensors.py
[2024-05-18T05:32:45.866+0000] {processor.py:840} INFO - DAG(s) 'example_sensors' retrieved from /home/ubuntu/airflow/airflow_env/lib/python3.12/site-packages/airflow/example_dags/example_sensors.py
[2024-05-18T05:32:45.958+0000] {logging_mixin.py:188} INFO - [2024-05-18T05:32:45.957+0000] {dag.py:3096} INFO - Sync 1 DAGs
[2024-05-18T05:32:45.993+0000] {logging_mixin.py:188} INFO - [2024-05-18T05:32:45.993+0000] {dag.py:3954} INFO - Setting next_dagrun for example_sensors to None, run_after=None
[2024-05-18T05:32:46.025+0000] {processor.py:183} INFO - Processing /home/ubuntu/airflow/airflow_env/lib/python3.12/site-packages/airflow/example_dags/example_sensors.py took 0.183 seconds
[2024-05-18T05:33:16.225+0000] {processor.py:161} INFO - Started process (PID=15186) to work on /home/ubuntu/airflow/airflow_env/lib/python3.12/site-packages/airflow/example_dags/example_sensors.py
[2024-05-18T05:33:16.226+0000] {processor.py:830} INFO - Processing file /home/ubuntu/airflow/airflow_env/lib/python3.12/site-packages/airflow/example_dags/example_sensors.py for tasks to queue
[2024-05-18T05:33:16.228+0000] {logging_mixin.py:188} INFO - [2024-05-18T05:33:16.227+0000] {dagbag.py:545} INFO - Filling up the DagBag from /home/ubuntu/airflow/airflow_env/lib/python3.12/site-packages/airflow/example_dags/example_sensors.py
[2024-05-18T05:33:16.239+0000] {processor.py:840} INFO - DAG(s) 'example_sensors' retrieved from /home/ubuntu/airflow/airflow_env/lib/python3.12/site-packages/airflow/example_dags/example_sensors.py
[2024-05-18T05:33:16.292+0000] {logging_mixin.py:188} INFO - [2024-05-18T05:33:16.291+0000] {dag.py:3096} INFO - Sync 1 DAGs
[2024-05-18T05:33:16.305+0000] {logging_mixin.py:188} INFO - [2024-05-18T05:33:16.305+0000] {dag.py:3954} INFO - Setting next_dagrun for example_sensors to None, run_after=None
[2024-05-18T05:33:16.328+0000] {processor.py:183} INFO - Processing /home/ubuntu/airflow/airflow_env/lib/python3.12/site-packages/airflow/example_dags/example_sensors.py took 0.111 seconds
[2024-05-18T05:33:46.575+0000] {processor.py:161} INFO - Started process (PID=15237) to work on /home/ubuntu/airflow/airflow_env/lib/python3.12/site-packages/airflow/example_dags/example_sensors.py
[2024-05-18T05:33:46.577+0000] {processor.py:830} INFO - Processing file /home/ubuntu/airflow/airflow_env/lib/python3.12/site-packages/airflow/example_dags/example_sensors.py for tasks to queue
[2024-05-18T05:33:46.579+0000] {logging_mixin.py:188} INFO - [2024-05-18T05:33:46.579+0000] {dagbag.py:545} INFO - Filling up the DagBag from /home/ubuntu/airflow/airflow_env/lib/python3.12/site-packages/airflow/example_dags/example_sensors.py
[2024-05-18T05:33:46.598+0000] {processor.py:840} INFO - DAG(s) 'example_sensors' retrieved from /home/ubuntu/airflow/airflow_env/lib/python3.12/site-packages/airflow/example_dags/example_sensors.py
[2024-05-18T05:33:46.657+0000] {logging_mixin.py:188} INFO - [2024-05-18T05:33:46.657+0000] {dag.py:3096} INFO - Sync 1 DAGs
[2024-05-18T05:33:46.673+0000] {logging_mixin.py:188} INFO - [2024-05-18T05:33:46.673+0000] {dag.py:3954} INFO - Setting next_dagrun for example_sensors to None, run_after=None
[2024-05-18T05:33:46.698+0000] {processor.py:183} INFO - Processing /home/ubuntu/airflow/airflow_env/lib/python3.12/site-packages/airflow/example_dags/example_sensors.py took 0.133 seconds
[2024-05-18T05:34:17.698+0000] {processor.py:161} INFO - Started process (PID=15289) to work on /home/ubuntu/airflow/airflow_env/lib/python3.12/site-packages/airflow/example_dags/example_sensors.py
[2024-05-18T05:34:17.700+0000] {processor.py:830} INFO - Processing file /home/ubuntu/airflow/airflow_env/lib/python3.12/site-packages/airflow/example_dags/example_sensors.py for tasks to queue
[2024-05-18T05:34:17.702+0000] {logging_mixin.py:188} INFO - [2024-05-18T05:34:17.701+0000] {dagbag.py:545} INFO - Filling up the DagBag from /home/ubuntu/airflow/airflow_env/lib/python3.12/site-packages/airflow/example_dags/example_sensors.py
[2024-05-18T05:34:17.712+0000] {processor.py:840} INFO - DAG(s) 'example_sensors' retrieved from /home/ubuntu/airflow/airflow_env/lib/python3.12/site-packages/airflow/example_dags/example_sensors.py
[2024-05-18T05:34:17.764+0000] {logging_mixin.py:188} INFO - [2024-05-18T05:34:17.763+0000] {dag.py:3096} INFO - Sync 1 DAGs
[2024-05-18T05:34:17.778+0000] {logging_mixin.py:188} INFO - [2024-05-18T05:34:17.778+0000] {dag.py:3954} INFO - Setting next_dagrun for example_sensors to None, run_after=None
[2024-05-18T05:34:17.813+0000] {processor.py:183} INFO - Processing /home/ubuntu/airflow/airflow_env/lib/python3.12/site-packages/airflow/example_dags/example_sensors.py took 0.123 seconds
[2024-05-18T05:34:48.520+0000] {processor.py:161} INFO - Started process (PID=15340) to work on /home/ubuntu/airflow/airflow_env/lib/python3.12/site-packages/airflow/example_dags/example_sensors.py
[2024-05-18T05:34:48.521+0000] {processor.py:830} INFO - Processing file /home/ubuntu/airflow/airflow_env/lib/python3.12/site-packages/airflow/example_dags/example_sensors.py for tasks to queue
[2024-05-18T05:34:48.523+0000] {logging_mixin.py:188} INFO - [2024-05-18T05:34:48.523+0000] {dagbag.py:545} INFO - Filling up the DagBag from /home/ubuntu/airflow/airflow_env/lib/python3.12/site-packages/airflow/example_dags/example_sensors.py
[2024-05-18T05:34:48.535+0000] {processor.py:840} INFO - DAG(s) 'example_sensors' retrieved from /home/ubuntu/airflow/airflow_env/lib/python3.12/site-packages/airflow/example_dags/example_sensors.py
[2024-05-18T05:34:48.628+0000] {logging_mixin.py:188} INFO - [2024-05-18T05:34:48.628+0000] {dag.py:3096} INFO - Sync 1 DAGs
[2024-05-18T05:34:48.651+0000] {logging_mixin.py:188} INFO - [2024-05-18T05:34:48.651+0000] {dag.py:3954} INFO - Setting next_dagrun for example_sensors to None, run_after=None
[2024-05-18T05:34:48.693+0000] {processor.py:183} INFO - Processing /home/ubuntu/airflow/airflow_env/lib/python3.12/site-packages/airflow/example_dags/example_sensors.py took 0.179 seconds
[2024-05-18T05:35:19.122+0000] {processor.py:161} INFO - Started process (PID=15394) to work on /home/ubuntu/airflow/airflow_env/lib/python3.12/site-packages/airflow/example_dags/example_sensors.py
[2024-05-18T05:35:19.124+0000] {processor.py:830} INFO - Processing file /home/ubuntu/airflow/airflow_env/lib/python3.12/site-packages/airflow/example_dags/example_sensors.py for tasks to queue
[2024-05-18T05:35:19.127+0000] {logging_mixin.py:188} INFO - [2024-05-18T05:35:19.127+0000] {dagbag.py:545} INFO - Filling up the DagBag from /home/ubuntu/airflow/airflow_env/lib/python3.12/site-packages/airflow/example_dags/example_sensors.py
[2024-05-18T05:35:19.143+0000] {processor.py:840} INFO - DAG(s) 'example_sensors' retrieved from /home/ubuntu/airflow/airflow_env/lib/python3.12/site-packages/airflow/example_dags/example_sensors.py
[2024-05-18T05:35:19.232+0000] {logging_mixin.py:188} INFO - [2024-05-18T05:35:19.231+0000] {dag.py:3096} INFO - Sync 1 DAGs
[2024-05-18T05:35:19.252+0000] {logging_mixin.py:188} INFO - [2024-05-18T05:35:19.252+0000] {dag.py:3954} INFO - Setting next_dagrun for example_sensors to None, run_after=None
[2024-05-18T05:35:19.280+0000] {processor.py:183} INFO - Processing /home/ubuntu/airflow/airflow_env/lib/python3.12/site-packages/airflow/example_dags/example_sensors.py took 0.168 seconds
[2024-05-18T05:35:49.431+0000] {processor.py:161} INFO - Started process (PID=15445) to work on /home/ubuntu/airflow/airflow_env/lib/python3.12/site-packages/airflow/example_dags/example_sensors.py
[2024-05-18T05:35:49.432+0000] {processor.py:830} INFO - Processing file /home/ubuntu/airflow/airflow_env/lib/python3.12/site-packages/airflow/example_dags/example_sensors.py for tasks to queue
[2024-05-18T05:35:49.436+0000] {logging_mixin.py:188} INFO - [2024-05-18T05:35:49.435+0000] {dagbag.py:545} INFO - Filling up the DagBag from /home/ubuntu/airflow/airflow_env/lib/python3.12/site-packages/airflow/example_dags/example_sensors.py
[2024-05-18T05:35:49.449+0000] {processor.py:840} INFO - DAG(s) 'example_sensors' retrieved from /home/ubuntu/airflow/airflow_env/lib/python3.12/site-packages/airflow/example_dags/example_sensors.py
[2024-05-18T05:35:49.519+0000] {logging_mixin.py:188} INFO - [2024-05-18T05:35:49.518+0000] {dag.py:3096} INFO - Sync 1 DAGs
[2024-05-18T05:35:49.550+0000] {logging_mixin.py:188} INFO - [2024-05-18T05:35:49.550+0000] {dag.py:3954} INFO - Setting next_dagrun for example_sensors to None, run_after=None
[2024-05-18T05:35:49.582+0000] {processor.py:183} INFO - Processing /home/ubuntu/airflow/airflow_env/lib/python3.12/site-packages/airflow/example_dags/example_sensors.py took 0.165 seconds
[2024-05-18T05:36:20.486+0000] {processor.py:161} INFO - Started process (PID=15496) to work on /home/ubuntu/airflow/airflow_env/lib/python3.12/site-packages/airflow/example_dags/example_sensors.py
[2024-05-18T05:36:20.487+0000] {processor.py:830} INFO - Processing file /home/ubuntu/airflow/airflow_env/lib/python3.12/site-packages/airflow/example_dags/example_sensors.py for tasks to queue
[2024-05-18T05:36:20.494+0000] {logging_mixin.py:188} INFO - [2024-05-18T05:36:20.494+0000] {dagbag.py:545} INFO - Filling up the DagBag from /home/ubuntu/airflow/airflow_env/lib/python3.12/site-packages/airflow/example_dags/example_sensors.py
[2024-05-18T05:36:20.504+0000] {processor.py:840} INFO - DAG(s) 'example_sensors' retrieved from /home/ubuntu/airflow/airflow_env/lib/python3.12/site-packages/airflow/example_dags/example_sensors.py
[2024-05-18T05:36:20.554+0000] {logging_mixin.py:188} INFO - [2024-05-18T05:36:20.554+0000] {dag.py:3096} INFO - Sync 1 DAGs
[2024-05-18T05:36:20.569+0000] {logging_mixin.py:188} INFO - [2024-05-18T05:36:20.569+0000] {dag.py:3954} INFO - Setting next_dagrun for example_sensors to None, run_after=None
[2024-05-18T05:36:20.594+0000] {processor.py:183} INFO - Processing /home/ubuntu/airflow/airflow_env/lib/python3.12/site-packages/airflow/example_dags/example_sensors.py took 0.120 seconds
[2024-05-18T05:36:51.421+0000] {processor.py:161} INFO - Started process (PID=15547) to work on /home/ubuntu/airflow/airflow_env/lib/python3.12/site-packages/airflow/example_dags/example_sensors.py
[2024-05-18T05:36:51.422+0000] {processor.py:830} INFO - Processing file /home/ubuntu/airflow/airflow_env/lib/python3.12/site-packages/airflow/example_dags/example_sensors.py for tasks to queue
[2024-05-18T05:36:51.424+0000] {logging_mixin.py:188} INFO - [2024-05-18T05:36:51.424+0000] {dagbag.py:545} INFO - Filling up the DagBag from /home/ubuntu/airflow/airflow_env/lib/python3.12/site-packages/airflow/example_dags/example_sensors.py
[2024-05-18T05:36:51.433+0000] {processor.py:840} INFO - DAG(s) 'example_sensors' retrieved from /home/ubuntu/airflow/airflow_env/lib/python3.12/site-packages/airflow/example_dags/example_sensors.py
[2024-05-18T05:36:51.477+0000] {logging_mixin.py:188} INFO - [2024-05-18T05:36:51.476+0000] {dag.py:3096} INFO - Sync 1 DAGs
[2024-05-18T05:36:51.489+0000] {logging_mixin.py:188} INFO - [2024-05-18T05:36:51.489+0000] {dag.py:3954} INFO - Setting next_dagrun for example_sensors to None, run_after=None
[2024-05-18T05:36:51.509+0000] {processor.py:183} INFO - Processing /home/ubuntu/airflow/airflow_env/lib/python3.12/site-packages/airflow/example_dags/example_sensors.py took 0.094 seconds
[2024-05-18T05:37:22.465+0000] {processor.py:161} INFO - Started process (PID=15598) to work on /home/ubuntu/airflow/airflow_env/lib/python3.12/site-packages/airflow/example_dags/example_sensors.py
[2024-05-18T05:37:22.468+0000] {processor.py:830} INFO - Processing file /home/ubuntu/airflow/airflow_env/lib/python3.12/site-packages/airflow/example_dags/example_sensors.py for tasks to queue
[2024-05-18T05:37:22.470+0000] {logging_mixin.py:188} INFO - [2024-05-18T05:37:22.470+0000] {dagbag.py:545} INFO - Filling up the DagBag from /home/ubuntu/airflow/airflow_env/lib/python3.12/site-packages/airflow/example_dags/example_sensors.py
[2024-05-18T05:37:22.483+0000] {processor.py:840} INFO - DAG(s) 'example_sensors' retrieved from /home/ubuntu/airflow/airflow_env/lib/python3.12/site-packages/airflow/example_dags/example_sensors.py
[2024-05-18T05:37:22.546+0000] {logging_mixin.py:188} INFO - [2024-05-18T05:37:22.546+0000] {dag.py:3096} INFO - Sync 1 DAGs
[2024-05-18T05:37:22.563+0000] {logging_mixin.py:188} INFO - [2024-05-18T05:37:22.563+0000] {dag.py:3954} INFO - Setting next_dagrun for example_sensors to None, run_after=None
[2024-05-18T05:37:22.595+0000] {processor.py:183} INFO - Processing /home/ubuntu/airflow/airflow_env/lib/python3.12/site-packages/airflow/example_dags/example_sensors.py took 0.138 seconds
[2024-05-18T05:37:52.951+0000] {processor.py:161} INFO - Started process (PID=15650) to work on /home/ubuntu/airflow/airflow_env/lib/python3.12/site-packages/airflow/example_dags/example_sensors.py
[2024-05-18T05:37:52.952+0000] {processor.py:830} INFO - Processing file /home/ubuntu/airflow/airflow_env/lib/python3.12/site-packages/airflow/example_dags/example_sensors.py for tasks to queue
[2024-05-18T05:37:52.954+0000] {logging_mixin.py:188} INFO - [2024-05-18T05:37:52.954+0000] {dagbag.py:545} INFO - Filling up the DagBag from /home/ubuntu/airflow/airflow_env/lib/python3.12/site-packages/airflow/example_dags/example_sensors.py
[2024-05-18T05:37:52.974+0000] {processor.py:840} INFO - DAG(s) 'example_sensors' retrieved from /home/ubuntu/airflow/airflow_env/lib/python3.12/site-packages/airflow/example_dags/example_sensors.py
[2024-05-18T05:37:53.040+0000] {logging_mixin.py:188} INFO - [2024-05-18T05:37:53.040+0000] {dag.py:3096} INFO - Sync 1 DAGs
[2024-05-18T05:37:53.066+0000] {logging_mixin.py:188} INFO - [2024-05-18T05:37:53.065+0000] {dag.py:3954} INFO - Setting next_dagrun for example_sensors to None, run_after=None
[2024-05-18T05:37:53.102+0000] {processor.py:183} INFO - Processing /home/ubuntu/airflow/airflow_env/lib/python3.12/site-packages/airflow/example_dags/example_sensors.py took 0.159 seconds
[2024-05-18T05:38:23.957+0000] {processor.py:161} INFO - Started process (PID=15701) to work on /home/ubuntu/airflow/airflow_env/lib/python3.12/site-packages/airflow/example_dags/example_sensors.py
[2024-05-18T05:38:23.958+0000] {processor.py:830} INFO - Processing file /home/ubuntu/airflow/airflow_env/lib/python3.12/site-packages/airflow/example_dags/example_sensors.py for tasks to queue
[2024-05-18T05:38:23.960+0000] {logging_mixin.py:188} INFO - [2024-05-18T05:38:23.960+0000] {dagbag.py:545} INFO - Filling up the DagBag from /home/ubuntu/airflow/airflow_env/lib/python3.12/site-packages/airflow/example_dags/example_sensors.py
[2024-05-18T05:38:23.969+0000] {processor.py:840} INFO - DAG(s) 'example_sensors' retrieved from /home/ubuntu/airflow/airflow_env/lib/python3.12/site-packages/airflow/example_dags/example_sensors.py
[2024-05-18T05:38:24.042+0000] {logging_mixin.py:188} INFO - [2024-05-18T05:38:24.042+0000] {dag.py:3096} INFO - Sync 1 DAGs
[2024-05-18T05:38:24.054+0000] {logging_mixin.py:188} INFO - [2024-05-18T05:38:24.054+0000] {dag.py:3954} INFO - Setting next_dagrun for example_sensors to None, run_after=None
[2024-05-18T05:38:24.075+0000] {processor.py:183} INFO - Processing /home/ubuntu/airflow/airflow_env/lib/python3.12/site-packages/airflow/example_dags/example_sensors.py took 0.126 seconds
[2024-05-18T05:38:54.283+0000] {processor.py:161} INFO - Started process (PID=15752) to work on /home/ubuntu/airflow/airflow_env/lib/python3.12/site-packages/airflow/example_dags/example_sensors.py
[2024-05-18T05:38:54.284+0000] {processor.py:830} INFO - Processing file /home/ubuntu/airflow/airflow_env/lib/python3.12/site-packages/airflow/example_dags/example_sensors.py for tasks to queue
[2024-05-18T05:38:54.287+0000] {logging_mixin.py:188} INFO - [2024-05-18T05:38:54.287+0000] {dagbag.py:545} INFO - Filling up the DagBag from /home/ubuntu/airflow/airflow_env/lib/python3.12/site-packages/airflow/example_dags/example_sensors.py
[2024-05-18T05:38:54.301+0000] {processor.py:840} INFO - DAG(s) 'example_sensors' retrieved from /home/ubuntu/airflow/airflow_env/lib/python3.12/site-packages/airflow/example_dags/example_sensors.py
[2024-05-18T05:38:54.372+0000] {logging_mixin.py:188} INFO - [2024-05-18T05:38:54.372+0000] {dag.py:3096} INFO - Sync 1 DAGs
[2024-05-18T05:38:54.385+0000] {logging_mixin.py:188} INFO - [2024-05-18T05:38:54.385+0000] {dag.py:3954} INFO - Setting next_dagrun for example_sensors to None, run_after=None
[2024-05-18T05:38:54.406+0000] {processor.py:183} INFO - Processing /home/ubuntu/airflow/airflow_env/lib/python3.12/site-packages/airflow/example_dags/example_sensors.py took 0.130 seconds
[2024-05-18T05:39:25.285+0000] {processor.py:161} INFO - Started process (PID=15804) to work on /home/ubuntu/airflow/airflow_env/lib/python3.12/site-packages/airflow/example_dags/example_sensors.py
[2024-05-18T05:39:25.287+0000] {processor.py:830} INFO - Processing file /home/ubuntu/airflow/airflow_env/lib/python3.12/site-packages/airflow/example_dags/example_sensors.py for tasks to queue
[2024-05-18T05:39:25.289+0000] {logging_mixin.py:188} INFO - [2024-05-18T05:39:25.288+0000] {dagbag.py:545} INFO - Filling up the DagBag from /home/ubuntu/airflow/airflow_env/lib/python3.12/site-packages/airflow/example_dags/example_sensors.py
[2024-05-18T05:39:25.300+0000] {processor.py:840} INFO - DAG(s) 'example_sensors' retrieved from /home/ubuntu/airflow/airflow_env/lib/python3.12/site-packages/airflow/example_dags/example_sensors.py
[2024-05-18T05:39:25.351+0000] {logging_mixin.py:188} INFO - [2024-05-18T05:39:25.351+0000] {dag.py:3096} INFO - Sync 1 DAGs
[2024-05-18T05:39:25.366+0000] {logging_mixin.py:188} INFO - [2024-05-18T05:39:25.366+0000] {dag.py:3954} INFO - Setting next_dagrun for example_sensors to None, run_after=None
[2024-05-18T05:39:25.401+0000] {processor.py:183} INFO - Processing /home/ubuntu/airflow/airflow_env/lib/python3.12/site-packages/airflow/example_dags/example_sensors.py took 0.124 seconds
[2024-05-18T05:39:55.524+0000] {processor.py:161} INFO - Started process (PID=15855) to work on /home/ubuntu/airflow/airflow_env/lib/python3.12/site-packages/airflow/example_dags/example_sensors.py
[2024-05-18T05:39:55.525+0000] {processor.py:830} INFO - Processing file /home/ubuntu/airflow/airflow_env/lib/python3.12/site-packages/airflow/example_dags/example_sensors.py for tasks to queue
[2024-05-18T05:39:55.526+0000] {logging_mixin.py:188} INFO - [2024-05-18T05:39:55.526+0000] {dagbag.py:545} INFO - Filling up the DagBag from /home/ubuntu/airflow/airflow_env/lib/python3.12/site-packages/airflow/example_dags/example_sensors.py
[2024-05-18T05:39:55.535+0000] {processor.py:840} INFO - DAG(s) 'example_sensors' retrieved from /home/ubuntu/airflow/airflow_env/lib/python3.12/site-packages/airflow/example_dags/example_sensors.py
[2024-05-18T05:39:55.586+0000] {logging_mixin.py:188} INFO - [2024-05-18T05:39:55.586+0000] {dag.py:3096} INFO - Sync 1 DAGs
[2024-05-18T05:39:55.600+0000] {logging_mixin.py:188} INFO - [2024-05-18T05:39:55.600+0000] {dag.py:3954} INFO - Setting next_dagrun for example_sensors to None, run_after=None
[2024-05-18T05:39:55.624+0000] {processor.py:183} INFO - Processing /home/ubuntu/airflow/airflow_env/lib/python3.12/site-packages/airflow/example_dags/example_sensors.py took 0.106 seconds
[2024-05-18T05:40:25.779+0000] {processor.py:161} INFO - Started process (PID=16190) to work on /home/ubuntu/airflow/airflow_env/lib/python3.12/site-packages/airflow/example_dags/example_sensors.py
[2024-05-18T05:40:25.781+0000] {processor.py:830} INFO - Processing file /home/ubuntu/airflow/airflow_env/lib/python3.12/site-packages/airflow/example_dags/example_sensors.py for tasks to queue
[2024-05-18T05:40:25.782+0000] {logging_mixin.py:188} INFO - [2024-05-18T05:40:25.782+0000] {dagbag.py:545} INFO - Filling up the DagBag from /home/ubuntu/airflow/airflow_env/lib/python3.12/site-packages/airflow/example_dags/example_sensors.py
[2024-05-18T05:40:25.793+0000] {processor.py:840} INFO - DAG(s) 'example_sensors' retrieved from /home/ubuntu/airflow/airflow_env/lib/python3.12/site-packages/airflow/example_dags/example_sensors.py
[2024-05-18T05:40:25.839+0000] {logging_mixin.py:188} INFO - [2024-05-18T05:40:25.839+0000] {dag.py:3096} INFO - Sync 1 DAGs
[2024-05-18T05:40:25.853+0000] {logging_mixin.py:188} INFO - [2024-05-18T05:40:25.853+0000] {dag.py:3954} INFO - Setting next_dagrun for example_sensors to None, run_after=None
[2024-05-18T05:40:25.877+0000] {processor.py:183} INFO - Processing /home/ubuntu/airflow/airflow_env/lib/python3.12/site-packages/airflow/example_dags/example_sensors.py took 0.105 seconds
[2024-05-18T05:40:56.523+0000] {processor.py:161} INFO - Started process (PID=16243) to work on /home/ubuntu/airflow/airflow_env/lib/python3.12/site-packages/airflow/example_dags/example_sensors.py
[2024-05-18T05:40:56.524+0000] {processor.py:830} INFO - Processing file /home/ubuntu/airflow/airflow_env/lib/python3.12/site-packages/airflow/example_dags/example_sensors.py for tasks to queue
[2024-05-18T05:40:56.526+0000] {logging_mixin.py:188} INFO - [2024-05-18T05:40:56.525+0000] {dagbag.py:545} INFO - Filling up the DagBag from /home/ubuntu/airflow/airflow_env/lib/python3.12/site-packages/airflow/example_dags/example_sensors.py
[2024-05-18T05:40:56.534+0000] {processor.py:840} INFO - DAG(s) 'example_sensors' retrieved from /home/ubuntu/airflow/airflow_env/lib/python3.12/site-packages/airflow/example_dags/example_sensors.py
[2024-05-18T05:40:56.590+0000] {logging_mixin.py:188} INFO - [2024-05-18T05:40:56.590+0000] {dag.py:3096} INFO - Sync 1 DAGs
[2024-05-18T05:40:56.604+0000] {logging_mixin.py:188} INFO - [2024-05-18T05:40:56.604+0000] {dag.py:3954} INFO - Setting next_dagrun for example_sensors to None, run_after=None
[2024-05-18T05:40:56.645+0000] {processor.py:183} INFO - Processing /home/ubuntu/airflow/airflow_env/lib/python3.12/site-packages/airflow/example_dags/example_sensors.py took 0.131 seconds
[2024-05-18T05:41:26.830+0000] {processor.py:161} INFO - Started process (PID=16294) to work on /home/ubuntu/airflow/airflow_env/lib/python3.12/site-packages/airflow/example_dags/example_sensors.py
[2024-05-18T05:41:26.832+0000] {processor.py:830} INFO - Processing file /home/ubuntu/airflow/airflow_env/lib/python3.12/site-packages/airflow/example_dags/example_sensors.py for tasks to queue
[2024-05-18T05:41:26.835+0000] {logging_mixin.py:188} INFO - [2024-05-18T05:41:26.834+0000] {dagbag.py:545} INFO - Filling up the DagBag from /home/ubuntu/airflow/airflow_env/lib/python3.12/site-packages/airflow/example_dags/example_sensors.py
[2024-05-18T05:41:26.846+0000] {processor.py:840} INFO - DAG(s) 'example_sensors' retrieved from /home/ubuntu/airflow/airflow_env/lib/python3.12/site-packages/airflow/example_dags/example_sensors.py
[2024-05-18T05:41:26.916+0000] {logging_mixin.py:188} INFO - [2024-05-18T05:41:26.915+0000] {dag.py:3096} INFO - Sync 1 DAGs
[2024-05-18T05:41:26.934+0000] {logging_mixin.py:188} INFO - [2024-05-18T05:41:26.934+0000] {dag.py:3954} INFO - Setting next_dagrun for example_sensors to None, run_after=None
[2024-05-18T05:41:26.968+0000] {processor.py:183} INFO - Processing /home/ubuntu/airflow/airflow_env/lib/python3.12/site-packages/airflow/example_dags/example_sensors.py took 0.145 seconds
[2024-05-18T05:41:57.523+0000] {processor.py:161} INFO - Started process (PID=16347) to work on /home/ubuntu/airflow/airflow_env/lib/python3.12/site-packages/airflow/example_dags/example_sensors.py
[2024-05-18T05:41:57.524+0000] {processor.py:830} INFO - Processing file /home/ubuntu/airflow/airflow_env/lib/python3.12/site-packages/airflow/example_dags/example_sensors.py for tasks to queue
[2024-05-18T05:41:57.526+0000] {logging_mixin.py:188} INFO - [2024-05-18T05:41:57.526+0000] {dagbag.py:545} INFO - Filling up the DagBag from /home/ubuntu/airflow/airflow_env/lib/python3.12/site-packages/airflow/example_dags/example_sensors.py
[2024-05-18T05:41:57.557+0000] {processor.py:840} INFO - DAG(s) 'example_sensors' retrieved from /home/ubuntu/airflow/airflow_env/lib/python3.12/site-packages/airflow/example_dags/example_sensors.py
[2024-05-18T05:41:57.630+0000] {logging_mixin.py:188} INFO - [2024-05-18T05:41:57.628+0000] {dag.py:3096} INFO - Sync 1 DAGs
[2024-05-18T05:41:57.660+0000] {logging_mixin.py:188} INFO - [2024-05-18T05:41:57.660+0000] {dag.py:3954} INFO - Setting next_dagrun for example_sensors to None, run_after=None
[2024-05-18T05:41:57.690+0000] {processor.py:183} INFO - Processing /home/ubuntu/airflow/airflow_env/lib/python3.12/site-packages/airflow/example_dags/example_sensors.py took 0.175 seconds
[2024-05-18T05:42:27.766+0000] {processor.py:161} INFO - Started process (PID=16398) to work on /home/ubuntu/airflow/airflow_env/lib/python3.12/site-packages/airflow/example_dags/example_sensors.py
[2024-05-18T05:42:27.768+0000] {processor.py:830} INFO - Processing file /home/ubuntu/airflow/airflow_env/lib/python3.12/site-packages/airflow/example_dags/example_sensors.py for tasks to queue
[2024-05-18T05:42:27.770+0000] {logging_mixin.py:188} INFO - [2024-05-18T05:42:27.770+0000] {dagbag.py:545} INFO - Filling up the DagBag from /home/ubuntu/airflow/airflow_env/lib/python3.12/site-packages/airflow/example_dags/example_sensors.py
[2024-05-18T05:42:27.781+0000] {processor.py:840} INFO - DAG(s) 'example_sensors' retrieved from /home/ubuntu/airflow/airflow_env/lib/python3.12/site-packages/airflow/example_dags/example_sensors.py
[2024-05-18T05:42:27.862+0000] {logging_mixin.py:188} INFO - [2024-05-18T05:42:27.862+0000] {dag.py:3096} INFO - Sync 1 DAGs
[2024-05-18T05:42:27.880+0000] {logging_mixin.py:188} INFO - [2024-05-18T05:42:27.879+0000] {dag.py:3954} INFO - Setting next_dagrun for example_sensors to None, run_after=None
[2024-05-18T05:42:27.929+0000] {processor.py:183} INFO - Processing /home/ubuntu/airflow/airflow_env/lib/python3.12/site-packages/airflow/example_dags/example_sensors.py took 0.169 seconds
[2024-05-18T05:42:57.984+0000] {processor.py:161} INFO - Started process (PID=16449) to work on /home/ubuntu/airflow/airflow_env/lib/python3.12/site-packages/airflow/example_dags/example_sensors.py
[2024-05-18T05:42:57.986+0000] {processor.py:830} INFO - Processing file /home/ubuntu/airflow/airflow_env/lib/python3.12/site-packages/airflow/example_dags/example_sensors.py for tasks to queue
[2024-05-18T05:42:57.990+0000] {logging_mixin.py:188} INFO - [2024-05-18T05:42:57.989+0000] {dagbag.py:545} INFO - Filling up the DagBag from /home/ubuntu/airflow/airflow_env/lib/python3.12/site-packages/airflow/example_dags/example_sensors.py
[2024-05-18T05:42:58.007+0000] {processor.py:840} INFO - DAG(s) 'example_sensors' retrieved from /home/ubuntu/airflow/airflow_env/lib/python3.12/site-packages/airflow/example_dags/example_sensors.py
[2024-05-18T05:42:58.092+0000] {logging_mixin.py:188} INFO - [2024-05-18T05:42:58.092+0000] {dag.py:3096} INFO - Sync 1 DAGs
[2024-05-18T05:42:58.115+0000] {logging_mixin.py:188} INFO - [2024-05-18T05:42:58.115+0000] {dag.py:3954} INFO - Setting next_dagrun for example_sensors to None, run_after=None
[2024-05-18T05:42:58.148+0000] {processor.py:183} INFO - Processing /home/ubuntu/airflow/airflow_env/lib/python3.12/site-packages/airflow/example_dags/example_sensors.py took 0.174 seconds
[2024-05-18T05:43:29.509+0000] {processor.py:161} INFO - Started process (PID=16534) to work on /home/ubuntu/airflow/airflow_env/lib/python3.12/site-packages/airflow/example_dags/example_sensors.py
[2024-05-18T05:43:29.511+0000] {processor.py:830} INFO - Processing file /home/ubuntu/airflow/airflow_env/lib/python3.12/site-packages/airflow/example_dags/example_sensors.py for tasks to queue
[2024-05-18T05:43:29.513+0000] {logging_mixin.py:188} INFO - [2024-05-18T05:43:29.513+0000] {dagbag.py:545} INFO - Filling up the DagBag from /home/ubuntu/airflow/airflow_env/lib/python3.12/site-packages/airflow/example_dags/example_sensors.py
[2024-05-18T05:43:29.526+0000] {processor.py:840} INFO - DAG(s) 'example_sensors' retrieved from /home/ubuntu/airflow/airflow_env/lib/python3.12/site-packages/airflow/example_dags/example_sensors.py
[2024-05-18T05:43:29.599+0000] {logging_mixin.py:188} INFO - [2024-05-18T05:43:29.599+0000] {dag.py:3096} INFO - Sync 1 DAGs
[2024-05-18T05:43:29.620+0000] {logging_mixin.py:188} INFO - [2024-05-18T05:43:29.619+0000] {dag.py:3954} INFO - Setting next_dagrun for example_sensors to None, run_after=None
[2024-05-18T05:43:29.653+0000] {processor.py:183} INFO - Processing /home/ubuntu/airflow/airflow_env/lib/python3.12/site-packages/airflow/example_dags/example_sensors.py took 0.152 seconds
[2024-05-18T05:44:00.579+0000] {processor.py:161} INFO - Started process (PID=16585) to work on /home/ubuntu/airflow/airflow_env/lib/python3.12/site-packages/airflow/example_dags/example_sensors.py
[2024-05-18T05:44:00.580+0000] {processor.py:830} INFO - Processing file /home/ubuntu/airflow/airflow_env/lib/python3.12/site-packages/airflow/example_dags/example_sensors.py for tasks to queue
[2024-05-18T05:44:00.582+0000] {logging_mixin.py:188} INFO - [2024-05-18T05:44:00.582+0000] {dagbag.py:545} INFO - Filling up the DagBag from /home/ubuntu/airflow/airflow_env/lib/python3.12/site-packages/airflow/example_dags/example_sensors.py
[2024-05-18T05:44:00.592+0000] {processor.py:840} INFO - DAG(s) 'example_sensors' retrieved from /home/ubuntu/airflow/airflow_env/lib/python3.12/site-packages/airflow/example_dags/example_sensors.py
[2024-05-18T05:44:00.656+0000] {logging_mixin.py:188} INFO - [2024-05-18T05:44:00.656+0000] {dag.py:3096} INFO - Sync 1 DAGs
[2024-05-18T05:44:00.670+0000] {logging_mixin.py:188} INFO - [2024-05-18T05:44:00.670+0000] {dag.py:3954} INFO - Setting next_dagrun for example_sensors to None, run_after=None
[2024-05-18T05:44:00.705+0000] {processor.py:183} INFO - Processing /home/ubuntu/airflow/airflow_env/lib/python3.12/site-packages/airflow/example_dags/example_sensors.py took 0.133 seconds
