[2024-05-18T04:43:57.807+0000] {processor.py:161} INFO - Started process (PID=12251) to work on /home/ubuntu/chch-fuel-recommendator/airflow/af_env/lib/python3.12/site-packages/airflow/example_dags/tutorial_taskflow_api.py
[2024-05-18T04:43:57.808+0000] {processor.py:830} INFO - Processing file /home/ubuntu/chch-fuel-recommendator/airflow/af_env/lib/python3.12/site-packages/airflow/example_dags/tutorial_taskflow_api.py for tasks to queue
[2024-05-18T04:43:57.810+0000] {logging_mixin.py:188} INFO - [2024-05-18T04:43:57.809+0000] {dagbag.py:545} INFO - Filling up the DagBag from /home/ubuntu/chch-fuel-recommendator/airflow/af_env/lib/python3.12/site-packages/airflow/example_dags/tutorial_taskflow_api.py
[2024-05-18T04:43:57.819+0000] {processor.py:840} INFO - DAG(s) 'tutorial_taskflow_api' retrieved from /home/ubuntu/chch-fuel-recommendator/airflow/af_env/lib/python3.12/site-packages/airflow/example_dags/tutorial_taskflow_api.py
[2024-05-18T04:43:57.941+0000] {logging_mixin.py:188} INFO - [2024-05-18T04:43:57.940+0000] {override.py:1829} INFO - Created Permission View: can edit on DAG:tutorial_taskflow_api
[2024-05-18T04:43:57.959+0000] {logging_mixin.py:188} INFO - [2024-05-18T04:43:57.959+0000] {override.py:1829} INFO - Created Permission View: can read on DAG:tutorial_taskflow_api
[2024-05-18T04:43:57.976+0000] {logging_mixin.py:188} INFO - [2024-05-18T04:43:57.976+0000] {override.py:1829} INFO - Created Permission View: can delete on DAG:tutorial_taskflow_api
[2024-05-18T04:43:57.977+0000] {logging_mixin.py:188} INFO - [2024-05-18T04:43:57.977+0000] {dag.py:3096} INFO - Sync 1 DAGs
[2024-05-18T04:43:57.988+0000] {logging_mixin.py:188} INFO - [2024-05-18T04:43:57.988+0000] {dag.py:3118} INFO - Creating ORM DAG for tutorial_taskflow_api
[2024-05-18T04:43:57.989+0000] {logging_mixin.py:188} INFO - [2024-05-18T04:43:57.989+0000] {dag.py:3954} INFO - Setting next_dagrun for tutorial_taskflow_api to None, run_after=None
[2024-05-18T04:43:58.016+0000] {processor.py:183} INFO - Processing /home/ubuntu/chch-fuel-recommendator/airflow/af_env/lib/python3.12/site-packages/airflow/example_dags/tutorial_taskflow_api.py took 0.214 seconds
[2024-05-18T04:45:00.156+0000] {processor.py:161} INFO - Started process (PID=12302) to work on /home/ubuntu/chch-fuel-recommendator/airflow/af_env/lib/python3.12/site-packages/airflow/example_dags/tutorial_taskflow_api.py
[2024-05-18T04:45:00.158+0000] {processor.py:830} INFO - Processing file /home/ubuntu/chch-fuel-recommendator/airflow/af_env/lib/python3.12/site-packages/airflow/example_dags/tutorial_taskflow_api.py for tasks to queue
[2024-05-18T04:45:00.160+0000] {logging_mixin.py:188} INFO - [2024-05-18T04:45:00.160+0000] {dagbag.py:545} INFO - Filling up the DagBag from /home/ubuntu/chch-fuel-recommendator/airflow/af_env/lib/python3.12/site-packages/airflow/example_dags/tutorial_taskflow_api.py
[2024-05-18T04:45:00.172+0000] {processor.py:840} INFO - DAG(s) 'tutorial_taskflow_api' retrieved from /home/ubuntu/chch-fuel-recommendator/airflow/af_env/lib/python3.12/site-packages/airflow/example_dags/tutorial_taskflow_api.py
[2024-05-18T04:45:00.209+0000] {logging_mixin.py:188} INFO - [2024-05-18T04:45:00.209+0000] {dag.py:3096} INFO - Sync 1 DAGs
[2024-05-18T04:45:00.226+0000] {logging_mixin.py:188} INFO - [2024-05-18T04:45:00.226+0000] {dag.py:3954} INFO - Setting next_dagrun for tutorial_taskflow_api to None, run_after=None
[2024-05-18T04:45:00.258+0000] {processor.py:183} INFO - Processing /home/ubuntu/chch-fuel-recommendator/airflow/af_env/lib/python3.12/site-packages/airflow/example_dags/tutorial_taskflow_api.py took 0.113 seconds
[2024-05-18T04:45:57.866+0000] {processor.py:161} INFO - Started process (PID=12361) to work on /home/ubuntu/chch-fuel-recommendator/airflow/af_env/lib/python3.12/site-packages/airflow/example_dags/tutorial_taskflow_api.py
[2024-05-18T04:45:57.868+0000] {processor.py:830} INFO - Processing file /home/ubuntu/chch-fuel-recommendator/airflow/af_env/lib/python3.12/site-packages/airflow/example_dags/tutorial_taskflow_api.py for tasks to queue
[2024-05-18T04:45:57.870+0000] {logging_mixin.py:188} INFO - [2024-05-18T04:45:57.869+0000] {dagbag.py:545} INFO - Filling up the DagBag from /home/ubuntu/chch-fuel-recommendator/airflow/af_env/lib/python3.12/site-packages/airflow/example_dags/tutorial_taskflow_api.py
[2024-05-18T04:45:57.880+0000] {processor.py:840} INFO - DAG(s) 'tutorial_taskflow_api' retrieved from /home/ubuntu/chch-fuel-recommendator/airflow/af_env/lib/python3.12/site-packages/airflow/example_dags/tutorial_taskflow_api.py
[2024-05-18T04:45:57.904+0000] {logging_mixin.py:188} INFO - [2024-05-18T04:45:57.904+0000] {dag.py:3096} INFO - Sync 1 DAGs
[2024-05-18T04:45:57.921+0000] {logging_mixin.py:188} INFO - [2024-05-18T04:45:57.921+0000] {dag.py:3954} INFO - Setting next_dagrun for tutorial_taskflow_api to None, run_after=None
[2024-05-18T04:45:57.969+0000] {processor.py:183} INFO - Processing /home/ubuntu/chch-fuel-recommendator/airflow/af_env/lib/python3.12/site-packages/airflow/example_dags/tutorial_taskflow_api.py took 0.110 seconds
[2024-05-18T04:46:50.018+0000] {processor.py:161} INFO - Started process (PID=12412) to work on /home/ubuntu/chch-fuel-recommendator/airflow/af_env/lib/python3.12/site-packages/airflow/example_dags/tutorial_taskflow_api.py
[2024-05-18T04:46:50.019+0000] {processor.py:830} INFO - Processing file /home/ubuntu/chch-fuel-recommendator/airflow/af_env/lib/python3.12/site-packages/airflow/example_dags/tutorial_taskflow_api.py for tasks to queue
[2024-05-18T04:46:50.021+0000] {logging_mixin.py:188} INFO - [2024-05-18T04:46:50.021+0000] {dagbag.py:545} INFO - Filling up the DagBag from /home/ubuntu/chch-fuel-recommendator/airflow/af_env/lib/python3.12/site-packages/airflow/example_dags/tutorial_taskflow_api.py
[2024-05-18T04:46:50.027+0000] {processor.py:840} INFO - DAG(s) 'tutorial_taskflow_api' retrieved from /home/ubuntu/chch-fuel-recommendator/airflow/af_env/lib/python3.12/site-packages/airflow/example_dags/tutorial_taskflow_api.py
[2024-05-18T04:46:50.043+0000] {logging_mixin.py:188} INFO - [2024-05-18T04:46:50.043+0000] {dag.py:3096} INFO - Sync 1 DAGs
[2024-05-18T04:46:50.054+0000] {logging_mixin.py:188} INFO - [2024-05-18T04:46:50.054+0000] {dag.py:3954} INFO - Setting next_dagrun for tutorial_taskflow_api to None, run_after=None
[2024-05-18T04:46:50.077+0000] {processor.py:183} INFO - Processing /home/ubuntu/chch-fuel-recommendator/airflow/af_env/lib/python3.12/site-packages/airflow/example_dags/tutorial_taskflow_api.py took 0.064 seconds
[2024-05-18T04:47:32.664+0000] {processor.py:161} INFO - Started process (PID=12455) to work on /home/ubuntu/chch-fuel-recommendator/airflow/af_env/lib/python3.12/site-packages/airflow/example_dags/tutorial_taskflow_api.py
[2024-05-18T04:47:32.666+0000] {processor.py:830} INFO - Processing file /home/ubuntu/chch-fuel-recommendator/airflow/af_env/lib/python3.12/site-packages/airflow/example_dags/tutorial_taskflow_api.py for tasks to queue
[2024-05-18T04:47:32.668+0000] {logging_mixin.py:188} INFO - [2024-05-18T04:47:32.667+0000] {dagbag.py:545} INFO - Filling up the DagBag from /home/ubuntu/chch-fuel-recommendator/airflow/af_env/lib/python3.12/site-packages/airflow/example_dags/tutorial_taskflow_api.py
[2024-05-18T04:47:32.676+0000] {processor.py:840} INFO - DAG(s) 'tutorial_taskflow_api' retrieved from /home/ubuntu/chch-fuel-recommendator/airflow/af_env/lib/python3.12/site-packages/airflow/example_dags/tutorial_taskflow_api.py
[2024-05-18T04:47:32.696+0000] {logging_mixin.py:188} INFO - [2024-05-18T04:47:32.695+0000] {dag.py:3096} INFO - Sync 1 DAGs
[2024-05-18T04:47:32.709+0000] {logging_mixin.py:188} INFO - [2024-05-18T04:47:32.709+0000] {dag.py:3954} INFO - Setting next_dagrun for tutorial_taskflow_api to None, run_after=None
[2024-05-18T04:47:32.737+0000] {processor.py:183} INFO - Processing /home/ubuntu/chch-fuel-recommendator/airflow/af_env/lib/python3.12/site-packages/airflow/example_dags/tutorial_taskflow_api.py took 0.078 seconds
[2024-05-18T04:48:17.549+0000] {processor.py:161} INFO - Started process (PID=12499) to work on /home/ubuntu/chch-fuel-recommendator/airflow/af_env/lib/python3.12/site-packages/airflow/example_dags/tutorial_taskflow_api.py
[2024-05-18T04:48:17.552+0000] {processor.py:830} INFO - Processing file /home/ubuntu/chch-fuel-recommendator/airflow/af_env/lib/python3.12/site-packages/airflow/example_dags/tutorial_taskflow_api.py for tasks to queue
[2024-05-18T04:48:17.557+0000] {logging_mixin.py:188} INFO - [2024-05-18T04:48:17.557+0000] {dagbag.py:545} INFO - Filling up the DagBag from /home/ubuntu/chch-fuel-recommendator/airflow/af_env/lib/python3.12/site-packages/airflow/example_dags/tutorial_taskflow_api.py
[2024-05-18T04:48:17.571+0000] {processor.py:840} INFO - DAG(s) 'tutorial_taskflow_api' retrieved from /home/ubuntu/chch-fuel-recommendator/airflow/af_env/lib/python3.12/site-packages/airflow/example_dags/tutorial_taskflow_api.py
[2024-05-18T04:48:17.591+0000] {logging_mixin.py:188} INFO - [2024-05-18T04:48:17.591+0000] {dag.py:3096} INFO - Sync 1 DAGs
[2024-05-18T04:48:17.606+0000] {logging_mixin.py:188} INFO - [2024-05-18T04:48:17.605+0000] {dag.py:3954} INFO - Setting next_dagrun for tutorial_taskflow_api to None, run_after=None
[2024-05-18T04:48:17.641+0000] {processor.py:183} INFO - Processing /home/ubuntu/chch-fuel-recommendator/airflow/af_env/lib/python3.12/site-packages/airflow/example_dags/tutorial_taskflow_api.py took 0.109 seconds
[2024-05-18T04:48:59.832+0000] {processor.py:161} INFO - Started process (PID=12542) to work on /home/ubuntu/chch-fuel-recommendator/airflow/af_env/lib/python3.12/site-packages/airflow/example_dags/tutorial_taskflow_api.py
[2024-05-18T04:48:59.833+0000] {processor.py:830} INFO - Processing file /home/ubuntu/chch-fuel-recommendator/airflow/af_env/lib/python3.12/site-packages/airflow/example_dags/tutorial_taskflow_api.py for tasks to queue
[2024-05-18T04:48:59.836+0000] {logging_mixin.py:188} INFO - [2024-05-18T04:48:59.835+0000] {dagbag.py:545} INFO - Filling up the DagBag from /home/ubuntu/chch-fuel-recommendator/airflow/af_env/lib/python3.12/site-packages/airflow/example_dags/tutorial_taskflow_api.py
[2024-05-18T04:48:59.845+0000] {processor.py:840} INFO - DAG(s) 'tutorial_taskflow_api' retrieved from /home/ubuntu/chch-fuel-recommendator/airflow/af_env/lib/python3.12/site-packages/airflow/example_dags/tutorial_taskflow_api.py
[2024-05-18T04:48:59.863+0000] {logging_mixin.py:188} INFO - [2024-05-18T04:48:59.863+0000] {dag.py:3096} INFO - Sync 1 DAGs
[2024-05-18T04:48:59.880+0000] {logging_mixin.py:188} INFO - [2024-05-18T04:48:59.880+0000] {dag.py:3954} INFO - Setting next_dagrun for tutorial_taskflow_api to None, run_after=None
[2024-05-18T04:48:59.908+0000] {processor.py:183} INFO - Processing /home/ubuntu/chch-fuel-recommendator/airflow/af_env/lib/python3.12/site-packages/airflow/example_dags/tutorial_taskflow_api.py took 0.082 seconds
[2024-05-18T04:49:43.353+0000] {processor.py:161} INFO - Started process (PID=12584) to work on /home/ubuntu/chch-fuel-recommendator/airflow/af_env/lib/python3.12/site-packages/airflow/example_dags/tutorial_taskflow_api.py
[2024-05-18T04:49:43.354+0000] {processor.py:830} INFO - Processing file /home/ubuntu/chch-fuel-recommendator/airflow/af_env/lib/python3.12/site-packages/airflow/example_dags/tutorial_taskflow_api.py for tasks to queue
[2024-05-18T04:49:43.356+0000] {logging_mixin.py:188} INFO - [2024-05-18T04:49:43.356+0000] {dagbag.py:545} INFO - Filling up the DagBag from /home/ubuntu/chch-fuel-recommendator/airflow/af_env/lib/python3.12/site-packages/airflow/example_dags/tutorial_taskflow_api.py
[2024-05-18T04:49:43.364+0000] {processor.py:840} INFO - DAG(s) 'tutorial_taskflow_api' retrieved from /home/ubuntu/chch-fuel-recommendator/airflow/af_env/lib/python3.12/site-packages/airflow/example_dags/tutorial_taskflow_api.py
[2024-05-18T04:49:43.383+0000] {logging_mixin.py:188} INFO - [2024-05-18T04:49:43.383+0000] {dag.py:3096} INFO - Sync 1 DAGs
[2024-05-18T04:49:43.396+0000] {logging_mixin.py:188} INFO - [2024-05-18T04:49:43.396+0000] {dag.py:3954} INFO - Setting next_dagrun for tutorial_taskflow_api to None, run_after=None
[2024-05-18T04:49:43.422+0000] {processor.py:183} INFO - Processing /home/ubuntu/chch-fuel-recommendator/airflow/af_env/lib/python3.12/site-packages/airflow/example_dags/tutorial_taskflow_api.py took 0.077 seconds
[2024-05-18T04:50:27.960+0000] {processor.py:161} INFO - Started process (PID=12632) to work on /home/ubuntu/chch-fuel-recommendator/airflow/af_env/lib/python3.12/site-packages/airflow/example_dags/tutorial_taskflow_api.py
[2024-05-18T04:50:27.962+0000] {processor.py:830} INFO - Processing file /home/ubuntu/chch-fuel-recommendator/airflow/af_env/lib/python3.12/site-packages/airflow/example_dags/tutorial_taskflow_api.py for tasks to queue
[2024-05-18T04:50:27.965+0000] {logging_mixin.py:188} INFO - [2024-05-18T04:50:27.964+0000] {dagbag.py:545} INFO - Filling up the DagBag from /home/ubuntu/chch-fuel-recommendator/airflow/af_env/lib/python3.12/site-packages/airflow/example_dags/tutorial_taskflow_api.py
[2024-05-18T04:50:27.975+0000] {processor.py:840} INFO - DAG(s) 'tutorial_taskflow_api' retrieved from /home/ubuntu/chch-fuel-recommendator/airflow/af_env/lib/python3.12/site-packages/airflow/example_dags/tutorial_taskflow_api.py
[2024-05-18T04:50:27.999+0000] {logging_mixin.py:188} INFO - [2024-05-18T04:50:27.998+0000] {dag.py:3096} INFO - Sync 1 DAGs
[2024-05-18T04:50:28.017+0000] {logging_mixin.py:188} INFO - [2024-05-18T04:50:28.017+0000] {dag.py:3954} INFO - Setting next_dagrun for tutorial_taskflow_api to None, run_after=None
[2024-05-18T04:50:28.054+0000] {processor.py:183} INFO - Processing /home/ubuntu/chch-fuel-recommendator/airflow/af_env/lib/python3.12/site-packages/airflow/example_dags/tutorial_taskflow_api.py took 0.109 seconds
[2024-05-18T04:51:13.126+0000] {processor.py:161} INFO - Started process (PID=12677) to work on /home/ubuntu/chch-fuel-recommendator/airflow/af_env/lib/python3.12/site-packages/airflow/example_dags/tutorial_taskflow_api.py
[2024-05-18T04:51:13.127+0000] {processor.py:830} INFO - Processing file /home/ubuntu/chch-fuel-recommendator/airflow/af_env/lib/python3.12/site-packages/airflow/example_dags/tutorial_taskflow_api.py for tasks to queue
[2024-05-18T04:51:13.129+0000] {logging_mixin.py:188} INFO - [2024-05-18T04:51:13.129+0000] {dagbag.py:545} INFO - Filling up the DagBag from /home/ubuntu/chch-fuel-recommendator/airflow/af_env/lib/python3.12/site-packages/airflow/example_dags/tutorial_taskflow_api.py
[2024-05-18T04:51:13.136+0000] {processor.py:840} INFO - DAG(s) 'tutorial_taskflow_api' retrieved from /home/ubuntu/chch-fuel-recommendator/airflow/af_env/lib/python3.12/site-packages/airflow/example_dags/tutorial_taskflow_api.py
[2024-05-18T04:51:13.159+0000] {logging_mixin.py:188} INFO - [2024-05-18T04:51:13.158+0000] {dag.py:3096} INFO - Sync 1 DAGs
[2024-05-18T04:51:13.173+0000] {logging_mixin.py:188} INFO - [2024-05-18T04:51:13.173+0000] {dag.py:3954} INFO - Setting next_dagrun for tutorial_taskflow_api to None, run_after=None
[2024-05-18T04:51:13.209+0000] {processor.py:183} INFO - Processing /home/ubuntu/chch-fuel-recommendator/airflow/af_env/lib/python3.12/site-packages/airflow/example_dags/tutorial_taskflow_api.py took 0.089 seconds
[2024-05-18T04:51:55.849+0000] {processor.py:161} INFO - Started process (PID=12720) to work on /home/ubuntu/chch-fuel-recommendator/airflow/af_env/lib/python3.12/site-packages/airflow/example_dags/tutorial_taskflow_api.py
[2024-05-18T04:51:55.850+0000] {processor.py:830} INFO - Processing file /home/ubuntu/chch-fuel-recommendator/airflow/af_env/lib/python3.12/site-packages/airflow/example_dags/tutorial_taskflow_api.py for tasks to queue
[2024-05-18T04:51:55.852+0000] {logging_mixin.py:188} INFO - [2024-05-18T04:51:55.852+0000] {dagbag.py:545} INFO - Filling up the DagBag from /home/ubuntu/chch-fuel-recommendator/airflow/af_env/lib/python3.12/site-packages/airflow/example_dags/tutorial_taskflow_api.py
[2024-05-18T04:51:55.859+0000] {processor.py:840} INFO - DAG(s) 'tutorial_taskflow_api' retrieved from /home/ubuntu/chch-fuel-recommendator/airflow/af_env/lib/python3.12/site-packages/airflow/example_dags/tutorial_taskflow_api.py
[2024-05-18T04:51:55.879+0000] {logging_mixin.py:188} INFO - [2024-05-18T04:51:55.879+0000] {dag.py:3096} INFO - Sync 1 DAGs
[2024-05-18T04:51:55.897+0000] {logging_mixin.py:188} INFO - [2024-05-18T04:51:55.897+0000] {dag.py:3954} INFO - Setting next_dagrun for tutorial_taskflow_api to None, run_after=None
[2024-05-18T04:51:55.933+0000] {processor.py:183} INFO - Processing /home/ubuntu/chch-fuel-recommendator/airflow/af_env/lib/python3.12/site-packages/airflow/example_dags/tutorial_taskflow_api.py took 0.089 seconds
[2024-05-18T04:52:42.634+0000] {processor.py:161} INFO - Started process (PID=12765) to work on /home/ubuntu/chch-fuel-recommendator/airflow/af_env/lib/python3.12/site-packages/airflow/example_dags/tutorial_taskflow_api.py
[2024-05-18T04:52:42.636+0000] {processor.py:830} INFO - Processing file /home/ubuntu/chch-fuel-recommendator/airflow/af_env/lib/python3.12/site-packages/airflow/example_dags/tutorial_taskflow_api.py for tasks to queue
[2024-05-18T04:52:42.638+0000] {logging_mixin.py:188} INFO - [2024-05-18T04:52:42.637+0000] {dagbag.py:545} INFO - Filling up the DagBag from /home/ubuntu/chch-fuel-recommendator/airflow/af_env/lib/python3.12/site-packages/airflow/example_dags/tutorial_taskflow_api.py
[2024-05-18T04:52:42.645+0000] {processor.py:840} INFO - DAG(s) 'tutorial_taskflow_api' retrieved from /home/ubuntu/chch-fuel-recommendator/airflow/af_env/lib/python3.12/site-packages/airflow/example_dags/tutorial_taskflow_api.py
[2024-05-18T04:52:42.662+0000] {logging_mixin.py:188} INFO - [2024-05-18T04:52:42.661+0000] {dag.py:3096} INFO - Sync 1 DAGs
[2024-05-18T04:52:42.674+0000] {logging_mixin.py:188} INFO - [2024-05-18T04:52:42.673+0000] {dag.py:3954} INFO - Setting next_dagrun for tutorial_taskflow_api to None, run_after=None
[2024-05-18T04:52:42.703+0000] {processor.py:183} INFO - Processing /home/ubuntu/chch-fuel-recommendator/airflow/af_env/lib/python3.12/site-packages/airflow/example_dags/tutorial_taskflow_api.py took 0.075 seconds
[2024-05-18T04:53:28.808+0000] {processor.py:161} INFO - Started process (PID=12811) to work on /home/ubuntu/chch-fuel-recommendator/airflow/af_env/lib/python3.12/site-packages/airflow/example_dags/tutorial_taskflow_api.py
[2024-05-18T04:53:28.810+0000] {processor.py:830} INFO - Processing file /home/ubuntu/chch-fuel-recommendator/airflow/af_env/lib/python3.12/site-packages/airflow/example_dags/tutorial_taskflow_api.py for tasks to queue
[2024-05-18T04:53:28.811+0000] {logging_mixin.py:188} INFO - [2024-05-18T04:53:28.811+0000] {dagbag.py:545} INFO - Filling up the DagBag from /home/ubuntu/chch-fuel-recommendator/airflow/af_env/lib/python3.12/site-packages/airflow/example_dags/tutorial_taskflow_api.py
[2024-05-18T04:53:28.820+0000] {processor.py:840} INFO - DAG(s) 'tutorial_taskflow_api' retrieved from /home/ubuntu/chch-fuel-recommendator/airflow/af_env/lib/python3.12/site-packages/airflow/example_dags/tutorial_taskflow_api.py
[2024-05-18T04:53:28.848+0000] {logging_mixin.py:188} INFO - [2024-05-18T04:53:28.847+0000] {dag.py:3096} INFO - Sync 1 DAGs
[2024-05-18T04:53:28.873+0000] {logging_mixin.py:188} INFO - [2024-05-18T04:53:28.872+0000] {dag.py:3954} INFO - Setting next_dagrun for tutorial_taskflow_api to None, run_after=None
[2024-05-18T04:53:28.926+0000] {processor.py:183} INFO - Processing /home/ubuntu/chch-fuel-recommendator/airflow/af_env/lib/python3.12/site-packages/airflow/example_dags/tutorial_taskflow_api.py took 0.124 seconds
[2024-05-18T05:32:12.421+0000] {processor.py:161} INFO - Started process (PID=15062) to work on /home/ubuntu/airflow/airflow_env/lib/python3.12/site-packages/airflow/example_dags/tutorial_taskflow_api.py
[2024-05-18T05:32:12.423+0000] {processor.py:830} INFO - Processing file /home/ubuntu/airflow/airflow_env/lib/python3.12/site-packages/airflow/example_dags/tutorial_taskflow_api.py for tasks to queue
[2024-05-18T05:32:12.424+0000] {logging_mixin.py:188} INFO - [2024-05-18T05:32:12.424+0000] {dagbag.py:545} INFO - Filling up the DagBag from /home/ubuntu/airflow/airflow_env/lib/python3.12/site-packages/airflow/example_dags/tutorial_taskflow_api.py
[2024-05-18T05:32:12.433+0000] {processor.py:840} INFO - DAG(s) 'tutorial_taskflow_api' retrieved from /home/ubuntu/airflow/airflow_env/lib/python3.12/site-packages/airflow/example_dags/tutorial_taskflow_api.py
[2024-05-18T05:32:12.601+0000] {logging_mixin.py:188} INFO - [2024-05-18T05:32:12.601+0000] {dag.py:3096} INFO - Sync 1 DAGs
[2024-05-18T05:32:12.614+0000] {logging_mixin.py:188} INFO - [2024-05-18T05:32:12.614+0000] {dag.py:3954} INFO - Setting next_dagrun for tutorial_taskflow_api to None, run_after=None
[2024-05-18T05:32:12.659+0000] {processor.py:183} INFO - Processing /home/ubuntu/airflow/airflow_env/lib/python3.12/site-packages/airflow/example_dags/tutorial_taskflow_api.py took 0.245 seconds
[2024-05-18T05:32:43.057+0000] {processor.py:161} INFO - Started process (PID=15116) to work on /home/ubuntu/airflow/airflow_env/lib/python3.12/site-packages/airflow/example_dags/tutorial_taskflow_api.py
[2024-05-18T05:32:43.058+0000] {processor.py:830} INFO - Processing file /home/ubuntu/airflow/airflow_env/lib/python3.12/site-packages/airflow/example_dags/tutorial_taskflow_api.py for tasks to queue
[2024-05-18T05:32:43.063+0000] {logging_mixin.py:188} INFO - [2024-05-18T05:32:43.060+0000] {dagbag.py:545} INFO - Filling up the DagBag from /home/ubuntu/airflow/airflow_env/lib/python3.12/site-packages/airflow/example_dags/tutorial_taskflow_api.py
[2024-05-18T05:32:43.082+0000] {processor.py:840} INFO - DAG(s) 'tutorial_taskflow_api' retrieved from /home/ubuntu/airflow/airflow_env/lib/python3.12/site-packages/airflow/example_dags/tutorial_taskflow_api.py
[2024-05-18T05:32:43.178+0000] {logging_mixin.py:188} INFO - [2024-05-18T05:32:43.177+0000] {dag.py:3096} INFO - Sync 1 DAGs
[2024-05-18T05:32:43.217+0000] {logging_mixin.py:188} INFO - [2024-05-18T05:32:43.216+0000] {dag.py:3954} INFO - Setting next_dagrun for tutorial_taskflow_api to None, run_after=None
[2024-05-18T05:32:43.256+0000] {processor.py:183} INFO - Processing /home/ubuntu/airflow/airflow_env/lib/python3.12/site-packages/airflow/example_dags/tutorial_taskflow_api.py took 0.228 seconds
[2024-05-18T05:33:13.574+0000] {processor.py:161} INFO - Started process (PID=15170) to work on /home/ubuntu/airflow/airflow_env/lib/python3.12/site-packages/airflow/example_dags/tutorial_taskflow_api.py
[2024-05-18T05:33:13.576+0000] {processor.py:830} INFO - Processing file /home/ubuntu/airflow/airflow_env/lib/python3.12/site-packages/airflow/example_dags/tutorial_taskflow_api.py for tasks to queue
[2024-05-18T05:33:13.579+0000] {logging_mixin.py:188} INFO - [2024-05-18T05:33:13.578+0000] {dagbag.py:545} INFO - Filling up the DagBag from /home/ubuntu/airflow/airflow_env/lib/python3.12/site-packages/airflow/example_dags/tutorial_taskflow_api.py
[2024-05-18T05:33:13.590+0000] {processor.py:840} INFO - DAG(s) 'tutorial_taskflow_api' retrieved from /home/ubuntu/airflow/airflow_env/lib/python3.12/site-packages/airflow/example_dags/tutorial_taskflow_api.py
[2024-05-18T05:33:13.665+0000] {logging_mixin.py:188} INFO - [2024-05-18T05:33:13.664+0000] {dag.py:3096} INFO - Sync 1 DAGs
[2024-05-18T05:33:13.682+0000] {logging_mixin.py:188} INFO - [2024-05-18T05:33:13.682+0000] {dag.py:3954} INFO - Setting next_dagrun for tutorial_taskflow_api to None, run_after=None
[2024-05-18T05:33:13.732+0000] {processor.py:183} INFO - Processing /home/ubuntu/airflow/airflow_env/lib/python3.12/site-packages/airflow/example_dags/tutorial_taskflow_api.py took 0.167 seconds
[2024-05-18T05:33:43.998+0000] {processor.py:161} INFO - Started process (PID=15221) to work on /home/ubuntu/airflow/airflow_env/lib/python3.12/site-packages/airflow/example_dags/tutorial_taskflow_api.py
[2024-05-18T05:33:43.999+0000] {processor.py:830} INFO - Processing file /home/ubuntu/airflow/airflow_env/lib/python3.12/site-packages/airflow/example_dags/tutorial_taskflow_api.py for tasks to queue
[2024-05-18T05:33:44.001+0000] {logging_mixin.py:188} INFO - [2024-05-18T05:33:44.001+0000] {dagbag.py:545} INFO - Filling up the DagBag from /home/ubuntu/airflow/airflow_env/lib/python3.12/site-packages/airflow/example_dags/tutorial_taskflow_api.py
[2024-05-18T05:33:44.012+0000] {processor.py:840} INFO - DAG(s) 'tutorial_taskflow_api' retrieved from /home/ubuntu/airflow/airflow_env/lib/python3.12/site-packages/airflow/example_dags/tutorial_taskflow_api.py
[2024-05-18T05:33:44.121+0000] {logging_mixin.py:188} INFO - [2024-05-18T05:33:44.120+0000] {dag.py:3096} INFO - Sync 1 DAGs
[2024-05-18T05:33:44.147+0000] {logging_mixin.py:188} INFO - [2024-05-18T05:33:44.146+0000] {dag.py:3954} INFO - Setting next_dagrun for tutorial_taskflow_api to None, run_after=None
[2024-05-18T05:33:44.204+0000] {processor.py:183} INFO - Processing /home/ubuntu/airflow/airflow_env/lib/python3.12/site-packages/airflow/example_dags/tutorial_taskflow_api.py took 0.215 seconds
[2024-05-18T05:34:15.152+0000] {processor.py:161} INFO - Started process (PID=15273) to work on /home/ubuntu/airflow/airflow_env/lib/python3.12/site-packages/airflow/example_dags/tutorial_taskflow_api.py
[2024-05-18T05:34:15.154+0000] {processor.py:830} INFO - Processing file /home/ubuntu/airflow/airflow_env/lib/python3.12/site-packages/airflow/example_dags/tutorial_taskflow_api.py for tasks to queue
[2024-05-18T05:34:15.156+0000] {logging_mixin.py:188} INFO - [2024-05-18T05:34:15.156+0000] {dagbag.py:545} INFO - Filling up the DagBag from /home/ubuntu/airflow/airflow_env/lib/python3.12/site-packages/airflow/example_dags/tutorial_taskflow_api.py
[2024-05-18T05:34:15.164+0000] {processor.py:840} INFO - DAG(s) 'tutorial_taskflow_api' retrieved from /home/ubuntu/airflow/airflow_env/lib/python3.12/site-packages/airflow/example_dags/tutorial_taskflow_api.py
[2024-05-18T05:34:15.209+0000] {logging_mixin.py:188} INFO - [2024-05-18T05:34:15.208+0000] {dag.py:3096} INFO - Sync 1 DAGs
[2024-05-18T05:34:15.223+0000] {logging_mixin.py:188} INFO - [2024-05-18T05:34:15.222+0000] {dag.py:3954} INFO - Setting next_dagrun for tutorial_taskflow_api to None, run_after=None
[2024-05-18T05:34:15.246+0000] {processor.py:183} INFO - Processing /home/ubuntu/airflow/airflow_env/lib/python3.12/site-packages/airflow/example_dags/tutorial_taskflow_api.py took 0.101 seconds
[2024-05-18T05:34:46.154+0000] {processor.py:161} INFO - Started process (PID=15324) to work on /home/ubuntu/airflow/airflow_env/lib/python3.12/site-packages/airflow/example_dags/tutorial_taskflow_api.py
[2024-05-18T05:34:46.156+0000] {processor.py:830} INFO - Processing file /home/ubuntu/airflow/airflow_env/lib/python3.12/site-packages/airflow/example_dags/tutorial_taskflow_api.py for tasks to queue
[2024-05-18T05:34:46.158+0000] {logging_mixin.py:188} INFO - [2024-05-18T05:34:46.157+0000] {dagbag.py:545} INFO - Filling up the DagBag from /home/ubuntu/airflow/airflow_env/lib/python3.12/site-packages/airflow/example_dags/tutorial_taskflow_api.py
[2024-05-18T05:34:46.165+0000] {processor.py:840} INFO - DAG(s) 'tutorial_taskflow_api' retrieved from /home/ubuntu/airflow/airflow_env/lib/python3.12/site-packages/airflow/example_dags/tutorial_taskflow_api.py
[2024-05-18T05:34:46.236+0000] {logging_mixin.py:188} INFO - [2024-05-18T05:34:46.236+0000] {dag.py:3096} INFO - Sync 1 DAGs
[2024-05-18T05:34:46.258+0000] {logging_mixin.py:188} INFO - [2024-05-18T05:34:46.257+0000] {dag.py:3954} INFO - Setting next_dagrun for tutorial_taskflow_api to None, run_after=None
[2024-05-18T05:34:46.288+0000] {processor.py:183} INFO - Processing /home/ubuntu/airflow/airflow_env/lib/python3.12/site-packages/airflow/example_dags/tutorial_taskflow_api.py took 0.141 seconds
[2024-05-18T05:35:16.542+0000] {processor.py:161} INFO - Started process (PID=15378) to work on /home/ubuntu/airflow/airflow_env/lib/python3.12/site-packages/airflow/example_dags/tutorial_taskflow_api.py
[2024-05-18T05:35:16.544+0000] {processor.py:830} INFO - Processing file /home/ubuntu/airflow/airflow_env/lib/python3.12/site-packages/airflow/example_dags/tutorial_taskflow_api.py for tasks to queue
[2024-05-18T05:35:16.546+0000] {logging_mixin.py:188} INFO - [2024-05-18T05:35:16.546+0000] {dagbag.py:545} INFO - Filling up the DagBag from /home/ubuntu/airflow/airflow_env/lib/python3.12/site-packages/airflow/example_dags/tutorial_taskflow_api.py
[2024-05-18T05:35:16.555+0000] {processor.py:840} INFO - DAG(s) 'tutorial_taskflow_api' retrieved from /home/ubuntu/airflow/airflow_env/lib/python3.12/site-packages/airflow/example_dags/tutorial_taskflow_api.py
[2024-05-18T05:35:16.641+0000] {logging_mixin.py:188} INFO - [2024-05-18T05:35:16.641+0000] {dag.py:3096} INFO - Sync 1 DAGs
[2024-05-18T05:35:16.661+0000] {logging_mixin.py:188} INFO - [2024-05-18T05:35:16.661+0000] {dag.py:3954} INFO - Setting next_dagrun for tutorial_taskflow_api to None, run_after=None
[2024-05-18T05:35:16.688+0000] {processor.py:183} INFO - Processing /home/ubuntu/airflow/airflow_env/lib/python3.12/site-packages/airflow/example_dags/tutorial_taskflow_api.py took 0.156 seconds
[2024-05-18T05:35:46.763+0000] {processor.py:161} INFO - Started process (PID=15429) to work on /home/ubuntu/airflow/airflow_env/lib/python3.12/site-packages/airflow/example_dags/tutorial_taskflow_api.py
[2024-05-18T05:35:46.764+0000] {processor.py:830} INFO - Processing file /home/ubuntu/airflow/airflow_env/lib/python3.12/site-packages/airflow/example_dags/tutorial_taskflow_api.py for tasks to queue
[2024-05-18T05:35:46.767+0000] {logging_mixin.py:188} INFO - [2024-05-18T05:35:46.766+0000] {dagbag.py:545} INFO - Filling up the DagBag from /home/ubuntu/airflow/airflow_env/lib/python3.12/site-packages/airflow/example_dags/tutorial_taskflow_api.py
[2024-05-18T05:35:46.777+0000] {processor.py:840} INFO - DAG(s) 'tutorial_taskflow_api' retrieved from /home/ubuntu/airflow/airflow_env/lib/python3.12/site-packages/airflow/example_dags/tutorial_taskflow_api.py
[2024-05-18T05:35:46.846+0000] {logging_mixin.py:188} INFO - [2024-05-18T05:35:46.846+0000] {dag.py:3096} INFO - Sync 1 DAGs
[2024-05-18T05:35:46.864+0000] {logging_mixin.py:188} INFO - [2024-05-18T05:35:46.863+0000] {dag.py:3954} INFO - Setting next_dagrun for tutorial_taskflow_api to None, run_after=None
[2024-05-18T05:35:46.885+0000] {processor.py:183} INFO - Processing /home/ubuntu/airflow/airflow_env/lib/python3.12/site-packages/airflow/example_dags/tutorial_taskflow_api.py took 0.135 seconds
[2024-05-18T05:36:16.964+0000] {processor.py:161} INFO - Started process (PID=15480) to work on /home/ubuntu/airflow/airflow_env/lib/python3.12/site-packages/airflow/example_dags/tutorial_taskflow_api.py
[2024-05-18T05:36:16.966+0000] {processor.py:830} INFO - Processing file /home/ubuntu/airflow/airflow_env/lib/python3.12/site-packages/airflow/example_dags/tutorial_taskflow_api.py for tasks to queue
[2024-05-18T05:36:16.969+0000] {logging_mixin.py:188} INFO - [2024-05-18T05:36:16.968+0000] {dagbag.py:545} INFO - Filling up the DagBag from /home/ubuntu/airflow/airflow_env/lib/python3.12/site-packages/airflow/example_dags/tutorial_taskflow_api.py
[2024-05-18T05:36:16.982+0000] {processor.py:840} INFO - DAG(s) 'tutorial_taskflow_api' retrieved from /home/ubuntu/airflow/airflow_env/lib/python3.12/site-packages/airflow/example_dags/tutorial_taskflow_api.py
[2024-05-18T05:36:17.055+0000] {logging_mixin.py:188} INFO - [2024-05-18T05:36:17.054+0000] {dag.py:3096} INFO - Sync 1 DAGs
[2024-05-18T05:36:17.088+0000] {logging_mixin.py:188} INFO - [2024-05-18T05:36:17.088+0000] {dag.py:3954} INFO - Setting next_dagrun for tutorial_taskflow_api to None, run_after=None
[2024-05-18T05:36:17.124+0000] {processor.py:183} INFO - Processing /home/ubuntu/airflow/airflow_env/lib/python3.12/site-packages/airflow/example_dags/tutorial_taskflow_api.py took 0.171 seconds
[2024-05-18T05:36:47.973+0000] {processor.py:161} INFO - Started process (PID=15531) to work on /home/ubuntu/airflow/airflow_env/lib/python3.12/site-packages/airflow/example_dags/tutorial_taskflow_api.py
[2024-05-18T05:36:47.974+0000] {processor.py:830} INFO - Processing file /home/ubuntu/airflow/airflow_env/lib/python3.12/site-packages/airflow/example_dags/tutorial_taskflow_api.py for tasks to queue
[2024-05-18T05:36:47.976+0000] {logging_mixin.py:188} INFO - [2024-05-18T05:36:47.976+0000] {dagbag.py:545} INFO - Filling up the DagBag from /home/ubuntu/airflow/airflow_env/lib/python3.12/site-packages/airflow/example_dags/tutorial_taskflow_api.py
[2024-05-18T05:36:47.987+0000] {processor.py:840} INFO - DAG(s) 'tutorial_taskflow_api' retrieved from /home/ubuntu/airflow/airflow_env/lib/python3.12/site-packages/airflow/example_dags/tutorial_taskflow_api.py
[2024-05-18T05:36:48.051+0000] {logging_mixin.py:188} INFO - [2024-05-18T05:36:48.051+0000] {dag.py:3096} INFO - Sync 1 DAGs
[2024-05-18T05:36:48.073+0000] {logging_mixin.py:188} INFO - [2024-05-18T05:36:48.072+0000] {dag.py:3954} INFO - Setting next_dagrun for tutorial_taskflow_api to None, run_after=None
[2024-05-18T05:36:48.118+0000] {processor.py:183} INFO - Processing /home/ubuntu/airflow/airflow_env/lib/python3.12/site-packages/airflow/example_dags/tutorial_taskflow_api.py took 0.154 seconds
[2024-05-18T05:37:18.959+0000] {processor.py:161} INFO - Started process (PID=15582) to work on /home/ubuntu/airflow/airflow_env/lib/python3.12/site-packages/airflow/example_dags/tutorial_taskflow_api.py
[2024-05-18T05:37:18.965+0000] {processor.py:830} INFO - Processing file /home/ubuntu/airflow/airflow_env/lib/python3.12/site-packages/airflow/example_dags/tutorial_taskflow_api.py for tasks to queue
[2024-05-18T05:37:18.967+0000] {logging_mixin.py:188} INFO - [2024-05-18T05:37:18.967+0000] {dagbag.py:545} INFO - Filling up the DagBag from /home/ubuntu/airflow/airflow_env/lib/python3.12/site-packages/airflow/example_dags/tutorial_taskflow_api.py
[2024-05-18T05:37:18.980+0000] {processor.py:840} INFO - DAG(s) 'tutorial_taskflow_api' retrieved from /home/ubuntu/airflow/airflow_env/lib/python3.12/site-packages/airflow/example_dags/tutorial_taskflow_api.py
[2024-05-18T05:37:19.051+0000] {logging_mixin.py:188} INFO - [2024-05-18T05:37:19.051+0000] {dag.py:3096} INFO - Sync 1 DAGs
[2024-05-18T05:37:19.073+0000] {logging_mixin.py:188} INFO - [2024-05-18T05:37:19.072+0000] {dag.py:3954} INFO - Setting next_dagrun for tutorial_taskflow_api to None, run_after=None
[2024-05-18T05:37:19.111+0000] {processor.py:183} INFO - Processing /home/ubuntu/airflow/airflow_env/lib/python3.12/site-packages/airflow/example_dags/tutorial_taskflow_api.py took 0.172 seconds
[2024-05-18T05:37:49.150+0000] {processor.py:161} INFO - Started process (PID=15634) to work on /home/ubuntu/airflow/airflow_env/lib/python3.12/site-packages/airflow/example_dags/tutorial_taskflow_api.py
[2024-05-18T05:37:49.151+0000] {processor.py:830} INFO - Processing file /home/ubuntu/airflow/airflow_env/lib/python3.12/site-packages/airflow/example_dags/tutorial_taskflow_api.py for tasks to queue
[2024-05-18T05:37:49.153+0000] {logging_mixin.py:188} INFO - [2024-05-18T05:37:49.153+0000] {dagbag.py:545} INFO - Filling up the DagBag from /home/ubuntu/airflow/airflow_env/lib/python3.12/site-packages/airflow/example_dags/tutorial_taskflow_api.py
[2024-05-18T05:37:49.162+0000] {processor.py:840} INFO - DAG(s) 'tutorial_taskflow_api' retrieved from /home/ubuntu/airflow/airflow_env/lib/python3.12/site-packages/airflow/example_dags/tutorial_taskflow_api.py
[2024-05-18T05:37:49.214+0000] {logging_mixin.py:188} INFO - [2024-05-18T05:37:49.214+0000] {dag.py:3096} INFO - Sync 1 DAGs
[2024-05-18T05:37:49.233+0000] {logging_mixin.py:188} INFO - [2024-05-18T05:37:49.233+0000] {dag.py:3954} INFO - Setting next_dagrun for tutorial_taskflow_api to None, run_after=None
[2024-05-18T05:37:49.267+0000] {processor.py:183} INFO - Processing /home/ubuntu/airflow/airflow_env/lib/python3.12/site-packages/airflow/example_dags/tutorial_taskflow_api.py took 0.126 seconds
[2024-05-18T05:38:19.481+0000] {processor.py:161} INFO - Started process (PID=15685) to work on /home/ubuntu/airflow/airflow_env/lib/python3.12/site-packages/airflow/example_dags/tutorial_taskflow_api.py
[2024-05-18T05:38:19.483+0000] {processor.py:830} INFO - Processing file /home/ubuntu/airflow/airflow_env/lib/python3.12/site-packages/airflow/example_dags/tutorial_taskflow_api.py for tasks to queue
[2024-05-18T05:38:19.491+0000] {logging_mixin.py:188} INFO - [2024-05-18T05:38:19.489+0000] {dagbag.py:545} INFO - Filling up the DagBag from /home/ubuntu/airflow/airflow_env/lib/python3.12/site-packages/airflow/example_dags/tutorial_taskflow_api.py
[2024-05-18T05:38:19.502+0000] {processor.py:840} INFO - DAG(s) 'tutorial_taskflow_api' retrieved from /home/ubuntu/airflow/airflow_env/lib/python3.12/site-packages/airflow/example_dags/tutorial_taskflow_api.py
[2024-05-18T05:38:19.564+0000] {logging_mixin.py:188} INFO - [2024-05-18T05:38:19.564+0000] {dag.py:3096} INFO - Sync 1 DAGs
[2024-05-18T05:38:19.583+0000] {logging_mixin.py:188} INFO - [2024-05-18T05:38:19.583+0000] {dag.py:3954} INFO - Setting next_dagrun for tutorial_taskflow_api to None, run_after=None
[2024-05-18T05:38:19.623+0000] {processor.py:183} INFO - Processing /home/ubuntu/airflow/airflow_env/lib/python3.12/site-packages/airflow/example_dags/tutorial_taskflow_api.py took 0.154 seconds
[2024-05-18T05:38:49.715+0000] {processor.py:161} INFO - Started process (PID=15737) to work on /home/ubuntu/airflow/airflow_env/lib/python3.12/site-packages/airflow/example_dags/tutorial_taskflow_api.py
[2024-05-18T05:38:49.716+0000] {processor.py:830} INFO - Processing file /home/ubuntu/airflow/airflow_env/lib/python3.12/site-packages/airflow/example_dags/tutorial_taskflow_api.py for tasks to queue
[2024-05-18T05:38:49.719+0000] {logging_mixin.py:188} INFO - [2024-05-18T05:38:49.718+0000] {dagbag.py:545} INFO - Filling up the DagBag from /home/ubuntu/airflow/airflow_env/lib/python3.12/site-packages/airflow/example_dags/tutorial_taskflow_api.py
[2024-05-18T05:38:49.730+0000] {processor.py:840} INFO - DAG(s) 'tutorial_taskflow_api' retrieved from /home/ubuntu/airflow/airflow_env/lib/python3.12/site-packages/airflow/example_dags/tutorial_taskflow_api.py
[2024-05-18T05:38:49.791+0000] {logging_mixin.py:188} INFO - [2024-05-18T05:38:49.790+0000] {dag.py:3096} INFO - Sync 1 DAGs
[2024-05-18T05:38:49.808+0000] {logging_mixin.py:188} INFO - [2024-05-18T05:38:49.807+0000] {dag.py:3954} INFO - Setting next_dagrun for tutorial_taskflow_api to None, run_after=None
[2024-05-18T05:38:49.840+0000] {processor.py:183} INFO - Processing /home/ubuntu/airflow/airflow_env/lib/python3.12/site-packages/airflow/example_dags/tutorial_taskflow_api.py took 0.136 seconds
[2024-05-18T05:39:19.891+0000] {processor.py:161} INFO - Started process (PID=15789) to work on /home/ubuntu/airflow/airflow_env/lib/python3.12/site-packages/airflow/example_dags/tutorial_taskflow_api.py
[2024-05-18T05:39:19.893+0000] {processor.py:830} INFO - Processing file /home/ubuntu/airflow/airflow_env/lib/python3.12/site-packages/airflow/example_dags/tutorial_taskflow_api.py for tasks to queue
[2024-05-18T05:39:19.896+0000] {logging_mixin.py:188} INFO - [2024-05-18T05:39:19.895+0000] {dagbag.py:545} INFO - Filling up the DagBag from /home/ubuntu/airflow/airflow_env/lib/python3.12/site-packages/airflow/example_dags/tutorial_taskflow_api.py
[2024-05-18T05:39:19.905+0000] {processor.py:840} INFO - DAG(s) 'tutorial_taskflow_api' retrieved from /home/ubuntu/airflow/airflow_env/lib/python3.12/site-packages/airflow/example_dags/tutorial_taskflow_api.py
[2024-05-18T05:39:19.967+0000] {logging_mixin.py:188} INFO - [2024-05-18T05:39:19.966+0000] {dag.py:3096} INFO - Sync 1 DAGs
[2024-05-18T05:39:19.986+0000] {logging_mixin.py:188} INFO - [2024-05-18T05:39:19.985+0000] {dag.py:3954} INFO - Setting next_dagrun for tutorial_taskflow_api to None, run_after=None
[2024-05-18T05:39:20.022+0000] {processor.py:183} INFO - Processing /home/ubuntu/airflow/airflow_env/lib/python3.12/site-packages/airflow/example_dags/tutorial_taskflow_api.py took 0.150 seconds
[2024-05-18T05:39:50.098+0000] {processor.py:161} INFO - Started process (PID=15840) to work on /home/ubuntu/airflow/airflow_env/lib/python3.12/site-packages/airflow/example_dags/tutorial_taskflow_api.py
[2024-05-18T05:39:50.099+0000] {processor.py:830} INFO - Processing file /home/ubuntu/airflow/airflow_env/lib/python3.12/site-packages/airflow/example_dags/tutorial_taskflow_api.py for tasks to queue
[2024-05-18T05:39:50.101+0000] {logging_mixin.py:188} INFO - [2024-05-18T05:39:50.101+0000] {dagbag.py:545} INFO - Filling up the DagBag from /home/ubuntu/airflow/airflow_env/lib/python3.12/site-packages/airflow/example_dags/tutorial_taskflow_api.py
[2024-05-18T05:39:50.109+0000] {processor.py:840} INFO - DAG(s) 'tutorial_taskflow_api' retrieved from /home/ubuntu/airflow/airflow_env/lib/python3.12/site-packages/airflow/example_dags/tutorial_taskflow_api.py
[2024-05-18T05:39:50.160+0000] {logging_mixin.py:188} INFO - [2024-05-18T05:39:50.159+0000] {dag.py:3096} INFO - Sync 1 DAGs
[2024-05-18T05:39:50.180+0000] {logging_mixin.py:188} INFO - [2024-05-18T05:39:50.180+0000] {dag.py:3954} INFO - Setting next_dagrun for tutorial_taskflow_api to None, run_after=None
[2024-05-18T05:39:50.209+0000] {processor.py:183} INFO - Processing /home/ubuntu/airflow/airflow_env/lib/python3.12/site-packages/airflow/example_dags/tutorial_taskflow_api.py took 0.117 seconds
[2024-05-18T05:40:20.451+0000] {processor.py:161} INFO - Started process (PID=16168) to work on /home/ubuntu/airflow/airflow_env/lib/python3.12/site-packages/airflow/example_dags/tutorial_taskflow_api.py
[2024-05-18T05:40:20.452+0000] {processor.py:830} INFO - Processing file /home/ubuntu/airflow/airflow_env/lib/python3.12/site-packages/airflow/example_dags/tutorial_taskflow_api.py for tasks to queue
[2024-05-18T05:40:20.454+0000] {logging_mixin.py:188} INFO - [2024-05-18T05:40:20.454+0000] {dagbag.py:545} INFO - Filling up the DagBag from /home/ubuntu/airflow/airflow_env/lib/python3.12/site-packages/airflow/example_dags/tutorial_taskflow_api.py
[2024-05-18T05:40:20.466+0000] {processor.py:840} INFO - DAG(s) 'tutorial_taskflow_api' retrieved from /home/ubuntu/airflow/airflow_env/lib/python3.12/site-packages/airflow/example_dags/tutorial_taskflow_api.py
[2024-05-18T05:40:20.527+0000] {logging_mixin.py:188} INFO - [2024-05-18T05:40:20.526+0000] {dag.py:3096} INFO - Sync 1 DAGs
[2024-05-18T05:40:20.547+0000] {logging_mixin.py:188} INFO - [2024-05-18T05:40:20.547+0000] {dag.py:3954} INFO - Setting next_dagrun for tutorial_taskflow_api to None, run_after=None
[2024-05-18T05:40:20.587+0000] {processor.py:183} INFO - Processing /home/ubuntu/airflow/airflow_env/lib/python3.12/site-packages/airflow/example_dags/tutorial_taskflow_api.py took 0.147 seconds
[2024-05-18T05:40:50.743+0000] {processor.py:161} INFO - Started process (PID=16227) to work on /home/ubuntu/airflow/airflow_env/lib/python3.12/site-packages/airflow/example_dags/tutorial_taskflow_api.py
[2024-05-18T05:40:50.745+0000] {processor.py:830} INFO - Processing file /home/ubuntu/airflow/airflow_env/lib/python3.12/site-packages/airflow/example_dags/tutorial_taskflow_api.py for tasks to queue
[2024-05-18T05:40:50.748+0000] {logging_mixin.py:188} INFO - [2024-05-18T05:40:50.747+0000] {dagbag.py:545} INFO - Filling up the DagBag from /home/ubuntu/airflow/airflow_env/lib/python3.12/site-packages/airflow/example_dags/tutorial_taskflow_api.py
[2024-05-18T05:40:50.759+0000] {processor.py:840} INFO - DAG(s) 'tutorial_taskflow_api' retrieved from /home/ubuntu/airflow/airflow_env/lib/python3.12/site-packages/airflow/example_dags/tutorial_taskflow_api.py
[2024-05-18T05:40:50.833+0000] {logging_mixin.py:188} INFO - [2024-05-18T05:40:50.832+0000] {dag.py:3096} INFO - Sync 1 DAGs
[2024-05-18T05:40:50.851+0000] {logging_mixin.py:188} INFO - [2024-05-18T05:40:50.850+0000] {dag.py:3954} INFO - Setting next_dagrun for tutorial_taskflow_api to None, run_after=None
[2024-05-18T05:40:50.882+0000] {processor.py:183} INFO - Processing /home/ubuntu/airflow/airflow_env/lib/python3.12/site-packages/airflow/example_dags/tutorial_taskflow_api.py took 0.154 seconds
[2024-05-18T05:41:21.386+0000] {processor.py:161} INFO - Started process (PID=16278) to work on /home/ubuntu/airflow/airflow_env/lib/python3.12/site-packages/airflow/example_dags/tutorial_taskflow_api.py
[2024-05-18T05:41:21.388+0000] {processor.py:830} INFO - Processing file /home/ubuntu/airflow/airflow_env/lib/python3.12/site-packages/airflow/example_dags/tutorial_taskflow_api.py for tasks to queue
[2024-05-18T05:41:21.390+0000] {logging_mixin.py:188} INFO - [2024-05-18T05:41:21.390+0000] {dagbag.py:545} INFO - Filling up the DagBag from /home/ubuntu/airflow/airflow_env/lib/python3.12/site-packages/airflow/example_dags/tutorial_taskflow_api.py
[2024-05-18T05:41:21.399+0000] {processor.py:840} INFO - DAG(s) 'tutorial_taskflow_api' retrieved from /home/ubuntu/airflow/airflow_env/lib/python3.12/site-packages/airflow/example_dags/tutorial_taskflow_api.py
[2024-05-18T05:41:21.460+0000] {logging_mixin.py:188} INFO - [2024-05-18T05:41:21.460+0000] {dag.py:3096} INFO - Sync 1 DAGs
[2024-05-18T05:41:21.477+0000] {logging_mixin.py:188} INFO - [2024-05-18T05:41:21.477+0000] {dag.py:3954} INFO - Setting next_dagrun for tutorial_taskflow_api to None, run_after=None
[2024-05-18T05:41:21.500+0000] {processor.py:183} INFO - Processing /home/ubuntu/airflow/airflow_env/lib/python3.12/site-packages/airflow/example_dags/tutorial_taskflow_api.py took 0.123 seconds
[2024-05-18T05:41:51.957+0000] {processor.py:161} INFO - Started process (PID=16331) to work on /home/ubuntu/airflow/airflow_env/lib/python3.12/site-packages/airflow/example_dags/tutorial_taskflow_api.py
[2024-05-18T05:41:51.958+0000] {processor.py:830} INFO - Processing file /home/ubuntu/airflow/airflow_env/lib/python3.12/site-packages/airflow/example_dags/tutorial_taskflow_api.py for tasks to queue
[2024-05-18T05:41:51.961+0000] {logging_mixin.py:188} INFO - [2024-05-18T05:41:51.960+0000] {dagbag.py:545} INFO - Filling up the DagBag from /home/ubuntu/airflow/airflow_env/lib/python3.12/site-packages/airflow/example_dags/tutorial_taskflow_api.py
[2024-05-18T05:41:51.976+0000] {processor.py:840} INFO - DAG(s) 'tutorial_taskflow_api' retrieved from /home/ubuntu/airflow/airflow_env/lib/python3.12/site-packages/airflow/example_dags/tutorial_taskflow_api.py
[2024-05-18T05:41:52.054+0000] {logging_mixin.py:188} INFO - [2024-05-18T05:41:52.053+0000] {dag.py:3096} INFO - Sync 1 DAGs
[2024-05-18T05:41:52.079+0000] {logging_mixin.py:188} INFO - [2024-05-18T05:41:52.079+0000] {dag.py:3954} INFO - Setting next_dagrun for tutorial_taskflow_api to None, run_after=None
[2024-05-18T05:41:52.102+0000] {processor.py:183} INFO - Processing /home/ubuntu/airflow/airflow_env/lib/python3.12/site-packages/airflow/example_dags/tutorial_taskflow_api.py took 0.155 seconds
[2024-05-18T05:42:23.020+0000] {processor.py:161} INFO - Started process (PID=16382) to work on /home/ubuntu/airflow/airflow_env/lib/python3.12/site-packages/airflow/example_dags/tutorial_taskflow_api.py
[2024-05-18T05:42:23.021+0000] {processor.py:830} INFO - Processing file /home/ubuntu/airflow/airflow_env/lib/python3.12/site-packages/airflow/example_dags/tutorial_taskflow_api.py for tasks to queue
[2024-05-18T05:42:23.023+0000] {logging_mixin.py:188} INFO - [2024-05-18T05:42:23.023+0000] {dagbag.py:545} INFO - Filling up the DagBag from /home/ubuntu/airflow/airflow_env/lib/python3.12/site-packages/airflow/example_dags/tutorial_taskflow_api.py
[2024-05-18T05:42:23.032+0000] {processor.py:840} INFO - DAG(s) 'tutorial_taskflow_api' retrieved from /home/ubuntu/airflow/airflow_env/lib/python3.12/site-packages/airflow/example_dags/tutorial_taskflow_api.py
[2024-05-18T05:42:23.082+0000] {logging_mixin.py:188} INFO - [2024-05-18T05:42:23.082+0000] {dag.py:3096} INFO - Sync 1 DAGs
[2024-05-18T05:42:23.100+0000] {logging_mixin.py:188} INFO - [2024-05-18T05:42:23.099+0000] {dag.py:3954} INFO - Setting next_dagrun for tutorial_taskflow_api to None, run_after=None
[2024-05-18T05:42:23.121+0000] {processor.py:183} INFO - Processing /home/ubuntu/airflow/airflow_env/lib/python3.12/site-packages/airflow/example_dags/tutorial_taskflow_api.py took 0.109 seconds
[2024-05-18T05:42:53.185+0000] {processor.py:161} INFO - Started process (PID=16433) to work on /home/ubuntu/airflow/airflow_env/lib/python3.12/site-packages/airflow/example_dags/tutorial_taskflow_api.py
[2024-05-18T05:42:53.187+0000] {processor.py:830} INFO - Processing file /home/ubuntu/airflow/airflow_env/lib/python3.12/site-packages/airflow/example_dags/tutorial_taskflow_api.py for tasks to queue
[2024-05-18T05:42:53.189+0000] {logging_mixin.py:188} INFO - [2024-05-18T05:42:53.189+0000] {dagbag.py:545} INFO - Filling up the DagBag from /home/ubuntu/airflow/airflow_env/lib/python3.12/site-packages/airflow/example_dags/tutorial_taskflow_api.py
[2024-05-18T05:42:53.202+0000] {processor.py:840} INFO - DAG(s) 'tutorial_taskflow_api' retrieved from /home/ubuntu/airflow/airflow_env/lib/python3.12/site-packages/airflow/example_dags/tutorial_taskflow_api.py
[2024-05-18T05:42:53.299+0000] {logging_mixin.py:188} INFO - [2024-05-18T05:42:53.299+0000] {dag.py:3096} INFO - Sync 1 DAGs
[2024-05-18T05:42:53.335+0000] {logging_mixin.py:188} INFO - [2024-05-18T05:42:53.334+0000] {dag.py:3954} INFO - Setting next_dagrun for tutorial_taskflow_api to None, run_after=None
[2024-05-18T05:42:53.385+0000] {processor.py:183} INFO - Processing /home/ubuntu/airflow/airflow_env/lib/python3.12/site-packages/airflow/example_dags/tutorial_taskflow_api.py took 0.210 seconds
[2024-05-18T05:43:23.570+0000] {processor.py:161} INFO - Started process (PID=16519) to work on /home/ubuntu/airflow/airflow_env/lib/python3.12/site-packages/airflow/example_dags/tutorial_taskflow_api.py
[2024-05-18T05:43:23.572+0000] {processor.py:830} INFO - Processing file /home/ubuntu/airflow/airflow_env/lib/python3.12/site-packages/airflow/example_dags/tutorial_taskflow_api.py for tasks to queue
[2024-05-18T05:43:23.573+0000] {logging_mixin.py:188} INFO - [2024-05-18T05:43:23.573+0000] {dagbag.py:545} INFO - Filling up the DagBag from /home/ubuntu/airflow/airflow_env/lib/python3.12/site-packages/airflow/example_dags/tutorial_taskflow_api.py
[2024-05-18T05:43:23.580+0000] {processor.py:840} INFO - DAG(s) 'tutorial_taskflow_api' retrieved from /home/ubuntu/airflow/airflow_env/lib/python3.12/site-packages/airflow/example_dags/tutorial_taskflow_api.py
[2024-05-18T05:43:23.637+0000] {logging_mixin.py:188} INFO - [2024-05-18T05:43:23.637+0000] {dag.py:3096} INFO - Sync 1 DAGs
[2024-05-18T05:43:23.652+0000] {logging_mixin.py:188} INFO - [2024-05-18T05:43:23.652+0000] {dag.py:3954} INFO - Setting next_dagrun for tutorial_taskflow_api to None, run_after=None
[2024-05-18T05:43:23.677+0000] {processor.py:183} INFO - Processing /home/ubuntu/airflow/airflow_env/lib/python3.12/site-packages/airflow/example_dags/tutorial_taskflow_api.py took 0.114 seconds
[2024-05-18T05:43:54.283+0000] {processor.py:161} INFO - Started process (PID=16569) to work on /home/ubuntu/airflow/airflow_env/lib/python3.12/site-packages/airflow/example_dags/tutorial_taskflow_api.py
[2024-05-18T05:43:54.285+0000] {processor.py:830} INFO - Processing file /home/ubuntu/airflow/airflow_env/lib/python3.12/site-packages/airflow/example_dags/tutorial_taskflow_api.py for tasks to queue
[2024-05-18T05:43:54.288+0000] {logging_mixin.py:188} INFO - [2024-05-18T05:43:54.288+0000] {dagbag.py:545} INFO - Filling up the DagBag from /home/ubuntu/airflow/airflow_env/lib/python3.12/site-packages/airflow/example_dags/tutorial_taskflow_api.py
[2024-05-18T05:43:54.298+0000] {processor.py:840} INFO - DAG(s) 'tutorial_taskflow_api' retrieved from /home/ubuntu/airflow/airflow_env/lib/python3.12/site-packages/airflow/example_dags/tutorial_taskflow_api.py
[2024-05-18T05:43:54.356+0000] {logging_mixin.py:188} INFO - [2024-05-18T05:43:54.356+0000] {dag.py:3096} INFO - Sync 1 DAGs
[2024-05-18T05:43:54.373+0000] {logging_mixin.py:188} INFO - [2024-05-18T05:43:54.373+0000] {dag.py:3954} INFO - Setting next_dagrun for tutorial_taskflow_api to None, run_after=None
[2024-05-18T05:43:54.397+0000] {processor.py:183} INFO - Processing /home/ubuntu/airflow/airflow_env/lib/python3.12/site-packages/airflow/example_dags/tutorial_taskflow_api.py took 0.129 seconds
