[2024-05-18T04:44:04.333+0000] {processor.py:161} INFO - Started process (PID=12256) to work on /home/ubuntu/chch-fuel-recommendator/airflow/af_env/lib/python3.12/site-packages/airflow/example_dags/tutorial.py
[2024-05-18T04:44:04.335+0000] {processor.py:830} INFO - Processing file /home/ubuntu/chch-fuel-recommendator/airflow/af_env/lib/python3.12/site-packages/airflow/example_dags/tutorial.py for tasks to queue
[2024-05-18T04:44:04.338+0000] {logging_mixin.py:188} INFO - [2024-05-18T04:44:04.337+0000] {dagbag.py:545} INFO - Filling up the DagBag from /home/ubuntu/chch-fuel-recommendator/airflow/af_env/lib/python3.12/site-packages/airflow/example_dags/tutorial.py
[2024-05-18T04:44:04.349+0000] {processor.py:840} INFO - DAG(s) 'tutorial' retrieved from /home/ubuntu/chch-fuel-recommendator/airflow/af_env/lib/python3.12/site-packages/airflow/example_dags/tutorial.py
[2024-05-18T04:44:04.524+0000] {logging_mixin.py:188} INFO - [2024-05-18T04:44:04.523+0000] {override.py:1829} INFO - Created Permission View: can edit on DAG:tutorial
[2024-05-18T04:44:04.542+0000] {logging_mixin.py:188} INFO - [2024-05-18T04:44:04.541+0000] {override.py:1829} INFO - Created Permission View: can read on DAG:tutorial
[2024-05-18T04:44:04.556+0000] {logging_mixin.py:188} INFO - [2024-05-18T04:44:04.555+0000] {override.py:1829} INFO - Created Permission View: can delete on DAG:tutorial
[2024-05-18T04:44:04.556+0000] {logging_mixin.py:188} INFO - [2024-05-18T04:44:04.556+0000] {dag.py:3096} INFO - Sync 1 DAGs
[2024-05-18T04:44:04.568+0000] {logging_mixin.py:188} INFO - [2024-05-18T04:44:04.568+0000] {dag.py:3118} INFO - Creating ORM DAG for tutorial
[2024-05-18T04:44:04.578+0000] {logging_mixin.py:188} INFO - [2024-05-18T04:44:04.578+0000] {dag.py:3954} INFO - Setting next_dagrun for tutorial to 2024-05-17 00:00:00+00:00, run_after=2024-05-18 00:00:00+00:00
[2024-05-18T04:44:04.603+0000] {processor.py:183} INFO - Processing /home/ubuntu/chch-fuel-recommendator/airflow/af_env/lib/python3.12/site-packages/airflow/example_dags/tutorial.py took 0.277 seconds
[2024-05-18T04:45:05.168+0000] {processor.py:161} INFO - Started process (PID=12310) to work on /home/ubuntu/chch-fuel-recommendator/airflow/af_env/lib/python3.12/site-packages/airflow/example_dags/tutorial.py
[2024-05-18T04:45:05.170+0000] {processor.py:830} INFO - Processing file /home/ubuntu/chch-fuel-recommendator/airflow/af_env/lib/python3.12/site-packages/airflow/example_dags/tutorial.py for tasks to queue
[2024-05-18T04:45:05.172+0000] {logging_mixin.py:188} INFO - [2024-05-18T04:45:05.172+0000] {dagbag.py:545} INFO - Filling up the DagBag from /home/ubuntu/chch-fuel-recommendator/airflow/af_env/lib/python3.12/site-packages/airflow/example_dags/tutorial.py
[2024-05-18T04:45:05.180+0000] {processor.py:840} INFO - DAG(s) 'tutorial' retrieved from /home/ubuntu/chch-fuel-recommendator/airflow/af_env/lib/python3.12/site-packages/airflow/example_dags/tutorial.py
[2024-05-18T04:45:05.202+0000] {logging_mixin.py:188} INFO - [2024-05-18T04:45:05.202+0000] {dag.py:3096} INFO - Sync 1 DAGs
[2024-05-18T04:45:05.230+0000] {logging_mixin.py:188} INFO - [2024-05-18T04:45:05.230+0000] {dag.py:3954} INFO - Setting next_dagrun for tutorial to 2024-05-17 00:00:00+00:00, run_after=2024-05-18 00:00:00+00:00
[2024-05-18T04:45:05.258+0000] {processor.py:183} INFO - Processing /home/ubuntu/chch-fuel-recommendator/airflow/af_env/lib/python3.12/site-packages/airflow/example_dags/tutorial.py took 0.096 seconds
[2024-05-18T04:46:02.942+0000] {processor.py:161} INFO - Started process (PID=12366) to work on /home/ubuntu/chch-fuel-recommendator/airflow/af_env/lib/python3.12/site-packages/airflow/example_dags/tutorial.py
[2024-05-18T04:46:02.943+0000] {processor.py:830} INFO - Processing file /home/ubuntu/chch-fuel-recommendator/airflow/af_env/lib/python3.12/site-packages/airflow/example_dags/tutorial.py for tasks to queue
[2024-05-18T04:46:02.945+0000] {logging_mixin.py:188} INFO - [2024-05-18T04:46:02.945+0000] {dagbag.py:545} INFO - Filling up the DagBag from /home/ubuntu/chch-fuel-recommendator/airflow/af_env/lib/python3.12/site-packages/airflow/example_dags/tutorial.py
[2024-05-18T04:46:02.952+0000] {processor.py:840} INFO - DAG(s) 'tutorial' retrieved from /home/ubuntu/chch-fuel-recommendator/airflow/af_env/lib/python3.12/site-packages/airflow/example_dags/tutorial.py
[2024-05-18T04:46:02.970+0000] {logging_mixin.py:188} INFO - [2024-05-18T04:46:02.969+0000] {dag.py:3096} INFO - Sync 1 DAGs
[2024-05-18T04:46:03.005+0000] {logging_mixin.py:188} INFO - [2024-05-18T04:46:03.005+0000] {dag.py:3954} INFO - Setting next_dagrun for tutorial to 2024-05-17 00:00:00+00:00, run_after=2024-05-18 00:00:00+00:00
[2024-05-18T04:46:03.043+0000] {processor.py:183} INFO - Processing /home/ubuntu/chch-fuel-recommendator/airflow/af_env/lib/python3.12/site-packages/airflow/example_dags/tutorial.py took 0.107 seconds
[2024-05-18T04:46:54.833+0000] {processor.py:161} INFO - Started process (PID=12417) to work on /home/ubuntu/chch-fuel-recommendator/airflow/af_env/lib/python3.12/site-packages/airflow/example_dags/tutorial.py
[2024-05-18T04:46:54.834+0000] {processor.py:830} INFO - Processing file /home/ubuntu/chch-fuel-recommendator/airflow/af_env/lib/python3.12/site-packages/airflow/example_dags/tutorial.py for tasks to queue
[2024-05-18T04:46:54.836+0000] {logging_mixin.py:188} INFO - [2024-05-18T04:46:54.835+0000] {dagbag.py:545} INFO - Filling up the DagBag from /home/ubuntu/chch-fuel-recommendator/airflow/af_env/lib/python3.12/site-packages/airflow/example_dags/tutorial.py
[2024-05-18T04:46:54.843+0000] {processor.py:840} INFO - DAG(s) 'tutorial' retrieved from /home/ubuntu/chch-fuel-recommendator/airflow/af_env/lib/python3.12/site-packages/airflow/example_dags/tutorial.py
[2024-05-18T04:46:54.871+0000] {logging_mixin.py:188} INFO - [2024-05-18T04:46:54.871+0000] {dag.py:3096} INFO - Sync 1 DAGs
[2024-05-18T04:46:54.910+0000] {logging_mixin.py:188} INFO - [2024-05-18T04:46:54.910+0000] {dag.py:3954} INFO - Setting next_dagrun for tutorial to 2024-05-17 00:00:00+00:00, run_after=2024-05-18 00:00:00+00:00
[2024-05-18T04:46:54.938+0000] {processor.py:183} INFO - Processing /home/ubuntu/chch-fuel-recommendator/airflow/af_env/lib/python3.12/site-packages/airflow/example_dags/tutorial.py took 0.112 seconds
[2024-05-18T04:47:37.833+0000] {processor.py:161} INFO - Started process (PID=12460) to work on /home/ubuntu/chch-fuel-recommendator/airflow/af_env/lib/python3.12/site-packages/airflow/example_dags/tutorial.py
[2024-05-18T04:47:37.837+0000] {processor.py:830} INFO - Processing file /home/ubuntu/chch-fuel-recommendator/airflow/af_env/lib/python3.12/site-packages/airflow/example_dags/tutorial.py for tasks to queue
[2024-05-18T04:47:37.844+0000] {logging_mixin.py:188} INFO - [2024-05-18T04:47:37.843+0000] {dagbag.py:545} INFO - Filling up the DagBag from /home/ubuntu/chch-fuel-recommendator/airflow/af_env/lib/python3.12/site-packages/airflow/example_dags/tutorial.py
[2024-05-18T04:47:37.862+0000] {processor.py:840} INFO - DAG(s) 'tutorial' retrieved from /home/ubuntu/chch-fuel-recommendator/airflow/af_env/lib/python3.12/site-packages/airflow/example_dags/tutorial.py
[2024-05-18T04:47:37.886+0000] {logging_mixin.py:188} INFO - [2024-05-18T04:47:37.885+0000] {dag.py:3096} INFO - Sync 1 DAGs
[2024-05-18T04:47:37.918+0000] {logging_mixin.py:188} INFO - [2024-05-18T04:47:37.918+0000] {dag.py:3954} INFO - Setting next_dagrun for tutorial to 2024-05-17 00:00:00+00:00, run_after=2024-05-18 00:00:00+00:00
[2024-05-18T04:47:37.949+0000] {processor.py:183} INFO - Processing /home/ubuntu/chch-fuel-recommendator/airflow/af_env/lib/python3.12/site-packages/airflow/example_dags/tutorial.py took 0.127 seconds
[2024-05-18T04:48:22.772+0000] {processor.py:161} INFO - Started process (PID=12504) to work on /home/ubuntu/chch-fuel-recommendator/airflow/af_env/lib/python3.12/site-packages/airflow/example_dags/tutorial.py
[2024-05-18T04:48:22.774+0000] {processor.py:830} INFO - Processing file /home/ubuntu/chch-fuel-recommendator/airflow/af_env/lib/python3.12/site-packages/airflow/example_dags/tutorial.py for tasks to queue
[2024-05-18T04:48:22.775+0000] {logging_mixin.py:188} INFO - [2024-05-18T04:48:22.775+0000] {dagbag.py:545} INFO - Filling up the DagBag from /home/ubuntu/chch-fuel-recommendator/airflow/af_env/lib/python3.12/site-packages/airflow/example_dags/tutorial.py
[2024-05-18T04:48:22.781+0000] {processor.py:840} INFO - DAG(s) 'tutorial' retrieved from /home/ubuntu/chch-fuel-recommendator/airflow/af_env/lib/python3.12/site-packages/airflow/example_dags/tutorial.py
[2024-05-18T04:48:22.797+0000] {logging_mixin.py:188} INFO - [2024-05-18T04:48:22.797+0000] {dag.py:3096} INFO - Sync 1 DAGs
[2024-05-18T04:48:22.816+0000] {logging_mixin.py:188} INFO - [2024-05-18T04:48:22.816+0000] {dag.py:3954} INFO - Setting next_dagrun for tutorial to 2024-05-17 00:00:00+00:00, run_after=2024-05-18 00:00:00+00:00
[2024-05-18T04:48:22.838+0000] {processor.py:183} INFO - Processing /home/ubuntu/chch-fuel-recommendator/airflow/af_env/lib/python3.12/site-packages/airflow/example_dags/tutorial.py took 0.071 seconds
[2024-05-18T04:49:04.992+0000] {processor.py:161} INFO - Started process (PID=12547) to work on /home/ubuntu/chch-fuel-recommendator/airflow/af_env/lib/python3.12/site-packages/airflow/example_dags/tutorial.py
[2024-05-18T04:49:04.994+0000] {processor.py:830} INFO - Processing file /home/ubuntu/chch-fuel-recommendator/airflow/af_env/lib/python3.12/site-packages/airflow/example_dags/tutorial.py for tasks to queue
[2024-05-18T04:49:04.996+0000] {logging_mixin.py:188} INFO - [2024-05-18T04:49:04.996+0000] {dagbag.py:545} INFO - Filling up the DagBag from /home/ubuntu/chch-fuel-recommendator/airflow/af_env/lib/python3.12/site-packages/airflow/example_dags/tutorial.py
[2024-05-18T04:49:05.003+0000] {processor.py:840} INFO - DAG(s) 'tutorial' retrieved from /home/ubuntu/chch-fuel-recommendator/airflow/af_env/lib/python3.12/site-packages/airflow/example_dags/tutorial.py
[2024-05-18T04:49:05.027+0000] {logging_mixin.py:188} INFO - [2024-05-18T04:49:05.027+0000] {dag.py:3096} INFO - Sync 1 DAGs
[2024-05-18T04:49:05.061+0000] {logging_mixin.py:188} INFO - [2024-05-18T04:49:05.060+0000] {dag.py:3954} INFO - Setting next_dagrun for tutorial to 2024-05-17 00:00:00+00:00, run_after=2024-05-18 00:00:00+00:00
[2024-05-18T04:49:05.086+0000] {processor.py:183} INFO - Processing /home/ubuntu/chch-fuel-recommendator/airflow/af_env/lib/python3.12/site-packages/airflow/example_dags/tutorial.py took 0.101 seconds
[2024-05-18T04:49:49.109+0000] {processor.py:161} INFO - Started process (PID=12589) to work on /home/ubuntu/chch-fuel-recommendator/airflow/af_env/lib/python3.12/site-packages/airflow/example_dags/tutorial.py
[2024-05-18T04:49:49.110+0000] {processor.py:830} INFO - Processing file /home/ubuntu/chch-fuel-recommendator/airflow/af_env/lib/python3.12/site-packages/airflow/example_dags/tutorial.py for tasks to queue
[2024-05-18T04:49:49.112+0000] {logging_mixin.py:188} INFO - [2024-05-18T04:49:49.112+0000] {dagbag.py:545} INFO - Filling up the DagBag from /home/ubuntu/chch-fuel-recommendator/airflow/af_env/lib/python3.12/site-packages/airflow/example_dags/tutorial.py
[2024-05-18T04:49:49.120+0000] {processor.py:840} INFO - DAG(s) 'tutorial' retrieved from /home/ubuntu/chch-fuel-recommendator/airflow/af_env/lib/python3.12/site-packages/airflow/example_dags/tutorial.py
[2024-05-18T04:49:49.154+0000] {logging_mixin.py:188} INFO - [2024-05-18T04:49:49.154+0000] {dag.py:3096} INFO - Sync 1 DAGs
[2024-05-18T04:49:49.193+0000] {logging_mixin.py:188} INFO - [2024-05-18T04:49:49.193+0000] {dag.py:3954} INFO - Setting next_dagrun for tutorial to 2024-05-17 00:00:00+00:00, run_after=2024-05-18 00:00:00+00:00
[2024-05-18T04:49:49.218+0000] {processor.py:183} INFO - Processing /home/ubuntu/chch-fuel-recommendator/airflow/af_env/lib/python3.12/site-packages/airflow/example_dags/tutorial.py took 0.115 seconds
[2024-05-18T04:50:32.944+0000] {processor.py:161} INFO - Started process (PID=12637) to work on /home/ubuntu/chch-fuel-recommendator/airflow/af_env/lib/python3.12/site-packages/airflow/example_dags/tutorial.py
[2024-05-18T04:50:32.946+0000] {processor.py:830} INFO - Processing file /home/ubuntu/chch-fuel-recommendator/airflow/af_env/lib/python3.12/site-packages/airflow/example_dags/tutorial.py for tasks to queue
[2024-05-18T04:50:32.948+0000] {logging_mixin.py:188} INFO - [2024-05-18T04:50:32.948+0000] {dagbag.py:545} INFO - Filling up the DagBag from /home/ubuntu/chch-fuel-recommendator/airflow/af_env/lib/python3.12/site-packages/airflow/example_dags/tutorial.py
[2024-05-18T04:50:32.956+0000] {processor.py:840} INFO - DAG(s) 'tutorial' retrieved from /home/ubuntu/chch-fuel-recommendator/airflow/af_env/lib/python3.12/site-packages/airflow/example_dags/tutorial.py
[2024-05-18T04:50:32.978+0000] {logging_mixin.py:188} INFO - [2024-05-18T04:50:32.978+0000] {dag.py:3096} INFO - Sync 1 DAGs
[2024-05-18T04:50:33.007+0000] {logging_mixin.py:188} INFO - [2024-05-18T04:50:33.007+0000] {dag.py:3954} INFO - Setting next_dagrun for tutorial to 2024-05-17 00:00:00+00:00, run_after=2024-05-18 00:00:00+00:00
[2024-05-18T04:50:33.033+0000] {processor.py:183} INFO - Processing /home/ubuntu/chch-fuel-recommendator/airflow/af_env/lib/python3.12/site-packages/airflow/example_dags/tutorial.py took 0.095 seconds
[2024-05-18T04:51:17.216+0000] {processor.py:161} INFO - Started process (PID=12682) to work on /home/ubuntu/chch-fuel-recommendator/airflow/af_env/lib/python3.12/site-packages/airflow/example_dags/tutorial.py
[2024-05-18T04:51:17.217+0000] {processor.py:830} INFO - Processing file /home/ubuntu/chch-fuel-recommendator/airflow/af_env/lib/python3.12/site-packages/airflow/example_dags/tutorial.py for tasks to queue
[2024-05-18T04:51:17.219+0000] {logging_mixin.py:188} INFO - [2024-05-18T04:51:17.219+0000] {dagbag.py:545} INFO - Filling up the DagBag from /home/ubuntu/chch-fuel-recommendator/airflow/af_env/lib/python3.12/site-packages/airflow/example_dags/tutorial.py
[2024-05-18T04:51:17.226+0000] {processor.py:840} INFO - DAG(s) 'tutorial' retrieved from /home/ubuntu/chch-fuel-recommendator/airflow/af_env/lib/python3.12/site-packages/airflow/example_dags/tutorial.py
[2024-05-18T04:51:17.245+0000] {logging_mixin.py:188} INFO - [2024-05-18T04:51:17.245+0000] {dag.py:3096} INFO - Sync 1 DAGs
[2024-05-18T04:51:17.267+0000] {logging_mixin.py:188} INFO - [2024-05-18T04:51:17.267+0000] {dag.py:3954} INFO - Setting next_dagrun for tutorial to 2024-05-17 00:00:00+00:00, run_after=2024-05-18 00:00:00+00:00
[2024-05-18T04:51:17.309+0000] {processor.py:183} INFO - Processing /home/ubuntu/chch-fuel-recommendator/airflow/af_env/lib/python3.12/site-packages/airflow/example_dags/tutorial.py took 0.100 seconds
[2024-05-18T04:52:00.040+0000] {processor.py:161} INFO - Started process (PID=12725) to work on /home/ubuntu/chch-fuel-recommendator/airflow/af_env/lib/python3.12/site-packages/airflow/example_dags/tutorial.py
[2024-05-18T04:52:00.043+0000] {processor.py:830} INFO - Processing file /home/ubuntu/chch-fuel-recommendator/airflow/af_env/lib/python3.12/site-packages/airflow/example_dags/tutorial.py for tasks to queue
[2024-05-18T04:52:00.045+0000] {logging_mixin.py:188} INFO - [2024-05-18T04:52:00.045+0000] {dagbag.py:545} INFO - Filling up the DagBag from /home/ubuntu/chch-fuel-recommendator/airflow/af_env/lib/python3.12/site-packages/airflow/example_dags/tutorial.py
[2024-05-18T04:52:00.055+0000] {processor.py:840} INFO - DAG(s) 'tutorial' retrieved from /home/ubuntu/chch-fuel-recommendator/airflow/af_env/lib/python3.12/site-packages/airflow/example_dags/tutorial.py
[2024-05-18T04:52:00.083+0000] {logging_mixin.py:188} INFO - [2024-05-18T04:52:00.082+0000] {dag.py:3096} INFO - Sync 1 DAGs
[2024-05-18T04:52:00.119+0000] {logging_mixin.py:188} INFO - [2024-05-18T04:52:00.119+0000] {dag.py:3954} INFO - Setting next_dagrun for tutorial to 2024-05-17 00:00:00+00:00, run_after=2024-05-18 00:00:00+00:00
[2024-05-18T04:52:00.190+0000] {processor.py:183} INFO - Processing /home/ubuntu/chch-fuel-recommendator/airflow/af_env/lib/python3.12/site-packages/airflow/example_dags/tutorial.py took 0.164 seconds
[2024-05-18T04:52:48.023+0000] {processor.py:161} INFO - Started process (PID=12770) to work on /home/ubuntu/chch-fuel-recommendator/airflow/af_env/lib/python3.12/site-packages/airflow/example_dags/tutorial.py
[2024-05-18T04:52:48.025+0000] {processor.py:830} INFO - Processing file /home/ubuntu/chch-fuel-recommendator/airflow/af_env/lib/python3.12/site-packages/airflow/example_dags/tutorial.py for tasks to queue
[2024-05-18T04:52:48.027+0000] {logging_mixin.py:188} INFO - [2024-05-18T04:52:48.027+0000] {dagbag.py:545} INFO - Filling up the DagBag from /home/ubuntu/chch-fuel-recommendator/airflow/af_env/lib/python3.12/site-packages/airflow/example_dags/tutorial.py
[2024-05-18T04:52:48.035+0000] {processor.py:840} INFO - DAG(s) 'tutorial' retrieved from /home/ubuntu/chch-fuel-recommendator/airflow/af_env/lib/python3.12/site-packages/airflow/example_dags/tutorial.py
[2024-05-18T04:52:48.076+0000] {logging_mixin.py:188} INFO - [2024-05-18T04:52:48.075+0000] {dag.py:3096} INFO - Sync 1 DAGs
[2024-05-18T04:52:48.121+0000] {logging_mixin.py:188} INFO - [2024-05-18T04:52:48.121+0000] {dag.py:3954} INFO - Setting next_dagrun for tutorial to 2024-05-17 00:00:00+00:00, run_after=2024-05-18 00:00:00+00:00
[2024-05-18T04:52:48.152+0000] {processor.py:183} INFO - Processing /home/ubuntu/chch-fuel-recommendator/airflow/af_env/lib/python3.12/site-packages/airflow/example_dags/tutorial.py took 0.142 seconds
[2024-05-18T04:53:33.659+0000] {processor.py:161} INFO - Started process (PID=12816) to work on /home/ubuntu/chch-fuel-recommendator/airflow/af_env/lib/python3.12/site-packages/airflow/example_dags/tutorial.py
[2024-05-18T04:53:33.660+0000] {processor.py:830} INFO - Processing file /home/ubuntu/chch-fuel-recommendator/airflow/af_env/lib/python3.12/site-packages/airflow/example_dags/tutorial.py for tasks to queue
[2024-05-18T04:53:33.662+0000] {logging_mixin.py:188} INFO - [2024-05-18T04:53:33.662+0000] {dagbag.py:545} INFO - Filling up the DagBag from /home/ubuntu/chch-fuel-recommendator/airflow/af_env/lib/python3.12/site-packages/airflow/example_dags/tutorial.py
[2024-05-18T04:53:33.670+0000] {processor.py:840} INFO - DAG(s) 'tutorial' retrieved from /home/ubuntu/chch-fuel-recommendator/airflow/af_env/lib/python3.12/site-packages/airflow/example_dags/tutorial.py
[2024-05-18T04:53:33.696+0000] {logging_mixin.py:188} INFO - [2024-05-18T04:53:33.695+0000] {dag.py:3096} INFO - Sync 1 DAGs
[2024-05-18T04:53:33.721+0000] {logging_mixin.py:188} INFO - [2024-05-18T04:53:33.720+0000] {dag.py:3954} INFO - Setting next_dagrun for tutorial to 2024-05-17 00:00:00+00:00, run_after=2024-05-18 00:00:00+00:00
[2024-05-18T04:53:33.758+0000] {processor.py:183} INFO - Processing /home/ubuntu/chch-fuel-recommendator/airflow/af_env/lib/python3.12/site-packages/airflow/example_dags/tutorial.py took 0.111 seconds
[2024-05-18T05:32:12.824+0000] {processor.py:161} INFO - Started process (PID=15065) to work on /home/ubuntu/airflow/airflow_env/lib/python3.12/site-packages/airflow/example_dags/tutorial.py
[2024-05-18T05:32:12.826+0000] {processor.py:830} INFO - Processing file /home/ubuntu/airflow/airflow_env/lib/python3.12/site-packages/airflow/example_dags/tutorial.py for tasks to queue
[2024-05-18T05:32:12.829+0000] {logging_mixin.py:188} INFO - [2024-05-18T05:32:12.828+0000] {dagbag.py:545} INFO - Filling up the DagBag from /home/ubuntu/airflow/airflow_env/lib/python3.12/site-packages/airflow/example_dags/tutorial.py
[2024-05-18T05:32:12.842+0000] {processor.py:840} INFO - DAG(s) 'tutorial' retrieved from /home/ubuntu/airflow/airflow_env/lib/python3.12/site-packages/airflow/example_dags/tutorial.py
[2024-05-18T05:32:13.098+0000] {logging_mixin.py:188} INFO - [2024-05-18T05:32:13.098+0000] {dag.py:3096} INFO - Sync 1 DAGs
[2024-05-18T05:32:13.132+0000] {logging_mixin.py:188} INFO - [2024-05-18T05:32:13.132+0000] {dag.py:3954} INFO - Setting next_dagrun for tutorial to 2024-05-17 00:00:00+00:00, run_after=2024-05-18 00:00:00+00:00
[2024-05-18T05:32:13.179+0000] {processor.py:183} INFO - Processing /home/ubuntu/airflow/airflow_env/lib/python3.12/site-packages/airflow/example_dags/tutorial.py took 0.362 seconds
[2024-05-18T05:32:43.286+0000] {processor.py:161} INFO - Started process (PID=15119) to work on /home/ubuntu/airflow/airflow_env/lib/python3.12/site-packages/airflow/example_dags/tutorial.py
[2024-05-18T05:32:43.287+0000] {processor.py:830} INFO - Processing file /home/ubuntu/airflow/airflow_env/lib/python3.12/site-packages/airflow/example_dags/tutorial.py for tasks to queue
[2024-05-18T05:32:43.289+0000] {logging_mixin.py:188} INFO - [2024-05-18T05:32:43.288+0000] {dagbag.py:545} INFO - Filling up the DagBag from /home/ubuntu/airflow/airflow_env/lib/python3.12/site-packages/airflow/example_dags/tutorial.py
[2024-05-18T05:32:43.295+0000] {processor.py:840} INFO - DAG(s) 'tutorial' retrieved from /home/ubuntu/airflow/airflow_env/lib/python3.12/site-packages/airflow/example_dags/tutorial.py
[2024-05-18T05:32:43.355+0000] {logging_mixin.py:188} INFO - [2024-05-18T05:32:43.354+0000] {dag.py:3096} INFO - Sync 1 DAGs
[2024-05-18T05:32:43.411+0000] {logging_mixin.py:188} INFO - [2024-05-18T05:32:43.411+0000] {dag.py:3954} INFO - Setting next_dagrun for tutorial to 2024-05-17 00:00:00+00:00, run_after=2024-05-18 00:00:00+00:00
[2024-05-18T05:32:43.458+0000] {processor.py:183} INFO - Processing /home/ubuntu/airflow/airflow_env/lib/python3.12/site-packages/airflow/example_dags/tutorial.py took 0.180 seconds
[2024-05-18T05:33:13.779+0000] {processor.py:161} INFO - Started process (PID=15173) to work on /home/ubuntu/airflow/airflow_env/lib/python3.12/site-packages/airflow/example_dags/tutorial.py
[2024-05-18T05:33:13.782+0000] {processor.py:830} INFO - Processing file /home/ubuntu/airflow/airflow_env/lib/python3.12/site-packages/airflow/example_dags/tutorial.py for tasks to queue
[2024-05-18T05:33:13.785+0000] {logging_mixin.py:188} INFO - [2024-05-18T05:33:13.785+0000] {dagbag.py:545} INFO - Filling up the DagBag from /home/ubuntu/airflow/airflow_env/lib/python3.12/site-packages/airflow/example_dags/tutorial.py
[2024-05-18T05:33:13.801+0000] {processor.py:840} INFO - DAG(s) 'tutorial' retrieved from /home/ubuntu/airflow/airflow_env/lib/python3.12/site-packages/airflow/example_dags/tutorial.py
[2024-05-18T05:33:13.881+0000] {logging_mixin.py:188} INFO - [2024-05-18T05:33:13.880+0000] {dag.py:3096} INFO - Sync 1 DAGs
[2024-05-18T05:33:13.947+0000] {logging_mixin.py:188} INFO - [2024-05-18T05:33:13.946+0000] {dag.py:3954} INFO - Setting next_dagrun for tutorial to 2024-05-17 00:00:00+00:00, run_after=2024-05-18 00:00:00+00:00
[2024-05-18T05:33:13.986+0000] {processor.py:183} INFO - Processing /home/ubuntu/airflow/airflow_env/lib/python3.12/site-packages/airflow/example_dags/tutorial.py took 0.218 seconds
[2024-05-18T05:33:44.244+0000] {processor.py:161} INFO - Started process (PID=15224) to work on /home/ubuntu/airflow/airflow_env/lib/python3.12/site-packages/airflow/example_dags/tutorial.py
[2024-05-18T05:33:44.245+0000] {processor.py:830} INFO - Processing file /home/ubuntu/airflow/airflow_env/lib/python3.12/site-packages/airflow/example_dags/tutorial.py for tasks to queue
[2024-05-18T05:33:44.248+0000] {logging_mixin.py:188} INFO - [2024-05-18T05:33:44.247+0000] {dagbag.py:545} INFO - Filling up the DagBag from /home/ubuntu/airflow/airflow_env/lib/python3.12/site-packages/airflow/example_dags/tutorial.py
[2024-05-18T05:33:44.258+0000] {processor.py:840} INFO - DAG(s) 'tutorial' retrieved from /home/ubuntu/airflow/airflow_env/lib/python3.12/site-packages/airflow/example_dags/tutorial.py
[2024-05-18T05:33:44.323+0000] {logging_mixin.py:188} INFO - [2024-05-18T05:33:44.322+0000] {dag.py:3096} INFO - Sync 1 DAGs
[2024-05-18T05:33:44.357+0000] {logging_mixin.py:188} INFO - [2024-05-18T05:33:44.357+0000] {dag.py:3954} INFO - Setting next_dagrun for tutorial to 2024-05-17 00:00:00+00:00, run_after=2024-05-18 00:00:00+00:00
[2024-05-18T05:33:44.386+0000] {processor.py:183} INFO - Processing /home/ubuntu/airflow/airflow_env/lib/python3.12/site-packages/airflow/example_dags/tutorial.py took 0.155 seconds
[2024-05-18T05:34:15.372+0000] {processor.py:161} INFO - Started process (PID=15276) to work on /home/ubuntu/airflow/airflow_env/lib/python3.12/site-packages/airflow/example_dags/tutorial.py
[2024-05-18T05:34:15.374+0000] {processor.py:830} INFO - Processing file /home/ubuntu/airflow/airflow_env/lib/python3.12/site-packages/airflow/example_dags/tutorial.py for tasks to queue
[2024-05-18T05:34:15.376+0000] {logging_mixin.py:188} INFO - [2024-05-18T05:34:15.376+0000] {dagbag.py:545} INFO - Filling up the DagBag from /home/ubuntu/airflow/airflow_env/lib/python3.12/site-packages/airflow/example_dags/tutorial.py
[2024-05-18T05:34:15.384+0000] {processor.py:840} INFO - DAG(s) 'tutorial' retrieved from /home/ubuntu/airflow/airflow_env/lib/python3.12/site-packages/airflow/example_dags/tutorial.py
[2024-05-18T05:34:15.452+0000] {logging_mixin.py:188} INFO - [2024-05-18T05:34:15.452+0000] {dag.py:3096} INFO - Sync 1 DAGs
[2024-05-18T05:34:15.486+0000] {logging_mixin.py:188} INFO - [2024-05-18T05:34:15.486+0000] {dag.py:3954} INFO - Setting next_dagrun for tutorial to 2024-05-17 00:00:00+00:00, run_after=2024-05-18 00:00:00+00:00
[2024-05-18T05:34:15.517+0000] {processor.py:183} INFO - Processing /home/ubuntu/airflow/airflow_env/lib/python3.12/site-packages/airflow/example_dags/tutorial.py took 0.158 seconds
[2024-05-18T05:34:46.469+0000] {processor.py:161} INFO - Started process (PID=15327) to work on /home/ubuntu/airflow/airflow_env/lib/python3.12/site-packages/airflow/example_dags/tutorial.py
[2024-05-18T05:34:46.471+0000] {processor.py:830} INFO - Processing file /home/ubuntu/airflow/airflow_env/lib/python3.12/site-packages/airflow/example_dags/tutorial.py for tasks to queue
[2024-05-18T05:34:46.473+0000] {logging_mixin.py:188} INFO - [2024-05-18T05:34:46.473+0000] {dagbag.py:545} INFO - Filling up the DagBag from /home/ubuntu/airflow/airflow_env/lib/python3.12/site-packages/airflow/example_dags/tutorial.py
[2024-05-18T05:34:46.482+0000] {processor.py:840} INFO - DAG(s) 'tutorial' retrieved from /home/ubuntu/airflow/airflow_env/lib/python3.12/site-packages/airflow/example_dags/tutorial.py
[2024-05-18T05:34:46.535+0000] {logging_mixin.py:188} INFO - [2024-05-18T05:34:46.535+0000] {dag.py:3096} INFO - Sync 1 DAGs
[2024-05-18T05:34:46.567+0000] {logging_mixin.py:188} INFO - [2024-05-18T05:34:46.567+0000] {dag.py:3954} INFO - Setting next_dagrun for tutorial to 2024-05-17 00:00:00+00:00, run_after=2024-05-18 00:00:00+00:00
[2024-05-18T05:34:46.595+0000] {processor.py:183} INFO - Processing /home/ubuntu/airflow/airflow_env/lib/python3.12/site-packages/airflow/example_dags/tutorial.py took 0.136 seconds
[2024-05-18T05:35:16.727+0000] {processor.py:161} INFO - Started process (PID=15381) to work on /home/ubuntu/airflow/airflow_env/lib/python3.12/site-packages/airflow/example_dags/tutorial.py
[2024-05-18T05:35:16.729+0000] {processor.py:830} INFO - Processing file /home/ubuntu/airflow/airflow_env/lib/python3.12/site-packages/airflow/example_dags/tutorial.py for tasks to queue
[2024-05-18T05:35:16.731+0000] {logging_mixin.py:188} INFO - [2024-05-18T05:35:16.731+0000] {dagbag.py:545} INFO - Filling up the DagBag from /home/ubuntu/airflow/airflow_env/lib/python3.12/site-packages/airflow/example_dags/tutorial.py
[2024-05-18T05:35:16.740+0000] {processor.py:840} INFO - DAG(s) 'tutorial' retrieved from /home/ubuntu/airflow/airflow_env/lib/python3.12/site-packages/airflow/example_dags/tutorial.py
[2024-05-18T05:35:16.792+0000] {logging_mixin.py:188} INFO - [2024-05-18T05:35:16.792+0000] {dag.py:3096} INFO - Sync 1 DAGs
[2024-05-18T05:35:16.824+0000] {logging_mixin.py:188} INFO - [2024-05-18T05:35:16.823+0000] {dag.py:3954} INFO - Setting next_dagrun for tutorial to 2024-05-17 00:00:00+00:00, run_after=2024-05-18 00:00:00+00:00
[2024-05-18T05:35:16.879+0000] {processor.py:183} INFO - Processing /home/ubuntu/airflow/airflow_env/lib/python3.12/site-packages/airflow/example_dags/tutorial.py took 0.160 seconds
[2024-05-18T05:35:46.925+0000] {processor.py:161} INFO - Started process (PID=15432) to work on /home/ubuntu/airflow/airflow_env/lib/python3.12/site-packages/airflow/example_dags/tutorial.py
[2024-05-18T05:35:46.926+0000] {processor.py:830} INFO - Processing file /home/ubuntu/airflow/airflow_env/lib/python3.12/site-packages/airflow/example_dags/tutorial.py for tasks to queue
[2024-05-18T05:35:46.928+0000] {logging_mixin.py:188} INFO - [2024-05-18T05:35:46.928+0000] {dagbag.py:545} INFO - Filling up the DagBag from /home/ubuntu/airflow/airflow_env/lib/python3.12/site-packages/airflow/example_dags/tutorial.py
[2024-05-18T05:35:46.937+0000] {processor.py:840} INFO - DAG(s) 'tutorial' retrieved from /home/ubuntu/airflow/airflow_env/lib/python3.12/site-packages/airflow/example_dags/tutorial.py
[2024-05-18T05:35:46.999+0000] {logging_mixin.py:188} INFO - [2024-05-18T05:35:46.999+0000] {dag.py:3096} INFO - Sync 1 DAGs
[2024-05-18T05:35:47.031+0000] {logging_mixin.py:188} INFO - [2024-05-18T05:35:47.030+0000] {dag.py:3954} INFO - Setting next_dagrun for tutorial to 2024-05-17 00:00:00+00:00, run_after=2024-05-18 00:00:00+00:00
[2024-05-18T05:35:47.060+0000] {processor.py:183} INFO - Processing /home/ubuntu/airflow/airflow_env/lib/python3.12/site-packages/airflow/example_dags/tutorial.py took 0.143 seconds
[2024-05-18T05:36:17.158+0000] {processor.py:161} INFO - Started process (PID=15483) to work on /home/ubuntu/airflow/airflow_env/lib/python3.12/site-packages/airflow/example_dags/tutorial.py
[2024-05-18T05:36:17.160+0000] {processor.py:830} INFO - Processing file /home/ubuntu/airflow/airflow_env/lib/python3.12/site-packages/airflow/example_dags/tutorial.py for tasks to queue
[2024-05-18T05:36:17.162+0000] {logging_mixin.py:188} INFO - [2024-05-18T05:36:17.162+0000] {dagbag.py:545} INFO - Filling up the DagBag from /home/ubuntu/airflow/airflow_env/lib/python3.12/site-packages/airflow/example_dags/tutorial.py
[2024-05-18T05:36:17.173+0000] {processor.py:840} INFO - DAG(s) 'tutorial' retrieved from /home/ubuntu/airflow/airflow_env/lib/python3.12/site-packages/airflow/example_dags/tutorial.py
[2024-05-18T05:36:17.249+0000] {logging_mixin.py:188} INFO - [2024-05-18T05:36:17.249+0000] {dag.py:3096} INFO - Sync 1 DAGs
[2024-05-18T05:36:17.285+0000] {logging_mixin.py:188} INFO - [2024-05-18T05:36:17.285+0000] {dag.py:3954} INFO - Setting next_dagrun for tutorial to 2024-05-17 00:00:00+00:00, run_after=2024-05-18 00:00:00+00:00
[2024-05-18T05:36:17.321+0000] {processor.py:183} INFO - Processing /home/ubuntu/airflow/airflow_env/lib/python3.12/site-packages/airflow/example_dags/tutorial.py took 0.172 seconds
[2024-05-18T05:36:48.303+0000] {processor.py:161} INFO - Started process (PID=15534) to work on /home/ubuntu/airflow/airflow_env/lib/python3.12/site-packages/airflow/example_dags/tutorial.py
[2024-05-18T05:36:48.305+0000] {processor.py:830} INFO - Processing file /home/ubuntu/airflow/airflow_env/lib/python3.12/site-packages/airflow/example_dags/tutorial.py for tasks to queue
[2024-05-18T05:36:48.308+0000] {logging_mixin.py:188} INFO - [2024-05-18T05:36:48.307+0000] {dagbag.py:545} INFO - Filling up the DagBag from /home/ubuntu/airflow/airflow_env/lib/python3.12/site-packages/airflow/example_dags/tutorial.py
[2024-05-18T05:36:48.317+0000] {processor.py:840} INFO - DAG(s) 'tutorial' retrieved from /home/ubuntu/airflow/airflow_env/lib/python3.12/site-packages/airflow/example_dags/tutorial.py
[2024-05-18T05:36:48.370+0000] {logging_mixin.py:188} INFO - [2024-05-18T05:36:48.369+0000] {dag.py:3096} INFO - Sync 1 DAGs
[2024-05-18T05:36:48.413+0000] {logging_mixin.py:188} INFO - [2024-05-18T05:36:48.412+0000] {dag.py:3954} INFO - Setting next_dagrun for tutorial to 2024-05-17 00:00:00+00:00, run_after=2024-05-18 00:00:00+00:00
[2024-05-18T05:36:48.440+0000] {processor.py:183} INFO - Processing /home/ubuntu/airflow/airflow_env/lib/python3.12/site-packages/airflow/example_dags/tutorial.py took 0.145 seconds
[2024-05-18T05:37:19.145+0000] {processor.py:161} INFO - Started process (PID=15585) to work on /home/ubuntu/airflow/airflow_env/lib/python3.12/site-packages/airflow/example_dags/tutorial.py
[2024-05-18T05:37:19.147+0000] {processor.py:830} INFO - Processing file /home/ubuntu/airflow/airflow_env/lib/python3.12/site-packages/airflow/example_dags/tutorial.py for tasks to queue
[2024-05-18T05:37:19.149+0000] {logging_mixin.py:188} INFO - [2024-05-18T05:37:19.148+0000] {dagbag.py:545} INFO - Filling up the DagBag from /home/ubuntu/airflow/airflow_env/lib/python3.12/site-packages/airflow/example_dags/tutorial.py
[2024-05-18T05:37:19.158+0000] {processor.py:840} INFO - DAG(s) 'tutorial' retrieved from /home/ubuntu/airflow/airflow_env/lib/python3.12/site-packages/airflow/example_dags/tutorial.py
[2024-05-18T05:37:19.217+0000] {logging_mixin.py:188} INFO - [2024-05-18T05:37:19.217+0000] {dag.py:3096} INFO - Sync 1 DAGs
[2024-05-18T05:37:19.260+0000] {logging_mixin.py:188} INFO - [2024-05-18T05:37:19.260+0000] {dag.py:3954} INFO - Setting next_dagrun for tutorial to 2024-05-17 00:00:00+00:00, run_after=2024-05-18 00:00:00+00:00
[2024-05-18T05:37:19.288+0000] {processor.py:183} INFO - Processing /home/ubuntu/airflow/airflow_env/lib/python3.12/site-packages/airflow/example_dags/tutorial.py took 0.152 seconds
[2024-05-18T05:37:49.383+0000] {processor.py:161} INFO - Started process (PID=15637) to work on /home/ubuntu/airflow/airflow_env/lib/python3.12/site-packages/airflow/example_dags/tutorial.py
[2024-05-18T05:37:49.384+0000] {processor.py:830} INFO - Processing file /home/ubuntu/airflow/airflow_env/lib/python3.12/site-packages/airflow/example_dags/tutorial.py for tasks to queue
[2024-05-18T05:37:49.386+0000] {logging_mixin.py:188} INFO - [2024-05-18T05:37:49.386+0000] {dagbag.py:545} INFO - Filling up the DagBag from /home/ubuntu/airflow/airflow_env/lib/python3.12/site-packages/airflow/example_dags/tutorial.py
[2024-05-18T05:37:49.401+0000] {processor.py:840} INFO - DAG(s) 'tutorial' retrieved from /home/ubuntu/airflow/airflow_env/lib/python3.12/site-packages/airflow/example_dags/tutorial.py
[2024-05-18T05:37:49.461+0000] {logging_mixin.py:188} INFO - [2024-05-18T05:37:49.461+0000] {dag.py:3096} INFO - Sync 1 DAGs
[2024-05-18T05:37:49.497+0000] {logging_mixin.py:188} INFO - [2024-05-18T05:37:49.497+0000] {dag.py:3954} INFO - Setting next_dagrun for tutorial to 2024-05-17 00:00:00+00:00, run_after=2024-05-18 00:00:00+00:00
[2024-05-18T05:37:49.526+0000] {processor.py:183} INFO - Processing /home/ubuntu/airflow/airflow_env/lib/python3.12/site-packages/airflow/example_dags/tutorial.py took 0.152 seconds
[2024-05-18T05:38:19.658+0000] {processor.py:161} INFO - Started process (PID=15688) to work on /home/ubuntu/airflow/airflow_env/lib/python3.12/site-packages/airflow/example_dags/tutorial.py
[2024-05-18T05:38:19.660+0000] {processor.py:830} INFO - Processing file /home/ubuntu/airflow/airflow_env/lib/python3.12/site-packages/airflow/example_dags/tutorial.py for tasks to queue
[2024-05-18T05:38:19.662+0000] {logging_mixin.py:188} INFO - [2024-05-18T05:38:19.662+0000] {dagbag.py:545} INFO - Filling up the DagBag from /home/ubuntu/airflow/airflow_env/lib/python3.12/site-packages/airflow/example_dags/tutorial.py
[2024-05-18T05:38:19.671+0000] {processor.py:840} INFO - DAG(s) 'tutorial' retrieved from /home/ubuntu/airflow/airflow_env/lib/python3.12/site-packages/airflow/example_dags/tutorial.py
[2024-05-18T05:38:19.728+0000] {logging_mixin.py:188} INFO - [2024-05-18T05:38:19.728+0000] {dag.py:3096} INFO - Sync 1 DAGs
[2024-05-18T05:38:19.780+0000] {logging_mixin.py:188} INFO - [2024-05-18T05:38:19.780+0000] {dag.py:3954} INFO - Setting next_dagrun for tutorial to 2024-05-17 00:00:00+00:00, run_after=2024-05-18 00:00:00+00:00
[2024-05-18T05:38:19.812+0000] {processor.py:183} INFO - Processing /home/ubuntu/airflow/airflow_env/lib/python3.12/site-packages/airflow/example_dags/tutorial.py took 0.163 seconds
[2024-05-18T05:38:49.908+0000] {processor.py:161} INFO - Started process (PID=15739) to work on /home/ubuntu/airflow/airflow_env/lib/python3.12/site-packages/airflow/example_dags/tutorial.py
[2024-05-18T05:38:49.909+0000] {processor.py:830} INFO - Processing file /home/ubuntu/airflow/airflow_env/lib/python3.12/site-packages/airflow/example_dags/tutorial.py for tasks to queue
[2024-05-18T05:38:49.911+0000] {logging_mixin.py:188} INFO - [2024-05-18T05:38:49.911+0000] {dagbag.py:545} INFO - Filling up the DagBag from /home/ubuntu/airflow/airflow_env/lib/python3.12/site-packages/airflow/example_dags/tutorial.py
[2024-05-18T05:38:49.920+0000] {processor.py:840} INFO - DAG(s) 'tutorial' retrieved from /home/ubuntu/airflow/airflow_env/lib/python3.12/site-packages/airflow/example_dags/tutorial.py
[2024-05-18T05:38:49.986+0000] {logging_mixin.py:188} INFO - [2024-05-18T05:38:49.986+0000] {dag.py:3096} INFO - Sync 1 DAGs
[2024-05-18T05:38:50.032+0000] {logging_mixin.py:188} INFO - [2024-05-18T05:38:50.031+0000] {dag.py:3954} INFO - Setting next_dagrun for tutorial to 2024-05-17 00:00:00+00:00, run_after=2024-05-18 00:00:00+00:00
[2024-05-18T05:38:50.062+0000] {processor.py:183} INFO - Processing /home/ubuntu/airflow/airflow_env/lib/python3.12/site-packages/airflow/example_dags/tutorial.py took 0.163 seconds
[2024-05-18T05:39:20.933+0000] {processor.py:161} INFO - Started process (PID=15791) to work on /home/ubuntu/airflow/airflow_env/lib/python3.12/site-packages/airflow/example_dags/tutorial.py
[2024-05-18T05:39:20.935+0000] {processor.py:830} INFO - Processing file /home/ubuntu/airflow/airflow_env/lib/python3.12/site-packages/airflow/example_dags/tutorial.py for tasks to queue
[2024-05-18T05:39:20.937+0000] {logging_mixin.py:188} INFO - [2024-05-18T05:39:20.937+0000] {dagbag.py:545} INFO - Filling up the DagBag from /home/ubuntu/airflow/airflow_env/lib/python3.12/site-packages/airflow/example_dags/tutorial.py
[2024-05-18T05:39:20.946+0000] {processor.py:840} INFO - DAG(s) 'tutorial' retrieved from /home/ubuntu/airflow/airflow_env/lib/python3.12/site-packages/airflow/example_dags/tutorial.py
[2024-05-18T05:39:21.001+0000] {logging_mixin.py:188} INFO - [2024-05-18T05:39:21.000+0000] {dag.py:3096} INFO - Sync 1 DAGs
[2024-05-18T05:39:21.038+0000] {logging_mixin.py:188} INFO - [2024-05-18T05:39:21.037+0000] {dag.py:3954} INFO - Setting next_dagrun for tutorial to 2024-05-17 00:00:00+00:00, run_after=2024-05-18 00:00:00+00:00
[2024-05-18T05:39:21.084+0000] {processor.py:183} INFO - Processing /home/ubuntu/airflow/airflow_env/lib/python3.12/site-packages/airflow/example_dags/tutorial.py took 0.165 seconds
[2024-05-18T05:39:51.136+0000] {processor.py:161} INFO - Started process (PID=15842) to work on /home/ubuntu/airflow/airflow_env/lib/python3.12/site-packages/airflow/example_dags/tutorial.py
[2024-05-18T05:39:51.137+0000] {processor.py:830} INFO - Processing file /home/ubuntu/airflow/airflow_env/lib/python3.12/site-packages/airflow/example_dags/tutorial.py for tasks to queue
[2024-05-18T05:39:51.140+0000] {logging_mixin.py:188} INFO - [2024-05-18T05:39:51.140+0000] {dagbag.py:545} INFO - Filling up the DagBag from /home/ubuntu/airflow/airflow_env/lib/python3.12/site-packages/airflow/example_dags/tutorial.py
[2024-05-18T05:39:51.149+0000] {processor.py:840} INFO - DAG(s) 'tutorial' retrieved from /home/ubuntu/airflow/airflow_env/lib/python3.12/site-packages/airflow/example_dags/tutorial.py
[2024-05-18T05:39:51.211+0000] {logging_mixin.py:188} INFO - [2024-05-18T05:39:51.211+0000] {dag.py:3096} INFO - Sync 1 DAGs
[2024-05-18T05:39:51.246+0000] {logging_mixin.py:188} INFO - [2024-05-18T05:39:51.246+0000] {dag.py:3954} INFO - Setting next_dagrun for tutorial to 2024-05-17 00:00:00+00:00, run_after=2024-05-18 00:00:00+00:00
[2024-05-18T05:39:51.284+0000] {processor.py:183} INFO - Processing /home/ubuntu/airflow/airflow_env/lib/python3.12/site-packages/airflow/example_dags/tutorial.py took 0.158 seconds
[2024-05-18T05:40:21.541+0000] {processor.py:161} INFO - Started process (PID=16173) to work on /home/ubuntu/airflow/airflow_env/lib/python3.12/site-packages/airflow/example_dags/tutorial.py
[2024-05-18T05:40:21.542+0000] {processor.py:830} INFO - Processing file /home/ubuntu/airflow/airflow_env/lib/python3.12/site-packages/airflow/example_dags/tutorial.py for tasks to queue
[2024-05-18T05:40:21.545+0000] {logging_mixin.py:188} INFO - [2024-05-18T05:40:21.544+0000] {dagbag.py:545} INFO - Filling up the DagBag from /home/ubuntu/airflow/airflow_env/lib/python3.12/site-packages/airflow/example_dags/tutorial.py
[2024-05-18T05:40:21.553+0000] {processor.py:840} INFO - DAG(s) 'tutorial' retrieved from /home/ubuntu/airflow/airflow_env/lib/python3.12/site-packages/airflow/example_dags/tutorial.py
[2024-05-18T05:40:21.619+0000] {logging_mixin.py:188} INFO - [2024-05-18T05:40:21.618+0000] {dag.py:3096} INFO - Sync 1 DAGs
[2024-05-18T05:40:21.652+0000] {logging_mixin.py:188} INFO - [2024-05-18T05:40:21.652+0000] {dag.py:3954} INFO - Setting next_dagrun for tutorial to 2024-05-17 00:00:00+00:00, run_after=2024-05-18 00:00:00+00:00
[2024-05-18T05:40:21.683+0000] {processor.py:183} INFO - Processing /home/ubuntu/airflow/airflow_env/lib/python3.12/site-packages/airflow/example_dags/tutorial.py took 0.152 seconds
[2024-05-18T05:40:51.879+0000] {processor.py:161} INFO - Started process (PID=16230) to work on /home/ubuntu/airflow/airflow_env/lib/python3.12/site-packages/airflow/example_dags/tutorial.py
[2024-05-18T05:40:51.880+0000] {processor.py:830} INFO - Processing file /home/ubuntu/airflow/airflow_env/lib/python3.12/site-packages/airflow/example_dags/tutorial.py for tasks to queue
[2024-05-18T05:40:51.891+0000] {logging_mixin.py:188} INFO - [2024-05-18T05:40:51.890+0000] {dagbag.py:545} INFO - Filling up the DagBag from /home/ubuntu/airflow/airflow_env/lib/python3.12/site-packages/airflow/example_dags/tutorial.py
[2024-05-18T05:40:51.906+0000] {processor.py:840} INFO - DAG(s) 'tutorial' retrieved from /home/ubuntu/airflow/airflow_env/lib/python3.12/site-packages/airflow/example_dags/tutorial.py
[2024-05-18T05:40:51.970+0000] {logging_mixin.py:188} INFO - [2024-05-18T05:40:51.970+0000] {dag.py:3096} INFO - Sync 1 DAGs
[2024-05-18T05:40:52.011+0000] {logging_mixin.py:188} INFO - [2024-05-18T05:40:52.011+0000] {dag.py:3954} INFO - Setting next_dagrun for tutorial to 2024-05-17 00:00:00+00:00, run_after=2024-05-18 00:00:00+00:00
[2024-05-18T05:40:52.063+0000] {processor.py:183} INFO - Processing /home/ubuntu/airflow/airflow_env/lib/python3.12/site-packages/airflow/example_dags/tutorial.py took 0.197 seconds
[2024-05-18T05:41:22.501+0000] {processor.py:161} INFO - Started process (PID=16281) to work on /home/ubuntu/airflow/airflow_env/lib/python3.12/site-packages/airflow/example_dags/tutorial.py
[2024-05-18T05:41:22.503+0000] {processor.py:830} INFO - Processing file /home/ubuntu/airflow/airflow_env/lib/python3.12/site-packages/airflow/example_dags/tutorial.py for tasks to queue
[2024-05-18T05:41:22.505+0000] {logging_mixin.py:188} INFO - [2024-05-18T05:41:22.505+0000] {dagbag.py:545} INFO - Filling up the DagBag from /home/ubuntu/airflow/airflow_env/lib/python3.12/site-packages/airflow/example_dags/tutorial.py
[2024-05-18T05:41:22.514+0000] {processor.py:840} INFO - DAG(s) 'tutorial' retrieved from /home/ubuntu/airflow/airflow_env/lib/python3.12/site-packages/airflow/example_dags/tutorial.py
[2024-05-18T05:41:22.571+0000] {logging_mixin.py:188} INFO - [2024-05-18T05:41:22.571+0000] {dag.py:3096} INFO - Sync 1 DAGs
[2024-05-18T05:41:22.605+0000] {logging_mixin.py:188} INFO - [2024-05-18T05:41:22.604+0000] {dag.py:3954} INFO - Setting next_dagrun for tutorial to 2024-05-17 00:00:00+00:00, run_after=2024-05-18 00:00:00+00:00
[2024-05-18T05:41:22.635+0000] {processor.py:183} INFO - Processing /home/ubuntu/airflow/airflow_env/lib/python3.12/site-packages/airflow/example_dags/tutorial.py took 0.142 seconds
[2024-05-18T05:41:53.130+0000] {processor.py:161} INFO - Started process (PID=16334) to work on /home/ubuntu/airflow/airflow_env/lib/python3.12/site-packages/airflow/example_dags/tutorial.py
[2024-05-18T05:41:53.132+0000] {processor.py:830} INFO - Processing file /home/ubuntu/airflow/airflow_env/lib/python3.12/site-packages/airflow/example_dags/tutorial.py for tasks to queue
[2024-05-18T05:41:53.136+0000] {logging_mixin.py:188} INFO - [2024-05-18T05:41:53.135+0000] {dagbag.py:545} INFO - Filling up the DagBag from /home/ubuntu/airflow/airflow_env/lib/python3.12/site-packages/airflow/example_dags/tutorial.py
[2024-05-18T05:41:53.149+0000] {processor.py:840} INFO - DAG(s) 'tutorial' retrieved from /home/ubuntu/airflow/airflow_env/lib/python3.12/site-packages/airflow/example_dags/tutorial.py
[2024-05-18T05:41:53.232+0000] {logging_mixin.py:188} INFO - [2024-05-18T05:41:53.232+0000] {dag.py:3096} INFO - Sync 1 DAGs
[2024-05-18T05:41:53.269+0000] {logging_mixin.py:188} INFO - [2024-05-18T05:41:53.269+0000] {dag.py:3954} INFO - Setting next_dagrun for tutorial to 2024-05-17 00:00:00+00:00, run_after=2024-05-18 00:00:00+00:00
[2024-05-18T05:41:53.296+0000] {processor.py:183} INFO - Processing /home/ubuntu/airflow/airflow_env/lib/python3.12/site-packages/airflow/example_dags/tutorial.py took 0.187 seconds
[2024-05-18T05:42:24.152+0000] {processor.py:161} INFO - Started process (PID=16385) to work on /home/ubuntu/airflow/airflow_env/lib/python3.12/site-packages/airflow/example_dags/tutorial.py
[2024-05-18T05:42:24.154+0000] {processor.py:830} INFO - Processing file /home/ubuntu/airflow/airflow_env/lib/python3.12/site-packages/airflow/example_dags/tutorial.py for tasks to queue
[2024-05-18T05:42:24.158+0000] {logging_mixin.py:188} INFO - [2024-05-18T05:42:24.157+0000] {dagbag.py:545} INFO - Filling up the DagBag from /home/ubuntu/airflow/airflow_env/lib/python3.12/site-packages/airflow/example_dags/tutorial.py
[2024-05-18T05:42:24.168+0000] {processor.py:840} INFO - DAG(s) 'tutorial' retrieved from /home/ubuntu/airflow/airflow_env/lib/python3.12/site-packages/airflow/example_dags/tutorial.py
[2024-05-18T05:42:24.265+0000] {logging_mixin.py:188} INFO - [2024-05-18T05:42:24.265+0000] {dag.py:3096} INFO - Sync 1 DAGs
[2024-05-18T05:42:24.307+0000] {logging_mixin.py:188} INFO - [2024-05-18T05:42:24.307+0000] {dag.py:3954} INFO - Setting next_dagrun for tutorial to 2024-05-17 00:00:00+00:00, run_after=2024-05-18 00:00:00+00:00
[2024-05-18T05:42:24.340+0000] {processor.py:183} INFO - Processing /home/ubuntu/airflow/airflow_env/lib/python3.12/site-packages/airflow/example_dags/tutorial.py took 0.203 seconds
[2024-05-18T05:42:54.432+0000] {processor.py:161} INFO - Started process (PID=16436) to work on /home/ubuntu/airflow/airflow_env/lib/python3.12/site-packages/airflow/example_dags/tutorial.py
[2024-05-18T05:42:54.433+0000] {processor.py:830} INFO - Processing file /home/ubuntu/airflow/airflow_env/lib/python3.12/site-packages/airflow/example_dags/tutorial.py for tasks to queue
[2024-05-18T05:42:54.436+0000] {logging_mixin.py:188} INFO - [2024-05-18T05:42:54.435+0000] {dagbag.py:545} INFO - Filling up the DagBag from /home/ubuntu/airflow/airflow_env/lib/python3.12/site-packages/airflow/example_dags/tutorial.py
[2024-05-18T05:42:54.444+0000] {processor.py:840} INFO - DAG(s) 'tutorial' retrieved from /home/ubuntu/airflow/airflow_env/lib/python3.12/site-packages/airflow/example_dags/tutorial.py
[2024-05-18T05:42:54.505+0000] {logging_mixin.py:188} INFO - [2024-05-18T05:42:54.505+0000] {dag.py:3096} INFO - Sync 1 DAGs
[2024-05-18T05:42:54.537+0000] {logging_mixin.py:188} INFO - [2024-05-18T05:42:54.537+0000] {dag.py:3954} INFO - Setting next_dagrun for tutorial to 2024-05-17 00:00:00+00:00, run_after=2024-05-18 00:00:00+00:00
[2024-05-18T05:42:54.567+0000] {processor.py:183} INFO - Processing /home/ubuntu/airflow/airflow_env/lib/python3.12/site-packages/airflow/example_dags/tutorial.py took 0.145 seconds
[2024-05-18T05:43:24.714+0000] {processor.py:161} INFO - Started process (PID=16521) to work on /home/ubuntu/airflow/airflow_env/lib/python3.12/site-packages/airflow/example_dags/tutorial.py
[2024-05-18T05:43:24.716+0000] {processor.py:830} INFO - Processing file /home/ubuntu/airflow/airflow_env/lib/python3.12/site-packages/airflow/example_dags/tutorial.py for tasks to queue
[2024-05-18T05:43:24.719+0000] {logging_mixin.py:188} INFO - [2024-05-18T05:43:24.718+0000] {dagbag.py:545} INFO - Filling up the DagBag from /home/ubuntu/airflow/airflow_env/lib/python3.12/site-packages/airflow/example_dags/tutorial.py
[2024-05-18T05:43:24.727+0000] {processor.py:840} INFO - DAG(s) 'tutorial' retrieved from /home/ubuntu/airflow/airflow_env/lib/python3.12/site-packages/airflow/example_dags/tutorial.py
[2024-05-18T05:43:24.774+0000] {logging_mixin.py:188} INFO - [2024-05-18T05:43:24.774+0000] {dag.py:3096} INFO - Sync 1 DAGs
[2024-05-18T05:43:24.805+0000] {logging_mixin.py:188} INFO - [2024-05-18T05:43:24.805+0000] {dag.py:3954} INFO - Setting next_dagrun for tutorial to 2024-05-17 00:00:00+00:00, run_after=2024-05-18 00:00:00+00:00
[2024-05-18T05:43:24.833+0000] {processor.py:183} INFO - Processing /home/ubuntu/airflow/airflow_env/lib/python3.12/site-packages/airflow/example_dags/tutorial.py took 0.127 seconds
[2024-05-18T05:43:55.403+0000] {processor.py:161} INFO - Started process (PID=16572) to work on /home/ubuntu/airflow/airflow_env/lib/python3.12/site-packages/airflow/example_dags/tutorial.py
[2024-05-18T05:43:55.404+0000] {processor.py:830} INFO - Processing file /home/ubuntu/airflow/airflow_env/lib/python3.12/site-packages/airflow/example_dags/tutorial.py for tasks to queue
[2024-05-18T05:43:55.407+0000] {logging_mixin.py:188} INFO - [2024-05-18T05:43:55.406+0000] {dagbag.py:545} INFO - Filling up the DagBag from /home/ubuntu/airflow/airflow_env/lib/python3.12/site-packages/airflow/example_dags/tutorial.py
[2024-05-18T05:43:55.424+0000] {processor.py:840} INFO - DAG(s) 'tutorial' retrieved from /home/ubuntu/airflow/airflow_env/lib/python3.12/site-packages/airflow/example_dags/tutorial.py
[2024-05-18T05:43:55.489+0000] {logging_mixin.py:188} INFO - [2024-05-18T05:43:55.488+0000] {dag.py:3096} INFO - Sync 1 DAGs
[2024-05-18T05:43:55.521+0000] {logging_mixin.py:188} INFO - [2024-05-18T05:43:55.521+0000] {dag.py:3954} INFO - Setting next_dagrun for tutorial to 2024-05-17 00:00:00+00:00, run_after=2024-05-18 00:00:00+00:00
[2024-05-18T05:43:55.551+0000] {processor.py:183} INFO - Processing /home/ubuntu/airflow/airflow_env/lib/python3.12/site-packages/airflow/example_dags/tutorial.py took 0.157 seconds
