[2024-05-18T04:44:05.674+0000] {processor.py:161} INFO - Started process (PID=12257) to work on /home/ubuntu/chch-fuel-recommendator/airflow/af_env/lib/python3.12/site-packages/airflow/example_dags/tutorial_dag.py
[2024-05-18T04:44:05.675+0000] {processor.py:830} INFO - Processing file /home/ubuntu/chch-fuel-recommendator/airflow/af_env/lib/python3.12/site-packages/airflow/example_dags/tutorial_dag.py for tasks to queue
[2024-05-18T04:44:05.677+0000] {logging_mixin.py:188} INFO - [2024-05-18T04:44:05.677+0000] {dagbag.py:545} INFO - Filling up the DagBag from /home/ubuntu/chch-fuel-recommendator/airflow/af_env/lib/python3.12/site-packages/airflow/example_dags/tutorial_dag.py
[2024-05-18T04:44:05.690+0000] {processor.py:840} INFO - DAG(s) 'tutorial_dag' retrieved from /home/ubuntu/chch-fuel-recommendator/airflow/af_env/lib/python3.12/site-packages/airflow/example_dags/tutorial_dag.py
[2024-05-18T04:44:05.857+0000] {logging_mixin.py:188} INFO - [2024-05-18T04:44:05.856+0000] {override.py:1829} INFO - Created Permission View: can edit on DAG:tutorial_dag
[2024-05-18T04:44:05.875+0000] {logging_mixin.py:188} INFO - [2024-05-18T04:44:05.874+0000] {override.py:1829} INFO - Created Permission View: can read on DAG:tutorial_dag
[2024-05-18T04:44:05.889+0000] {logging_mixin.py:188} INFO - [2024-05-18T04:44:05.889+0000] {override.py:1829} INFO - Created Permission View: can delete on DAG:tutorial_dag
[2024-05-18T04:44:05.890+0000] {logging_mixin.py:188} INFO - [2024-05-18T04:44:05.890+0000] {dag.py:3096} INFO - Sync 1 DAGs
[2024-05-18T04:44:05.907+0000] {logging_mixin.py:188} INFO - [2024-05-18T04:44:05.907+0000] {dag.py:3118} INFO - Creating ORM DAG for tutorial_dag
[2024-05-18T04:44:05.908+0000] {logging_mixin.py:188} INFO - [2024-05-18T04:44:05.908+0000] {dag.py:3954} INFO - Setting next_dagrun for tutorial_dag to None, run_after=None
[2024-05-18T04:44:05.944+0000] {processor.py:183} INFO - Processing /home/ubuntu/chch-fuel-recommendator/airflow/af_env/lib/python3.12/site-packages/airflow/example_dags/tutorial_dag.py took 0.278 seconds
[2024-05-18T04:45:05.904+0000] {processor.py:161} INFO - Started process (PID=12311) to work on /home/ubuntu/chch-fuel-recommendator/airflow/af_env/lib/python3.12/site-packages/airflow/example_dags/tutorial_dag.py
[2024-05-18T04:45:05.905+0000] {processor.py:830} INFO - Processing file /home/ubuntu/chch-fuel-recommendator/airflow/af_env/lib/python3.12/site-packages/airflow/example_dags/tutorial_dag.py for tasks to queue
[2024-05-18T04:45:05.906+0000] {logging_mixin.py:188} INFO - [2024-05-18T04:45:05.906+0000] {dagbag.py:545} INFO - Filling up the DagBag from /home/ubuntu/chch-fuel-recommendator/airflow/af_env/lib/python3.12/site-packages/airflow/example_dags/tutorial_dag.py
[2024-05-18T04:45:05.912+0000] {processor.py:840} INFO - DAG(s) 'tutorial_dag' retrieved from /home/ubuntu/chch-fuel-recommendator/airflow/af_env/lib/python3.12/site-packages/airflow/example_dags/tutorial_dag.py
[2024-05-18T04:45:05.948+0000] {logging_mixin.py:188} INFO - [2024-05-18T04:45:05.948+0000] {dag.py:3096} INFO - Sync 1 DAGs
[2024-05-18T04:45:05.970+0000] {logging_mixin.py:188} INFO - [2024-05-18T04:45:05.969+0000] {dag.py:3954} INFO - Setting next_dagrun for tutorial_dag to None, run_after=None
[2024-05-18T04:45:06.030+0000] {processor.py:183} INFO - Processing /home/ubuntu/chch-fuel-recommendator/airflow/af_env/lib/python3.12/site-packages/airflow/example_dags/tutorial_dag.py took 0.132 seconds
[2024-05-18T04:46:03.393+0000] {processor.py:161} INFO - Started process (PID=12367) to work on /home/ubuntu/chch-fuel-recommendator/airflow/af_env/lib/python3.12/site-packages/airflow/example_dags/tutorial_dag.py
[2024-05-18T04:46:03.395+0000] {processor.py:830} INFO - Processing file /home/ubuntu/chch-fuel-recommendator/airflow/af_env/lib/python3.12/site-packages/airflow/example_dags/tutorial_dag.py for tasks to queue
[2024-05-18T04:46:03.397+0000] {logging_mixin.py:188} INFO - [2024-05-18T04:46:03.396+0000] {dagbag.py:545} INFO - Filling up the DagBag from /home/ubuntu/chch-fuel-recommendator/airflow/af_env/lib/python3.12/site-packages/airflow/example_dags/tutorial_dag.py
[2024-05-18T04:46:03.403+0000] {processor.py:840} INFO - DAG(s) 'tutorial_dag' retrieved from /home/ubuntu/chch-fuel-recommendator/airflow/af_env/lib/python3.12/site-packages/airflow/example_dags/tutorial_dag.py
[2024-05-18T04:46:03.423+0000] {logging_mixin.py:188} INFO - [2024-05-18T04:46:03.423+0000] {dag.py:3096} INFO - Sync 1 DAGs
[2024-05-18T04:46:03.436+0000] {logging_mixin.py:188} INFO - [2024-05-18T04:46:03.436+0000] {dag.py:3954} INFO - Setting next_dagrun for tutorial_dag to None, run_after=None
[2024-05-18T04:46:03.462+0000] {processor.py:183} INFO - Processing /home/ubuntu/chch-fuel-recommendator/airflow/af_env/lib/python3.12/site-packages/airflow/example_dags/tutorial_dag.py took 0.075 seconds
[2024-05-18T04:46:55.446+0000] {processor.py:161} INFO - Started process (PID=12418) to work on /home/ubuntu/chch-fuel-recommendator/airflow/af_env/lib/python3.12/site-packages/airflow/example_dags/tutorial_dag.py
[2024-05-18T04:46:55.448+0000] {processor.py:830} INFO - Processing file /home/ubuntu/chch-fuel-recommendator/airflow/af_env/lib/python3.12/site-packages/airflow/example_dags/tutorial_dag.py for tasks to queue
[2024-05-18T04:46:55.450+0000] {logging_mixin.py:188} INFO - [2024-05-18T04:46:55.450+0000] {dagbag.py:545} INFO - Filling up the DagBag from /home/ubuntu/chch-fuel-recommendator/airflow/af_env/lib/python3.12/site-packages/airflow/example_dags/tutorial_dag.py
[2024-05-18T04:46:55.459+0000] {processor.py:840} INFO - DAG(s) 'tutorial_dag' retrieved from /home/ubuntu/chch-fuel-recommendator/airflow/af_env/lib/python3.12/site-packages/airflow/example_dags/tutorial_dag.py
[2024-05-18T04:46:55.482+0000] {logging_mixin.py:188} INFO - [2024-05-18T04:46:55.482+0000] {dag.py:3096} INFO - Sync 1 DAGs
[2024-05-18T04:46:55.498+0000] {logging_mixin.py:188} INFO - [2024-05-18T04:46:55.497+0000] {dag.py:3954} INFO - Setting next_dagrun for tutorial_dag to None, run_after=None
[2024-05-18T04:46:55.534+0000] {processor.py:183} INFO - Processing /home/ubuntu/chch-fuel-recommendator/airflow/af_env/lib/python3.12/site-packages/airflow/example_dags/tutorial_dag.py took 0.096 seconds
[2024-05-18T04:47:39.089+0000] {processor.py:161} INFO - Started process (PID=12461) to work on /home/ubuntu/chch-fuel-recommendator/airflow/af_env/lib/python3.12/site-packages/airflow/example_dags/tutorial_dag.py
[2024-05-18T04:47:39.090+0000] {processor.py:830} INFO - Processing file /home/ubuntu/chch-fuel-recommendator/airflow/af_env/lib/python3.12/site-packages/airflow/example_dags/tutorial_dag.py for tasks to queue
[2024-05-18T04:47:39.093+0000] {logging_mixin.py:188} INFO - [2024-05-18T04:47:39.092+0000] {dagbag.py:545} INFO - Filling up the DagBag from /home/ubuntu/chch-fuel-recommendator/airflow/af_env/lib/python3.12/site-packages/airflow/example_dags/tutorial_dag.py
[2024-05-18T04:47:39.106+0000] {processor.py:840} INFO - DAG(s) 'tutorial_dag' retrieved from /home/ubuntu/chch-fuel-recommendator/airflow/af_env/lib/python3.12/site-packages/airflow/example_dags/tutorial_dag.py
[2024-05-18T04:47:39.131+0000] {logging_mixin.py:188} INFO - [2024-05-18T04:47:39.131+0000] {dag.py:3096} INFO - Sync 1 DAGs
[2024-05-18T04:47:39.147+0000] {logging_mixin.py:188} INFO - [2024-05-18T04:47:39.147+0000] {dag.py:3954} INFO - Setting next_dagrun for tutorial_dag to None, run_after=None
[2024-05-18T04:47:39.179+0000] {processor.py:183} INFO - Processing /home/ubuntu/chch-fuel-recommendator/airflow/af_env/lib/python3.12/site-packages/airflow/example_dags/tutorial_dag.py took 0.109 seconds
[2024-05-18T04:48:23.222+0000] {processor.py:161} INFO - Started process (PID=12505) to work on /home/ubuntu/chch-fuel-recommendator/airflow/af_env/lib/python3.12/site-packages/airflow/example_dags/tutorial_dag.py
[2024-05-18T04:48:23.224+0000] {processor.py:830} INFO - Processing file /home/ubuntu/chch-fuel-recommendator/airflow/af_env/lib/python3.12/site-packages/airflow/example_dags/tutorial_dag.py for tasks to queue
[2024-05-18T04:48:23.226+0000] {logging_mixin.py:188} INFO - [2024-05-18T04:48:23.225+0000] {dagbag.py:545} INFO - Filling up the DagBag from /home/ubuntu/chch-fuel-recommendator/airflow/af_env/lib/python3.12/site-packages/airflow/example_dags/tutorial_dag.py
[2024-05-18T04:48:23.232+0000] {processor.py:840} INFO - DAG(s) 'tutorial_dag' retrieved from /home/ubuntu/chch-fuel-recommendator/airflow/af_env/lib/python3.12/site-packages/airflow/example_dags/tutorial_dag.py
[2024-05-18T04:48:23.253+0000] {logging_mixin.py:188} INFO - [2024-05-18T04:48:23.252+0000] {dag.py:3096} INFO - Sync 1 DAGs
[2024-05-18T04:48:23.266+0000] {logging_mixin.py:188} INFO - [2024-05-18T04:48:23.266+0000] {dag.py:3954} INFO - Setting next_dagrun for tutorial_dag to None, run_after=None
[2024-05-18T04:48:23.293+0000] {processor.py:183} INFO - Processing /home/ubuntu/chch-fuel-recommendator/airflow/af_env/lib/python3.12/site-packages/airflow/example_dags/tutorial_dag.py took 0.079 seconds
[2024-05-18T04:49:06.236+0000] {processor.py:161} INFO - Started process (PID=12548) to work on /home/ubuntu/chch-fuel-recommendator/airflow/af_env/lib/python3.12/site-packages/airflow/example_dags/tutorial_dag.py
[2024-05-18T04:49:06.237+0000] {processor.py:830} INFO - Processing file /home/ubuntu/chch-fuel-recommendator/airflow/af_env/lib/python3.12/site-packages/airflow/example_dags/tutorial_dag.py for tasks to queue
[2024-05-18T04:49:06.239+0000] {logging_mixin.py:188} INFO - [2024-05-18T04:49:06.239+0000] {dagbag.py:545} INFO - Filling up the DagBag from /home/ubuntu/chch-fuel-recommendator/airflow/af_env/lib/python3.12/site-packages/airflow/example_dags/tutorial_dag.py
[2024-05-18T04:49:06.245+0000] {processor.py:840} INFO - DAG(s) 'tutorial_dag' retrieved from /home/ubuntu/chch-fuel-recommendator/airflow/af_env/lib/python3.12/site-packages/airflow/example_dags/tutorial_dag.py
[2024-05-18T04:49:06.261+0000] {logging_mixin.py:188} INFO - [2024-05-18T04:49:06.260+0000] {dag.py:3096} INFO - Sync 1 DAGs
[2024-05-18T04:49:06.276+0000] {logging_mixin.py:188} INFO - [2024-05-18T04:49:06.276+0000] {dag.py:3954} INFO - Setting next_dagrun for tutorial_dag to None, run_after=None
[2024-05-18T04:49:06.302+0000] {processor.py:183} INFO - Processing /home/ubuntu/chch-fuel-recommendator/airflow/af_env/lib/python3.12/site-packages/airflow/example_dags/tutorial_dag.py took 0.071 seconds
[2024-05-18T04:49:50.362+0000] {processor.py:161} INFO - Started process (PID=12590) to work on /home/ubuntu/chch-fuel-recommendator/airflow/af_env/lib/python3.12/site-packages/airflow/example_dags/tutorial_dag.py
[2024-05-18T04:49:50.365+0000] {processor.py:830} INFO - Processing file /home/ubuntu/chch-fuel-recommendator/airflow/af_env/lib/python3.12/site-packages/airflow/example_dags/tutorial_dag.py for tasks to queue
[2024-05-18T04:49:50.367+0000] {logging_mixin.py:188} INFO - [2024-05-18T04:49:50.366+0000] {dagbag.py:545} INFO - Filling up the DagBag from /home/ubuntu/chch-fuel-recommendator/airflow/af_env/lib/python3.12/site-packages/airflow/example_dags/tutorial_dag.py
[2024-05-18T04:49:50.374+0000] {processor.py:840} INFO - DAG(s) 'tutorial_dag' retrieved from /home/ubuntu/chch-fuel-recommendator/airflow/af_env/lib/python3.12/site-packages/airflow/example_dags/tutorial_dag.py
[2024-05-18T04:49:50.390+0000] {logging_mixin.py:188} INFO - [2024-05-18T04:49:50.389+0000] {dag.py:3096} INFO - Sync 1 DAGs
[2024-05-18T04:49:50.402+0000] {logging_mixin.py:188} INFO - [2024-05-18T04:49:50.402+0000] {dag.py:3954} INFO - Setting next_dagrun for tutorial_dag to None, run_after=None
[2024-05-18T04:49:50.425+0000] {processor.py:183} INFO - Processing /home/ubuntu/chch-fuel-recommendator/airflow/af_env/lib/python3.12/site-packages/airflow/example_dags/tutorial_dag.py took 0.083 seconds
[2024-05-18T04:50:33.216+0000] {processor.py:161} INFO - Started process (PID=12638) to work on /home/ubuntu/chch-fuel-recommendator/airflow/af_env/lib/python3.12/site-packages/airflow/example_dags/tutorial_dag.py
[2024-05-18T04:50:33.218+0000] {processor.py:830} INFO - Processing file /home/ubuntu/chch-fuel-recommendator/airflow/af_env/lib/python3.12/site-packages/airflow/example_dags/tutorial_dag.py for tasks to queue
[2024-05-18T04:50:33.220+0000] {logging_mixin.py:188} INFO - [2024-05-18T04:50:33.219+0000] {dagbag.py:545} INFO - Filling up the DagBag from /home/ubuntu/chch-fuel-recommendator/airflow/af_env/lib/python3.12/site-packages/airflow/example_dags/tutorial_dag.py
[2024-05-18T04:50:33.226+0000] {processor.py:840} INFO - DAG(s) 'tutorial_dag' retrieved from /home/ubuntu/chch-fuel-recommendator/airflow/af_env/lib/python3.12/site-packages/airflow/example_dags/tutorial_dag.py
[2024-05-18T04:50:33.246+0000] {logging_mixin.py:188} INFO - [2024-05-18T04:50:33.245+0000] {dag.py:3096} INFO - Sync 1 DAGs
[2024-05-18T04:50:33.262+0000] {logging_mixin.py:188} INFO - [2024-05-18T04:50:33.262+0000] {dag.py:3954} INFO - Setting next_dagrun for tutorial_dag to None, run_after=None
[2024-05-18T04:50:33.296+0000] {processor.py:183} INFO - Processing /home/ubuntu/chch-fuel-recommendator/airflow/af_env/lib/python3.12/site-packages/airflow/example_dags/tutorial_dag.py took 0.085 seconds
[2024-05-18T04:51:18.469+0000] {processor.py:161} INFO - Started process (PID=12683) to work on /home/ubuntu/chch-fuel-recommendator/airflow/af_env/lib/python3.12/site-packages/airflow/example_dags/tutorial_dag.py
[2024-05-18T04:51:18.470+0000] {processor.py:830} INFO - Processing file /home/ubuntu/chch-fuel-recommendator/airflow/af_env/lib/python3.12/site-packages/airflow/example_dags/tutorial_dag.py for tasks to queue
[2024-05-18T04:51:18.472+0000] {logging_mixin.py:188} INFO - [2024-05-18T04:51:18.472+0000] {dagbag.py:545} INFO - Filling up the DagBag from /home/ubuntu/chch-fuel-recommendator/airflow/af_env/lib/python3.12/site-packages/airflow/example_dags/tutorial_dag.py
[2024-05-18T04:51:18.480+0000] {processor.py:840} INFO - DAG(s) 'tutorial_dag' retrieved from /home/ubuntu/chch-fuel-recommendator/airflow/af_env/lib/python3.12/site-packages/airflow/example_dags/tutorial_dag.py
[2024-05-18T04:51:18.501+0000] {logging_mixin.py:188} INFO - [2024-05-18T04:51:18.501+0000] {dag.py:3096} INFO - Sync 1 DAGs
[2024-05-18T04:51:18.516+0000] {logging_mixin.py:188} INFO - [2024-05-18T04:51:18.516+0000] {dag.py:3954} INFO - Setting next_dagrun for tutorial_dag to None, run_after=None
[2024-05-18T04:51:18.550+0000] {processor.py:183} INFO - Processing /home/ubuntu/chch-fuel-recommendator/airflow/af_env/lib/python3.12/site-packages/airflow/example_dags/tutorial_dag.py took 0.088 seconds
[2024-05-18T04:52:01.320+0000] {processor.py:161} INFO - Started process (PID=12726) to work on /home/ubuntu/chch-fuel-recommendator/airflow/af_env/lib/python3.12/site-packages/airflow/example_dags/tutorial_dag.py
[2024-05-18T04:52:01.322+0000] {processor.py:830} INFO - Processing file /home/ubuntu/chch-fuel-recommendator/airflow/af_env/lib/python3.12/site-packages/airflow/example_dags/tutorial_dag.py for tasks to queue
[2024-05-18T04:52:01.324+0000] {logging_mixin.py:188} INFO - [2024-05-18T04:52:01.323+0000] {dagbag.py:545} INFO - Filling up the DagBag from /home/ubuntu/chch-fuel-recommendator/airflow/af_env/lib/python3.12/site-packages/airflow/example_dags/tutorial_dag.py
[2024-05-18T04:52:01.332+0000] {processor.py:840} INFO - DAG(s) 'tutorial_dag' retrieved from /home/ubuntu/chch-fuel-recommendator/airflow/af_env/lib/python3.12/site-packages/airflow/example_dags/tutorial_dag.py
[2024-05-18T04:52:01.373+0000] {logging_mixin.py:188} INFO - [2024-05-18T04:52:01.373+0000] {dag.py:3096} INFO - Sync 1 DAGs
[2024-05-18T04:52:01.391+0000] {logging_mixin.py:188} INFO - [2024-05-18T04:52:01.390+0000] {dag.py:3954} INFO - Setting next_dagrun for tutorial_dag to None, run_after=None
[2024-05-18T04:52:01.431+0000] {processor.py:183} INFO - Processing /home/ubuntu/chch-fuel-recommendator/airflow/af_env/lib/python3.12/site-packages/airflow/example_dags/tutorial_dag.py took 0.118 seconds
[2024-05-18T04:52:48.358+0000] {processor.py:161} INFO - Started process (PID=12771) to work on /home/ubuntu/chch-fuel-recommendator/airflow/af_env/lib/python3.12/site-packages/airflow/example_dags/tutorial_dag.py
[2024-05-18T04:52:48.359+0000] {processor.py:830} INFO - Processing file /home/ubuntu/chch-fuel-recommendator/airflow/af_env/lib/python3.12/site-packages/airflow/example_dags/tutorial_dag.py for tasks to queue
[2024-05-18T04:52:48.361+0000] {logging_mixin.py:188} INFO - [2024-05-18T04:52:48.360+0000] {dagbag.py:545} INFO - Filling up the DagBag from /home/ubuntu/chch-fuel-recommendator/airflow/af_env/lib/python3.12/site-packages/airflow/example_dags/tutorial_dag.py
[2024-05-18T04:52:48.366+0000] {processor.py:840} INFO - DAG(s) 'tutorial_dag' retrieved from /home/ubuntu/chch-fuel-recommendator/airflow/af_env/lib/python3.12/site-packages/airflow/example_dags/tutorial_dag.py
[2024-05-18T04:52:48.382+0000] {logging_mixin.py:188} INFO - [2024-05-18T04:52:48.381+0000] {dag.py:3096} INFO - Sync 1 DAGs
[2024-05-18T04:52:48.392+0000] {logging_mixin.py:188} INFO - [2024-05-18T04:52:48.392+0000] {dag.py:3954} INFO - Setting next_dagrun for tutorial_dag to None, run_after=None
[2024-05-18T04:52:48.416+0000] {processor.py:183} INFO - Processing /home/ubuntu/chch-fuel-recommendator/airflow/af_env/lib/python3.12/site-packages/airflow/example_dags/tutorial_dag.py took 0.063 seconds
[2024-05-18T04:53:34.750+0000] {processor.py:161} INFO - Started process (PID=12817) to work on /home/ubuntu/chch-fuel-recommendator/airflow/af_env/lib/python3.12/site-packages/airflow/example_dags/tutorial_dag.py
[2024-05-18T04:53:34.751+0000] {processor.py:830} INFO - Processing file /home/ubuntu/chch-fuel-recommendator/airflow/af_env/lib/python3.12/site-packages/airflow/example_dags/tutorial_dag.py for tasks to queue
[2024-05-18T04:53:34.753+0000] {logging_mixin.py:188} INFO - [2024-05-18T04:53:34.753+0000] {dagbag.py:545} INFO - Filling up the DagBag from /home/ubuntu/chch-fuel-recommendator/airflow/af_env/lib/python3.12/site-packages/airflow/example_dags/tutorial_dag.py
[2024-05-18T04:53:34.760+0000] {processor.py:840} INFO - DAG(s) 'tutorial_dag' retrieved from /home/ubuntu/chch-fuel-recommendator/airflow/af_env/lib/python3.12/site-packages/airflow/example_dags/tutorial_dag.py
[2024-05-18T04:53:34.777+0000] {logging_mixin.py:188} INFO - [2024-05-18T04:53:34.777+0000] {dag.py:3096} INFO - Sync 1 DAGs
[2024-05-18T04:53:34.790+0000] {logging_mixin.py:188} INFO - [2024-05-18T04:53:34.790+0000] {dag.py:3954} INFO - Setting next_dagrun for tutorial_dag to None, run_after=None
[2024-05-18T04:53:34.818+0000] {processor.py:183} INFO - Processing /home/ubuntu/chch-fuel-recommendator/airflow/af_env/lib/python3.12/site-packages/airflow/example_dags/tutorial_dag.py took 0.075 seconds
[2024-05-18T05:32:13.211+0000] {processor.py:161} INFO - Started process (PID=15066) to work on /home/ubuntu/airflow/airflow_env/lib/python3.12/site-packages/airflow/example_dags/tutorial_dag.py
[2024-05-18T05:32:13.212+0000] {processor.py:830} INFO - Processing file /home/ubuntu/airflow/airflow_env/lib/python3.12/site-packages/airflow/example_dags/tutorial_dag.py for tasks to queue
[2024-05-18T05:32:13.215+0000] {logging_mixin.py:188} INFO - [2024-05-18T05:32:13.214+0000] {dagbag.py:545} INFO - Filling up the DagBag from /home/ubuntu/airflow/airflow_env/lib/python3.12/site-packages/airflow/example_dags/tutorial_dag.py
[2024-05-18T05:32:13.224+0000] {processor.py:840} INFO - DAG(s) 'tutorial_dag' retrieved from /home/ubuntu/airflow/airflow_env/lib/python3.12/site-packages/airflow/example_dags/tutorial_dag.py
[2024-05-18T05:32:13.396+0000] {logging_mixin.py:188} INFO - [2024-05-18T05:32:13.396+0000] {dag.py:3096} INFO - Sync 1 DAGs
[2024-05-18T05:32:13.412+0000] {logging_mixin.py:188} INFO - [2024-05-18T05:32:13.412+0000] {dag.py:3954} INFO - Setting next_dagrun for tutorial_dag to None, run_after=None
[2024-05-18T05:32:13.454+0000] {processor.py:183} INFO - Processing /home/ubuntu/airflow/airflow_env/lib/python3.12/site-packages/airflow/example_dags/tutorial_dag.py took 0.250 seconds
[2024-05-18T05:32:43.484+0000] {processor.py:161} INFO - Started process (PID=15120) to work on /home/ubuntu/airflow/airflow_env/lib/python3.12/site-packages/airflow/example_dags/tutorial_dag.py
[2024-05-18T05:32:43.485+0000] {processor.py:830} INFO - Processing file /home/ubuntu/airflow/airflow_env/lib/python3.12/site-packages/airflow/example_dags/tutorial_dag.py for tasks to queue
[2024-05-18T05:32:43.487+0000] {logging_mixin.py:188} INFO - [2024-05-18T05:32:43.486+0000] {dagbag.py:545} INFO - Filling up the DagBag from /home/ubuntu/airflow/airflow_env/lib/python3.12/site-packages/airflow/example_dags/tutorial_dag.py
[2024-05-18T05:32:43.491+0000] {processor.py:840} INFO - DAG(s) 'tutorial_dag' retrieved from /home/ubuntu/airflow/airflow_env/lib/python3.12/site-packages/airflow/example_dags/tutorial_dag.py
[2024-05-18T05:32:43.531+0000] {logging_mixin.py:188} INFO - [2024-05-18T05:32:43.531+0000] {dag.py:3096} INFO - Sync 1 DAGs
[2024-05-18T05:32:43.547+0000] {logging_mixin.py:188} INFO - [2024-05-18T05:32:43.546+0000] {dag.py:3954} INFO - Setting next_dagrun for tutorial_dag to None, run_after=None
[2024-05-18T05:32:43.577+0000] {processor.py:183} INFO - Processing /home/ubuntu/airflow/airflow_env/lib/python3.12/site-packages/airflow/example_dags/tutorial_dag.py took 0.099 seconds
[2024-05-18T05:33:13.931+0000] {processor.py:161} INFO - Started process (PID=15174) to work on /home/ubuntu/airflow/airflow_env/lib/python3.12/site-packages/airflow/example_dags/tutorial_dag.py
[2024-05-18T05:33:13.933+0000] {processor.py:830} INFO - Processing file /home/ubuntu/airflow/airflow_env/lib/python3.12/site-packages/airflow/example_dags/tutorial_dag.py for tasks to queue
[2024-05-18T05:33:13.937+0000] {logging_mixin.py:188} INFO - [2024-05-18T05:33:13.936+0000] {dagbag.py:545} INFO - Filling up the DagBag from /home/ubuntu/airflow/airflow_env/lib/python3.12/site-packages/airflow/example_dags/tutorial_dag.py
[2024-05-18T05:33:13.943+0000] {processor.py:840} INFO - DAG(s) 'tutorial_dag' retrieved from /home/ubuntu/airflow/airflow_env/lib/python3.12/site-packages/airflow/example_dags/tutorial_dag.py
[2024-05-18T05:33:14.011+0000] {logging_mixin.py:188} INFO - [2024-05-18T05:33:14.011+0000] {dag.py:3096} INFO - Sync 1 DAGs
[2024-05-18T05:33:14.031+0000] {logging_mixin.py:188} INFO - [2024-05-18T05:33:14.030+0000] {dag.py:3954} INFO - Setting next_dagrun for tutorial_dag to None, run_after=None
[2024-05-18T05:33:14.067+0000] {processor.py:183} INFO - Processing /home/ubuntu/airflow/airflow_env/lib/python3.12/site-packages/airflow/example_dags/tutorial_dag.py took 0.164 seconds
[2024-05-18T05:33:44.355+0000] {processor.py:161} INFO - Started process (PID=15225) to work on /home/ubuntu/airflow/airflow_env/lib/python3.12/site-packages/airflow/example_dags/tutorial_dag.py
[2024-05-18T05:33:44.356+0000] {processor.py:830} INFO - Processing file /home/ubuntu/airflow/airflow_env/lib/python3.12/site-packages/airflow/example_dags/tutorial_dag.py for tasks to queue
[2024-05-18T05:33:44.358+0000] {logging_mixin.py:188} INFO - [2024-05-18T05:33:44.358+0000] {dagbag.py:545} INFO - Filling up the DagBag from /home/ubuntu/airflow/airflow_env/lib/python3.12/site-packages/airflow/example_dags/tutorial_dag.py
[2024-05-18T05:33:44.365+0000] {processor.py:840} INFO - DAG(s) 'tutorial_dag' retrieved from /home/ubuntu/airflow/airflow_env/lib/python3.12/site-packages/airflow/example_dags/tutorial_dag.py
[2024-05-18T05:33:44.422+0000] {logging_mixin.py:188} INFO - [2024-05-18T05:33:44.422+0000] {dag.py:3096} INFO - Sync 1 DAGs
[2024-05-18T05:33:44.438+0000] {logging_mixin.py:188} INFO - [2024-05-18T05:33:44.438+0000] {dag.py:3954} INFO - Setting next_dagrun for tutorial_dag to None, run_after=None
[2024-05-18T05:33:44.465+0000] {processor.py:183} INFO - Processing /home/ubuntu/airflow/airflow_env/lib/python3.12/site-packages/airflow/example_dags/tutorial_dag.py took 0.118 seconds
[2024-05-18T05:34:15.452+0000] {processor.py:161} INFO - Started process (PID=15277) to work on /home/ubuntu/airflow/airflow_env/lib/python3.12/site-packages/airflow/example_dags/tutorial_dag.py
[2024-05-18T05:34:15.453+0000] {processor.py:830} INFO - Processing file /home/ubuntu/airflow/airflow_env/lib/python3.12/site-packages/airflow/example_dags/tutorial_dag.py for tasks to queue
[2024-05-18T05:34:15.456+0000] {logging_mixin.py:188} INFO - [2024-05-18T05:34:15.456+0000] {dagbag.py:545} INFO - Filling up the DagBag from /home/ubuntu/airflow/airflow_env/lib/python3.12/site-packages/airflow/example_dags/tutorial_dag.py
[2024-05-18T05:34:15.466+0000] {processor.py:840} INFO - DAG(s) 'tutorial_dag' retrieved from /home/ubuntu/airflow/airflow_env/lib/python3.12/site-packages/airflow/example_dags/tutorial_dag.py
[2024-05-18T05:34:15.519+0000] {logging_mixin.py:188} INFO - [2024-05-18T05:34:15.518+0000] {dag.py:3096} INFO - Sync 1 DAGs
[2024-05-18T05:34:15.537+0000] {logging_mixin.py:188} INFO - [2024-05-18T05:34:15.537+0000] {dag.py:3954} INFO - Setting next_dagrun for tutorial_dag to None, run_after=None
[2024-05-18T05:34:15.562+0000] {processor.py:183} INFO - Processing /home/ubuntu/airflow/airflow_env/lib/python3.12/site-packages/airflow/example_dags/tutorial_dag.py took 0.118 seconds
[2024-05-18T05:34:46.481+0000] {processor.py:161} INFO - Started process (PID=15328) to work on /home/ubuntu/airflow/airflow_env/lib/python3.12/site-packages/airflow/example_dags/tutorial_dag.py
[2024-05-18T05:34:46.484+0000] {processor.py:830} INFO - Processing file /home/ubuntu/airflow/airflow_env/lib/python3.12/site-packages/airflow/example_dags/tutorial_dag.py for tasks to queue
[2024-05-18T05:34:46.487+0000] {logging_mixin.py:188} INFO - [2024-05-18T05:34:46.486+0000] {dagbag.py:545} INFO - Filling up the DagBag from /home/ubuntu/airflow/airflow_env/lib/python3.12/site-packages/airflow/example_dags/tutorial_dag.py
[2024-05-18T05:34:46.493+0000] {processor.py:840} INFO - DAG(s) 'tutorial_dag' retrieved from /home/ubuntu/airflow/airflow_env/lib/python3.12/site-packages/airflow/example_dags/tutorial_dag.py
[2024-05-18T05:34:46.545+0000] {logging_mixin.py:188} INFO - [2024-05-18T05:34:46.545+0000] {dag.py:3096} INFO - Sync 1 DAGs
[2024-05-18T05:34:46.564+0000] {logging_mixin.py:188} INFO - [2024-05-18T05:34:46.564+0000] {dag.py:3954} INFO - Setting next_dagrun for tutorial_dag to None, run_after=None
[2024-05-18T05:34:46.593+0000] {processor.py:183} INFO - Processing /home/ubuntu/airflow/airflow_env/lib/python3.12/site-packages/airflow/example_dags/tutorial_dag.py took 0.121 seconds
[2024-05-18T05:35:16.891+0000] {processor.py:161} INFO - Started process (PID=15382) to work on /home/ubuntu/airflow/airflow_env/lib/python3.12/site-packages/airflow/example_dags/tutorial_dag.py
[2024-05-18T05:35:16.893+0000] {processor.py:830} INFO - Processing file /home/ubuntu/airflow/airflow_env/lib/python3.12/site-packages/airflow/example_dags/tutorial_dag.py for tasks to queue
[2024-05-18T05:35:16.895+0000] {logging_mixin.py:188} INFO - [2024-05-18T05:35:16.895+0000] {dagbag.py:545} INFO - Filling up the DagBag from /home/ubuntu/airflow/airflow_env/lib/python3.12/site-packages/airflow/example_dags/tutorial_dag.py
[2024-05-18T05:35:16.900+0000] {processor.py:840} INFO - DAG(s) 'tutorial_dag' retrieved from /home/ubuntu/airflow/airflow_env/lib/python3.12/site-packages/airflow/example_dags/tutorial_dag.py
[2024-05-18T05:35:16.943+0000] {logging_mixin.py:188} INFO - [2024-05-18T05:35:16.943+0000] {dag.py:3096} INFO - Sync 1 DAGs
[2024-05-18T05:35:16.958+0000] {logging_mixin.py:188} INFO - [2024-05-18T05:35:16.958+0000] {dag.py:3954} INFO - Setting next_dagrun for tutorial_dag to None, run_after=None
[2024-05-18T05:35:16.999+0000] {processor.py:183} INFO - Processing /home/ubuntu/airflow/airflow_env/lib/python3.12/site-packages/airflow/example_dags/tutorial_dag.py took 0.116 seconds
[2024-05-18T05:35:47.077+0000] {processor.py:161} INFO - Started process (PID=15433) to work on /home/ubuntu/airflow/airflow_env/lib/python3.12/site-packages/airflow/example_dags/tutorial_dag.py
[2024-05-18T05:35:47.078+0000] {processor.py:830} INFO - Processing file /home/ubuntu/airflow/airflow_env/lib/python3.12/site-packages/airflow/example_dags/tutorial_dag.py for tasks to queue
[2024-05-18T05:35:47.080+0000] {logging_mixin.py:188} INFO - [2024-05-18T05:35:47.079+0000] {dagbag.py:545} INFO - Filling up the DagBag from /home/ubuntu/airflow/airflow_env/lib/python3.12/site-packages/airflow/example_dags/tutorial_dag.py
[2024-05-18T05:35:47.085+0000] {processor.py:840} INFO - DAG(s) 'tutorial_dag' retrieved from /home/ubuntu/airflow/airflow_env/lib/python3.12/site-packages/airflow/example_dags/tutorial_dag.py
[2024-05-18T05:35:47.126+0000] {logging_mixin.py:188} INFO - [2024-05-18T05:35:47.125+0000] {dag.py:3096} INFO - Sync 1 DAGs
[2024-05-18T05:35:47.138+0000] {logging_mixin.py:188} INFO - [2024-05-18T05:35:47.138+0000] {dag.py:3954} INFO - Setting next_dagrun for tutorial_dag to None, run_after=None
[2024-05-18T05:35:47.158+0000] {processor.py:183} INFO - Processing /home/ubuntu/airflow/airflow_env/lib/python3.12/site-packages/airflow/example_dags/tutorial_dag.py took 0.086 seconds
[2024-05-18T05:36:17.270+0000] {processor.py:161} INFO - Started process (PID=15484) to work on /home/ubuntu/airflow/airflow_env/lib/python3.12/site-packages/airflow/example_dags/tutorial_dag.py
[2024-05-18T05:36:17.272+0000] {processor.py:830} INFO - Processing file /home/ubuntu/airflow/airflow_env/lib/python3.12/site-packages/airflow/example_dags/tutorial_dag.py for tasks to queue
[2024-05-18T05:36:17.274+0000] {logging_mixin.py:188} INFO - [2024-05-18T05:36:17.274+0000] {dagbag.py:545} INFO - Filling up the DagBag from /home/ubuntu/airflow/airflow_env/lib/python3.12/site-packages/airflow/example_dags/tutorial_dag.py
[2024-05-18T05:36:17.281+0000] {processor.py:840} INFO - DAG(s) 'tutorial_dag' retrieved from /home/ubuntu/airflow/airflow_env/lib/python3.12/site-packages/airflow/example_dags/tutorial_dag.py
[2024-05-18T05:36:17.346+0000] {logging_mixin.py:188} INFO - [2024-05-18T05:36:17.345+0000] {dag.py:3096} INFO - Sync 1 DAGs
[2024-05-18T05:36:17.361+0000] {logging_mixin.py:188} INFO - [2024-05-18T05:36:17.361+0000] {dag.py:3954} INFO - Setting next_dagrun for tutorial_dag to None, run_after=None
[2024-05-18T05:36:17.401+0000] {processor.py:183} INFO - Processing /home/ubuntu/airflow/airflow_env/lib/python3.12/site-packages/airflow/example_dags/tutorial_dag.py took 0.141 seconds
[2024-05-18T05:36:48.316+0000] {processor.py:161} INFO - Started process (PID=15535) to work on /home/ubuntu/airflow/airflow_env/lib/python3.12/site-packages/airflow/example_dags/tutorial_dag.py
[2024-05-18T05:36:48.318+0000] {processor.py:830} INFO - Processing file /home/ubuntu/airflow/airflow_env/lib/python3.12/site-packages/airflow/example_dags/tutorial_dag.py for tasks to queue
[2024-05-18T05:36:48.321+0000] {logging_mixin.py:188} INFO - [2024-05-18T05:36:48.320+0000] {dagbag.py:545} INFO - Filling up the DagBag from /home/ubuntu/airflow/airflow_env/lib/python3.12/site-packages/airflow/example_dags/tutorial_dag.py
[2024-05-18T05:36:48.328+0000] {processor.py:840} INFO - DAG(s) 'tutorial_dag' retrieved from /home/ubuntu/airflow/airflow_env/lib/python3.12/site-packages/airflow/example_dags/tutorial_dag.py
[2024-05-18T05:36:48.392+0000] {logging_mixin.py:188} INFO - [2024-05-18T05:36:48.391+0000] {dag.py:3096} INFO - Sync 1 DAGs
[2024-05-18T05:36:48.410+0000] {logging_mixin.py:188} INFO - [2024-05-18T05:36:48.410+0000] {dag.py:3954} INFO - Setting next_dagrun for tutorial_dag to None, run_after=None
[2024-05-18T05:36:48.440+0000] {processor.py:183} INFO - Processing /home/ubuntu/airflow/airflow_env/lib/python3.12/site-packages/airflow/example_dags/tutorial_dag.py took 0.134 seconds
[2024-05-18T05:37:19.243+0000] {processor.py:161} INFO - Started process (PID=15586) to work on /home/ubuntu/airflow/airflow_env/lib/python3.12/site-packages/airflow/example_dags/tutorial_dag.py
[2024-05-18T05:37:19.244+0000] {processor.py:830} INFO - Processing file /home/ubuntu/airflow/airflow_env/lib/python3.12/site-packages/airflow/example_dags/tutorial_dag.py for tasks to queue
[2024-05-18T05:37:19.246+0000] {logging_mixin.py:188} INFO - [2024-05-18T05:37:19.245+0000] {dagbag.py:545} INFO - Filling up the DagBag from /home/ubuntu/airflow/airflow_env/lib/python3.12/site-packages/airflow/example_dags/tutorial_dag.py
[2024-05-18T05:37:19.253+0000] {processor.py:840} INFO - DAG(s) 'tutorial_dag' retrieved from /home/ubuntu/airflow/airflow_env/lib/python3.12/site-packages/airflow/example_dags/tutorial_dag.py
[2024-05-18T05:37:19.312+0000] {logging_mixin.py:188} INFO - [2024-05-18T05:37:19.312+0000] {dag.py:3096} INFO - Sync 1 DAGs
[2024-05-18T05:37:19.330+0000] {logging_mixin.py:188} INFO - [2024-05-18T05:37:19.330+0000] {dag.py:3954} INFO - Setting next_dagrun for tutorial_dag to None, run_after=None
[2024-05-18T05:37:19.355+0000] {processor.py:183} INFO - Processing /home/ubuntu/airflow/airflow_env/lib/python3.12/site-packages/airflow/example_dags/tutorial_dag.py took 0.121 seconds
[2024-05-18T05:37:49.400+0000] {processor.py:161} INFO - Started process (PID=15638) to work on /home/ubuntu/airflow/airflow_env/lib/python3.12/site-packages/airflow/example_dags/tutorial_dag.py
[2024-05-18T05:37:49.402+0000] {processor.py:830} INFO - Processing file /home/ubuntu/airflow/airflow_env/lib/python3.12/site-packages/airflow/example_dags/tutorial_dag.py for tasks to queue
[2024-05-18T05:37:49.404+0000] {logging_mixin.py:188} INFO - [2024-05-18T05:37:49.404+0000] {dagbag.py:545} INFO - Filling up the DagBag from /home/ubuntu/airflow/airflow_env/lib/python3.12/site-packages/airflow/example_dags/tutorial_dag.py
[2024-05-18T05:37:49.411+0000] {processor.py:840} INFO - DAG(s) 'tutorial_dag' retrieved from /home/ubuntu/airflow/airflow_env/lib/python3.12/site-packages/airflow/example_dags/tutorial_dag.py
[2024-05-18T05:37:49.469+0000] {logging_mixin.py:188} INFO - [2024-05-18T05:37:49.469+0000] {dag.py:3096} INFO - Sync 1 DAGs
[2024-05-18T05:37:49.490+0000] {logging_mixin.py:188} INFO - [2024-05-18T05:37:49.489+0000] {dag.py:3954} INFO - Setting next_dagrun for tutorial_dag to None, run_after=None
[2024-05-18T05:37:49.518+0000] {processor.py:183} INFO - Processing /home/ubuntu/airflow/airflow_env/lib/python3.12/site-packages/airflow/example_dags/tutorial_dag.py took 0.132 seconds
[2024-05-18T05:38:19.763+0000] {processor.py:161} INFO - Started process (PID=15689) to work on /home/ubuntu/airflow/airflow_env/lib/python3.12/site-packages/airflow/example_dags/tutorial_dag.py
[2024-05-18T05:38:19.765+0000] {processor.py:830} INFO - Processing file /home/ubuntu/airflow/airflow_env/lib/python3.12/site-packages/airflow/example_dags/tutorial_dag.py for tasks to queue
[2024-05-18T05:38:19.767+0000] {logging_mixin.py:188} INFO - [2024-05-18T05:38:19.766+0000] {dagbag.py:545} INFO - Filling up the DagBag from /home/ubuntu/airflow/airflow_env/lib/python3.12/site-packages/airflow/example_dags/tutorial_dag.py
[2024-05-18T05:38:19.774+0000] {processor.py:840} INFO - DAG(s) 'tutorial_dag' retrieved from /home/ubuntu/airflow/airflow_env/lib/python3.12/site-packages/airflow/example_dags/tutorial_dag.py
[2024-05-18T05:38:19.843+0000] {logging_mixin.py:188} INFO - [2024-05-18T05:38:19.843+0000] {dag.py:3096} INFO - Sync 1 DAGs
[2024-05-18T05:38:19.859+0000] {logging_mixin.py:188} INFO - [2024-05-18T05:38:19.859+0000] {dag.py:3954} INFO - Setting next_dagrun for tutorial_dag to None, run_after=None
[2024-05-18T05:38:19.889+0000] {processor.py:183} INFO - Processing /home/ubuntu/airflow/airflow_env/lib/python3.12/site-packages/airflow/example_dags/tutorial_dag.py took 0.141 seconds
[2024-05-18T05:38:50.074+0000] {processor.py:161} INFO - Started process (PID=15740) to work on /home/ubuntu/airflow/airflow_env/lib/python3.12/site-packages/airflow/example_dags/tutorial_dag.py
[2024-05-18T05:38:50.076+0000] {processor.py:830} INFO - Processing file /home/ubuntu/airflow/airflow_env/lib/python3.12/site-packages/airflow/example_dags/tutorial_dag.py for tasks to queue
[2024-05-18T05:38:50.079+0000] {logging_mixin.py:188} INFO - [2024-05-18T05:38:50.078+0000] {dagbag.py:545} INFO - Filling up the DagBag from /home/ubuntu/airflow/airflow_env/lib/python3.12/site-packages/airflow/example_dags/tutorial_dag.py
[2024-05-18T05:38:50.085+0000] {processor.py:840} INFO - DAG(s) 'tutorial_dag' retrieved from /home/ubuntu/airflow/airflow_env/lib/python3.12/site-packages/airflow/example_dags/tutorial_dag.py
[2024-05-18T05:38:50.134+0000] {logging_mixin.py:188} INFO - [2024-05-18T05:38:50.134+0000] {dag.py:3096} INFO - Sync 1 DAGs
[2024-05-18T05:38:50.148+0000] {logging_mixin.py:188} INFO - [2024-05-18T05:38:50.148+0000] {dag.py:3954} INFO - Setting next_dagrun for tutorial_dag to None, run_after=None
[2024-05-18T05:38:50.179+0000] {processor.py:183} INFO - Processing /home/ubuntu/airflow/airflow_env/lib/python3.12/site-packages/airflow/example_dags/tutorial_dag.py took 0.114 seconds
[2024-05-18T05:39:21.104+0000] {processor.py:161} INFO - Started process (PID=15792) to work on /home/ubuntu/airflow/airflow_env/lib/python3.12/site-packages/airflow/example_dags/tutorial_dag.py
[2024-05-18T05:39:21.105+0000] {processor.py:830} INFO - Processing file /home/ubuntu/airflow/airflow_env/lib/python3.12/site-packages/airflow/example_dags/tutorial_dag.py for tasks to queue
[2024-05-18T05:39:21.108+0000] {logging_mixin.py:188} INFO - [2024-05-18T05:39:21.107+0000] {dagbag.py:545} INFO - Filling up the DagBag from /home/ubuntu/airflow/airflow_env/lib/python3.12/site-packages/airflow/example_dags/tutorial_dag.py
[2024-05-18T05:39:21.116+0000] {processor.py:840} INFO - DAG(s) 'tutorial_dag' retrieved from /home/ubuntu/airflow/airflow_env/lib/python3.12/site-packages/airflow/example_dags/tutorial_dag.py
[2024-05-18T05:39:21.160+0000] {logging_mixin.py:188} INFO - [2024-05-18T05:39:21.159+0000] {dag.py:3096} INFO - Sync 1 DAGs
[2024-05-18T05:39:21.175+0000] {logging_mixin.py:188} INFO - [2024-05-18T05:39:21.175+0000] {dag.py:3954} INFO - Setting next_dagrun for tutorial_dag to None, run_after=None
[2024-05-18T05:39:21.199+0000] {processor.py:183} INFO - Processing /home/ubuntu/airflow/airflow_env/lib/python3.12/site-packages/airflow/example_dags/tutorial_dag.py took 0.102 seconds
[2024-05-18T05:39:51.290+0000] {processor.py:161} INFO - Started process (PID=15843) to work on /home/ubuntu/airflow/airflow_env/lib/python3.12/site-packages/airflow/example_dags/tutorial_dag.py
[2024-05-18T05:39:51.291+0000] {processor.py:830} INFO - Processing file /home/ubuntu/airflow/airflow_env/lib/python3.12/site-packages/airflow/example_dags/tutorial_dag.py for tasks to queue
[2024-05-18T05:39:51.293+0000] {logging_mixin.py:188} INFO - [2024-05-18T05:39:51.292+0000] {dagbag.py:545} INFO - Filling up the DagBag from /home/ubuntu/airflow/airflow_env/lib/python3.12/site-packages/airflow/example_dags/tutorial_dag.py
[2024-05-18T05:39:51.310+0000] {processor.py:840} INFO - DAG(s) 'tutorial_dag' retrieved from /home/ubuntu/airflow/airflow_env/lib/python3.12/site-packages/airflow/example_dags/tutorial_dag.py
[2024-05-18T05:39:51.365+0000] {logging_mixin.py:188} INFO - [2024-05-18T05:39:51.364+0000] {dag.py:3096} INFO - Sync 1 DAGs
[2024-05-18T05:39:51.378+0000] {logging_mixin.py:188} INFO - [2024-05-18T05:39:51.378+0000] {dag.py:3954} INFO - Setting next_dagrun for tutorial_dag to None, run_after=None
[2024-05-18T05:39:51.403+0000] {processor.py:183} INFO - Processing /home/ubuntu/airflow/airflow_env/lib/python3.12/site-packages/airflow/example_dags/tutorial_dag.py took 0.122 seconds
[2024-05-18T05:40:21.702+0000] {processor.py:161} INFO - Started process (PID=16174) to work on /home/ubuntu/airflow/airflow_env/lib/python3.12/site-packages/airflow/example_dags/tutorial_dag.py
[2024-05-18T05:40:21.703+0000] {processor.py:830} INFO - Processing file /home/ubuntu/airflow/airflow_env/lib/python3.12/site-packages/airflow/example_dags/tutorial_dag.py for tasks to queue
[2024-05-18T05:40:21.705+0000] {logging_mixin.py:188} INFO - [2024-05-18T05:40:21.705+0000] {dagbag.py:545} INFO - Filling up the DagBag from /home/ubuntu/airflow/airflow_env/lib/python3.12/site-packages/airflow/example_dags/tutorial_dag.py
[2024-05-18T05:40:21.711+0000] {processor.py:840} INFO - DAG(s) 'tutorial_dag' retrieved from /home/ubuntu/airflow/airflow_env/lib/python3.12/site-packages/airflow/example_dags/tutorial_dag.py
[2024-05-18T05:40:21.781+0000] {logging_mixin.py:188} INFO - [2024-05-18T05:40:21.781+0000] {dag.py:3096} INFO - Sync 1 DAGs
[2024-05-18T05:40:21.811+0000] {logging_mixin.py:188} INFO - [2024-05-18T05:40:21.810+0000] {dag.py:3954} INFO - Setting next_dagrun for tutorial_dag to None, run_after=None
[2024-05-18T05:40:21.843+0000] {processor.py:183} INFO - Processing /home/ubuntu/airflow/airflow_env/lib/python3.12/site-packages/airflow/example_dags/tutorial_dag.py took 0.151 seconds
[2024-05-18T05:40:52.059+0000] {processor.py:161} INFO - Started process (PID=16231) to work on /home/ubuntu/airflow/airflow_env/lib/python3.12/site-packages/airflow/example_dags/tutorial_dag.py
[2024-05-18T05:40:52.060+0000] {processor.py:830} INFO - Processing file /home/ubuntu/airflow/airflow_env/lib/python3.12/site-packages/airflow/example_dags/tutorial_dag.py for tasks to queue
[2024-05-18T05:40:52.063+0000] {logging_mixin.py:188} INFO - [2024-05-18T05:40:52.063+0000] {dagbag.py:545} INFO - Filling up the DagBag from /home/ubuntu/airflow/airflow_env/lib/python3.12/site-packages/airflow/example_dags/tutorial_dag.py
[2024-05-18T05:40:52.077+0000] {processor.py:840} INFO - DAG(s) 'tutorial_dag' retrieved from /home/ubuntu/airflow/airflow_env/lib/python3.12/site-packages/airflow/example_dags/tutorial_dag.py
[2024-05-18T05:40:52.151+0000] {logging_mixin.py:188} INFO - [2024-05-18T05:40:52.150+0000] {dag.py:3096} INFO - Sync 1 DAGs
[2024-05-18T05:40:52.170+0000] {logging_mixin.py:188} INFO - [2024-05-18T05:40:52.170+0000] {dag.py:3954} INFO - Setting next_dagrun for tutorial_dag to None, run_after=None
[2024-05-18T05:40:52.210+0000] {processor.py:183} INFO - Processing /home/ubuntu/airflow/airflow_env/lib/python3.12/site-packages/airflow/example_dags/tutorial_dag.py took 0.166 seconds
[2024-05-18T05:41:22.639+0000] {processor.py:161} INFO - Started process (PID=16282) to work on /home/ubuntu/airflow/airflow_env/lib/python3.12/site-packages/airflow/example_dags/tutorial_dag.py
[2024-05-18T05:41:22.641+0000] {processor.py:830} INFO - Processing file /home/ubuntu/airflow/airflow_env/lib/python3.12/site-packages/airflow/example_dags/tutorial_dag.py for tasks to queue
[2024-05-18T05:41:22.643+0000] {logging_mixin.py:188} INFO - [2024-05-18T05:41:22.643+0000] {dagbag.py:545} INFO - Filling up the DagBag from /home/ubuntu/airflow/airflow_env/lib/python3.12/site-packages/airflow/example_dags/tutorial_dag.py
[2024-05-18T05:41:22.652+0000] {processor.py:840} INFO - DAG(s) 'tutorial_dag' retrieved from /home/ubuntu/airflow/airflow_env/lib/python3.12/site-packages/airflow/example_dags/tutorial_dag.py
[2024-05-18T05:41:22.703+0000] {logging_mixin.py:188} INFO - [2024-05-18T05:41:22.703+0000] {dag.py:3096} INFO - Sync 1 DAGs
[2024-05-18T05:41:22.721+0000] {logging_mixin.py:188} INFO - [2024-05-18T05:41:22.721+0000] {dag.py:3954} INFO - Setting next_dagrun for tutorial_dag to None, run_after=None
[2024-05-18T05:41:22.746+0000] {processor.py:183} INFO - Processing /home/ubuntu/airflow/airflow_env/lib/python3.12/site-packages/airflow/example_dags/tutorial_dag.py took 0.115 seconds
[2024-05-18T05:41:53.305+0000] {processor.py:161} INFO - Started process (PID=16335) to work on /home/ubuntu/airflow/airflow_env/lib/python3.12/site-packages/airflow/example_dags/tutorial_dag.py
[2024-05-18T05:41:53.306+0000] {processor.py:830} INFO - Processing file /home/ubuntu/airflow/airflow_env/lib/python3.12/site-packages/airflow/example_dags/tutorial_dag.py for tasks to queue
[2024-05-18T05:41:53.309+0000] {logging_mixin.py:188} INFO - [2024-05-18T05:41:53.308+0000] {dagbag.py:545} INFO - Filling up the DagBag from /home/ubuntu/airflow/airflow_env/lib/python3.12/site-packages/airflow/example_dags/tutorial_dag.py
[2024-05-18T05:41:53.317+0000] {processor.py:840} INFO - DAG(s) 'tutorial_dag' retrieved from /home/ubuntu/airflow/airflow_env/lib/python3.12/site-packages/airflow/example_dags/tutorial_dag.py
[2024-05-18T05:41:53.369+0000] {logging_mixin.py:188} INFO - [2024-05-18T05:41:53.368+0000] {dag.py:3096} INFO - Sync 1 DAGs
[2024-05-18T05:41:53.385+0000] {logging_mixin.py:188} INFO - [2024-05-18T05:41:53.385+0000] {dag.py:3954} INFO - Setting next_dagrun for tutorial_dag to None, run_after=None
[2024-05-18T05:41:53.412+0000] {processor.py:183} INFO - Processing /home/ubuntu/airflow/airflow_env/lib/python3.12/site-packages/airflow/example_dags/tutorial_dag.py took 0.115 seconds
[2024-05-18T05:42:24.341+0000] {processor.py:161} INFO - Started process (PID=16386) to work on /home/ubuntu/airflow/airflow_env/lib/python3.12/site-packages/airflow/example_dags/tutorial_dag.py
[2024-05-18T05:42:24.342+0000] {processor.py:830} INFO - Processing file /home/ubuntu/airflow/airflow_env/lib/python3.12/site-packages/airflow/example_dags/tutorial_dag.py for tasks to queue
[2024-05-18T05:42:24.345+0000] {logging_mixin.py:188} INFO - [2024-05-18T05:42:24.344+0000] {dagbag.py:545} INFO - Filling up the DagBag from /home/ubuntu/airflow/airflow_env/lib/python3.12/site-packages/airflow/example_dags/tutorial_dag.py
[2024-05-18T05:42:24.352+0000] {processor.py:840} INFO - DAG(s) 'tutorial_dag' retrieved from /home/ubuntu/airflow/airflow_env/lib/python3.12/site-packages/airflow/example_dags/tutorial_dag.py
[2024-05-18T05:42:24.401+0000] {logging_mixin.py:188} INFO - [2024-05-18T05:42:24.400+0000] {dag.py:3096} INFO - Sync 1 DAGs
[2024-05-18T05:42:24.417+0000] {logging_mixin.py:188} INFO - [2024-05-18T05:42:24.417+0000] {dag.py:3954} INFO - Setting next_dagrun for tutorial_dag to None, run_after=None
[2024-05-18T05:42:24.458+0000] {processor.py:183} INFO - Processing /home/ubuntu/airflow/airflow_env/lib/python3.12/site-packages/airflow/example_dags/tutorial_dag.py took 0.127 seconds
[2024-05-18T05:42:54.572+0000] {processor.py:161} INFO - Started process (PID=16437) to work on /home/ubuntu/airflow/airflow_env/lib/python3.12/site-packages/airflow/example_dags/tutorial_dag.py
[2024-05-18T05:42:54.573+0000] {processor.py:830} INFO - Processing file /home/ubuntu/airflow/airflow_env/lib/python3.12/site-packages/airflow/example_dags/tutorial_dag.py for tasks to queue
[2024-05-18T05:42:54.575+0000] {logging_mixin.py:188} INFO - [2024-05-18T05:42:54.574+0000] {dagbag.py:545} INFO - Filling up the DagBag from /home/ubuntu/airflow/airflow_env/lib/python3.12/site-packages/airflow/example_dags/tutorial_dag.py
[2024-05-18T05:42:54.584+0000] {processor.py:840} INFO - DAG(s) 'tutorial_dag' retrieved from /home/ubuntu/airflow/airflow_env/lib/python3.12/site-packages/airflow/example_dags/tutorial_dag.py
[2024-05-18T05:42:54.628+0000] {logging_mixin.py:188} INFO - [2024-05-18T05:42:54.628+0000] {dag.py:3096} INFO - Sync 1 DAGs
[2024-05-18T05:42:54.641+0000] {logging_mixin.py:188} INFO - [2024-05-18T05:42:54.640+0000] {dag.py:3954} INFO - Setting next_dagrun for tutorial_dag to None, run_after=None
[2024-05-18T05:42:54.665+0000] {processor.py:183} INFO - Processing /home/ubuntu/airflow/airflow_env/lib/python3.12/site-packages/airflow/example_dags/tutorial_dag.py took 0.102 seconds
[2024-05-18T05:43:24.858+0000] {processor.py:161} INFO - Started process (PID=16522) to work on /home/ubuntu/airflow/airflow_env/lib/python3.12/site-packages/airflow/example_dags/tutorial_dag.py
[2024-05-18T05:43:24.860+0000] {processor.py:830} INFO - Processing file /home/ubuntu/airflow/airflow_env/lib/python3.12/site-packages/airflow/example_dags/tutorial_dag.py for tasks to queue
[2024-05-18T05:43:24.862+0000] {logging_mixin.py:188} INFO - [2024-05-18T05:43:24.861+0000] {dagbag.py:545} INFO - Filling up the DagBag from /home/ubuntu/airflow/airflow_env/lib/python3.12/site-packages/airflow/example_dags/tutorial_dag.py
[2024-05-18T05:43:24.868+0000] {processor.py:840} INFO - DAG(s) 'tutorial_dag' retrieved from /home/ubuntu/airflow/airflow_env/lib/python3.12/site-packages/airflow/example_dags/tutorial_dag.py
[2024-05-18T05:43:24.912+0000] {logging_mixin.py:188} INFO - [2024-05-18T05:43:24.912+0000] {dag.py:3096} INFO - Sync 1 DAGs
[2024-05-18T05:43:24.927+0000] {logging_mixin.py:188} INFO - [2024-05-18T05:43:24.927+0000] {dag.py:3954} INFO - Setting next_dagrun for tutorial_dag to None, run_after=None
[2024-05-18T05:43:24.959+0000] {processor.py:183} INFO - Processing /home/ubuntu/airflow/airflow_env/lib/python3.12/site-packages/airflow/example_dags/tutorial_dag.py took 0.108 seconds
[2024-05-18T05:43:55.558+0000] {processor.py:161} INFO - Started process (PID=16573) to work on /home/ubuntu/airflow/airflow_env/lib/python3.12/site-packages/airflow/example_dags/tutorial_dag.py
[2024-05-18T05:43:55.561+0000] {processor.py:830} INFO - Processing file /home/ubuntu/airflow/airflow_env/lib/python3.12/site-packages/airflow/example_dags/tutorial_dag.py for tasks to queue
[2024-05-18T05:43:55.569+0000] {logging_mixin.py:188} INFO - [2024-05-18T05:43:55.567+0000] {dagbag.py:545} INFO - Filling up the DagBag from /home/ubuntu/airflow/airflow_env/lib/python3.12/site-packages/airflow/example_dags/tutorial_dag.py
[2024-05-18T05:43:55.579+0000] {processor.py:840} INFO - DAG(s) 'tutorial_dag' retrieved from /home/ubuntu/airflow/airflow_env/lib/python3.12/site-packages/airflow/example_dags/tutorial_dag.py
[2024-05-18T05:43:55.633+0000] {logging_mixin.py:188} INFO - [2024-05-18T05:43:55.633+0000] {dag.py:3096} INFO - Sync 1 DAGs
[2024-05-18T05:43:55.664+0000] {logging_mixin.py:188} INFO - [2024-05-18T05:43:55.662+0000] {dag.py:3954} INFO - Setting next_dagrun for tutorial_dag to None, run_after=None
[2024-05-18T05:43:55.700+0000] {processor.py:183} INFO - Processing /home/ubuntu/airflow/airflow_env/lib/python3.12/site-packages/airflow/example_dags/tutorial_dag.py took 0.152 seconds
