[2024-05-18T04:44:00.378+0000] {processor.py:161} INFO - Started process (PID=12253) to work on /home/ubuntu/chch-fuel-recommendator/airflow/af_env/lib/python3.12/site-packages/airflow/example_dags/tutorial_objectstorage.py
[2024-05-18T04:44:00.379+0000] {processor.py:830} INFO - Processing file /home/ubuntu/chch-fuel-recommendator/airflow/af_env/lib/python3.12/site-packages/airflow/example_dags/tutorial_objectstorage.py for tasks to queue
[2024-05-18T04:44:00.382+0000] {logging_mixin.py:188} INFO - [2024-05-18T04:44:00.381+0000] {dagbag.py:545} INFO - Filling up the DagBag from /home/ubuntu/chch-fuel-recommendator/airflow/af_env/lib/python3.12/site-packages/airflow/example_dags/tutorial_objectstorage.py
[2024-05-18T04:44:00.395+0000] {processor.py:840} INFO - DAG(s) 'tutorial_objectstorage' retrieved from /home/ubuntu/chch-fuel-recommendator/airflow/af_env/lib/python3.12/site-packages/airflow/example_dags/tutorial_objectstorage.py
[2024-05-18T04:44:00.522+0000] {logging_mixin.py:188} INFO - [2024-05-18T04:44:00.522+0000] {override.py:1829} INFO - Created Permission View: can edit on DAG:tutorial_objectstorage
[2024-05-18T04:44:00.535+0000] {logging_mixin.py:188} INFO - [2024-05-18T04:44:00.535+0000] {override.py:1829} INFO - Created Permission View: can read on DAG:tutorial_objectstorage
[2024-05-18T04:44:00.545+0000] {logging_mixin.py:188} INFO - [2024-05-18T04:44:00.544+0000] {override.py:1829} INFO - Created Permission View: can delete on DAG:tutorial_objectstorage
[2024-05-18T04:44:00.545+0000] {logging_mixin.py:188} INFO - [2024-05-18T04:44:00.545+0000] {dag.py:3096} INFO - Sync 1 DAGs
[2024-05-18T04:44:00.559+0000] {logging_mixin.py:188} INFO - [2024-05-18T04:44:00.558+0000] {dag.py:3118} INFO - Creating ORM DAG for tutorial_objectstorage
[2024-05-18T04:44:00.559+0000] {logging_mixin.py:188} INFO - [2024-05-18T04:44:00.559+0000] {dag.py:3954} INFO - Setting next_dagrun for tutorial_objectstorage to None, run_after=None
[2024-05-18T04:44:00.582+0000] {processor.py:183} INFO - Processing /home/ubuntu/chch-fuel-recommendator/airflow/af_env/lib/python3.12/site-packages/airflow/example_dags/tutorial_objectstorage.py took 0.210 seconds
[2024-05-18T04:45:01.932+0000] {processor.py:161} INFO - Started process (PID=12307) to work on /home/ubuntu/chch-fuel-recommendator/airflow/af_env/lib/python3.12/site-packages/airflow/example_dags/tutorial_objectstorage.py
[2024-05-18T04:45:01.933+0000] {processor.py:830} INFO - Processing file /home/ubuntu/chch-fuel-recommendator/airflow/af_env/lib/python3.12/site-packages/airflow/example_dags/tutorial_objectstorage.py for tasks to queue
[2024-05-18T04:45:01.935+0000] {logging_mixin.py:188} INFO - [2024-05-18T04:45:01.935+0000] {dagbag.py:545} INFO - Filling up the DagBag from /home/ubuntu/chch-fuel-recommendator/airflow/af_env/lib/python3.12/site-packages/airflow/example_dags/tutorial_objectstorage.py
[2024-05-18T04:45:01.964+0000] {processor.py:840} INFO - DAG(s) 'tutorial_objectstorage' retrieved from /home/ubuntu/chch-fuel-recommendator/airflow/af_env/lib/python3.12/site-packages/airflow/example_dags/tutorial_objectstorage.py
[2024-05-18T04:45:01.989+0000] {logging_mixin.py:188} INFO - [2024-05-18T04:45:01.989+0000] {dag.py:3096} INFO - Sync 1 DAGs
[2024-05-18T04:45:02.009+0000] {logging_mixin.py:188} INFO - [2024-05-18T04:45:02.009+0000] {dag.py:3954} INFO - Setting next_dagrun for tutorial_objectstorage to None, run_after=None
[2024-05-18T04:45:02.047+0000] {processor.py:183} INFO - Processing /home/ubuntu/chch-fuel-recommendator/airflow/af_env/lib/python3.12/site-packages/airflow/example_dags/tutorial_objectstorage.py took 0.135 seconds
[2024-05-18T04:45:59.400+0000] {processor.py:161} INFO - Started process (PID=12363) to work on /home/ubuntu/chch-fuel-recommendator/airflow/af_env/lib/python3.12/site-packages/airflow/example_dags/tutorial_objectstorage.py
[2024-05-18T04:45:59.401+0000] {processor.py:830} INFO - Processing file /home/ubuntu/chch-fuel-recommendator/airflow/af_env/lib/python3.12/site-packages/airflow/example_dags/tutorial_objectstorage.py for tasks to queue
[2024-05-18T04:45:59.403+0000] {logging_mixin.py:188} INFO - [2024-05-18T04:45:59.403+0000] {dagbag.py:545} INFO - Filling up the DagBag from /home/ubuntu/chch-fuel-recommendator/airflow/af_env/lib/python3.12/site-packages/airflow/example_dags/tutorial_objectstorage.py
[2024-05-18T04:45:59.412+0000] {processor.py:840} INFO - DAG(s) 'tutorial_objectstorage' retrieved from /home/ubuntu/chch-fuel-recommendator/airflow/af_env/lib/python3.12/site-packages/airflow/example_dags/tutorial_objectstorage.py
[2024-05-18T04:45:59.433+0000] {logging_mixin.py:188} INFO - [2024-05-18T04:45:59.433+0000] {dag.py:3096} INFO - Sync 1 DAGs
[2024-05-18T04:45:59.447+0000] {logging_mixin.py:188} INFO - [2024-05-18T04:45:59.447+0000] {dag.py:3954} INFO - Setting next_dagrun for tutorial_objectstorage to None, run_after=None
[2024-05-18T04:45:59.476+0000] {processor.py:183} INFO - Processing /home/ubuntu/chch-fuel-recommendator/airflow/af_env/lib/python3.12/site-packages/airflow/example_dags/tutorial_objectstorage.py took 0.086 seconds
[2024-05-18T04:46:51.439+0000] {processor.py:161} INFO - Started process (PID=12414) to work on /home/ubuntu/chch-fuel-recommendator/airflow/af_env/lib/python3.12/site-packages/airflow/example_dags/tutorial_objectstorage.py
[2024-05-18T04:46:51.441+0000] {processor.py:830} INFO - Processing file /home/ubuntu/chch-fuel-recommendator/airflow/af_env/lib/python3.12/site-packages/airflow/example_dags/tutorial_objectstorage.py for tasks to queue
[2024-05-18T04:46:51.442+0000] {logging_mixin.py:188} INFO - [2024-05-18T04:46:51.442+0000] {dagbag.py:545} INFO - Filling up the DagBag from /home/ubuntu/chch-fuel-recommendator/airflow/af_env/lib/python3.12/site-packages/airflow/example_dags/tutorial_objectstorage.py
[2024-05-18T04:46:51.450+0000] {processor.py:840} INFO - DAG(s) 'tutorial_objectstorage' retrieved from /home/ubuntu/chch-fuel-recommendator/airflow/af_env/lib/python3.12/site-packages/airflow/example_dags/tutorial_objectstorage.py
[2024-05-18T04:46:51.466+0000] {logging_mixin.py:188} INFO - [2024-05-18T04:46:51.465+0000] {dag.py:3096} INFO - Sync 1 DAGs
[2024-05-18T04:46:51.478+0000] {logging_mixin.py:188} INFO - [2024-05-18T04:46:51.478+0000] {dag.py:3954} INFO - Setting next_dagrun for tutorial_objectstorage to None, run_after=None
[2024-05-18T04:46:51.501+0000] {processor.py:183} INFO - Processing /home/ubuntu/chch-fuel-recommendator/airflow/af_env/lib/python3.12/site-packages/airflow/example_dags/tutorial_objectstorage.py took 0.067 seconds
[2024-05-18T04:47:34.945+0000] {processor.py:161} INFO - Started process (PID=12457) to work on /home/ubuntu/chch-fuel-recommendator/airflow/af_env/lib/python3.12/site-packages/airflow/example_dags/tutorial_objectstorage.py
[2024-05-18T04:47:34.947+0000] {processor.py:830} INFO - Processing file /home/ubuntu/chch-fuel-recommendator/airflow/af_env/lib/python3.12/site-packages/airflow/example_dags/tutorial_objectstorage.py for tasks to queue
[2024-05-18T04:47:34.949+0000] {logging_mixin.py:188} INFO - [2024-05-18T04:47:34.948+0000] {dagbag.py:545} INFO - Filling up the DagBag from /home/ubuntu/chch-fuel-recommendator/airflow/af_env/lib/python3.12/site-packages/airflow/example_dags/tutorial_objectstorage.py
[2024-05-18T04:47:34.958+0000] {processor.py:840} INFO - DAG(s) 'tutorial_objectstorage' retrieved from /home/ubuntu/chch-fuel-recommendator/airflow/af_env/lib/python3.12/site-packages/airflow/example_dags/tutorial_objectstorage.py
[2024-05-18T04:47:34.974+0000] {logging_mixin.py:188} INFO - [2024-05-18T04:47:34.974+0000] {dag.py:3096} INFO - Sync 1 DAGs
[2024-05-18T04:47:34.987+0000] {logging_mixin.py:188} INFO - [2024-05-18T04:47:34.986+0000] {dag.py:3954} INFO - Setting next_dagrun for tutorial_objectstorage to None, run_after=None
[2024-05-18T04:47:35.011+0000] {processor.py:183} INFO - Processing /home/ubuntu/chch-fuel-recommendator/airflow/af_env/lib/python3.12/site-packages/airflow/example_dags/tutorial_objectstorage.py took 0.073 seconds
[2024-05-18T04:48:19.228+0000] {processor.py:161} INFO - Started process (PID=12501) to work on /home/ubuntu/chch-fuel-recommendator/airflow/af_env/lib/python3.12/site-packages/airflow/example_dags/tutorial_objectstorage.py
[2024-05-18T04:48:19.229+0000] {processor.py:830} INFO - Processing file /home/ubuntu/chch-fuel-recommendator/airflow/af_env/lib/python3.12/site-packages/airflow/example_dags/tutorial_objectstorage.py for tasks to queue
[2024-05-18T04:48:19.232+0000] {logging_mixin.py:188} INFO - [2024-05-18T04:48:19.231+0000] {dagbag.py:545} INFO - Filling up the DagBag from /home/ubuntu/chch-fuel-recommendator/airflow/af_env/lib/python3.12/site-packages/airflow/example_dags/tutorial_objectstorage.py
[2024-05-18T04:48:19.242+0000] {processor.py:840} INFO - DAG(s) 'tutorial_objectstorage' retrieved from /home/ubuntu/chch-fuel-recommendator/airflow/af_env/lib/python3.12/site-packages/airflow/example_dags/tutorial_objectstorage.py
[2024-05-18T04:48:19.265+0000] {logging_mixin.py:188} INFO - [2024-05-18T04:48:19.264+0000] {dag.py:3096} INFO - Sync 1 DAGs
[2024-05-18T04:48:19.282+0000] {logging_mixin.py:188} INFO - [2024-05-18T04:48:19.281+0000] {dag.py:3954} INFO - Setting next_dagrun for tutorial_objectstorage to None, run_after=None
[2024-05-18T04:48:19.315+0000] {processor.py:183} INFO - Processing /home/ubuntu/chch-fuel-recommendator/airflow/af_env/lib/python3.12/site-packages/airflow/example_dags/tutorial_objectstorage.py took 0.102 seconds
[2024-05-18T04:49:01.413+0000] {processor.py:161} INFO - Started process (PID=12544) to work on /home/ubuntu/chch-fuel-recommendator/airflow/af_env/lib/python3.12/site-packages/airflow/example_dags/tutorial_objectstorage.py
[2024-05-18T04:49:01.415+0000] {processor.py:830} INFO - Processing file /home/ubuntu/chch-fuel-recommendator/airflow/af_env/lib/python3.12/site-packages/airflow/example_dags/tutorial_objectstorage.py for tasks to queue
[2024-05-18T04:49:01.417+0000] {logging_mixin.py:188} INFO - [2024-05-18T04:49:01.417+0000] {dagbag.py:545} INFO - Filling up the DagBag from /home/ubuntu/chch-fuel-recommendator/airflow/af_env/lib/python3.12/site-packages/airflow/example_dags/tutorial_objectstorage.py
[2024-05-18T04:49:01.429+0000] {processor.py:840} INFO - DAG(s) 'tutorial_objectstorage' retrieved from /home/ubuntu/chch-fuel-recommendator/airflow/af_env/lib/python3.12/site-packages/airflow/example_dags/tutorial_objectstorage.py
[2024-05-18T04:49:01.453+0000] {logging_mixin.py:188} INFO - [2024-05-18T04:49:01.452+0000] {dag.py:3096} INFO - Sync 1 DAGs
[2024-05-18T04:49:01.470+0000] {logging_mixin.py:188} INFO - [2024-05-18T04:49:01.469+0000] {dag.py:3954} INFO - Setting next_dagrun for tutorial_objectstorage to None, run_after=None
[2024-05-18T04:49:01.505+0000] {processor.py:183} INFO - Processing /home/ubuntu/chch-fuel-recommendator/airflow/af_env/lib/python3.12/site-packages/airflow/example_dags/tutorial_objectstorage.py took 0.101 seconds
[2024-05-18T04:49:45.650+0000] {processor.py:161} INFO - Started process (PID=12586) to work on /home/ubuntu/chch-fuel-recommendator/airflow/af_env/lib/python3.12/site-packages/airflow/example_dags/tutorial_objectstorage.py
[2024-05-18T04:49:45.651+0000] {processor.py:830} INFO - Processing file /home/ubuntu/chch-fuel-recommendator/airflow/af_env/lib/python3.12/site-packages/airflow/example_dags/tutorial_objectstorage.py for tasks to queue
[2024-05-18T04:49:45.653+0000] {logging_mixin.py:188} INFO - [2024-05-18T04:49:45.652+0000] {dagbag.py:545} INFO - Filling up the DagBag from /home/ubuntu/chch-fuel-recommendator/airflow/af_env/lib/python3.12/site-packages/airflow/example_dags/tutorial_objectstorage.py
[2024-05-18T04:49:45.661+0000] {processor.py:840} INFO - DAG(s) 'tutorial_objectstorage' retrieved from /home/ubuntu/chch-fuel-recommendator/airflow/af_env/lib/python3.12/site-packages/airflow/example_dags/tutorial_objectstorage.py
[2024-05-18T04:49:45.679+0000] {logging_mixin.py:188} INFO - [2024-05-18T04:49:45.679+0000] {dag.py:3096} INFO - Sync 1 DAGs
[2024-05-18T04:49:45.696+0000] {logging_mixin.py:188} INFO - [2024-05-18T04:49:45.695+0000] {dag.py:3954} INFO - Setting next_dagrun for tutorial_objectstorage to None, run_after=None
[2024-05-18T04:49:45.728+0000] {processor.py:183} INFO - Processing /home/ubuntu/chch-fuel-recommendator/airflow/af_env/lib/python3.12/site-packages/airflow/example_dags/tutorial_objectstorage.py took 0.087 seconds
[2024-05-18T04:50:30.065+0000] {processor.py:161} INFO - Started process (PID=12634) to work on /home/ubuntu/chch-fuel-recommendator/airflow/af_env/lib/python3.12/site-packages/airflow/example_dags/tutorial_objectstorage.py
[2024-05-18T04:50:30.069+0000] {processor.py:830} INFO - Processing file /home/ubuntu/chch-fuel-recommendator/airflow/af_env/lib/python3.12/site-packages/airflow/example_dags/tutorial_objectstorage.py for tasks to queue
[2024-05-18T04:50:30.073+0000] {logging_mixin.py:188} INFO - [2024-05-18T04:50:30.072+0000] {dagbag.py:545} INFO - Filling up the DagBag from /home/ubuntu/chch-fuel-recommendator/airflow/af_env/lib/python3.12/site-packages/airflow/example_dags/tutorial_objectstorage.py
[2024-05-18T04:50:30.084+0000] {processor.py:840} INFO - DAG(s) 'tutorial_objectstorage' retrieved from /home/ubuntu/chch-fuel-recommendator/airflow/af_env/lib/python3.12/site-packages/airflow/example_dags/tutorial_objectstorage.py
[2024-05-18T04:50:30.126+0000] {logging_mixin.py:188} INFO - [2024-05-18T04:50:30.126+0000] {dag.py:3096} INFO - Sync 1 DAGs
[2024-05-18T04:50:30.161+0000] {logging_mixin.py:188} INFO - [2024-05-18T04:50:30.161+0000] {dag.py:3954} INFO - Setting next_dagrun for tutorial_objectstorage to None, run_after=None
[2024-05-18T04:50:30.187+0000] {processor.py:183} INFO - Processing /home/ubuntu/chch-fuel-recommendator/airflow/af_env/lib/python3.12/site-packages/airflow/example_dags/tutorial_objectstorage.py took 0.132 seconds
[2024-05-18T04:51:14.490+0000] {processor.py:161} INFO - Started process (PID=12679) to work on /home/ubuntu/chch-fuel-recommendator/airflow/af_env/lib/python3.12/site-packages/airflow/example_dags/tutorial_objectstorage.py
[2024-05-18T04:51:14.491+0000] {processor.py:830} INFO - Processing file /home/ubuntu/chch-fuel-recommendator/airflow/af_env/lib/python3.12/site-packages/airflow/example_dags/tutorial_objectstorage.py for tasks to queue
[2024-05-18T04:51:14.493+0000] {logging_mixin.py:188} INFO - [2024-05-18T04:51:14.493+0000] {dagbag.py:545} INFO - Filling up the DagBag from /home/ubuntu/chch-fuel-recommendator/airflow/af_env/lib/python3.12/site-packages/airflow/example_dags/tutorial_objectstorage.py
[2024-05-18T04:51:14.504+0000] {processor.py:840} INFO - DAG(s) 'tutorial_objectstorage' retrieved from /home/ubuntu/chch-fuel-recommendator/airflow/af_env/lib/python3.12/site-packages/airflow/example_dags/tutorial_objectstorage.py
[2024-05-18T04:51:14.524+0000] {logging_mixin.py:188} INFO - [2024-05-18T04:51:14.524+0000] {dag.py:3096} INFO - Sync 1 DAGs
[2024-05-18T04:51:14.541+0000] {logging_mixin.py:188} INFO - [2024-05-18T04:51:14.540+0000] {dag.py:3954} INFO - Setting next_dagrun for tutorial_objectstorage to None, run_after=None
[2024-05-18T04:51:14.570+0000] {processor.py:183} INFO - Processing /home/ubuntu/chch-fuel-recommendator/airflow/af_env/lib/python3.12/site-packages/airflow/example_dags/tutorial_objectstorage.py took 0.086 seconds
[2024-05-18T04:51:57.486+0000] {processor.py:161} INFO - Started process (PID=12722) to work on /home/ubuntu/chch-fuel-recommendator/airflow/af_env/lib/python3.12/site-packages/airflow/example_dags/tutorial_objectstorage.py
[2024-05-18T04:51:57.487+0000] {processor.py:830} INFO - Processing file /home/ubuntu/chch-fuel-recommendator/airflow/af_env/lib/python3.12/site-packages/airflow/example_dags/tutorial_objectstorage.py for tasks to queue
[2024-05-18T04:51:57.489+0000] {logging_mixin.py:188} INFO - [2024-05-18T04:51:57.489+0000] {dagbag.py:545} INFO - Filling up the DagBag from /home/ubuntu/chch-fuel-recommendator/airflow/af_env/lib/python3.12/site-packages/airflow/example_dags/tutorial_objectstorage.py
[2024-05-18T04:51:57.499+0000] {processor.py:840} INFO - DAG(s) 'tutorial_objectstorage' retrieved from /home/ubuntu/chch-fuel-recommendator/airflow/af_env/lib/python3.12/site-packages/airflow/example_dags/tutorial_objectstorage.py
[2024-05-18T04:51:57.518+0000] {logging_mixin.py:188} INFO - [2024-05-18T04:51:57.517+0000] {dag.py:3096} INFO - Sync 1 DAGs
[2024-05-18T04:51:57.530+0000] {logging_mixin.py:188} INFO - [2024-05-18T04:51:57.530+0000] {dag.py:3954} INFO - Setting next_dagrun for tutorial_objectstorage to None, run_after=None
[2024-05-18T04:51:57.556+0000] {processor.py:183} INFO - Processing /home/ubuntu/chch-fuel-recommendator/airflow/af_env/lib/python3.12/site-packages/airflow/example_dags/tutorial_objectstorage.py took 0.076 seconds
[2024-05-18T04:52:44.382+0000] {processor.py:161} INFO - Started process (PID=12767) to work on /home/ubuntu/chch-fuel-recommendator/airflow/af_env/lib/python3.12/site-packages/airflow/example_dags/tutorial_objectstorage.py
[2024-05-18T04:52:44.385+0000] {processor.py:830} INFO - Processing file /home/ubuntu/chch-fuel-recommendator/airflow/af_env/lib/python3.12/site-packages/airflow/example_dags/tutorial_objectstorage.py for tasks to queue
[2024-05-18T04:52:44.387+0000] {logging_mixin.py:188} INFO - [2024-05-18T04:52:44.386+0000] {dagbag.py:545} INFO - Filling up the DagBag from /home/ubuntu/chch-fuel-recommendator/airflow/af_env/lib/python3.12/site-packages/airflow/example_dags/tutorial_objectstorage.py
[2024-05-18T04:52:44.398+0000] {processor.py:840} INFO - DAG(s) 'tutorial_objectstorage' retrieved from /home/ubuntu/chch-fuel-recommendator/airflow/af_env/lib/python3.12/site-packages/airflow/example_dags/tutorial_objectstorage.py
[2024-05-18T04:52:44.416+0000] {logging_mixin.py:188} INFO - [2024-05-18T04:52:44.416+0000] {dag.py:3096} INFO - Sync 1 DAGs
[2024-05-18T04:52:44.430+0000] {logging_mixin.py:188} INFO - [2024-05-18T04:52:44.430+0000] {dag.py:3954} INFO - Setting next_dagrun for tutorial_objectstorage to None, run_after=None
[2024-05-18T04:52:44.463+0000] {processor.py:183} INFO - Processing /home/ubuntu/chch-fuel-recommendator/airflow/af_env/lib/python3.12/site-packages/airflow/example_dags/tutorial_objectstorage.py took 0.089 seconds
[2024-05-18T04:53:30.745+0000] {processor.py:161} INFO - Started process (PID=12813) to work on /home/ubuntu/chch-fuel-recommendator/airflow/af_env/lib/python3.12/site-packages/airflow/example_dags/tutorial_objectstorage.py
[2024-05-18T04:53:30.747+0000] {processor.py:830} INFO - Processing file /home/ubuntu/chch-fuel-recommendator/airflow/af_env/lib/python3.12/site-packages/airflow/example_dags/tutorial_objectstorage.py for tasks to queue
[2024-05-18T04:53:30.748+0000] {logging_mixin.py:188} INFO - [2024-05-18T04:53:30.748+0000] {dagbag.py:545} INFO - Filling up the DagBag from /home/ubuntu/chch-fuel-recommendator/airflow/af_env/lib/python3.12/site-packages/airflow/example_dags/tutorial_objectstorage.py
[2024-05-18T04:53:30.758+0000] {processor.py:840} INFO - DAG(s) 'tutorial_objectstorage' retrieved from /home/ubuntu/chch-fuel-recommendator/airflow/af_env/lib/python3.12/site-packages/airflow/example_dags/tutorial_objectstorage.py
[2024-05-18T04:53:30.775+0000] {logging_mixin.py:188} INFO - [2024-05-18T04:53:30.775+0000] {dag.py:3096} INFO - Sync 1 DAGs
[2024-05-18T04:53:30.787+0000] {logging_mixin.py:188} INFO - [2024-05-18T04:53:30.787+0000] {dag.py:3954} INFO - Setting next_dagrun for tutorial_objectstorage to None, run_after=None
[2024-05-18T04:53:30.812+0000] {processor.py:183} INFO - Processing /home/ubuntu/chch-fuel-recommendator/airflow/af_env/lib/python3.12/site-packages/airflow/example_dags/tutorial_objectstorage.py took 0.073 seconds
[2024-05-18T05:32:12.782+0000] {processor.py:161} INFO - Started process (PID=15064) to work on /home/ubuntu/airflow/airflow_env/lib/python3.12/site-packages/airflow/example_dags/tutorial_objectstorage.py
[2024-05-18T05:32:12.783+0000] {processor.py:830} INFO - Processing file /home/ubuntu/airflow/airflow_env/lib/python3.12/site-packages/airflow/example_dags/tutorial_objectstorage.py for tasks to queue
[2024-05-18T05:32:12.786+0000] {logging_mixin.py:188} INFO - [2024-05-18T05:32:12.785+0000] {dagbag.py:545} INFO - Filling up the DagBag from /home/ubuntu/airflow/airflow_env/lib/python3.12/site-packages/airflow/example_dags/tutorial_objectstorage.py
[2024-05-18T05:32:12.803+0000] {processor.py:840} INFO - DAG(s) 'tutorial_objectstorage' retrieved from /home/ubuntu/airflow/airflow_env/lib/python3.12/site-packages/airflow/example_dags/tutorial_objectstorage.py
[2024-05-18T05:32:13.099+0000] {logging_mixin.py:188} INFO - [2024-05-18T05:32:13.099+0000] {dag.py:3096} INFO - Sync 1 DAGs
[2024-05-18T05:32:13.124+0000] {logging_mixin.py:188} INFO - [2024-05-18T05:32:13.124+0000] {dag.py:3954} INFO - Setting next_dagrun for tutorial_objectstorage to None, run_after=None
[2024-05-18T05:32:13.176+0000] {processor.py:183} INFO - Processing /home/ubuntu/airflow/airflow_env/lib/python3.12/site-packages/airflow/example_dags/tutorial_objectstorage.py took 0.402 seconds
[2024-05-18T05:32:43.233+0000] {processor.py:161} INFO - Started process (PID=15118) to work on /home/ubuntu/airflow/airflow_env/lib/python3.12/site-packages/airflow/example_dags/tutorial_objectstorage.py
[2024-05-18T05:32:43.235+0000] {processor.py:830} INFO - Processing file /home/ubuntu/airflow/airflow_env/lib/python3.12/site-packages/airflow/example_dags/tutorial_objectstorage.py for tasks to queue
[2024-05-18T05:32:43.239+0000] {logging_mixin.py:188} INFO - [2024-05-18T05:32:43.239+0000] {dagbag.py:545} INFO - Filling up the DagBag from /home/ubuntu/airflow/airflow_env/lib/python3.12/site-packages/airflow/example_dags/tutorial_objectstorage.py
[2024-05-18T05:32:43.248+0000] {processor.py:840} INFO - DAG(s) 'tutorial_objectstorage' retrieved from /home/ubuntu/airflow/airflow_env/lib/python3.12/site-packages/airflow/example_dags/tutorial_objectstorage.py
[2024-05-18T05:32:43.309+0000] {logging_mixin.py:188} INFO - [2024-05-18T05:32:43.308+0000] {dag.py:3096} INFO - Sync 1 DAGs
[2024-05-18T05:32:43.326+0000] {logging_mixin.py:188} INFO - [2024-05-18T05:32:43.326+0000] {dag.py:3954} INFO - Setting next_dagrun for tutorial_objectstorage to None, run_after=None
[2024-05-18T05:32:43.353+0000] {processor.py:183} INFO - Processing /home/ubuntu/airflow/airflow_env/lib/python3.12/site-packages/airflow/example_dags/tutorial_objectstorage.py took 0.134 seconds
[2024-05-18T05:33:13.693+0000] {processor.py:161} INFO - Started process (PID=15172) to work on /home/ubuntu/airflow/airflow_env/lib/python3.12/site-packages/airflow/example_dags/tutorial_objectstorage.py
[2024-05-18T05:33:13.695+0000] {processor.py:830} INFO - Processing file /home/ubuntu/airflow/airflow_env/lib/python3.12/site-packages/airflow/example_dags/tutorial_objectstorage.py for tasks to queue
[2024-05-18T05:33:13.697+0000] {logging_mixin.py:188} INFO - [2024-05-18T05:33:13.696+0000] {dagbag.py:545} INFO - Filling up the DagBag from /home/ubuntu/airflow/airflow_env/lib/python3.12/site-packages/airflow/example_dags/tutorial_objectstorage.py
[2024-05-18T05:33:13.707+0000] {processor.py:840} INFO - DAG(s) 'tutorial_objectstorage' retrieved from /home/ubuntu/airflow/airflow_env/lib/python3.12/site-packages/airflow/example_dags/tutorial_objectstorage.py
[2024-05-18T05:33:13.781+0000] {logging_mixin.py:188} INFO - [2024-05-18T05:33:13.780+0000] {dag.py:3096} INFO - Sync 1 DAGs
[2024-05-18T05:33:13.812+0000] {logging_mixin.py:188} INFO - [2024-05-18T05:33:13.811+0000] {dag.py:3954} INFO - Setting next_dagrun for tutorial_objectstorage to None, run_after=None
[2024-05-18T05:33:13.855+0000] {processor.py:183} INFO - Processing /home/ubuntu/airflow/airflow_env/lib/python3.12/site-packages/airflow/example_dags/tutorial_objectstorage.py took 0.172 seconds
[2024-05-18T05:33:44.174+0000] {processor.py:161} INFO - Started process (PID=15223) to work on /home/ubuntu/airflow/airflow_env/lib/python3.12/site-packages/airflow/example_dags/tutorial_objectstorage.py
[2024-05-18T05:33:44.175+0000] {processor.py:830} INFO - Processing file /home/ubuntu/airflow/airflow_env/lib/python3.12/site-packages/airflow/example_dags/tutorial_objectstorage.py for tasks to queue
[2024-05-18T05:33:44.178+0000] {logging_mixin.py:188} INFO - [2024-05-18T05:33:44.177+0000] {dagbag.py:545} INFO - Filling up the DagBag from /home/ubuntu/airflow/airflow_env/lib/python3.12/site-packages/airflow/example_dags/tutorial_objectstorage.py
[2024-05-18T05:33:44.192+0000] {processor.py:840} INFO - DAG(s) 'tutorial_objectstorage' retrieved from /home/ubuntu/airflow/airflow_env/lib/python3.12/site-packages/airflow/example_dags/tutorial_objectstorage.py
[2024-05-18T05:33:44.269+0000] {logging_mixin.py:188} INFO - [2024-05-18T05:33:44.269+0000] {dag.py:3096} INFO - Sync 1 DAGs
[2024-05-18T05:33:44.285+0000] {logging_mixin.py:188} INFO - [2024-05-18T05:33:44.285+0000] {dag.py:3954} INFO - Setting next_dagrun for tutorial_objectstorage to None, run_after=None
[2024-05-18T05:33:44.317+0000] {processor.py:183} INFO - Processing /home/ubuntu/airflow/airflow_env/lib/python3.12/site-packages/airflow/example_dags/tutorial_objectstorage.py took 0.152 seconds
[2024-05-18T05:34:15.290+0000] {processor.py:161} INFO - Started process (PID=15275) to work on /home/ubuntu/airflow/airflow_env/lib/python3.12/site-packages/airflow/example_dags/tutorial_objectstorage.py
[2024-05-18T05:34:15.292+0000] {processor.py:830} INFO - Processing file /home/ubuntu/airflow/airflow_env/lib/python3.12/site-packages/airflow/example_dags/tutorial_objectstorage.py for tasks to queue
[2024-05-18T05:34:15.295+0000] {logging_mixin.py:188} INFO - [2024-05-18T05:34:15.295+0000] {dagbag.py:545} INFO - Filling up the DagBag from /home/ubuntu/airflow/airflow_env/lib/python3.12/site-packages/airflow/example_dags/tutorial_objectstorage.py
[2024-05-18T05:34:15.310+0000] {processor.py:840} INFO - DAG(s) 'tutorial_objectstorage' retrieved from /home/ubuntu/airflow/airflow_env/lib/python3.12/site-packages/airflow/example_dags/tutorial_objectstorage.py
[2024-05-18T05:34:15.368+0000] {logging_mixin.py:188} INFO - [2024-05-18T05:34:15.368+0000] {dag.py:3096} INFO - Sync 1 DAGs
[2024-05-18T05:34:15.387+0000] {logging_mixin.py:188} INFO - [2024-05-18T05:34:15.386+0000] {dag.py:3954} INFO - Setting next_dagrun for tutorial_objectstorage to None, run_after=None
[2024-05-18T05:34:15.416+0000] {processor.py:183} INFO - Processing /home/ubuntu/airflow/airflow_env/lib/python3.12/site-packages/airflow/example_dags/tutorial_objectstorage.py took 0.137 seconds
[2024-05-18T05:34:46.323+0000] {processor.py:161} INFO - Started process (PID=15326) to work on /home/ubuntu/airflow/airflow_env/lib/python3.12/site-packages/airflow/example_dags/tutorial_objectstorage.py
[2024-05-18T05:34:46.325+0000] {processor.py:830} INFO - Processing file /home/ubuntu/airflow/airflow_env/lib/python3.12/site-packages/airflow/example_dags/tutorial_objectstorage.py for tasks to queue
[2024-05-18T05:34:46.327+0000] {logging_mixin.py:188} INFO - [2024-05-18T05:34:46.326+0000] {dagbag.py:545} INFO - Filling up the DagBag from /home/ubuntu/airflow/airflow_env/lib/python3.12/site-packages/airflow/example_dags/tutorial_objectstorage.py
[2024-05-18T05:34:46.337+0000] {processor.py:840} INFO - DAG(s) 'tutorial_objectstorage' retrieved from /home/ubuntu/airflow/airflow_env/lib/python3.12/site-packages/airflow/example_dags/tutorial_objectstorage.py
[2024-05-18T05:34:46.389+0000] {logging_mixin.py:188} INFO - [2024-05-18T05:34:46.389+0000] {dag.py:3096} INFO - Sync 1 DAGs
[2024-05-18T05:34:46.411+0000] {logging_mixin.py:188} INFO - [2024-05-18T05:34:46.411+0000] {dag.py:3954} INFO - Setting next_dagrun for tutorial_objectstorage to None, run_after=None
[2024-05-18T05:34:46.439+0000] {processor.py:183} INFO - Processing /home/ubuntu/airflow/airflow_env/lib/python3.12/site-packages/airflow/example_dags/tutorial_objectstorage.py took 0.123 seconds
[2024-05-18T05:35:16.717+0000] {processor.py:161} INFO - Started process (PID=15380) to work on /home/ubuntu/airflow/airflow_env/lib/python3.12/site-packages/airflow/example_dags/tutorial_objectstorage.py
[2024-05-18T05:35:16.719+0000] {processor.py:830} INFO - Processing file /home/ubuntu/airflow/airflow_env/lib/python3.12/site-packages/airflow/example_dags/tutorial_objectstorage.py for tasks to queue
[2024-05-18T05:35:16.721+0000] {logging_mixin.py:188} INFO - [2024-05-18T05:35:16.721+0000] {dagbag.py:545} INFO - Filling up the DagBag from /home/ubuntu/airflow/airflow_env/lib/python3.12/site-packages/airflow/example_dags/tutorial_objectstorage.py
[2024-05-18T05:35:16.731+0000] {processor.py:840} INFO - DAG(s) 'tutorial_objectstorage' retrieved from /home/ubuntu/airflow/airflow_env/lib/python3.12/site-packages/airflow/example_dags/tutorial_objectstorage.py
[2024-05-18T05:35:16.782+0000] {logging_mixin.py:188} INFO - [2024-05-18T05:35:16.782+0000] {dag.py:3096} INFO - Sync 1 DAGs
[2024-05-18T05:35:16.802+0000] {logging_mixin.py:188} INFO - [2024-05-18T05:35:16.801+0000] {dag.py:3954} INFO - Setting next_dagrun for tutorial_objectstorage to None, run_after=None
[2024-05-18T05:35:16.839+0000] {processor.py:183} INFO - Processing /home/ubuntu/airflow/airflow_env/lib/python3.12/site-packages/airflow/example_dags/tutorial_objectstorage.py took 0.130 seconds
[2024-05-18T05:35:46.925+0000] {processor.py:161} INFO - Started process (PID=15431) to work on /home/ubuntu/airflow/airflow_env/lib/python3.12/site-packages/airflow/example_dags/tutorial_objectstorage.py
[2024-05-18T05:35:46.926+0000] {processor.py:830} INFO - Processing file /home/ubuntu/airflow/airflow_env/lib/python3.12/site-packages/airflow/example_dags/tutorial_objectstorage.py for tasks to queue
[2024-05-18T05:35:46.928+0000] {logging_mixin.py:188} INFO - [2024-05-18T05:35:46.928+0000] {dagbag.py:545} INFO - Filling up the DagBag from /home/ubuntu/airflow/airflow_env/lib/python3.12/site-packages/airflow/example_dags/tutorial_objectstorage.py
[2024-05-18T05:35:46.939+0000] {processor.py:840} INFO - DAG(s) 'tutorial_objectstorage' retrieved from /home/ubuntu/airflow/airflow_env/lib/python3.12/site-packages/airflow/example_dags/tutorial_objectstorage.py
[2024-05-18T05:35:46.998+0000] {logging_mixin.py:188} INFO - [2024-05-18T05:35:46.998+0000] {dag.py:3096} INFO - Sync 1 DAGs
[2024-05-18T05:35:47.017+0000] {logging_mixin.py:188} INFO - [2024-05-18T05:35:47.016+0000] {dag.py:3954} INFO - Setting next_dagrun for tutorial_objectstorage to None, run_after=None
[2024-05-18T05:35:47.051+0000] {processor.py:183} INFO - Processing /home/ubuntu/airflow/airflow_env/lib/python3.12/site-packages/airflow/example_dags/tutorial_objectstorage.py took 0.142 seconds
[2024-05-18T05:36:17.100+0000] {processor.py:161} INFO - Started process (PID=15482) to work on /home/ubuntu/airflow/airflow_env/lib/python3.12/site-packages/airflow/example_dags/tutorial_objectstorage.py
[2024-05-18T05:36:17.102+0000] {processor.py:830} INFO - Processing file /home/ubuntu/airflow/airflow_env/lib/python3.12/site-packages/airflow/example_dags/tutorial_objectstorage.py for tasks to queue
[2024-05-18T05:36:17.105+0000] {logging_mixin.py:188} INFO - [2024-05-18T05:36:17.104+0000] {dagbag.py:545} INFO - Filling up the DagBag from /home/ubuntu/airflow/airflow_env/lib/python3.12/site-packages/airflow/example_dags/tutorial_objectstorage.py
[2024-05-18T05:36:17.116+0000] {processor.py:840} INFO - DAG(s) 'tutorial_objectstorage' retrieved from /home/ubuntu/airflow/airflow_env/lib/python3.12/site-packages/airflow/example_dags/tutorial_objectstorage.py
[2024-05-18T05:36:17.166+0000] {logging_mixin.py:188} INFO - [2024-05-18T05:36:17.166+0000] {dag.py:3096} INFO - Sync 1 DAGs
[2024-05-18T05:36:17.187+0000] {logging_mixin.py:188} INFO - [2024-05-18T05:36:17.186+0000] {dag.py:3954} INFO - Setting next_dagrun for tutorial_objectstorage to None, run_after=None
[2024-05-18T05:36:17.217+0000] {processor.py:183} INFO - Processing /home/ubuntu/airflow/airflow_env/lib/python3.12/site-packages/airflow/example_dags/tutorial_objectstorage.py took 0.128 seconds
[2024-05-18T05:36:48.147+0000] {processor.py:161} INFO - Started process (PID=15533) to work on /home/ubuntu/airflow/airflow_env/lib/python3.12/site-packages/airflow/example_dags/tutorial_objectstorage.py
[2024-05-18T05:36:48.149+0000] {processor.py:830} INFO - Processing file /home/ubuntu/airflow/airflow_env/lib/python3.12/site-packages/airflow/example_dags/tutorial_objectstorage.py for tasks to queue
[2024-05-18T05:36:48.150+0000] {logging_mixin.py:188} INFO - [2024-05-18T05:36:48.150+0000] {dagbag.py:545} INFO - Filling up the DagBag from /home/ubuntu/airflow/airflow_env/lib/python3.12/site-packages/airflow/example_dags/tutorial_objectstorage.py
[2024-05-18T05:36:48.158+0000] {processor.py:840} INFO - DAG(s) 'tutorial_objectstorage' retrieved from /home/ubuntu/airflow/airflow_env/lib/python3.12/site-packages/airflow/example_dags/tutorial_objectstorage.py
[2024-05-18T05:36:48.216+0000] {logging_mixin.py:188} INFO - [2024-05-18T05:36:48.215+0000] {dag.py:3096} INFO - Sync 1 DAGs
[2024-05-18T05:36:48.248+0000] {logging_mixin.py:188} INFO - [2024-05-18T05:36:48.248+0000] {dag.py:3954} INFO - Setting next_dagrun for tutorial_objectstorage to None, run_after=None
[2024-05-18T05:36:48.275+0000] {processor.py:183} INFO - Processing /home/ubuntu/airflow/airflow_env/lib/python3.12/site-packages/airflow/example_dags/tutorial_objectstorage.py took 0.135 seconds
[2024-05-18T05:37:19.085+0000] {processor.py:161} INFO - Started process (PID=15584) to work on /home/ubuntu/airflow/airflow_env/lib/python3.12/site-packages/airflow/example_dags/tutorial_objectstorage.py
[2024-05-18T05:37:19.087+0000] {processor.py:830} INFO - Processing file /home/ubuntu/airflow/airflow_env/lib/python3.12/site-packages/airflow/example_dags/tutorial_objectstorage.py for tasks to queue
[2024-05-18T05:37:19.089+0000] {logging_mixin.py:188} INFO - [2024-05-18T05:37:19.088+0000] {dagbag.py:545} INFO - Filling up the DagBag from /home/ubuntu/airflow/airflow_env/lib/python3.12/site-packages/airflow/example_dags/tutorial_objectstorage.py
[2024-05-18T05:37:19.098+0000] {processor.py:840} INFO - DAG(s) 'tutorial_objectstorage' retrieved from /home/ubuntu/airflow/airflow_env/lib/python3.12/site-packages/airflow/example_dags/tutorial_objectstorage.py
[2024-05-18T05:37:19.156+0000] {logging_mixin.py:188} INFO - [2024-05-18T05:37:19.155+0000] {dag.py:3096} INFO - Sync 1 DAGs
[2024-05-18T05:37:19.175+0000] {logging_mixin.py:188} INFO - [2024-05-18T05:37:19.175+0000] {dag.py:3954} INFO - Setting next_dagrun for tutorial_objectstorage to None, run_after=None
[2024-05-18T05:37:19.205+0000] {processor.py:183} INFO - Processing /home/ubuntu/airflow/airflow_env/lib/python3.12/site-packages/airflow/example_dags/tutorial_objectstorage.py took 0.128 seconds
[2024-05-18T05:37:49.249+0000] {processor.py:161} INFO - Started process (PID=15636) to work on /home/ubuntu/airflow/airflow_env/lib/python3.12/site-packages/airflow/example_dags/tutorial_objectstorage.py
[2024-05-18T05:37:49.250+0000] {processor.py:830} INFO - Processing file /home/ubuntu/airflow/airflow_env/lib/python3.12/site-packages/airflow/example_dags/tutorial_objectstorage.py for tasks to queue
[2024-05-18T05:37:49.253+0000] {logging_mixin.py:188} INFO - [2024-05-18T05:37:49.253+0000] {dagbag.py:545} INFO - Filling up the DagBag from /home/ubuntu/airflow/airflow_env/lib/python3.12/site-packages/airflow/example_dags/tutorial_objectstorage.py
[2024-05-18T05:37:49.265+0000] {processor.py:840} INFO - DAG(s) 'tutorial_objectstorage' retrieved from /home/ubuntu/airflow/airflow_env/lib/python3.12/site-packages/airflow/example_dags/tutorial_objectstorage.py
[2024-05-18T05:37:49.312+0000] {logging_mixin.py:188} INFO - [2024-05-18T05:37:49.311+0000] {dag.py:3096} INFO - Sync 1 DAGs
[2024-05-18T05:37:49.326+0000] {logging_mixin.py:188} INFO - [2024-05-18T05:37:49.326+0000] {dag.py:3954} INFO - Setting next_dagrun for tutorial_objectstorage to None, run_after=None
[2024-05-18T05:37:49.353+0000] {processor.py:183} INFO - Processing /home/ubuntu/airflow/airflow_env/lib/python3.12/site-packages/airflow/example_dags/tutorial_objectstorage.py took 0.113 seconds
[2024-05-18T05:38:19.591+0000] {processor.py:161} INFO - Started process (PID=15687) to work on /home/ubuntu/airflow/airflow_env/lib/python3.12/site-packages/airflow/example_dags/tutorial_objectstorage.py
[2024-05-18T05:38:19.592+0000] {processor.py:830} INFO - Processing file /home/ubuntu/airflow/airflow_env/lib/python3.12/site-packages/airflow/example_dags/tutorial_objectstorage.py for tasks to queue
[2024-05-18T05:38:19.595+0000] {logging_mixin.py:188} INFO - [2024-05-18T05:38:19.594+0000] {dagbag.py:545} INFO - Filling up the DagBag from /home/ubuntu/airflow/airflow_env/lib/python3.12/site-packages/airflow/example_dags/tutorial_objectstorage.py
[2024-05-18T05:38:19.605+0000] {processor.py:840} INFO - DAG(s) 'tutorial_objectstorage' retrieved from /home/ubuntu/airflow/airflow_env/lib/python3.12/site-packages/airflow/example_dags/tutorial_objectstorage.py
[2024-05-18T05:38:19.667+0000] {logging_mixin.py:188} INFO - [2024-05-18T05:38:19.667+0000] {dag.py:3096} INFO - Sync 1 DAGs
[2024-05-18T05:38:19.691+0000] {logging_mixin.py:188} INFO - [2024-05-18T05:38:19.691+0000] {dag.py:3954} INFO - Setting next_dagrun for tutorial_objectstorage to None, run_after=None
[2024-05-18T05:38:19.720+0000] {processor.py:183} INFO - Processing /home/ubuntu/airflow/airflow_env/lib/python3.12/site-packages/airflow/example_dags/tutorial_objectstorage.py took 0.139 seconds
[2024-05-18T05:38:49.897+0000] {processor.py:161} INFO - Started process (PID=15738) to work on /home/ubuntu/airflow/airflow_env/lib/python3.12/site-packages/airflow/example_dags/tutorial_objectstorage.py
[2024-05-18T05:38:49.898+0000] {processor.py:830} INFO - Processing file /home/ubuntu/airflow/airflow_env/lib/python3.12/site-packages/airflow/example_dags/tutorial_objectstorage.py for tasks to queue
[2024-05-18T05:38:49.901+0000] {logging_mixin.py:188} INFO - [2024-05-18T05:38:49.900+0000] {dagbag.py:545} INFO - Filling up the DagBag from /home/ubuntu/airflow/airflow_env/lib/python3.12/site-packages/airflow/example_dags/tutorial_objectstorage.py
[2024-05-18T05:38:49.911+0000] {processor.py:840} INFO - DAG(s) 'tutorial_objectstorage' retrieved from /home/ubuntu/airflow/airflow_env/lib/python3.12/site-packages/airflow/example_dags/tutorial_objectstorage.py
[2024-05-18T05:38:49.973+0000] {logging_mixin.py:188} INFO - [2024-05-18T05:38:49.973+0000] {dag.py:3096} INFO - Sync 1 DAGs
[2024-05-18T05:38:49.995+0000] {logging_mixin.py:188} INFO - [2024-05-18T05:38:49.994+0000] {dag.py:3954} INFO - Setting next_dagrun for tutorial_objectstorage to None, run_after=None
[2024-05-18T05:38:50.039+0000] {processor.py:183} INFO - Processing /home/ubuntu/airflow/airflow_env/lib/python3.12/site-packages/airflow/example_dags/tutorial_objectstorage.py took 0.168 seconds
[2024-05-18T05:39:20.916+0000] {processor.py:161} INFO - Started process (PID=15790) to work on /home/ubuntu/airflow/airflow_env/lib/python3.12/site-packages/airflow/example_dags/tutorial_objectstorage.py
[2024-05-18T05:39:20.918+0000] {processor.py:830} INFO - Processing file /home/ubuntu/airflow/airflow_env/lib/python3.12/site-packages/airflow/example_dags/tutorial_objectstorage.py for tasks to queue
[2024-05-18T05:39:20.925+0000] {logging_mixin.py:188} INFO - [2024-05-18T05:39:20.924+0000] {dagbag.py:545} INFO - Filling up the DagBag from /home/ubuntu/airflow/airflow_env/lib/python3.12/site-packages/airflow/example_dags/tutorial_objectstorage.py
[2024-05-18T05:39:20.937+0000] {processor.py:840} INFO - DAG(s) 'tutorial_objectstorage' retrieved from /home/ubuntu/airflow/airflow_env/lib/python3.12/site-packages/airflow/example_dags/tutorial_objectstorage.py
[2024-05-18T05:39:20.992+0000] {logging_mixin.py:188} INFO - [2024-05-18T05:39:20.991+0000] {dag.py:3096} INFO - Sync 1 DAGs
[2024-05-18T05:39:21.023+0000] {logging_mixin.py:188} INFO - [2024-05-18T05:39:21.023+0000] {dag.py:3954} INFO - Setting next_dagrun for tutorial_objectstorage to None, run_after=None
[2024-05-18T05:39:21.075+0000] {processor.py:183} INFO - Processing /home/ubuntu/airflow/airflow_env/lib/python3.12/site-packages/airflow/example_dags/tutorial_objectstorage.py took 0.166 seconds
[2024-05-18T05:39:51.124+0000] {processor.py:161} INFO - Started process (PID=15841) to work on /home/ubuntu/airflow/airflow_env/lib/python3.12/site-packages/airflow/example_dags/tutorial_objectstorage.py
[2024-05-18T05:39:51.126+0000] {processor.py:830} INFO - Processing file /home/ubuntu/airflow/airflow_env/lib/python3.12/site-packages/airflow/example_dags/tutorial_objectstorage.py for tasks to queue
[2024-05-18T05:39:51.128+0000] {logging_mixin.py:188} INFO - [2024-05-18T05:39:51.128+0000] {dagbag.py:545} INFO - Filling up the DagBag from /home/ubuntu/airflow/airflow_env/lib/python3.12/site-packages/airflow/example_dags/tutorial_objectstorage.py
[2024-05-18T05:39:51.140+0000] {processor.py:840} INFO - DAG(s) 'tutorial_objectstorage' retrieved from /home/ubuntu/airflow/airflow_env/lib/python3.12/site-packages/airflow/example_dags/tutorial_objectstorage.py
[2024-05-18T05:39:51.201+0000] {logging_mixin.py:188} INFO - [2024-05-18T05:39:51.200+0000] {dag.py:3096} INFO - Sync 1 DAGs
[2024-05-18T05:39:51.221+0000] {logging_mixin.py:188} INFO - [2024-05-18T05:39:51.220+0000] {dag.py:3954} INFO - Setting next_dagrun for tutorial_objectstorage to None, run_after=None
[2024-05-18T05:39:51.252+0000] {processor.py:183} INFO - Processing /home/ubuntu/airflow/airflow_env/lib/python3.12/site-packages/airflow/example_dags/tutorial_objectstorage.py took 0.145 seconds
[2024-05-18T05:40:21.529+0000] {processor.py:161} INFO - Started process (PID=16172) to work on /home/ubuntu/airflow/airflow_env/lib/python3.12/site-packages/airflow/example_dags/tutorial_objectstorage.py
[2024-05-18T05:40:21.531+0000] {processor.py:830} INFO - Processing file /home/ubuntu/airflow/airflow_env/lib/python3.12/site-packages/airflow/example_dags/tutorial_objectstorage.py for tasks to queue
[2024-05-18T05:40:21.534+0000] {logging_mixin.py:188} INFO - [2024-05-18T05:40:21.533+0000] {dagbag.py:545} INFO - Filling up the DagBag from /home/ubuntu/airflow/airflow_env/lib/python3.12/site-packages/airflow/example_dags/tutorial_objectstorage.py
[2024-05-18T05:40:21.546+0000] {processor.py:840} INFO - DAG(s) 'tutorial_objectstorage' retrieved from /home/ubuntu/airflow/airflow_env/lib/python3.12/site-packages/airflow/example_dags/tutorial_objectstorage.py
[2024-05-18T05:40:21.615+0000] {logging_mixin.py:188} INFO - [2024-05-18T05:40:21.614+0000] {dag.py:3096} INFO - Sync 1 DAGs
[2024-05-18T05:40:21.640+0000] {logging_mixin.py:188} INFO - [2024-05-18T05:40:21.639+0000] {dag.py:3954} INFO - Setting next_dagrun for tutorial_objectstorage to None, run_after=None
[2024-05-18T05:40:21.668+0000] {processor.py:183} INFO - Processing /home/ubuntu/airflow/airflow_env/lib/python3.12/site-packages/airflow/example_dags/tutorial_objectstorage.py took 0.148 seconds
[2024-05-18T05:40:51.863+0000] {processor.py:161} INFO - Started process (PID=16229) to work on /home/ubuntu/airflow/airflow_env/lib/python3.12/site-packages/airflow/example_dags/tutorial_objectstorage.py
[2024-05-18T05:40:51.865+0000] {processor.py:830} INFO - Processing file /home/ubuntu/airflow/airflow_env/lib/python3.12/site-packages/airflow/example_dags/tutorial_objectstorage.py for tasks to queue
[2024-05-18T05:40:51.867+0000] {logging_mixin.py:188} INFO - [2024-05-18T05:40:51.867+0000] {dagbag.py:545} INFO - Filling up the DagBag from /home/ubuntu/airflow/airflow_env/lib/python3.12/site-packages/airflow/example_dags/tutorial_objectstorage.py
[2024-05-18T05:40:51.888+0000] {processor.py:840} INFO - DAG(s) 'tutorial_objectstorage' retrieved from /home/ubuntu/airflow/airflow_env/lib/python3.12/site-packages/airflow/example_dags/tutorial_objectstorage.py
[2024-05-18T05:40:51.952+0000] {logging_mixin.py:188} INFO - [2024-05-18T05:40:51.952+0000] {dag.py:3096} INFO - Sync 1 DAGs
[2024-05-18T05:40:51.972+0000] {logging_mixin.py:188} INFO - [2024-05-18T05:40:51.972+0000] {dag.py:3954} INFO - Setting next_dagrun for tutorial_objectstorage to None, run_after=None
[2024-05-18T05:40:52.011+0000] {processor.py:183} INFO - Processing /home/ubuntu/airflow/airflow_env/lib/python3.12/site-packages/airflow/example_dags/tutorial_objectstorage.py took 0.156 seconds
[2024-05-18T05:41:22.490+0000] {processor.py:161} INFO - Started process (PID=16280) to work on /home/ubuntu/airflow/airflow_env/lib/python3.12/site-packages/airflow/example_dags/tutorial_objectstorage.py
[2024-05-18T05:41:22.492+0000] {processor.py:830} INFO - Processing file /home/ubuntu/airflow/airflow_env/lib/python3.12/site-packages/airflow/example_dags/tutorial_objectstorage.py for tasks to queue
[2024-05-18T05:41:22.494+0000] {logging_mixin.py:188} INFO - [2024-05-18T05:41:22.494+0000] {dagbag.py:545} INFO - Filling up the DagBag from /home/ubuntu/airflow/airflow_env/lib/python3.12/site-packages/airflow/example_dags/tutorial_objectstorage.py
[2024-05-18T05:41:22.505+0000] {processor.py:840} INFO - DAG(s) 'tutorial_objectstorage' retrieved from /home/ubuntu/airflow/airflow_env/lib/python3.12/site-packages/airflow/example_dags/tutorial_objectstorage.py
[2024-05-18T05:41:22.553+0000] {logging_mixin.py:188} INFO - [2024-05-18T05:41:22.553+0000] {dag.py:3096} INFO - Sync 1 DAGs
[2024-05-18T05:41:22.572+0000] {logging_mixin.py:188} INFO - [2024-05-18T05:41:22.572+0000] {dag.py:3954} INFO - Setting next_dagrun for tutorial_objectstorage to None, run_after=None
[2024-05-18T05:41:22.607+0000] {processor.py:183} INFO - Processing /home/ubuntu/airflow/airflow_env/lib/python3.12/site-packages/airflow/example_dags/tutorial_objectstorage.py took 0.125 seconds
[2024-05-18T05:41:53.106+0000] {processor.py:161} INFO - Started process (PID=16333) to work on /home/ubuntu/airflow/airflow_env/lib/python3.12/site-packages/airflow/example_dags/tutorial_objectstorage.py
[2024-05-18T05:41:53.108+0000] {processor.py:830} INFO - Processing file /home/ubuntu/airflow/airflow_env/lib/python3.12/site-packages/airflow/example_dags/tutorial_objectstorage.py for tasks to queue
[2024-05-18T05:41:53.111+0000] {logging_mixin.py:188} INFO - [2024-05-18T05:41:53.110+0000] {dagbag.py:545} INFO - Filling up the DagBag from /home/ubuntu/airflow/airflow_env/lib/python3.12/site-packages/airflow/example_dags/tutorial_objectstorage.py
[2024-05-18T05:41:53.129+0000] {processor.py:840} INFO - DAG(s) 'tutorial_objectstorage' retrieved from /home/ubuntu/airflow/airflow_env/lib/python3.12/site-packages/airflow/example_dags/tutorial_objectstorage.py
[2024-05-18T05:41:53.208+0000] {logging_mixin.py:188} INFO - [2024-05-18T05:41:53.207+0000] {dag.py:3096} INFO - Sync 1 DAGs
[2024-05-18T05:41:53.236+0000] {logging_mixin.py:188} INFO - [2024-05-18T05:41:53.235+0000] {dag.py:3954} INFO - Setting next_dagrun for tutorial_objectstorage to None, run_after=None
[2024-05-18T05:41:53.274+0000] {processor.py:183} INFO - Processing /home/ubuntu/airflow/airflow_env/lib/python3.12/site-packages/airflow/example_dags/tutorial_objectstorage.py took 0.181 seconds
[2024-05-18T05:42:24.132+0000] {processor.py:161} INFO - Started process (PID=16384) to work on /home/ubuntu/airflow/airflow_env/lib/python3.12/site-packages/airflow/example_dags/tutorial_objectstorage.py
[2024-05-18T05:42:24.135+0000] {processor.py:830} INFO - Processing file /home/ubuntu/airflow/airflow_env/lib/python3.12/site-packages/airflow/example_dags/tutorial_objectstorage.py for tasks to queue
[2024-05-18T05:42:24.140+0000] {logging_mixin.py:188} INFO - [2024-05-18T05:42:24.139+0000] {dagbag.py:545} INFO - Filling up the DagBag from /home/ubuntu/airflow/airflow_env/lib/python3.12/site-packages/airflow/example_dags/tutorial_objectstorage.py
[2024-05-18T05:42:24.154+0000] {processor.py:840} INFO - DAG(s) 'tutorial_objectstorage' retrieved from /home/ubuntu/airflow/airflow_env/lib/python3.12/site-packages/airflow/example_dags/tutorial_objectstorage.py
[2024-05-18T05:42:24.239+0000] {logging_mixin.py:188} INFO - [2024-05-18T05:42:24.237+0000] {dag.py:3096} INFO - Sync 1 DAGs
[2024-05-18T05:42:24.269+0000] {logging_mixin.py:188} INFO - [2024-05-18T05:42:24.269+0000] {dag.py:3954} INFO - Setting next_dagrun for tutorial_objectstorage to None, run_after=None
[2024-05-18T05:42:24.307+0000] {processor.py:183} INFO - Processing /home/ubuntu/airflow/airflow_env/lib/python3.12/site-packages/airflow/example_dags/tutorial_objectstorage.py took 0.184 seconds
[2024-05-18T05:42:54.419+0000] {processor.py:161} INFO - Started process (PID=16435) to work on /home/ubuntu/airflow/airflow_env/lib/python3.12/site-packages/airflow/example_dags/tutorial_objectstorage.py
[2024-05-18T05:42:54.420+0000] {processor.py:830} INFO - Processing file /home/ubuntu/airflow/airflow_env/lib/python3.12/site-packages/airflow/example_dags/tutorial_objectstorage.py for tasks to queue
[2024-05-18T05:42:54.424+0000] {logging_mixin.py:188} INFO - [2024-05-18T05:42:54.423+0000] {dagbag.py:545} INFO - Filling up the DagBag from /home/ubuntu/airflow/airflow_env/lib/python3.12/site-packages/airflow/example_dags/tutorial_objectstorage.py
[2024-05-18T05:42:54.435+0000] {processor.py:840} INFO - DAG(s) 'tutorial_objectstorage' retrieved from /home/ubuntu/airflow/airflow_env/lib/python3.12/site-packages/airflow/example_dags/tutorial_objectstorage.py
[2024-05-18T05:42:54.489+0000] {logging_mixin.py:188} INFO - [2024-05-18T05:42:54.489+0000] {dag.py:3096} INFO - Sync 1 DAGs
[2024-05-18T05:42:54.509+0000] {logging_mixin.py:188} INFO - [2024-05-18T05:42:54.509+0000] {dag.py:3954} INFO - Setting next_dagrun for tutorial_objectstorage to None, run_after=None
[2024-05-18T05:42:54.537+0000] {processor.py:183} INFO - Processing /home/ubuntu/airflow/airflow_env/lib/python3.12/site-packages/airflow/example_dags/tutorial_objectstorage.py took 0.129 seconds
[2024-05-18T05:43:24.582+0000] {processor.py:161} INFO - Started process (PID=16520) to work on /home/ubuntu/airflow/airflow_env/lib/python3.12/site-packages/airflow/example_dags/tutorial_objectstorage.py
[2024-05-18T05:43:24.583+0000] {processor.py:830} INFO - Processing file /home/ubuntu/airflow/airflow_env/lib/python3.12/site-packages/airflow/example_dags/tutorial_objectstorage.py for tasks to queue
[2024-05-18T05:43:24.585+0000] {logging_mixin.py:188} INFO - [2024-05-18T05:43:24.585+0000] {dagbag.py:545} INFO - Filling up the DagBag from /home/ubuntu/airflow/airflow_env/lib/python3.12/site-packages/airflow/example_dags/tutorial_objectstorage.py
[2024-05-18T05:43:24.594+0000] {processor.py:840} INFO - DAG(s) 'tutorial_objectstorage' retrieved from /home/ubuntu/airflow/airflow_env/lib/python3.12/site-packages/airflow/example_dags/tutorial_objectstorage.py
[2024-05-18T05:43:24.649+0000] {logging_mixin.py:188} INFO - [2024-05-18T05:43:24.649+0000] {dag.py:3096} INFO - Sync 1 DAGs
[2024-05-18T05:43:24.669+0000] {logging_mixin.py:188} INFO - [2024-05-18T05:43:24.668+0000] {dag.py:3954} INFO - Setting next_dagrun for tutorial_objectstorage to None, run_after=None
[2024-05-18T05:43:24.695+0000] {processor.py:183} INFO - Processing /home/ubuntu/airflow/airflow_env/lib/python3.12/site-packages/airflow/example_dags/tutorial_objectstorage.py took 0.120 seconds
[2024-05-18T05:43:55.391+0000] {processor.py:161} INFO - Started process (PID=16571) to work on /home/ubuntu/airflow/airflow_env/lib/python3.12/site-packages/airflow/example_dags/tutorial_objectstorage.py
[2024-05-18T05:43:55.392+0000] {processor.py:830} INFO - Processing file /home/ubuntu/airflow/airflow_env/lib/python3.12/site-packages/airflow/example_dags/tutorial_objectstorage.py for tasks to queue
[2024-05-18T05:43:55.395+0000] {logging_mixin.py:188} INFO - [2024-05-18T05:43:55.395+0000] {dagbag.py:545} INFO - Filling up the DagBag from /home/ubuntu/airflow/airflow_env/lib/python3.12/site-packages/airflow/example_dags/tutorial_objectstorage.py
[2024-05-18T05:43:55.406+0000] {processor.py:840} INFO - DAG(s) 'tutorial_objectstorage' retrieved from /home/ubuntu/airflow/airflow_env/lib/python3.12/site-packages/airflow/example_dags/tutorial_objectstorage.py
[2024-05-18T05:43:55.474+0000] {logging_mixin.py:188} INFO - [2024-05-18T05:43:55.474+0000] {dag.py:3096} INFO - Sync 1 DAGs
[2024-05-18T05:43:55.495+0000] {logging_mixin.py:188} INFO - [2024-05-18T05:43:55.494+0000] {dag.py:3954} INFO - Setting next_dagrun for tutorial_objectstorage to None, run_after=None
[2024-05-18T05:43:55.526+0000] {processor.py:183} INFO - Processing /home/ubuntu/airflow/airflow_env/lib/python3.12/site-packages/airflow/example_dags/tutorial_objectstorage.py took 0.145 seconds
