[2024-05-18T04:43:56.359+0000] {processor.py:161} INFO - Started process (PID=12249) to work on /home/ubuntu/chch-fuel-recommendator/airflow/af_env/lib/python3.12/site-packages/airflow/example_dags/plugins/listener_plugin.py
[2024-05-18T04:43:56.360+0000] {processor.py:830} INFO - Processing file /home/ubuntu/chch-fuel-recommendator/airflow/af_env/lib/python3.12/site-packages/airflow/example_dags/plugins/listener_plugin.py for tasks to queue
[2024-05-18T04:43:56.362+0000] {logging_mixin.py:188} INFO - [2024-05-18T04:43:56.361+0000] {dagbag.py:545} INFO - Filling up the DagBag from /home/ubuntu/chch-fuel-recommendator/airflow/af_env/lib/python3.12/site-packages/airflow/example_dags/plugins/listener_plugin.py
[2024-05-18T04:43:56.365+0000] {processor.py:842} WARNING - No viable dags retrieved from /home/ubuntu/chch-fuel-recommendator/airflow/af_env/lib/python3.12/site-packages/airflow/example_dags/plugins/listener_plugin.py
[2024-05-18T04:43:56.383+0000] {processor.py:183} INFO - Processing /home/ubuntu/chch-fuel-recommendator/airflow/af_env/lib/python3.12/site-packages/airflow/example_dags/plugins/listener_plugin.py took 0.032 seconds
[2024-05-18T04:44:57.852+0000] {processor.py:161} INFO - Started process (PID=12300) to work on /home/ubuntu/chch-fuel-recommendator/airflow/af_env/lib/python3.12/site-packages/airflow/example_dags/plugins/listener_plugin.py
[2024-05-18T04:44:57.853+0000] {processor.py:830} INFO - Processing file /home/ubuntu/chch-fuel-recommendator/airflow/af_env/lib/python3.12/site-packages/airflow/example_dags/plugins/listener_plugin.py for tasks to queue
[2024-05-18T04:44:57.855+0000] {logging_mixin.py:188} INFO - [2024-05-18T04:44:57.854+0000] {dagbag.py:545} INFO - Filling up the DagBag from /home/ubuntu/chch-fuel-recommendator/airflow/af_env/lib/python3.12/site-packages/airflow/example_dags/plugins/listener_plugin.py
[2024-05-18T04:44:57.857+0000] {processor.py:842} WARNING - No viable dags retrieved from /home/ubuntu/chch-fuel-recommendator/airflow/af_env/lib/python3.12/site-packages/airflow/example_dags/plugins/listener_plugin.py
[2024-05-18T04:44:57.869+0000] {processor.py:183} INFO - Processing /home/ubuntu/chch-fuel-recommendator/airflow/af_env/lib/python3.12/site-packages/airflow/example_dags/plugins/listener_plugin.py took 0.022 seconds
[2024-05-18T04:45:55.529+0000] {processor.py:161} INFO - Started process (PID=12359) to work on /home/ubuntu/chch-fuel-recommendator/airflow/af_env/lib/python3.12/site-packages/airflow/example_dags/plugins/listener_plugin.py
[2024-05-18T04:45:55.530+0000] {processor.py:830} INFO - Processing file /home/ubuntu/chch-fuel-recommendator/airflow/af_env/lib/python3.12/site-packages/airflow/example_dags/plugins/listener_plugin.py for tasks to queue
[2024-05-18T04:45:55.532+0000] {logging_mixin.py:188} INFO - [2024-05-18T04:45:55.532+0000] {dagbag.py:545} INFO - Filling up the DagBag from /home/ubuntu/chch-fuel-recommendator/airflow/af_env/lib/python3.12/site-packages/airflow/example_dags/plugins/listener_plugin.py
[2024-05-18T04:45:55.534+0000] {processor.py:842} WARNING - No viable dags retrieved from /home/ubuntu/chch-fuel-recommendator/airflow/af_env/lib/python3.12/site-packages/airflow/example_dags/plugins/listener_plugin.py
[2024-05-18T04:45:55.546+0000] {processor.py:183} INFO - Processing /home/ubuntu/chch-fuel-recommendator/airflow/af_env/lib/python3.12/site-packages/airflow/example_dags/plugins/listener_plugin.py took 0.024 seconds
[2024-05-18T04:46:48.592+0000] {processor.py:161} INFO - Started process (PID=12410) to work on /home/ubuntu/chch-fuel-recommendator/airflow/af_env/lib/python3.12/site-packages/airflow/example_dags/plugins/listener_plugin.py
[2024-05-18T04:46:48.594+0000] {processor.py:830} INFO - Processing file /home/ubuntu/chch-fuel-recommendator/airflow/af_env/lib/python3.12/site-packages/airflow/example_dags/plugins/listener_plugin.py for tasks to queue
[2024-05-18T04:46:48.595+0000] {logging_mixin.py:188} INFO - [2024-05-18T04:46:48.595+0000] {dagbag.py:545} INFO - Filling up the DagBag from /home/ubuntu/chch-fuel-recommendator/airflow/af_env/lib/python3.12/site-packages/airflow/example_dags/plugins/listener_plugin.py
[2024-05-18T04:46:48.598+0000] {processor.py:842} WARNING - No viable dags retrieved from /home/ubuntu/chch-fuel-recommendator/airflow/af_env/lib/python3.12/site-packages/airflow/example_dags/plugins/listener_plugin.py
[2024-05-18T04:46:48.610+0000] {processor.py:183} INFO - Processing /home/ubuntu/chch-fuel-recommendator/airflow/af_env/lib/python3.12/site-packages/airflow/example_dags/plugins/listener_plugin.py took 0.025 seconds
[2024-05-18T04:47:30.715+0000] {processor.py:161} INFO - Started process (PID=12453) to work on /home/ubuntu/chch-fuel-recommendator/airflow/af_env/lib/python3.12/site-packages/airflow/example_dags/plugins/listener_plugin.py
[2024-05-18T04:47:30.717+0000] {processor.py:830} INFO - Processing file /home/ubuntu/chch-fuel-recommendator/airflow/af_env/lib/python3.12/site-packages/airflow/example_dags/plugins/listener_plugin.py for tasks to queue
[2024-05-18T04:47:30.719+0000] {logging_mixin.py:188} INFO - [2024-05-18T04:47:30.718+0000] {dagbag.py:545} INFO - Filling up the DagBag from /home/ubuntu/chch-fuel-recommendator/airflow/af_env/lib/python3.12/site-packages/airflow/example_dags/plugins/listener_plugin.py
[2024-05-18T04:47:30.722+0000] {processor.py:842} WARNING - No viable dags retrieved from /home/ubuntu/chch-fuel-recommendator/airflow/af_env/lib/python3.12/site-packages/airflow/example_dags/plugins/listener_plugin.py
[2024-05-18T04:47:30.739+0000] {processor.py:183} INFO - Processing /home/ubuntu/chch-fuel-recommendator/airflow/af_env/lib/python3.12/site-packages/airflow/example_dags/plugins/listener_plugin.py took 0.031 seconds
[2024-05-18T04:48:15.247+0000] {processor.py:161} INFO - Started process (PID=12497) to work on /home/ubuntu/chch-fuel-recommendator/airflow/af_env/lib/python3.12/site-packages/airflow/example_dags/plugins/listener_plugin.py
[2024-05-18T04:48:15.249+0000] {processor.py:830} INFO - Processing file /home/ubuntu/chch-fuel-recommendator/airflow/af_env/lib/python3.12/site-packages/airflow/example_dags/plugins/listener_plugin.py for tasks to queue
[2024-05-18T04:48:15.255+0000] {logging_mixin.py:188} INFO - [2024-05-18T04:48:15.253+0000] {dagbag.py:545} INFO - Filling up the DagBag from /home/ubuntu/chch-fuel-recommendator/airflow/af_env/lib/python3.12/site-packages/airflow/example_dags/plugins/listener_plugin.py
[2024-05-18T04:48:15.260+0000] {processor.py:842} WARNING - No viable dags retrieved from /home/ubuntu/chch-fuel-recommendator/airflow/af_env/lib/python3.12/site-packages/airflow/example_dags/plugins/listener_plugin.py
[2024-05-18T04:48:15.287+0000] {processor.py:183} INFO - Processing /home/ubuntu/chch-fuel-recommendator/airflow/af_env/lib/python3.12/site-packages/airflow/example_dags/plugins/listener_plugin.py took 0.055 seconds
[2024-05-18T04:48:57.817+0000] {processor.py:161} INFO - Started process (PID=12540) to work on /home/ubuntu/chch-fuel-recommendator/airflow/af_env/lib/python3.12/site-packages/airflow/example_dags/plugins/listener_plugin.py
[2024-05-18T04:48:57.819+0000] {processor.py:830} INFO - Processing file /home/ubuntu/chch-fuel-recommendator/airflow/af_env/lib/python3.12/site-packages/airflow/example_dags/plugins/listener_plugin.py for tasks to queue
[2024-05-18T04:48:57.821+0000] {logging_mixin.py:188} INFO - [2024-05-18T04:48:57.821+0000] {dagbag.py:545} INFO - Filling up the DagBag from /home/ubuntu/chch-fuel-recommendator/airflow/af_env/lib/python3.12/site-packages/airflow/example_dags/plugins/listener_plugin.py
[2024-05-18T04:48:57.825+0000] {processor.py:842} WARNING - No viable dags retrieved from /home/ubuntu/chch-fuel-recommendator/airflow/af_env/lib/python3.12/site-packages/airflow/example_dags/plugins/listener_plugin.py
[2024-05-18T04:48:57.840+0000] {processor.py:183} INFO - Processing /home/ubuntu/chch-fuel-recommendator/airflow/af_env/lib/python3.12/site-packages/airflow/example_dags/plugins/listener_plugin.py took 0.031 seconds
[2024-05-18T04:49:41.800+0000] {processor.py:161} INFO - Started process (PID=12582) to work on /home/ubuntu/chch-fuel-recommendator/airflow/af_env/lib/python3.12/site-packages/airflow/example_dags/plugins/listener_plugin.py
[2024-05-18T04:49:41.805+0000] {processor.py:830} INFO - Processing file /home/ubuntu/chch-fuel-recommendator/airflow/af_env/lib/python3.12/site-packages/airflow/example_dags/plugins/listener_plugin.py for tasks to queue
[2024-05-18T04:49:41.808+0000] {logging_mixin.py:188} INFO - [2024-05-18T04:49:41.808+0000] {dagbag.py:545} INFO - Filling up the DagBag from /home/ubuntu/chch-fuel-recommendator/airflow/af_env/lib/python3.12/site-packages/airflow/example_dags/plugins/listener_plugin.py
[2024-05-18T04:49:41.812+0000] {processor.py:842} WARNING - No viable dags retrieved from /home/ubuntu/chch-fuel-recommendator/airflow/af_env/lib/python3.12/site-packages/airflow/example_dags/plugins/listener_plugin.py
[2024-05-18T04:49:41.844+0000] {processor.py:183} INFO - Processing /home/ubuntu/chch-fuel-recommendator/airflow/af_env/lib/python3.12/site-packages/airflow/example_dags/plugins/listener_plugin.py took 0.064 seconds
[2024-05-18T04:50:26.265+0000] {processor.py:161} INFO - Started process (PID=12630) to work on /home/ubuntu/chch-fuel-recommendator/airflow/af_env/lib/python3.12/site-packages/airflow/example_dags/plugins/listener_plugin.py
[2024-05-18T04:50:26.266+0000] {processor.py:830} INFO - Processing file /home/ubuntu/chch-fuel-recommendator/airflow/af_env/lib/python3.12/site-packages/airflow/example_dags/plugins/listener_plugin.py for tasks to queue
[2024-05-18T04:50:26.268+0000] {logging_mixin.py:188} INFO - [2024-05-18T04:50:26.268+0000] {dagbag.py:545} INFO - Filling up the DagBag from /home/ubuntu/chch-fuel-recommendator/airflow/af_env/lib/python3.12/site-packages/airflow/example_dags/plugins/listener_plugin.py
[2024-05-18T04:50:26.271+0000] {processor.py:842} WARNING - No viable dags retrieved from /home/ubuntu/chch-fuel-recommendator/airflow/af_env/lib/python3.12/site-packages/airflow/example_dags/plugins/listener_plugin.py
[2024-05-18T04:50:26.290+0000] {processor.py:183} INFO - Processing /home/ubuntu/chch-fuel-recommendator/airflow/af_env/lib/python3.12/site-packages/airflow/example_dags/plugins/listener_plugin.py took 0.030 seconds
[2024-05-18T04:51:10.813+0000] {processor.py:161} INFO - Started process (PID=12675) to work on /home/ubuntu/chch-fuel-recommendator/airflow/af_env/lib/python3.12/site-packages/airflow/example_dags/plugins/listener_plugin.py
[2024-05-18T04:51:10.814+0000] {processor.py:830} INFO - Processing file /home/ubuntu/chch-fuel-recommendator/airflow/af_env/lib/python3.12/site-packages/airflow/example_dags/plugins/listener_plugin.py for tasks to queue
[2024-05-18T04:51:10.816+0000] {logging_mixin.py:188} INFO - [2024-05-18T04:51:10.816+0000] {dagbag.py:545} INFO - Filling up the DagBag from /home/ubuntu/chch-fuel-recommendator/airflow/af_env/lib/python3.12/site-packages/airflow/example_dags/plugins/listener_plugin.py
[2024-05-18T04:51:10.819+0000] {processor.py:842} WARNING - No viable dags retrieved from /home/ubuntu/chch-fuel-recommendator/airflow/af_env/lib/python3.12/site-packages/airflow/example_dags/plugins/listener_plugin.py
[2024-05-18T04:51:10.835+0000] {processor.py:183} INFO - Processing /home/ubuntu/chch-fuel-recommendator/airflow/af_env/lib/python3.12/site-packages/airflow/example_dags/plugins/listener_plugin.py took 0.029 seconds
[2024-05-18T04:51:54.445+0000] {processor.py:161} INFO - Started process (PID=12718) to work on /home/ubuntu/chch-fuel-recommendator/airflow/af_env/lib/python3.12/site-packages/airflow/example_dags/plugins/listener_plugin.py
[2024-05-18T04:51:54.447+0000] {processor.py:830} INFO - Processing file /home/ubuntu/chch-fuel-recommendator/airflow/af_env/lib/python3.12/site-packages/airflow/example_dags/plugins/listener_plugin.py for tasks to queue
[2024-05-18T04:51:54.449+0000] {logging_mixin.py:188} INFO - [2024-05-18T04:51:54.449+0000] {dagbag.py:545} INFO - Filling up the DagBag from /home/ubuntu/chch-fuel-recommendator/airflow/af_env/lib/python3.12/site-packages/airflow/example_dags/plugins/listener_plugin.py
[2024-05-18T04:51:54.452+0000] {processor.py:842} WARNING - No viable dags retrieved from /home/ubuntu/chch-fuel-recommendator/airflow/af_env/lib/python3.12/site-packages/airflow/example_dags/plugins/listener_plugin.py
[2024-05-18T04:51:54.463+0000] {processor.py:183} INFO - Processing /home/ubuntu/chch-fuel-recommendator/airflow/af_env/lib/python3.12/site-packages/airflow/example_dags/plugins/listener_plugin.py took 0.025 seconds
[2024-05-18T04:52:40.341+0000] {processor.py:161} INFO - Started process (PID=12763) to work on /home/ubuntu/chch-fuel-recommendator/airflow/af_env/lib/python3.12/site-packages/airflow/example_dags/plugins/listener_plugin.py
[2024-05-18T04:52:40.343+0000] {processor.py:830} INFO - Processing file /home/ubuntu/chch-fuel-recommendator/airflow/af_env/lib/python3.12/site-packages/airflow/example_dags/plugins/listener_plugin.py for tasks to queue
[2024-05-18T04:52:40.345+0000] {logging_mixin.py:188} INFO - [2024-05-18T04:52:40.344+0000] {dagbag.py:545} INFO - Filling up the DagBag from /home/ubuntu/chch-fuel-recommendator/airflow/af_env/lib/python3.12/site-packages/airflow/example_dags/plugins/listener_plugin.py
[2024-05-18T04:52:40.349+0000] {processor.py:842} WARNING - No viable dags retrieved from /home/ubuntu/chch-fuel-recommendator/airflow/af_env/lib/python3.12/site-packages/airflow/example_dags/plugins/listener_plugin.py
[2024-05-18T04:52:40.362+0000] {processor.py:183} INFO - Processing /home/ubuntu/chch-fuel-recommendator/airflow/af_env/lib/python3.12/site-packages/airflow/example_dags/plugins/listener_plugin.py took 0.027 seconds
[2024-05-18T04:53:26.506+0000] {processor.py:161} INFO - Started process (PID=12809) to work on /home/ubuntu/chch-fuel-recommendator/airflow/af_env/lib/python3.12/site-packages/airflow/example_dags/plugins/listener_plugin.py
[2024-05-18T04:53:26.508+0000] {processor.py:830} INFO - Processing file /home/ubuntu/chch-fuel-recommendator/airflow/af_env/lib/python3.12/site-packages/airflow/example_dags/plugins/listener_plugin.py for tasks to queue
[2024-05-18T04:53:26.509+0000] {logging_mixin.py:188} INFO - [2024-05-18T04:53:26.509+0000] {dagbag.py:545} INFO - Filling up the DagBag from /home/ubuntu/chch-fuel-recommendator/airflow/af_env/lib/python3.12/site-packages/airflow/example_dags/plugins/listener_plugin.py
[2024-05-18T04:53:26.512+0000] {processor.py:842} WARNING - No viable dags retrieved from /home/ubuntu/chch-fuel-recommendator/airflow/af_env/lib/python3.12/site-packages/airflow/example_dags/plugins/listener_plugin.py
[2024-05-18T04:53:26.524+0000] {processor.py:183} INFO - Processing /home/ubuntu/chch-fuel-recommendator/airflow/af_env/lib/python3.12/site-packages/airflow/example_dags/plugins/listener_plugin.py took 0.025 seconds
[2024-05-18T05:32:12.051+0000] {processor.py:161} INFO - Started process (PID=15059) to work on /home/ubuntu/airflow/airflow_env/lib/python3.12/site-packages/airflow/example_dags/plugins/listener_plugin.py
[2024-05-18T05:32:12.055+0000] {processor.py:830} INFO - Processing file /home/ubuntu/airflow/airflow_env/lib/python3.12/site-packages/airflow/example_dags/plugins/listener_plugin.py for tasks to queue
[2024-05-18T05:32:12.058+0000] {logging_mixin.py:188} INFO - [2024-05-18T05:32:12.057+0000] {dagbag.py:545} INFO - Filling up the DagBag from /home/ubuntu/airflow/airflow_env/lib/python3.12/site-packages/airflow/example_dags/plugins/listener_plugin.py
[2024-05-18T05:32:12.061+0000] {processor.py:842} WARNING - No viable dags retrieved from /home/ubuntu/airflow/airflow_env/lib/python3.12/site-packages/airflow/example_dags/plugins/listener_plugin.py
[2024-05-18T05:32:12.127+0000] {processor.py:183} INFO - Processing /home/ubuntu/airflow/airflow_env/lib/python3.12/site-packages/airflow/example_dags/plugins/listener_plugin.py took 0.083 seconds
[2024-05-18T05:32:42.780+0000] {processor.py:161} INFO - Started process (PID=15112) to work on /home/ubuntu/airflow/airflow_env/lib/python3.12/site-packages/airflow/example_dags/plugins/listener_plugin.py
[2024-05-18T05:32:42.781+0000] {processor.py:830} INFO - Processing file /home/ubuntu/airflow/airflow_env/lib/python3.12/site-packages/airflow/example_dags/plugins/listener_plugin.py for tasks to queue
[2024-05-18T05:32:42.785+0000] {logging_mixin.py:188} INFO - [2024-05-18T05:32:42.784+0000] {dagbag.py:545} INFO - Filling up the DagBag from /home/ubuntu/airflow/airflow_env/lib/python3.12/site-packages/airflow/example_dags/plugins/listener_plugin.py
[2024-05-18T05:32:42.791+0000] {processor.py:842} WARNING - No viable dags retrieved from /home/ubuntu/airflow/airflow_env/lib/python3.12/site-packages/airflow/example_dags/plugins/listener_plugin.py
[2024-05-18T05:32:42.870+0000] {processor.py:183} INFO - Processing /home/ubuntu/airflow/airflow_env/lib/python3.12/site-packages/airflow/example_dags/plugins/listener_plugin.py took 0.110 seconds
[2024-05-18T05:33:13.389+0000] {processor.py:161} INFO - Started process (PID=15167) to work on /home/ubuntu/airflow/airflow_env/lib/python3.12/site-packages/airflow/example_dags/plugins/listener_plugin.py
[2024-05-18T05:33:13.391+0000] {processor.py:830} INFO - Processing file /home/ubuntu/airflow/airflow_env/lib/python3.12/site-packages/airflow/example_dags/plugins/listener_plugin.py for tasks to queue
[2024-05-18T05:33:13.393+0000] {logging_mixin.py:188} INFO - [2024-05-18T05:33:13.392+0000] {dagbag.py:545} INFO - Filling up the DagBag from /home/ubuntu/airflow/airflow_env/lib/python3.12/site-packages/airflow/example_dags/plugins/listener_plugin.py
[2024-05-18T05:33:13.396+0000] {processor.py:842} WARNING - No viable dags retrieved from /home/ubuntu/airflow/airflow_env/lib/python3.12/site-packages/airflow/example_dags/plugins/listener_plugin.py
[2024-05-18T05:33:13.462+0000] {processor.py:183} INFO - Processing /home/ubuntu/airflow/airflow_env/lib/python3.12/site-packages/airflow/example_dags/plugins/listener_plugin.py took 0.082 seconds
[2024-05-18T05:33:43.802+0000] {processor.py:161} INFO - Started process (PID=15218) to work on /home/ubuntu/airflow/airflow_env/lib/python3.12/site-packages/airflow/example_dags/plugins/listener_plugin.py
[2024-05-18T05:33:43.803+0000] {processor.py:830} INFO - Processing file /home/ubuntu/airflow/airflow_env/lib/python3.12/site-packages/airflow/example_dags/plugins/listener_plugin.py for tasks to queue
[2024-05-18T05:33:43.805+0000] {logging_mixin.py:188} INFO - [2024-05-18T05:33:43.804+0000] {dagbag.py:545} INFO - Filling up the DagBag from /home/ubuntu/airflow/airflow_env/lib/python3.12/site-packages/airflow/example_dags/plugins/listener_plugin.py
[2024-05-18T05:33:43.807+0000] {processor.py:842} WARNING - No viable dags retrieved from /home/ubuntu/airflow/airflow_env/lib/python3.12/site-packages/airflow/example_dags/plugins/listener_plugin.py
[2024-05-18T05:33:43.858+0000] {processor.py:183} INFO - Processing /home/ubuntu/airflow/airflow_env/lib/python3.12/site-packages/airflow/example_dags/plugins/listener_plugin.py took 0.064 seconds
[2024-05-18T05:34:14.955+0000] {processor.py:161} INFO - Started process (PID=15270) to work on /home/ubuntu/airflow/airflow_env/lib/python3.12/site-packages/airflow/example_dags/plugins/listener_plugin.py
[2024-05-18T05:34:14.956+0000] {processor.py:830} INFO - Processing file /home/ubuntu/airflow/airflow_env/lib/python3.12/site-packages/airflow/example_dags/plugins/listener_plugin.py for tasks to queue
[2024-05-18T05:34:14.957+0000] {logging_mixin.py:188} INFO - [2024-05-18T05:34:14.957+0000] {dagbag.py:545} INFO - Filling up the DagBag from /home/ubuntu/airflow/airflow_env/lib/python3.12/site-packages/airflow/example_dags/plugins/listener_plugin.py
[2024-05-18T05:34:14.960+0000] {processor.py:842} WARNING - No viable dags retrieved from /home/ubuntu/airflow/airflow_env/lib/python3.12/site-packages/airflow/example_dags/plugins/listener_plugin.py
[2024-05-18T05:34:15.009+0000] {processor.py:183} INFO - Processing /home/ubuntu/airflow/airflow_env/lib/python3.12/site-packages/airflow/example_dags/plugins/listener_plugin.py took 0.060 seconds
[2024-05-18T05:34:45.996+0000] {processor.py:161} INFO - Started process (PID=15321) to work on /home/ubuntu/airflow/airflow_env/lib/python3.12/site-packages/airflow/example_dags/plugins/listener_plugin.py
[2024-05-18T05:34:45.998+0000] {processor.py:830} INFO - Processing file /home/ubuntu/airflow/airflow_env/lib/python3.12/site-packages/airflow/example_dags/plugins/listener_plugin.py for tasks to queue
[2024-05-18T05:34:46.002+0000] {logging_mixin.py:188} INFO - [2024-05-18T05:34:46.001+0000] {dagbag.py:545} INFO - Filling up the DagBag from /home/ubuntu/airflow/airflow_env/lib/python3.12/site-packages/airflow/example_dags/plugins/listener_plugin.py
[2024-05-18T05:34:46.005+0000] {processor.py:842} WARNING - No viable dags retrieved from /home/ubuntu/airflow/airflow_env/lib/python3.12/site-packages/airflow/example_dags/plugins/listener_plugin.py
[2024-05-18T05:34:46.064+0000] {processor.py:183} INFO - Processing /home/ubuntu/airflow/airflow_env/lib/python3.12/site-packages/airflow/example_dags/plugins/listener_plugin.py took 0.076 seconds
[2024-05-18T05:35:16.433+0000] {processor.py:161} INFO - Started process (PID=15375) to work on /home/ubuntu/airflow/airflow_env/lib/python3.12/site-packages/airflow/example_dags/plugins/listener_plugin.py
[2024-05-18T05:35:16.435+0000] {processor.py:830} INFO - Processing file /home/ubuntu/airflow/airflow_env/lib/python3.12/site-packages/airflow/example_dags/plugins/listener_plugin.py for tasks to queue
[2024-05-18T05:35:16.441+0000] {logging_mixin.py:188} INFO - [2024-05-18T05:35:16.438+0000] {dagbag.py:545} INFO - Filling up the DagBag from /home/ubuntu/airflow/airflow_env/lib/python3.12/site-packages/airflow/example_dags/plugins/listener_plugin.py
[2024-05-18T05:35:16.446+0000] {processor.py:842} WARNING - No viable dags retrieved from /home/ubuntu/airflow/airflow_env/lib/python3.12/site-packages/airflow/example_dags/plugins/listener_plugin.py
[2024-05-18T05:35:16.503+0000] {processor.py:183} INFO - Processing /home/ubuntu/airflow/airflow_env/lib/python3.12/site-packages/airflow/example_dags/plugins/listener_plugin.py took 0.078 seconds
[2024-05-18T05:35:46.584+0000] {processor.py:161} INFO - Started process (PID=15426) to work on /home/ubuntu/airflow/airflow_env/lib/python3.12/site-packages/airflow/example_dags/plugins/listener_plugin.py
[2024-05-18T05:35:46.585+0000] {processor.py:830} INFO - Processing file /home/ubuntu/airflow/airflow_env/lib/python3.12/site-packages/airflow/example_dags/plugins/listener_plugin.py for tasks to queue
[2024-05-18T05:35:46.592+0000] {logging_mixin.py:188} INFO - [2024-05-18T05:35:46.591+0000] {dagbag.py:545} INFO - Filling up the DagBag from /home/ubuntu/airflow/airflow_env/lib/python3.12/site-packages/airflow/example_dags/plugins/listener_plugin.py
[2024-05-18T05:35:46.598+0000] {processor.py:842} WARNING - No viable dags retrieved from /home/ubuntu/airflow/airflow_env/lib/python3.12/site-packages/airflow/example_dags/plugins/listener_plugin.py
[2024-05-18T05:35:46.653+0000] {processor.py:183} INFO - Processing /home/ubuntu/airflow/airflow_env/lib/python3.12/site-packages/airflow/example_dags/plugins/listener_plugin.py took 0.078 seconds
[2024-05-18T05:36:16.784+0000] {processor.py:161} INFO - Started process (PID=15477) to work on /home/ubuntu/airflow/airflow_env/lib/python3.12/site-packages/airflow/example_dags/plugins/listener_plugin.py
[2024-05-18T05:36:16.786+0000] {processor.py:830} INFO - Processing file /home/ubuntu/airflow/airflow_env/lib/python3.12/site-packages/airflow/example_dags/plugins/listener_plugin.py for tasks to queue
[2024-05-18T05:36:16.788+0000] {logging_mixin.py:188} INFO - [2024-05-18T05:36:16.788+0000] {dagbag.py:545} INFO - Filling up the DagBag from /home/ubuntu/airflow/airflow_env/lib/python3.12/site-packages/airflow/example_dags/plugins/listener_plugin.py
[2024-05-18T05:36:16.793+0000] {processor.py:842} WARNING - No viable dags retrieved from /home/ubuntu/airflow/airflow_env/lib/python3.12/site-packages/airflow/example_dags/plugins/listener_plugin.py
[2024-05-18T05:36:16.842+0000] {processor.py:183} INFO - Processing /home/ubuntu/airflow/airflow_env/lib/python3.12/site-packages/airflow/example_dags/plugins/listener_plugin.py took 0.068 seconds
[2024-05-18T05:36:47.858+0000] {processor.py:161} INFO - Started process (PID=15528) to work on /home/ubuntu/airflow/airflow_env/lib/python3.12/site-packages/airflow/example_dags/plugins/listener_plugin.py
[2024-05-18T05:36:47.862+0000] {processor.py:830} INFO - Processing file /home/ubuntu/airflow/airflow_env/lib/python3.12/site-packages/airflow/example_dags/plugins/listener_plugin.py for tasks to queue
[2024-05-18T05:36:47.865+0000] {logging_mixin.py:188} INFO - [2024-05-18T05:36:47.865+0000] {dagbag.py:545} INFO - Filling up the DagBag from /home/ubuntu/airflow/airflow_env/lib/python3.12/site-packages/airflow/example_dags/plugins/listener_plugin.py
[2024-05-18T05:36:47.870+0000] {processor.py:842} WARNING - No viable dags retrieved from /home/ubuntu/airflow/airflow_env/lib/python3.12/site-packages/airflow/example_dags/plugins/listener_plugin.py
[2024-05-18T05:36:47.919+0000] {processor.py:183} INFO - Processing /home/ubuntu/airflow/airflow_env/lib/python3.12/site-packages/airflow/example_dags/plugins/listener_plugin.py took 0.070 seconds
[2024-05-18T05:37:18.742+0000] {processor.py:161} INFO - Started process (PID=15579) to work on /home/ubuntu/airflow/airflow_env/lib/python3.12/site-packages/airflow/example_dags/plugins/listener_plugin.py
[2024-05-18T05:37:18.745+0000] {processor.py:830} INFO - Processing file /home/ubuntu/airflow/airflow_env/lib/python3.12/site-packages/airflow/example_dags/plugins/listener_plugin.py for tasks to queue
[2024-05-18T05:37:18.750+0000] {logging_mixin.py:188} INFO - [2024-05-18T05:37:18.749+0000] {dagbag.py:545} INFO - Filling up the DagBag from /home/ubuntu/airflow/airflow_env/lib/python3.12/site-packages/airflow/example_dags/plugins/listener_plugin.py
[2024-05-18T05:37:18.758+0000] {processor.py:842} WARNING - No viable dags retrieved from /home/ubuntu/airflow/airflow_env/lib/python3.12/site-packages/airflow/example_dags/plugins/listener_plugin.py
[2024-05-18T05:37:18.822+0000] {processor.py:183} INFO - Processing /home/ubuntu/airflow/airflow_env/lib/python3.12/site-packages/airflow/example_dags/plugins/listener_plugin.py took 0.106 seconds
[2024-05-18T05:37:48.869+0000] {processor.py:161} INFO - Started process (PID=15631) to work on /home/ubuntu/airflow/airflow_env/lib/python3.12/site-packages/airflow/example_dags/plugins/listener_plugin.py
[2024-05-18T05:37:48.869+0000] {processor.py:830} INFO - Processing file /home/ubuntu/airflow/airflow_env/lib/python3.12/site-packages/airflow/example_dags/plugins/listener_plugin.py for tasks to queue
[2024-05-18T05:37:48.872+0000] {logging_mixin.py:188} INFO - [2024-05-18T05:37:48.871+0000] {dagbag.py:545} INFO - Filling up the DagBag from /home/ubuntu/airflow/airflow_env/lib/python3.12/site-packages/airflow/example_dags/plugins/listener_plugin.py
[2024-05-18T05:37:48.875+0000] {processor.py:842} WARNING - No viable dags retrieved from /home/ubuntu/airflow/airflow_env/lib/python3.12/site-packages/airflow/example_dags/plugins/listener_plugin.py
[2024-05-18T05:37:48.913+0000] {processor.py:183} INFO - Processing /home/ubuntu/airflow/airflow_env/lib/python3.12/site-packages/airflow/example_dags/plugins/listener_plugin.py took 0.056 seconds
[2024-05-18T05:38:19.265+0000] {processor.py:161} INFO - Started process (PID=15682) to work on /home/ubuntu/airflow/airflow_env/lib/python3.12/site-packages/airflow/example_dags/plugins/listener_plugin.py
[2024-05-18T05:38:19.267+0000] {processor.py:830} INFO - Processing file /home/ubuntu/airflow/airflow_env/lib/python3.12/site-packages/airflow/example_dags/plugins/listener_plugin.py for tasks to queue
[2024-05-18T05:38:19.272+0000] {logging_mixin.py:188} INFO - [2024-05-18T05:38:19.271+0000] {dagbag.py:545} INFO - Filling up the DagBag from /home/ubuntu/airflow/airflow_env/lib/python3.12/site-packages/airflow/example_dags/plugins/listener_plugin.py
[2024-05-18T05:38:19.277+0000] {processor.py:842} WARNING - No viable dags retrieved from /home/ubuntu/airflow/airflow_env/lib/python3.12/site-packages/airflow/example_dags/plugins/listener_plugin.py
[2024-05-18T05:38:19.338+0000] {processor.py:183} INFO - Processing /home/ubuntu/airflow/airflow_env/lib/python3.12/site-packages/airflow/example_dags/plugins/listener_plugin.py took 0.094 seconds
[2024-05-18T05:38:49.438+0000] {processor.py:161} INFO - Started process (PID=15733) to work on /home/ubuntu/airflow/airflow_env/lib/python3.12/site-packages/airflow/example_dags/plugins/listener_plugin.py
[2024-05-18T05:38:49.440+0000] {processor.py:830} INFO - Processing file /home/ubuntu/airflow/airflow_env/lib/python3.12/site-packages/airflow/example_dags/plugins/listener_plugin.py for tasks to queue
[2024-05-18T05:38:49.443+0000] {logging_mixin.py:188} INFO - [2024-05-18T05:38:49.442+0000] {dagbag.py:545} INFO - Filling up the DagBag from /home/ubuntu/airflow/airflow_env/lib/python3.12/site-packages/airflow/example_dags/plugins/listener_plugin.py
[2024-05-18T05:38:49.446+0000] {processor.py:842} WARNING - No viable dags retrieved from /home/ubuntu/airflow/airflow_env/lib/python3.12/site-packages/airflow/example_dags/plugins/listener_plugin.py
[2024-05-18T05:38:49.495+0000] {processor.py:183} INFO - Processing /home/ubuntu/airflow/airflow_env/lib/python3.12/site-packages/airflow/example_dags/plugins/listener_plugin.py took 0.069 seconds
[2024-05-18T05:39:19.696+0000] {processor.py:161} INFO - Started process (PID=15785) to work on /home/ubuntu/airflow/airflow_env/lib/python3.12/site-packages/airflow/example_dags/plugins/listener_plugin.py
[2024-05-18T05:39:19.699+0000] {processor.py:830} INFO - Processing file /home/ubuntu/airflow/airflow_env/lib/python3.12/site-packages/airflow/example_dags/plugins/listener_plugin.py for tasks to queue
[2024-05-18T05:39:19.702+0000] {logging_mixin.py:188} INFO - [2024-05-18T05:39:19.702+0000] {dagbag.py:545} INFO - Filling up the DagBag from /home/ubuntu/airflow/airflow_env/lib/python3.12/site-packages/airflow/example_dags/plugins/listener_plugin.py
[2024-05-18T05:39:19.706+0000] {processor.py:842} WARNING - No viable dags retrieved from /home/ubuntu/airflow/airflow_env/lib/python3.12/site-packages/airflow/example_dags/plugins/listener_plugin.py
[2024-05-18T05:39:19.752+0000] {processor.py:183} INFO - Processing /home/ubuntu/airflow/airflow_env/lib/python3.12/site-packages/airflow/example_dags/plugins/listener_plugin.py took 0.064 seconds
[2024-05-18T05:39:49.845+0000] {processor.py:161} INFO - Started process (PID=15836) to work on /home/ubuntu/airflow/airflow_env/lib/python3.12/site-packages/airflow/example_dags/plugins/listener_plugin.py
[2024-05-18T05:39:49.848+0000] {processor.py:830} INFO - Processing file /home/ubuntu/airflow/airflow_env/lib/python3.12/site-packages/airflow/example_dags/plugins/listener_plugin.py for tasks to queue
[2024-05-18T05:39:49.851+0000] {logging_mixin.py:188} INFO - [2024-05-18T05:39:49.850+0000] {dagbag.py:545} INFO - Filling up the DagBag from /home/ubuntu/airflow/airflow_env/lib/python3.12/site-packages/airflow/example_dags/plugins/listener_plugin.py
[2024-05-18T05:39:49.859+0000] {processor.py:842} WARNING - No viable dags retrieved from /home/ubuntu/airflow/airflow_env/lib/python3.12/site-packages/airflow/example_dags/plugins/listener_plugin.py
[2024-05-18T05:39:49.918+0000] {processor.py:183} INFO - Processing /home/ubuntu/airflow/airflow_env/lib/python3.12/site-packages/airflow/example_dags/plugins/listener_plugin.py took 0.083 seconds
[2024-05-18T05:40:20.334+0000] {processor.py:161} INFO - Started process (PID=16165) to work on /home/ubuntu/airflow/airflow_env/lib/python3.12/site-packages/airflow/example_dags/plugins/listener_plugin.py
[2024-05-18T05:40:20.335+0000] {processor.py:830} INFO - Processing file /home/ubuntu/airflow/airflow_env/lib/python3.12/site-packages/airflow/example_dags/plugins/listener_plugin.py for tasks to queue
[2024-05-18T05:40:20.339+0000] {logging_mixin.py:188} INFO - [2024-05-18T05:40:20.338+0000] {dagbag.py:545} INFO - Filling up the DagBag from /home/ubuntu/airflow/airflow_env/lib/python3.12/site-packages/airflow/example_dags/plugins/listener_plugin.py
[2024-05-18T05:40:20.343+0000] {processor.py:842} WARNING - No viable dags retrieved from /home/ubuntu/airflow/airflow_env/lib/python3.12/site-packages/airflow/example_dags/plugins/listener_plugin.py
[2024-05-18T05:40:20.395+0000] {processor.py:183} INFO - Processing /home/ubuntu/airflow/airflow_env/lib/python3.12/site-packages/airflow/example_dags/plugins/listener_plugin.py took 0.070 seconds
[2024-05-18T05:40:50.512+0000] {processor.py:161} INFO - Started process (PID=16224) to work on /home/ubuntu/airflow/airflow_env/lib/python3.12/site-packages/airflow/example_dags/plugins/listener_plugin.py
[2024-05-18T05:40:50.514+0000] {processor.py:830} INFO - Processing file /home/ubuntu/airflow/airflow_env/lib/python3.12/site-packages/airflow/example_dags/plugins/listener_plugin.py for tasks to queue
[2024-05-18T05:40:50.519+0000] {logging_mixin.py:188} INFO - [2024-05-18T05:40:50.519+0000] {dagbag.py:545} INFO - Filling up the DagBag from /home/ubuntu/airflow/airflow_env/lib/python3.12/site-packages/airflow/example_dags/plugins/listener_plugin.py
[2024-05-18T05:40:50.528+0000] {processor.py:842} WARNING - No viable dags retrieved from /home/ubuntu/airflow/airflow_env/lib/python3.12/site-packages/airflow/example_dags/plugins/listener_plugin.py
[2024-05-18T05:40:50.605+0000] {processor.py:183} INFO - Processing /home/ubuntu/airflow/airflow_env/lib/python3.12/site-packages/airflow/example_dags/plugins/listener_plugin.py took 0.113 seconds
[2024-05-18T05:41:21.207+0000] {processor.py:161} INFO - Started process (PID=16275) to work on /home/ubuntu/airflow/airflow_env/lib/python3.12/site-packages/airflow/example_dags/plugins/listener_plugin.py
[2024-05-18T05:41:21.211+0000] {processor.py:830} INFO - Processing file /home/ubuntu/airflow/airflow_env/lib/python3.12/site-packages/airflow/example_dags/plugins/listener_plugin.py for tasks to queue
[2024-05-18T05:41:21.215+0000] {logging_mixin.py:188} INFO - [2024-05-18T05:41:21.214+0000] {dagbag.py:545} INFO - Filling up the DagBag from /home/ubuntu/airflow/airflow_env/lib/python3.12/site-packages/airflow/example_dags/plugins/listener_plugin.py
[2024-05-18T05:41:21.219+0000] {processor.py:842} WARNING - No viable dags retrieved from /home/ubuntu/airflow/airflow_env/lib/python3.12/site-packages/airflow/example_dags/plugins/listener_plugin.py
[2024-05-18T05:41:21.273+0000] {processor.py:183} INFO - Processing /home/ubuntu/airflow/airflow_env/lib/python3.12/site-packages/airflow/example_dags/plugins/listener_plugin.py took 0.074 seconds
[2024-05-18T05:41:51.790+0000] {processor.py:161} INFO - Started process (PID=16328) to work on /home/ubuntu/airflow/airflow_env/lib/python3.12/site-packages/airflow/example_dags/plugins/listener_plugin.py
[2024-05-18T05:41:51.791+0000] {processor.py:830} INFO - Processing file /home/ubuntu/airflow/airflow_env/lib/python3.12/site-packages/airflow/example_dags/plugins/listener_plugin.py for tasks to queue
[2024-05-18T05:41:51.793+0000] {logging_mixin.py:188} INFO - [2024-05-18T05:41:51.793+0000] {dagbag.py:545} INFO - Filling up the DagBag from /home/ubuntu/airflow/airflow_env/lib/python3.12/site-packages/airflow/example_dags/plugins/listener_plugin.py
[2024-05-18T05:41:51.796+0000] {processor.py:842} WARNING - No viable dags retrieved from /home/ubuntu/airflow/airflow_env/lib/python3.12/site-packages/airflow/example_dags/plugins/listener_plugin.py
[2024-05-18T05:41:51.843+0000] {processor.py:183} INFO - Processing /home/ubuntu/airflow/airflow_env/lib/python3.12/site-packages/airflow/example_dags/plugins/listener_plugin.py took 0.061 seconds
[2024-05-18T05:42:21.899+0000] {processor.py:161} INFO - Started process (PID=16379) to work on /home/ubuntu/airflow/airflow_env/lib/python3.12/site-packages/airflow/example_dags/plugins/listener_plugin.py
[2024-05-18T05:42:21.900+0000] {processor.py:830} INFO - Processing file /home/ubuntu/airflow/airflow_env/lib/python3.12/site-packages/airflow/example_dags/plugins/listener_plugin.py for tasks to queue
[2024-05-18T05:42:21.903+0000] {logging_mixin.py:188} INFO - [2024-05-18T05:42:21.903+0000] {dagbag.py:545} INFO - Filling up the DagBag from /home/ubuntu/airflow/airflow_env/lib/python3.12/site-packages/airflow/example_dags/plugins/listener_plugin.py
[2024-05-18T05:42:21.907+0000] {processor.py:842} WARNING - No viable dags retrieved from /home/ubuntu/airflow/airflow_env/lib/python3.12/site-packages/airflow/example_dags/plugins/listener_plugin.py
[2024-05-18T05:42:21.982+0000] {processor.py:183} INFO - Processing /home/ubuntu/airflow/airflow_env/lib/python3.12/site-packages/airflow/example_dags/plugins/listener_plugin.py took 0.093 seconds
[2024-05-18T05:42:52.972+0000] {processor.py:161} INFO - Started process (PID=16430) to work on /home/ubuntu/airflow/airflow_env/lib/python3.12/site-packages/airflow/example_dags/plugins/listener_plugin.py
[2024-05-18T05:42:52.974+0000] {processor.py:830} INFO - Processing file /home/ubuntu/airflow/airflow_env/lib/python3.12/site-packages/airflow/example_dags/plugins/listener_plugin.py for tasks to queue
[2024-05-18T05:42:52.976+0000] {logging_mixin.py:188} INFO - [2024-05-18T05:42:52.976+0000] {dagbag.py:545} INFO - Filling up the DagBag from /home/ubuntu/airflow/airflow_env/lib/python3.12/site-packages/airflow/example_dags/plugins/listener_plugin.py
[2024-05-18T05:42:52.980+0000] {processor.py:842} WARNING - No viable dags retrieved from /home/ubuntu/airflow/airflow_env/lib/python3.12/site-packages/airflow/example_dags/plugins/listener_plugin.py
[2024-05-18T05:42:53.037+0000] {processor.py:183} INFO - Processing /home/ubuntu/airflow/airflow_env/lib/python3.12/site-packages/airflow/example_dags/plugins/listener_plugin.py took 0.074 seconds
[2024-05-18T05:43:23.377+0000] {processor.py:161} INFO - Started process (PID=16515) to work on /home/ubuntu/airflow/airflow_env/lib/python3.12/site-packages/airflow/example_dags/plugins/listener_plugin.py
[2024-05-18T05:43:23.380+0000] {processor.py:830} INFO - Processing file /home/ubuntu/airflow/airflow_env/lib/python3.12/site-packages/airflow/example_dags/plugins/listener_plugin.py for tasks to queue
[2024-05-18T05:43:23.384+0000] {logging_mixin.py:188} INFO - [2024-05-18T05:43:23.383+0000] {dagbag.py:545} INFO - Filling up the DagBag from /home/ubuntu/airflow/airflow_env/lib/python3.12/site-packages/airflow/example_dags/plugins/listener_plugin.py
[2024-05-18T05:43:23.390+0000] {processor.py:842} WARNING - No viable dags retrieved from /home/ubuntu/airflow/airflow_env/lib/python3.12/site-packages/airflow/example_dags/plugins/listener_plugin.py
[2024-05-18T05:43:23.437+0000] {processor.py:183} INFO - Processing /home/ubuntu/airflow/airflow_env/lib/python3.12/site-packages/airflow/example_dags/plugins/listener_plugin.py took 0.088 seconds
[2024-05-18T05:43:54.091+0000] {processor.py:161} INFO - Started process (PID=16566) to work on /home/ubuntu/airflow/airflow_env/lib/python3.12/site-packages/airflow/example_dags/plugins/listener_plugin.py
[2024-05-18T05:43:54.092+0000] {processor.py:830} INFO - Processing file /home/ubuntu/airflow/airflow_env/lib/python3.12/site-packages/airflow/example_dags/plugins/listener_plugin.py for tasks to queue
[2024-05-18T05:43:54.094+0000] {logging_mixin.py:188} INFO - [2024-05-18T05:43:54.094+0000] {dagbag.py:545} INFO - Filling up the DagBag from /home/ubuntu/airflow/airflow_env/lib/python3.12/site-packages/airflow/example_dags/plugins/listener_plugin.py
[2024-05-18T05:43:54.098+0000] {processor.py:842} WARNING - No viable dags retrieved from /home/ubuntu/airflow/airflow_env/lib/python3.12/site-packages/airflow/example_dags/plugins/listener_plugin.py
[2024-05-18T05:43:54.159+0000] {processor.py:183} INFO - Processing /home/ubuntu/airflow/airflow_env/lib/python3.12/site-packages/airflow/example_dags/plugins/listener_plugin.py took 0.077 seconds
