[2024-05-18T04:43:54.058+0000] {processor.py:161} INFO - Started process (PID=12247) to work on /home/ubuntu/chch-fuel-recommendator/airflow/af_env/lib/python3.12/site-packages/airflow/example_dags/plugins/workday.py
[2024-05-18T04:43:54.059+0000] {processor.py:830} INFO - Processing file /home/ubuntu/chch-fuel-recommendator/airflow/af_env/lib/python3.12/site-packages/airflow/example_dags/plugins/workday.py for tasks to queue
[2024-05-18T04:43:54.061+0000] {logging_mixin.py:188} INFO - [2024-05-18T04:43:54.060+0000] {dagbag.py:545} INFO - Filling up the DagBag from /home/ubuntu/chch-fuel-recommendator/airflow/af_env/lib/python3.12/site-packages/airflow/example_dags/plugins/workday.py
[2024-05-18T04:43:54.064+0000] {logging_mixin.py:188} INFO - [2024-05-18T04:43:54.064+0000] {workday.py:41} WARNING - Could not import pandas. Holidays will not be considered.
[2024-05-18T04:43:54.065+0000] {processor.py:842} WARNING - No viable dags retrieved from /home/ubuntu/chch-fuel-recommendator/airflow/af_env/lib/python3.12/site-packages/airflow/example_dags/plugins/workday.py
[2024-05-18T04:43:54.076+0000] {processor.py:183} INFO - Processing /home/ubuntu/chch-fuel-recommendator/airflow/af_env/lib/python3.12/site-packages/airflow/example_dags/plugins/workday.py took 0.024 seconds
[2024-05-18T04:44:55.563+0000] {processor.py:161} INFO - Started process (PID=12298) to work on /home/ubuntu/chch-fuel-recommendator/airflow/af_env/lib/python3.12/site-packages/airflow/example_dags/plugins/workday.py
[2024-05-18T04:44:55.565+0000] {processor.py:830} INFO - Processing file /home/ubuntu/chch-fuel-recommendator/airflow/af_env/lib/python3.12/site-packages/airflow/example_dags/plugins/workday.py for tasks to queue
[2024-05-18T04:44:55.568+0000] {logging_mixin.py:188} INFO - [2024-05-18T04:44:55.567+0000] {dagbag.py:545} INFO - Filling up the DagBag from /home/ubuntu/chch-fuel-recommendator/airflow/af_env/lib/python3.12/site-packages/airflow/example_dags/plugins/workday.py
[2024-05-18T04:44:55.572+0000] {logging_mixin.py:188} INFO - [2024-05-18T04:44:55.572+0000] {workday.py:41} WARNING - Could not import pandas. Holidays will not be considered.
[2024-05-18T04:44:55.573+0000] {processor.py:842} WARNING - No viable dags retrieved from /home/ubuntu/chch-fuel-recommendator/airflow/af_env/lib/python3.12/site-packages/airflow/example_dags/plugins/workday.py
[2024-05-18T04:44:55.604+0000] {processor.py:183} INFO - Processing /home/ubuntu/chch-fuel-recommendator/airflow/af_env/lib/python3.12/site-packages/airflow/example_dags/plugins/workday.py took 0.051 seconds
[2024-05-18T04:45:53.391+0000] {processor.py:161} INFO - Started process (PID=12357) to work on /home/ubuntu/chch-fuel-recommendator/airflow/af_env/lib/python3.12/site-packages/airflow/example_dags/plugins/workday.py
[2024-05-18T04:45:53.393+0000] {processor.py:830} INFO - Processing file /home/ubuntu/chch-fuel-recommendator/airflow/af_env/lib/python3.12/site-packages/airflow/example_dags/plugins/workday.py for tasks to queue
[2024-05-18T04:45:53.397+0000] {logging_mixin.py:188} INFO - [2024-05-18T04:45:53.396+0000] {dagbag.py:545} INFO - Filling up the DagBag from /home/ubuntu/chch-fuel-recommendator/airflow/af_env/lib/python3.12/site-packages/airflow/example_dags/plugins/workday.py
[2024-05-18T04:45:53.402+0000] {logging_mixin.py:188} INFO - [2024-05-18T04:45:53.402+0000] {workday.py:41} WARNING - Could not import pandas. Holidays will not be considered.
[2024-05-18T04:45:53.403+0000] {processor.py:842} WARNING - No viable dags retrieved from /home/ubuntu/chch-fuel-recommendator/airflow/af_env/lib/python3.12/site-packages/airflow/example_dags/plugins/workday.py
[2024-05-18T04:45:53.432+0000] {processor.py:183} INFO - Processing /home/ubuntu/chch-fuel-recommendator/airflow/af_env/lib/python3.12/site-packages/airflow/example_dags/plugins/workday.py took 0.061 seconds
[2024-05-18T04:46:24.237+0000] {processor.py:161} INFO - Started process (PID=12387) to work on /home/ubuntu/chch-fuel-recommendator/airflow/af_env/lib/python3.12/site-packages/airflow/example_dags/plugins/workday.py
[2024-05-18T04:46:24.238+0000] {processor.py:830} INFO - Processing file /home/ubuntu/chch-fuel-recommendator/airflow/af_env/lib/python3.12/site-packages/airflow/example_dags/plugins/workday.py for tasks to queue
[2024-05-18T04:46:24.240+0000] {logging_mixin.py:188} INFO - [2024-05-18T04:46:24.240+0000] {dagbag.py:545} INFO - Filling up the DagBag from /home/ubuntu/chch-fuel-recommendator/airflow/af_env/lib/python3.12/site-packages/airflow/example_dags/plugins/workday.py
[2024-05-18T04:46:24.243+0000] {logging_mixin.py:188} INFO - [2024-05-18T04:46:24.243+0000] {workday.py:41} WARNING - Could not import pandas. Holidays will not be considered.
[2024-05-18T04:46:24.244+0000] {processor.py:842} WARNING - No viable dags retrieved from /home/ubuntu/chch-fuel-recommendator/airflow/af_env/lib/python3.12/site-packages/airflow/example_dags/plugins/workday.py
[2024-05-18T04:46:24.255+0000] {processor.py:183} INFO - Processing /home/ubuntu/chch-fuel-recommendator/airflow/af_env/lib/python3.12/site-packages/airflow/example_dags/plugins/workday.py took 0.025 seconds
[2024-05-18T04:47:09.276+0000] {processor.py:161} INFO - Started process (PID=12432) to work on /home/ubuntu/chch-fuel-recommendator/airflow/af_env/lib/python3.12/site-packages/airflow/example_dags/plugins/workday.py
[2024-05-18T04:47:09.278+0000] {processor.py:830} INFO - Processing file /home/ubuntu/chch-fuel-recommendator/airflow/af_env/lib/python3.12/site-packages/airflow/example_dags/plugins/workday.py for tasks to queue
[2024-05-18T04:47:09.280+0000] {logging_mixin.py:188} INFO - [2024-05-18T04:47:09.279+0000] {dagbag.py:545} INFO - Filling up the DagBag from /home/ubuntu/chch-fuel-recommendator/airflow/af_env/lib/python3.12/site-packages/airflow/example_dags/plugins/workday.py
[2024-05-18T04:47:09.283+0000] {logging_mixin.py:188} INFO - [2024-05-18T04:47:09.282+0000] {workday.py:41} WARNING - Could not import pandas. Holidays will not be considered.
[2024-05-18T04:47:09.283+0000] {processor.py:842} WARNING - No viable dags retrieved from /home/ubuntu/chch-fuel-recommendator/airflow/af_env/lib/python3.12/site-packages/airflow/example_dags/plugins/workday.py
[2024-05-18T04:47:09.297+0000] {processor.py:183} INFO - Processing /home/ubuntu/chch-fuel-recommendator/airflow/af_env/lib/python3.12/site-packages/airflow/example_dags/plugins/workday.py took 0.030 seconds
[2024-05-18T04:47:52.999+0000] {processor.py:161} INFO - Started process (PID=12475) to work on /home/ubuntu/chch-fuel-recommendator/airflow/af_env/lib/python3.12/site-packages/airflow/example_dags/plugins/workday.py
[2024-05-18T04:47:53.001+0000] {processor.py:830} INFO - Processing file /home/ubuntu/chch-fuel-recommendator/airflow/af_env/lib/python3.12/site-packages/airflow/example_dags/plugins/workday.py for tasks to queue
[2024-05-18T04:47:53.003+0000] {logging_mixin.py:188} INFO - [2024-05-18T04:47:53.003+0000] {dagbag.py:545} INFO - Filling up the DagBag from /home/ubuntu/chch-fuel-recommendator/airflow/af_env/lib/python3.12/site-packages/airflow/example_dags/plugins/workday.py
[2024-05-18T04:47:53.007+0000] {logging_mixin.py:188} INFO - [2024-05-18T04:47:53.007+0000] {workday.py:41} WARNING - Could not import pandas. Holidays will not be considered.
[2024-05-18T04:47:53.007+0000] {processor.py:842} WARNING - No viable dags retrieved from /home/ubuntu/chch-fuel-recommendator/airflow/af_env/lib/python3.12/site-packages/airflow/example_dags/plugins/workday.py
[2024-05-18T04:47:53.028+0000] {processor.py:183} INFO - Processing /home/ubuntu/chch-fuel-recommendator/airflow/af_env/lib/python3.12/site-packages/airflow/example_dags/plugins/workday.py took 0.040 seconds
[2024-05-18T04:48:37.193+0000] {processor.py:161} INFO - Started process (PID=12518) to work on /home/ubuntu/chch-fuel-recommendator/airflow/af_env/lib/python3.12/site-packages/airflow/example_dags/plugins/workday.py
[2024-05-18T04:48:37.196+0000] {processor.py:830} INFO - Processing file /home/ubuntu/chch-fuel-recommendator/airflow/af_env/lib/python3.12/site-packages/airflow/example_dags/plugins/workday.py for tasks to queue
[2024-05-18T04:48:37.199+0000] {logging_mixin.py:188} INFO - [2024-05-18T04:48:37.198+0000] {dagbag.py:545} INFO - Filling up the DagBag from /home/ubuntu/chch-fuel-recommendator/airflow/af_env/lib/python3.12/site-packages/airflow/example_dags/plugins/workday.py
[2024-05-18T04:48:37.208+0000] {logging_mixin.py:188} INFO - [2024-05-18T04:48:37.208+0000] {workday.py:41} WARNING - Could not import pandas. Holidays will not be considered.
[2024-05-18T04:48:37.208+0000] {processor.py:842} WARNING - No viable dags retrieved from /home/ubuntu/chch-fuel-recommendator/airflow/af_env/lib/python3.12/site-packages/airflow/example_dags/plugins/workday.py
[2024-05-18T04:48:37.223+0000] {processor.py:183} INFO - Processing /home/ubuntu/chch-fuel-recommendator/airflow/af_env/lib/python3.12/site-packages/airflow/example_dags/plugins/workday.py took 0.045 seconds
[2024-05-18T04:49:20.059+0000] {processor.py:161} INFO - Started process (PID=12561) to work on /home/ubuntu/chch-fuel-recommendator/airflow/af_env/lib/python3.12/site-packages/airflow/example_dags/plugins/workday.py
[2024-05-18T04:49:20.061+0000] {processor.py:830} INFO - Processing file /home/ubuntu/chch-fuel-recommendator/airflow/af_env/lib/python3.12/site-packages/airflow/example_dags/plugins/workday.py for tasks to queue
[2024-05-18T04:49:20.063+0000] {logging_mixin.py:188} INFO - [2024-05-18T04:49:20.062+0000] {dagbag.py:545} INFO - Filling up the DagBag from /home/ubuntu/chch-fuel-recommendator/airflow/af_env/lib/python3.12/site-packages/airflow/example_dags/plugins/workday.py
[2024-05-18T04:49:20.066+0000] {logging_mixin.py:188} INFO - [2024-05-18T04:49:20.066+0000] {workday.py:41} WARNING - Could not import pandas. Holidays will not be considered.
[2024-05-18T04:49:20.067+0000] {processor.py:842} WARNING - No viable dags retrieved from /home/ubuntu/chch-fuel-recommendator/airflow/af_env/lib/python3.12/site-packages/airflow/example_dags/plugins/workday.py
[2024-05-18T04:49:20.096+0000] {processor.py:183} INFO - Processing /home/ubuntu/chch-fuel-recommendator/airflow/af_env/lib/python3.12/site-packages/airflow/example_dags/plugins/workday.py took 0.045 seconds
[2024-05-18T04:50:03.827+0000] {processor.py:161} INFO - Started process (PID=12605) to work on /home/ubuntu/chch-fuel-recommendator/airflow/af_env/lib/python3.12/site-packages/airflow/example_dags/plugins/workday.py
[2024-05-18T04:50:03.828+0000] {processor.py:830} INFO - Processing file /home/ubuntu/chch-fuel-recommendator/airflow/af_env/lib/python3.12/site-packages/airflow/example_dags/plugins/workday.py for tasks to queue
[2024-05-18T04:50:03.832+0000] {logging_mixin.py:188} INFO - [2024-05-18T04:50:03.831+0000] {dagbag.py:545} INFO - Filling up the DagBag from /home/ubuntu/chch-fuel-recommendator/airflow/af_env/lib/python3.12/site-packages/airflow/example_dags/plugins/workday.py
[2024-05-18T04:50:03.838+0000] {logging_mixin.py:188} INFO - [2024-05-18T04:50:03.837+0000] {workday.py:41} WARNING - Could not import pandas. Holidays will not be considered.
[2024-05-18T04:50:03.838+0000] {processor.py:842} WARNING - No viable dags retrieved from /home/ubuntu/chch-fuel-recommendator/airflow/af_env/lib/python3.12/site-packages/airflow/example_dags/plugins/workday.py
[2024-05-18T04:50:03.885+0000] {processor.py:183} INFO - Processing /home/ubuntu/chch-fuel-recommendator/airflow/af_env/lib/python3.12/site-packages/airflow/example_dags/plugins/workday.py took 0.075 seconds
[2024-05-18T04:50:47.670+0000] {processor.py:161} INFO - Started process (PID=12652) to work on /home/ubuntu/chch-fuel-recommendator/airflow/af_env/lib/python3.12/site-packages/airflow/example_dags/plugins/workday.py
[2024-05-18T04:50:47.672+0000] {processor.py:830} INFO - Processing file /home/ubuntu/chch-fuel-recommendator/airflow/af_env/lib/python3.12/site-packages/airflow/example_dags/plugins/workday.py for tasks to queue
[2024-05-18T04:50:47.674+0000] {logging_mixin.py:188} INFO - [2024-05-18T04:50:47.673+0000] {dagbag.py:545} INFO - Filling up the DagBag from /home/ubuntu/chch-fuel-recommendator/airflow/af_env/lib/python3.12/site-packages/airflow/example_dags/plugins/workday.py
[2024-05-18T04:50:47.676+0000] {logging_mixin.py:188} INFO - [2024-05-18T04:50:47.676+0000] {workday.py:41} WARNING - Could not import pandas. Holidays will not be considered.
[2024-05-18T04:50:47.677+0000] {processor.py:842} WARNING - No viable dags retrieved from /home/ubuntu/chch-fuel-recommendator/airflow/af_env/lib/python3.12/site-packages/airflow/example_dags/plugins/workday.py
[2024-05-18T04:50:47.689+0000] {processor.py:183} INFO - Processing /home/ubuntu/chch-fuel-recommendator/airflow/af_env/lib/python3.12/site-packages/airflow/example_dags/plugins/workday.py took 0.025 seconds
[2024-05-18T04:51:32.796+0000] {processor.py:161} INFO - Started process (PID=12697) to work on /home/ubuntu/chch-fuel-recommendator/airflow/af_env/lib/python3.12/site-packages/airflow/example_dags/plugins/workday.py
[2024-05-18T04:51:32.797+0000] {processor.py:830} INFO - Processing file /home/ubuntu/chch-fuel-recommendator/airflow/af_env/lib/python3.12/site-packages/airflow/example_dags/plugins/workday.py for tasks to queue
[2024-05-18T04:51:32.799+0000] {logging_mixin.py:188} INFO - [2024-05-18T04:51:32.798+0000] {dagbag.py:545} INFO - Filling up the DagBag from /home/ubuntu/chch-fuel-recommendator/airflow/af_env/lib/python3.12/site-packages/airflow/example_dags/plugins/workday.py
[2024-05-18T04:51:32.801+0000] {logging_mixin.py:188} INFO - [2024-05-18T04:51:32.801+0000] {workday.py:41} WARNING - Could not import pandas. Holidays will not be considered.
[2024-05-18T04:51:32.802+0000] {processor.py:842} WARNING - No viable dags retrieved from /home/ubuntu/chch-fuel-recommendator/airflow/af_env/lib/python3.12/site-packages/airflow/example_dags/plugins/workday.py
[2024-05-18T04:51:32.814+0000] {processor.py:183} INFO - Processing /home/ubuntu/chch-fuel-recommendator/airflow/af_env/lib/python3.12/site-packages/airflow/example_dags/plugins/workday.py took 0.024 seconds
[2024-05-18T04:52:15.335+0000] {processor.py:161} INFO - Started process (PID=12740) to work on /home/ubuntu/chch-fuel-recommendator/airflow/af_env/lib/python3.12/site-packages/airflow/example_dags/plugins/workday.py
[2024-05-18T04:52:15.336+0000] {processor.py:830} INFO - Processing file /home/ubuntu/chch-fuel-recommendator/airflow/af_env/lib/python3.12/site-packages/airflow/example_dags/plugins/workday.py for tasks to queue
[2024-05-18T04:52:15.338+0000] {logging_mixin.py:188} INFO - [2024-05-18T04:52:15.338+0000] {dagbag.py:545} INFO - Filling up the DagBag from /home/ubuntu/chch-fuel-recommendator/airflow/af_env/lib/python3.12/site-packages/airflow/example_dags/plugins/workday.py
[2024-05-18T04:52:15.344+0000] {logging_mixin.py:188} INFO - [2024-05-18T04:52:15.344+0000] {workday.py:41} WARNING - Could not import pandas. Holidays will not be considered.
[2024-05-18T04:52:15.345+0000] {processor.py:842} WARNING - No viable dags retrieved from /home/ubuntu/chch-fuel-recommendator/airflow/af_env/lib/python3.12/site-packages/airflow/example_dags/plugins/workday.py
[2024-05-18T04:52:15.360+0000] {processor.py:183} INFO - Processing /home/ubuntu/chch-fuel-recommendator/airflow/af_env/lib/python3.12/site-packages/airflow/example_dags/plugins/workday.py took 0.038 seconds
[2024-05-18T04:53:03.218+0000] {processor.py:161} INFO - Started process (PID=12785) to work on /home/ubuntu/chch-fuel-recommendator/airflow/af_env/lib/python3.12/site-packages/airflow/example_dags/plugins/workday.py
[2024-05-18T04:53:03.219+0000] {processor.py:830} INFO - Processing file /home/ubuntu/chch-fuel-recommendator/airflow/af_env/lib/python3.12/site-packages/airflow/example_dags/plugins/workday.py for tasks to queue
[2024-05-18T04:53:03.222+0000] {logging_mixin.py:188} INFO - [2024-05-18T04:53:03.221+0000] {dagbag.py:545} INFO - Filling up the DagBag from /home/ubuntu/chch-fuel-recommendator/airflow/af_env/lib/python3.12/site-packages/airflow/example_dags/plugins/workday.py
[2024-05-18T04:53:03.225+0000] {logging_mixin.py:188} INFO - [2024-05-18T04:53:03.225+0000] {workday.py:41} WARNING - Could not import pandas. Holidays will not be considered.
[2024-05-18T04:53:03.226+0000] {processor.py:842} WARNING - No viable dags retrieved from /home/ubuntu/chch-fuel-recommendator/airflow/af_env/lib/python3.12/site-packages/airflow/example_dags/plugins/workday.py
[2024-05-18T04:53:03.241+0000] {processor.py:183} INFO - Processing /home/ubuntu/chch-fuel-recommendator/airflow/af_env/lib/python3.12/site-packages/airflow/example_dags/plugins/workday.py took 0.032 seconds
[2024-05-18T04:53:49.200+0000] {processor.py:161} INFO - Started process (PID=12831) to work on /home/ubuntu/chch-fuel-recommendator/airflow/af_env/lib/python3.12/site-packages/airflow/example_dags/plugins/workday.py
[2024-05-18T04:53:49.202+0000] {processor.py:830} INFO - Processing file /home/ubuntu/chch-fuel-recommendator/airflow/af_env/lib/python3.12/site-packages/airflow/example_dags/plugins/workday.py for tasks to queue
[2024-05-18T04:53:49.203+0000] {logging_mixin.py:188} INFO - [2024-05-18T04:53:49.203+0000] {dagbag.py:545} INFO - Filling up the DagBag from /home/ubuntu/chch-fuel-recommendator/airflow/af_env/lib/python3.12/site-packages/airflow/example_dags/plugins/workday.py
[2024-05-18T04:53:49.206+0000] {logging_mixin.py:188} INFO - [2024-05-18T04:53:49.206+0000] {workday.py:41} WARNING - Could not import pandas. Holidays will not be considered.
[2024-05-18T04:53:49.207+0000] {processor.py:842} WARNING - No viable dags retrieved from /home/ubuntu/chch-fuel-recommendator/airflow/af_env/lib/python3.12/site-packages/airflow/example_dags/plugins/workday.py
[2024-05-18T04:53:49.220+0000] {processor.py:183} INFO - Processing /home/ubuntu/chch-fuel-recommendator/airflow/af_env/lib/python3.12/site-packages/airflow/example_dags/plugins/workday.py took 0.026 seconds
[2024-05-18T05:32:11.932+0000] {processor.py:161} INFO - Started process (PID=15058) to work on /home/ubuntu/airflow/airflow_env/lib/python3.12/site-packages/airflow/example_dags/plugins/workday.py
[2024-05-18T05:32:11.935+0000] {processor.py:830} INFO - Processing file /home/ubuntu/airflow/airflow_env/lib/python3.12/site-packages/airflow/example_dags/plugins/workday.py for tasks to queue
[2024-05-18T05:32:11.937+0000] {logging_mixin.py:188} INFO - [2024-05-18T05:32:11.937+0000] {dagbag.py:545} INFO - Filling up the DagBag from /home/ubuntu/airflow/airflow_env/lib/python3.12/site-packages/airflow/example_dags/plugins/workday.py
[2024-05-18T05:32:11.940+0000] {logging_mixin.py:188} INFO - [2024-05-18T05:32:11.940+0000] {workday.py:41} WARNING - Could not import pandas. Holidays will not be considered.
[2024-05-18T05:32:11.941+0000] {processor.py:842} WARNING - No viable dags retrieved from /home/ubuntu/airflow/airflow_env/lib/python3.12/site-packages/airflow/example_dags/plugins/workday.py
[2024-05-18T05:32:12.028+0000] {processor.py:183} INFO - Processing /home/ubuntu/airflow/airflow_env/lib/python3.12/site-packages/airflow/example_dags/plugins/workday.py took 0.110 seconds
[2024-05-18T05:32:42.633+0000] {processor.py:161} INFO - Started process (PID=15110) to work on /home/ubuntu/airflow/airflow_env/lib/python3.12/site-packages/airflow/example_dags/plugins/workday.py
[2024-05-18T05:32:42.637+0000] {processor.py:830} INFO - Processing file /home/ubuntu/airflow/airflow_env/lib/python3.12/site-packages/airflow/example_dags/plugins/workday.py for tasks to queue
[2024-05-18T05:32:42.640+0000] {logging_mixin.py:188} INFO - [2024-05-18T05:32:42.639+0000] {dagbag.py:545} INFO - Filling up the DagBag from /home/ubuntu/airflow/airflow_env/lib/python3.12/site-packages/airflow/example_dags/plugins/workday.py
[2024-05-18T05:32:42.645+0000] {logging_mixin.py:188} INFO - [2024-05-18T05:32:42.645+0000] {workday.py:41} WARNING - Could not import pandas. Holidays will not be considered.
[2024-05-18T05:32:42.646+0000] {processor.py:842} WARNING - No viable dags retrieved from /home/ubuntu/airflow/airflow_env/lib/python3.12/site-packages/airflow/example_dags/plugins/workday.py
[2024-05-18T05:32:42.729+0000] {processor.py:183} INFO - Processing /home/ubuntu/airflow/airflow_env/lib/python3.12/site-packages/airflow/example_dags/plugins/workday.py took 0.115 seconds
[2024-05-18T05:33:13.309+0000] {processor.py:161} INFO - Started process (PID=15166) to work on /home/ubuntu/airflow/airflow_env/lib/python3.12/site-packages/airflow/example_dags/plugins/workday.py
[2024-05-18T05:33:13.311+0000] {processor.py:830} INFO - Processing file /home/ubuntu/airflow/airflow_env/lib/python3.12/site-packages/airflow/example_dags/plugins/workday.py for tasks to queue
[2024-05-18T05:33:13.313+0000] {logging_mixin.py:188} INFO - [2024-05-18T05:33:13.313+0000] {dagbag.py:545} INFO - Filling up the DagBag from /home/ubuntu/airflow/airflow_env/lib/python3.12/site-packages/airflow/example_dags/plugins/workday.py
[2024-05-18T05:33:13.317+0000] {logging_mixin.py:188} INFO - [2024-05-18T05:33:13.317+0000] {workday.py:41} WARNING - Could not import pandas. Holidays will not be considered.
[2024-05-18T05:33:13.318+0000] {processor.py:842} WARNING - No viable dags retrieved from /home/ubuntu/airflow/airflow_env/lib/python3.12/site-packages/airflow/example_dags/plugins/workday.py
[2024-05-18T05:33:13.369+0000] {processor.py:183} INFO - Processing /home/ubuntu/airflow/airflow_env/lib/python3.12/site-packages/airflow/example_dags/plugins/workday.py took 0.074 seconds
[2024-05-18T05:33:43.704+0000] {processor.py:161} INFO - Started process (PID=15217) to work on /home/ubuntu/airflow/airflow_env/lib/python3.12/site-packages/airflow/example_dags/plugins/workday.py
[2024-05-18T05:33:43.705+0000] {processor.py:830} INFO - Processing file /home/ubuntu/airflow/airflow_env/lib/python3.12/site-packages/airflow/example_dags/plugins/workday.py for tasks to queue
[2024-05-18T05:33:43.707+0000] {logging_mixin.py:188} INFO - [2024-05-18T05:33:43.706+0000] {dagbag.py:545} INFO - Filling up the DagBag from /home/ubuntu/airflow/airflow_env/lib/python3.12/site-packages/airflow/example_dags/plugins/workday.py
[2024-05-18T05:33:43.711+0000] {logging_mixin.py:188} INFO - [2024-05-18T05:33:43.711+0000] {workday.py:41} WARNING - Could not import pandas. Holidays will not be considered.
[2024-05-18T05:33:43.712+0000] {processor.py:842} WARNING - No viable dags retrieved from /home/ubuntu/airflow/airflow_env/lib/python3.12/site-packages/airflow/example_dags/plugins/workday.py
[2024-05-18T05:33:43.780+0000] {processor.py:183} INFO - Processing /home/ubuntu/airflow/airflow_env/lib/python3.12/site-packages/airflow/example_dags/plugins/workday.py took 0.090 seconds
[2024-05-18T05:34:13.931+0000] {processor.py:161} INFO - Started process (PID=15269) to work on /home/ubuntu/airflow/airflow_env/lib/python3.12/site-packages/airflow/example_dags/plugins/workday.py
[2024-05-18T05:34:13.936+0000] {processor.py:830} INFO - Processing file /home/ubuntu/airflow/airflow_env/lib/python3.12/site-packages/airflow/example_dags/plugins/workday.py for tasks to queue
[2024-05-18T05:34:13.939+0000] {logging_mixin.py:188} INFO - [2024-05-18T05:34:13.939+0000] {dagbag.py:545} INFO - Filling up the DagBag from /home/ubuntu/airflow/airflow_env/lib/python3.12/site-packages/airflow/example_dags/plugins/workday.py
[2024-05-18T05:34:13.949+0000] {logging_mixin.py:188} INFO - [2024-05-18T05:34:13.949+0000] {workday.py:41} WARNING - Could not import pandas. Holidays will not be considered.
[2024-05-18T05:34:13.950+0000] {processor.py:842} WARNING - No viable dags retrieved from /home/ubuntu/airflow/airflow_env/lib/python3.12/site-packages/airflow/example_dags/plugins/workday.py
[2024-05-18T05:34:14.019+0000] {processor.py:183} INFO - Processing /home/ubuntu/airflow/airflow_env/lib/python3.12/site-packages/airflow/example_dags/plugins/workday.py took 0.099 seconds
[2024-05-18T05:34:44.913+0000] {processor.py:161} INFO - Started process (PID=15320) to work on /home/ubuntu/airflow/airflow_env/lib/python3.12/site-packages/airflow/example_dags/plugins/workday.py
[2024-05-18T05:34:44.915+0000] {processor.py:830} INFO - Processing file /home/ubuntu/airflow/airflow_env/lib/python3.12/site-packages/airflow/example_dags/plugins/workday.py for tasks to queue
[2024-05-18T05:34:44.917+0000] {logging_mixin.py:188} INFO - [2024-05-18T05:34:44.916+0000] {dagbag.py:545} INFO - Filling up the DagBag from /home/ubuntu/airflow/airflow_env/lib/python3.12/site-packages/airflow/example_dags/plugins/workday.py
[2024-05-18T05:34:44.920+0000] {logging_mixin.py:188} INFO - [2024-05-18T05:34:44.919+0000] {workday.py:41} WARNING - Could not import pandas. Holidays will not be considered.
[2024-05-18T05:34:44.920+0000] {processor.py:842} WARNING - No viable dags retrieved from /home/ubuntu/airflow/airflow_env/lib/python3.12/site-packages/airflow/example_dags/plugins/workday.py
[2024-05-18T05:34:44.975+0000] {processor.py:183} INFO - Processing /home/ubuntu/airflow/airflow_env/lib/python3.12/site-packages/airflow/example_dags/plugins/workday.py took 0.083 seconds
[2024-05-18T05:35:15.342+0000] {processor.py:161} INFO - Started process (PID=15374) to work on /home/ubuntu/airflow/airflow_env/lib/python3.12/site-packages/airflow/example_dags/plugins/workday.py
[2024-05-18T05:35:15.343+0000] {processor.py:830} INFO - Processing file /home/ubuntu/airflow/airflow_env/lib/python3.12/site-packages/airflow/example_dags/plugins/workday.py for tasks to queue
[2024-05-18T05:35:15.349+0000] {logging_mixin.py:188} INFO - [2024-05-18T05:35:15.348+0000] {dagbag.py:545} INFO - Filling up the DagBag from /home/ubuntu/airflow/airflow_env/lib/python3.12/site-packages/airflow/example_dags/plugins/workday.py
[2024-05-18T05:35:15.352+0000] {logging_mixin.py:188} INFO - [2024-05-18T05:35:15.352+0000] {workday.py:41} WARNING - Could not import pandas. Holidays will not be considered.
[2024-05-18T05:35:15.353+0000] {processor.py:842} WARNING - No viable dags retrieved from /home/ubuntu/airflow/airflow_env/lib/python3.12/site-packages/airflow/example_dags/plugins/workday.py
[2024-05-18T05:35:15.401+0000] {processor.py:183} INFO - Processing /home/ubuntu/airflow/airflow_env/lib/python3.12/site-packages/airflow/example_dags/plugins/workday.py took 0.073 seconds
[2024-05-18T05:35:45.471+0000] {processor.py:161} INFO - Started process (PID=15425) to work on /home/ubuntu/airflow/airflow_env/lib/python3.12/site-packages/airflow/example_dags/plugins/workday.py
[2024-05-18T05:35:45.472+0000] {processor.py:830} INFO - Processing file /home/ubuntu/airflow/airflow_env/lib/python3.12/site-packages/airflow/example_dags/plugins/workday.py for tasks to queue
[2024-05-18T05:35:45.474+0000] {logging_mixin.py:188} INFO - [2024-05-18T05:35:45.474+0000] {dagbag.py:545} INFO - Filling up the DagBag from /home/ubuntu/airflow/airflow_env/lib/python3.12/site-packages/airflow/example_dags/plugins/workday.py
[2024-05-18T05:35:45.478+0000] {logging_mixin.py:188} INFO - [2024-05-18T05:35:45.477+0000] {workday.py:41} WARNING - Could not import pandas. Holidays will not be considered.
[2024-05-18T05:35:45.478+0000] {processor.py:842} WARNING - No viable dags retrieved from /home/ubuntu/airflow/airflow_env/lib/python3.12/site-packages/airflow/example_dags/plugins/workday.py
[2024-05-18T05:35:45.535+0000] {processor.py:183} INFO - Processing /home/ubuntu/airflow/airflow_env/lib/python3.12/site-packages/airflow/example_dags/plugins/workday.py took 0.074 seconds
[2024-05-18T05:36:15.755+0000] {processor.py:161} INFO - Started process (PID=15476) to work on /home/ubuntu/airflow/airflow_env/lib/python3.12/site-packages/airflow/example_dags/plugins/workday.py
[2024-05-18T05:36:15.760+0000] {processor.py:830} INFO - Processing file /home/ubuntu/airflow/airflow_env/lib/python3.12/site-packages/airflow/example_dags/plugins/workday.py for tasks to queue
[2024-05-18T05:36:15.766+0000] {logging_mixin.py:188} INFO - [2024-05-18T05:36:15.765+0000] {dagbag.py:545} INFO - Filling up the DagBag from /home/ubuntu/airflow/airflow_env/lib/python3.12/site-packages/airflow/example_dags/plugins/workday.py
[2024-05-18T05:36:15.769+0000] {logging_mixin.py:188} INFO - [2024-05-18T05:36:15.769+0000] {workday.py:41} WARNING - Could not import pandas. Holidays will not be considered.
[2024-05-18T05:36:15.770+0000] {processor.py:842} WARNING - No viable dags retrieved from /home/ubuntu/airflow/airflow_env/lib/python3.12/site-packages/airflow/example_dags/plugins/workday.py
[2024-05-18T05:36:15.825+0000] {processor.py:183} INFO - Processing /home/ubuntu/airflow/airflow_env/lib/python3.12/site-packages/airflow/example_dags/plugins/workday.py took 0.101 seconds
[2024-05-18T05:36:46.761+0000] {processor.py:161} INFO - Started process (PID=15527) to work on /home/ubuntu/airflow/airflow_env/lib/python3.12/site-packages/airflow/example_dags/plugins/workday.py
[2024-05-18T05:36:46.763+0000] {processor.py:830} INFO - Processing file /home/ubuntu/airflow/airflow_env/lib/python3.12/site-packages/airflow/example_dags/plugins/workday.py for tasks to queue
[2024-05-18T05:36:46.765+0000] {logging_mixin.py:188} INFO - [2024-05-18T05:36:46.765+0000] {dagbag.py:545} INFO - Filling up the DagBag from /home/ubuntu/airflow/airflow_env/lib/python3.12/site-packages/airflow/example_dags/plugins/workday.py
[2024-05-18T05:36:46.768+0000] {logging_mixin.py:188} INFO - [2024-05-18T05:36:46.768+0000] {workday.py:41} WARNING - Could not import pandas. Holidays will not be considered.
[2024-05-18T05:36:46.768+0000] {processor.py:842} WARNING - No viable dags retrieved from /home/ubuntu/airflow/airflow_env/lib/python3.12/site-packages/airflow/example_dags/plugins/workday.py
[2024-05-18T05:36:46.837+0000] {processor.py:183} INFO - Processing /home/ubuntu/airflow/airflow_env/lib/python3.12/site-packages/airflow/example_dags/plugins/workday.py took 0.085 seconds
[2024-05-18T05:37:17.637+0000] {processor.py:161} INFO - Started process (PID=15578) to work on /home/ubuntu/airflow/airflow_env/lib/python3.12/site-packages/airflow/example_dags/plugins/workday.py
[2024-05-18T05:37:17.639+0000] {processor.py:830} INFO - Processing file /home/ubuntu/airflow/airflow_env/lib/python3.12/site-packages/airflow/example_dags/plugins/workday.py for tasks to queue
[2024-05-18T05:37:17.642+0000] {logging_mixin.py:188} INFO - [2024-05-18T05:37:17.642+0000] {dagbag.py:545} INFO - Filling up the DagBag from /home/ubuntu/airflow/airflow_env/lib/python3.12/site-packages/airflow/example_dags/plugins/workday.py
[2024-05-18T05:37:17.645+0000] {logging_mixin.py:188} INFO - [2024-05-18T05:37:17.644+0000] {workday.py:41} WARNING - Could not import pandas. Holidays will not be considered.
[2024-05-18T05:37:17.645+0000] {processor.py:842} WARNING - No viable dags retrieved from /home/ubuntu/airflow/airflow_env/lib/python3.12/site-packages/airflow/example_dags/plugins/workday.py
[2024-05-18T05:37:17.701+0000] {processor.py:183} INFO - Processing /home/ubuntu/airflow/airflow_env/lib/python3.12/site-packages/airflow/example_dags/plugins/workday.py took 0.075 seconds
[2024-05-18T05:37:47.751+0000] {processor.py:161} INFO - Started process (PID=15630) to work on /home/ubuntu/airflow/airflow_env/lib/python3.12/site-packages/airflow/example_dags/plugins/workday.py
[2024-05-18T05:37:47.752+0000] {processor.py:830} INFO - Processing file /home/ubuntu/airflow/airflow_env/lib/python3.12/site-packages/airflow/example_dags/plugins/workday.py for tasks to queue
[2024-05-18T05:37:47.754+0000] {logging_mixin.py:188} INFO - [2024-05-18T05:37:47.754+0000] {dagbag.py:545} INFO - Filling up the DagBag from /home/ubuntu/airflow/airflow_env/lib/python3.12/site-packages/airflow/example_dags/plugins/workday.py
[2024-05-18T05:37:47.758+0000] {logging_mixin.py:188} INFO - [2024-05-18T05:37:47.757+0000] {workday.py:41} WARNING - Could not import pandas. Holidays will not be considered.
[2024-05-18T05:37:47.759+0000] {processor.py:842} WARNING - No viable dags retrieved from /home/ubuntu/airflow/airflow_env/lib/python3.12/site-packages/airflow/example_dags/plugins/workday.py
[2024-05-18T05:37:47.814+0000] {processor.py:183} INFO - Processing /home/ubuntu/airflow/airflow_env/lib/python3.12/site-packages/airflow/example_dags/plugins/workday.py took 0.078 seconds
[2024-05-18T05:38:18.143+0000] {processor.py:161} INFO - Started process (PID=15681) to work on /home/ubuntu/airflow/airflow_env/lib/python3.12/site-packages/airflow/example_dags/plugins/workday.py
[2024-05-18T05:38:18.144+0000] {processor.py:830} INFO - Processing file /home/ubuntu/airflow/airflow_env/lib/python3.12/site-packages/airflow/example_dags/plugins/workday.py for tasks to queue
[2024-05-18T05:38:18.147+0000] {logging_mixin.py:188} INFO - [2024-05-18T05:38:18.146+0000] {dagbag.py:545} INFO - Filling up the DagBag from /home/ubuntu/airflow/airflow_env/lib/python3.12/site-packages/airflow/example_dags/plugins/workday.py
[2024-05-18T05:38:18.150+0000] {logging_mixin.py:188} INFO - [2024-05-18T05:38:18.150+0000] {workday.py:41} WARNING - Could not import pandas. Holidays will not be considered.
[2024-05-18T05:38:18.151+0000] {processor.py:842} WARNING - No viable dags retrieved from /home/ubuntu/airflow/airflow_env/lib/python3.12/site-packages/airflow/example_dags/plugins/workday.py
[2024-05-18T05:38:18.206+0000] {processor.py:183} INFO - Processing /home/ubuntu/airflow/airflow_env/lib/python3.12/site-packages/airflow/example_dags/plugins/workday.py took 0.072 seconds
[2024-05-18T05:38:48.347+0000] {processor.py:161} INFO - Started process (PID=15732) to work on /home/ubuntu/airflow/airflow_env/lib/python3.12/site-packages/airflow/example_dags/plugins/workday.py
[2024-05-18T05:38:48.349+0000] {processor.py:830} INFO - Processing file /home/ubuntu/airflow/airflow_env/lib/python3.12/site-packages/airflow/example_dags/plugins/workday.py for tasks to queue
[2024-05-18T05:38:48.352+0000] {logging_mixin.py:188} INFO - [2024-05-18T05:38:48.351+0000] {dagbag.py:545} INFO - Filling up the DagBag from /home/ubuntu/airflow/airflow_env/lib/python3.12/site-packages/airflow/example_dags/plugins/workday.py
[2024-05-18T05:38:48.356+0000] {logging_mixin.py:188} INFO - [2024-05-18T05:38:48.355+0000] {workday.py:41} WARNING - Could not import pandas. Holidays will not be considered.
[2024-05-18T05:38:48.356+0000] {processor.py:842} WARNING - No viable dags retrieved from /home/ubuntu/airflow/airflow_env/lib/python3.12/site-packages/airflow/example_dags/plugins/workday.py
[2024-05-18T05:38:48.409+0000] {processor.py:183} INFO - Processing /home/ubuntu/airflow/airflow_env/lib/python3.12/site-packages/airflow/example_dags/plugins/workday.py took 0.073 seconds
[2024-05-18T05:39:18.609+0000] {processor.py:161} INFO - Started process (PID=15784) to work on /home/ubuntu/airflow/airflow_env/lib/python3.12/site-packages/airflow/example_dags/plugins/workday.py
[2024-05-18T05:39:18.610+0000] {processor.py:830} INFO - Processing file /home/ubuntu/airflow/airflow_env/lib/python3.12/site-packages/airflow/example_dags/plugins/workday.py for tasks to queue
[2024-05-18T05:39:18.612+0000] {logging_mixin.py:188} INFO - [2024-05-18T05:39:18.612+0000] {dagbag.py:545} INFO - Filling up the DagBag from /home/ubuntu/airflow/airflow_env/lib/python3.12/site-packages/airflow/example_dags/plugins/workday.py
[2024-05-18T05:39:18.616+0000] {logging_mixin.py:188} INFO - [2024-05-18T05:39:18.616+0000] {workday.py:41} WARNING - Could not import pandas. Holidays will not be considered.
[2024-05-18T05:39:18.616+0000] {processor.py:842} WARNING - No viable dags retrieved from /home/ubuntu/airflow/airflow_env/lib/python3.12/site-packages/airflow/example_dags/plugins/workday.py
[2024-05-18T05:39:18.674+0000] {processor.py:183} INFO - Processing /home/ubuntu/airflow/airflow_env/lib/python3.12/site-packages/airflow/example_dags/plugins/workday.py took 0.074 seconds
[2024-05-18T05:39:48.765+0000] {processor.py:161} INFO - Started process (PID=15835) to work on /home/ubuntu/airflow/airflow_env/lib/python3.12/site-packages/airflow/example_dags/plugins/workday.py
[2024-05-18T05:39:48.767+0000] {processor.py:830} INFO - Processing file /home/ubuntu/airflow/airflow_env/lib/python3.12/site-packages/airflow/example_dags/plugins/workday.py for tasks to queue
[2024-05-18T05:39:48.769+0000] {logging_mixin.py:188} INFO - [2024-05-18T05:39:48.768+0000] {dagbag.py:545} INFO - Filling up the DagBag from /home/ubuntu/airflow/airflow_env/lib/python3.12/site-packages/airflow/example_dags/plugins/workday.py
[2024-05-18T05:39:48.774+0000] {logging_mixin.py:188} INFO - [2024-05-18T05:39:48.772+0000] {workday.py:41} WARNING - Could not import pandas. Holidays will not be considered.
[2024-05-18T05:39:48.774+0000] {processor.py:842} WARNING - No viable dags retrieved from /home/ubuntu/airflow/airflow_env/lib/python3.12/site-packages/airflow/example_dags/plugins/workday.py
[2024-05-18T05:39:48.823+0000] {processor.py:183} INFO - Processing /home/ubuntu/airflow/airflow_env/lib/python3.12/site-packages/airflow/example_dags/plugins/workday.py took 0.065 seconds
[2024-05-18T05:40:19.301+0000] {processor.py:161} INFO - Started process (PID=16164) to work on /home/ubuntu/airflow/airflow_env/lib/python3.12/site-packages/airflow/example_dags/plugins/workday.py
[2024-05-18T05:40:19.304+0000] {processor.py:830} INFO - Processing file /home/ubuntu/airflow/airflow_env/lib/python3.12/site-packages/airflow/example_dags/plugins/workday.py for tasks to queue
[2024-05-18T05:40:19.306+0000] {logging_mixin.py:188} INFO - [2024-05-18T05:40:19.305+0000] {dagbag.py:545} INFO - Filling up the DagBag from /home/ubuntu/airflow/airflow_env/lib/python3.12/site-packages/airflow/example_dags/plugins/workday.py
[2024-05-18T05:40:19.308+0000] {logging_mixin.py:188} INFO - [2024-05-18T05:40:19.308+0000] {workday.py:41} WARNING - Could not import pandas. Holidays will not be considered.
[2024-05-18T05:40:19.309+0000] {processor.py:842} WARNING - No viable dags retrieved from /home/ubuntu/airflow/airflow_env/lib/python3.12/site-packages/airflow/example_dags/plugins/workday.py
[2024-05-18T05:40:19.353+0000] {processor.py:183} INFO - Processing /home/ubuntu/airflow/airflow_env/lib/python3.12/site-packages/airflow/example_dags/plugins/workday.py took 0.061 seconds
[2024-05-18T05:40:49.402+0000] {processor.py:161} INFO - Started process (PID=16223) to work on /home/ubuntu/airflow/airflow_env/lib/python3.12/site-packages/airflow/example_dags/plugins/workday.py
[2024-05-18T05:40:49.403+0000] {processor.py:830} INFO - Processing file /home/ubuntu/airflow/airflow_env/lib/python3.12/site-packages/airflow/example_dags/plugins/workday.py for tasks to queue
[2024-05-18T05:40:49.405+0000] {logging_mixin.py:188} INFO - [2024-05-18T05:40:49.405+0000] {dagbag.py:545} INFO - Filling up the DagBag from /home/ubuntu/airflow/airflow_env/lib/python3.12/site-packages/airflow/example_dags/plugins/workday.py
[2024-05-18T05:40:49.409+0000] {logging_mixin.py:188} INFO - [2024-05-18T05:40:49.409+0000] {workday.py:41} WARNING - Could not import pandas. Holidays will not be considered.
[2024-05-18T05:40:49.410+0000] {processor.py:842} WARNING - No viable dags retrieved from /home/ubuntu/airflow/airflow_env/lib/python3.12/site-packages/airflow/example_dags/plugins/workday.py
[2024-05-18T05:40:49.478+0000] {processor.py:183} INFO - Processing /home/ubuntu/airflow/airflow_env/lib/python3.12/site-packages/airflow/example_dags/plugins/workday.py took 0.087 seconds
[2024-05-18T05:41:20.132+0000] {processor.py:161} INFO - Started process (PID=16274) to work on /home/ubuntu/airflow/airflow_env/lib/python3.12/site-packages/airflow/example_dags/plugins/workday.py
[2024-05-18T05:41:20.134+0000] {processor.py:830} INFO - Processing file /home/ubuntu/airflow/airflow_env/lib/python3.12/site-packages/airflow/example_dags/plugins/workday.py for tasks to queue
[2024-05-18T05:41:20.136+0000] {logging_mixin.py:188} INFO - [2024-05-18T05:41:20.136+0000] {dagbag.py:545} INFO - Filling up the DagBag from /home/ubuntu/airflow/airflow_env/lib/python3.12/site-packages/airflow/example_dags/plugins/workday.py
[2024-05-18T05:41:20.139+0000] {logging_mixin.py:188} INFO - [2024-05-18T05:41:20.139+0000] {workday.py:41} WARNING - Could not import pandas. Holidays will not be considered.
[2024-05-18T05:41:20.139+0000] {processor.py:842} WARNING - No viable dags retrieved from /home/ubuntu/airflow/airflow_env/lib/python3.12/site-packages/airflow/example_dags/plugins/workday.py
[2024-05-18T05:41:20.184+0000] {processor.py:183} INFO - Processing /home/ubuntu/airflow/airflow_env/lib/python3.12/site-packages/airflow/example_dags/plugins/workday.py took 0.064 seconds
[2024-05-18T05:41:50.689+0000] {processor.py:161} INFO - Started process (PID=16327) to work on /home/ubuntu/airflow/airflow_env/lib/python3.12/site-packages/airflow/example_dags/plugins/workday.py
[2024-05-18T05:41:50.690+0000] {processor.py:830} INFO - Processing file /home/ubuntu/airflow/airflow_env/lib/python3.12/site-packages/airflow/example_dags/plugins/workday.py for tasks to queue
[2024-05-18T05:41:50.692+0000] {logging_mixin.py:188} INFO - [2024-05-18T05:41:50.691+0000] {dagbag.py:545} INFO - Filling up the DagBag from /home/ubuntu/airflow/airflow_env/lib/python3.12/site-packages/airflow/example_dags/plugins/workday.py
[2024-05-18T05:41:50.699+0000] {logging_mixin.py:188} INFO - [2024-05-18T05:41:50.699+0000] {workday.py:41} WARNING - Could not import pandas. Holidays will not be considered.
[2024-05-18T05:41:50.700+0000] {processor.py:842} WARNING - No viable dags retrieved from /home/ubuntu/airflow/airflow_env/lib/python3.12/site-packages/airflow/example_dags/plugins/workday.py
[2024-05-18T05:41:50.771+0000] {processor.py:183} INFO - Processing /home/ubuntu/airflow/airflow_env/lib/python3.12/site-packages/airflow/example_dags/plugins/workday.py took 0.097 seconds
[2024-05-18T05:42:20.884+0000] {processor.py:161} INFO - Started process (PID=16378) to work on /home/ubuntu/airflow/airflow_env/lib/python3.12/site-packages/airflow/example_dags/plugins/workday.py
[2024-05-18T05:42:20.886+0000] {processor.py:830} INFO - Processing file /home/ubuntu/airflow/airflow_env/lib/python3.12/site-packages/airflow/example_dags/plugins/workday.py for tasks to queue
[2024-05-18T05:42:20.889+0000] {logging_mixin.py:188} INFO - [2024-05-18T05:42:20.888+0000] {dagbag.py:545} INFO - Filling up the DagBag from /home/ubuntu/airflow/airflow_env/lib/python3.12/site-packages/airflow/example_dags/plugins/workday.py
[2024-05-18T05:42:20.893+0000] {logging_mixin.py:188} INFO - [2024-05-18T05:42:20.893+0000] {workday.py:41} WARNING - Could not import pandas. Holidays will not be considered.
[2024-05-18T05:42:20.894+0000] {processor.py:842} WARNING - No viable dags retrieved from /home/ubuntu/airflow/airflow_env/lib/python3.12/site-packages/airflow/example_dags/plugins/workday.py
[2024-05-18T05:42:20.947+0000] {processor.py:183} INFO - Processing /home/ubuntu/airflow/airflow_env/lib/python3.12/site-packages/airflow/example_dags/plugins/workday.py took 0.072 seconds
[2024-05-18T05:42:51.898+0000] {processor.py:161} INFO - Started process (PID=16429) to work on /home/ubuntu/airflow/airflow_env/lib/python3.12/site-packages/airflow/example_dags/plugins/workday.py
[2024-05-18T05:42:51.900+0000] {processor.py:830} INFO - Processing file /home/ubuntu/airflow/airflow_env/lib/python3.12/site-packages/airflow/example_dags/plugins/workday.py for tasks to queue
[2024-05-18T05:42:51.902+0000] {logging_mixin.py:188} INFO - [2024-05-18T05:42:51.901+0000] {dagbag.py:545} INFO - Filling up the DagBag from /home/ubuntu/airflow/airflow_env/lib/python3.12/site-packages/airflow/example_dags/plugins/workday.py
[2024-05-18T05:42:51.904+0000] {logging_mixin.py:188} INFO - [2024-05-18T05:42:51.904+0000] {workday.py:41} WARNING - Could not import pandas. Holidays will not be considered.
[2024-05-18T05:42:51.905+0000] {processor.py:842} WARNING - No viable dags retrieved from /home/ubuntu/airflow/airflow_env/lib/python3.12/site-packages/airflow/example_dags/plugins/workday.py
[2024-05-18T05:42:51.961+0000] {processor.py:183} INFO - Processing /home/ubuntu/airflow/airflow_env/lib/python3.12/site-packages/airflow/example_dags/plugins/workday.py took 0.069 seconds
[2024-05-18T05:43:22.259+0000] {processor.py:161} INFO - Started process (PID=16514) to work on /home/ubuntu/airflow/airflow_env/lib/python3.12/site-packages/airflow/example_dags/plugins/workday.py
[2024-05-18T05:43:22.261+0000] {processor.py:830} INFO - Processing file /home/ubuntu/airflow/airflow_env/lib/python3.12/site-packages/airflow/example_dags/plugins/workday.py for tasks to queue
[2024-05-18T05:43:22.264+0000] {logging_mixin.py:188} INFO - [2024-05-18T05:43:22.264+0000] {dagbag.py:545} INFO - Filling up the DagBag from /home/ubuntu/airflow/airflow_env/lib/python3.12/site-packages/airflow/example_dags/plugins/workday.py
[2024-05-18T05:43:22.266+0000] {logging_mixin.py:188} INFO - [2024-05-18T05:43:22.266+0000] {workday.py:41} WARNING - Could not import pandas. Holidays will not be considered.
[2024-05-18T05:43:22.267+0000] {processor.py:842} WARNING - No viable dags retrieved from /home/ubuntu/airflow/airflow_env/lib/python3.12/site-packages/airflow/example_dags/plugins/workday.py
[2024-05-18T05:43:22.320+0000] {processor.py:183} INFO - Processing /home/ubuntu/airflow/airflow_env/lib/python3.12/site-packages/airflow/example_dags/plugins/workday.py took 0.073 seconds
[2024-05-18T05:43:53.085+0000] {processor.py:161} INFO - Started process (PID=16565) to work on /home/ubuntu/airflow/airflow_env/lib/python3.12/site-packages/airflow/example_dags/plugins/workday.py
[2024-05-18T05:43:53.089+0000] {processor.py:830} INFO - Processing file /home/ubuntu/airflow/airflow_env/lib/python3.12/site-packages/airflow/example_dags/plugins/workday.py for tasks to queue
[2024-05-18T05:43:53.091+0000] {logging_mixin.py:188} INFO - [2024-05-18T05:43:53.091+0000] {dagbag.py:545} INFO - Filling up the DagBag from /home/ubuntu/airflow/airflow_env/lib/python3.12/site-packages/airflow/example_dags/plugins/workday.py
[2024-05-18T05:43:53.094+0000] {logging_mixin.py:188} INFO - [2024-05-18T05:43:53.094+0000] {workday.py:41} WARNING - Could not import pandas. Holidays will not be considered.
[2024-05-18T05:43:53.094+0000] {processor.py:842} WARNING - No viable dags retrieved from /home/ubuntu/airflow/airflow_env/lib/python3.12/site-packages/airflow/example_dags/plugins/workday.py
[2024-05-18T05:43:53.128+0000] {processor.py:183} INFO - Processing /home/ubuntu/airflow/airflow_env/lib/python3.12/site-packages/airflow/example_dags/plugins/workday.py took 0.055 seconds
